IQ-TREE multicore version 2.1.3 COVID-edition for Linux 64-bit built Apr 21 2021
Developed by Bui Quang Minh, James Barbetti, Nguyen Lam Tung,
Olga Chernomor, Heiko Schmidt, Dominik Schrempf, Michael Woodhams.

Host:    gombessa.rcs.alaska.edu (AVX2, FMA3, 503 GB RAM)
Command: /export/scratch/tsvanorden/Char_Phylogenetics/src/iqtree-2.1.3-Linux/bin/iqtree2 -s 86159at7898.fltrd_aligned.fas -m MFP -bb 1000 -T 1
Seed:    255581 (Using SPRNG - Scalable Parallel Random Number Generator)
Time:    Tue Dec  2 14:50:13 2025
Kernel:  AVX+FMA - 1 threads (1 CPU cores detected)

Reading alignment file 86159at7898.fltrd_aligned.fas ... Fasta format detected
Alignment most likely contains DNA/RNA sequences
Alignment has 20 sequences with 882 columns, 23 distinct patterns
6 parsimony-informative, 18 singleton sites, 858 constant sites
                                Gap/Ambiguity  Composition  p-value
   1  251140_Ward_Creek                 1.02%    passed     99.98%
   2  260512_Pybus_Point                1.02%    passed     99.98%
   3  261935_Kenai_River                1.02%    passed     99.98%
   4  353213_Cropley_Lake               1.02%    passed     99.98%
   5  353219_Peterson_Creek             1.02%    passed     99.98%
   6  353220_Fish_Creek                 1.02%    passed     99.98%
   7  353246_Cottonwood_Creek           1.02%    passed     99.98%
   8  353379_Skagit_River               1.02%    passed     99.90%
   9  353381_Dungeness_River            1.02%    passed     99.98%
  10  353401_Peace_River                1.02%    passed     99.90%
  11  353407_Noatok                     1.02%    passed    100.00%
  12  353410_Horizon_Lake               1.02%    passed    100.00%
  13  92319_Little_Lost                 1.02%    passed     99.90%
  14  94280_St_Joe                      1.02%    passed     99.90%
  15  GCA016432855_Lake_Trout           1.02%    passed     99.96%
  16  GCA036784925_Maine_S_alpinus      1.02%    passed    100.00%
  17  GCA045679555_Iceland_A_alpinus    1.02%    passed    100.00%
  18  GCF013265735_Rainbow_Trout        0.00%    passed     98.97%
  19  GCF029448725_Brook_Trout          1.02%    passed     99.91%
  20  Methow_River_99895                1.02%    passed     99.90%
****  TOTAL                             0.97%  0 sequences failed composition chi2 test (p-value<5%; df=3)
NOTE: 260512_Pybus_Point is identical to 251140_Ward_Creek but kept for subsequent analysis
NOTE: 353401_Peace_River is identical to 353379_Skagit_River but kept for subsequent analysis
NOTE: 353410_Horizon_Lake is identical to 353407_Noatok but kept for subsequent analysis
NOTE: 11 identical sequences (see below) will be ignored for subsequent analysis
NOTE: 261935_Kenai_River (identical to 251140_Ward_Creek) is ignored but added at the end
NOTE: 353213_Cropley_Lake (identical to 251140_Ward_Creek) is ignored but added at the end
NOTE: 353219_Peterson_Creek (identical to 251140_Ward_Creek) is ignored but added at the end
NOTE: 353220_Fish_Creek (identical to 251140_Ward_Creek) is ignored but added at the end
NOTE: 353246_Cottonwood_Creek (identical to 251140_Ward_Creek) is ignored but added at the end
NOTE: 353381_Dungeness_River (identical to 251140_Ward_Creek) is ignored but added at the end
NOTE: 92319_Little_Lost (identical to 353379_Skagit_River) is ignored but added at the end
NOTE: 94280_St_Joe (identical to 353379_Skagit_River) is ignored but added at the end
NOTE: Methow_River_99895 (identical to 353379_Skagit_River) is ignored but added at the end
NOTE: GCA036784925_Maine_S_alpinus (identical to 353407_Noatok) is ignored but added at the end
NOTE: GCA045679555_Iceland_A_alpinus (identical to 353407_Noatok) is ignored but added at the end
Alignment was printed to 86159at7898.fltrd_aligned.fas.uniqueseq.phy

For your convenience alignment with unique sequences printed to 86159at7898.fltrd_aligned.fas.uniqueseq.phy


Create initial parsimony tree by phylogenetic likelihood library (PLL)... 0.000 seconds
Perform fast likelihood tree search using GTR+I+G model...
Estimate model parameters (epsilon = 5.000)
Perform nearest neighbor interchange...
Estimate model parameters (epsilon = 1.000)
1. Initial log-likelihood: -1369.688
Optimal log-likelihood: -1369.688
Rate parameters:  A-C: 1.46406  A-G: 4.84093  A-T: 3.41394  C-G: 1.18626  C-T: 8.30174  G-T: 1.00000
Base frequencies:  A: 0.221  C: 0.302  G: 0.276  T: 0.201
Proportion of invariable sites: 0.486
Gamma shape alpha: 998.447
Parameters optimization took 1 rounds (0.001 sec)
Time for fast ML tree search: 0.003 seconds

NOTE: ModelFinder requires 0 MB RAM!
ModelFinder will test up to 286 DNA models (sample size: 882) ...
 No. Model         -LnL         df  AIC          AICc         BIC
  1  GTR+F         1369.522     23  2785.043     2786.330     2895.034
  2  GTR+F+I       1369.521     24  2787.042     2788.443     2901.815
  3  GTR+F+G4      1369.521     24  2787.043     2788.443     2901.815
  4  GTR+F+I+G4    1369.687     25  2789.374     2790.892     2908.929
  5  GTR+F+R2      1369.601     25  2789.203     2790.721     2908.757
  6  GTR+F+R3      1369.625     27  2793.251     2795.021     2922.370
 14  SYM           1380.716     20  2801.432     2802.407     2897.076
 15  SYM+I         1380.715     21  2803.430     2804.505     2903.856
 16  SYM+G4        1380.715     21  2803.431     2804.505     2903.857
 27  TVM+F         1370.044     22  2784.089     2785.267     2889.297
 28  TVM+F+I       1370.044     23  2786.088     2787.374     2896.078
 29  TVM+F+G4      1370.044     23  2786.088     2787.375     2896.078
 40  TVMe          1381.201     19  2800.403     2801.285     2891.265
 41  TVMe+I        1381.201     20  2802.402     2803.377     2898.045
 42  TVMe+G4       1381.201     20  2802.402     2803.378     2898.046
 53  TIM3+F        1370.323     21  2782.645     2783.720     2883.071
 54  TIM3+F+I      1370.322     22  2784.644     2785.823     2889.853
 55  TIM3+F+G4     1370.322     22  2784.644     2785.822     2889.852
 66  TIM3e         1381.377     18  2798.754     2799.547     2884.834
 67  TIM3e+I       1381.375     19  2800.750     2801.632     2891.612
 68  TIM3e+G4      1381.375     19  2800.751     2801.632     2891.612
 79  TIM2+F        1369.954     21  2781.909     2782.983     2882.335
 80  TIM2+F+I      1369.954     22  2783.908     2785.086     2889.116
 81  TIM2+F+G4     1369.954     22  2783.908     2785.086     2889.116
 92  TIM2e         1381.042     18  2798.083     2798.876     2884.163
 93  TIM2e+I       1381.041     19  2800.083     2800.964     2890.944
 94  TIM2e+G4      1381.042     19  2800.083     2800.965     2890.945
105  TIM+F         1370.271     21  2782.542     2783.617     2882.968
106  TIM+F+I       1370.270     22  2784.540     2785.718     2889.748
107  TIM+F+G4      1370.270     22  2784.541     2785.719     2889.749
118  TIMe          1381.157     18  2798.315     2799.107     2884.394
119  TIMe+I        1381.157     19  2800.314     2801.196     2891.176
120  TIMe+G4       1381.157     19  2800.315     2801.196     2891.176
131  TPM3u+F       1370.843     20  2781.685     2782.661     2877.329
132  TPM3u+F+I     1370.843     21  2783.685     2784.760     2884.111
133  TPM3u+F+G4    1370.843     21  2783.686     2784.760     2884.112
144  TPM3+F        1370.843     20  2781.685     2782.661     2877.329
145  TPM3+F+I      1370.843     21  2783.685     2784.759     2884.111
146  TPM3+F+G4     1370.843     21  2783.685     2784.760     2884.111
157  TPM2u+F       1370.479     20  2780.958     2781.934     2876.602
158  TPM2u+F+I     1370.479     21  2782.958     2784.032     2883.384
159  TPM2u+F+G4    1370.479     21  2782.958     2784.032     2883.384
170  TPM2+F        1370.479     20  2780.958     2781.934     2876.602
171  TPM2+F+I      1370.479     21  2782.957     2784.032     2883.383
172  TPM2+F+G4     1370.479     21  2782.958     2784.032     2883.384
183  K3Pu+F        1370.795     20  2781.590     2782.565     2877.234
184  K3Pu+F+I      1370.794     21  2783.588     2784.662     2884.014
185  K3Pu+F+G4     1370.794     21  2783.589     2784.663     2884.015
196  K3P           1381.649     17  2797.297     2798.006     2878.595
197  K3P+I         1381.648     18  2799.295     2800.088     2885.375
198  K3P+G4        1381.648     18  2799.296     2800.089     2885.376
209  TN+F          1370.484     20  2780.968     2781.944     2876.612
210  TN+F+I        1370.480     21  2782.961     2784.035     2883.387
211  TN+F+G4       1370.480     21  2782.961     2784.035     2883.387
222  TNe           1381.415     17  2796.830     2797.539     2878.127
223  TNe+I         1381.415     18  2798.830     2799.622     2884.909
224  TNe+G4        1381.415     18  2798.830     2799.623     2884.910
235  HKY+F         1371.004     19  2780.009     2780.890     2870.870
236  HKY+F+I       1371.004     20  2782.009     2782.984     2877.653
237  HKY+F+G4      1371.005     20  2782.009     2782.985     2877.653
248  K2P           1381.903     16  2795.806     2796.435     2872.321
249  K2P+I         1381.903     17  2797.805     2798.514     2879.103
250  K2P+G4        1381.903     17  2797.806     2798.514     2879.103
261  F81+F         1376.766     18  2789.532     2790.325     2875.612
262  F81+F+I       1376.766     19  2791.532     2792.414     2882.394
263  F81+F+G4      1376.766     19  2791.532     2792.414     2882.394
274  JC            1387.444     15  2804.888     2805.442     2876.621
275  JC+I          1387.444     16  2806.888     2807.517     2883.403
276  JC+G4         1387.444     16  2806.888     2807.517     2883.403
Akaike Information Criterion:           HKY+F
Corrected Akaike Information Criterion: HKY+F
Bayesian Information Criterion:         HKY+F
Best-fit model: HKY+F chosen according to BIC

All model information printed to 86159at7898.fltrd_aligned.fas.model.gz
CPU time for ModelFinder: 0.058 seconds (0h:0m:0s)
Wall-clock time for ModelFinder: 0.063 seconds (0h:0m:0s)
Generating 1000 samples for ultrafast bootstrap (seed: 255581)...

NOTE: 0 MB RAM (0 GB) is required!
Estimate model parameters (epsilon = 0.100)
1. Initial log-likelihood: -1371.004
Optimal log-likelihood: -1371.004
Rate parameters:  A-C: 1.00000  A-G: 4.13043  A-T: 1.00000  C-G: 1.00000  C-T: 4.13043  G-T: 1.00000
Base frequencies:  A: 0.221  C: 0.302  G: 0.276  T: 0.201
Parameters optimization took 1 rounds (0.000 sec)
Computing ML distances based on estimated model parameters...
Computing ML distances took 0.000203 sec (of wall-clock time) 0.000178 sec(of CPU time)
Computing RapidNJ tree took 0.000025 sec (of wall-clock time) 0.000022 sec (of CPU time)
Log-likelihood of RapidNJ tree: -1371.011
--------------------------------------------------------------------
|             INITIALIZING CANDIDATE TREE SET                      |
--------------------------------------------------------------------
Generating 98 parsimony trees... 0.019 second
Computing log-likelihood of 86 initial trees ... 0.007 seconds
Current best score: -1371.004

Do NNI search on 20 best initial trees
Estimate model parameters (epsilon = 0.100)
BETTER TREE FOUND at iteration 1: -1371.004
BETTER TREE FOUND at iteration 2: -1371.004
Iteration 10 / LogL: -1371.004 / Time: 0h:0m:0s
Iteration 20 / LogL: -1371.004 / Time: 0h:0m:0s
Finish initializing candidate tree set (5)
Current best tree score: -1371.004 / CPU time: 0.062
Number of iterations: 20
--------------------------------------------------------------------
|               OPTIMIZING CANDIDATE TREE SET                      |
--------------------------------------------------------------------
Iteration 30 / LogL: -1371.008 / Time: 0h:0m:0s (0h:0m:0s left)
UPDATE BEST LOG-LIKELIHOOD: -1371.004
Iteration 40 / LogL: -1371.008 / Time: 0h:0m:0s (0h:0m:0s left)
Iteration 50 / LogL: -1371.008 / Time: 0h:0m:0s (0h:0m:0s left)
Log-likelihood cutoff on original alignment: -1426.208
Iteration 60 / LogL: -1371.005 / Time: 0h:0m:0s (0h:0m:0s left)
Iteration 70 / LogL: -1371.006 / Time: 0h:0m:0s (0h:0m:0s left)
Iteration 80 / LogL: -1371.007 / Time: 0h:0m:0s (0h:0m:0s left)
Iteration 90 / LogL: -1371.004 / Time: 0h:0m:0s (0h:0m:0s left)
Iteration 100 / LogL: -1371.004 / Time: 0h:0m:0s (0h:0m:0s left)
Log-likelihood cutoff on original alignment: -1426.208
NOTE: Bootstrap correlation coefficient of split occurrence frequencies: 0.948
NOTE: UFBoot does not converge, continue at least 100 more iterations
Iteration 110 / LogL: -1371.009 / Time: 0h:0m:0s (0h:0m:0s left)
Iteration 120 / LogL: -1371.004 / Time: 0h:0m:0s (0h:0m:0s left)
Iteration 130 / LogL: -1371.004 / Time: 0h:0m:0s (0h:0m:0s left)
Iteration 140 / LogL: -1376.459 / Time: 0h:0m:0s (0h:0m:0s left)
Iteration 150 / LogL: -1371.006 / Time: 0h:0m:0s (0h:0m:0s left)
Log-likelihood cutoff on original alignment: -1422.154
Iteration 160 / LogL: -1371.009 / Time: 0h:0m:0s (0h:0m:0s left)
Iteration 170 / LogL: -1371.006 / Time: 0h:0m:0s (0h:0m:0s left)
Iteration 180 / LogL: -1371.006 / Time: 0h:0m:0s (0h:0m:0s left)
Iteration 190 / LogL: -1371.006 / Time: 0h:0m:0s (0h:0m:0s left)
Iteration 200 / LogL: -1371.005 / Time: 0h:0m:0s (0h:0m:0s left)
Log-likelihood cutoff on original alignment: -1422.608
NOTE: Bootstrap correlation coefficient of split occurrence frequencies: 0.951
NOTE: UFBoot does not converge, continue at least 100 more iterations
Iteration 210 / LogL: -1371.004 / Time: 0h:0m:0s (0h:0m:0s left)
Iteration 220 / LogL: -1371.006 / Time: 0h:0m:1s (0h:0m:0s left)
Iteration 230 / LogL: -1371.004 / Time: 0h:0m:1s (0h:0m:0s left)
Iteration 240 / LogL: -1371.009 / Time: 0h:0m:1s (0h:0m:0s left)
Iteration 250 / LogL: -1371.005 / Time: 0h:0m:1s (0h:0m:0s left)
Log-likelihood cutoff on original alignment: -1422.608
Iteration 260 / LogL: -1371.006 / Time: 0h:0m:1s (0h:0m:0s left)
Iteration 270 / LogL: -1371.004 / Time: 0h:0m:1s (0h:0m:0s left)
Iteration 280 / LogL: -1371.004 / Time: 0h:0m:1s (0h:0m:0s left)
Iteration 290 / LogL: -1371.004 / Time: 0h:0m:1s (0h:0m:0s left)
Iteration 300 / LogL: -1371.010 / Time: 0h:0m:1s (0h:0m:0s left)
Log-likelihood cutoff on original alignment: -1422.608
NOTE: Bootstrap correlation coefficient of split occurrence frequencies: 0.974
NOTE: UFBoot does not converge, continue at least 100 more iterations
Iteration 310 / LogL: -1371.004 / Time: 0h:0m:1s (0h:0m:0s left)
Iteration 320 / LogL: -1371.005 / Time: 0h:0m:1s (0h:0m:0s left)
Iteration 330 / LogL: -1371.005 / Time: 0h:0m:1s (0h:0m:0s left)
Iteration 340 / LogL: -1371.005 / Time: 0h:0m:1s (0h:0m:0s left)
Iteration 350 / LogL: -1371.006 / Time: 0h:0m:1s (0h:0m:0s left)
Log-likelihood cutoff on original alignment: -1422.156
Iteration 360 / LogL: -1371.007 / Time: 0h:0m:1s (0h:0m:0s left)
Iteration 370 / LogL: -1371.005 / Time: 0h:0m:1s (0h:0m:0s left)
Iteration 380 / LogL: -1371.008 / Time: 0h:0m:1s (0h:0m:0s left)
Iteration 390 / LogL: -1371.009 / Time: 0h:0m:1s (0h:0m:0s left)
Iteration 400 / LogL: -1371.004 / Time: 0h:0m:1s (0h:0m:0s left)
Log-likelihood cutoff on original alignment: -1422.156
NOTE: Bootstrap correlation coefficient of split occurrence frequencies: 0.973
NOTE: UFBoot does not converge, continue at least 100 more iterations
Iteration 410 / LogL: -1371.004 / Time: 0h:0m:1s (0h:0m:0s left)
Iteration 420 / LogL: -1371.005 / Time: 0h:0m:1s (0h:0m:0s left)
Iteration 430 / LogL: -1371.007 / Time: 0h:0m:2s (0h:0m:0s left)
Iteration 440 / LogL: -1371.005 / Time: 0h:0m:2s (0h:0m:0s left)
Iteration 450 / LogL: -1371.004 / Time: 0h:0m:2s (0h:0m:0s left)
Log-likelihood cutoff on original alignment: -1422.156
Iteration 460 / LogL: -1371.004 / Time: 0h:0m:2s (0h:0m:0s left)
Iteration 470 / LogL: -1375.282 / Time: 0h:0m:2s (0h:0m:0s left)
Iteration 480 / LogL: -1371.006 / Time: 0h:0m:2s (0h:0m:0s left)
Iteration 490 / LogL: -1371.004 / Time: 0h:0m:2s (0h:0m:0s left)
Iteration 500 / LogL: -1371.005 / Time: 0h:0m:2s (0h:0m:0s left)
Log-likelihood cutoff on original alignment: -1422.427
NOTE: Bootstrap correlation coefficient of split occurrence frequencies: 0.971
NOTE: UFBoot does not converge, continue at least 100 more iterations
Iteration 510 / LogL: -1371.009 / Time: 0h:0m:2s (0h:0m:0s left)
Iteration 520 / LogL: -1371.009 / Time: 0h:0m:2s (0h:0m:0s left)
Iteration 530 / LogL: -1371.004 / Time: 0h:0m:2s (0h:0m:0s left)
Iteration 540 / LogL: -1371.005 / Time: 0h:0m:2s (0h:0m:0s left)
Iteration 550 / LogL: -1371.004 / Time: 0h:0m:2s (0h:0m:0s left)
Log-likelihood cutoff on original alignment: -1422.427
Iteration 560 / LogL: -1371.004 / Time: 0h:0m:2s (0h:0m:0s left)
Iteration 570 / LogL: -1371.006 / Time: 0h:0m:2s (0h:0m:0s left)
Iteration 580 / LogL: -1371.010 / Time: 0h:0m:2s (0h:0m:0s left)
Iteration 590 / LogL: -1371.005 / Time: 0h:0m:2s (0h:0m:0s left)
Iteration 600 / LogL: -1371.006 / Time: 0h:0m:2s (0h:0m:0s left)
Log-likelihood cutoff on original alignment: -1422.427
NOTE: Bootstrap correlation coefficient of split occurrence frequencies: 0.981
NOTE: UFBoot does not converge, continue at least 100 more iterations
Iteration 610 / LogL: -1371.005 / Time: 0h:0m:2s (0h:0m:0s left)
Iteration 620 / LogL: -1371.007 / Time: 0h:0m:2s (0h:0m:0s left)
Iteration 630 / LogL: -1378.944 / Time: 0h:0m:3s (0h:0m:0s left)
Iteration 640 / LogL: -1371.008 / Time: 0h:0m:3s (0h:0m:0s left)
Iteration 650 / LogL: -1371.004 / Time: 0h:0m:3s (0h:0m:0s left)
Log-likelihood cutoff on original alignment: -1418.379
Iteration 660 / LogL: -1371.005 / Time: 0h:0m:3s (0h:0m:0s left)
Iteration 670 / LogL: -1371.004 / Time: 0h:0m:3s (0h:0m:0s left)
Iteration 680 / LogL: -1371.004 / Time: 0h:0m:3s (0h:0m:0s left)
Iteration 690 / LogL: -1401.945 / Time: 0h:0m:3s (0h:0m:0s left)
Iteration 700 / LogL: -1371.004 / Time: 0h:0m:3s (0h:0m:0s left)
Log-likelihood cutoff on original alignment: -1418.379
NOTE: Bootstrap correlation coefficient of split occurrence frequencies: 0.987
NOTE: UFBoot does not converge, continue at least 100 more iterations
Iteration 710 / LogL: -1371.004 / Time: 0h:0m:3s (0h:0m:0s left)
Iteration 720 / LogL: -1371.004 / Time: 0h:0m:3s (0h:0m:0s left)
Iteration 730 / LogL: -1371.009 / Time: 0h:0m:3s (0h:0m:0s left)
Iteration 740 / LogL: -1371.009 / Time: 0h:0m:3s (0h:0m:0s left)
Iteration 750 / LogL: -1371.007 / Time: 0h:0m:3s (0h:0m:0s left)
Log-likelihood cutoff on original alignment: -1418.379
Iteration 760 / LogL: -1371.004 / Time: 0h:0m:3s (0h:0m:0s left)
Iteration 770 / LogL: -1371.010 / Time: 0h:0m:3s (0h:0m:0s left)
Iteration 780 / LogL: -1371.004 / Time: 0h:0m:3s (0h:0m:0s left)
Iteration 790 / LogL: -1371.007 / Time: 0h:0m:3s (0h:0m:0s left)
Iteration 800 / LogL: -1371.009 / Time: 0h:0m:3s (0h:0m:0s left)
Log-likelihood cutoff on original alignment: -1418.379
NOTE: Bootstrap correlation coefficient of split occurrence frequencies: 0.978
NOTE: UFBoot does not converge, continue at least 100 more iterations
Iteration 810 / LogL: -1371.004 / Time: 0h:0m:3s (0h:0m:0s left)
Iteration 820 / LogL: -1371.009 / Time: 0h:0m:3s (0h:0m:0s left)
Iteration 830 / LogL: -1371.006 / Time: 0h:0m:4s (0h:0m:0s left)
Iteration 840 / LogL: -1371.011 / Time: 0h:0m:4s (0h:0m:0s left)
Iteration 850 / LogL: -1371.009 / Time: 0h:0m:4s (0h:0m:0s left)
Log-likelihood cutoff on original alignment: -1418.379
Iteration 860 / LogL: -1376.460 / Time: 0h:0m:4s (0h:0m:0s left)
Iteration 870 / LogL: -1371.006 / Time: 0h:0m:4s (0h:0m:0s left)
Iteration 880 / LogL: -1371.012 / Time: 0h:0m:4s (0h:0m:0s left)
Iteration 890 / LogL: -1371.004 / Time: 0h:0m:4s (0h:0m:0s left)
Iteration 900 / LogL: -1371.008 / Time: 0h:0m:4s (0h:0m:0s left)
Log-likelihood cutoff on original alignment: -1415.897
NOTE: Bootstrap correlation coefficient of split occurrence frequencies: 0.972
NOTE: UFBoot does not converge, continue at least 100 more iterations
Iteration 910 / LogL: -1375.281 / Time: 0h:0m:4s (0h:0m:0s left)
Iteration 920 / LogL: -1371.004 / Time: 0h:0m:4s (0h:0m:0s left)
Iteration 930 / LogL: -1371.007 / Time: 0h:0m:4s (0h:0m:0s left)
Iteration 940 / LogL: -1371.008 / Time: 0h:0m:4s (0h:0m:0s left)
Iteration 950 / LogL: -1371.009 / Time: 0h:0m:4s (0h:0m:0s left)
Log-likelihood cutoff on original alignment: -1415.897
Iteration 960 / LogL: -1371.004 / Time: 0h:0m:4s (0h:0m:0s left)
Iteration 970 / LogL: -1371.004 / Time: 0h:0m:4s (0h:0m:0s left)
Iteration 980 / LogL: -1371.007 / Time: 0h:0m:4s (0h:0m:0s left)
Iteration 990 / LogL: -1371.009 / Time: 0h:0m:4s (0h:0m:0s left)
Iteration 1000 / LogL: -1371.009 / Time: 0h:0m:5s (0h:0m:0s left)
Log-likelihood cutoff on original alignment: -1415.897
NOTE: Bootstrap correlation coefficient of split occurrence frequencies: 0.992
TREE SEARCH COMPLETED AFTER 1000 ITERATIONS / Time: 0h:0m:5s

--------------------------------------------------------------------
|                    FINALIZING TREE SEARCH                        |
--------------------------------------------------------------------
Performs final model parameters optimization
Estimate model parameters (epsilon = 0.010)
1. Initial log-likelihood: -1371.004
Optimal log-likelihood: -1371.004
Rate parameters:  A-C: 1.00000  A-G: 4.13459  A-T: 1.00000  C-G: 1.00000  C-T: 4.13459  G-T: 1.00000
Base frequencies:  A: 0.221  C: 0.302  G: 0.276  T: 0.201
Parameters optimization took 1 rounds (0.000 sec)
BEST SCORE FOUND : -1371.004
Creating bootstrap support values...
Split supports printed to NEXUS file 86159at7898.fltrd_aligned.fas.splits.nex
Total tree length: 0.028

Total number of iterations: 1000
CPU time used for tree search: 4.921 sec (0h:0m:4s)
Wall-clock time used for tree search: 5.019 sec (0h:0m:5s)
Total CPU time used: 4.947 sec (0h:0m:4s)
Total wall-clock time used: 5.054 sec (0h:0m:5s)

Computing bootstrap consensus tree...
Reading input file 86159at7898.fltrd_aligned.fas.splits.nex...
9 taxa and 86 splits.
Consensus tree written to 86159at7898.fltrd_aligned.fas.contree
Reading input trees file 86159at7898.fltrd_aligned.fas.contree
Log-likelihood of consensus tree: -1371.014

Analysis results written to: 
  IQ-TREE report:                86159at7898.fltrd_aligned.fas.iqtree
  Maximum-likelihood tree:       86159at7898.fltrd_aligned.fas.treefile
  Likelihood distances:          86159at7898.fltrd_aligned.fas.mldist

Ultrafast bootstrap approximation results written to:
  Split support values:          86159at7898.fltrd_aligned.fas.splits.nex
  Consensus tree:                86159at7898.fltrd_aligned.fas.contree
  Screen log file:               86159at7898.fltrd_aligned.fas.log

Date and Time: Tue Dec  2 14:50:18 2025
