IQ-TREE multicore version 2.1.3 COVID-edition for Linux 64-bit built Apr 21 2021
Developed by Bui Quang Minh, James Barbetti, Nguyen Lam Tung,
Olga Chernomor, Heiko Schmidt, Dominik Schrempf, Michael Woodhams.

Host:    gombessa.rcs.alaska.edu (AVX2, FMA3, 503 GB RAM)
Command: /export/scratch/tsvanorden/Char_Phylogenetics/src/iqtree-2.1.3-Linux/bin/iqtree2 -s 12210at7898.fltrd_aligned.fas -m MFP -bb 1000 -T 1
Seed:    57267 (Using SPRNG - Scalable Parallel Random Number Generator)
Time:    Tue Dec  2 14:50:18 2025
Kernel:  AVX+FMA - 1 threads (1 CPU cores detected)

Reading alignment file 12210at7898.fltrd_aligned.fas ... Fasta format detected
Alignment most likely contains DNA/RNA sequences
Alignment has 20 sequences with 4365 columns, 208 distinct patterns
89 parsimony-informative, 102 singleton sites, 4174 constant sites
                                Gap/Ambiguity  Composition  p-value
   1  251140_Ward_Creek                14.30%    passed     98.86%
   2  260512_Pybus_Point               14.30%    passed     98.42%
   3  261935_Kenai_River               16.01%    passed     96.81%
   4  353213_Cropley_Lake              11.75%    passed     99.37%
   5  353219_Peterson_Creek            14.30%    passed     98.40%
   6  353220_Fish_Creek                14.30%    passed     98.86%
   7  353246_Cottonwood_Creek          16.08%    passed     97.68%
   8  353379_Skagit_River              11.96%    passed     99.45%
   9  353381_Dungeness_River           28.00%    passed     79.32%
  10  353401_Peace_River               11.07%    passed     99.42%
  11  353407_Noatok                    18.08%    passed     94.94%
  12  353410_Horizon_Lake              11.75%    passed     99.62%
  13  92319_Little_Lost                11.07%    passed     99.25%
  14  94280_St_Joe                      9.07%    passed     96.88%
  15  GCA016432855_Lake_Trout          10.31%    passed     93.45%
  16  GCA036784925_Maine_S_alpinus     11.75%    passed     99.08%
  17  GCA045679555_Iceland_A_alpinus   11.75%    passed     99.62%
  18  GCF013265735_Rainbow_Trout       10.58%    passed     86.28%
  19  GCF029448725_Brook_Trout         12.58%    passed     58.86%
  20  Methow_River_99895                9.07%    passed     96.88%
****  TOTAL                            13.40%  0 sequences failed composition chi2 test (p-value<5%; df=3)
NOTE: 353220_Fish_Creek is identical to 251140_Ward_Creek but kept for subsequent analysis
NOTE: GCA045679555_Iceland_A_alpinus is identical to 353410_Horizon_Lake but kept for subsequent analysis
NOTE: Methow_River_99895 is identical to 94280_St_Joe but kept for subsequent analysis


Create initial parsimony tree by phylogenetic likelihood library (PLL)... 0.000 seconds
Perform fast likelihood tree search using GTR+I+G model...
Estimate model parameters (epsilon = 5.000)
Perform nearest neighbor interchange...
Estimate model parameters (epsilon = 1.000)
1. Initial log-likelihood: -7557.216
Optimal log-likelihood: -7557.211
Rate parameters:  A-C: 1.15483  A-G: 2.32736  A-T: 0.90930  C-G: 0.61349  C-T: 2.86049  G-T: 1.00000
Base frequencies:  A: 0.222  C: 0.285  G: 0.282  T: 0.211
Proportion of invariable sites: 0.478
Gamma shape alpha: 0.146
Parameters optimization took 1 rounds (0.004 sec)
Time for fast ML tree search: 0.027 seconds

NOTE: ModelFinder requires 2 MB RAM!
ModelFinder will test up to 286 DNA models (sample size: 4365) ...
 No. Model         -LnL         df  AIC          AICc         BIC
  1  GTR+F         7591.808     45  15273.616    15274.574    15560.777
  2  GTR+F+I       7557.289     46  15206.579    15207.580    15500.122
  3  GTR+F+G4      7561.609     46  15215.218    15216.220    15508.761
  4  GTR+F+I+G4    7557.203     47  15208.405    15209.450    15508.330
  5  GTR+F+R2      7562.194     47  15218.388    15219.433    15518.312
  6  GTR+F+R3      7557.505     49  15213.011    15214.146    15525.698
 15  SYM+I         7586.446     43  15258.893    15259.768    15533.292
 16  SYM+G4        7590.432     43  15266.865    15267.740    15541.264
 17  SYM+I+G4      7586.351     44  15260.702    15261.618    15541.482
 28  TVM+F+I       7557.846     45  15205.693    15206.652    15492.855
 29  TVM+F+G4      7562.130     45  15214.260    15215.218    15501.422
 30  TVM+F+I+G4    7557.759     46  15207.519    15208.520    15501.062
 41  TVMe+I        7586.860     42  15257.720    15258.556    15525.737
 42  TVMe+G4       7590.821     42  15265.642    15266.477    15533.659
 43  TVMe+I+G4     7586.762     43  15259.524    15260.399    15533.923
 54  TIM3+F+I      7559.791     44  15207.583    15208.499    15488.363
 55  TIM3+F+G4     7564.202     44  15216.405    15217.322    15497.185
 56  TIM3+F+I+G4   7559.690     45  15209.381    15210.339    15496.543
 67  TIM3e+I       7588.157     41  15258.315    15259.111    15519.951
 68  TIM3e+G4      7592.257     41  15266.514    15267.310    15528.150
 69  TIM3e+I+G4    7588.050     42  15260.099    15260.935    15528.117
 80  TIM2+F+I      7558.977     44  15205.954    15206.871    15486.734
 81  TIM2+F+G4     7563.361     44  15214.723    15215.639    15495.503
 82  TIM2+F+I+G4   7558.886     45  15207.772    15208.730    15494.933
 93  TIM2e+I       7587.877     41  15257.753    15258.550    15519.389
 94  TIM2e+G4      7591.947     41  15265.895    15266.692    15527.531
 95  TIM2e+I+G4    7587.774     42  15259.548    15260.384    15527.566
106  TIM+F+I       7558.056     44  15204.111    15205.028    15484.892
107  TIM+F+G4      7562.357     44  15212.714    15213.631    15493.494
108  TIM+F+I+G4    7557.970     45  15205.941    15206.899    15493.102
119  TIMe+I        7586.683     41  15255.365    15256.162    15517.001
120  TIMe+G4       7590.686     41  15263.373    15264.169    15525.009
121  TIMe+I+G4     7586.583     42  15257.166    15258.002    15525.184
132  TPM3u+F+I     7560.347     43  15206.693    15207.569    15481.092
133  TPM3u+F+G4    7564.724     43  15215.448    15216.323    15489.847
134  TPM3u+F+I+G4  7560.243     44  15208.487    15209.404    15489.267
145  TPM3+F+I      7560.346     43  15206.691    15207.567    15481.090
146  TPM3+F+G4     7564.724     43  15215.448    15216.323    15489.847
147  TPM3+F+I+G4   7560.243     44  15208.486    15209.402    15489.266
158  TPM2u+F+I     7559.535     43  15205.070    15205.946    15479.469
159  TPM2u+F+G4    7563.881     43  15213.762    15214.638    15488.161
160  TPM2u+F+I+G4  7559.442     44  15206.883    15207.800    15487.664
171  TPM2+F+I      7559.534     43  15205.067    15205.943    15479.466
172  TPM2+F+G4     7563.881     43  15213.761    15214.637    15488.160
173  TPM2+F+I+G4   7559.441     44  15206.882    15207.798    15487.662
184  K3Pu+F+I      7558.608     43  15203.216    15204.092    15477.615
185  K3Pu+F+G4     7562.876     43  15211.752    15212.628    15486.152
186  K3Pu+F+I+G4   7558.521     44  15205.041    15205.958    15485.822
197  K3P+I         7587.083     40  15254.166    15254.924    15509.421
198  K3P+G4        7591.065     40  15262.130    15262.888    15517.384
199  K3P+I+G4      7586.981     41  15255.962    15256.758    15517.598
210  TN+F+I        7559.998     43  15205.997    15206.873    15480.396
211  TN+F+G4       7564.369     43  15214.739    15215.614    15489.138
212  TN+F+I+G4     7559.900     44  15207.801    15208.717    15488.581
223  TNe+I         7588.178     40  15256.356    15257.115    15511.611
224  TNe+G4        7592.281     40  15264.563    15265.321    15519.818
225  TNe+I+G4      7588.070     41  15258.139    15258.936    15519.776
236  HKY+F+I       7560.548     42  15205.097    15205.932    15473.114
237  HKY+F+G4      7564.890     42  15213.779    15214.615    15481.797
238  HKY+F+I+G4    7560.448     43  15206.897    15207.772    15481.296
249  K2P+I         7588.580     39  15255.161    15255.882    15504.034
250  K2P+G4        7592.663     39  15263.327    15264.048    15512.200
251  K2P+I+G4      7588.469     40  15256.938    15257.697    15512.193
262  F81+F+I       7588.319     41  15258.639    15259.436    15520.275
263  F81+F+G4      7592.544     41  15267.087    15267.884    15528.724
264  F81+F+I+G4    7588.212     42  15260.425    15261.260    15528.442
275  JC+I          7615.048     38  15306.097    15306.782    15548.589
276  JC+G4         7619.121     38  15314.241    15314.926    15556.733
277  JC+I+G4       7614.935     39  15307.870    15308.592    15556.744
Akaike Information Criterion:           K3Pu+F+I
Corrected Akaike Information Criterion: K3Pu+F+I
Bayesian Information Criterion:         HKY+F+I
Best-fit model: HKY+F+I chosen according to BIC

All model information printed to 12210at7898.fltrd_aligned.fas.model.gz
CPU time for ModelFinder: 1.133 seconds (0h:0m:1s)
Wall-clock time for ModelFinder: 1.152 seconds (0h:0m:1s)
Generating 1000 samples for ultrafast bootstrap (seed: 57267)...

NOTE: 0 MB RAM (0 GB) is required!
Estimate model parameters (epsilon = 0.100)
1. Initial log-likelihood: -7560.548
Optimal log-likelihood: -7560.548
Rate parameters:  A-C: 1.00000  A-G: 2.88008  A-T: 1.00000  C-G: 1.00000  C-T: 2.88008  G-T: 1.00000
Base frequencies:  A: 0.222  C: 0.285  G: 0.282  T: 0.211
Proportion of invariable sites: 0.854
Parameters optimization took 1 rounds (0.001 sec)
Computing ML distances based on estimated model parameters...
Computing ML distances took 0.001313 sec (of wall-clock time) 0.001290 sec(of CPU time)
Computing RapidNJ tree took 0.000070 sec (of wall-clock time) 0.000069 sec (of CPU time)
Log-likelihood of RapidNJ tree: -7614.259
--------------------------------------------------------------------
|             INITIALIZING CANDIDATE TREE SET                      |
--------------------------------------------------------------------
Generating 98 parsimony trees... 0.093 second
Computing log-likelihood of 98 initial trees ... 0.072 seconds
Current best score: -7560.548

Do NNI search on 20 best initial trees
Estimate model parameters (epsilon = 0.100)
BETTER TREE FOUND at iteration 1: -7560.548
UPDATE BEST LOG-LIKELIHOOD: -7560.545
UPDATE BEST LOG-LIKELIHOOD: -7560.545
Iteration 10 / LogL: -7560.545 / Time: 0h:0m:0s
UPDATE BEST LOG-LIKELIHOOD: -7560.545
Iteration 20 / LogL: -7560.545 / Time: 0h:0m:0s
Finish initializing candidate tree set (3)
Current best tree score: -7560.545 / CPU time: 0.304
Number of iterations: 20
--------------------------------------------------------------------
|               OPTIMIZING CANDIDATE TREE SET                      |
--------------------------------------------------------------------
Iteration 30 / LogL: -7588.780 / Time: 0h:0m:0s (0h:0m:1s left)
Iteration 40 / LogL: -7560.556 / Time: 0h:0m:0s (0h:0m:0s left)
Iteration 50 / LogL: -7560.564 / Time: 0h:0m:0s (0h:0m:0s left)
Log-likelihood cutoff on original alignment: -7587.237
Iteration 60 / LogL: -7560.563 / Time: 0h:0m:0s (0h:0m:0s left)
Iteration 70 / LogL: -7560.565 / Time: 0h:0m:0s (0h:0m:0s left)
Iteration 80 / LogL: -7560.561 / Time: 0h:0m:0s (0h:0m:0s left)
Iteration 90 / LogL: -7572.769 / Time: 0h:0m:1s (0h:0m:0s left)
Iteration 100 / LogL: -7560.566 / Time: 0h:0m:1s (0h:0m:0s left)
Log-likelihood cutoff on original alignment: -7588.825
NOTE: Bootstrap correlation coefficient of split occurrence frequencies: 0.999
TREE SEARCH COMPLETED AFTER 102 ITERATIONS / Time: 0h:0m:1s

--------------------------------------------------------------------
|                    FINALIZING TREE SEARCH                        |
--------------------------------------------------------------------
Performs final model parameters optimization
Estimate model parameters (epsilon = 0.010)
1. Initial log-likelihood: -7560.545
Optimal log-likelihood: -7560.545
Rate parameters:  A-C: 1.00000  A-G: 2.88008  A-T: 1.00000  C-G: 1.00000  C-T: 2.88008  G-T: 1.00000
Base frequencies:  A: 0.222  C: 0.285  G: 0.282  T: 0.211
Proportion of invariable sites: 0.854
Parameters optimization took 1 rounds (0.001 sec)
BEST SCORE FOUND : -7560.545
Creating bootstrap support values...
Split supports printed to NEXUS file 12210at7898.fltrd_aligned.fas.splits.nex
Total tree length: 0.064

Total number of iterations: 102
CPU time used for tree search: 1.085 sec (0h:0m:1s)
Wall-clock time used for tree search: 1.179 sec (0h:0m:1s)
Total CPU time used: 1.140 sec (0h:0m:1s)
Total wall-clock time used: 1.244 sec (0h:0m:1s)

Computing bootstrap consensus tree...
Reading input file 12210at7898.fltrd_aligned.fas.splits.nex...
20 taxa and 97 splits.
Consensus tree written to 12210at7898.fltrd_aligned.fas.contree
Reading input trees file 12210at7898.fltrd_aligned.fas.contree
Log-likelihood of consensus tree: -7560.637

Analysis results written to: 
  IQ-TREE report:                12210at7898.fltrd_aligned.fas.iqtree
  Maximum-likelihood tree:       12210at7898.fltrd_aligned.fas.treefile
  Likelihood distances:          12210at7898.fltrd_aligned.fas.mldist

Ultrafast bootstrap approximation results written to:
  Split support values:          12210at7898.fltrd_aligned.fas.splits.nex
  Consensus tree:                12210at7898.fltrd_aligned.fas.contree
  Screen log file:               12210at7898.fltrd_aligned.fas.log

Date and Time: Tue Dec  2 14:50:20 2025
