IQ-TREE multicore version 2.1.3 COVID-edition for Linux 64-bit built Apr 21 2021
Developed by Bui Quang Minh, James Barbetti, Nguyen Lam Tung,
Olga Chernomor, Heiko Schmidt, Dominik Schrempf, Michael Woodhams.

Host:    gombessa.rcs.alaska.edu (AVX2, FMA3, 503 GB RAM)
Command: /export/scratch/tsvanorden/Char_Phylogenetics/src/iqtree-2.1.3-Linux/bin/iqtree2 -s 28474at7898.fltrd_aligned.fas -m MFP -bb 1000 -T 1
Seed:    807059 (Using SPRNG - Scalable Parallel Random Number Generator)
Time:    Tue Dec  2 14:49:38 2025
Kernel:  AVX+FMA - 1 threads (1 CPU cores detected)

Reading alignment file 28474at7898.fltrd_aligned.fas ... Fasta format detected
Alignment most likely contains DNA/RNA sequences
Alignment has 20 sequences with 3072 columns, 142 distinct patterns
103 parsimony-informative, 93 singleton sites, 2876 constant sites
                                Gap/Ambiguity  Composition  p-value
   1  251140_Ward_Creek                 8.50%    passed     97.88%
   2  260512_Pybus_Point                8.50%    passed     98.36%
   3  261935_Kenai_River                8.50%    passed     98.36%
   4  353213_Cropley_Lake               8.50%    passed     98.36%
   5  353219_Peterson_Creek             8.50%    passed     98.36%
   6  353220_Fish_Creek                 8.50%    passed     98.36%
   7  353246_Cottonwood_Creek           8.50%    passed     98.36%
   8  353379_Skagit_River              10.35%    passed     98.08%
   9  353381_Dungeness_River           35.45%    passed     30.11%
  10  353401_Peace_River                4.00%    passed     97.22%
  11  353407_Noatok                     4.00%    passed     97.73%
  12  353410_Horizon_Lake               4.00%    passed     99.45%
  13  92319_Little_Lost                16.02%    passed     72.13%
  14  94280_St_Joe                      4.00%    passed     97.64%
  15  GCA016432855_Lake_Trout           3.71%    passed     97.09%
  16  GCA036784925_Maine_S_alpinus      4.00%    passed     97.73%
  17  GCA045679555_Iceland_A_alpinus    4.00%    passed     97.73%
  18  GCF013265735_Rainbow_Trout       10.64%    passed     99.54%
  19  GCF029448725_Brook_Trout          4.00%    passed     99.17%
  20  Methow_River_99895                8.89%    passed     87.58%
****  TOTAL                             8.63%  0 sequences failed composition chi2 test (p-value<5%; df=3)
NOTE: 261935_Kenai_River is identical to 260512_Pybus_Point but kept for subsequent analysis
NOTE: GCA045679555_Iceland_A_alpinus is identical to GCA036784925_Maine_S_alpinus but kept for subsequent analysis
NOTE: 4 identical sequences (see below) will be ignored for subsequent analysis
NOTE: 353213_Cropley_Lake (identical to 260512_Pybus_Point) is ignored but added at the end
NOTE: 353219_Peterson_Creek (identical to 260512_Pybus_Point) is ignored but added at the end
NOTE: 353220_Fish_Creek (identical to 260512_Pybus_Point) is ignored but added at the end
NOTE: 353246_Cottonwood_Creek (identical to 260512_Pybus_Point) is ignored but added at the end
Alignment was printed to 28474at7898.fltrd_aligned.fas.uniqueseq.phy

For your convenience alignment with unique sequences printed to 28474at7898.fltrd_aligned.fas.uniqueseq.phy


Create initial parsimony tree by phylogenetic likelihood library (PLL)... 0.000 seconds
Perform fast likelihood tree search using GTR+I+G model...
Estimate model parameters (epsilon = 5.000)
Perform nearest neighbor interchange...
Estimate model parameters (epsilon = 1.000)
1. Initial log-likelihood: -5552.434
Optimal log-likelihood: -5552.432
Rate parameters:  A-C: 0.69741  A-G: 1.03333  A-T: 0.69775  C-G: 0.50429  C-T: 2.22719  G-T: 1.00000
Base frequencies:  A: 0.304  C: 0.221  G: 0.287  T: 0.188
Proportion of invariable sites: 0.468
Gamma shape alpha: 68.782
Parameters optimization took 1 rounds (0.003 sec)
Time for fast ML tree search: 0.013 seconds

NOTE: ModelFinder requires 1 MB RAM!
ModelFinder will test up to 286 DNA models (sample size: 3072) ...
 No. Model         -LnL         df  AIC          AICc         BIC
  1  GTR+F         5554.180     37  11182.360    11183.287    11405.473
  2  GTR+F+I       5552.427     38  11180.855    11181.832    11409.998
  3  GTR+F+G4      5552.479     38  11180.958    11181.936    11410.102
  4  GTR+F+I+G4    5552.432     39  11182.865    11183.894    11418.038
  5  GTR+F+R2      5552.804     39  11183.609    11184.638    11418.782
  6  GTR+F+R3      5552.598     41  11187.197    11188.334    11434.430
 14  SYM           5612.051     34  11292.103    11292.887    11497.126
 15  SYM+I         5610.322     35  11290.645    11291.475    11501.698
 16  SYM+G4        5610.384     35  11290.768    11291.598    11501.821
 27  TVM+F         5561.389     36  11194.778    11195.656    11411.861
 28  TVM+F+I       5559.555     37  11193.110    11194.037    11416.223
 29  TVM+F+G4      5559.607     37  11193.214    11194.141    11416.327
 40  TVMe          5613.917     33  11293.834    11294.573    11492.827
 41  TVMe+I        5612.089     34  11292.177    11292.961    11497.200
 42  TVMe+G4       5612.149     34  11292.299    11293.083    11497.322
 53  TIM3+F        5555.562     35  11181.124    11181.954    11392.177
 54  TIM3+F+I      5553.743     36  11179.486    11180.364    11396.569
 55  TIM3+F+G4     5553.798     36  11179.596    11180.474    11396.679
 66  TIM3e         5613.419     32  11290.838    11291.533    11483.801
 67  TIM3e+I       5611.619     33  11289.237    11289.976    11488.230
 68  TIM3e+G4      5611.685     33  11289.370    11290.108    11488.363
 79  TIM2+F        5556.726     35  11183.452    11184.282    11394.505
 80  TIM2+F+I      5555.037     36  11182.074    11182.951    11399.157
 81  TIM2+F+G4     5555.097     36  11182.194    11183.072    11399.277
 92  TIM2e         5614.000     32  11292.001    11292.696    11484.964
 93  TIM2e+I       5612.270     33  11290.541    11291.279    11489.533
 94  TIM2e+G4      5612.338     33  11290.676    11291.414    11489.668
105  TIM+F         5555.429     35  11180.857    11181.688    11391.910
106  TIM+F+I       5553.779     36  11179.558    11180.436    11396.641
107  TIM+F+G4      5553.839     36  11179.678    11180.555    11396.761
118  TIMe          5612.650     32  11289.300    11289.995    11482.263
119  TIMe+I        5610.974     33  11287.949    11288.687    11486.941
120  TIMe+G4       5611.038     33  11288.076    11288.815    11487.069
131  TPM3u+F       5562.774     34  11193.548    11194.332    11398.571
132  TPM3u+F+I     5560.872     35  11191.744    11192.574    11402.797
133  TPM3u+F+G4    5560.928     35  11191.855    11192.685    11402.908
144  TPM3+F        5562.774     34  11193.548    11194.332    11398.571
145  TPM3+F+I      5560.872     35  11191.744    11192.574    11402.797
146  TPM3+F+G4     5560.928     35  11191.855    11192.685    11402.908
157  TPM2u+F       5563.938     34  11195.877    11196.660    11400.899
158  TPM2u+F+I     5562.166     35  11194.331    11195.161    11405.384
159  TPM2u+F+G4    5562.229     35  11194.458    11195.288    11405.511
170  TPM2+F        5563.938     34  11195.877    11196.660    11400.899
171  TPM2+F+I      5562.166     35  11194.331    11195.161    11405.384
172  TPM2+F+G4     5562.229     35  11194.458    11195.288    11405.511
183  K3Pu+F        5562.640     34  11193.280    11194.063    11398.303
184  K3Pu+F+I      5560.903     35  11191.806    11192.636    11402.859
185  K3Pu+F+G4     5560.965     35  11191.929    11192.759    11402.982
196  K3P           5614.515     31  11291.030    11291.683    11477.963
197  K3P+I         5612.744     32  11289.487    11290.182    11482.450
198  K3P+G4        5612.810     32  11289.619    11290.314    11482.582
209  TN+F          5556.756     34  11181.512    11182.296    11386.535
210  TN+F+I        5555.057     35  11180.114    11180.944    11391.167
211  TN+F+G4       5555.119     35  11180.238    11181.069    11391.291
222  TNe           5614.006     31  11290.012    11290.665    11476.945
223  TNe+I         5612.270     32  11288.540    11289.235    11481.503
224  TNe+G4        5612.338     32  11288.676    11289.371    11481.639
235  HKY+F         5563.970     33  11193.939    11194.678    11392.932
236  HKY+F+I       5562.186     34  11192.371    11193.155    11397.394
237  HKY+F+G4      5562.250     34  11192.499    11193.283    11397.522
248  K2P           5615.873     30  11291.746    11292.357    11472.648
249  K2P+I         5614.041     31  11290.082    11290.735    11477.015
250  K2P+G4        5614.110     31  11290.220    11290.873    11477.153
261  F81+F         5575.506     32  11215.011    11215.706    11407.974
262  F81+F+I       5573.807     33  11213.614    11214.352    11412.607
263  F81+F+G4      5573.875     33  11213.750    11214.489    11412.743
274  JC            5629.561     29  11317.121    11317.693    11491.994
275  JC+I          5627.697     30  11315.394    11316.006    11496.297
276  JC+G4         5627.770     30  11315.541    11316.152    11496.443
Akaike Information Criterion:           TIM3+F+I
Corrected Akaike Information Criterion: TIM3+F+I
Bayesian Information Criterion:         TN+F
Best-fit model: TN+F chosen according to BIC

All model information printed to 28474at7898.fltrd_aligned.fas.model.gz
CPU time for ModelFinder: 0.178 seconds (0h:0m:0s)
Wall-clock time for ModelFinder: 0.186 seconds (0h:0m:0s)
Generating 1000 samples for ultrafast bootstrap (seed: 807059)...

NOTE: 0 MB RAM (0 GB) is required!
Estimate model parameters (epsilon = 0.100)
1. Initial log-likelihood: -5556.756
Optimal log-likelihood: -5556.756
Rate parameters:  A-C: 1.00000  A-G: 1.45410  A-T: 1.00000  C-G: 1.00000  C-T: 3.07879  G-T: 1.00000
Base frequencies:  A: 0.304  C: 0.221  G: 0.287  T: 0.188
Parameters optimization took 1 rounds (0.001 sec)
Computing ML distances based on estimated model parameters...
Computing ML distances took 0.001120 sec (of wall-clock time) 0.001102 sec(of CPU time)
Computing RapidNJ tree took 0.000048 sec (of wall-clock time) 0.000045 sec (of CPU time)
Log-likelihood of RapidNJ tree: -5572.469
--------------------------------------------------------------------
|             INITIALIZING CANDIDATE TREE SET                      |
--------------------------------------------------------------------
Generating 98 parsimony trees... 0.039 second
Computing log-likelihood of 98 initial trees ... 0.040 seconds
Current best score: -5556.756

Do NNI search on 20 best initial trees
Estimate model parameters (epsilon = 0.100)
BETTER TREE FOUND at iteration 1: -5556.756
Iteration 10 / LogL: -5556.758 / Time: 0h:0m:0s
Iteration 20 / LogL: -5558.422 / Time: 0h:0m:0s
Finish initializing candidate tree set (13)
Current best tree score: -5556.756 / CPU time: 0.219
Number of iterations: 20
--------------------------------------------------------------------
|               OPTIMIZING CANDIDATE TREE SET                      |
--------------------------------------------------------------------
Iteration 30 / LogL: -5556.758 / Time: 0h:0m:0s (0h:0m:0s left)
Iteration 40 / LogL: -5556.756 / Time: 0h:0m:0s (0h:0m:0s left)
Iteration 50 / LogL: -5556.766 / Time: 0h:0m:0s (0h:0m:0s left)
Log-likelihood cutoff on original alignment: -5574.089
UPDATE BEST LOG-LIKELIHOOD: -5556.756
Iteration 60 / LogL: -5556.764 / Time: 0h:0m:0s (0h:0m:0s left)
Iteration 70 / LogL: -5556.756 / Time: 0h:0m:0s (0h:0m:0s left)
Iteration 80 / LogL: -5556.761 / Time: 0h:0m:0s (0h:0m:0s left)
Iteration 90 / LogL: -5556.761 / Time: 0h:0m:0s (0h:0m:0s left)
Iteration 100 / LogL: -5557.606 / Time: 0h:0m:0s (0h:0m:0s left)
Log-likelihood cutoff on original alignment: -5574.789
NOTE: Bootstrap correlation coefficient of split occurrence frequencies: 0.965
NOTE: UFBoot does not converge, continue at least 100 more iterations
Iteration 110 / LogL: -5556.760 / Time: 0h:0m:0s (0h:0m:0s left)
Iteration 120 / LogL: -5556.760 / Time: 0h:0m:0s (0h:0m:0s left)
Iteration 130 / LogL: -5556.756 / Time: 0h:0m:0s (0h:0m:0s left)
Iteration 140 / LogL: -5556.791 / Time: 0h:0m:1s (0h:0m:0s left)
Iteration 150 / LogL: -5569.577 / Time: 0h:0m:1s (0h:0m:0s left)
Log-likelihood cutoff on original alignment: -5575.692
Iteration 160 / LogL: -5556.759 / Time: 0h:0m:1s (0h:0m:0s left)
Iteration 170 / LogL: -5556.763 / Time: 0h:0m:1s (0h:0m:0s left)
Iteration 180 / LogL: -5556.759 / Time: 0h:0m:1s (0h:0m:0s left)
Iteration 190 / LogL: -5556.759 / Time: 0h:0m:1s (0h:0m:0s left)
Iteration 200 / LogL: -5556.756 / Time: 0h:0m:1s (0h:0m:0s left)
Log-likelihood cutoff on original alignment: -5575.692
NOTE: Bootstrap correlation coefficient of split occurrence frequencies: 0.991
TREE SEARCH COMPLETED AFTER 200 ITERATIONS / Time: 0h:0m:1s

--------------------------------------------------------------------
|                    FINALIZING TREE SEARCH                        |
--------------------------------------------------------------------
Performs final model parameters optimization
Estimate model parameters (epsilon = 0.010)
1. Initial log-likelihood: -5556.756
Optimal log-likelihood: -5556.756
Rate parameters:  A-C: 1.00000  A-G: 1.45383  A-T: 1.00000  C-G: 1.00000  C-T: 3.08231  G-T: 1.00000
Base frequencies:  A: 0.304  C: 0.221  G: 0.287  T: 0.188
Parameters optimization took 1 rounds (0.000 sec)
BEST SCORE FOUND : -5556.756
Creating bootstrap support values...
Split supports printed to NEXUS file 28474at7898.fltrd_aligned.fas.splits.nex
Total tree length: 0.076

Total number of iterations: 200
CPU time used for tree search: 1.360 sec (0h:0m:1s)
Wall-clock time used for tree search: 1.447 sec (0h:0m:1s)
Total CPU time used: 1.403 sec (0h:0m:1s)
Total wall-clock time used: 1.497 sec (0h:0m:1s)

Computing bootstrap consensus tree...
Reading input file 28474at7898.fltrd_aligned.fas.splits.nex...
16 taxa and 118 splits.
Consensus tree written to 28474at7898.fltrd_aligned.fas.contree
Reading input trees file 28474at7898.fltrd_aligned.fas.contree
Log-likelihood of consensus tree: -5556.795

Analysis results written to: 
  IQ-TREE report:                28474at7898.fltrd_aligned.fas.iqtree
  Maximum-likelihood tree:       28474at7898.fltrd_aligned.fas.treefile
  Likelihood distances:          28474at7898.fltrd_aligned.fas.mldist

Ultrafast bootstrap approximation results written to:
  Split support values:          28474at7898.fltrd_aligned.fas.splits.nex
  Consensus tree:                28474at7898.fltrd_aligned.fas.contree
  Screen log file:               28474at7898.fltrd_aligned.fas.log

Date and Time: Tue Dec  2 14:49:40 2025
