IQ-TREE multicore version 2.1.3 COVID-edition for Linux 64-bit built Apr 21 2021
Developed by Bui Quang Minh, James Barbetti, Nguyen Lam Tung,
Olga Chernomor, Heiko Schmidt, Dominik Schrempf, Michael Woodhams.

Host:    gombessa.rcs.alaska.edu (AVX2, FMA3, 503 GB RAM)
Command: /export/scratch/tsvanorden/Char_Phylogenetics/src/iqtree-2.1.3-Linux/bin/iqtree2 -s 77607at7898.fltrd_aligned.fas -m MFP -bb 1000 -T 1
Seed:    972710 (Using SPRNG - Scalable Parallel Random Number Generator)
Time:    Tue Dec  2 14:49:37 2025
Kernel:  AVX+FMA - 1 threads (1 CPU cores detected)

Reading alignment file 77607at7898.fltrd_aligned.fas ... Fasta format detected
Alignment most likely contains DNA/RNA sequences
Alignment has 20 sequences with 1197 columns, 57 distinct patterns
8 parsimony-informative, 38 singleton sites, 1151 constant sites
                                Gap/Ambiguity  Composition  p-value
   1  251140_Ward_Creek                 4.76%    passed     99.50%
   2  260512_Pybus_Point                4.76%    passed     99.50%
   3  261935_Kenai_River                4.76%    passed     99.50%
   4  353213_Cropley_Lake               4.76%    passed     99.50%
   5  353219_Peterson_Creek             4.76%    passed     99.50%
   6  353220_Fish_Creek                 4.76%    passed     99.50%
   7  353246_Cottonwood_Creek           4.76%    passed     99.50%
   8  353379_Skagit_River               0.25%    passed     96.96%
   9  353381_Dungeness_River           12.28%    passed     97.56%
  10  353401_Peace_River                0.25%    passed     96.96%
  11  353407_Noatok                     4.76%    passed     99.60%
  12  353410_Horizon_Lake              17.04%    passed     94.48%
  13  92319_Little_Lost                 0.25%    passed     96.96%
  14  94280_St_Joe                      0.25%    passed     96.96%
  15  GCA016432855_Lake_Trout           0.25%    passed     97.55%
  16  GCA036784925_Maine_S_alpinus      4.76%    passed     99.81%
  17  GCA045679555_Iceland_A_alpinus    4.76%    passed     99.81%
  18  GCF013265735_Rainbow_Trout        0.00%    passed     99.45%
  19  GCF029448725_Brook_Trout          4.76%    passed     99.82%
  20  Methow_River_99895               11.03%    passed     99.43%
****  TOTAL                             4.70%  0 sequences failed composition chi2 test (p-value<5%; df=3)
NOTE: 260512_Pybus_Point is identical to 251140_Ward_Creek but kept for subsequent analysis
NOTE: 353401_Peace_River is identical to 353379_Skagit_River but kept for subsequent analysis
NOTE: GCA045679555_Iceland_A_alpinus is identical to GCA036784925_Maine_S_alpinus but kept for subsequent analysis
NOTE: 7 identical sequences (see below) will be ignored for subsequent analysis
NOTE: 261935_Kenai_River (identical to 251140_Ward_Creek) is ignored but added at the end
NOTE: 353213_Cropley_Lake (identical to 251140_Ward_Creek) is ignored but added at the end
NOTE: 353219_Peterson_Creek (identical to 251140_Ward_Creek) is ignored but added at the end
NOTE: 353220_Fish_Creek (identical to 251140_Ward_Creek) is ignored but added at the end
NOTE: 353246_Cottonwood_Creek (identical to 251140_Ward_Creek) is ignored but added at the end
NOTE: 92319_Little_Lost (identical to 353379_Skagit_River) is ignored but added at the end
NOTE: 94280_St_Joe (identical to 353379_Skagit_River) is ignored but added at the end
Alignment was printed to 77607at7898.fltrd_aligned.fas.uniqueseq.phy

For your convenience alignment with unique sequences printed to 77607at7898.fltrd_aligned.fas.uniqueseq.phy


Create initial parsimony tree by phylogenetic likelihood library (PLL)... 0.000 seconds
Perform fast likelihood tree search using GTR+I+G model...
Estimate model parameters (epsilon = 5.000)
Perform nearest neighbor interchange...
Estimate model parameters (epsilon = 1.000)
1. Initial log-likelihood: -1948.440
Optimal log-likelihood: -1948.433
Rate parameters:  A-C: 0.90394  A-G: 3.75343  A-T: 0.90509  C-G: 0.65301  C-T: 3.38282  G-T: 1.00000
Base frequencies:  A: 0.264  C: 0.241  G: 0.263  T: 0.232
Proportion of invariable sites: 0.480
Gamma shape alpha: 998.447
Parameters optimization took 1 rounds (0.001 sec)
Time for fast ML tree search: 0.012 seconds

NOTE: ModelFinder requires 0 MB RAM!
ModelFinder will test up to 286 DNA models (sample size: 1197) ...
 No. Model         -LnL         df  AIC          AICc         BIC
  1  GTR+F         1948.105     31  3958.211     3959.914     4115.926
  2  GTR+F+I       1948.103     32  3960.205     3962.020     4123.008
  3  GTR+F+G4      1948.103     32  3960.206     3962.020     4123.008
  4  GTR+F+I+G4    1948.426     33  3962.852     3964.782     4130.742
  5  GTR+F+R2      1948.263     33  3962.525     3964.455     4130.415
  6  GTR+F+R3      1948.310     35  3966.619     3968.790     4144.685
 14  SYM           1949.904     28  3955.809     3957.199     4098.261
 15  SYM+I         1949.899     29  3957.799     3959.290     4105.339
 16  SYM+G4        1949.900     29  3957.800     3959.291     4105.339
 27  TVM+F         1948.145     30  3956.289     3957.884     4108.916
 28  TVM+F+I       1948.143     31  3958.286     3959.989     4116.001
 29  TVM+F+G4      1948.144     31  3958.287     3959.990     4116.002
 40  TVMe          1950.078     27  3954.157     3955.450     4091.521
 41  TVMe+I        1950.073     28  3956.146     3957.536     4098.598
 42  TVMe+G4       1950.076     28  3956.151     3957.542     4098.603
 53  TIM3+F        1948.170     29  3954.340     3955.831     4101.879
 54  TIM3+F+I      1948.167     30  3956.334     3957.929     4108.961
 55  TIM3+F+G4     1948.167     30  3956.335     3957.930     4108.962
 66  TIM3e         1949.969     26  3951.937     3953.137     4084.214
 67  TIM3e+I       1949.966     27  3953.932     3955.226     4091.297
 68  TIM3e+G4      1949.967     27  3953.933     3955.227     4091.298
 79  TIM2+F        1948.192     29  3954.384     3955.875     4101.924
 80  TIM2+F+I      1948.187     30  3956.373     3957.968     4109.000
 81  TIM2+F+G4     1948.187     30  3956.374     3957.970     4109.002
 92  TIM2e         1949.978     26  3951.957     3953.157     4084.234
 93  TIM2e+I       1949.976     27  3953.951     3955.245     4091.316
 94  TIM2e+G4      1949.976     27  3953.952     3955.246     4091.317
105  TIM+F         1948.181     29  3954.362     3955.853     4101.901
106  TIM+F+I       1948.183     30  3956.366     3957.961     4108.993
107  TIM+F+G4      1948.183     30  3956.366     3957.962     4108.994
118  TIMe          1949.969     26  3951.938     3953.138     4084.215
119  TIMe+I        1949.971     27  3953.942     3955.235     4091.306
120  TIMe+G4       1949.969     27  3953.938     3955.231     4091.302
131  TPM3u+F       1948.211     28  3952.422     3953.813     4094.874
132  TPM3u+F+I     1948.210     29  3954.420     3955.911     4101.960
133  TPM3u+F+G4    1948.210     29  3954.421     3955.912     4101.961
144  TPM3+F        1948.211     28  3952.422     3953.813     4094.874
145  TPM3+F+I      1948.210     29  3954.420     3955.911     4101.960
146  TPM3+F+G4     1948.210     29  3954.421     3955.912     4101.961
157  TPM2u+F       1948.232     28  3952.464     3953.854     4094.916
158  TPM2u+F+I     1948.231     29  3954.462     3955.953     4102.001
159  TPM2u+F+G4    1948.231     29  3954.462     3955.953     4102.002
170  TPM2+F        1948.232     28  3952.464     3953.854     4094.916
171  TPM2+F+I      1948.231     29  3954.462     3955.953     4102.001
172  TPM2+F+G4     1948.231     29  3954.462     3955.953     4102.002
183  K3Pu+F        1948.220     28  3952.440     3953.830     4094.892
184  K3Pu+F+I      1948.220     29  3954.439     3955.930     4101.979
185  K3Pu+F+G4     1948.220     29  3954.439     3955.930     4101.979
196  K3P           1950.143     25  3950.285     3951.396     4077.475
197  K3P+I         1950.140     26  3952.280     3953.480     4084.557
198  K3P+G4        1950.141     26  3952.281     3953.481     4084.558
209  TN+F          1948.214     28  3952.427     3953.818     4094.880
210  TN+F+I        1948.213     29  3954.427     3955.918     4101.966
211  TN+F+G4       1948.213     29  3954.426     3955.917     4101.966
222  TNe           1950.003     25  3950.006     3951.116     4077.195
223  TNe+I         1950.001     26  3952.001     3953.201     4084.278
224  TNe+G4        1950.001     26  3952.002     3953.202     4084.279
235  HKY+F         1948.256     27  3950.512     3951.805     4087.876
236  HKY+F+I       1948.255     28  3952.510     3953.900     4094.962
237  HKY+F+G4      1948.255     28  3952.511     3953.901     4094.963
248  K2P           1950.179     24  3948.358     3949.382     4070.460
249  K2P+I         1950.177     25  3950.354     3951.464     4077.543
250  K2P+G4        1950.177     25  3950.354     3951.465     4077.544
261  F81+F         1959.336     26  3970.672     3971.872     4102.949
262  F81+F+I       1959.335     27  3972.671     3973.964     4110.035
263  F81+F+G4      1959.336     27  3972.672     3973.965     4110.036
274  JC            1961.349     23  3968.697     3969.639     4085.712
275  JC+I          1961.348     24  3970.697     3971.721     4092.798
276  JC+G4         1961.349     24  3970.697     3971.721     4092.799
Akaike Information Criterion:           K2P
Corrected Akaike Information Criterion: K2P
Bayesian Information Criterion:         K2P
Best-fit model: K2P chosen according to BIC

All model information printed to 77607at7898.fltrd_aligned.fas.model.gz
CPU time for ModelFinder: 0.114 seconds (0h:0m:0s)
Wall-clock time for ModelFinder: 0.120 seconds (0h:0m:0s)
Generating 1000 samples for ultrafast bootstrap (seed: 972710)...

NOTE: 0 MB RAM (0 GB) is required!
Estimate model parameters (epsilon = 0.100)
1. Initial log-likelihood: -1950.179
Optimal log-likelihood: -1950.178
Rate parameters:  A-C: 1.00000  A-G: 4.20093  A-T: 1.00000  C-G: 1.00000  C-T: 4.20093  G-T: 1.00000
Base frequencies:  A: 0.250  C: 0.250  G: 0.250  T: 0.250
Parameters optimization took 1 rounds (0.000 sec)
Computing ML distances based on estimated model parameters...
Computing ML distances took 0.000755 sec (of wall-clock time) 0.000716 sec(of CPU time)
Computing RapidNJ tree took 0.000042 sec (of wall-clock time) 0.000038 sec (of CPU time)
Log-likelihood of RapidNJ tree: -1950.226
--------------------------------------------------------------------
|             INITIALIZING CANDIDATE TREE SET                      |
--------------------------------------------------------------------
Generating 98 parsimony trees... 0.023 second
Computing log-likelihood of 98 initial trees ... 0.023 seconds
Current best score: -1950.178

Do NNI search on 20 best initial trees
Estimate model parameters (epsilon = 0.100)
BETTER TREE FOUND at iteration 1: -1950.176
Iteration 10 / LogL: -1950.183 / Time: 0h:0m:0s
Iteration 20 / LogL: -1950.196 / Time: 0h:0m:0s
Finish initializing candidate tree set (13)
Current best tree score: -1950.176 / CPU time: 0.162
Number of iterations: 20
--------------------------------------------------------------------
|               OPTIMIZING CANDIDATE TREE SET                      |
--------------------------------------------------------------------
UPDATE BEST LOG-LIKELIHOOD: -1950.173
UPDATE BEST LOG-LIKELIHOOD: -1950.172
Iteration 30 / LogL: -1950.172 / Time: 0h:0m:0s (0h:0m:0s left)
Iteration 40 / LogL: -1950.175 / Time: 0h:0m:0s (0h:0m:0s left)
UPDATE BEST LOG-LIKELIHOOD: -1950.172
UPDATE BEST LOG-LIKELIHOOD: -1950.171
Iteration 50 / LogL: -1950.177 / Time: 0h:0m:0s (0h:0m:0s left)
Log-likelihood cutoff on original alignment: -1979.819
Iteration 60 / LogL: -1950.172 / Time: 0h:0m:0s (0h:0m:0s left)
Iteration 70 / LogL: -1950.175 / Time: 0h:0m:0s (0h:0m:0s left)
Iteration 80 / LogL: -1950.172 / Time: 0h:0m:0s (0h:0m:0s left)
BETTER TREE FOUND at iteration 81: -1950.171
UPDATE BEST LOG-LIKELIHOOD: -1950.170
Iteration 90 / LogL: -1958.494 / Time: 0h:0m:0s (0h:0m:0s left)
Iteration 100 / LogL: -1950.171 / Time: 0h:0m:0s (0h:0m:0s left)
Log-likelihood cutoff on original alignment: -1979.814
NOTE: Bootstrap correlation coefficient of split occurrence frequencies: 0.961
NOTE: UFBoot does not converge, continue at least 100 more iterations
UPDATE BEST LOG-LIKELIHOOD: -1950.170
Iteration 110 / LogL: -1950.200 / Time: 0h:0m:0s (0h:0m:0s left)
Iteration 120 / LogL: -1950.203 / Time: 0h:0m:0s (0h:0m:0s left)
UPDATE BEST LOG-LIKELIHOOD: -1950.170
Iteration 130 / LogL: -1950.170 / Time: 0h:0m:0s (0h:0m:0s left)
Iteration 140 / LogL: -1950.206 / Time: 0h:0m:1s (0h:0m:0s left)
Iteration 150 / LogL: -1950.170 / Time: 0h:0m:1s (0h:0m:0s left)
Log-likelihood cutoff on original alignment: -1979.747
Iteration 160 / LogL: -1950.171 / Time: 0h:0m:1s (0h:0m:0s left)
Iteration 170 / LogL: -1950.178 / Time: 0h:0m:1s (0h:0m:0s left)
Iteration 180 / LogL: -1950.170 / Time: 0h:0m:1s (0h:0m:0s left)
UPDATE BEST LOG-LIKELIHOOD: -1950.170
Iteration 190 / LogL: -1950.181 / Time: 0h:0m:1s (0h:0m:0s left)
Iteration 200 / LogL: -1950.172 / Time: 0h:0m:1s (0h:0m:0s left)
Log-likelihood cutoff on original alignment: -1980.715
NOTE: Bootstrap correlation coefficient of split occurrence frequencies: 0.973
NOTE: UFBoot does not converge, continue at least 100 more iterations
Iteration 210 / LogL: -1950.172 / Time: 0h:0m:1s (0h:0m:0s left)
Iteration 220 / LogL: -1950.177 / Time: 0h:0m:1s (0h:0m:0s left)
Iteration 230 / LogL: -1950.199 / Time: 0h:0m:1s (0h:0m:0s left)
Iteration 240 / LogL: -1950.173 / Time: 0h:0m:1s (0h:0m:0s left)
UPDATE BEST LOG-LIKELIHOOD: -1950.170
Iteration 250 / LogL: -1950.170 / Time: 0h:0m:1s (0h:0m:0s left)
Log-likelihood cutoff on original alignment: -1981.386
UPDATE BEST LOG-LIKELIHOOD: -1950.170
Iteration 260 / LogL: -1950.170 / Time: 0h:0m:1s (0h:0m:0s left)
Iteration 270 / LogL: -1950.173 / Time: 0h:0m:1s (0h:0m:0s left)
Iteration 280 / LogL: -1950.174 / Time: 0h:0m:2s (0h:0m:0s left)
Iteration 290 / LogL: -1950.171 / Time: 0h:0m:2s (0h:0m:0s left)
Iteration 300 / LogL: -1950.177 / Time: 0h:0m:2s (0h:0m:0s left)
Log-likelihood cutoff on original alignment: -1981.386
NOTE: Bootstrap correlation coefficient of split occurrence frequencies: 0.970
NOTE: UFBoot does not converge, continue at least 100 more iterations
UPDATE BEST LOG-LIKELIHOOD: -1950.170
Iteration 310 / LogL: -1950.176 / Time: 0h:0m:2s (0h:0m:0s left)
Iteration 320 / LogL: -1950.206 / Time: 0h:0m:2s (0h:0m:0s left)
Iteration 330 / LogL: -1950.172 / Time: 0h:0m:2s (0h:0m:0s left)
Iteration 340 / LogL: -1950.174 / Time: 0h:0m:2s (0h:0m:0s left)
Iteration 350 / LogL: -1950.203 / Time: 0h:0m:2s (0h:0m:0s left)
Log-likelihood cutoff on original alignment: -1982.203
Iteration 360 / LogL: -1950.198 / Time: 0h:0m:2s (0h:0m:0s left)
Iteration 370 / LogL: -1950.175 / Time: 0h:0m:2s (0h:0m:0s left)
Iteration 380 / LogL: -1950.175 / Time: 0h:0m:2s (0h:0m:0s left)
Iteration 390 / LogL: -1950.173 / Time: 0h:0m:2s (0h:0m:0s left)
Iteration 400 / LogL: -1950.170 / Time: 0h:0m:2s (0h:0m:0s left)
Log-likelihood cutoff on original alignment: -1982.203
NOTE: Bootstrap correlation coefficient of split occurrence frequencies: 0.987
NOTE: UFBoot does not converge, continue at least 100 more iterations
Iteration 410 / LogL: -1950.205 / Time: 0h:0m:3s (0h:0m:0s left)
Iteration 420 / LogL: -1950.170 / Time: 0h:0m:3s (0h:0m:0s left)
Iteration 430 / LogL: -1950.199 / Time: 0h:0m:3s (0h:0m:0s left)
Iteration 440 / LogL: -1950.170 / Time: 0h:0m:3s (0h:0m:0s left)
Iteration 450 / LogL: -1950.171 / Time: 0h:0m:3s (0h:0m:0s left)
Log-likelihood cutoff on original alignment: -1982.203
Iteration 460 / LogL: -1950.172 / Time: 0h:0m:3s (0h:0m:0s left)
Iteration 470 / LogL: -1950.203 / Time: 0h:0m:3s (0h:0m:0s left)
WARNING: NNI search needs unusual large number of steps (13) to converge!
Iteration 480 / LogL: -1950.186 / Time: 0h:0m:3s (0h:0m:0s left)
Iteration 490 / LogL: -1950.175 / Time: 0h:0m:3s (0h:0m:0s left)
Iteration 500 / LogL: -1950.170 / Time: 0h:0m:3s (0h:0m:0s left)
Log-likelihood cutoff on original alignment: -1982.203
NOTE: Bootstrap correlation coefficient of split occurrence frequencies: 0.992
TREE SEARCH COMPLETED AFTER 500 ITERATIONS / Time: 0h:0m:3s

--------------------------------------------------------------------
|                    FINALIZING TREE SEARCH                        |
--------------------------------------------------------------------
Performs final model parameters optimization
Estimate model parameters (epsilon = 0.010)
1. Initial log-likelihood: -1950.170
Optimal log-likelihood: -1950.170
Rate parameters:  A-C: 1.00000  A-G: 4.20081  A-T: 1.00000  C-G: 1.00000  C-T: 4.20081  G-T: 1.00000
Base frequencies:  A: 0.250  C: 0.250  G: 0.250  T: 0.250
Parameters optimization took 1 rounds (0.000 sec)
BEST SCORE FOUND : -1950.170
Creating bootstrap support values...
Split supports printed to NEXUS file 77607at7898.fltrd_aligned.fas.splits.nex
Total tree length: 0.040

Total number of iterations: 500
CPU time used for tree search: 3.611 sec (0h:0m:3s)
Wall-clock time used for tree search: 3.711 sec (0h:0m:3s)
Total CPU time used: 3.646 sec (0h:0m:3s)
Total wall-clock time used: 3.755 sec (0h:0m:3s)

Computing bootstrap consensus tree...
Reading input file 77607at7898.fltrd_aligned.fas.splits.nex...
13 taxa and 209 splits.
Consensus tree written to 77607at7898.fltrd_aligned.fas.contree
Reading input trees file 77607at7898.fltrd_aligned.fas.contree
Log-likelihood of consensus tree: -1950.221

Analysis results written to: 
  IQ-TREE report:                77607at7898.fltrd_aligned.fas.iqtree
  Maximum-likelihood tree:       77607at7898.fltrd_aligned.fas.treefile
  Likelihood distances:          77607at7898.fltrd_aligned.fas.mldist

Ultrafast bootstrap approximation results written to:
  Split support values:          77607at7898.fltrd_aligned.fas.splits.nex
  Consensus tree:                77607at7898.fltrd_aligned.fas.contree
  Screen log file:               77607at7898.fltrd_aligned.fas.log

Date and Time: Tue Dec  2 14:49:41 2025
