IQ-TREE multicore version 2.1.3 COVID-edition for Linux 64-bit built Apr 21 2021
Developed by Bui Quang Minh, James Barbetti, Nguyen Lam Tung,
Olga Chernomor, Heiko Schmidt, Dominik Schrempf, Michael Woodhams.

Host:    gombessa.rcs.alaska.edu (AVX2, FMA3, 503 GB RAM)
Command: /export/scratch/tsvanorden/Char_Phylogenetics/src/iqtree-2.1.3-Linux/bin/iqtree2 -s 88154at7898.fltrd_aligned.fas -m MFP -bb 1000 -T 1
Seed:    642217 (Using SPRNG - Scalable Parallel Random Number Generator)
Time:    Tue Dec  2 14:50:08 2025
Kernel:  AVX+FMA - 1 threads (1 CPU cores detected)

Reading alignment file 88154at7898.fltrd_aligned.fas ... Fasta format detected
Alignment most likely contains DNA/RNA sequences
Alignment has 20 sequences with 987 columns, 30 distinct patterns
9 parsimony-informative, 28 singleton sites, 950 constant sites
                                Gap/Ambiguity  Composition  p-value
   1  251140_Ward_Creek                 3.65%    passed     99.96%
   2  260512_Pybus_Point                3.65%    passed     99.97%
   3  261935_Kenai_River                3.65%    passed     99.97%
   4  353213_Cropley_Lake               3.65%    passed     99.97%
   5  353219_Peterson_Creek             3.65%    passed     99.96%
   6  353220_Fish_Creek                 3.65%    passed     99.97%
   7  353246_Cottonwood_Creek           3.65%    passed     99.82%
   8  353379_Skagit_River               3.65%    passed     99.67%
   9  353381_Dungeness_River            3.65%    passed     99.97%
  10  353401_Peace_River                3.65%    passed     99.67%
  11  353407_Noatok                     3.65%    passed     99.90%
  12  353410_Horizon_Lake               3.65%    passed     99.97%
  13  92319_Little_Lost                 3.65%    passed     99.67%
  14  94280_St_Joe                      3.65%    passed     99.67%
  15  GCA016432855_Lake_Trout           3.65%    passed     99.90%
  16  GCA036784925_Maine_S_alpinus      3.65%    passed     99.97%
  17  GCA045679555_Iceland_A_alpinus    3.65%    passed     99.97%
  18  GCF013265735_Rainbow_Trout        0.00%    passed     85.02%
  19  GCF029448725_Brook_Trout          3.65%    passed     99.99%
  20  Methow_River_99895                3.65%    passed     99.67%
****  TOTAL                             3.47%  0 sequences failed composition chi2 test (p-value<5%; df=3)
NOTE: 353219_Peterson_Creek is identical to 251140_Ward_Creek but kept for subsequent analysis
NOTE: 261935_Kenai_River is identical to 260512_Pybus_Point but kept for subsequent analysis
NOTE: 353401_Peace_River is identical to 353379_Skagit_River but kept for subsequent analysis
NOTE: 9 identical sequences (see below) will be ignored for subsequent analysis
NOTE: 353213_Cropley_Lake (identical to 260512_Pybus_Point) is ignored but added at the end
NOTE: 353220_Fish_Creek (identical to 260512_Pybus_Point) is ignored but added at the end
NOTE: 353381_Dungeness_River (identical to 260512_Pybus_Point) is ignored but added at the end
NOTE: 353410_Horizon_Lake (identical to 260512_Pybus_Point) is ignored but added at the end
NOTE: GCA036784925_Maine_S_alpinus (identical to 260512_Pybus_Point) is ignored but added at the end
NOTE: GCA045679555_Iceland_A_alpinus (identical to 260512_Pybus_Point) is ignored but added at the end
NOTE: 92319_Little_Lost (identical to 353379_Skagit_River) is ignored but added at the end
NOTE: 94280_St_Joe (identical to 353379_Skagit_River) is ignored but added at the end
NOTE: Methow_River_99895 (identical to 353379_Skagit_River) is ignored but added at the end
Alignment was printed to 88154at7898.fltrd_aligned.fas.uniqueseq.phy

For your convenience alignment with unique sequences printed to 88154at7898.fltrd_aligned.fas.uniqueseq.phy


Create initial parsimony tree by phylogenetic likelihood library (PLL)... 0.000 seconds
Perform fast likelihood tree search using GTR+I+G model...
Estimate model parameters (epsilon = 5.000)
Perform nearest neighbor interchange...
Estimate model parameters (epsilon = 1.000)
1. Initial log-likelihood: -1599.261
Optimal log-likelihood: -1599.260
Rate parameters:  A-C: 1.45134  A-G: 2.37358  A-T: 0.24677  C-G: 0.38098  C-T: 3.50068  G-T: 1.00000
Base frequencies:  A: 0.232  C: 0.272  G: 0.272  T: 0.224
Proportion of invariable sites: 0.480
Gamma shape alpha: 998.447
Parameters optimization took 1 rounds (0.001 sec)
Time for fast ML tree search: 0.005 seconds

NOTE: ModelFinder requires 0 MB RAM!
ModelFinder will test up to 286 DNA models (sample size: 987) ...
 No. Model         -LnL         df  AIC          AICc         BIC
  1  GTR+F         1598.892     27  3251.784     3253.361     3383.940
  2  GTR+F+I       1598.892     28  3253.784     3255.479     3390.834
  3  GTR+F+G4      1598.892     28  3253.783     3255.478     3390.834
  4  GTR+F+I+G4    1599.259     29  3256.517     3258.336     3398.463
  5  GTR+F+R2      1599.069     29  3256.138     3257.957     3398.084
  6  GTR+F+R3      1599.119     31  3260.238     3262.315     3411.972
 14  SYM           1603.334     24  3254.667     3255.914     3372.139
 15  SYM+I         1603.333     25  3256.666     3258.019     3379.033
 16  SYM+G4        1603.334     25  3256.667     3258.020     3379.034
 27  TVM+F         1599.310     26  3250.621     3252.083     3377.882
 28  TVM+F+I       1599.310     27  3252.620     3254.197     3384.776
 29  TVM+F+G4      1599.310     27  3252.620     3254.197     3384.776
 40  TVMe          1603.707     23  3253.414     3254.561     3365.992
 41  TVMe+I        1603.709     24  3255.417     3256.665     3372.889
 42  TVMe+G4       1603.708     24  3255.416     3256.663     3372.888
 53  TIM3+F        1601.056     25  3252.112     3253.465     3374.479
 54  TIM3+F+I      1601.056     26  3254.113     3255.575     3381.374
 55  TIM3+F+G4     1601.057     26  3254.113     3255.576     3381.375
 66  TIM3e         1605.408     22  3254.815     3255.865     3362.498
 67  TIM3e+I       1605.408     23  3256.815     3257.962     3369.393
 68  TIM3e+G4      1605.408     23  3256.816     3257.962     3369.393
 79  TIM2+F        1601.008     25  3252.017     3253.369     3374.383
 80  TIM2+F+I      1601.008     26  3254.017     3255.479     3381.278
 81  TIM2+F+G4     1601.009     26  3254.017     3255.480     3381.279
 92  TIM2e         1605.535     22  3255.071     3256.121     3362.754
 93  TIM2e+I       1605.533     23  3257.066     3258.212     3369.643
 94  TIM2e+G4      1605.534     23  3257.067     3258.214     3369.645
105  TIM+F         1599.097     25  3248.194     3249.547     3370.561
106  TIM+F+I       1599.099     26  3250.197     3251.660     3377.459
107  TIM+F+G4      1599.098     26  3250.197     3251.659     3377.458
118  TIMe          1603.610     22  3251.219     3252.269     3358.902
119  TIMe+I        1603.610     23  3253.219     3254.366     3365.797
120  TIMe+G4       1603.610     23  3253.220     3254.366     3365.797
131  TPM3u+F       1601.470     24  3250.939     3252.187     3368.412
132  TPM3u+F+I     1601.470     25  3252.940     3254.293     3375.307
133  TPM3u+F+G4    1601.471     25  3252.942     3254.294     3375.308
144  TPM3+F        1601.470     24  3250.939     3252.187     3368.412
145  TPM3+F+I      1601.470     25  3252.940     3254.293     3375.307
146  TPM3+F+G4     1601.471     25  3252.942     3254.294     3375.308
157  TPM2u+F       1601.427     24  3250.853     3252.101     3368.326
158  TPM2u+F+I     1601.428     25  3252.855     3254.208     3375.222
159  TPM2u+F+G4    1601.428     25  3252.857     3254.209     3375.223
170  TPM2+F        1601.427     24  3250.853     3252.101     3368.326
171  TPM2+F+I      1601.428     25  3252.855     3254.208     3375.222
172  TPM2+F+G4     1601.428     25  3252.857     3254.209     3375.223
183  K3Pu+F        1599.515     24  3247.030     3248.277     3364.502
184  K3Pu+F+I      1599.515     25  3249.030     3250.382     3371.396
185  K3Pu+F+G4     1599.515     25  3249.030     3250.383     3371.397
196  K3P           1603.985     21  3249.969     3250.927     3352.757
197  K3P+I         1603.985     22  3251.969     3253.019     3359.652
198  K3P+G4        1603.985     22  3251.970     3253.020     3359.653
209  TN+F          1601.165     24  3250.330     3251.577     3367.802
210  TN+F+I        1601.165     25  3252.329     3253.682     3374.696
211  TN+F+G4       1601.165     25  3252.330     3253.683     3374.697
222  TNe           1605.620     21  3253.241     3254.198     3356.029
223  TNe+I         1605.620     22  3255.241     3256.290     3362.923
224  TNe+G4        1605.621     22  3255.241     3256.291     3362.924
235  HKY+F         1601.582     23  3249.164     3250.310     3361.741
236  HKY+F+I       1601.582     24  3251.164     3252.411     3368.636
237  HKY+F+G4      1601.582     24  3251.164     3252.412     3368.636
248  K2P           1605.995     20  3251.990     3252.860     3349.883
249  K2P+I         1605.995     21  3253.990     3254.948     3356.778
250  K2P+G4        1605.995     21  3253.991     3254.948     3356.779
261  F81+F         1609.306     22  3262.612     3263.662     3370.295
262  F81+F+I       1609.306     23  3264.612     3265.759     3377.190
263  F81+F+G4      1609.307     23  3264.613     3265.759     3377.190
274  JC            1613.626     19  3265.253     3266.039     3358.251
275  JC+I          1613.626     20  3267.253     3268.122     3365.146
276  JC+G4         1613.627     20  3267.253     3268.123     3365.147
Akaike Information Criterion:           K3Pu+F
Corrected Akaike Information Criterion: K3Pu+F
Bayesian Information Criterion:         K2P
Best-fit model: K2P chosen according to BIC

All model information printed to 88154at7898.fltrd_aligned.fas.model.gz
CPU time for ModelFinder: 0.071 seconds (0h:0m:0s)
Wall-clock time for ModelFinder: 0.074 seconds (0h:0m:0s)
Generating 1000 samples for ultrafast bootstrap (seed: 642217)...

NOTE: 0 MB RAM (0 GB) is required!
Estimate model parameters (epsilon = 0.100)
1. Initial log-likelihood: -1605.995
Optimal log-likelihood: -1605.995
Rate parameters:  A-C: 1.00000  A-G: 3.72562  A-T: 1.00000  C-G: 1.00000  C-T: 3.72562  G-T: 1.00000
Base frequencies:  A: 0.250  C: 0.250  G: 0.250  T: 0.250
Parameters optimization took 1 rounds (0.000 sec)
Computing ML distances based on estimated model parameters...
Computing ML distances took 0.000244 sec (of wall-clock time) 0.000224 sec(of CPU time)
Computing RapidNJ tree took 0.000033 sec (of wall-clock time) 0.000030 sec (of CPU time)
Log-likelihood of RapidNJ tree: -1614.269
--------------------------------------------------------------------
|             INITIALIZING CANDIDATE TREE SET                      |
--------------------------------------------------------------------
Generating 98 parsimony trees... 0.025 second
Computing log-likelihood of 95 initial trees ... 0.018 seconds
Current best score: -1605.995

Do NNI search on 20 best initial trees
Estimate model parameters (epsilon = 0.100)
BETTER TREE FOUND at iteration 1: -1605.995
UPDATE BEST LOG-LIKELIHOOD: -1605.995
Iteration 10 / LogL: -1605.995 / Time: 0h:0m:0s
Iteration 20 / LogL: -1605.995 / Time: 0h:0m:0s
Finish initializing candidate tree set (7)
Current best tree score: -1605.995 / CPU time: 0.078
Number of iterations: 20
--------------------------------------------------------------------
|               OPTIMIZING CANDIDATE TREE SET                      |
--------------------------------------------------------------------
Iteration 30 / LogL: -1606.000 / Time: 0h:0m:0s (0h:0m:0s left)
Iteration 40 / LogL: -1611.541 / Time: 0h:0m:0s (0h:0m:0s left)
Iteration 50 / LogL: -1605.997 / Time: 0h:0m:0s (0h:0m:0s left)
Log-likelihood cutoff on original alignment: -1621.112
Iteration 60 / LogL: -1612.899 / Time: 0h:0m:0s (0h:0m:0s left)
Iteration 70 / LogL: -1605.997 / Time: 0h:0m:0s (0h:0m:0s left)
Iteration 80 / LogL: -1605.999 / Time: 0h:0m:0s (0h:0m:0s left)
Iteration 90 / LogL: -1605.997 / Time: 0h:0m:0s (0h:0m:0s left)
Iteration 100 / LogL: -1605.996 / Time: 0h:0m:0s (0h:0m:0s left)
Log-likelihood cutoff on original alignment: -1623.537
NOTE: Bootstrap correlation coefficient of split occurrence frequencies: 0.978
NOTE: UFBoot does not converge, continue at least 100 more iterations
Iteration 110 / LogL: -1605.996 / Time: 0h:0m:0s (0h:0m:0s left)
Iteration 120 / LogL: -1606.002 / Time: 0h:0m:0s (0h:0m:0s left)
Iteration 130 / LogL: -1605.996 / Time: 0h:0m:0s (0h:0m:0s left)
Iteration 140 / LogL: -1605.996 / Time: 0h:0m:0s (0h:0m:0s left)
Iteration 150 / LogL: -1605.995 / Time: 0h:0m:0s (0h:0m:0s left)
Log-likelihood cutoff on original alignment: -1625.399
Iteration 160 / LogL: -1606.000 / Time: 0h:0m:0s (0h:0m:0s left)
Iteration 170 / LogL: -1605.998 / Time: 0h:0m:0s (0h:0m:0s left)
Iteration 180 / LogL: -1605.996 / Time: 0h:0m:0s (0h:0m:0s left)
Iteration 190 / LogL: -1605.997 / Time: 0h:0m:0s (0h:0m:0s left)
Iteration 200 / LogL: -1605.998 / Time: 0h:0m:0s (0h:0m:0s left)
Log-likelihood cutoff on original alignment: -1626.439
NOTE: Bootstrap correlation coefficient of split occurrence frequencies: 0.987
NOTE: UFBoot does not converge, continue at least 100 more iterations
Iteration 210 / LogL: -1605.996 / Time: 0h:0m:0s (0h:0m:0s left)
Iteration 220 / LogL: -1605.997 / Time: 0h:0m:0s (0h:0m:0s left)
Iteration 230 / LogL: -1605.998 / Time: 0h:0m:1s (0h:0m:0s left)
Iteration 240 / LogL: -1605.997 / Time: 0h:0m:1s (0h:0m:0s left)
Iteration 250 / LogL: -1605.995 / Time: 0h:0m:1s (0h:0m:0s left)
Log-likelihood cutoff on original alignment: -1627.517
Iteration 260 / LogL: -1606.001 / Time: 0h:0m:1s (0h:0m:0s left)
Iteration 270 / LogL: -1605.996 / Time: 0h:0m:1s (0h:0m:0s left)
Iteration 280 / LogL: -1611.961 / Time: 0h:0m:1s (0h:0m:0s left)
UPDATE BEST LOG-LIKELIHOOD: -1605.995
Iteration 290 / LogL: -1606.002 / Time: 0h:0m:1s (0h:0m:0s left)
Iteration 300 / LogL: -1605.997 / Time: 0h:0m:1s (0h:0m:0s left)
Log-likelihood cutoff on original alignment: -1627.824
NOTE: Bootstrap correlation coefficient of split occurrence frequencies: 0.992
TREE SEARCH COMPLETED AFTER 300 ITERATIONS / Time: 0h:0m:1s

--------------------------------------------------------------------
|                    FINALIZING TREE SEARCH                        |
--------------------------------------------------------------------
Performs final model parameters optimization
Estimate model parameters (epsilon = 0.010)
1. Initial log-likelihood: -1605.995
Optimal log-likelihood: -1605.995
Rate parameters:  A-C: 1.00000  A-G: 3.72687  A-T: 1.00000  C-G: 1.00000  C-T: 3.72687  G-T: 1.00000
Base frequencies:  A: 0.250  C: 0.250  G: 0.250  T: 0.250
Parameters optimization took 1 rounds (0.000 sec)
BEST SCORE FOUND : -1605.995
Creating bootstrap support values...
Split supports printed to NEXUS file 88154at7898.fltrd_aligned.fas.splits.nex
Total tree length: 0.039

Total number of iterations: 300
CPU time used for tree search: 1.243 sec (0h:0m:1s)
Wall-clock time used for tree search: 1.335 sec (0h:0m:1s)
Total CPU time used: 1.268 sec (0h:0m:1s)
Total wall-clock time used: 1.367 sec (0h:0m:1s)

Computing bootstrap consensus tree...
Reading input file 88154at7898.fltrd_aligned.fas.splits.nex...
11 taxa and 116 splits.
Consensus tree written to 88154at7898.fltrd_aligned.fas.contree
Reading input trees file 88154at7898.fltrd_aligned.fas.contree
Log-likelihood of consensus tree: -1606.014

Analysis results written to: 
  IQ-TREE report:                88154at7898.fltrd_aligned.fas.iqtree
  Maximum-likelihood tree:       88154at7898.fltrd_aligned.fas.treefile
  Likelihood distances:          88154at7898.fltrd_aligned.fas.mldist

Ultrafast bootstrap approximation results written to:
  Split support values:          88154at7898.fltrd_aligned.fas.splits.nex
  Consensus tree:                88154at7898.fltrd_aligned.fas.contree
  Screen log file:               88154at7898.fltrd_aligned.fas.log

Date and Time: Tue Dec  2 14:50:10 2025
