IQ-TREE multicore version 2.1.3 COVID-edition for Linux 64-bit built Apr 21 2021
Developed by Bui Quang Minh, James Barbetti, Nguyen Lam Tung,
Olga Chernomor, Heiko Schmidt, Dominik Schrempf, Michael Woodhams.

Host:    gombessa.rcs.alaska.edu (AVX2, FMA3, 503 GB RAM)
Command: /export/scratch/tsvanorden/Char_Phylogenetics/src/iqtree-2.1.3-Linux/bin/iqtree2 -s 104332at7898.fltrd_aligned.fas -m MFP -bb 1000 -T 1
Seed:    165744 (Using SPRNG - Scalable Parallel Random Number Generator)
Time:    Tue Dec  2 14:49:33 2025
Kernel:  AVX+FMA - 1 threads (1 CPU cores detected)

Reading alignment file 104332at7898.fltrd_aligned.fas ... Fasta format detected
Alignment most likely contains DNA/RNA sequences
Alignment has 20 sequences with 645 columns, 17 distinct patterns
7 parsimony-informative, 9 singleton sites, 629 constant sites
                                Gap/Ambiguity  Composition  p-value
   1  251140_Ward_Creek                 0.00%    passed     99.98%
   2  260512_Pybus_Point                0.00%    passed     99.98%
   3  261935_Kenai_River                0.00%    passed     99.91%
   4  353213_Cropley_Lake               0.00%    passed     99.98%
   5  353219_Peterson_Creek             0.00%    passed     99.98%
   6  353220_Fish_Creek                 0.00%    passed     99.98%
   7  353246_Cottonwood_Creek           0.00%    passed    100.00%
   8  353379_Skagit_River               0.00%    passed     99.90%
   9  353381_Dungeness_River            0.00%    passed     99.98%
  10  353401_Peace_River                0.00%    passed     99.90%
  11  353407_Noatok                     0.00%    passed     99.91%
  12  353410_Horizon_Lake               0.00%    passed     99.98%
  13  92319_Little_Lost                 0.00%    passed     99.90%
  14  94280_St_Joe                      0.00%    passed     99.90%
  15  GCA016432855_Lake_Trout           0.00%    passed     99.92%
  16  GCA036784925_Maine_S_alpinus      0.00%    passed     99.98%
  17  GCA045679555_Iceland_A_alpinus    0.00%    passed     99.98%
  18  GCF013265735_Rainbow_Trout        0.00%    passed     98.54%
  19  GCF029448725_Brook_Trout          0.00%    passed     98.87%
  20  Methow_River_99895                0.00%    passed     99.90%
****  TOTAL                             0.00%  0 sequences failed composition chi2 test (p-value<5%; df=3)
NOTE: 260512_Pybus_Point is identical to 251140_Ward_Creek but kept for subsequent analysis
NOTE: 353407_Noatok is identical to 261935_Kenai_River but kept for subsequent analysis
NOTE: 353401_Peace_River is identical to 353379_Skagit_River but kept for subsequent analysis
NOTE: 10 identical sequences (see below) will be ignored for subsequent analysis
NOTE: 353213_Cropley_Lake (identical to 251140_Ward_Creek) is ignored but added at the end
NOTE: 353219_Peterson_Creek (identical to 251140_Ward_Creek) is ignored but added at the end
NOTE: 353220_Fish_Creek (identical to 251140_Ward_Creek) is ignored but added at the end
NOTE: 353381_Dungeness_River (identical to 251140_Ward_Creek) is ignored but added at the end
NOTE: 353410_Horizon_Lake (identical to 251140_Ward_Creek) is ignored but added at the end
NOTE: GCA036784925_Maine_S_alpinus (identical to 251140_Ward_Creek) is ignored but added at the end
NOTE: GCA045679555_Iceland_A_alpinus (identical to 251140_Ward_Creek) is ignored but added at the end
NOTE: 92319_Little_Lost (identical to 353379_Skagit_River) is ignored but added at the end
NOTE: 94280_St_Joe (identical to 353379_Skagit_River) is ignored but added at the end
NOTE: Methow_River_99895 (identical to 353379_Skagit_River) is ignored but added at the end
Alignment was printed to 104332at7898.fltrd_aligned.fas.uniqueseq.phy

For your convenience alignment with unique sequences printed to 104332at7898.fltrd_aligned.fas.uniqueseq.phy


Create initial parsimony tree by phylogenetic likelihood library (PLL)... 0.000 seconds
Perform fast likelihood tree search using GTR+I+G model...
Estimate model parameters (epsilon = 5.000)
Perform nearest neighbor interchange...
Estimate model parameters (epsilon = 1.000)
1. Initial log-likelihood: -1008.611
Optimal log-likelihood: -1008.577
Rate parameters:  A-C: 1.83794  A-G: 2.08810  A-T: 0.00010  C-G: 1.90102  C-T: 4.55240  G-T: 1.00000
Base frequencies:  A: 0.257  C: 0.279  G: 0.245  T: 0.219
Proportion of invariable sites: 0.487
Gamma shape alpha: 998.448
Parameters optimization took 1 rounds (0.001 sec)
Time for fast ML tree search: 0.003 seconds

NOTE: ModelFinder requires 0 MB RAM!
ModelFinder will test up to 286 DNA models (sample size: 645) ...
 No. Model         -LnL         df  AIC          AICc         BIC
  1  GTR+F         1008.372     25  2066.743     2068.844     2178.475
  2  GTR+F+I       1008.368     26  2068.736     2071.008     2184.937
  3  GTR+F+G4      1008.368     26  2068.737     2071.009     2184.937
  4  GTR+F+I+G4    1008.567     27  2071.134     2073.584     2191.803
  5  GTR+F+R2      1008.462     27  2070.925     2073.375     2191.595
  6  GTR+F+R3      1008.487     29  2074.974     2077.803     2204.582
 14  SYM           1010.549     22  2065.097     2066.724     2163.421
 15  SYM+I         1010.541     23  2067.083     2068.861     2169.876
 16  SYM+G4        1010.542     23  2067.083     2068.861     2169.876
 27  TVM+F         1008.918     24  2065.836     2067.771     2173.098
 28  TVM+F+I       1008.917     25  2067.834     2069.934     2179.565
 29  TVM+F+G4      1008.917     25  2067.834     2069.934     2179.565
 40  TVMe          1011.061     21  2064.122     2065.605     2157.976
 41  TVMe+I        1011.056     22  2066.111     2067.738     2164.435
 42  TVMe+G4       1011.056     22  2066.112     2067.739     2164.435
 53  TIM3+F        1009.086     23  2064.173     2065.951     2166.966
 54  TIM3+F+I      1009.087     24  2066.174     2068.109     2173.436
 55  TIM3+F+G4     1009.087     24  2066.174     2068.109     2173.436
 66  TIM3e         1011.242     20  2062.485     2063.831     2151.870
 67  TIM3e+I       1011.241     21  2064.483     2065.966     2158.337
 68  TIM3e+G4      1011.242     21  2064.483     2065.966     2158.337
 79  TIM2+F        1010.398     23  2066.796     2068.574     2169.589
 80  TIM2+F+I      1010.398     24  2068.795     2070.731     2176.057
 81  TIM2+F+G4     1010.398     24  2068.796     2070.731     2176.058
 92  TIM2e         1012.823     20  2065.646     2066.992     2155.031
 93  TIM2e+I       1012.823     21  2067.645     2069.129     2161.500
 94  TIM2e+G4      1012.823     21  2067.646     2069.129     2161.500
105  TIM+F         1010.425     23  2066.849     2068.627     2169.642
106  TIM+F+I       1010.425     24  2068.849     2070.785     2176.111
107  TIM+F+G4      1010.425     24  2068.849     2070.785     2176.111
118  TIMe          1012.833     20  2065.665     2067.011     2155.050
119  TIMe+I        1012.833     21  2067.666     2069.149     2161.520
120  TIMe+G4       1012.833     21  2067.666     2069.149     2161.520
131  TPM3u+F       1009.632     22  2063.265     2064.892     2161.588
132  TPM3u+F+I     1009.632     23  2065.265     2067.042     2168.057
133  TPM3u+F+G4    1009.632     23  2065.265     2067.043     2168.058
144  TPM3+F        1009.632     22  2063.265     2064.892     2161.588
145  TPM3+F+I      1009.632     23  2065.265     2067.042     2168.057
146  TPM3+F+G4     1009.632     23  2065.265     2067.043     2168.058
157  TPM2u+F       1010.950     22  2065.900     2067.527     2164.224
158  TPM2u+F+I     1010.950     23  2067.900     2069.678     2170.693
159  TPM2u+F+G4    1010.950     23  2067.901     2069.678     2170.693
170  TPM2+F        1010.950     22  2065.900     2067.527     2164.224
171  TPM2+F+I      1010.950     23  2067.900     2069.678     2170.693
172  TPM2+F+G4     1010.950     23  2067.901     2069.678     2170.693
183  K3Pu+F        1010.977     22  2065.955     2067.582     2164.278
184  K3Pu+F+I      1010.977     23  2067.954     2069.732     2170.747
185  K3Pu+F+G4     1010.977     23  2067.954     2069.732     2170.747
196  K3P           1013.351     19  2064.702     2065.918     2149.618
197  K3P+I         1013.351     20  2066.701     2068.047     2156.086
198  K3P+G4        1013.351     20  2066.702     2068.048     2156.087
209  TN+F          1010.495     22  2064.991     2066.618     2163.314
210  TN+F+I        1010.495     23  2066.991     2068.768     2169.783
211  TN+F+G4       1010.495     23  2066.991     2068.769     2169.784
222  TNe           1012.906     19  2063.812     2065.028     2148.728
223  TNe+I         1012.906     20  2065.812     2067.158     2155.197
224  TNe+G4        1012.906     20  2065.812     2067.159     2155.197
235  HKY+F         1011.047     21  2064.095     2065.578     2157.949
236  HKY+F+I       1011.047     22  2066.095     2067.722     2164.418
237  HKY+F+G4      1011.047     22  2066.095     2067.722     2164.418
248  K2P           1013.424     18  2062.849     2063.941     2143.295
249  K2P+I         1013.424     19  2064.848     2066.064     2149.764
250  K2P+G4        1013.424     19  2064.849     2066.065     2149.765
261  F81+F         1012.836     20  2065.673     2067.019     2155.058
262  F81+F+I       1012.836     21  2067.673     2069.156     2161.527
263  F81+F+G4      1012.837     21  2067.673     2069.156     2161.527
274  JC            1015.186     17  2064.371     2065.347     2140.348
275  JC+I          1015.186     18  2066.371     2067.464     2146.818
276  JC+G4         1015.186     18  2066.371     2067.464     2146.818
Akaike Information Criterion:           TIM3e
Corrected Akaike Information Criterion: TIM3e
Bayesian Information Criterion:         JC
Best-fit model: JC chosen according to BIC

All model information printed to 104332at7898.fltrd_aligned.fas.model.gz
CPU time for ModelFinder: 0.068 seconds (0h:0m:0s)
Wall-clock time for ModelFinder: 0.076 seconds (0h:0m:0s)
Generating 1000 samples for ultrafast bootstrap (seed: 165744)...

NOTE: 0 MB RAM (0 GB) is required!
Estimate model parameters (epsilon = 0.100)
1. Initial log-likelihood: -1015.186
Optimal log-likelihood: -1015.186
Rate parameters:  A-C: 1.00000  A-G: 1.00000  A-T: 1.00000  C-G: 1.00000  C-T: 1.00000  G-T: 1.00000
Base frequencies:  A: 0.250  C: 0.250  G: 0.250  T: 0.250
Parameters optimization took 1 rounds (0.000 sec)
Computing ML distances based on estimated model parameters...
Computing ML distances took 0.000117 sec (of wall-clock time) 0.000091 sec(of CPU time)
Computing RapidNJ tree took 0.000035 sec (of wall-clock time) 0.000032 sec (of CPU time)
Log-likelihood of RapidNJ tree: -1015.192
--------------------------------------------------------------------
|             INITIALIZING CANDIDATE TREE SET                      |
--------------------------------------------------------------------
Generating 98 parsimony trees... 0.029 second
Computing log-likelihood of 94 initial trees ... 0.008 seconds
Current best score: -1015.186

Do NNI search on 20 best initial trees
Estimate model parameters (epsilon = 0.100)
BETTER TREE FOUND at iteration 1: -1015.186
Iteration 10 / LogL: -1015.186 / Time: 0h:0m:0s
BETTER TREE FOUND at iteration 12: -1015.186
UPDATE BEST LOG-LIKELIHOOD: -1015.186
Iteration 20 / LogL: -1015.186 / Time: 0h:0m:0s
Finish initializing candidate tree set (11)
Current best tree score: -1015.186 / CPU time: 0.080
Number of iterations: 20
--------------------------------------------------------------------
|               OPTIMIZING CANDIDATE TREE SET                      |
--------------------------------------------------------------------
Iteration 30 / LogL: -1027.111 / Time: 0h:0m:0s (0h:0m:0s left)
Iteration 40 / LogL: -1015.186 / Time: 0h:0m:0s (0h:0m:0s left)
Iteration 50 / LogL: -1015.186 / Time: 0h:0m:0s (0h:0m:0s left)
Log-likelihood cutoff on original alignment: -1058.214
Iteration 60 / LogL: -1015.188 / Time: 0h:0m:0s (0h:0m:0s left)
Iteration 70 / LogL: -1015.187 / Time: 0h:0m:0s (0h:0m:0s left)
Iteration 80 / LogL: -1015.189 / Time: 0h:0m:0s (0h:0m:0s left)
Iteration 90 / LogL: -1015.189 / Time: 0h:0m:0s (0h:0m:0s left)
UPDATE BEST LOG-LIKELIHOOD: -1015.186
Iteration 100 / LogL: -1015.186 / Time: 0h:0m:0s (0h:0m:0s left)
Log-likelihood cutoff on original alignment: -1058.089
NOTE: Bootstrap correlation coefficient of split occurrence frequencies: 0.977
NOTE: UFBoot does not converge, continue at least 100 more iterations
Iteration 110 / LogL: -1015.186 / Time: 0h:0m:0s (0h:0m:0s left)
Iteration 120 / LogL: -1015.186 / Time: 0h:0m:0s (0h:0m:0s left)
Iteration 130 / LogL: -1027.111 / Time: 0h:0m:0s (0h:0m:0s left)
BETTER TREE FOUND at iteration 131: -1015.186
Iteration 140 / LogL: -1015.186 / Time: 0h:0m:0s (0h:0m:0s left)
Iteration 150 / LogL: -1015.188 / Time: 0h:0m:0s (0h:0m:0s left)
Log-likelihood cutoff on original alignment: -1058.089
Iteration 160 / LogL: -1015.188 / Time: 0h:0m:0s (0h:0m:0s left)
UPDATE BEST LOG-LIKELIHOOD: -1015.186
Iteration 170 / LogL: -1015.189 / Time: 0h:0m:0s (0h:0m:0s left)
Iteration 180 / LogL: -1015.187 / Time: 0h:0m:0s (0h:0m:0s left)
Iteration 190 / LogL: -1015.187 / Time: 0h:0m:0s (0h:0m:0s left)
UPDATE BEST LOG-LIKELIHOOD: -1015.186
Iteration 200 / LogL: -1015.186 / Time: 0h:0m:0s (0h:0m:0s left)
Log-likelihood cutoff on original alignment: -1058.176
NOTE: Bootstrap correlation coefficient of split occurrence frequencies: 0.985
NOTE: UFBoot does not converge, continue at least 100 more iterations
Iteration 210 / LogL: -1015.186 / Time: 0h:0m:1s (0h:0m:0s left)
Iteration 220 / LogL: -1015.188 / Time: 0h:0m:1s (0h:0m:0s left)
Iteration 230 / LogL: -1015.188 / Time: 0h:0m:1s (0h:0m:0s left)
Iteration 240 / LogL: -1015.186 / Time: 0h:0m:1s (0h:0m:0s left)
Iteration 250 / LogL: -1015.188 / Time: 0h:0m:1s (0h:0m:0s left)
Log-likelihood cutoff on original alignment: -1058.254
Iteration 260 / LogL: -1015.187 / Time: 0h:0m:1s (0h:0m:0s left)
Iteration 270 / LogL: -1015.186 / Time: 0h:0m:1s (0h:0m:0s left)
Iteration 280 / LogL: -1015.187 / Time: 0h:0m:1s (0h:0m:0s left)
Iteration 290 / LogL: -1015.186 / Time: 0h:0m:1s (0h:0m:0s left)
Iteration 300 / LogL: -1015.187 / Time: 0h:0m:1s (0h:0m:0s left)
Log-likelihood cutoff on original alignment: -1058.254
NOTE: Bootstrap correlation coefficient of split occurrence frequencies: 0.974
NOTE: UFBoot does not converge, continue at least 100 more iterations
Iteration 310 / LogL: -1015.186 / Time: 0h:0m:1s (0h:0m:0s left)
Iteration 320 / LogL: -1015.188 / Time: 0h:0m:1s (0h:0m:0s left)
UPDATE BEST LOG-LIKELIHOOD: -1015.186
Iteration 330 / LogL: -1015.186 / Time: 0h:0m:1s (0h:0m:0s left)
Iteration 340 / LogL: -1015.186 / Time: 0h:0m:1s (0h:0m:0s left)
Iteration 350 / LogL: -1015.186 / Time: 0h:0m:1s (0h:0m:0s left)
Log-likelihood cutoff on original alignment: -1058.254
UPDATE BEST LOG-LIKELIHOOD: -1015.186
Iteration 360 / LogL: -1027.111 / Time: 0h:0m:1s (0h:0m:0s left)
Iteration 370 / LogL: -1015.188 / Time: 0h:0m:1s (0h:0m:0s left)
Iteration 380 / LogL: -1015.189 / Time: 0h:0m:1s (0h:0m:0s left)
Iteration 390 / LogL: -1015.186 / Time: 0h:0m:2s (0h:0m:0s left)
Iteration 400 / LogL: -1015.186 / Time: 0h:0m:2s (0h:0m:0s left)
Log-likelihood cutoff on original alignment: -1058.254
NOTE: Bootstrap correlation coefficient of split occurrence frequencies: 0.968
NOTE: UFBoot does not converge, continue at least 100 more iterations
Iteration 410 / LogL: -1015.186 / Time: 0h:0m:2s (0h:0m:0s left)
Iteration 420 / LogL: -1015.189 / Time: 0h:0m:2s (0h:0m:0s left)
Iteration 430 / LogL: -1021.501 / Time: 0h:0m:2s (0h:0m:0s left)
Iteration 440 / LogL: -1015.186 / Time: 0h:0m:2s (0h:0m:0s left)
Iteration 450 / LogL: -1015.187 / Time: 0h:0m:2s (0h:0m:0s left)
Log-likelihood cutoff on original alignment: -1058.254
Iteration 460 / LogL: -1021.499 / Time: 0h:0m:2s (0h:0m:0s left)
Iteration 470 / LogL: -1015.188 / Time: 0h:0m:2s (0h:0m:0s left)
Iteration 480 / LogL: -1021.502 / Time: 0h:0m:2s (0h:0m:0s left)
Iteration 490 / LogL: -1015.187 / Time: 0h:0m:2s (0h:0m:0s left)
Iteration 500 / LogL: -1015.187 / Time: 0h:0m:2s (0h:0m:0s left)
Log-likelihood cutoff on original alignment: -1058.254
NOTE: Bootstrap correlation coefficient of split occurrence frequencies: 0.976
NOTE: UFBoot does not converge, continue at least 100 more iterations
Iteration 510 / LogL: -1015.186 / Time: 0h:0m:2s (0h:0m:0s left)
Iteration 520 / LogL: -1015.186 / Time: 0h:0m:2s (0h:0m:0s left)
Iteration 530 / LogL: -1015.187 / Time: 0h:0m:2s (0h:0m:0s left)
Iteration 540 / LogL: -1015.186 / Time: 0h:0m:2s (0h:0m:0s left)
Iteration 550 / LogL: -1015.186 / Time: 0h:0m:2s (0h:0m:0s left)
Log-likelihood cutoff on original alignment: -1058.254
Iteration 560 / LogL: -1015.186 / Time: 0h:0m:2s (0h:0m:0s left)
Iteration 570 / LogL: -1015.187 / Time: 0h:0m:2s (0h:0m:0s left)
Iteration 580 / LogL: -1015.186 / Time: 0h:0m:3s (0h:0m:0s left)
Iteration 590 / LogL: -1015.186 / Time: 0h:0m:3s (0h:0m:0s left)
Iteration 600 / LogL: -1015.186 / Time: 0h:0m:3s (0h:0m:0s left)
Log-likelihood cutoff on original alignment: -1058.254
NOTE: Bootstrap correlation coefficient of split occurrence frequencies: 0.987
NOTE: UFBoot does not converge, continue at least 100 more iterations
Iteration 610 / LogL: -1015.186 / Time: 0h:0m:3s (0h:0m:0s left)
Iteration 620 / LogL: -1015.186 / Time: 0h:0m:3s (0h:0m:0s left)
Iteration 630 / LogL: -1015.187 / Time: 0h:0m:3s (0h:0m:0s left)
Iteration 640 / LogL: -1015.187 / Time: 0h:0m:3s (0h:0m:0s left)
Iteration 650 / LogL: -1015.186 / Time: 0h:0m:3s (0h:0m:0s left)
Log-likelihood cutoff on original alignment: -1058.018
Iteration 660 / LogL: -1021.500 / Time: 0h:0m:3s (0h:0m:0s left)
Iteration 670 / LogL: -1015.187 / Time: 0h:0m:3s (0h:0m:0s left)
Iteration 680 / LogL: -1015.189 / Time: 0h:0m:3s (0h:0m:0s left)
Iteration 690 / LogL: -1015.186 / Time: 0h:0m:3s (0h:0m:0s left)
Iteration 700 / LogL: -1015.186 / Time: 0h:0m:3s (0h:0m:0s left)
Log-likelihood cutoff on original alignment: -1058.018
NOTE: Bootstrap correlation coefficient of split occurrence frequencies: 0.981
NOTE: UFBoot does not converge, continue at least 100 more iterations
Iteration 710 / LogL: -1015.186 / Time: 0h:0m:3s (0h:0m:0s left)
Iteration 720 / LogL: -1015.186 / Time: 0h:0m:3s (0h:0m:0s left)
Iteration 730 / LogL: -1015.186 / Time: 0h:0m:3s (0h:0m:0s left)
Iteration 740 / LogL: -1015.186 / Time: 0h:0m:3s (0h:0m:0s left)
Iteration 750 / LogL: -1015.186 / Time: 0h:0m:3s (0h:0m:0s left)
Log-likelihood cutoff on original alignment: -1058.018
Iteration 760 / LogL: -1015.186 / Time: 0h:0m:4s (0h:0m:0s left)
Iteration 770 / LogL: -1015.186 / Time: 0h:0m:4s (0h:0m:0s left)
Iteration 780 / LogL: -1015.186 / Time: 0h:0m:4s (0h:0m:0s left)
Iteration 790 / LogL: -1015.187 / Time: 0h:0m:4s (0h:0m:0s left)
Iteration 800 / LogL: -1015.186 / Time: 0h:0m:4s (0h:0m:0s left)
Log-likelihood cutoff on original alignment: -1058.018
NOTE: Bootstrap correlation coefficient of split occurrence frequencies: 0.971
NOTE: UFBoot does not converge, continue at least 100 more iterations
Iteration 810 / LogL: -1015.187 / Time: 0h:0m:4s (0h:0m:0s left)
Iteration 820 / LogL: -1015.186 / Time: 0h:0m:4s (0h:0m:0s left)
Iteration 830 / LogL: -1015.189 / Time: 0h:0m:4s (0h:0m:0s left)
Iteration 840 / LogL: -1015.186 / Time: 0h:0m:4s (0h:0m:0s left)
Iteration 850 / LogL: -1015.186 / Time: 0h:0m:4s (0h:0m:0s left)
Log-likelihood cutoff on original alignment: -1058.018
Iteration 860 / LogL: -1015.186 / Time: 0h:0m:4s (0h:0m:0s left)
Iteration 870 / LogL: -1015.188 / Time: 0h:0m:4s (0h:0m:0s left)
Iteration 880 / LogL: -1015.186 / Time: 0h:0m:4s (0h:0m:0s left)
Iteration 890 / LogL: -1015.186 / Time: 0h:0m:4s (0h:0m:0s left)
Iteration 900 / LogL: -1015.186 / Time: 0h:0m:4s (0h:0m:0s left)
Log-likelihood cutoff on original alignment: -1058.018
NOTE: Bootstrap correlation coefficient of split occurrence frequencies: 0.982
NOTE: UFBoot does not converge, continue at least 100 more iterations
Iteration 910 / LogL: -1015.190 / Time: 0h:0m:5s (0h:0m:0s left)
Iteration 920 / LogL: -1021.500 / Time: 0h:0m:5s (0h:0m:0s left)
Iteration 930 / LogL: -1015.186 / Time: 0h:0m:5s (0h:0m:0s left)
Iteration 940 / LogL: -1015.186 / Time: 0h:0m:5s (0h:0m:0s left)
Iteration 950 / LogL: -1021.499 / Time: 0h:0m:5s (0h:0m:0s left)
Log-likelihood cutoff on original alignment: -1058.018
Iteration 960 / LogL: -1015.186 / Time: 0h:0m:5s (0h:0m:0s left)
Iteration 970 / LogL: -1015.186 / Time: 0h:0m:5s (0h:0m:0s left)
Iteration 980 / LogL: -1015.186 / Time: 0h:0m:5s (0h:0m:0s left)
Iteration 990 / LogL: -1015.186 / Time: 0h:0m:5s (0h:0m:0s left)
Iteration 1000 / LogL: -1015.187 / Time: 0h:0m:5s (0h:0m:0s left)
Log-likelihood cutoff on original alignment: -1058.018
NOTE: Bootstrap correlation coefficient of split occurrence frequencies: 0.990
NOTE: UFBoot does not converge, continue at least 100 more iterations
WARNING: bootstrap analysis did not converge. You should rerun with higher number of iterations (-nm option)
TREE SEARCH COMPLETED AFTER 1001 ITERATIONS / Time: 0h:0m:5s

--------------------------------------------------------------------
|                    FINALIZING TREE SEARCH                        |
--------------------------------------------------------------------
Performs final model parameters optimization
Estimate model parameters (epsilon = 0.010)
1. Initial log-likelihood: -1015.186
Optimal log-likelihood: -1015.186
Rate parameters:  A-C: 1.00000  A-G: 1.00000  A-T: 1.00000  C-G: 1.00000  C-T: 1.00000  G-T: 1.00000
Base frequencies:  A: 0.250  C: 0.250  G: 0.250  T: 0.250
Parameters optimization took 1 rounds (0.000 sec)
BEST SCORE FOUND : -1015.186
Creating bootstrap support values...
Split supports printed to NEXUS file 104332at7898.fltrd_aligned.fas.splits.nex
Total tree length: 0.025

Total number of iterations: 1001
CPU time used for tree search: 5.734 sec (0h:0m:5s)
Wall-clock time used for tree search: 5.827 sec (0h:0m:5s)
Total CPU time used: 5.787 sec (0h:0m:5s)
Total wall-clock time used: 5.885 sec (0h:0m:5s)

Computing bootstrap consensus tree...
Reading input file 104332at7898.fltrd_aligned.fas.splits.nex...
10 taxa and 116 splits.
Consensus tree written to 104332at7898.fltrd_aligned.fas.contree
Reading input trees file 104332at7898.fltrd_aligned.fas.contree
Log-likelihood of consensus tree: -1015.195

Analysis results written to: 
  IQ-TREE report:                104332at7898.fltrd_aligned.fas.iqtree
  Maximum-likelihood tree:       104332at7898.fltrd_aligned.fas.treefile
  Likelihood distances:          104332at7898.fltrd_aligned.fas.mldist

Ultrafast bootstrap approximation results written to:
  Split support values:          104332at7898.fltrd_aligned.fas.splits.nex
  Consensus tree:                104332at7898.fltrd_aligned.fas.contree
  Screen log file:               104332at7898.fltrd_aligned.fas.log

Date and Time: Tue Dec  2 14:49:39 2025
