IQ-TREE multicore version 2.1.3 COVID-edition for Linux 64-bit built Apr 21 2021
Developed by Bui Quang Minh, James Barbetti, Nguyen Lam Tung,
Olga Chernomor, Heiko Schmidt, Dominik Schrempf, Michael Woodhams.

Host:    gombessa.rcs.alaska.edu (AVX2, FMA3, 503 GB RAM)
Command: /export/scratch/tsvanorden/Char_Phylogenetics/src/iqtree-2.1.3-Linux/bin/iqtree2 -s 41507at7898.fltrd_aligned.fas -m MFP -bb 1000 -T 1
Seed:    105686 (Using SPRNG - Scalable Parallel Random Number Generator)
Time:    Tue Dec  2 14:49:33 2025
Kernel:  AVX+FMA - 1 threads (1 CPU cores detected)

Reading alignment file 41507at7898.fltrd_aligned.fas ... Fasta format detected
Alignment most likely contains DNA/RNA sequences
WARNING: 99 sites contain only gaps or ambiguous characters.
Alignment has 20 sequences with 1752 columns, 46 distinct patterns
8 parsimony-informative, 48 singleton sites, 1696 constant sites
                                Gap/Ambiguity  Composition  p-value
   1  251140_Ward_Creek                 5.65%    passed     99.99%
   2  260512_Pybus_Point                5.65%    passed     99.99%
   3  261935_Kenai_River                5.65%    passed    100.00%
   4  353213_Cropley_Lake               5.65%    passed     99.94%
   5  353219_Peterson_Creek             5.65%    passed     99.99%
   6  353220_Fish_Creek                 5.65%    passed     99.99%
   7  353246_Cottonwood_Creek           5.65%    passed     99.99%
   8  353379_Skagit_River               6.51%    passed     99.56%
   9  353381_Dungeness_River           13.07%    passed     95.04%
  10  353401_Peace_River                5.65%    passed     99.85%
  11  353407_Noatok                     5.65%    passed    100.00%
  12  353410_Horizon_Lake               5.65%    passed     99.99%
  13  92319_Little_Lost                 5.65%    passed     99.60%
  14  94280_St_Joe                      5.65%    passed     99.85%
  15  GCA016432855_Lake_Trout           5.65%    passed     99.94%
  16  GCA036784925_Maine_S_alpinus      5.65%    passed     99.99%
  17  GCA045679555_Iceland_A_alpinus    5.65%    passed     99.91%
  18  GCF013265735_Rainbow_Trout        5.65%    passed     90.36%
  19  GCF029448725_Brook_Trout          5.82%    passed     99.73%
  20  Methow_River_99895                5.65%    passed     99.85%
****  TOTAL                             6.07%  0 sequences failed composition chi2 test (p-value<5%; df=3)
NOTE: 260512_Pybus_Point is identical to 251140_Ward_Creek but kept for subsequent analysis
NOTE: 353407_Noatok is identical to 261935_Kenai_River but kept for subsequent analysis
NOTE: 94280_St_Joe is identical to 353401_Peace_River but kept for subsequent analysis
NOTE: GCA036784925_Maine_S_alpinus is identical to 353410_Horizon_Lake but kept for subsequent analysis
NOTE: 4 identical sequences (see below) will be ignored for subsequent analysis
NOTE: 353219_Peterson_Creek (identical to 251140_Ward_Creek) is ignored but added at the end
NOTE: 353220_Fish_Creek (identical to 251140_Ward_Creek) is ignored but added at the end
NOTE: 353246_Cottonwood_Creek (identical to 251140_Ward_Creek) is ignored but added at the end
NOTE: Methow_River_99895 (identical to 353401_Peace_River) is ignored but added at the end
Alignment was printed to 41507at7898.fltrd_aligned.fas.uniqueseq.phy

For your convenience alignment with unique sequences printed to 41507at7898.fltrd_aligned.fas.uniqueseq.phy


Create initial parsimony tree by phylogenetic likelihood library (PLL)... 0.000 seconds
Perform fast likelihood tree search using GTR+I+G model...
Estimate model parameters (epsilon = 5.000)
Perform nearest neighbor interchange...
Estimate model parameters (epsilon = 1.000)
1. Initial log-likelihood: -2620.645
Optimal log-likelihood: -2620.644
Rate parameters:  A-C: 0.75044  A-G: 4.69926  A-T: 1.46412  C-G: 0.90984  C-T: 9.10195  G-T: 1.00000
Base frequencies:  A: 0.220  C: 0.293  G: 0.320  T: 0.166
Proportion of invariable sites: 0.484
Gamma shape alpha: 0.858
Parameters optimization took 1 rounds (0.001 sec)
Time for fast ML tree search: 0.010 seconds

NOTE: ModelFinder requires 0 MB RAM!
ModelFinder will test up to 286 DNA models (sample size: 1752) ...
 No. Model         -LnL         df  AIC          AICc         BIC
  1  GTR+F         2621.785     37  5317.570     5319.211     5519.905
  2  GTR+F+I       2620.645     38  5317.291     5319.021     5525.094
  3  GTR+F+G4      2620.645     38  5317.290     5319.020     5525.093
  4  GTR+F+I+G4    2620.645     39  5319.289     5321.112     5532.561
  5  GTR+F+R2      2621.254     39  5320.509     5322.331     5533.781
  6  GTR+F+R3      2621.101     41  5324.201     5326.215     5548.410
 14  SYM           2668.388     34  5404.776     5406.162     5590.705
 15  SYM+I         2667.468     35  5404.936     5406.405     5596.334
 16  SYM+G4        2667.469     35  5404.937     5406.406     5596.335
 27  TVM+F         2624.052     36  5320.103     5321.657     5516.970
 28  TVM+F+I       2622.765     37  5319.531     5321.171     5521.866
 29  TVM+F+G4      2622.767     37  5319.534     5321.175     5521.869
 40  TVMe          2669.437     33  5404.875     5406.181     5585.336
 41  TVMe+I        2668.436     34  5404.872     5406.259     5590.802
 42  TVMe+G4       2668.442     34  5404.883     5406.269     5590.813
 53  TIM3+F        2621.916     35  5313.833     5315.301     5505.231
 54  TIM3+F+I      2620.803     36  5313.605     5315.159     5510.472
 55  TIM3+F+G4     2620.802     36  5313.605     5315.158     5510.471
 66  TIM3e         2668.542     32  5401.083     5402.312     5576.076
 67  TIM3e+I       2667.646     33  5401.292     5402.598     5581.753
 68  TIM3e+G4      2667.646     33  5401.291     5402.597     5581.752
 79  TIM2+F        2622.027     35  5314.055     5315.523     5505.453
 80  TIM2+F+I      2620.926     36  5313.852     5315.405     5510.718
 81  TIM2+F+G4     2620.926     36  5313.853     5315.406     5510.719
 92  TIM2e         2668.531     32  5401.063     5402.291     5576.055
 93  TIM2e+I       2667.642     33  5401.283     5402.589     5581.744
 94  TIM2e+G4      2667.641     33  5401.283     5402.589     5581.744
105  TIM+F         2621.970     35  5313.941     5315.409     5505.339
106  TIM+F+I       2620.865     36  5313.729     5315.282     5510.596
107  TIM+F+G4      2620.866     36  5313.731     5315.284     5510.598
118  TIMe          2668.390     32  5400.779     5402.008     5575.772
119  TIMe+I        2667.468     33  5400.937     5402.243     5581.398
120  TIMe+G4       2667.469     33  5400.938     5402.245     5581.399
131  TPM3u+F       2624.180     34  5316.359     5317.745     5502.289
132  TPM3u+F+I     2622.921     35  5315.843     5317.311     5507.241
133  TPM3u+F+G4    2622.923     35  5315.847     5317.315     5507.245
144  TPM3+F        2624.179     34  5316.357     5317.743     5502.287
145  TPM3+F+I      2622.921     35  5315.843     5317.311     5507.241
146  TPM3+F+G4     2622.923     35  5315.847     5317.315     5507.245
157  TPM2u+F       2624.291     34  5316.583     5317.969     5502.512
158  TPM2u+F+I     2623.054     35  5316.108     5317.576     5507.506
159  TPM2u+F+G4    2623.057     35  5316.114     5317.583     5507.512
170  TPM2+F        2624.291     34  5316.583     5317.969     5502.512
171  TPM2+F+I      2623.054     35  5316.108     5317.576     5507.506
172  TPM2+F+G4     2623.057     35  5316.114     5317.583     5507.512
183  K3Pu+F        2624.245     34  5316.490     5317.876     5502.419
184  K3Pu+F+I      2622.989     35  5315.977     5317.446     5507.375
185  K3Pu+F+G4     2622.990     35  5315.981     5317.449     5507.379
196  K3P           2669.445     31  5400.890     5402.043     5570.414
197  K3P+I         2668.433     32  5400.866     5402.095     5575.858
198  K3P+G4        2668.438     32  5400.877     5402.105     5575.869
209  TN+F          2622.036     34  5312.071     5313.457     5498.001
210  TN+F+I        2620.934     35  5311.867     5313.336     5503.265
211  TN+F+G4       2620.933     35  5311.866     5313.335     5503.264
222  TNe           2668.544     31  5399.088     5400.242     5568.612
223  TNe+I         2667.646     32  5399.292     5400.521     5574.284
224  TNe+G4        2667.646     32  5399.292     5400.521     5574.285
235  HKY+F         2624.302     33  5314.604     5315.910     5495.065
236  HKY+F+I       2623.061     34  5314.123     5315.509     5500.052
237  HKY+F+G4      2623.064     34  5314.128     5315.514     5500.057
248  K2P           2669.593     30  5399.187     5400.268     5563.242
249  K2P+I         2668.614     31  5399.229     5400.382     5568.753
250  K2P+G4        2668.620     31  5399.239     5400.393     5568.763
261  F81+F         2647.215     32  5358.430     5359.658     5533.422
262  F81+F+I       2646.071     33  5358.141     5359.447     5538.602
263  F81+F+G4      2646.072     33  5358.144     5359.450     5538.605
274  JC            2691.511     29  5441.022     5442.032     5599.609
275  JC+I          2690.425     30  5440.850     5441.931     5604.906
276  JC+G4         2690.427     30  5440.854     5441.935     5604.910
Akaike Information Criterion:           TN+F+G4
Corrected Akaike Information Criterion: TN+F+G4
Bayesian Information Criterion:         HKY+F
Best-fit model: HKY+F chosen according to BIC

All model information printed to 41507at7898.fltrd_aligned.fas.model.gz
CPU time for ModelFinder: 0.123 seconds (0h:0m:0s)
Wall-clock time for ModelFinder: 0.131 seconds (0h:0m:0s)
Generating 1000 samples for ultrafast bootstrap (seed: 105686)...

NOTE: 0 MB RAM (0 GB) is required!
Estimate model parameters (epsilon = 0.100)
1. Initial log-likelihood: -2624.302
Optimal log-likelihood: -2624.302
Rate parameters:  A-C: 1.00000  A-G: 6.58603  A-T: 1.00000  C-G: 1.00000  C-T: 6.58603  G-T: 1.00000
Base frequencies:  A: 0.220  C: 0.293  G: 0.320  T: 0.166
Parameters optimization took 1 rounds (0.000 sec)
Computing ML distances based on estimated model parameters...
Computing ML distances took 0.001018 sec (of wall-clock time) 0.000988 sec(of CPU time)
Computing RapidNJ tree took 0.000058 sec (of wall-clock time) 0.000054 sec (of CPU time)
Log-likelihood of RapidNJ tree: -2646.237
--------------------------------------------------------------------
|             INITIALIZING CANDIDATE TREE SET                      |
--------------------------------------------------------------------
Generating 98 parsimony trees... 0.036 second
Computing log-likelihood of 98 initial trees ... 0.035 seconds
Current best score: -2624.300

Do NNI search on 20 best initial trees
Estimate model parameters (epsilon = 0.100)
BETTER TREE FOUND at iteration 1: -2624.300
Iteration 10 / LogL: -2624.300 / Time: 0h:0m:0s
Iteration 20 / LogL: -2624.300 / Time: 0h:0m:0s
Finish initializing candidate tree set (11)
Current best tree score: -2624.300 / CPU time: 0.175
Number of iterations: 20
--------------------------------------------------------------------
|               OPTIMIZING CANDIDATE TREE SET                      |
--------------------------------------------------------------------
Iteration 30 / LogL: -2624.305 / Time: 0h:0m:0s (0h:0m:0s left)
Iteration 40 / LogL: -2624.304 / Time: 0h:0m:0s (0h:0m:0s left)
Iteration 50 / LogL: -2624.302 / Time: 0h:0m:0s (0h:0m:0s left)
Log-likelihood cutoff on original alignment: -2646.347
Iteration 60 / LogL: -2624.306 / Time: 0h:0m:0s (0h:0m:0s left)
Iteration 70 / LogL: -2637.837 / Time: 0h:0m:0s (0h:0m:0s left)
Iteration 80 / LogL: -2624.302 / Time: 0h:0m:0s (0h:0m:0s left)
Iteration 90 / LogL: -2624.300 / Time: 0h:0m:0s (0h:0m:0s left)
Iteration 100 / LogL: -2624.300 / Time: 0h:0m:0s (0h:0m:0s left)
Log-likelihood cutoff on original alignment: -2646.992
NOTE: Bootstrap correlation coefficient of split occurrence frequencies: 0.984
NOTE: UFBoot does not converge, continue at least 100 more iterations
Iteration 110 / LogL: -2624.302 / Time: 0h:0m:0s (0h:0m:0s left)
Iteration 120 / LogL: -2630.008 / Time: 0h:0m:0s (0h:0m:0s left)
Iteration 130 / LogL: -2624.312 / Time: 0h:0m:0s (0h:0m:0s left)
Iteration 140 / LogL: -2624.300 / Time: 0h:0m:1s (0h:0m:0s left)
Iteration 150 / LogL: -2624.302 / Time: 0h:0m:1s (0h:0m:0s left)
Log-likelihood cutoff on original alignment: -2650.311
Iteration 160 / LogL: -2624.302 / Time: 0h:0m:1s (0h:0m:0s left)
Iteration 170 / LogL: -2624.304 / Time: 0h:0m:1s (0h:0m:0s left)
Iteration 180 / LogL: -2624.310 / Time: 0h:0m:1s (0h:0m:0s left)
UPDATE BEST LOG-LIKELIHOOD: -2624.300
Iteration 190 / LogL: -2624.302 / Time: 0h:0m:1s (0h:0m:0s left)
Iteration 200 / LogL: -2624.309 / Time: 0h:0m:1s (0h:0m:0s left)
Log-likelihood cutoff on original alignment: -2652.405
NOTE: Bootstrap correlation coefficient of split occurrence frequencies: 0.983
NOTE: UFBoot does not converge, continue at least 100 more iterations
Iteration 210 / LogL: -2624.306 / Time: 0h:0m:1s (0h:0m:0s left)
Iteration 220 / LogL: -2624.306 / Time: 0h:0m:1s (0h:0m:0s left)
Iteration 230 / LogL: -2624.314 / Time: 0h:0m:1s (0h:0m:0s left)
Iteration 240 / LogL: -2624.300 / Time: 0h:0m:1s (0h:0m:0s left)
Iteration 250 / LogL: -2628.604 / Time: 0h:0m:1s (0h:0m:0s left)
Log-likelihood cutoff on original alignment: -2653.274
Iteration 260 / LogL: -2624.302 / Time: 0h:0m:1s (0h:0m:0s left)
Iteration 270 / LogL: -2624.300 / Time: 0h:0m:2s (0h:0m:0s left)
Iteration 280 / LogL: -2624.308 / Time: 0h:0m:2s (0h:0m:0s left)
Iteration 290 / LogL: -2624.300 / Time: 0h:0m:2s (0h:0m:0s left)
Iteration 300 / LogL: -2624.300 / Time: 0h:0m:2s (0h:0m:0s left)
Log-likelihood cutoff on original alignment: -2654.705
NOTE: Bootstrap correlation coefficient of split occurrence frequencies: 0.985
NOTE: UFBoot does not converge, continue at least 100 more iterations
Iteration 310 / LogL: -2624.300 / Time: 0h:0m:2s (0h:0m:0s left)
Iteration 320 / LogL: -2624.309 / Time: 0h:0m:2s (0h:0m:0s left)
Iteration 330 / LogL: -2624.300 / Time: 0h:0m:2s (0h:0m:0s left)
Iteration 340 / LogL: -2624.306 / Time: 0h:0m:2s (0h:0m:0s left)
Iteration 350 / LogL: -2624.300 / Time: 0h:0m:2s (0h:0m:0s left)
Log-likelihood cutoff on original alignment: -2655.831
Iteration 360 / LogL: -2630.012 / Time: 0h:0m:2s (0h:0m:0s left)
Iteration 370 / LogL: -2624.300 / Time: 0h:0m:2s (0h:0m:0s left)
Iteration 380 / LogL: -2628.597 / Time: 0h:0m:2s (0h:0m:0s left)
UPDATE BEST LOG-LIKELIHOOD: -2624.300
Iteration 390 / LogL: -2624.303 / Time: 0h:0m:2s (0h:0m:0s left)
Iteration 400 / LogL: -2624.304 / Time: 0h:0m:3s (0h:0m:0s left)
Log-likelihood cutoff on original alignment: -2656.654
NOTE: Bootstrap correlation coefficient of split occurrence frequencies: 0.987
NOTE: UFBoot does not converge, continue at least 100 more iterations
Iteration 410 / LogL: -2624.302 / Time: 0h:0m:3s (0h:0m:0s left)
Iteration 420 / LogL: -2624.300 / Time: 0h:0m:3s (0h:0m:0s left)
Iteration 430 / LogL: -2624.300 / Time: 0h:0m:3s (0h:0m:0s left)
Iteration 440 / LogL: -2628.599 / Time: 0h:0m:3s (0h:0m:0s left)
Iteration 450 / LogL: -2624.304 / Time: 0h:0m:3s (0h:0m:0s left)
Log-likelihood cutoff on original alignment: -2657.726
Iteration 460 / LogL: -2624.300 / Time: 0h:0m:3s (0h:0m:0s left)
Iteration 470 / LogL: -2624.302 / Time: 0h:0m:3s (0h:0m:0s left)
Iteration 480 / LogL: -2624.305 / Time: 0h:0m:3s (0h:0m:0s left)
Iteration 490 / LogL: -2624.300 / Time: 0h:0m:3s (0h:0m:0s left)
Iteration 500 / LogL: -2624.302 / Time: 0h:0m:3s (0h:0m:0s left)
Log-likelihood cutoff on original alignment: -2660.821
NOTE: Bootstrap correlation coefficient of split occurrence frequencies: 0.985
NOTE: UFBoot does not converge, continue at least 100 more iterations
Iteration 510 / LogL: -2624.306 / Time: 0h:0m:3s (0h:0m:0s left)
Iteration 520 / LogL: -2624.310 / Time: 0h:0m:4s (0h:0m:0s left)
Iteration 530 / LogL: -2624.305 / Time: 0h:0m:4s (0h:0m:0s left)
Iteration 540 / LogL: -2640.704 / Time: 0h:0m:4s (0h:0m:0s left)
Iteration 550 / LogL: -2624.302 / Time: 0h:0m:4s (0h:0m:0s left)
Log-likelihood cutoff on original alignment: -2661.676
Iteration 560 / LogL: -2624.305 / Time: 0h:0m:4s (0h:0m:0s left)
Iteration 570 / LogL: -2624.302 / Time: 0h:0m:4s (0h:0m:0s left)
Iteration 580 / LogL: -2624.302 / Time: 0h:0m:4s (0h:0m:0s left)
Iteration 590 / LogL: -2624.300 / Time: 0h:0m:4s (0h:0m:0s left)
Iteration 600 / LogL: -2639.737 / Time: 0h:0m:4s (0h:0m:0s left)
Log-likelihood cutoff on original alignment: -2662.167
NOTE: Bootstrap correlation coefficient of split occurrence frequencies: 0.987
NOTE: UFBoot does not converge, continue at least 100 more iterations
Iteration 610 / LogL: -2624.300 / Time: 0h:0m:4s (0h:0m:0s left)
Iteration 620 / LogL: -2624.302 / Time: 0h:0m:4s (0h:0m:0s left)
Iteration 630 / LogL: -2624.300 / Time: 0h:0m:5s (0h:0m:0s left)
Iteration 640 / LogL: -2624.300 / Time: 0h:0m:5s (0h:0m:0s left)
Iteration 650 / LogL: -2628.605 / Time: 0h:0m:5s (0h:0m:0s left)
Log-likelihood cutoff on original alignment: -2662.167
Iteration 660 / LogL: -2624.300 / Time: 0h:0m:5s (0h:0m:0s left)
Iteration 670 / LogL: -2624.302 / Time: 0h:0m:5s (0h:0m:0s left)
Iteration 680 / LogL: -2624.302 / Time: 0h:0m:5s (0h:0m:0s left)
Iteration 690 / LogL: -2624.305 / Time: 0h:0m:5s (0h:0m:0s left)
Iteration 700 / LogL: -2624.302 / Time: 0h:0m:5s (0h:0m:0s left)
Log-likelihood cutoff on original alignment: -2662.813
NOTE: Bootstrap correlation coefficient of split occurrence frequencies: 0.993
TREE SEARCH COMPLETED AFTER 700 ITERATIONS / Time: 0h:0m:5s

--------------------------------------------------------------------
|                    FINALIZING TREE SEARCH                        |
--------------------------------------------------------------------
Performs final model parameters optimization
Estimate model parameters (epsilon = 0.010)
1. Initial log-likelihood: -2624.300
Optimal log-likelihood: -2624.300
Rate parameters:  A-C: 1.00000  A-G: 6.59439  A-T: 1.00000  C-G: 1.00000  C-T: 6.59439  G-T: 1.00000
Base frequencies:  A: 0.220  C: 0.293  G: 0.320  T: 0.166
Parameters optimization took 1 rounds (0.000 sec)
BEST SCORE FOUND : -2624.300
Creating bootstrap support values...
Split supports printed to NEXUS file 41507at7898.fltrd_aligned.fas.splits.nex
Total tree length: 0.036

Total number of iterations: 700
CPU time used for tree search: 5.819 sec (0h:0m:5s)
Wall-clock time used for tree search: 5.971 sec (0h:0m:5s)
Total CPU time used: 5.864 sec (0h:0m:5s)
Total wall-clock time used: 6.025 sec (0h:0m:6s)

Computing bootstrap consensus tree...
Reading input file 41507at7898.fltrd_aligned.fas.splits.nex...
16 taxa and 248 splits.
Consensus tree written to 41507at7898.fltrd_aligned.fas.contree
Reading input trees file 41507at7898.fltrd_aligned.fas.contree
Log-likelihood of consensus tree: -2624.329

Analysis results written to: 
  IQ-TREE report:                41507at7898.fltrd_aligned.fas.iqtree
  Maximum-likelihood tree:       41507at7898.fltrd_aligned.fas.treefile
  Likelihood distances:          41507at7898.fltrd_aligned.fas.mldist

Ultrafast bootstrap approximation results written to:
  Split support values:          41507at7898.fltrd_aligned.fas.splits.nex
  Consensus tree:                41507at7898.fltrd_aligned.fas.contree
  Screen log file:               41507at7898.fltrd_aligned.fas.log

Date and Time: Tue Dec  2 14:49:39 2025
