IQ-TREE multicore version 2.1.3 COVID-edition for Linux 64-bit built Apr 21 2021
Developed by Bui Quang Minh, James Barbetti, Nguyen Lam Tung,
Olga Chernomor, Heiko Schmidt, Dominik Schrempf, Michael Woodhams.

Host:    gombessa.rcs.alaska.edu (AVX2, FMA3, 503 GB RAM)
Command: /export/scratch/tsvanorden/Char_Phylogenetics/src/iqtree-2.1.3-Linux/bin/iqtree2 -s 56989at7898.fltrd_aligned.fas -m MFP -bb 1000 -T 1
Seed:    985046 (Using SPRNG - Scalable Parallel Random Number Generator)
Time:    Tue Dec  2 14:49:13 2025
Kernel:  AVX+FMA - 1 threads (1 CPU cores detected)

Reading alignment file 56989at7898.fltrd_aligned.fas ... Fasta format detected
Alignment most likely contains DNA/RNA sequences
Alignment has 20 sequences with 1488 columns, 58 distinct patterns
12 parsimony-informative, 47 singleton sites, 1429 constant sites
                                Gap/Ambiguity  Composition  p-value
   1  251140_Ward_Creek                 0.81%    passed     99.99%
   2  260512_Pybus_Point                0.81%    passed     99.99%
   3  261935_Kenai_River                0.81%    passed     99.98%
   4  353213_Cropley_Lake               0.81%    passed     99.99%
   5  353219_Peterson_Creek             1.68%    passed     99.85%
   6  353220_Fish_Creek                 0.81%    passed     99.99%
   7  353246_Cottonwood_Creek           0.81%    passed     99.99%
   8  353379_Skagit_River               0.81%    passed     99.77%
   9  353381_Dungeness_River           11.09%    passed     95.18%
  10  353401_Peace_River                0.81%    passed     99.77%
  11  353407_Noatok                     0.81%    passed     99.99%
  12  353410_Horizon_Lake               0.81%    passed     99.98%
  13  92319_Little_Lost                 0.81%    passed     99.77%
  14  94280_St_Joe                      0.81%    passed     99.77%
  15  GCA016432855_Lake_Trout           0.81%    passed     99.98%
  16  GCA036784925_Maine_S_alpinus      0.81%    passed     99.99%
  17  GCA045679555_Iceland_A_alpinus    0.81%    passed     99.99%
  18  GCF013265735_Rainbow_Trout        1.21%    passed     99.39%
  19  GCF029448725_Brook_Trout          0.00%    passed     99.91%
  20  Methow_River_99895                0.81%    passed     99.77%
****  TOTAL                             1.34%  0 sequences failed composition chi2 test (p-value<5%; df=3)
NOTE: 260512_Pybus_Point is identical to 251140_Ward_Creek but kept for subsequent analysis
NOTE: 353410_Horizon_Lake is identical to 261935_Kenai_River but kept for subsequent analysis
NOTE: 353401_Peace_River is identical to 353379_Skagit_River but kept for subsequent analysis
NOTE: GCA045679555_Iceland_A_alpinus is identical to GCA036784925_Maine_S_alpinus but kept for subsequent analysis
NOTE: 6 identical sequences (see below) will be ignored for subsequent analysis
NOTE: 353213_Cropley_Lake (identical to 251140_Ward_Creek) is ignored but added at the end
NOTE: 353220_Fish_Creek (identical to 251140_Ward_Creek) is ignored but added at the end
NOTE: 353246_Cottonwood_Creek (identical to 251140_Ward_Creek) is ignored but added at the end
NOTE: 92319_Little_Lost (identical to 353379_Skagit_River) is ignored but added at the end
NOTE: 94280_St_Joe (identical to 353379_Skagit_River) is ignored but added at the end
NOTE: Methow_River_99895 (identical to 353379_Skagit_River) is ignored but added at the end
Alignment was printed to 56989at7898.fltrd_aligned.fas.uniqueseq.phy

For your convenience alignment with unique sequences printed to 56989at7898.fltrd_aligned.fas.uniqueseq.phy


Create initial parsimony tree by phylogenetic likelihood library (PLL)... 0.000 seconds
Perform fast likelihood tree search using GTR+I+G model...
Estimate model parameters (epsilon = 5.000)
Perform nearest neighbor interchange...
Estimate model parameters (epsilon = 1.000)
1. Initial log-likelihood: -2437.977
Optimal log-likelihood: -2437.976
Rate parameters:  A-C: 0.42822  A-G: 2.00908  A-T: 0.78415  C-G: 0.50599  C-T: 2.73934  G-T: 1.00000
Base frequencies:  A: 0.284  C: 0.283  G: 0.273  T: 0.159
Proportion of invariable sites: 0.480
Gamma shape alpha: 1.631
Parameters optimization took 1 rounds (0.001 sec)
Time for fast ML tree search: 0.007 seconds

NOTE: ModelFinder requires 0 MB RAM!
ModelFinder will test up to 286 DNA models (sample size: 1488) ...
 No. Model         -LnL         df  AIC          AICc         BIC
  1  GTR+F         2438.786     33  4943.572     4945.115     5118.643
  2  GTR+F+I       2437.981     34  4943.961     4945.599     5124.338
  3  GTR+F+G4      2437.979     34  4943.957     4945.595     5124.334
  4  GTR+F+I+G4    2437.977     35  4945.954     4947.689     5131.636
  5  GTR+F+R2      2438.329     35  4946.658     4948.393     5132.339
  6  GTR+F+R3      2438.214     37  4950.427     4952.367     5146.719
 14  SYM           2474.528     30  5009.056     5010.333     5168.212
 15  SYM+I         2473.867     31  5009.733     5011.096     5174.194
 16  SYM+G4        2473.864     31  5009.728     5011.091     5174.189
 27  TVM+F         2439.193     32  4942.386     4943.838     5112.152
 28  TVM+F+I       2438.397     33  4942.794     4944.338     5117.866
 29  TVM+F+G4      2438.394     33  4942.788     4944.331     5117.859
 40  TVMe          2474.530     29  5007.059     5008.253     5160.910
 41  TVMe+I        2473.869     30  5007.738     5009.015     5166.894
 42  TVMe+G4       2473.866     30  5007.733     5009.009     5166.888
 53  TIM3+F        2438.921     31  4939.841     4941.204     5104.302
 54  TIM3+F+I      2438.100     32  4940.199     4941.651     5109.965
 55  TIM3+F+G4     2438.095     32  4940.191     4941.642     5109.957
 66  TIM3e         2474.645     28  5005.291     5006.404     5153.836
 67  TIM3e+I       2473.966     29  5005.931     5007.125     5159.782
 68  TIM3e+G4      2473.964     29  5005.928     5007.122     5159.779
 79  TIM2+F        2439.708     31  4941.416     4942.778     5105.876
 80  TIM2+F+I      2438.988     32  4941.975     4943.427     5111.741
 81  TIM2+F+G4     2438.986     32  4941.971     4943.423     5111.738
 92  TIM2e         2474.709     28  5005.417     5006.531     5153.963
 93  TIM2e+I       2474.063     29  5006.126     5007.320     5159.977
 94  TIM2e+G4      2474.061     29  5006.122     5007.315     5159.972
105  TIM+F         2439.841     31  4941.683     4943.045     5106.143
106  TIM+F+I       2439.102     32  4942.204     4943.656     5111.970
107  TIM+F+G4      2439.098     32  4942.197     4943.648     5111.963
118  TIMe          2474.820     28  5005.641     5006.754     5154.186
119  TIMe+I        2474.157     29  5006.315     5007.508     5160.165
120  TIMe+G4       2474.153     29  5006.307     5007.500     5160.157
131  TPM3u+F       2439.332     30  4938.664     4939.941     5097.820
132  TPM3u+F+I     2438.518     31  4939.036     4940.398     5103.496
133  TPM3u+F+G4    2438.512     31  4939.025     4940.387     5103.486
144  TPM3+F        2439.331     30  4938.661     4939.938     5097.817
145  TPM3+F+I      2438.520     31  4939.039     4940.402     5103.500
146  TPM3+F+G4     2438.514     31  4939.028     4940.390     5103.488
157  TPM2u+F       2440.116     30  4940.231     4941.508     5099.387
158  TPM2u+F+I     2439.397     31  4940.794     4942.157     5105.255
159  TPM2u+F+G4    2439.394     31  4940.789     4942.151     5105.250
170  TPM2+F        2440.116     30  4940.231     4941.508     5099.387
171  TPM2+F+I      2439.397     31  4940.794     4942.157     5105.255
172  TPM2+F+G4     2439.394     31  4940.789     4942.151     5105.250
183  K3Pu+F        2440.251     30  4940.502     4941.778     5099.657
184  K3Pu+F+I      2439.515     31  4941.029     4942.392     5105.490
185  K3Pu+F+G4     2439.510     31  4941.020     4942.382     5105.481
196  K3P           2474.823     27  5003.646     5004.682     5146.886
197  K3P+I         2474.161     28  5004.321     5005.434     5152.866
198  K3P+G4        2474.157     28  5004.313     5005.427     5152.859
209  TN+F          2439.841     30  4939.683     4940.959     5098.839
210  TN+F+I        2439.106     31  4940.211     4941.574     5104.672
211  TN+F+G4       2439.102     31  4940.204     4941.567     5104.665
222  TNe           2474.820     27  5003.641     5004.677     5146.881
223  TNe+I         2474.159     28  5004.318     5005.431     5152.864
224  TNe+G4        2474.155     28  5004.311     5005.424     5152.856
235  HKY+F         2440.251     29  4938.502     4939.696     5092.353
236  HKY+F+I       2439.516     30  4939.032     4940.309     5098.188
237  HKY+F+G4      2439.511     30  4939.022     4940.298     5098.177
248  K2P           2474.823     26  5001.645     5002.606     5139.580
249  K2P+I         2474.162     27  5002.324     5003.360     5145.565
250  K2P+G4        2474.158     27  5002.316     5003.352     5145.556
261  F81+F         2452.240     28  4960.479     4961.592     5109.025
262  F81+F+I       2451.580     29  4961.161     4962.354     5115.011
263  F81+F+G4      2451.585     29  4961.170     4962.363     5115.020
274  JC            2486.728     25  5023.456     5024.345     5156.085
275  JC+I          2486.098     26  5024.196     5025.157     5162.131
276  JC+G4         2486.103     26  5024.206     5025.167     5162.141
Akaike Information Criterion:           HKY+F
Corrected Akaike Information Criterion: HKY+F
Bayesian Information Criterion:         HKY+F
Best-fit model: HKY+F chosen according to BIC

All model information printed to 56989at7898.fltrd_aligned.fas.model.gz
CPU time for ModelFinder: 0.101 seconds (0h:0m:0s)
Wall-clock time for ModelFinder: 0.107 seconds (0h:0m:0s)
Generating 1000 samples for ultrafast bootstrap (seed: 985046)...

NOTE: 0 MB RAM (0 GB) is required!
Estimate model parameters (epsilon = 0.100)
1. Initial log-likelihood: -2440.251
Optimal log-likelihood: -2440.250
Rate parameters:  A-C: 1.00000  A-G: 3.59065  A-T: 1.00000  C-G: 1.00000  C-T: 3.59065  G-T: 1.00000
Base frequencies:  A: 0.284  C: 0.283  G: 0.273  T: 0.159
Parameters optimization took 1 rounds (0.000 sec)
Computing ML distances based on estimated model parameters...
Computing ML distances took 0.000790 sec (of wall-clock time) 0.000772 sec(of CPU time)
Computing RapidNJ tree took 0.000050 sec (of wall-clock time) 0.000049 sec (of CPU time)
Log-likelihood of RapidNJ tree: -2446.578
--------------------------------------------------------------------
|             INITIALIZING CANDIDATE TREE SET                      |
--------------------------------------------------------------------
Generating 98 parsimony trees... 0.035 second
Computing log-likelihood of 98 initial trees ... 0.026 seconds
Current best score: -2440.249

Do NNI search on 20 best initial trees
Estimate model parameters (epsilon = 0.100)
BETTER TREE FOUND at iteration 1: -2440.249
Iteration 10 / LogL: -2440.249 / Time: 0h:0m:0s
Iteration 20 / LogL: -2440.249 / Time: 0h:0m:0s
Finish initializing candidate tree set (5)
Current best tree score: -2440.249 / CPU time: 0.124
Number of iterations: 20
--------------------------------------------------------------------
|               OPTIMIZING CANDIDATE TREE SET                      |
--------------------------------------------------------------------
Iteration 30 / LogL: -2440.249 / Time: 0h:0m:0s (0h:0m:0s left)
Iteration 40 / LogL: -2444.391 / Time: 0h:0m:0s (0h:0m:0s left)
UPDATE BEST LOG-LIKELIHOOD: -2440.249
Iteration 50 / LogL: -2440.249 / Time: 0h:0m:0s (0h:0m:0s left)
Log-likelihood cutoff on original alignment: -2459.206
Iteration 60 / LogL: -2440.252 / Time: 0h:0m:0s (0h:0m:0s left)
Iteration 70 / LogL: -2440.249 / Time: 0h:0m:0s (0h:0m:0s left)
Iteration 80 / LogL: -2440.252 / Time: 0h:0m:0s (0h:0m:0s left)
Iteration 90 / LogL: -2440.249 / Time: 0h:0m:0s (0h:0m:0s left)
Iteration 100 / LogL: -2440.251 / Time: 0h:0m:0s (0h:0m:0s left)
Log-likelihood cutoff on original alignment: -2463.348
NOTE: Bootstrap correlation coefficient of split occurrence frequencies: 0.992
TREE SEARCH COMPLETED AFTER 102 ITERATIONS / Time: 0h:0m:0s

--------------------------------------------------------------------
|                    FINALIZING TREE SEARCH                        |
--------------------------------------------------------------------
Performs final model parameters optimization
Estimate model parameters (epsilon = 0.010)
1. Initial log-likelihood: -2440.249
Optimal log-likelihood: -2440.249
Rate parameters:  A-C: 1.00000  A-G: 3.59355  A-T: 1.00000  C-G: 1.00000  C-T: 3.59355  G-T: 1.00000
Base frequencies:  A: 0.284  C: 0.283  G: 0.273  T: 0.159
Parameters optimization took 1 rounds (0.000 sec)
BEST SCORE FOUND : -2440.249
Creating bootstrap support values...
Split supports printed to NEXUS file 56989at7898.fltrd_aligned.fas.splits.nex
Total tree length: 0.042

Total number of iterations: 102
CPU time used for tree search: 0.558 sec (0h:0m:0s)
Wall-clock time used for tree search: 0.587 sec (0h:0m:0s)
Total CPU time used: 0.613 sec (0h:0m:0s)
Total wall-clock time used: 0.644 sec (0h:0m:0s)

Computing bootstrap consensus tree...
Reading input file 56989at7898.fltrd_aligned.fas.splits.nex...
14 taxa and 107 splits.
Consensus tree written to 56989at7898.fltrd_aligned.fas.contree
Reading input trees file 56989at7898.fltrd_aligned.fas.contree
Log-likelihood of consensus tree: -2440.270

Analysis results written to: 
  IQ-TREE report:                56989at7898.fltrd_aligned.fas.iqtree
  Maximum-likelihood tree:       56989at7898.fltrd_aligned.fas.treefile
  Likelihood distances:          56989at7898.fltrd_aligned.fas.mldist

Ultrafast bootstrap approximation results written to:
  Split support values:          56989at7898.fltrd_aligned.fas.splits.nex
  Consensus tree:                56989at7898.fltrd_aligned.fas.contree
  Screen log file:               56989at7898.fltrd_aligned.fas.log

Date and Time: Tue Dec  2 14:49:14 2025
