IQ-TREE multicore version 2.1.3 COVID-edition for Linux 64-bit built Apr 21 2021
Developed by Bui Quang Minh, James Barbetti, Nguyen Lam Tung,
Olga Chernomor, Heiko Schmidt, Dominik Schrempf, Michael Woodhams.

Host:    gombessa.rcs.alaska.edu (AVX2, FMA3, 503 GB RAM)
Command: /export/scratch/tsvanorden/Char_Phylogenetics/src/iqtree-2.1.3-Linux/bin/iqtree2 -s 68702at7898.fltrd_aligned.fas -m MFP -bb 1000 -T 1
Seed:    744595 (Using SPRNG - Scalable Parallel Random Number Generator)
Time:    Tue Dec  2 14:50:03 2025
Kernel:  AVX+FMA - 1 threads (1 CPU cores detected)

Reading alignment file 68702at7898.fltrd_aligned.fas ... Fasta format detected
Alignment most likely contains DNA/RNA sequences
Alignment has 20 sequences with 1122 columns, 71 distinct patterns
5 parsimony-informative, 125 singleton sites, 992 constant sites
                                Gap/Ambiguity  Composition  p-value
   1  251140_Ward_Creek                 4.01%    passed     99.94%
   2  260512_Pybus_Point                4.01%    passed     99.94%
   3  261935_Kenai_River                4.01%    passed     99.94%
   4  353213_Cropley_Lake               4.01%    passed     99.94%
   5  353219_Peterson_Creek             4.01%    passed     99.94%
   6  353220_Fish_Creek                 4.01%    passed     99.94%
   7  353246_Cottonwood_Creek           4.01%    passed     99.95%
   8  353379_Skagit_River               4.01%    passed     99.93%
   9  353381_Dungeness_River           11.50%    passed     99.56%
  10  353401_Peace_River                4.01%    passed     99.93%
  11  353407_Noatok                     4.01%    passed     99.88%
  12  353410_Horizon_Lake               4.01%    passed     99.92%
  13  92319_Little_Lost                 4.01%    passed     99.93%
  14  94280_St_Joe                      4.01%    passed     99.93%
  15  GCA016432855_Lake_Trout           4.01%    passed    100.00%
  16  GCA036784925_Maine_S_alpinus      4.01%    passed     99.99%
  17  GCA045679555_Iceland_A_alpinus    4.01%    passed     99.94%
  18  GCF013265735_Rainbow_Trout        0.27%    passed     88.85%
  19  GCF029448725_Brook_Trout          6.42%    passed     54.85%
  20  Methow_River_99895                4.01%    passed     99.93%
****  TOTAL                             4.32%  0 sequences failed composition chi2 test (p-value<5%; df=3)
NOTE: 260512_Pybus_Point is identical to 251140_Ward_Creek but kept for subsequent analysis
NOTE: 353401_Peace_River is identical to 353379_Skagit_River but kept for subsequent analysis
NOTE: 8 identical sequences (see below) will be ignored for subsequent analysis
NOTE: 261935_Kenai_River (identical to 251140_Ward_Creek) is ignored but added at the end
NOTE: 353213_Cropley_Lake (identical to 251140_Ward_Creek) is ignored but added at the end
NOTE: 353219_Peterson_Creek (identical to 251140_Ward_Creek) is ignored but added at the end
NOTE: 353220_Fish_Creek (identical to 251140_Ward_Creek) is ignored but added at the end
NOTE: GCA045679555_Iceland_A_alpinus (identical to 251140_Ward_Creek) is ignored but added at the end
NOTE: 92319_Little_Lost (identical to 353379_Skagit_River) is ignored but added at the end
NOTE: 94280_St_Joe (identical to 353379_Skagit_River) is ignored but added at the end
NOTE: Methow_River_99895 (identical to 353379_Skagit_River) is ignored but added at the end
Alignment was printed to 68702at7898.fltrd_aligned.fas.uniqueseq.phy

For your convenience alignment with unique sequences printed to 68702at7898.fltrd_aligned.fas.uniqueseq.phy


Create initial parsimony tree by phylogenetic likelihood library (PLL)... 0.000 seconds
Perform fast likelihood tree search using GTR+I+G model...
Estimate model parameters (epsilon = 5.000)
Perform nearest neighbor interchange...
Estimate model parameters (epsilon = 1.000)
1. Initial log-likelihood: -2229.947
Optimal log-likelihood: -2229.944
Rate parameters:  A-C: 1.20373  A-G: 1.68058  A-T: 1.06789  C-G: 0.82283  C-T: 2.20331  G-T: 1.00000
Base frequencies:  A: 0.206  C: 0.305  G: 0.265  T: 0.224
Proportion of invariable sites: 0.442
Gamma shape alpha: 998.424
Parameters optimization took 1 rounds (0.001 sec)
Time for fast ML tree search: 0.008 seconds

NOTE: ModelFinder requires 0 MB RAM!
ModelFinder will test up to 286 DNA models (sample size: 1122) ...
 No. Model         -LnL         df  AIC          AICc         BIC
  1  GTR+F         2230.106     29  4518.211     4519.805     4663.874
  2  GTR+F+I       2229.725     30  4519.449     4521.154     4670.135
  3  GTR+F+G4      2229.740     30  4519.479     4521.184     4670.165
  4  GTR+F+I+G4    2229.938     31  4521.877     4523.697     4677.585
  5  GTR+F+R2      2229.736     31  4521.472     4523.292     4677.181
  6  GTR+F+R3      2229.784     33  4525.568     4527.631     4691.323
 14  SYM           2239.814     26  4531.628     4532.910     4662.223
 15  SYM+I         2239.518     27  4533.036     4534.418     4668.654
 16  SYM+G4        2239.523     27  4533.045     4534.428     4668.663
 27  TVM+F         2230.631     28  4517.261     4518.747     4657.901
 28  TVM+F+I       2230.230     29  4518.459     4520.052     4664.122
 29  TVM+F+G4      2230.247     29  4518.494     4520.087     4664.157
 40  TVMe          2240.883     25  4531.765     4532.951     4657.337
 41  TVMe+I        2240.563     26  4533.126     4534.408     4663.720
 42  TVMe+G4       2240.571     26  4533.142     4534.424     4663.737
 53  TIM3+F        2230.712     27  4515.423     4516.806     4651.041
 54  TIM3+F+I      2230.336     28  4516.672     4518.158     4657.312
 55  TIM3+F+G4     2230.348     28  4516.696     4518.181     4657.336
 66  TIM3e         2240.033     24  4528.066     4529.160     4648.615
 67  TIM3e+I       2239.731     25  4529.462     4530.648     4655.034
 68  TIM3e+G4      2239.735     25  4529.470     4530.656     4655.041
 79  TIM2+F        2230.269     27  4514.539     4515.921     4650.156
 80  TIM2+F+I      2229.885     28  4515.770     4517.256     4656.411
 81  TIM2+F+G4     2229.898     28  4515.797     4517.283     4656.437
 92  TIM2e         2240.075     24  4528.149     4529.243     4648.698
 93  TIM2e+I       2239.766     25  4529.532     4530.718     4655.104
 94  TIM2e+G4      2239.774     25  4529.548     4530.734     4655.119
105  TIM+F         2230.454     27  4514.909     4516.291     4650.526
106  TIM+F+I       2230.083     28  4516.167     4517.652     4656.807
107  TIM+F+G4      2230.095     28  4516.189     4517.675     4656.830
118  TIMe          2240.000     24  4528.001     4529.094     4648.549
119  TIMe+I        2239.698     25  4529.396     4530.582     4654.967
120  TIMe+G4       2239.705     25  4529.411     4530.597     4654.983
131  TPM3u+F       2231.230     26  4514.461     4515.743     4645.055
132  TPM3u+F+I     2230.836     27  4515.671     4517.053     4651.289
133  TPM3u+F+G4    2230.850     27  4515.700     4517.082     4651.317
144  TPM3+F        2231.230     26  4514.461     4515.743     4645.055
145  TPM3+F+I      2230.836     27  4515.671     4517.054     4651.289
146  TPM3+F+G4     2230.850     27  4515.700     4517.082     4651.318
157  TPM2u+F       2230.809     26  4513.618     4514.900     4644.213
158  TPM2u+F+I     2230.405     27  4514.809     4516.191     4650.427
159  TPM2u+F+G4    2230.420     27  4514.840     4516.222     4650.457
170  TPM2+F        2230.809     26  4513.618     4514.900     4644.212
171  TPM2+F+I      2230.405     27  4514.809     4516.191     4650.427
172  TPM2+F+G4     2230.420     27  4514.840     4516.222     4650.457
183  K3Pu+F        2230.971     26  4513.942     4515.224     4644.537
184  K3Pu+F+I      2230.580     27  4515.160     4516.542     4650.778
185  K3Pu+F+G4     2230.596     27  4515.192     4516.574     4650.809
196  K3P           2241.052     23  4528.104     4529.110     4643.630
197  K3P+I         2240.725     24  4529.451     4530.545     4650.000
198  K3P+G4        2240.738     24  4529.476     4530.570     4650.025
209  TN+F          2230.717     26  4513.433     4514.716     4644.028
210  TN+F+I        2230.343     27  4514.686     4516.068     4650.303
211  TN+F+G4       2230.354     27  4514.708     4516.090     4650.325
222  TNe           2240.155     23  4526.309     4527.315     4641.835
223  TNe+I         2239.847     24  4527.694     4528.788     4648.243
224  TNe+G4        2239.854     24  4527.708     4528.802     4648.257
235  HKY+F         2231.237     25  4512.475     4513.661     4638.046
236  HKY+F+I       2230.846     26  4513.692     4514.974     4644.286
237  HKY+F+G4      2230.859     26  4513.717     4515.000     4644.312
248  K2P           2241.215     22  4526.429     4527.350     4636.932
249  K2P+I         2240.882     23  4527.763     4528.769     4643.289
250  K2P+G4        2240.892     23  4527.785     4528.790     4643.311
261  F81+F         2237.617     24  4523.234     4524.328     4643.783
262  F81+F+I       2237.259     25  4524.518     4525.704     4650.090
263  F81+F+G4      2237.274     25  4524.547     4525.733     4650.119
274  JC            2247.324     21  4536.649     4537.489     4642.129
275  JC+I          2247.010     22  4538.020     4538.941     4648.523
276  JC+G4         2247.023     22  4538.046     4538.967     4648.549
Akaike Information Criterion:           HKY+F
Corrected Akaike Information Criterion: HKY+F
Bayesian Information Criterion:         K2P
Best-fit model: K2P chosen according to BIC

All model information printed to 68702at7898.fltrd_aligned.fas.model.gz
CPU time for ModelFinder: 0.113 seconds (0h:0m:0s)
Wall-clock time for ModelFinder: 0.117 seconds (0h:0m:0s)
Generating 1000 samples for ultrafast bootstrap (seed: 744595)...

NOTE: 0 MB RAM (0 GB) is required!
Estimate model parameters (epsilon = 0.100)
1. Initial log-likelihood: -2241.215
Optimal log-likelihood: -2241.214
Rate parameters:  A-C: 1.00000  A-G: 1.87683  A-T: 1.00000  C-G: 1.00000  C-T: 1.87683  G-T: 1.00000
Base frequencies:  A: 0.250  C: 0.250  G: 0.250  T: 0.250
Parameters optimization took 1 rounds (0.000 sec)
Computing ML distances based on estimated model parameters...
Computing ML distances took 0.000439 sec (of wall-clock time) 0.000416 sec(of CPU time)
Computing RapidNJ tree took 0.000040 sec (of wall-clock time) 0.000037 sec (of CPU time)
Log-likelihood of RapidNJ tree: -2260.425
--------------------------------------------------------------------
|             INITIALIZING CANDIDATE TREE SET                      |
--------------------------------------------------------------------
Generating 98 parsimony trees... 0.027 second
Computing log-likelihood of 98 initial trees ... 0.023 seconds
Current best score: -2241.125

Do NNI search on 20 best initial trees
Estimate model parameters (epsilon = 0.100)
BETTER TREE FOUND at iteration 1: -2241.099
BETTER TREE FOUND at iteration 7: -2241.099
BETTER TREE FOUND at iteration 8: -2241.099
Iteration 10 / LogL: -2241.100 / Time: 0h:0m:0s
BETTER TREE FOUND at iteration 13: -2241.099
Iteration 20 / LogL: -2241.099 / Time: 0h:0m:0s
Finish initializing candidate tree set (19)
Current best tree score: -2241.099 / CPU time: 0.146
Number of iterations: 20
--------------------------------------------------------------------
|               OPTIMIZING CANDIDATE TREE SET                      |
--------------------------------------------------------------------
Iteration 30 / LogL: -2241.104 / Time: 0h:0m:0s (0h:0m:0s left)
Iteration 40 / LogL: -2241.099 / Time: 0h:0m:0s (0h:0m:0s left)
BETTER TREE FOUND at iteration 43: -2241.099
Iteration 50 / LogL: -2241.100 / Time: 0h:0m:0s (0h:0m:0s left)
Log-likelihood cutoff on original alignment: -2269.872
UPDATE BEST LOG-LIKELIHOOD: -2241.099
Iteration 60 / LogL: -2241.100 / Time: 0h:0m:0s (0h:0m:0s left)
UPDATE BEST LOG-LIKELIHOOD: -2241.099
UPDATE BEST LOG-LIKELIHOOD: -2241.099
Iteration 70 / LogL: -2241.220 / Time: 0h:0m:0s (0h:0m:0s left)
Iteration 80 / LogL: -2241.099 / Time: 0h:0m:0s (0h:0m:0s left)
Iteration 90 / LogL: -2241.100 / Time: 0h:0m:0s (0h:0m:0s left)
Iteration 100 / LogL: -2241.102 / Time: 0h:0m:0s (0h:0m:0s left)
Log-likelihood cutoff on original alignment: -2270.505
NOTE: Bootstrap correlation coefficient of split occurrence frequencies: 0.933
NOTE: UFBoot does not converge, continue at least 100 more iterations
Iteration 110 / LogL: -2251.754 / Time: 0h:0m:0s (0h:0m:0s left)
Iteration 120 / LogL: -2241.100 / Time: 0h:0m:0s (0h:0m:0s left)
Iteration 130 / LogL: -2241.099 / Time: 0h:0m:0s (0h:0m:0s left)
Iteration 140 / LogL: -2241.101 / Time: 0h:0m:0s (0h:0m:0s left)
Iteration 150 / LogL: -2241.099 / Time: 0h:0m:0s (0h:0m:0s left)
Log-likelihood cutoff on original alignment: -2269.755
Iteration 160 / LogL: -2241.101 / Time: 0h:0m:0s (0h:0m:0s left)
Iteration 170 / LogL: -2241.102 / Time: 0h:0m:1s (0h:0m:0s left)
Iteration 180 / LogL: -2241.099 / Time: 0h:0m:1s (0h:0m:0s left)
Iteration 190 / LogL: -2241.099 / Time: 0h:0m:1s (0h:0m:0s left)
Iteration 200 / LogL: -2241.099 / Time: 0h:0m:1s (0h:0m:0s left)
Log-likelihood cutoff on original alignment: -2269.935
NOTE: Bootstrap correlation coefficient of split occurrence frequencies: 0.978
NOTE: UFBoot does not converge, continue at least 100 more iterations
UPDATE BEST LOG-LIKELIHOOD: -2241.099
Iteration 210 / LogL: -2241.101 / Time: 0h:0m:1s (0h:0m:0s left)
Iteration 220 / LogL: -2241.099 / Time: 0h:0m:1s (0h:0m:0s left)
Iteration 230 / LogL: -2241.104 / Time: 0h:0m:1s (0h:0m:0s left)
Iteration 240 / LogL: -2241.099 / Time: 0h:0m:1s (0h:0m:0s left)
UPDATE BEST LOG-LIKELIHOOD: -2241.099
Iteration 250 / LogL: -2241.106 / Time: 0h:0m:1s (0h:0m:0s left)
Log-likelihood cutoff on original alignment: -2269.340
Iteration 260 / LogL: -2241.103 / Time: 0h:0m:1s (0h:0m:0s left)
Iteration 270 / LogL: -2241.105 / Time: 0h:0m:1s (0h:0m:0s left)
Iteration 280 / LogL: -2241.099 / Time: 0h:0m:1s (0h:0m:0s left)
Iteration 290 / LogL: -2241.101 / Time: 0h:0m:1s (0h:0m:0s left)
Iteration 300 / LogL: -2241.099 / Time: 0h:0m:1s (0h:0m:0s left)
Log-likelihood cutoff on original alignment: -2270.223
NOTE: Bootstrap correlation coefficient of split occurrence frequencies: 0.971
NOTE: UFBoot does not converge, continue at least 100 more iterations
Iteration 310 / LogL: -2241.104 / Time: 0h:0m:1s (0h:0m:0s left)
Iteration 320 / LogL: -2241.099 / Time: 0h:0m:1s (0h:0m:0s left)
Iteration 330 / LogL: -2241.102 / Time: 0h:0m:2s (0h:0m:0s left)
Iteration 340 / LogL: -2241.099 / Time: 0h:0m:2s (0h:0m:0s left)
Iteration 350 / LogL: -2241.099 / Time: 0h:0m:2s (0h:0m:0s left)
Log-likelihood cutoff on original alignment: -2269.340
Iteration 360 / LogL: -2241.105 / Time: 0h:0m:2s (0h:0m:0s left)
Iteration 370 / LogL: -2241.102 / Time: 0h:0m:2s (0h:0m:0s left)
Iteration 380 / LogL: -2241.099 / Time: 0h:0m:2s (0h:0m:0s left)
Iteration 390 / LogL: -2241.099 / Time: 0h:0m:2s (0h:0m:0s left)
Iteration 400 / LogL: -2241.099 / Time: 0h:0m:2s (0h:0m:0s left)
Log-likelihood cutoff on original alignment: -2269.040
NOTE: Bootstrap correlation coefficient of split occurrence frequencies: 0.969
NOTE: UFBoot does not converge, continue at least 100 more iterations
Iteration 410 / LogL: -2241.099 / Time: 0h:0m:2s (0h:0m:0s left)
Iteration 420 / LogL: -2241.099 / Time: 0h:0m:2s (0h:0m:0s left)
Iteration 430 / LogL: -2241.099 / Time: 0h:0m:2s (0h:0m:0s left)
Iteration 440 / LogL: -2241.099 / Time: 0h:0m:2s (0h:0m:0s left)
Iteration 450 / LogL: -2241.099 / Time: 0h:0m:2s (0h:0m:0s left)
Log-likelihood cutoff on original alignment: -2269.040
Iteration 460 / LogL: -2241.099 / Time: 0h:0m:2s (0h:0m:0s left)
Iteration 470 / LogL: -2241.099 / Time: 0h:0m:2s (0h:0m:0s left)
Iteration 480 / LogL: -2241.105 / Time: 0h:0m:3s (0h:0m:0s left)
Iteration 490 / LogL: -2241.099 / Time: 0h:0m:3s (0h:0m:0s left)
Iteration 500 / LogL: -2241.103 / Time: 0h:0m:3s (0h:0m:0s left)
Log-likelihood cutoff on original alignment: -2269.040
NOTE: Bootstrap correlation coefficient of split occurrence frequencies: 0.975
NOTE: UFBoot does not converge, continue at least 100 more iterations
Iteration 510 / LogL: -2241.099 / Time: 0h:0m:3s (0h:0m:0s left)
Iteration 520 / LogL: -2241.099 / Time: 0h:0m:3s (0h:0m:0s left)
Iteration 530 / LogL: -2241.101 / Time: 0h:0m:3s (0h:0m:0s left)
Iteration 540 / LogL: -2241.219 / Time: 0h:0m:3s (0h:0m:0s left)
Iteration 550 / LogL: -2241.102 / Time: 0h:0m:3s (0h:0m:0s left)
Log-likelihood cutoff on original alignment: -2269.349
Iteration 560 / LogL: -2248.425 / Time: 0h:0m:3s (0h:0m:0s left)
Iteration 570 / LogL: -2241.104 / Time: 0h:0m:3s (0h:0m:0s left)
Iteration 580 / LogL: -2241.103 / Time: 0h:0m:3s (0h:0m:0s left)
Iteration 590 / LogL: -2241.099 / Time: 0h:0m:3s (0h:0m:0s left)
Iteration 600 / LogL: -2241.218 / Time: 0h:0m:3s (0h:0m:0s left)
Log-likelihood cutoff on original alignment: -2269.349
NOTE: Bootstrap correlation coefficient of split occurrence frequencies: 0.984
NOTE: UFBoot does not converge, continue at least 100 more iterations
Iteration 610 / LogL: -2241.100 / Time: 0h:0m:3s (0h:0m:0s left)
Iteration 620 / LogL: -2241.100 / Time: 0h:0m:4s (0h:0m:0s left)
Iteration 630 / LogL: -2241.106 / Time: 0h:0m:4s (0h:0m:0s left)
Iteration 640 / LogL: -2241.101 / Time: 0h:0m:4s (0h:0m:0s left)
Iteration 650 / LogL: -2241.099 / Time: 0h:0m:4s (0h:0m:0s left)
Log-likelihood cutoff on original alignment: -2269.560
Iteration 660 / LogL: -2241.104 / Time: 0h:0m:4s (0h:0m:0s left)
Iteration 670 / LogL: -2241.099 / Time: 0h:0m:4s (0h:0m:0s left)
Iteration 680 / LogL: -2241.099 / Time: 0h:0m:4s (0h:0m:0s left)
UPDATE BEST LOG-LIKELIHOOD: -2241.099
Iteration 690 / LogL: -2241.099 / Time: 0h:0m:4s (0h:0m:0s left)
Iteration 700 / LogL: -2241.100 / Time: 0h:0m:4s (0h:0m:0s left)
Log-likelihood cutoff on original alignment: -2269.077
NOTE: Bootstrap correlation coefficient of split occurrence frequencies: 0.973
NOTE: UFBoot does not converge, continue at least 100 more iterations
Iteration 710 / LogL: -2241.101 / Time: 0h:0m:4s (0h:0m:0s left)
Iteration 720 / LogL: -2241.101 / Time: 0h:0m:4s (0h:0m:0s left)
Iteration 730 / LogL: -2241.099 / Time: 0h:0m:5s (0h:0m:0s left)
Iteration 740 / LogL: -2241.099 / Time: 0h:0m:5s (0h:0m:0s left)
Iteration 750 / LogL: -2241.099 / Time: 0h:0m:5s (0h:0m:0s left)
Log-likelihood cutoff on original alignment: -2269.338
Iteration 760 / LogL: -2241.099 / Time: 0h:0m:5s (0h:0m:0s left)
Iteration 770 / LogL: -2241.099 / Time: 0h:0m:5s (0h:0m:0s left)
Iteration 780 / LogL: -2241.103 / Time: 0h:0m:5s (0h:0m:0s left)
Iteration 790 / LogL: -2248.425 / Time: 0h:0m:5s (0h:0m:0s left)
Iteration 800 / LogL: -2241.106 / Time: 0h:0m:5s (0h:0m:0s left)
Log-likelihood cutoff on original alignment: -2269.340
NOTE: Bootstrap correlation coefficient of split occurrence frequencies: 0.972
NOTE: UFBoot does not converge, continue at least 100 more iterations
Iteration 810 / LogL: -2241.099 / Time: 0h:0m:5s (0h:0m:0s left)
Iteration 820 / LogL: -2241.105 / Time: 0h:0m:5s (0h:0m:0s left)
Iteration 830 / LogL: -2241.101 / Time: 0h:0m:6s (0h:0m:0s left)
Iteration 840 / LogL: -2241.215 / Time: 0h:0m:6s (0h:0m:0s left)
Iteration 850 / LogL: -2241.101 / Time: 0h:0m:6s (0h:0m:0s left)
Log-likelihood cutoff on original alignment: -2269.340
Iteration 860 / LogL: -2248.430 / Time: 0h:0m:6s (0h:0m:0s left)
Iteration 870 / LogL: -2241.099 / Time: 0h:0m:6s (0h:0m:0s left)
Iteration 880 / LogL: -2241.101 / Time: 0h:0m:6s (0h:0m:0s left)
Iteration 890 / LogL: -2241.103 / Time: 0h:0m:6s (0h:0m:0s left)
Iteration 900 / LogL: -2241.102 / Time: 0h:0m:6s (0h:0m:0s left)
Log-likelihood cutoff on original alignment: -2269.338
NOTE: Bootstrap correlation coefficient of split occurrence frequencies: 0.991
TREE SEARCH COMPLETED AFTER 900 ITERATIONS / Time: 0h:0m:6s

--------------------------------------------------------------------
|                    FINALIZING TREE SEARCH                        |
--------------------------------------------------------------------
Performs final model parameters optimization
Estimate model parameters (epsilon = 0.010)
1. Initial log-likelihood: -2241.099
Optimal log-likelihood: -2241.099
Rate parameters:  A-C: 1.00000  A-G: 1.86054  A-T: 1.00000  C-G: 1.00000  C-T: 1.86054  G-T: 1.00000
Base frequencies:  A: 0.250  C: 0.250  G: 0.250  T: 0.250
Parameters optimization took 1 rounds (0.000 sec)
BEST SCORE FOUND : -2241.099
Creating bootstrap support values...
Split supports printed to NEXUS file 68702at7898.fltrd_aligned.fas.splits.nex
Total tree length: 0.134

Total number of iterations: 900
CPU time used for tree search: 6.583 sec (0h:0m:6s)
Wall-clock time used for tree search: 6.730 sec (0h:0m:6s)
Total CPU time used: 6.621 sec (0h:0m:6s)
Total wall-clock time used: 6.778 sec (0h:0m:6s)

Computing bootstrap consensus tree...
Reading input file 68702at7898.fltrd_aligned.fas.splits.nex...
12 taxa and 181 splits.
Consensus tree written to 68702at7898.fltrd_aligned.fas.contree
Reading input trees file 68702at7898.fltrd_aligned.fas.contree
Log-likelihood of consensus tree: -2241.120

Analysis results written to: 
  IQ-TREE report:                68702at7898.fltrd_aligned.fas.iqtree
  Maximum-likelihood tree:       68702at7898.fltrd_aligned.fas.treefile
  Likelihood distances:          68702at7898.fltrd_aligned.fas.mldist

Ultrafast bootstrap approximation results written to:
  Split support values:          68702at7898.fltrd_aligned.fas.splits.nex
  Consensus tree:                68702at7898.fltrd_aligned.fas.contree
  Screen log file:               68702at7898.fltrd_aligned.fas.log

Date and Time: Tue Dec  2 14:50:10 2025
