IQ-TREE multicore version 2.1.3 COVID-edition for Linux 64-bit built Apr 21 2021
Developed by Bui Quang Minh, James Barbetti, Nguyen Lam Tung,
Olga Chernomor, Heiko Schmidt, Dominik Schrempf, Michael Woodhams.

Host:    gombessa.rcs.alaska.edu (AVX2, FMA3, 503 GB RAM)
Command: /export/scratch/tsvanorden/Char_Phylogenetics/src/iqtree-2.1.3-Linux/bin/iqtree2 -s 52085at7898.fltrd_aligned.fas -m MFP -bb 1000 -T 1
Seed:    959487 (Using SPRNG - Scalable Parallel Random Number Generator)
Time:    Tue Dec  2 14:49:13 2025
Kernel:  AVX+FMA - 1 threads (1 CPU cores detected)

Reading alignment file 52085at7898.fltrd_aligned.fas ... Fasta format detected
Alignment most likely contains DNA/RNA sequences
WARNING: 100 sites contain only gaps or ambiguous characters.
Alignment has 20 sequences with 3195 columns, 100 distinct patterns
38 parsimony-informative, 54 singleton sites, 3103 constant sites
                                Gap/Ambiguity  Composition  p-value
   1  251140_Ward_Creek                21.41%    passed     99.98%
   2  260512_Pybus_Point               21.41%    passed     99.98%
   3  261935_Kenai_River               21.41%    passed     99.99%
   4  353213_Cropley_Lake              21.41%    passed     99.96%
   5  353219_Peterson_Creek            21.41%    passed     99.98%
   6  353220_Fish_Creek                21.41%    passed     99.98%
   7  353246_Cottonwood_Creek          21.41%    passed     99.98%
   8  353379_Skagit_River              21.50%    passed     99.98%
   9  353381_Dungeness_River           28.45%    passed     94.74%
  10  353401_Peace_River               21.50%    passed     99.98%
  11  353407_Noatok                    21.31%    passed     99.80%
  12  353410_Horizon_Lake              21.41%    passed     99.99%
  13  92319_Little_Lost                21.44%    passed     99.99%
  14  94280_St_Joe                     21.50%    passed     99.98%
  15  GCA016432855_Lake_Trout          21.41%    passed     99.50%
  16  GCA036784925_Maine_S_alpinus     25.16%    passed     83.72%
  17  GCA045679555_Iceland_A_alpinus   21.13%    passed     99.70%
  18  GCF013265735_Rainbow_Trout        7.14%    passed     84.07%
  19  GCF029448725_Brook_Trout         21.60%    passed     99.74%
  20  Methow_River_99895               21.50%    passed     99.98%
****  TOTAL                            21.25%  0 sequences failed composition chi2 test (p-value<5%; df=3)
NOTE: 260512_Pybus_Point is identical to 251140_Ward_Creek but kept for subsequent analysis
NOTE: 353410_Horizon_Lake is identical to 261935_Kenai_River but kept for subsequent analysis
NOTE: 353401_Peace_River is identical to 353379_Skagit_River but kept for subsequent analysis
NOTE: 5 identical sequences (see below) will be ignored for subsequent analysis
NOTE: 353219_Peterson_Creek (identical to 251140_Ward_Creek) is ignored but added at the end
NOTE: 353220_Fish_Creek (identical to 251140_Ward_Creek) is ignored but added at the end
NOTE: 353246_Cottonwood_Creek (identical to 251140_Ward_Creek) is ignored but added at the end
NOTE: 94280_St_Joe (identical to 353379_Skagit_River) is ignored but added at the end
NOTE: Methow_River_99895 (identical to 353379_Skagit_River) is ignored but added at the end
Alignment was printed to 52085at7898.fltrd_aligned.fas.uniqueseq.phy

For your convenience alignment with unique sequences printed to 52085at7898.fltrd_aligned.fas.uniqueseq.phy


Create initial parsimony tree by phylogenetic likelihood library (PLL)... 0.000 seconds
Perform fast likelihood tree search using GTR+I+G model...
Estimate model parameters (epsilon = 5.000)
Perform nearest neighbor interchange...
Estimate model parameters (epsilon = 1.000)
1. Initial log-likelihood: -4993.726
Optimal log-likelihood: -4993.720
Rate parameters:  A-C: 0.79250  A-G: 2.13668  A-T: 0.75212  C-G: 0.80525  C-T: 2.89787  G-T: 1.00000
Base frequencies:  A: 0.225  C: 0.286  G: 0.283  T: 0.206
Proportion of invariable sites: 0.486
Gamma shape alpha: 0.020
Parameters optimization took 1 rounds (0.002 sec)
Time for fast ML tree search: 0.011 seconds

NOTE: ModelFinder requires 0 MB RAM!
ModelFinder will test up to 286 DNA models (sample size: 3195) ...
 No. Model         -LnL         df  AIC          AICc         BIC
  1  GTR+F         5012.820     35  10095.640    10096.438    10308.067
  2  GTR+F+I       4993.419     36  10058.838    10059.682    10277.335
  3  GTR+F+G4      4997.878     36  10067.756    10068.600    10286.253
  4  GTR+F+I+G4    4993.716     37  10061.432    10062.323    10285.998
  5  GTR+F+R2      5007.263     37  10088.526    10089.417    10313.092
  6  GTR+F+R3      4993.281     39  10064.561    10065.550    10301.266
  7  GTR+F+R4      4993.128     41  10068.257    10069.349    10317.100
 15  SYM+I         5017.869     33  10101.738    10102.448    10302.027
 16  SYM+G4        5021.927     33  10109.854    10110.564    10310.142
 17  SYM+I+G4      5018.056     34  10104.113    10104.866    10310.471
 28  TVM+F+I       4994.045     35  10058.090    10058.888    10270.517
 29  TVM+F+G4      4998.432     35  10066.865    10067.663    10279.292
 30  TVM+F+I+G4    4994.325     36  10060.651    10061.494    10279.147
 41  TVMe+I        5018.294     32  10100.588    10101.256    10294.807
 42  TVMe+G4       5022.303     32  10108.605    10109.273    10302.824
 43  TVMe+I+G4     5018.467     33  10102.935    10103.645    10303.223
 54  TIM3+F+I      4993.544     34  10055.088    10055.841    10261.446
 55  TIM3+F+G4     4998.081     34  10064.163    10064.916    10270.520
 56  TIM3+F+I+G4   4993.863     35  10057.727    10058.524    10270.154
 67  TIM3e+I       5018.211     31  10098.422    10099.050    10286.572
 68  TIM3e+G4      5022.366     31  10106.732    10107.359    10294.881
 69  TIM3e+I+G4    5018.422     32  10100.845    10101.513    10295.064
 80  TIM2+F+I      4993.558     34  10055.117    10055.870    10261.474
 81  TIM2+F+G4     4998.030     34  10064.060    10064.814    10270.418
 82  TIM2+F+I+G4   4993.868     35  10057.737    10058.535    10270.164
 93  TIM2e+I       5017.973     31  10097.946    10098.573    10286.095
 94  TIM2e+G4      5022.071     31  10106.143    10106.770    10294.292
 95  TIM2e+I+G4    5018.167     32  10100.334    10101.002    10294.553
106  TIM+F+I       4993.552     34  10055.103    10055.857    10261.461
107  TIM+F+G4      4998.026     34  10064.052    10064.805    10270.410
108  TIM+F+I+G4    4993.852     35  10057.705    10058.502    10270.132
119  TIMe+I        5018.236     31  10098.472    10099.100    10286.622
120  TIMe+G4       5022.371     31  10106.742    10107.369    10294.891
121  TIMe+I+G4     5018.453     32  10100.906    10101.574    10295.125
132  TPM3u+F+I     4994.165     33  10054.329    10055.039    10254.618
133  TPM3u+F+G4    4998.639     33  10063.278    10063.988    10263.567
134  TPM3u+F+I+G4  4994.470     34  10056.941    10057.694    10263.299
145  TPM3+F+I      4994.165     33  10054.329    10055.039    10254.617
146  TPM3+F+G4     4998.639     33  10063.278    10063.987    10263.566
147  TPM3+F+I+G4   4994.470     34  10056.941    10057.694    10263.298
158  TPM2u+F+I     4994.186     33  10054.372    10055.082    10254.660
159  TPM2u+F+G4    4998.582     33  10063.163    10063.873    10263.451
160  TPM2u+F+I+G4  4994.467     34  10056.933    10057.686    10263.291
171  TPM2+F+I      4994.186     33  10054.372    10055.082    10254.660
172  TPM2+F+G4     4998.582     33  10063.163    10063.873    10263.451
173  TPM2+F+I+G4   4994.467     34  10056.933    10057.686    10263.291
184  K3Pu+F+I      4994.171     33  10054.342    10055.052    10254.631
185  K3Pu+F+G4     4998.587     33  10063.174    10063.884    10263.462
186  K3Pu+F+I+G4   4994.455     34  10056.910    10057.663    10263.268
197  K3P+I         5018.644     30  10097.288    10097.876    10279.368
198  K3P+G4        5022.740     30  10105.479    10106.067    10287.560
199  K3P+I+G4      5018.845     31  10099.689    10100.317    10287.839
210  TN+F+I        4993.613     33  10053.227    10053.937    10253.515
211  TN+F+G4       4998.120     33  10062.239    10062.949    10262.528
212  TN+F+I+G4     4993.928     34  10055.855    10056.609    10262.213
223  TNe+I         5018.256     30  10096.513    10097.101    10278.593
224  TNe+G4        5022.412     30  10104.824    10105.411    10286.904
225  TNe+I+G4      5018.478     31  10098.955    10099.583    10287.105
236  HKY+F+I       4994.233     32  10052.466    10053.134    10246.685
237  HKY+F+G4      4998.675     32  10061.350    10062.018    10255.569
238  HKY+F+I+G4    4994.529     33  10055.058    10055.768    10255.347
249  K2P+I         5018.662     29  10095.325    10095.875    10271.336
250  K2P+G4        5022.778     29  10103.556    10104.106    10279.567
251  K2P+I+G4      5018.867     30  10097.735    10098.322    10279.815
262  F81+F+I       5008.482     31  10078.963    10079.590    10267.113
263  F81+F+G4      5012.693     31  10087.387    10088.014    10275.536
264  F81+F+I+G4    5008.715     32  10081.431    10082.099    10275.650
275  JC+I          5032.157     28  10120.315    10120.827    10290.256
276  JC+G4         5036.190     28  10128.381    10128.894    10298.322
277  JC+I+G4       5032.343     29  10122.686    10123.236    10298.697
Akaike Information Criterion:           HKY+F+I
Corrected Akaike Information Criterion: HKY+F+I
Bayesian Information Criterion:         HKY+F+I
Best-fit model: HKY+F+I chosen according to BIC

All model information printed to 52085at7898.fltrd_aligned.fas.model.gz
CPU time for ModelFinder: 0.488 seconds (0h:0m:0s)
Wall-clock time for ModelFinder: 0.495 seconds (0h:0m:0s)
Generating 1000 samples for ultrafast bootstrap (seed: 959487)...

NOTE: 0 MB RAM (0 GB) is required!
Estimate model parameters (epsilon = 0.100)
1. Initial log-likelihood: -4994.233
Optimal log-likelihood: -4994.233
Rate parameters:  A-C: 1.00000  A-G: 3.04258  A-T: 1.00000  C-G: 1.00000  C-T: 3.04258  G-T: 1.00000
Base frequencies:  A: 0.225  C: 0.286  G: 0.283  T: 0.206
Proportion of invariable sites: 0.894
Parameters optimization took 1 rounds (0.001 sec)
Computing ML distances based on estimated model parameters...
Computing ML distances took 0.000847 sec (of wall-clock time) 0.000000 sec(of CPU time)
Computing RapidNJ tree took 0.000050 sec (of wall-clock time) 0.000049 sec (of CPU time)
Log-likelihood of RapidNJ tree: -5013.709
--------------------------------------------------------------------
|             INITIALIZING CANDIDATE TREE SET                      |
--------------------------------------------------------------------
Generating 98 parsimony trees... 0.042 second
Computing log-likelihood of 98 initial trees ... 0.038 seconds
Current best score: -4994.233

Do NNI search on 20 best initial trees
Estimate model parameters (epsilon = 0.100)
BETTER TREE FOUND at iteration 1: -4994.233
Iteration 10 / LogL: -4994.233 / Time: 0h:0m:0s
Iteration 20 / LogL: -4994.233 / Time: 0h:0m:0s
Finish initializing candidate tree set (4)
Current best tree score: -4994.233 / CPU time: 0.197
Number of iterations: 20
--------------------------------------------------------------------
|               OPTIMIZING CANDIDATE TREE SET                      |
--------------------------------------------------------------------
UPDATE BEST LOG-LIKELIHOOD: -4994.233
UPDATE BEST LOG-LIKELIHOOD: -4994.233
UPDATE BEST LOG-LIKELIHOOD: -4994.233
UPDATE BEST LOG-LIKELIHOOD: -4994.233
Iteration 30 / LogL: -4994.233 / Time: 0h:0m:0s (0h:0m:0s left)
UPDATE BEST LOG-LIKELIHOOD: -4994.233
Iteration 40 / LogL: -4994.233 / Time: 0h:0m:0s (0h:0m:0s left)
Iteration 50 / LogL: -5000.532 / Time: 0h:0m:0s (0h:0m:0s left)
Log-likelihood cutoff on original alignment: -5016.637
Iteration 60 / LogL: -4994.241 / Time: 0h:0m:0s (0h:0m:0s left)
BETTER TREE FOUND at iteration 65: -4994.233
Iteration 70 / LogL: -4994.243 / Time: 0h:0m:0s (0h:0m:0s left)
Iteration 80 / LogL: -4994.237 / Time: 0h:0m:0s (0h:0m:0s left)
Iteration 90 / LogL: -4994.237 / Time: 0h:0m:0s (0h:0m:0s left)
Iteration 100 / LogL: -4994.233 / Time: 0h:0m:0s (0h:0m:0s left)
Log-likelihood cutoff on original alignment: -5017.739
NOTE: Bootstrap correlation coefficient of split occurrence frequencies: 0.997
Iteration 110 / LogL: -4994.236 / Time: 0h:0m:0s (0h:0m:0s left)
Iteration 120 / LogL: -4994.239 / Time: 0h:0m:0s (0h:0m:0s left)
Iteration 130 / LogL: -4994.233 / Time: 0h:0m:1s (0h:0m:0s left)
Iteration 140 / LogL: -4994.233 / Time: 0h:0m:1s (0h:0m:0s left)
Iteration 150 / LogL: -4994.242 / Time: 0h:0m:1s (0h:0m:0s left)
Log-likelihood cutoff on original alignment: -5018.095
Iteration 160 / LogL: -4994.236 / Time: 0h:0m:1s (0h:0m:0s left)
TREE SEARCH COMPLETED AFTER 166 ITERATIONS / Time: 0h:0m:1s

--------------------------------------------------------------------
|                    FINALIZING TREE SEARCH                        |
--------------------------------------------------------------------
Performs final model parameters optimization
Estimate model parameters (epsilon = 0.010)
1. Initial log-likelihood: -4994.233
Optimal log-likelihood: -4994.233
Rate parameters:  A-C: 1.00000  A-G: 3.04233  A-T: 1.00000  C-G: 1.00000  C-T: 3.04233  G-T: 1.00000
Base frequencies:  A: 0.225  C: 0.286  G: 0.283  T: 0.206
Proportion of invariable sites: 0.894
Parameters optimization took 1 rounds (0.001 sec)
BEST SCORE FOUND : -4994.233
Creating bootstrap support values...
Split supports printed to NEXUS file 52085at7898.fltrd_aligned.fas.splits.nex
Total tree length: 0.047

Total number of iterations: 166
CPU time used for tree search: 1.244 sec (0h:0m:1s)
Wall-clock time used for tree search: 1.336 sec (0h:0m:1s)
Total CPU time used: 1.288 sec (0h:0m:1s)
Total wall-clock time used: 1.388 sec (0h:0m:1s)

Computing bootstrap consensus tree...
Reading input file 52085at7898.fltrd_aligned.fas.splits.nex...
15 taxa and 115 splits.
Consensus tree written to 52085at7898.fltrd_aligned.fas.contree
Reading input trees file 52085at7898.fltrd_aligned.fas.contree
Log-likelihood of consensus tree: -4994.266

Analysis results written to: 
  IQ-TREE report:                52085at7898.fltrd_aligned.fas.iqtree
  Maximum-likelihood tree:       52085at7898.fltrd_aligned.fas.treefile
  Likelihood distances:          52085at7898.fltrd_aligned.fas.mldist

Ultrafast bootstrap approximation results written to:
  Split support values:          52085at7898.fltrd_aligned.fas.splits.nex
  Consensus tree:                52085at7898.fltrd_aligned.fas.contree
  Screen log file:               52085at7898.fltrd_aligned.fas.log

Date and Time: Tue Dec  2 14:49:15 2025
