IQ-TREE multicore version 2.1.3 COVID-edition for Linux 64-bit built Apr 21 2021
Developed by Bui Quang Minh, James Barbetti, Nguyen Lam Tung,
Olga Chernomor, Heiko Schmidt, Dominik Schrempf, Michael Woodhams.

Host:    gombessa.rcs.alaska.edu (AVX2, FMA3, 503 GB RAM)
Command: /export/scratch/tsvanorden/Char_Phylogenetics/src/iqtree-2.1.3-Linux/bin/iqtree2 -s 42894at7898.fltrd_aligned.fas -m MFP -bb 1000 -T 1
Seed:    740852 (Using SPRNG - Scalable Parallel Random Number Generator)
Time:    Tue Dec  2 14:49:48 2025
Kernel:  AVX+FMA - 1 threads (1 CPU cores detected)

Reading alignment file 42894at7898.fltrd_aligned.fas ... Fasta format detected
Alignment most likely contains DNA/RNA sequences
WARNING: 48 sites contain only gaps or ambiguous characters.
Alignment has 20 sequences with 1635 columns, 35 distinct patterns
7 parsimony-informative, 30 singleton sites, 1598 constant sites
                                Gap/Ambiguity  Composition  p-value
   1  251140_Ward_Creek                 2.94%    passed     99.97%
   2  260512_Pybus_Point                2.94%    passed    100.00%
   3  261935_Kenai_River                2.94%    passed     99.99%
   4  353213_Cropley_Lake               2.94%    passed     99.97%
   5  353219_Peterson_Creek             2.94%    passed     99.99%
   6  353220_Fish_Creek                 2.94%    passed     99.97%
   7  353246_Cottonwood_Creek           2.94%    passed     99.99%
   8  353379_Skagit_River               2.94%    passed     99.91%
   9  353381_Dungeness_River            6.12%    passed     99.94%
  10  353401_Peace_River                2.94%    passed     99.91%
  11  353407_Noatok                     2.94%    passed     99.99%
  12  353410_Horizon_Lake               2.94%    passed    100.00%
  13  92319_Little_Lost                 2.94%    passed     99.91%
  14  94280_St_Joe                      2.94%    passed     99.91%
  15  GCA016432855_Lake_Trout           2.94%    passed     99.75%
  16  GCA036784925_Maine_S_alpinus      2.94%    passed    100.00%
  17  GCA045679555_Iceland_A_alpinus    2.94%    passed     99.99%
  18  GCF013265735_Rainbow_Trout        3.12%    passed     98.30%
  19  GCF029448725_Brook_Trout          3.30%    passed     99.97%
  20  Methow_River_99895                2.94%    passed     99.91%
****  TOTAL                             3.12%  0 sequences failed composition chi2 test (p-value<5%; df=3)
NOTE: 353213_Cropley_Lake is identical to 251140_Ward_Creek but kept for subsequent analysis
NOTE: 353410_Horizon_Lake is identical to 260512_Pybus_Point but kept for subsequent analysis
NOTE: 353246_Cottonwood_Creek is identical to 261935_Kenai_River but kept for subsequent analysis
NOTE: 353401_Peace_River is identical to 353379_Skagit_River but kept for subsequent analysis
NOTE: 6 identical sequences (see below) will be ignored for subsequent analysis
NOTE: 353220_Fish_Creek (identical to 251140_Ward_Creek) is ignored but added at the end
NOTE: 353407_Noatok (identical to 261935_Kenai_River) is ignored but added at the end
NOTE: GCA045679555_Iceland_A_alpinus (identical to 261935_Kenai_River) is ignored but added at the end
NOTE: 92319_Little_Lost (identical to 353379_Skagit_River) is ignored but added at the end
NOTE: 94280_St_Joe (identical to 353379_Skagit_River) is ignored but added at the end
NOTE: Methow_River_99895 (identical to 353379_Skagit_River) is ignored but added at the end
Alignment was printed to 42894at7898.fltrd_aligned.fas.uniqueseq.phy

For your convenience alignment with unique sequences printed to 42894at7898.fltrd_aligned.fas.uniqueseq.phy


Create initial parsimony tree by phylogenetic likelihood library (PLL)... 0.000 seconds
Perform fast likelihood tree search using GTR+I+G model...
Estimate model parameters (epsilon = 5.000)
Perform nearest neighbor interchange...
Estimate model parameters (epsilon = 1.000)
1. Initial log-likelihood: -2423.630
Optimal log-likelihood: -2422.609
Rate parameters:  A-C: 2.13407  A-G: 3.94866  A-T: 0.00010  C-G: 0.26661  C-T: 6.59271  G-T: 1.00000
Base frequencies:  A: 0.197  C: 0.255  G: 0.339  T: 0.208
Proportion of invariable sites: 0.489
Gamma shape alpha: 1.161
Parameters optimization took 1 rounds (0.002 sec)
Time for fast ML tree search: 0.010 seconds

NOTE: ModelFinder requires 0 MB RAM!
ModelFinder will test up to 286 DNA models (sample size: 1635) ...
 No. Model         -LnL         df  AIC          AICc         BIC
  1  GTR+F         2423.093     33  4912.186     4913.588     5090.366
  2  GTR+F+I       2422.578     34  4913.157     4914.644     5096.736
  3  GTR+F+G4      2422.577     34  4913.154     4914.641     5096.733
  4  GTR+F+I+G4    2422.593     35  4915.186     4916.762     5104.165
  5  GTR+F+R2      2422.792     35  4915.584     4917.160     5104.563
  6  GTR+F+R3      2422.756     37  4919.511     4921.272     5119.289
 14  SYM           2460.830     30  4981.660     4982.820     5143.642
 15  SYM+I         2460.400     31  4982.799     4984.037     5150.181
 16  SYM+G4        2460.399     31  4982.799     4984.037     5150.180
 27  TVM+F         2423.965     32  4911.930     4913.248     5084.711
 28  TVM+F+I       2423.427     33  4912.855     4914.256     5091.035
 29  TVM+F+G4      2423.426     33  4912.853     4914.255     5091.033
 40  TVMe          2461.419     29  4980.839     4981.923     5137.421
 41  TVMe+I        2460.933     30  4981.865     4983.025     5143.847
 42  TVMe+G4       2460.947     30  4981.894     4983.054     5143.876
 53  TIM3+F        2427.127     31  4916.253     4917.491     5083.634
 54  TIM3+F+I      2426.558     32  4917.115     4918.434     5089.896
 55  TIM3+F+G4     2426.558     32  4917.115     4918.434     5089.896
 66  TIM3e         2464.465     28  4984.929     4985.940     5136.112
 67  TIM3e+I       2463.950     29  4985.900     4986.984     5142.482
 68  TIM3e+G4      2463.950     29  4985.900     4986.984     5142.482
 79  TIM2+F        2426.967     31  4915.934     4917.172     5083.315
 80  TIM2+F+I      2426.363     32  4916.725     4918.044     5089.506
 81  TIM2+F+G4     2426.363     32  4916.725     4918.044     5089.506
 92  TIM2e         2464.659     28  4985.317     4986.328     5136.500
 93  TIM2e+I       2464.118     29  4986.235     4987.319     5142.818
 94  TIM2e+G4      2464.118     29  4986.235     4987.319     5142.818
105  TIM+F         2423.813     31  4909.625     4910.863     5077.006
106  TIM+F+I       2423.292     32  4910.583     4911.902     5083.364
107  TIM+F+G4      2423.291     32  4910.583     4911.901     5083.364
118  TIMe          2461.508     28  4979.017     4980.028     5130.200
119  TIMe+I        2461.058     29  4980.117     4981.201     5136.699
120  TIMe+G4       2461.058     29  4980.115     4981.199     5136.698
131  TPM3u+F       2427.914     30  4915.827     4916.987     5077.809
132  TPM3u+F+I     2427.336     31  4916.671     4917.909     5084.052
133  TPM3u+F+G4    2427.336     31  4916.671     4917.909     5084.052
144  TPM3+F        2427.914     30  4915.827     4916.987     5077.809
145  TPM3+F+I      2427.336     31  4916.671     4917.909     5084.052
146  TPM3+F+G4     2427.336     31  4916.671     4917.909     5084.052
157  TPM2u+F       2427.788     30  4915.576     4916.735     5077.557
158  TPM2u+F+I     2427.169     31  4916.338     4917.576     5083.720
159  TPM2u+F+G4    2427.168     31  4916.337     4917.575     5083.718
170  TPM2+F        2427.788     30  4915.576     4916.735     5077.557
171  TPM2+F+I      2427.169     31  4916.338     4917.576     5083.720
172  TPM2+F+G4     2427.168     31  4916.337     4917.575     5083.718
183  K3Pu+F        2424.708     30  4909.416     4910.576     5071.398
184  K3Pu+F+I      2424.172     31  4910.344     4911.582     5077.726
185  K3Pu+F+G4     2424.171     31  4910.342     4911.580     5077.724
196  K3P           2462.136     27  4978.272     4979.213     5124.056
197  K3P+I         2461.675     28  4979.350     4980.361     5130.533
198  K3P+G4        2461.674     28  4979.347     4980.358     5130.530
209  TN+F          2427.244     30  4914.488     4915.647     5076.470
210  TN+F+I        2426.660     31  4915.319     4916.557     5082.701
211  TN+F+G4       2426.660     31  4915.320     4916.557     5082.701
222  TNe           2464.694     27  4983.389     4984.330     5129.173
223  TNe+I         2464.163     28  4984.326     4985.338     5135.509
224  TNe+G4        2464.163     28  4984.326     4985.338     5135.510
235  HKY+F         2428.041     29  4914.082     4915.166     5070.664
236  HKY+F+I       2427.445     30  4914.891     4916.050     5076.872
237  HKY+F+G4      2427.445     30  4914.890     4916.050     5076.872
248  K2P           2465.238     26  4982.475     4983.348     5122.859
249  K2P+I         2464.698     27  4983.396     4984.337     5129.179
250  K2P+G4        2464.698     27  4983.395     4984.336     5129.179
261  F81+F         2439.917     28  4935.833     4936.844     5087.016
262  F81+F+I       2439.371     29  4936.742     4937.826     5093.324
263  F81+F+G4      2439.371     29  4936.743     4937.827     5093.325
274  JC            2476.579     25  5003.157     5003.965     5138.142
275  JC+I          2476.043     26  5004.085     5004.958     5144.469
276  JC+G4         2476.043     26  5004.086     5004.960     5144.471
Akaike Information Criterion:           K3Pu+F
Corrected Akaike Information Criterion: K3Pu+F
Bayesian Information Criterion:         HKY+F
Best-fit model: HKY+F chosen according to BIC

All model information printed to 42894at7898.fltrd_aligned.fas.model.gz
CPU time for ModelFinder: 0.100 seconds (0h:0m:0s)
Wall-clock time for ModelFinder: 0.104 seconds (0h:0m:0s)
Generating 1000 samples for ultrafast bootstrap (seed: 740852)...

NOTE: 0 MB RAM (0 GB) is required!
Estimate model parameters (epsilon = 0.100)
1. Initial log-likelihood: -2428.041
Optimal log-likelihood: -2428.041
Rate parameters:  A-C: 1.00000  A-G: 5.42044  A-T: 1.00000  C-G: 1.00000  C-T: 5.42044  G-T: 1.00000
Base frequencies:  A: 0.197  C: 0.255  G: 0.339  T: 0.208
Parameters optimization took 1 rounds (0.000 sec)
Computing ML distances based on estimated model parameters...
Computing ML distances took 0.000542 sec (of wall-clock time) 0.000523 sec(of CPU time)
Computing RapidNJ tree took 0.000048 sec (of wall-clock time) 0.000044 sec (of CPU time)
Log-likelihood of RapidNJ tree: -2428.067
--------------------------------------------------------------------
|             INITIALIZING CANDIDATE TREE SET                      |
--------------------------------------------------------------------
Generating 98 parsimony trees... 0.020 second
Computing log-likelihood of 98 initial trees ... 0.021 seconds
Current best score: -2428.041

Do NNI search on 20 best initial trees
Estimate model parameters (epsilon = 0.100)
BETTER TREE FOUND at iteration 1: -2428.041
Iteration 10 / LogL: -2428.041 / Time: 0h:0m:0s
Iteration 20 / LogL: -2428.154 / Time: 0h:0m:0s
Finish initializing candidate tree set (19)
Current best tree score: -2428.041 / CPU time: 0.105
Number of iterations: 20
--------------------------------------------------------------------
|               OPTIMIZING CANDIDATE TREE SET                      |
--------------------------------------------------------------------
Iteration 30 / LogL: -2428.041 / Time: 0h:0m:0s (0h:0m:0s left)
BETTER TREE FOUND at iteration 33: -2428.041
BETTER TREE FOUND at iteration 35: -2428.041
Iteration 40 / LogL: -2428.049 / Time: 0h:0m:0s (0h:0m:0s left)
Iteration 50 / LogL: -2428.157 / Time: 0h:0m:0s (0h:0m:0s left)
Log-likelihood cutoff on original alignment: -2480.324
Iteration 60 / LogL: -2428.047 / Time: 0h:0m:0s (0h:0m:0s left)
BETTER TREE FOUND at iteration 65: -2428.041
Iteration 70 / LogL: -2428.045 / Time: 0h:0m:0s (0h:0m:0s left)
Iteration 80 / LogL: -2428.047 / Time: 0h:0m:0s (0h:0m:0s left)
Iteration 90 / LogL: -2428.041 / Time: 0h:0m:0s (0h:0m:0s left)
BETTER TREE FOUND at iteration 97: -2428.041
UPDATE BEST LOG-LIKELIHOOD: -2428.041
Iteration 100 / LogL: -2428.041 / Time: 0h:0m:0s (0h:0m:0s left)
Log-likelihood cutoff on original alignment: -2480.324
NOTE: Bootstrap correlation coefficient of split occurrence frequencies: 0.942
NOTE: UFBoot does not converge, continue at least 100 more iterations
Iteration 110 / LogL: -2428.047 / Time: 0h:0m:0s (0h:0m:0s left)
Iteration 120 / LogL: -2428.045 / Time: 0h:0m:0s (0h:0m:0s left)
Iteration 130 / LogL: -2428.046 / Time: 0h:0m:0s (0h:0m:0s left)
Iteration 140 / LogL: -2428.046 / Time: 0h:0m:0s (0h:0m:0s left)
Iteration 150 / LogL: -2428.041 / Time: 0h:0m:0s (0h:0m:0s left)
Log-likelihood cutoff on original alignment: -2480.324
Iteration 160 / LogL: -2428.041 / Time: 0h:0m:0s (0h:0m:0s left)
Iteration 170 / LogL: -2436.809 / Time: 0h:0m:0s (0h:0m:0s left)
Iteration 180 / LogL: -2428.041 / Time: 0h:0m:0s (0h:0m:0s left)
Iteration 190 / LogL: -2428.041 / Time: 0h:0m:1s (0h:0m:0s left)
Iteration 200 / LogL: -2428.044 / Time: 0h:0m:1s (0h:0m:0s left)
Log-likelihood cutoff on original alignment: -2480.324
NOTE: Bootstrap correlation coefficient of split occurrence frequencies: 0.975
NOTE: UFBoot does not converge, continue at least 100 more iterations
Iteration 210 / LogL: -2428.047 / Time: 0h:0m:1s (0h:0m:0s left)
Iteration 220 / LogL: -2428.043 / Time: 0h:0m:1s (0h:0m:0s left)
Iteration 230 / LogL: -2428.157 / Time: 0h:0m:1s (0h:0m:0s left)
Iteration 240 / LogL: -2428.045 / Time: 0h:0m:1s (0h:0m:0s left)
Iteration 250 / LogL: -2436.693 / Time: 0h:0m:1s (0h:0m:0s left)
Log-likelihood cutoff on original alignment: -2480.345
Iteration 260 / LogL: -2428.155 / Time: 0h:0m:1s (0h:0m:0s left)
Iteration 270 / LogL: -2428.157 / Time: 0h:0m:1s (0h:0m:0s left)
Iteration 280 / LogL: -2428.043 / Time: 0h:0m:1s (0h:0m:0s left)
Iteration 290 / LogL: -2428.041 / Time: 0h:0m:1s (0h:0m:0s left)
Iteration 300 / LogL: -2428.041 / Time: 0h:0m:1s (0h:0m:0s left)
Log-likelihood cutoff on original alignment: -2480.345
NOTE: Bootstrap correlation coefficient of split occurrence frequencies: 0.981
NOTE: UFBoot does not converge, continue at least 100 more iterations
Iteration 310 / LogL: -2428.047 / Time: 0h:0m:1s (0h:0m:0s left)
Iteration 320 / LogL: -2428.050 / Time: 0h:0m:1s (0h:0m:0s left)
Iteration 330 / LogL: -2433.496 / Time: 0h:0m:1s (0h:0m:0s left)
Iteration 340 / LogL: -2428.041 / Time: 0h:0m:1s (0h:0m:0s left)
Iteration 350 / LogL: -2428.043 / Time: 0h:0m:2s (0h:0m:0s left)
Log-likelihood cutoff on original alignment: -2480.345
Iteration 360 / LogL: -2428.051 / Time: 0h:0m:2s (0h:0m:0s left)
Iteration 370 / LogL: -2428.045 / Time: 0h:0m:2s (0h:0m:0s left)
Iteration 380 / LogL: -2428.041 / Time: 0h:0m:2s (0h:0m:0s left)
Iteration 390 / LogL: -2428.045 / Time: 0h:0m:2s (0h:0m:0s left)
Iteration 400 / LogL: -2428.041 / Time: 0h:0m:2s (0h:0m:0s left)
Log-likelihood cutoff on original alignment: -2480.345
NOTE: Bootstrap correlation coefficient of split occurrence frequencies: 0.986
NOTE: UFBoot does not converge, continue at least 100 more iterations
Iteration 410 / LogL: -2428.047 / Time: 0h:0m:2s (0h:0m:0s left)
Iteration 420 / LogL: -2428.043 / Time: 0h:0m:2s (0h:0m:0s left)
Iteration 430 / LogL: -2428.045 / Time: 0h:0m:2s (0h:0m:0s left)
Iteration 440 / LogL: -2428.047 / Time: 0h:0m:2s (0h:0m:0s left)
Iteration 450 / LogL: -2428.041 / Time: 0h:0m:2s (0h:0m:0s left)
Log-likelihood cutoff on original alignment: -2480.345
Iteration 460 / LogL: -2428.041 / Time: 0h:0m:2s (0h:0m:0s left)
Iteration 470 / LogL: -2435.490 / Time: 0h:0m:2s (0h:0m:0s left)
Iteration 480 / LogL: -2428.047 / Time: 0h:0m:2s (0h:0m:0s left)
Iteration 490 / LogL: -2436.807 / Time: 0h:0m:3s (0h:0m:0s left)
Iteration 500 / LogL: -2428.041 / Time: 0h:0m:3s (0h:0m:0s left)
Log-likelihood cutoff on original alignment: -2480.345
NOTE: Bootstrap correlation coefficient of split occurrence frequencies: 0.977
NOTE: UFBoot does not converge, continue at least 100 more iterations
Iteration 510 / LogL: -2428.044 / Time: 0h:0m:3s (0h:0m:0s left)
Iteration 520 / LogL: -2428.047 / Time: 0h:0m:3s (0h:0m:0s left)
Iteration 530 / LogL: -2428.045 / Time: 0h:0m:3s (0h:0m:0s left)
Iteration 540 / LogL: -2428.041 / Time: 0h:0m:3s (0h:0m:0s left)
Iteration 550 / LogL: -2428.041 / Time: 0h:0m:3s (0h:0m:0s left)
Log-likelihood cutoff on original alignment: -2480.345
Iteration 560 / LogL: -2428.043 / Time: 0h:0m:3s (0h:0m:0s left)
Iteration 570 / LogL: -2428.041 / Time: 0h:0m:3s (0h:0m:0s left)
Iteration 580 / LogL: -2428.045 / Time: 0h:0m:3s (0h:0m:0s left)
Iteration 590 / LogL: -2428.041 / Time: 0h:0m:3s (0h:0m:0s left)
Iteration 600 / LogL: -2428.041 / Time: 0h:0m:4s (0h:0m:0s left)
Log-likelihood cutoff on original alignment: -2480.324
NOTE: Bootstrap correlation coefficient of split occurrence frequencies: 0.990
NOTE: UFBoot does not converge, continue at least 100 more iterations
Iteration 610 / LogL: -2428.043 / Time: 0h:0m:4s (0h:0m:0s left)
Iteration 620 / LogL: -2428.043 / Time: 0h:0m:4s (0h:0m:0s left)
Iteration 630 / LogL: -2428.046 / Time: 0h:0m:4s (0h:0m:0s left)
Iteration 640 / LogL: -2428.049 / Time: 0h:0m:4s (0h:0m:0s left)
Iteration 650 / LogL: -2428.162 / Time: 0h:0m:4s (0h:0m:0s left)
Log-likelihood cutoff on original alignment: -2480.324
Iteration 660 / LogL: -2428.042 / Time: 0h:0m:4s (0h:0m:0s left)
Iteration 670 / LogL: -2428.043 / Time: 0h:0m:4s (0h:0m:0s left)
Iteration 680 / LogL: -2428.041 / Time: 0h:0m:4s (0h:0m:0s left)
Iteration 690 / LogL: -2428.043 / Time: 0h:0m:4s (0h:0m:0s left)
Iteration 700 / LogL: -2428.041 / Time: 0h:0m:4s (0h:0m:0s left)
Log-likelihood cutoff on original alignment: -2480.324
NOTE: Bootstrap correlation coefficient of split occurrence frequencies: 0.986
NOTE: UFBoot does not converge, continue at least 100 more iterations
Iteration 710 / LogL: -2428.047 / Time: 0h:0m:5s (0h:0m:0s left)
Iteration 720 / LogL: -2428.041 / Time: 0h:0m:5s (0h:0m:0s left)
Iteration 730 / LogL: -2428.045 / Time: 0h:0m:5s (0h:0m:0s left)
Iteration 740 / LogL: -2428.043 / Time: 0h:0m:5s (0h:0m:0s left)
Iteration 750 / LogL: -2428.048 / Time: 0h:0m:5s (0h:0m:0s left)
Log-likelihood cutoff on original alignment: -2480.324
Iteration 760 / LogL: -2428.041 / Time: 0h:0m:5s (0h:0m:0s left)
Iteration 770 / LogL: -2428.043 / Time: 0h:0m:5s (0h:0m:0s left)
Iteration 780 / LogL: -2428.041 / Time: 0h:0m:5s (0h:0m:0s left)
Iteration 790 / LogL: -2428.046 / Time: 0h:0m:5s (0h:0m:0s left)
Iteration 800 / LogL: -2436.978 / Time: 0h:0m:5s (0h:0m:0s left)
Log-likelihood cutoff on original alignment: -2480.324
NOTE: Bootstrap correlation coefficient of split occurrence frequencies: 0.992
TREE SEARCH COMPLETED AFTER 800 ITERATIONS / Time: 0h:0m:6s

--------------------------------------------------------------------
|                    FINALIZING TREE SEARCH                        |
--------------------------------------------------------------------
Performs final model parameters optimization
Estimate model parameters (epsilon = 0.010)
1. Initial log-likelihood: -2428.041
Optimal log-likelihood: -2428.041
Rate parameters:  A-C: 1.00000  A-G: 5.41513  A-T: 1.00000  C-G: 1.00000  C-T: 5.41513  G-T: 1.00000
Base frequencies:  A: 0.197  C: 0.255  G: 0.339  T: 0.208
Parameters optimization took 1 rounds (0.000 sec)
BEST SCORE FOUND : -2428.041
Creating bootstrap support values...
Split supports printed to NEXUS file 42894at7898.fltrd_aligned.fas.splits.nex
Total tree length: 0.024

Total number of iterations: 800
CPU time used for tree search: 5.863 sec (0h:0m:5s)
Wall-clock time used for tree search: 6.005 sec (0h:0m:6s)
Total CPU time used: 5.898 sec (0h:0m:5s)
Total wall-clock time used: 6.051 sec (0h:0m:6s)

Computing bootstrap consensus tree...
Reading input file 42894at7898.fltrd_aligned.fas.splits.nex...
14 taxa and 260 splits.
Consensus tree written to 42894at7898.fltrd_aligned.fas.contree
Reading input trees file 42894at7898.fltrd_aligned.fas.contree
Log-likelihood of consensus tree: -2428.071

Analysis results written to: 
  IQ-TREE report:                42894at7898.fltrd_aligned.fas.iqtree
  Maximum-likelihood tree:       42894at7898.fltrd_aligned.fas.treefile
  Likelihood distances:          42894at7898.fltrd_aligned.fas.mldist

Ultrafast bootstrap approximation results written to:
  Split support values:          42894at7898.fltrd_aligned.fas.splits.nex
  Consensus tree:                42894at7898.fltrd_aligned.fas.contree
  Screen log file:               42894at7898.fltrd_aligned.fas.log

Date and Time: Tue Dec  2 14:49:54 2025
