IQ-TREE multicore version 2.1.3 COVID-edition for Linux 64-bit built Apr 21 2021
Developed by Bui Quang Minh, James Barbetti, Nguyen Lam Tung,
Olga Chernomor, Heiko Schmidt, Dominik Schrempf, Michael Woodhams.

Host:    gombessa.rcs.alaska.edu (AVX2, FMA3, 503 GB RAM)
Command: /export/scratch/tsvanorden/Char_Phylogenetics/src/iqtree-2.1.3-Linux/bin/iqtree2 -s 52334at7898.fltrd_aligned.fas -m MFP -bb 1000 -T 1
Seed:    771683 (Using SPRNG - Scalable Parallel Random Number Generator)
Time:    Tue Dec  2 14:49:58 2025
Kernel:  AVX+FMA - 1 threads (1 CPU cores detected)

Reading alignment file 52334at7898.fltrd_aligned.fas ... Fasta format detected
Alignment most likely contains DNA/RNA sequences
WARNING: 69 sites contain only gaps or ambiguous characters.
Alignment has 20 sequences with 1518 columns, 107 distinct patterns
25 parsimony-informative, 50 singleton sites, 1443 constant sites
                                Gap/Ambiguity  Composition  p-value
   1  251140_Ward_Creek                 9.35%    passed     99.62%
   2  260512_Pybus_Point               16.01%    passed     85.73%
   3  261935_Kenai_River                7.71%    passed     99.96%
   4  353213_Cropley_Lake               7.71%    passed     99.96%
   5  353219_Peterson_Creek             6.13%    passed     99.97%
   6  353220_Fish_Creek                 7.71%    passed     99.97%
   7  353246_Cottonwood_Creek           7.71%    passed     99.96%
   8  353379_Skagit_River               7.11%    passed     99.93%
   9  353381_Dungeness_River           20.03%    passed     90.09%
  10  353401_Peace_River                9.88%    passed     99.89%
  11  353407_Noatok                     7.71%    passed    100.00%
  12  353410_Horizon_Lake               7.71%    passed     99.97%
  13  92319_Little_Lost                 9.88%    passed     99.89%
  14  94280_St_Joe                      6.72%    passed     95.88%
  15  GCA016432855_Lake_Trout           7.91%    passed     99.91%
  16  GCA036784925_Maine_S_alpinus      7.71%    passed     99.85%
  17  GCA045679555_Iceland_A_alpinus    7.71%    passed     99.99%
  18  GCF013265735_Rainbow_Trout        6.13%    passed     99.66%
  19  GCF029448725_Brook_Trout          7.91%    passed     99.89%
  20  Methow_River_99895                9.88%    passed     99.89%
****  TOTAL                             8.93%  0 sequences failed composition chi2 test (p-value<5%; df=3)
NOTE: 353213_Cropley_Lake is identical to 261935_Kenai_River but kept for subsequent analysis
NOTE: 92319_Little_Lost is identical to 353401_Peace_River but kept for subsequent analysis
NOTE: 2 identical sequences (see below) will be ignored for subsequent analysis
NOTE: 353246_Cottonwood_Creek (identical to 261935_Kenai_River) is ignored but added at the end
NOTE: Methow_River_99895 (identical to 353401_Peace_River) is ignored but added at the end
Alignment was printed to 52334at7898.fltrd_aligned.fas.uniqueseq.phy

For your convenience alignment with unique sequences printed to 52334at7898.fltrd_aligned.fas.uniqueseq.phy


Create initial parsimony tree by phylogenetic likelihood library (PLL)... 0.000 seconds
Perform fast likelihood tree search using GTR+I+G model...
Estimate model parameters (epsilon = 5.000)
Perform nearest neighbor interchange...
Estimate model parameters (epsilon = 1.000)
1. Initial log-likelihood: -2566.947
Optimal log-likelihood: -2566.946
Rate parameters:  A-C: 1.38789  A-G: 2.76496  A-T: 0.37985  C-G: 0.27898  C-T: 2.63859  G-T: 1.00000
Base frequencies:  A: 0.294  C: 0.232  G: 0.267  T: 0.207
Proportion of invariable sites: 0.474
Gamma shape alpha: 0.100
Parameters optimization took 1 rounds (0.003 sec)
Time for fast ML tree search: 0.024 seconds

NOTE: ModelFinder requires 1 MB RAM!
ModelFinder will test up to 286 DNA models (sample size: 1518) ...
 No. Model         -LnL         df  AIC          AICc         BIC
  1  GTR+F         2582.023     41  5246.045     5248.379     5464.377
  2  GTR+F+I       2566.940     42  5217.880     5220.328     5441.536
  3  GTR+F+G4      2569.118     42  5222.235     5224.684     5445.892
  4  GTR+F+I+G4    2566.944     43  5219.889     5222.456     5448.870
  5  GTR+F+R2      2577.113     43  5240.226     5242.793     5469.208
  6  GTR+F+R3      2567.517     45  5225.034     5227.846     5464.666
  7  GTR+F+R4      2567.355     47  5228.710     5231.779     5478.992
 15  SYM+I         2582.030     39  5242.059     5244.170     5449.740
 16  SYM+G4        2584.374     39  5246.749     5248.860     5454.430
 17  SYM+I+G4      2582.034     40  5244.068     5246.289     5457.074
 28  TVM+F+I       2566.950     41  5215.901     5218.234     5434.232
 29  TVM+F+G4      2569.116     41  5220.233     5222.566     5438.564
 30  TVM+F+I+G4    2566.954     42  5217.908     5220.357     5441.564
 41  TVMe+I        2582.632     38  5241.263     5243.268     5443.619
 42  TVMe+G4       2584.826     38  5245.653     5247.657     5448.008
 43  TVMe+I+G4     2582.627     39  5243.253     5245.364     5450.934
 54  TIM3+F+I      2571.339     40  5222.678     5224.898     5435.684
 55  TIM3+F+G4     2573.388     40  5226.776     5228.997     5439.782
 56  TIM3+F+I+G4   2571.352     41  5224.703     5227.037     5443.034
 67  TIM3e+I       2586.667     37  5247.333     5249.233     5444.364
 68  TIM3e+G4      2588.806     37  5251.612     5253.512     5448.643
 69  TIM3e+I+G4    2586.679     38  5249.358     5251.363     5451.714
 80  TIM2+F+I      2570.851     40  5221.701     5223.922     5434.707
 81  TIM2+F+G4     2573.136     40  5226.273     5228.493     5439.278
 82  TIM2+F+I+G4   2570.859     41  5223.719     5226.052     5442.050
 93  TIM2e+I       2586.057     37  5246.114     5248.014     5443.145
 94  TIM2e+G4      2588.545     37  5251.089     5252.989     5448.120
 95  TIM2e+I+G4    2586.059     38  5248.119     5250.123     5450.475
106  TIM+F+I       2567.280     40  5214.560     5216.781     5427.566
107  TIM+F+G4      2569.399     40  5218.798     5221.019     5431.804
108  TIM+F+I+G4    2567.287     41  5216.574     5218.907     5434.905
119  TIMe+I        2582.711     37  5239.421     5241.321     5436.452
120  TIMe+G4       2584.926     37  5243.853     5245.753     5440.883
121  TIMe+I+G4     2582.718     38  5241.435     5243.439     5443.791
132  TPM3u+F+I     2571.351     39  5220.702     5222.813     5428.383
133  TPM3u+F+G4    2573.389     39  5224.777     5226.888     5432.458
134  TPM3u+F+I+G4  2571.363     40  5222.727     5224.948     5435.733
145  TPM3+F+I      2571.351     39  5220.702     5222.813     5428.383
146  TPM3+F+G4     2573.389     39  5224.777     5226.888     5432.458
147  TPM3+F+I+G4   2571.363     40  5222.727     5224.948     5435.733
158  TPM2u+F+I     2570.856     39  5219.713     5221.824     5427.394
159  TPM2u+F+G4    2573.136     39  5224.271     5226.382     5431.952
160  TPM2u+F+I+G4  2570.864     40  5221.728     5223.949     5434.734
171  TPM2+F+I      2570.856     39  5219.712     5221.823     5427.393
172  TPM2+F+G4     2573.135     39  5224.271     5226.382     5431.952
173  TPM2+F+I+G4   2570.862     40  5221.725     5223.946     5434.731
184  K3Pu+F+I      2567.290     39  5212.579     5214.690     5420.260
185  K3Pu+F+G4     2569.399     39  5216.798     5218.909     5424.479
186  K3Pu+F+I+G4   2567.296     40  5214.591     5216.812     5427.597
197  K3P+I         2583.299     36  5238.599     5240.398     5430.304
198  K3P+G4        2585.379     36  5242.758     5244.557     5434.464
199  K3P+I+G4      2583.300     37  5240.601     5242.501     5437.631
210  TN+F+I        2571.416     39  5220.831     5222.942     5428.512
211  TN+F+G4       2573.551     39  5225.102     5227.213     5432.783
212  TN+F+I+G4     2571.429     40  5222.858     5225.079     5435.864
223  TNe+I         2586.859     36  5245.719     5247.518     5437.424
224  TNe+G4        2589.110     36  5250.220     5252.019     5441.925
225  TNe+I+G4      2586.871     37  5247.743     5249.643     5444.773
236  HKY+F+I       2571.426     38  5218.851     5220.855     5421.207
237  HKY+F+G4      2573.553     38  5223.106     5225.110     5425.462
238  HKY+F+I+G4    2571.439     39  5220.878     5222.988     5428.558
249  K2P+I         2587.450     35  5244.899     5246.600     5431.279
250  K2P+G4        2589.563     35  5249.126     5250.826     5435.506
251  K2P+I+G4      2587.459     36  5246.917     5248.716     5438.623
262  F81+F+I       2587.043     37  5248.086     5249.986     5445.116
263  F81+F+G4      2589.089     37  5252.178     5254.078     5449.209
264  F81+F+I+G4    2587.061     38  5250.123     5252.127     5452.478
275  JC+I          2603.758     34  5275.517     5277.122     5456.572
276  JC+G4         2605.813     34  5279.626     5281.231     5460.681
277  JC+I+G4       2603.778     35  5277.557     5279.257     5463.937
Akaike Information Criterion:           K3Pu+F+I
Corrected Akaike Information Criterion: K3Pu+F+I
Bayesian Information Criterion:         K3Pu+F+I
Best-fit model: K3Pu+F+I chosen according to BIC

All model information printed to 52334at7898.fltrd_aligned.fas.model.gz
CPU time for ModelFinder: 0.557 seconds (0h:0m:0s)
Wall-clock time for ModelFinder: 0.566 seconds (0h:0m:0s)
Generating 1000 samples for ultrafast bootstrap (seed: 771683)...

NOTE: 0 MB RAM (0 GB) is required!
Estimate model parameters (epsilon = 0.100)
1. Initial log-likelihood: -2567.290
Optimal log-likelihood: -2567.290
Rate parameters:  A-C: 1.00000  A-G: 2.27441  A-T: 0.27505  C-G: 0.27505  C-T: 2.27441  G-T: 1.00000
Base frequencies:  A: 0.294  C: 0.232  G: 0.267  T: 0.207
Proportion of invariable sites: 0.859
Parameters optimization took 1 rounds (0.001 sec)
Computing ML distances based on estimated model parameters...
Computing ML distances took 0.001112 sec (of wall-clock time) 0.001086 sec(of CPU time)
Computing RapidNJ tree took 0.000068 sec (of wall-clock time) 0.000067 sec (of CPU time)
Log-likelihood of RapidNJ tree: -2567.315
--------------------------------------------------------------------
|             INITIALIZING CANDIDATE TREE SET                      |
--------------------------------------------------------------------
Generating 98 parsimony trees... 0.045 second
Computing log-likelihood of 98 initial trees ... 0.055 seconds
Current best score: -2567.249

Do NNI search on 20 best initial trees
Estimate model parameters (epsilon = 0.100)
BETTER TREE FOUND at iteration 1: -2567.238
BETTER TREE FOUND at iteration 5: -2567.237
Iteration 10 / LogL: -2567.238 / Time: 0h:0m:0s
Iteration 20 / LogL: -2567.239 / Time: 0h:0m:0s
Finish initializing candidate tree set (14)
Current best tree score: -2567.237 / CPU time: 0.266
Number of iterations: 20
--------------------------------------------------------------------
|               OPTIMIZING CANDIDATE TREE SET                      |
--------------------------------------------------------------------
Iteration 30 / LogL: -2567.240 / Time: 0h:0m:0s (0h:0m:0s left)
BETTER TREE FOUND at iteration 32: -2567.237
Iteration 40 / LogL: -2567.244 / Time: 0h:0m:0s (0h:0m:1s left)
Iteration 50 / LogL: -2567.240 / Time: 0h:0m:0s (0h:0m:0s left)
Log-likelihood cutoff on original alignment: -2581.365
UPDATE BEST LOG-LIKELIHOOD: -2567.237
Iteration 60 / LogL: -2567.239 / Time: 0h:0m:0s (0h:0m:0s left)
Iteration 70 / LogL: -2567.237 / Time: 0h:0m:0s (0h:0m:0s left)
Iteration 80 / LogL: -2575.296 / Time: 0h:0m:0s (0h:0m:0s left)
UPDATE BEST LOG-LIKELIHOOD: -2567.237
Iteration 90 / LogL: -2600.800 / Time: 0h:0m:0s (0h:0m:0s left)
Iteration 100 / LogL: -2567.243 / Time: 0h:0m:1s (0h:0m:0s left)
Log-likelihood cutoff on original alignment: -2583.763
NOTE: Bootstrap correlation coefficient of split occurrence frequencies: 0.980
NOTE: UFBoot does not converge, continue at least 100 more iterations
Iteration 110 / LogL: -2574.356 / Time: 0h:0m:1s (0h:0m:0s left)
Iteration 120 / LogL: -2575.302 / Time: 0h:0m:1s (0h:0m:0s left)
Iteration 130 / LogL: -2567.240 / Time: 0h:0m:1s (0h:0m:0s left)
Iteration 140 / LogL: -2567.291 / Time: 0h:0m:1s (0h:0m:0s left)
UPDATE BEST LOG-LIKELIHOOD: -2567.237
Iteration 150 / LogL: -2567.290 / Time: 0h:0m:1s (0h:0m:0s left)
Log-likelihood cutoff on original alignment: -2585.136
Iteration 160 / LogL: -2567.293 / Time: 0h:0m:1s (0h:0m:0s left)
Iteration 170 / LogL: -2567.237 / Time: 0h:0m:1s (0h:0m:0s left)
Iteration 180 / LogL: -2567.242 / Time: 0h:0m:1s (0h:0m:0s left)
UPDATE BEST LOG-LIKELIHOOD: -2567.237
Iteration 190 / LogL: -2567.289 / Time: 0h:0m:1s (0h:0m:0s left)
UPDATE BEST LOG-LIKELIHOOD: -2567.237
Iteration 200 / LogL: -2567.295 / Time: 0h:0m:2s (0h:0m:0s left)
Log-likelihood cutoff on original alignment: -2586.178
NOTE: Bootstrap correlation coefficient of split occurrence frequencies: 0.993
TREE SEARCH COMPLETED AFTER 200 ITERATIONS / Time: 0h:0m:2s

--------------------------------------------------------------------
|                    FINALIZING TREE SEARCH                        |
--------------------------------------------------------------------
Performs final model parameters optimization
Estimate model parameters (epsilon = 0.010)
1. Initial log-likelihood: -2567.237
Optimal log-likelihood: -2567.237
Rate parameters:  A-C: 1.00000  A-G: 2.27453  A-T: 0.27577  C-G: 0.27577  C-T: 2.27453  G-T: 1.00000
Base frequencies:  A: 0.294  C: 0.232  G: 0.267  T: 0.207
Proportion of invariable sites: 0.858
Parameters optimization took 1 rounds (0.001 sec)
BEST SCORE FOUND : -2567.237
Creating bootstrap support values...
Split supports printed to NEXUS file 52334at7898.fltrd_aligned.fas.splits.nex
Total tree length: 0.068

Total number of iterations: 200
CPU time used for tree search: 1.918 sec (0h:0m:1s)
Wall-clock time used for tree search: 2.018 sec (0h:0m:2s)
Total CPU time used: 1.964 sec (0h:0m:1s)
Total wall-clock time used: 2.073 sec (0h:0m:2s)

Computing bootstrap consensus tree...
Reading input file 52334at7898.fltrd_aligned.fas.splits.nex...
18 taxa and 191 splits.
Consensus tree written to 52334at7898.fltrd_aligned.fas.contree
Reading input trees file 52334at7898.fltrd_aligned.fas.contree
Log-likelihood of consensus tree: -2567.258

Analysis results written to: 
  IQ-TREE report:                52334at7898.fltrd_aligned.fas.iqtree
  Maximum-likelihood tree:       52334at7898.fltrd_aligned.fas.treefile
  Likelihood distances:          52334at7898.fltrd_aligned.fas.mldist

Ultrafast bootstrap approximation results written to:
  Split support values:          52334at7898.fltrd_aligned.fas.splits.nex
  Consensus tree:                52334at7898.fltrd_aligned.fas.contree
  Screen log file:               52334at7898.fltrd_aligned.fas.log

Date and Time: Tue Dec  2 14:50:01 2025
