IQ-TREE multicore version 2.1.3 COVID-edition for Linux 64-bit built Apr 21 2021
Developed by Bui Quang Minh, James Barbetti, Nguyen Lam Tung,
Olga Chernomor, Heiko Schmidt, Dominik Schrempf, Michael Woodhams.

Host:    gombessa.rcs.alaska.edu (AVX2, FMA3, 503 GB RAM)
Command: /export/scratch/tsvanorden/Char_Phylogenetics/src/iqtree-2.1.3-Linux/bin/iqtree2 -s 75213at7898.fltrd_aligned.fas -m MFP -bb 1000 -T 1
Seed:    729524 (Using SPRNG - Scalable Parallel Random Number Generator)
Time:    Tue Dec  2 14:49:33 2025
Kernel:  AVX+FMA - 1 threads (1 CPU cores detected)

Reading alignment file 75213at7898.fltrd_aligned.fas ... Fasta format detected
Alignment most likely contains DNA/RNA sequences
Alignment has 20 sequences with 1116 columns, 52 distinct patterns
25 parsimony-informative, 34 singleton sites, 1057 constant sites
                                Gap/Ambiguity  Composition  p-value
   1  251140_Ward_Creek                 2.15%    passed    100.00%
   2  260512_Pybus_Point                2.15%    passed    100.00%
   3  261935_Kenai_River                0.54%    passed     99.77%
   4  353213_Cropley_Lake               2.15%    passed    100.00%
   5  353219_Peterson_Creek             2.15%    passed    100.00%
   6  353220_Fish_Creek                 2.15%    passed    100.00%
   7  353246_Cottonwood_Creek           2.15%    passed    100.00%
   8  353379_Skagit_River               2.15%    passed     99.99%
   9  353381_Dungeness_River            2.15%    passed    100.00%
  10  353401_Peace_River                2.15%    passed     99.96%
  11  353407_Noatok                     2.15%    passed    100.00%
  12  353410_Horizon_Lake               2.15%    passed    100.00%
  13  92319_Little_Lost                 3.49%    passed     99.48%
  14  94280_St_Joe                      2.15%    passed     99.96%
  15  GCA016432855_Lake_Trout           2.15%    passed     99.51%
  16  GCA036784925_Maine_S_alpinus      2.15%    passed     99.99%
  17  GCA045679555_Iceland_A_alpinus    2.15%    passed    100.00%
  18  GCF013265735_Rainbow_Trout        0.00%    passed     99.97%
  19  GCF029448725_Brook_Trout          2.15%    passed     98.66%
  20  Methow_River_99895                2.15%    passed     99.96%
****  TOTAL                             2.03%  0 sequences failed composition chi2 test (p-value<5%; df=3)
NOTE: 260512_Pybus_Point is identical to 251140_Ward_Creek but kept for subsequent analysis
NOTE: 94280_St_Joe is identical to 353401_Peace_River but kept for subsequent analysis
NOTE: 9 identical sequences (see below) will be ignored for subsequent analysis
NOTE: 353213_Cropley_Lake (identical to 251140_Ward_Creek) is ignored but added at the end
NOTE: 353219_Peterson_Creek (identical to 251140_Ward_Creek) is ignored but added at the end
NOTE: 353220_Fish_Creek (identical to 251140_Ward_Creek) is ignored but added at the end
NOTE: 353246_Cottonwood_Creek (identical to 251140_Ward_Creek) is ignored but added at the end
NOTE: 353381_Dungeness_River (identical to 251140_Ward_Creek) is ignored but added at the end
NOTE: 353407_Noatok (identical to 251140_Ward_Creek) is ignored but added at the end
NOTE: 353410_Horizon_Lake (identical to 251140_Ward_Creek) is ignored but added at the end
NOTE: GCA045679555_Iceland_A_alpinus (identical to 251140_Ward_Creek) is ignored but added at the end
NOTE: Methow_River_99895 (identical to 353401_Peace_River) is ignored but added at the end
Alignment was printed to 75213at7898.fltrd_aligned.fas.uniqueseq.phy

For your convenience alignment with unique sequences printed to 75213at7898.fltrd_aligned.fas.uniqueseq.phy


Create initial parsimony tree by phylogenetic likelihood library (PLL)... 0.000 seconds
Perform fast likelihood tree search using GTR+I+G model...
Estimate model parameters (epsilon = 5.000)
Perform nearest neighbor interchange...
Estimate model parameters (epsilon = 1.000)
1. Initial log-likelihood: -1926.626
Optimal log-likelihood: -1926.622
Rate parameters:  A-C: 0.90733  A-G: 1.85596  A-T: 1.25619  C-G: 1.48092  C-T: 2.29067  G-T: 1.00000
Base frequencies:  A: 0.248  C: 0.237  G: 0.280  T: 0.236
Proportion of invariable sites: 0.474
Gamma shape alpha: 998.438
Parameters optimization took 1 rounds (0.001 sec)
Time for fast ML tree search: 0.004 seconds

NOTE: ModelFinder requires 0 MB RAM!
ModelFinder will test up to 286 DNA models (sample size: 1116) ...
 No. Model         -LnL         df  AIC          AICc         BIC
  1  GTR+F         1926.552     27  3907.104     3908.493     4042.576
  2  GTR+F+I       1926.523     28  3909.046     3910.540     4049.537
  3  GTR+F+G4      1926.525     28  3909.051     3910.545     4049.541
  4  GTR+F+I+G4    1926.621     29  3911.242     3912.845     4056.750
  5  GTR+F+R2      1926.536     29  3911.071     3912.674     4056.579
  6  GTR+F+R3      1926.558     31  3915.115     3916.946     4070.658
 14  SYM           1929.109     24  3906.219     3907.319     4026.639
 15  SYM+I         1929.083     25  3908.167     3909.359     4033.604
 16  SYM+G4        1929.085     25  3908.171     3909.364     4033.609
 27  TVM+F         1926.704     26  3905.407     3906.696     4035.862
 28  TVM+F+I       1926.674     27  3907.349     3908.739     4042.822
 29  TVM+F+G4      1926.676     27  3907.352     3908.742     4042.825
 40  TVMe          1929.146     23  3904.293     3905.304     4019.695
 41  TVMe+I        1929.120     24  3906.240     3907.340     4026.660
 42  TVMe+G4       1929.122     24  3906.244     3907.344     4026.665
 53  TIM3+F        1927.094     25  3904.188     3905.380     4029.625
 54  TIM3+F+I      1927.070     26  3906.139     3907.429     4036.594
 55  TIM3+F+G4     1927.071     26  3906.141     3907.431     4036.597
 66  TIM3e         1929.725     22  3903.449     3904.375     4013.835
 67  TIM3e+I       1929.703     23  3905.407     3906.418     4020.809
 68  TIM3e+G4      1929.704     23  3905.409     3906.420     4020.812
 79  TIM2+F        1927.049     25  3904.098     3905.291     4029.536
 80  TIM2+F+I      1927.025     26  3906.051     3907.340     4036.506
 81  TIM2+F+G4     1927.026     26  3906.052     3907.341     4036.507
 92  TIM2e         1929.606     22  3903.212     3904.138     4013.597
 93  TIM2e+I       1929.585     23  3905.169     3906.180     4020.572
 94  TIM2e+G4      1929.586     23  3905.172     3906.183     4020.575
105  TIM+F         1926.634     25  3903.267     3904.460     4028.705
106  TIM+F+I       1926.603     26  3905.206     3906.496     4035.661
107  TIM+F+G4      1926.604     26  3905.209     3906.498     4035.664
118  TIMe          1929.265     22  3902.531     3903.457     4012.916
119  TIMe+I        1929.238     23  3904.475     3905.486     4019.878
120  TIMe+G4       1929.239     23  3904.478     3905.489     4019.881
131  TPM3u+F       1927.247     24  3902.494     3903.594     4022.914
132  TPM3u+F+I     1927.221     25  3904.442     3905.634     4029.879
133  TPM3u+F+G4    1927.222     25  3904.444     3905.637     4029.882
144  TPM3+F        1927.247     24  3902.494     3903.594     4022.914
145  TPM3+F+I      1927.221     25  3904.442     3905.634     4029.879
146  TPM3+F+G4     1927.222     25  3904.444     3905.637     4029.882
157  TPM2u+F       1927.200     24  3902.399     3903.499     4022.819
158  TPM2u+F+I     1927.174     25  3904.348     3905.540     4029.785
159  TPM2u+F+G4    1927.175     25  3904.349     3905.542     4029.787
170  TPM2+F        1927.200     24  3902.399     3903.499     4022.819
171  TPM2+F+I      1927.174     25  3904.348     3905.540     4029.785
172  TPM2+F+G4     1927.175     25  3904.349     3905.542     4029.787
183  K3Pu+F        1926.786     24  3901.571     3902.671     4021.991
184  K3Pu+F+I      1926.755     25  3903.509     3904.702     4028.947
185  K3Pu+F+G4     1926.756     25  3903.511     3904.704     4028.949
196  K3P           1929.303     21  3900.606     3901.451     4005.974
197  K3P+I         1929.275     22  3902.550     3903.476     4012.935
198  K3P+G4        1929.277     22  3902.553     3903.479     4012.938
209  TN+F          1927.123     24  3902.245     3903.345     4022.666
210  TN+F+I        1927.097     25  3904.194     3905.387     4029.632
211  TN+F+G4       1927.098     25  3904.196     3905.389     4029.634
222  TNe           1929.755     21  3901.511     3902.356     4006.879
223  TNe+I         1929.733     22  3903.466     3904.392     4013.851
224  TNe+G4        1929.734     22  3903.468     3904.393     4013.853
235  HKY+F         1927.274     23  3900.548     3901.559     4015.950
236  HKY+F+I       1927.248     24  3902.496     3903.595     4022.916
237  HKY+F+G4      1927.249     24  3902.498     3903.598     4022.918
248  K2P           1929.793     20  3899.585     3900.352     3999.935
249  K2P+I         1929.770     21  3901.540     3902.385     4006.908
250  K2P+G4        1929.771     21  3901.542     3902.387     4006.910
261  F81+F         1929.490     22  3902.980     3903.906     4013.365
262  F81+F+I       1929.472     23  3904.943     3905.954     4020.346
263  F81+F+G4      1929.472     23  3904.945     3905.956     4020.348
274  JC            1932.039     19  3902.079     3902.772     3997.411
275  JC+I          1932.023     20  3904.046     3904.813     4004.396
276  JC+G4         1932.024     20  3904.048     3904.815     4004.398
Akaike Information Criterion:           K2P
Corrected Akaike Information Criterion: K2P
Bayesian Information Criterion:         JC
Best-fit model: JC chosen according to BIC

All model information printed to 75213at7898.fltrd_aligned.fas.model.gz
CPU time for ModelFinder: 0.063 seconds (0h:0m:0s)
Wall-clock time for ModelFinder: 0.069 seconds (0h:0m:0s)
Generating 1000 samples for ultrafast bootstrap (seed: 729524)...

NOTE: 0 MB RAM (0 GB) is required!
Estimate model parameters (epsilon = 0.100)
1. Initial log-likelihood: -1932.039
Optimal log-likelihood: -1932.039
Rate parameters:  A-C: 1.00000  A-G: 1.00000  A-T: 1.00000  C-G: 1.00000  C-T: 1.00000  G-T: 1.00000
Base frequencies:  A: 0.250  C: 0.250  G: 0.250  T: 0.250
Parameters optimization took 1 rounds (0.000 sec)
Computing ML distances based on estimated model parameters...
Computing ML distances took 0.000266 sec (of wall-clock time) 0.000248 sec(of CPU time)
Computing RapidNJ tree took 0.008071 sec (of wall-clock time) 0.000086 sec (of CPU time)
Log-likelihood of RapidNJ tree: -1954.940
--------------------------------------------------------------------
|             INITIALIZING CANDIDATE TREE SET                      |
--------------------------------------------------------------------
Generating 98 parsimony trees... 0.019 second
Computing log-likelihood of 98 initial trees ... 0.019 seconds
Current best score: -1932.037

Do NNI search on 20 best initial trees
Estimate model parameters (epsilon = 0.100)
BETTER TREE FOUND at iteration 1: -1932.037
BETTER TREE FOUND at iteration 2: -1932.037
BETTER TREE FOUND at iteration 3: -1932.037
Iteration 10 / LogL: -1932.037 / Time: 0h:0m:0s
Iteration 20 / LogL: -1932.037 / Time: 0h:0m:0s
Finish initializing candidate tree set (17)
Current best tree score: -1932.037 / CPU time: 0.076
Number of iterations: 20
--------------------------------------------------------------------
|               OPTIMIZING CANDIDATE TREE SET                      |
--------------------------------------------------------------------
Iteration 30 / LogL: -1932.041 / Time: 0h:0m:0s (0h:0m:0s left)
UPDATE BEST LOG-LIKELIHOOD: -1932.037
Iteration 40 / LogL: -1932.037 / Time: 0h:0m:0s (0h:0m:0s left)
Iteration 50 / LogL: -1932.037 / Time: 0h:0m:0s (0h:0m:0s left)
Log-likelihood cutoff on original alignment: -1948.276
BETTER TREE FOUND at iteration 59: -1932.037
Iteration 60 / LogL: -1932.039 / Time: 0h:0m:0s (0h:0m:0s left)
Iteration 70 / LogL: -1932.037 / Time: 0h:0m:0s (0h:0m:0s left)
Iteration 80 / LogL: -1932.037 / Time: 0h:0m:0s (0h:0m:0s left)
Iteration 90 / LogL: -1932.037 / Time: 0h:0m:0s (0h:0m:0s left)
Iteration 100 / LogL: -2055.636 / Time: 0h:0m:0s (0h:0m:0s left)
Log-likelihood cutoff on original alignment: -1949.119
NOTE: Bootstrap correlation coefficient of split occurrence frequencies: 0.957
NOTE: UFBoot does not converge, continue at least 100 more iterations
Iteration 110 / LogL: -1932.037 / Time: 0h:0m:0s (0h:0m:0s left)
Iteration 120 / LogL: -1932.037 / Time: 0h:0m:0s (0h:0m:0s left)
UPDATE BEST LOG-LIKELIHOOD: -1932.037
Iteration 130 / LogL: -1932.037 / Time: 0h:0m:0s (0h:0m:0s left)
Iteration 140 / LogL: -1932.037 / Time: 0h:0m:0s (0h:0m:0s left)
Iteration 150 / LogL: -1932.037 / Time: 0h:0m:0s (0h:0m:0s left)
Log-likelihood cutoff on original alignment: -1949.119
Iteration 160 / LogL: -1932.037 / Time: 0h:0m:0s (0h:0m:0s left)
Iteration 170 / LogL: -1932.037 / Time: 0h:0m:0s (0h:0m:0s left)
Iteration 180 / LogL: -1932.037 / Time: 0h:0m:0s (0h:0m:0s left)
Iteration 190 / LogL: -1932.042 / Time: 0h:0m:0s (0h:0m:0s left)
Iteration 200 / LogL: -1932.041 / Time: 0h:0m:0s (0h:0m:0s left)
Log-likelihood cutoff on original alignment: -1948.874
NOTE: Bootstrap correlation coefficient of split occurrence frequencies: 0.981
NOTE: UFBoot does not converge, continue at least 100 more iterations
Iteration 210 / LogL: -1932.039 / Time: 0h:0m:0s (0h:0m:0s left)
Iteration 220 / LogL: -1932.039 / Time: 0h:0m:0s (0h:0m:0s left)
Iteration 230 / LogL: -1947.220 / Time: 0h:0m:1s (0h:0m:0s left)
Iteration 240 / LogL: -1932.037 / Time: 0h:0m:1s (0h:0m:0s left)
UPDATE BEST LOG-LIKELIHOOD: -1932.037
Iteration 250 / LogL: -1932.037 / Time: 0h:0m:1s (0h:0m:0s left)
Log-likelihood cutoff on original alignment: -1948.874
Iteration 260 / LogL: -1932.037 / Time: 0h:0m:1s (0h:0m:0s left)
Iteration 270 / LogL: -1939.748 / Time: 0h:0m:1s (0h:0m:0s left)
Iteration 280 / LogL: -1932.037 / Time: 0h:0m:1s (0h:0m:0s left)
UPDATE BEST LOG-LIKELIHOOD: -1932.037
Iteration 290 / LogL: -1932.037 / Time: 0h:0m:1s (0h:0m:0s left)
UPDATE BEST LOG-LIKELIHOOD: -1932.037
Iteration 300 / LogL: -1932.037 / Time: 0h:0m:1s (0h:0m:0s left)
Log-likelihood cutoff on original alignment: -1949.119
NOTE: Bootstrap correlation coefficient of split occurrence frequencies: 0.987
NOTE: UFBoot does not converge, continue at least 100 more iterations
UPDATE BEST LOG-LIKELIHOOD: -1932.037
Iteration 310 / LogL: -1932.037 / Time: 0h:0m:1s (0h:0m:0s left)
Iteration 320 / LogL: -1932.037 / Time: 0h:0m:1s (0h:0m:0s left)
Iteration 330 / LogL: -1932.037 / Time: 0h:0m:1s (0h:0m:0s left)
Iteration 340 / LogL: -1932.037 / Time: 0h:0m:1s (0h:0m:0s left)
UPDATE BEST LOG-LIKELIHOOD: -1932.037
Iteration 350 / LogL: -1932.037 / Time: 0h:0m:1s (0h:0m:0s left)
Log-likelihood cutoff on original alignment: -1949.119
UPDATE BEST LOG-LIKELIHOOD: -1932.037
Iteration 360 / LogL: -1932.039 / Time: 0h:0m:1s (0h:0m:0s left)
Iteration 370 / LogL: -1932.039 / Time: 0h:0m:1s (0h:0m:0s left)
UPDATE BEST LOG-LIKELIHOOD: -1932.037
Iteration 380 / LogL: -1932.037 / Time: 0h:0m:1s (0h:0m:0s left)
Iteration 390 / LogL: -1932.037 / Time: 0h:0m:1s (0h:0m:0s left)
Iteration 400 / LogL: -1932.042 / Time: 0h:0m:1s (0h:0m:0s left)
Log-likelihood cutoff on original alignment: -1949.119
NOTE: Bootstrap correlation coefficient of split occurrence frequencies: 0.981
NOTE: UFBoot does not converge, continue at least 100 more iterations
Iteration 410 / LogL: -1932.039 / Time: 0h:0m:1s (0h:0m:0s left)
Iteration 420 / LogL: -1932.037 / Time: 0h:0m:1s (0h:0m:0s left)
UPDATE BEST LOG-LIKELIHOOD: -1932.037
Iteration 430 / LogL: -1932.037 / Time: 0h:0m:1s (0h:0m:0s left)
Iteration 440 / LogL: -1932.037 / Time: 0h:0m:1s (0h:0m:0s left)
Iteration 450 / LogL: -1932.037 / Time: 0h:0m:2s (0h:0m:0s left)
Log-likelihood cutoff on original alignment: -1949.119
Iteration 460 / LogL: -1932.037 / Time: 0h:0m:2s (0h:0m:0s left)
Iteration 470 / LogL: -1932.042 / Time: 0h:0m:2s (0h:0m:0s left)
Iteration 480 / LogL: -1932.037 / Time: 0h:0m:2s (0h:0m:0s left)
Iteration 490 / LogL: -1932.037 / Time: 0h:0m:2s (0h:0m:0s left)
Iteration 500 / LogL: -1932.037 / Time: 0h:0m:2s (0h:0m:0s left)
Log-likelihood cutoff on original alignment: -1949.119
NOTE: Bootstrap correlation coefficient of split occurrence frequencies: 0.987
NOTE: UFBoot does not converge, continue at least 100 more iterations
Iteration 510 / LogL: -1932.037 / Time: 0h:0m:2s (0h:0m:0s left)
Iteration 520 / LogL: -1932.044 / Time: 0h:0m:2s (0h:0m:0s left)
Iteration 530 / LogL: -1932.041 / Time: 0h:0m:2s (0h:0m:0s left)
Iteration 540 / LogL: -1932.041 / Time: 0h:0m:2s (0h:0m:0s left)
Iteration 550 / LogL: -1932.037 / Time: 0h:0m:2s (0h:0m:0s left)
Log-likelihood cutoff on original alignment: -1949.119
Iteration 560 / LogL: -1932.039 / Time: 0h:0m:2s (0h:0m:0s left)
Iteration 570 / LogL: -1939.745 / Time: 0h:0m:2s (0h:0m:0s left)
Iteration 580 / LogL: -1932.041 / Time: 0h:0m:2s (0h:0m:0s left)
Iteration 590 / LogL: -1932.044 / Time: 0h:0m:2s (0h:0m:0s left)
UPDATE BEST LOG-LIKELIHOOD: -1932.037
Iteration 600 / LogL: -1932.037 / Time: 0h:0m:2s (0h:0m:0s left)
Log-likelihood cutoff on original alignment: -1949.119
NOTE: Bootstrap correlation coefficient of split occurrence frequencies: 0.988
NOTE: UFBoot does not converge, continue at least 100 more iterations
Iteration 610 / LogL: -1932.037 / Time: 0h:0m:2s (0h:0m:0s left)
Iteration 620 / LogL: -1932.037 / Time: 0h:0m:2s (0h:0m:0s left)
UPDATE BEST LOG-LIKELIHOOD: -1932.037
Iteration 630 / LogL: -1932.041 / Time: 0h:0m:3s (0h:0m:0s left)
Iteration 640 / LogL: -1932.039 / Time: 0h:0m:3s (0h:0m:0s left)
UPDATE BEST LOG-LIKELIHOOD: -1932.037
Iteration 650 / LogL: -1932.042 / Time: 0h:0m:3s (0h:0m:0s left)
Log-likelihood cutoff on original alignment: -1949.119
Iteration 660 / LogL: -1932.037 / Time: 0h:0m:3s (0h:0m:0s left)
Iteration 670 / LogL: -1932.039 / Time: 0h:0m:3s (0h:0m:0s left)
Iteration 680 / LogL: -1932.041 / Time: 0h:0m:3s (0h:0m:0s left)
Iteration 690 / LogL: -1932.037 / Time: 0h:0m:3s (0h:0m:0s left)
Iteration 700 / LogL: -1932.042 / Time: 0h:0m:3s (0h:0m:0s left)
Log-likelihood cutoff on original alignment: -1949.119
NOTE: Bootstrap correlation coefficient of split occurrence frequencies: 0.988
NOTE: UFBoot does not converge, continue at least 100 more iterations
Iteration 710 / LogL: -1932.041 / Time: 0h:0m:3s (0h:0m:0s left)
Iteration 720 / LogL: -1932.037 / Time: 0h:0m:3s (0h:0m:0s left)
Iteration 730 / LogL: -1932.039 / Time: 0h:0m:3s (0h:0m:0s left)
Iteration 740 / LogL: -1932.039 / Time: 0h:0m:3s (0h:0m:0s left)
Iteration 750 / LogL: -1932.041 / Time: 0h:0m:3s (0h:0m:0s left)
Log-likelihood cutoff on original alignment: -1949.119
Iteration 760 / LogL: -1932.037 / Time: 0h:0m:3s (0h:0m:0s left)
Iteration 770 / LogL: -1939.747 / Time: 0h:0m:3s (0h:0m:0s left)
Iteration 780 / LogL: -1947.220 / Time: 0h:0m:3s (0h:0m:0s left)
Iteration 790 / LogL: -1932.037 / Time: 0h:0m:3s (0h:0m:0s left)
Iteration 800 / LogL: -1932.037 / Time: 0h:0m:4s (0h:0m:0s left)
Log-likelihood cutoff on original alignment: -1949.119
NOTE: Bootstrap correlation coefficient of split occurrence frequencies: 0.973
NOTE: UFBoot does not converge, continue at least 100 more iterations
Iteration 810 / LogL: -1932.037 / Time: 0h:0m:4s (0h:0m:0s left)
Iteration 820 / LogL: -1932.037 / Time: 0h:0m:4s (0h:0m:0s left)
Iteration 830 / LogL: -1932.047 / Time: 0h:0m:4s (0h:0m:0s left)
Iteration 840 / LogL: -1932.039 / Time: 0h:0m:4s (0h:0m:0s left)
Iteration 850 / LogL: -1932.037 / Time: 0h:0m:4s (0h:0m:0s left)
Log-likelihood cutoff on original alignment: -1950.052
Iteration 860 / LogL: -1932.037 / Time: 0h:0m:4s (0h:0m:0s left)
Iteration 870 / LogL: -1932.037 / Time: 0h:0m:4s (0h:0m:0s left)
Iteration 880 / LogL: -1932.039 / Time: 0h:0m:4s (0h:0m:0s left)
Iteration 890 / LogL: -1932.037 / Time: 0h:0m:4s (0h:0m:0s left)
Iteration 900 / LogL: -1932.037 / Time: 0h:0m:4s (0h:0m:0s left)
Log-likelihood cutoff on original alignment: -1950.052
NOTE: Bootstrap correlation coefficient of split occurrence frequencies: 0.988
NOTE: UFBoot does not converge, continue at least 100 more iterations
Iteration 910 / LogL: -1932.037 / Time: 0h:0m:4s (0h:0m:0s left)
Iteration 920 / LogL: -1932.037 / Time: 0h:0m:4s (0h:0m:0s left)
Iteration 930 / LogL: -1932.037 / Time: 0h:0m:4s (0h:0m:0s left)
Iteration 940 / LogL: -1939.746 / Time: 0h:0m:4s (0h:0m:0s left)
Iteration 950 / LogL: -1932.037 / Time: 0h:0m:4s (0h:0m:0s left)
Log-likelihood cutoff on original alignment: -1950.931
Iteration 960 / LogL: -1932.039 / Time: 0h:0m:5s (0h:0m:0s left)
Iteration 970 / LogL: -1932.041 / Time: 0h:0m:5s (0h:0m:0s left)
Iteration 980 / LogL: -1932.041 / Time: 0h:0m:5s (0h:0m:0s left)
Iteration 990 / LogL: -1932.039 / Time: 0h:0m:5s (0h:0m:0s left)
Iteration 1000 / LogL: -1932.039 / Time: 0h:0m:5s (0h:0m:0s left)
Log-likelihood cutoff on original alignment: -1949.119
NOTE: Bootstrap correlation coefficient of split occurrence frequencies: 0.981
NOTE: UFBoot does not converge, continue at least 100 more iterations
WARNING: bootstrap analysis did not converge. You should rerun with higher number of iterations (-nm option)
TREE SEARCH COMPLETED AFTER 1001 ITERATIONS / Time: 0h:0m:5s

--------------------------------------------------------------------
|                    FINALIZING TREE SEARCH                        |
--------------------------------------------------------------------
Performs final model parameters optimization
Estimate model parameters (epsilon = 0.010)
1. Initial log-likelihood: -1932.037
Optimal log-likelihood: -1932.037
Rate parameters:  A-C: 1.00000  A-G: 1.00000  A-T: 1.00000  C-G: 1.00000  C-T: 1.00000  G-T: 1.00000
Base frequencies:  A: 0.250  C: 0.250  G: 0.250  T: 0.250
Parameters optimization took 1 rounds (0.000 sec)
BEST SCORE FOUND : -1932.037
Creating bootstrap support values...
Split supports printed to NEXUS file 75213at7898.fltrd_aligned.fas.splits.nex
Total tree length: 0.055

Total number of iterations: 1001
CPU time used for tree search: 5.234 sec (0h:0m:5s)
Wall-clock time used for tree search: 5.363 sec (0h:0m:5s)
Total CPU time used: 5.262 sec (0h:0m:5s)
Total wall-clock time used: 5.400 sec (0h:0m:5s)

Computing bootstrap consensus tree...
Reading input file 75213at7898.fltrd_aligned.fas.splits.nex...
11 taxa and 115 splits.
Consensus tree written to 75213at7898.fltrd_aligned.fas.contree
Reading input trees file 75213at7898.fltrd_aligned.fas.contree
Log-likelihood of consensus tree: -1932.056

Analysis results written to: 
  IQ-TREE report:                75213at7898.fltrd_aligned.fas.iqtree
  Maximum-likelihood tree:       75213at7898.fltrd_aligned.fas.treefile
  Likelihood distances:          75213at7898.fltrd_aligned.fas.mldist

Ultrafast bootstrap approximation results written to:
  Split support values:          75213at7898.fltrd_aligned.fas.splits.nex
  Consensus tree:                75213at7898.fltrd_aligned.fas.contree
  Screen log file:               75213at7898.fltrd_aligned.fas.log

Date and Time: Tue Dec  2 14:49:39 2025
