IQ-TREE multicore version 2.1.3 COVID-edition for Linux 64-bit built Apr 21 2021
Developed by Bui Quang Minh, James Barbetti, Nguyen Lam Tung,
Olga Chernomor, Heiko Schmidt, Dominik Schrempf, Michael Woodhams.

Host:    gombessa.rcs.alaska.edu (AVX2, FMA3, 503 GB RAM)
Command: /export/scratch/tsvanorden/Char_Phylogenetics/src/iqtree-2.1.3-Linux/bin/iqtree2 -s 114572at7898.fltrd_aligned.fas -m MFP -bb 1000 -T 1
Seed:    26864 (Using SPRNG - Scalable Parallel Random Number Generator)
Time:    Tue Dec  2 14:50:04 2025
Kernel:  AVX+FMA - 1 threads (1 CPU cores detected)

Reading alignment file 114572at7898.fltrd_aligned.fas ... Fasta format detected
Alignment most likely contains DNA/RNA sequences
Alignment has 20 sequences with 432 columns, 22 distinct patterns
3 parsimony-informative, 8 singleton sites, 421 constant sites
                                Gap/Ambiguity  Composition  p-value
   1  251140_Ward_Creek                11.11%    passed     99.98%
   2  260512_Pybus_Point               11.11%    passed     99.98%
   3  261935_Kenai_River               11.11%    passed     99.98%
   4  353213_Cropley_Lake              11.11%    passed     99.98%
   5  353219_Peterson_Creek            11.11%    passed     99.98%
   6  353220_Fish_Creek                11.11%    passed     99.98%
   7  353246_Cottonwood_Creek          11.11%    passed     99.98%
   8  353379_Skagit_River              11.11%    passed     99.68%
   9  353381_Dungeness_River           15.97%    passed     98.04%
  10  353401_Peace_River               11.11%    passed     99.68%
  11  353407_Noatok                    11.11%    passed     99.98%
  12  353410_Horizon_Lake              11.11%    passed     99.98%
  13  92319_Little_Lost                11.11%    passed     99.68%
  14  94280_St_Joe                     11.11%    passed     99.68%
  15  GCA016432855_Lake_Trout          11.11%    passed     99.98%
  16  GCA036784925_Maine_S_alpinus     11.11%    passed     99.98%
  17  GCA045679555_Iceland_A_alpinus   11.11%    passed     99.98%
  18  GCF013265735_Rainbow_Trout        0.69%    passed     99.23%
  19  GCF029448725_Brook_Trout         11.11%    passed     99.94%
  20  Methow_River_99895               11.11%    passed     99.68%
****  TOTAL                            10.83%  0 sequences failed composition chi2 test (p-value<5%; df=3)
NOTE: 260512_Pybus_Point is identical to 251140_Ward_Creek but kept for subsequent analysis
NOTE: 353401_Peace_River is identical to 353379_Skagit_River but kept for subsequent analysis
NOTE: 13 identical sequences (see below) will be ignored for subsequent analysis
NOTE: 261935_Kenai_River (identical to 251140_Ward_Creek) is ignored but added at the end
NOTE: 353213_Cropley_Lake (identical to 251140_Ward_Creek) is ignored but added at the end
NOTE: 353219_Peterson_Creek (identical to 251140_Ward_Creek) is ignored but added at the end
NOTE: 353220_Fish_Creek (identical to 251140_Ward_Creek) is ignored but added at the end
NOTE: 353246_Cottonwood_Creek (identical to 251140_Ward_Creek) is ignored but added at the end
NOTE: 353407_Noatok (identical to 251140_Ward_Creek) is ignored but added at the end
NOTE: 353410_Horizon_Lake (identical to 251140_Ward_Creek) is ignored but added at the end
NOTE: GCA016432855_Lake_Trout (identical to 251140_Ward_Creek) is ignored but added at the end
NOTE: GCA036784925_Maine_S_alpinus (identical to 251140_Ward_Creek) is ignored but added at the end
NOTE: GCA045679555_Iceland_A_alpinus (identical to 251140_Ward_Creek) is ignored but added at the end
NOTE: 92319_Little_Lost (identical to 353379_Skagit_River) is ignored but added at the end
NOTE: 94280_St_Joe (identical to 353379_Skagit_River) is ignored but added at the end
NOTE: Methow_River_99895 (identical to 353379_Skagit_River) is ignored but added at the end
Alignment was printed to 114572at7898.fltrd_aligned.fas.uniqueseq.phy

For your convenience alignment with unique sequences printed to 114572at7898.fltrd_aligned.fas.uniqueseq.phy


Create initial parsimony tree by phylogenetic likelihood library (PLL)... 0.000 seconds
Perform fast likelihood tree search using GTR+I+G model...
Estimate model parameters (epsilon = 5.000)
Perform nearest neighbor interchange...
Estimate model parameters (epsilon = 1.000)
1. Initial log-likelihood: -663.091
2. Current log-likelihood: -661.942
Optimal log-likelihood: -661.940
Rate parameters:  A-C: 0.00010  A-G: 2.97073  A-T: 1.39041  C-G: 1.10553  C-T: 8.12583  G-T: 1.00000
Base frequencies:  A: 0.246  C: 0.220  G: 0.315  T: 0.219
Proportion of invariable sites: 0.487
Gamma shape alpha: 998.447
Parameters optimization took 2 rounds (0.002 sec)
Time for fast ML tree search: 0.004 seconds

NOTE: ModelFinder requires 0 MB RAM!
ModelFinder will test up to 286 DNA models (sample size: 432) ...
 No. Model         -LnL         df  AIC          AICc         BIC
  1  GTR+F         661.841      19  1361.681     1363.526     1438.982
  2  GTR+F+I       661.840      20  1363.681     1365.724     1445.049
  3  GTR+F+G4      661.840      20  1363.681     1365.724     1445.049
  4  GTR+F+I+G4    661.939      21  1365.877     1368.131     1451.314
  5  GTR+F+R2      661.887      21  1365.774     1368.028     1451.211
  6  GTR+F+R3      661.900      23  1369.801     1372.507     1463.375
 14  SYM           666.981      16  1365.963     1367.274     1431.057
 15  SYM+I         666.977      17  1367.954     1369.433     1437.118
 16  SYM+G4        666.979      17  1367.957     1369.436     1437.121
 27  TVM+F         662.810      18  1361.619     1363.276     1434.851
 28  TVM+F+I       662.810      19  1363.620     1365.464     1440.920
 29  TVM+F+G4      662.810      19  1363.620     1365.465     1440.920
 40  TVMe          667.551      15  1365.101     1366.255     1426.127
 41  TVMe+I        667.545      16  1367.091     1368.401     1432.185
 42  TVMe+G4       667.548      16  1367.097     1368.407     1432.191
 53  TIM3+F        662.425      17  1358.851     1360.329     1428.014
 54  TIM3+F+I      662.428      18  1360.856     1362.513     1434.088
 55  TIM3+F+G4     662.426      18  1360.851     1362.508     1434.083
 66  TIM3e         667.591      14  1363.182     1364.189     1420.140
 67  TIM3e+I       667.591      15  1365.181     1366.335     1426.208
 68  TIM3e+G4      667.591      15  1365.181     1366.335     1426.208
 79  TIM2+F        662.516      17  1359.031     1360.510     1428.195
 80  TIM2+F+I      662.516      18  1361.031     1362.688     1434.263
 81  TIM2+F+G4     662.516      18  1361.032     1362.688     1434.264
 92  TIM2e         667.643      14  1363.287     1364.294     1420.244
 93  TIM2e+I       667.644      15  1365.287     1366.441     1426.313
 94  TIM2e+G4      667.644      15  1365.287     1366.441     1426.313
105  TIM+F         662.411      17  1358.821     1360.299     1427.984
106  TIM+F+I       662.412      18  1360.823     1362.479     1434.055
107  TIM+F+G4      662.411      18  1360.823     1362.479     1434.054
118  TIMe          667.576      14  1363.152     1364.160     1420.110
119  TIMe+I        667.576      15  1365.152     1366.306     1426.178
120  TIMe+G4       667.576      15  1365.152     1366.306     1426.178
131  TPM3u+F       663.385      16  1358.770     1360.081     1423.865
132  TPM3u+F+I     663.385      17  1360.770     1362.248     1429.933
133  TPM3u+F+G4    663.385      17  1360.771     1362.249     1429.934
144  TPM3+F        663.385      16  1358.770     1360.081     1423.865
145  TPM3+F+I      663.385      17  1360.770     1362.248     1429.933
146  TPM3+F+G4     663.385      17  1360.771     1362.249     1429.934
157  TPM2u+F       663.477      16  1358.954     1360.265     1424.049
158  TPM2u+F+I     663.476      17  1360.953     1362.431     1430.116
159  TPM2u+F+G4    663.476      17  1360.953     1362.431     1430.116
170  TPM2+F        663.477      16  1358.954     1360.265     1424.049
171  TPM2+F+I      663.476      17  1360.953     1362.431     1430.116
172  TPM2+F+G4     663.476      17  1360.953     1362.431     1430.116
183  K3Pu+F        663.374      16  1358.748     1360.059     1423.843
184  K3Pu+F+I      663.375      17  1360.750     1362.228     1429.913
185  K3Pu+F+G4     663.374      17  1360.748     1362.227     1429.912
196  K3P           668.146      13  1362.292     1363.162     1415.181
197  K3P+I         668.146      14  1364.291     1365.298     1421.249
198  K3P+G4        668.146      14  1364.291     1365.299     1421.249
209  TN+F          662.585      16  1357.169     1358.480     1422.264
210  TN+F+I        662.585      17  1359.170     1360.648     1428.333
211  TN+F+G4       662.585      17  1359.170     1360.648     1428.333
222  TNe           667.750      13  1361.500     1362.371     1414.389
223  TNe+I         667.750      14  1363.500     1364.507     1420.458
224  TNe+G4        667.750      14  1363.500     1364.507     1420.458
235  HKY+F         663.546      15  1357.092     1358.246     1418.118
236  HKY+F+I       663.546      16  1359.092     1360.403     1424.187
237  HKY+F+G4      663.546      16  1359.092     1360.403     1424.187
248  K2P           668.319      12  1360.637     1361.382     1409.459
249  K2P+I         668.319      13  1362.637     1363.508     1415.527
250  K2P+G4        668.319      13  1362.638     1363.508     1415.527
261  F81+F         667.018      14  1362.036     1363.043     1418.993
262  F81+F+I       667.018      15  1364.036     1365.189     1425.062
263  F81+F+G4      667.018      15  1364.036     1365.190     1425.062
274  JC            671.880      11  1365.759     1366.388     1410.512
275  JC+I          671.880      12  1367.759     1368.504     1416.581
276  JC+G4         671.880      12  1367.760     1368.504     1416.581
Akaike Information Criterion:           HKY+F
Corrected Akaike Information Criterion: HKY+F
Bayesian Information Criterion:         K2P
Best-fit model: K2P chosen according to BIC

All model information printed to 114572at7898.fltrd_aligned.fas.model.gz
CPU time for ModelFinder: 0.049 seconds (0h:0m:0s)
Wall-clock time for ModelFinder: 0.053 seconds (0h:0m:0s)
Generating 1000 samples for ultrafast bootstrap (seed: 26864)...

NOTE: 0 MB RAM (0 GB) is required!
Estimate model parameters (epsilon = 0.100)
1. Initial log-likelihood: -668.319
Optimal log-likelihood: -668.319
Rate parameters:  A-C: 1.00000  A-G: 5.36717  A-T: 1.00000  C-G: 1.00000  C-T: 5.36717  G-T: 1.00000
Base frequencies:  A: 0.250  C: 0.250  G: 0.250  T: 0.250
Parameters optimization took 1 rounds (0.000 sec)
Computing ML distances based on estimated model parameters...
Computing ML distances took 0.000148 sec (of wall-clock time) 0.000122 sec(of CPU time)
Computing RapidNJ tree took 0.000016 sec (of wall-clock time) 0.000013 sec (of CPU time)
Log-likelihood of RapidNJ tree: -668.322
--------------------------------------------------------------------
|             INITIALIZING CANDIDATE TREE SET                      |
--------------------------------------------------------------------
Generating 98 parsimony trees... 0.007 second
Computing log-likelihood of 82 initial trees ... 0.004 seconds
Current best score: -668.319

Do NNI search on 20 best initial trees
Estimate model parameters (epsilon = 0.100)
BETTER TREE FOUND at iteration 1: -668.319
BETTER TREE FOUND at iteration 2: -668.318
UPDATE BEST LOG-LIKELIHOOD: -668.318
Iteration 10 / LogL: -668.318 / Time: 0h:0m:0s
Iteration 20 / LogL: -668.319 / Time: 0h:0m:0s
Finish initializing candidate tree set (9)
Current best tree score: -668.318 / CPU time: 0.032
Number of iterations: 20
--------------------------------------------------------------------
|               OPTIMIZING CANDIDATE TREE SET                      |
--------------------------------------------------------------------
Iteration 30 / LogL: -668.318 / Time: 0h:0m:0s (0h:0m:0s left)
Iteration 40 / LogL: -668.318 / Time: 0h:0m:0s (0h:0m:0s left)
Iteration 50 / LogL: -668.318 / Time: 0h:0m:0s (0h:0m:0s left)
Log-likelihood cutoff on original alignment: -704.924
Iteration 60 / LogL: -668.318 / Time: 0h:0m:0s (0h:0m:0s left)
UPDATE BEST LOG-LIKELIHOOD: -668.318
Iteration 70 / LogL: -668.318 / Time: 0h:0m:0s (0h:0m:0s left)
Iteration 80 / LogL: -668.319 / Time: 0h:0m:0s (0h:0m:0s left)
Iteration 90 / LogL: -668.319 / Time: 0h:0m:0s (0h:0m:0s left)
Iteration 100 / LogL: -668.320 / Time: 0h:0m:0s (0h:0m:0s left)
Log-likelihood cutoff on original alignment: -705.580
NOTE: Bootstrap correlation coefficient of split occurrence frequencies: 0.816
NOTE: UFBoot does not converge, continue at least 100 more iterations
Iteration 110 / LogL: -668.318 / Time: 0h:0m:0s (0h:0m:0s left)
Iteration 120 / LogL: -668.319 / Time: 0h:0m:0s (0h:0m:0s left)
Iteration 130 / LogL: -668.320 / Time: 0h:0m:0s (0h:0m:0s left)
Iteration 140 / LogL: -668.319 / Time: 0h:0m:0s (0h:0m:0s left)
Iteration 150 / LogL: -668.318 / Time: 0h:0m:0s (0h:0m:0s left)
Log-likelihood cutoff on original alignment: -705.579
Iteration 160 / LogL: -668.318 / Time: 0h:0m:0s (0h:0m:0s left)
Iteration 170 / LogL: -668.318 / Time: 0h:0m:0s (0h:0m:0s left)
Iteration 180 / LogL: -668.318 / Time: 0h:0m:0s (0h:0m:0s left)
Iteration 190 / LogL: -668.318 / Time: 0h:0m:0s (0h:0m:0s left)
Iteration 200 / LogL: -668.318 / Time: 0h:0m:0s (0h:0m:0s left)
Log-likelihood cutoff on original alignment: -704.924
NOTE: Bootstrap correlation coefficient of split occurrence frequencies: 0.816
NOTE: UFBoot does not converge, continue at least 100 more iterations
Iteration 210 / LogL: -668.318 / Time: 0h:0m:0s (0h:0m:0s left)
Iteration 220 / LogL: -668.319 / Time: 0h:0m:0s (0h:0m:0s left)
Iteration 230 / LogL: -668.318 / Time: 0h:0m:0s (0h:0m:0s left)
Iteration 240 / LogL: -668.318 / Time: 0h:0m:0s (0h:0m:0s left)
Iteration 250 / LogL: -668.318 / Time: 0h:0m:0s (0h:0m:0s left)
Log-likelihood cutoff on original alignment: -704.929
Iteration 260 / LogL: -668.318 / Time: 0h:0m:0s (0h:0m:0s left)
Iteration 270 / LogL: -668.319 / Time: 0h:0m:0s (0h:0m:0s left)
Iteration 280 / LogL: -668.318 / Time: 0h:0m:0s (0h:0m:0s left)
Iteration 290 / LogL: -668.318 / Time: 0h:0m:0s (0h:0m:0s left)
Iteration 300 / LogL: -668.319 / Time: 0h:0m:0s (0h:0m:0s left)
Log-likelihood cutoff on original alignment: -705.581
NOTE: Bootstrap correlation coefficient of split occurrence frequencies: 0.960
NOTE: UFBoot does not converge, continue at least 100 more iterations
Iteration 310 / LogL: -668.318 / Time: 0h:0m:0s (0h:0m:0s left)
Iteration 320 / LogL: -668.318 / Time: 0h:0m:1s (0h:0m:0s left)
Iteration 330 / LogL: -668.318 / Time: 0h:0m:1s (0h:0m:0s left)
Iteration 340 / LogL: -668.318 / Time: 0h:0m:1s (0h:0m:0s left)
Iteration 350 / LogL: -668.318 / Time: 0h:0m:1s (0h:0m:0s left)
Log-likelihood cutoff on original alignment: -705.581
Iteration 360 / LogL: -668.319 / Time: 0h:0m:1s (0h:0m:0s left)
Iteration 370 / LogL: -668.318 / Time: 0h:0m:1s (0h:0m:0s left)
Iteration 380 / LogL: -668.318 / Time: 0h:0m:1s (0h:0m:0s left)
Iteration 390 / LogL: -668.318 / Time: 0h:0m:1s (0h:0m:0s left)
Iteration 400 / LogL: -668.318 / Time: 0h:0m:1s (0h:0m:0s left)
Log-likelihood cutoff on original alignment: -705.579
NOTE: Bootstrap correlation coefficient of split occurrence frequencies: 0.954
NOTE: UFBoot does not converge, continue at least 100 more iterations
Iteration 410 / LogL: -668.319 / Time: 0h:0m:1s (0h:0m:0s left)
Iteration 420 / LogL: -668.318 / Time: 0h:0m:1s (0h:0m:0s left)
Iteration 430 / LogL: -668.318 / Time: 0h:0m:1s (0h:0m:0s left)
Iteration 440 / LogL: -668.318 / Time: 0h:0m:1s (0h:0m:0s left)
Iteration 450 / LogL: -668.319 / Time: 0h:0m:1s (0h:0m:0s left)
Log-likelihood cutoff on original alignment: -705.581
Iteration 460 / LogL: -668.318 / Time: 0h:0m:1s (0h:0m:0s left)
Iteration 470 / LogL: -668.318 / Time: 0h:0m:1s (0h:0m:0s left)
Iteration 480 / LogL: -668.319 / Time: 0h:0m:1s (0h:0m:0s left)
Iteration 490 / LogL: -668.318 / Time: 0h:0m:1s (0h:0m:0s left)
Iteration 500 / LogL: -668.319 / Time: 0h:0m:1s (0h:0m:0s left)
Log-likelihood cutoff on original alignment: -705.581
NOTE: Bootstrap correlation coefficient of split occurrence frequencies: 0.947
NOTE: UFBoot does not converge, continue at least 100 more iterations
Iteration 510 / LogL: -668.319 / Time: 0h:0m:1s (0h:0m:0s left)
Iteration 520 / LogL: -668.318 / Time: 0h:0m:1s (0h:0m:0s left)
Iteration 530 / LogL: -668.319 / Time: 0h:0m:1s (0h:0m:0s left)
Iteration 540 / LogL: -668.318 / Time: 0h:0m:1s (0h:0m:0s left)
Iteration 550 / LogL: -668.318 / Time: 0h:0m:1s (0h:0m:0s left)
Log-likelihood cutoff on original alignment: -705.579
Iteration 560 / LogL: -668.318 / Time: 0h:0m:1s (0h:0m:0s left)
Iteration 570 / LogL: -668.318 / Time: 0h:0m:1s (0h:0m:0s left)
Iteration 580 / LogL: -668.318 / Time: 0h:0m:1s (0h:0m:0s left)
Iteration 590 / LogL: -668.318 / Time: 0h:0m:1s (0h:0m:0s left)
Iteration 600 / LogL: -668.319 / Time: 0h:0m:1s (0h:0m:0s left)
Log-likelihood cutoff on original alignment: -705.581
NOTE: Bootstrap correlation coefficient of split occurrence frequencies: 0.969
NOTE: UFBoot does not converge, continue at least 100 more iterations
Iteration 610 / LogL: -668.319 / Time: 0h:0m:1s (0h:0m:0s left)
Iteration 620 / LogL: -668.318 / Time: 0h:0m:2s (0h:0m:0s left)
Iteration 630 / LogL: -668.318 / Time: 0h:0m:2s (0h:0m:0s left)
Iteration 640 / LogL: -668.318 / Time: 0h:0m:2s (0h:0m:0s left)
Iteration 650 / LogL: -668.318 / Time: 0h:0m:2s (0h:0m:0s left)
Log-likelihood cutoff on original alignment: -705.581
Iteration 660 / LogL: -668.319 / Time: 0h:0m:2s (0h:0m:0s left)
Iteration 670 / LogL: -668.318 / Time: 0h:0m:2s (0h:0m:0s left)
Iteration 680 / LogL: -668.320 / Time: 0h:0m:2s (0h:0m:0s left)
Iteration 690 / LogL: -668.318 / Time: 0h:0m:2s (0h:0m:0s left)
Iteration 700 / LogL: -668.318 / Time: 0h:0m:2s (0h:0m:0s left)
Log-likelihood cutoff on original alignment: -705.581
NOTE: Bootstrap correlation coefficient of split occurrence frequencies: 0.980
NOTE: UFBoot does not converge, continue at least 100 more iterations
Iteration 710 / LogL: -668.318 / Time: 0h:0m:2s (0h:0m:0s left)
Iteration 720 / LogL: -668.319 / Time: 0h:0m:2s (0h:0m:0s left)
Iteration 730 / LogL: -668.319 / Time: 0h:0m:2s (0h:0m:0s left)
Iteration 740 / LogL: -668.318 / Time: 0h:0m:2s (0h:0m:0s left)
Iteration 750 / LogL: -668.318 / Time: 0h:0m:2s (0h:0m:0s left)
Log-likelihood cutoff on original alignment: -704.929
Iteration 760 / LogL: -668.318 / Time: 0h:0m:2s (0h:0m:0s left)
Iteration 770 / LogL: -668.318 / Time: 0h:0m:2s (0h:0m:0s left)
Iteration 780 / LogL: -668.318 / Time: 0h:0m:2s (0h:0m:0s left)
Iteration 790 / LogL: -668.318 / Time: 0h:0m:2s (0h:0m:0s left)
Iteration 800 / LogL: -668.318 / Time: 0h:0m:2s (0h:0m:0s left)
Log-likelihood cutoff on original alignment: -705.581
NOTE: Bootstrap correlation coefficient of split occurrence frequencies: 0.970
NOTE: UFBoot does not converge, continue at least 100 more iterations
Iteration 810 / LogL: -668.319 / Time: 0h:0m:2s (0h:0m:0s left)
Iteration 820 / LogL: -668.318 / Time: 0h:0m:2s (0h:0m:0s left)
Iteration 830 / LogL: -668.318 / Time: 0h:0m:2s (0h:0m:0s left)
Iteration 840 / LogL: -668.319 / Time: 0h:0m:2s (0h:0m:0s left)
Iteration 850 / LogL: -668.319 / Time: 0h:0m:2s (0h:0m:0s left)
Log-likelihood cutoff on original alignment: -705.581
Iteration 860 / LogL: -668.319 / Time: 0h:0m:2s (0h:0m:0s left)
Iteration 870 / LogL: -668.318 / Time: 0h:0m:2s (0h:0m:0s left)
Iteration 880 / LogL: -668.319 / Time: 0h:0m:2s (0h:0m:0s left)
Iteration 890 / LogL: -668.318 / Time: 0h:0m:3s (0h:0m:0s left)
Iteration 900 / LogL: -668.318 / Time: 0h:0m:3s (0h:0m:0s left)
Log-likelihood cutoff on original alignment: -705.581
NOTE: Bootstrap correlation coefficient of split occurrence frequencies: 0.984
NOTE: UFBoot does not converge, continue at least 100 more iterations
Iteration 910 / LogL: -668.318 / Time: 0h:0m:3s (0h:0m:0s left)
Iteration 920 / LogL: -668.318 / Time: 0h:0m:3s (0h:0m:0s left)
Iteration 930 / LogL: -668.318 / Time: 0h:0m:3s (0h:0m:0s left)
Iteration 940 / LogL: -668.319 / Time: 0h:0m:3s (0h:0m:0s left)
Iteration 950 / LogL: -668.318 / Time: 0h:0m:3s (0h:0m:0s left)
Log-likelihood cutoff on original alignment: -705.581
Iteration 960 / LogL: -668.318 / Time: 0h:0m:3s (0h:0m:0s left)
Iteration 970 / LogL: -668.318 / Time: 0h:0m:3s (0h:0m:0s left)
Iteration 980 / LogL: -668.319 / Time: 0h:0m:3s (0h:0m:0s left)
Iteration 990 / LogL: -668.319 / Time: 0h:0m:3s (0h:0m:0s left)
Iteration 1000 / LogL: -668.318 / Time: 0h:0m:3s (0h:0m:0s left)
Log-likelihood cutoff on original alignment: -705.581
NOTE: Bootstrap correlation coefficient of split occurrence frequencies: 0.979
NOTE: UFBoot does not converge, continue at least 100 more iterations
WARNING: bootstrap analysis did not converge. You should rerun with higher number of iterations (-nm option)
TREE SEARCH COMPLETED AFTER 1001 ITERATIONS / Time: 0h:0m:3s

--------------------------------------------------------------------
|                    FINALIZING TREE SEARCH                        |
--------------------------------------------------------------------
Performs final model parameters optimization
Estimate model parameters (epsilon = 0.010)
1. Initial log-likelihood: -668.318
Optimal log-likelihood: -668.318
Rate parameters:  A-C: 1.00000  A-G: 5.36881  A-T: 1.00000  C-G: 1.00000  C-T: 5.36881  G-T: 1.00000
Base frequencies:  A: 0.250  C: 0.250  G: 0.250  T: 0.250
Parameters optimization took 1 rounds (0.000 sec)
BEST SCORE FOUND : -668.318
Creating bootstrap support values...
Split supports printed to NEXUS file 114572at7898.fltrd_aligned.fas.splits.nex
Total tree length: 0.029

Total number of iterations: 1001
CPU time used for tree search: 3.314 sec (0h:0m:3s)
Wall-clock time used for tree search: 3.427 sec (0h:0m:3s)
Total CPU time used: 3.333 sec (0h:0m:3s)
Total wall-clock time used: 3.455 sec (0h:0m:3s)

Computing bootstrap consensus tree...
Reading input file 114572at7898.fltrd_aligned.fas.splits.nex...
7 taxa and 39 splits.
Consensus tree written to 114572at7898.fltrd_aligned.fas.contree
Reading input trees file 114572at7898.fltrd_aligned.fas.contree
Log-likelihood of consensus tree: -668.323

Analysis results written to: 
  IQ-TREE report:                114572at7898.fltrd_aligned.fas.iqtree
  Maximum-likelihood tree:       114572at7898.fltrd_aligned.fas.treefile
  Likelihood distances:          114572at7898.fltrd_aligned.fas.mldist

Ultrafast bootstrap approximation results written to:
  Split support values:          114572at7898.fltrd_aligned.fas.splits.nex
  Consensus tree:                114572at7898.fltrd_aligned.fas.contree
  Screen log file:               114572at7898.fltrd_aligned.fas.log

Date and Time: Tue Dec  2 14:50:07 2025
