IQ-TREE multicore version 2.1.3 COVID-edition for Linux 64-bit built Apr 21 2021
Developed by Bui Quang Minh, James Barbetti, Nguyen Lam Tung,
Olga Chernomor, Heiko Schmidt, Dominik Schrempf, Michael Woodhams.

Host:    gombessa.rcs.alaska.edu (AVX2, FMA3, 503 GB RAM)
Command: /export/scratch/tsvanorden/Char_Phylogenetics/src/iqtree-2.1.3-Linux/bin/iqtree2 -s 115058at7898.fltrd_aligned.fas -m MFP -bb 1000 -T 1
Seed:    383989 (Using SPRNG - Scalable Parallel Random Number Generator)
Time:    Tue Dec  2 14:49:48 2025
Kernel:  AVX+FMA - 1 threads (1 CPU cores detected)

Reading alignment file 115058at7898.fltrd_aligned.fas ... Fasta format detected
Alignment most likely contains DNA/RNA sequences
Alignment has 20 sequences with 717 columns, 24 distinct patterns
2 parsimony-informative, 16 singleton sites, 699 constant sites
                                Gap/Ambiguity  Composition  p-value
   1  251140_Ward_Creek                 0.00%    passed     99.99%
   2  260512_Pybus_Point                0.00%    passed     99.99%
   3  261935_Kenai_River                0.00%    passed     99.99%
   4  353213_Cropley_Lake               0.00%    passed     99.99%
   5  353219_Peterson_Creek             0.00%    passed     99.99%
   6  353220_Fish_Creek                 0.00%    passed     99.99%
   7  353246_Cottonwood_Creek           7.11%    passed     98.52%
   8  353379_Skagit_River               0.00%    passed     99.99%
   9  353381_Dungeness_River            0.00%    passed     99.99%
  10  353401_Peace_River                0.00%    passed     99.99%
  11  353407_Noatok                     0.00%    passed     99.99%
  12  353410_Horizon_Lake               0.00%    passed     99.99%
  13  92319_Little_Lost                 0.00%    passed     99.99%
  14  94280_St_Joe                      0.00%    passed     99.99%
  15  GCA016432855_Lake_Trout           0.00%    passed     99.95%
  16  GCA036784925_Maine_S_alpinus      0.00%    passed     99.99%
  17  GCA045679555_Iceland_A_alpinus    0.00%    passed     99.99%
  18  GCF013265735_Rainbow_Trout        0.00%    passed     99.87%
  19  GCF029448725_Brook_Trout          0.00%    passed     99.99%
  20  Methow_River_99895                0.84%    passed     99.87%
****  TOTAL                             0.40%  0 sequences failed composition chi2 test (p-value<5%; df=3)
NOTE: 260512_Pybus_Point is identical to 251140_Ward_Creek but kept for subsequent analysis
NOTE: 353407_Noatok is identical to 353213_Cropley_Lake but kept for subsequent analysis
NOTE: 353401_Peace_River is identical to 353379_Skagit_River but kept for subsequent analysis
NOTE: 10 identical sequences (see below) will be ignored for subsequent analysis
NOTE: 261935_Kenai_River (identical to 251140_Ward_Creek) is ignored but added at the end
NOTE: 353219_Peterson_Creek (identical to 251140_Ward_Creek) is ignored but added at the end
NOTE: 353220_Fish_Creek (identical to 251140_Ward_Creek) is ignored but added at the end
NOTE: 353381_Dungeness_River (identical to 251140_Ward_Creek) is ignored but added at the end
NOTE: GCF029448725_Brook_Trout (identical to 251140_Ward_Creek) is ignored but added at the end
NOTE: 353410_Horizon_Lake (identical to 353213_Cropley_Lake) is ignored but added at the end
NOTE: GCA036784925_Maine_S_alpinus (identical to 353213_Cropley_Lake) is ignored but added at the end
NOTE: GCA045679555_Iceland_A_alpinus (identical to 353213_Cropley_Lake) is ignored but added at the end
NOTE: 92319_Little_Lost (identical to 353379_Skagit_River) is ignored but added at the end
NOTE: 94280_St_Joe (identical to 353379_Skagit_River) is ignored but added at the end
Alignment was printed to 115058at7898.fltrd_aligned.fas.uniqueseq.phy

For your convenience alignment with unique sequences printed to 115058at7898.fltrd_aligned.fas.uniqueseq.phy


Create initial parsimony tree by phylogenetic likelihood library (PLL)... 0.000 seconds
Perform fast likelihood tree search using GTR+I+G model...
Estimate model parameters (epsilon = 5.000)
Perform nearest neighbor interchange...
Estimate model parameters (epsilon = 1.000)
1. Initial log-likelihood: -1089.145
Optimal log-likelihood: -1089.111
Rate parameters:  A-C: 1.12961  A-G: 1.51607  A-T: 0.00010  C-G: 1.29433  C-T: 6.31526  G-T: 1.00000
Base frequencies:  A: 0.234  C: 0.275  G: 0.307  T: 0.185
Proportion of invariable sites: 0.487
Gamma shape alpha: 998.447
Parameters optimization took 1 rounds (0.003 sec)
Time for fast ML tree search: 0.007 seconds

NOTE: ModelFinder requires 0 MB RAM!
ModelFinder will test up to 286 DNA models (sample size: 717) ...
 No. Model         -LnL         df  AIC          AICc         BIC
  1  GTR+F         1089.008     25  2228.016     2229.897     2342.393
  2  GTR+F+I       1088.972     26  2229.943     2231.978     2348.895
  3  GTR+F+G4      1088.997     26  2229.994     2232.029     2348.946
  4  GTR+F+I+G4    1089.078     27  2232.157     2234.351     2355.684
  5  GTR+F+R2      1089.048     27  2232.097     2234.291     2355.624
  6  GTR+F+R3      1089.061     29  2236.123     2238.656     2368.800
 14  SYM           1101.378     22  2246.756     2248.215     2347.408
 15  SYM+I         1101.369     23  2248.739     2250.332     2353.965
 16  SYM+G4        1101.369     23  2248.739     2250.332     2353.966
 27  TVM+F         1091.770     24  2231.540     2233.274     2341.342
 28  TVM+F+I       1091.764     25  2233.527     2235.408     2347.904
 29  TVM+F+G4      1091.764     25  2233.527     2235.408     2347.904
 40  TVMe          1103.486     21  2248.971     2250.301     2345.048
 41  TVMe+I        1103.477     22  2250.954     2252.412     2351.605
 42  TVMe+G4       1103.478     22  2250.956     2252.414     2351.607
 53  TIM3+F        1089.440     23  2224.881     2226.474     2330.108
 54  TIM3+F+I      1089.440     24  2226.880     2228.615     2336.682
 55  TIM3+F+G4     1089.440     24  2226.881     2228.615     2336.682
 66  TIM3e         1101.905     20  2243.811     2245.018     2335.312
 67  TIM3e+I       1101.905     21  2245.811     2247.140     2341.887
 68  TIM3e+G4      1101.905     21  2245.810     2247.140     2341.887
 79  TIM2+F        1090.106     23  2226.213     2227.806     2331.439
 80  TIM2+F+I      1090.108     24  2228.216     2229.950     2338.018
 81  TIM2+F+G4     1090.107     24  2228.215     2229.949     2338.017
 92  TIM2e         1102.819     20  2245.638     2246.845     2337.139
 93  TIM2e+I       1102.818     21  2247.637     2248.966     2343.713
 94  TIM2e+G4      1102.819     21  2247.638     2248.967     2343.714
105  TIM+F         1090.229     23  2226.458     2228.051     2331.684
106  TIM+F+I       1090.230     24  2228.460     2230.194     2338.262
107  TIM+F+G4      1090.232     24  2228.463     2230.197     2338.265
118  TIMe          1103.026     20  2246.053     2247.259     2337.554
119  TIMe+I        1103.027     21  2248.053     2249.383     2344.130
120  TIMe+G4       1103.026     21  2248.053     2249.382     2344.130
131  TPM3u+F       1092.277     22  2228.554     2230.013     2329.206
132  TPM3u+F+I     1092.277     23  2230.554     2232.147     2335.781
133  TPM3u+F+G4    1092.277     23  2230.554     2232.148     2335.781
144  TPM3+F        1092.277     22  2228.554     2230.013     2329.206
145  TPM3+F+I      1092.277     23  2230.554     2232.147     2335.781
146  TPM3+F+G4     1092.277     23  2230.554     2232.147     2335.781
157  TPM2u+F       1092.931     22  2229.861     2231.320     2330.513
158  TPM2u+F+I     1092.931     23  2231.862     2233.455     2337.089
159  TPM2u+F+G4    1092.931     23  2231.862     2233.455     2337.089
170  TPM2+F        1092.931     22  2229.861     2231.320     2330.513
171  TPM2+F+I      1092.931     23  2231.862     2233.455     2337.089
172  TPM2+F+G4     1092.931     23  2231.862     2233.455     2337.089
183  K3Pu+F        1093.057     22  2230.113     2231.571     2330.765
184  K3Pu+F+I      1093.055     23  2232.109     2233.702     2337.336
185  K3Pu+F+G4     1093.055     23  2232.110     2233.703     2337.337
196  K3P           1105.170     19  2248.339     2249.430     2335.266
197  K3P+I         1105.168     20  2250.337     2251.543     2341.838
198  K3P+G4        1105.169     20  2250.338     2251.544     2341.839
209  TN+F          1090.230     22  2224.459     2225.917     2325.111
210  TN+F+I        1090.230     23  2226.459     2228.052     2331.686
211  TN+F+G4       1090.230     23  2226.459     2228.052     2331.686
222  TNe           1103.028     19  2244.055     2245.146     2330.982
223  TNe+I         1103.026     20  2246.053     2247.260     2337.554
224  TNe+G4        1103.027     20  2246.053     2247.260     2337.555
235  HKY+F         1093.056     21  2228.113     2229.442     2324.189
236  HKY+F+I       1093.056     22  2230.111     2231.570     2330.763
237  HKY+F+G4      1093.056     22  2230.112     2231.570     2330.763
248  K2P           1105.168     18  2246.337     2247.317     2328.688
249  K2P+I         1105.168     19  2248.337     2249.427     2335.263
250  K2P+G4        1105.168     19  2248.337     2249.427     2335.263
261  F81+F         1097.293     20  2234.586     2235.793     2326.088
262  F81+F+I       1097.293     21  2236.586     2237.916     2332.663
263  F81+F+G4      1097.293     21  2236.587     2237.916     2332.663
274  JC            1109.327     17  2252.654     2253.530     2330.431
275  JC+I          1109.327     18  2254.654     2255.634     2337.006
276  JC+G4         1109.327     18  2254.654     2255.634     2337.006
Akaike Information Criterion:           TN+F
Corrected Akaike Information Criterion: TN+F
Bayesian Information Criterion:         HKY+F
Best-fit model: HKY+F chosen according to BIC

All model information printed to 115058at7898.fltrd_aligned.fas.model.gz
CPU time for ModelFinder: 0.075 seconds (0h:0m:0s)
Wall-clock time for ModelFinder: 0.085 seconds (0h:0m:0s)
Generating 1000 samples for ultrafast bootstrap (seed: 383989)...

NOTE: 0 MB RAM (0 GB) is required!
Estimate model parameters (epsilon = 0.100)
1. Initial log-likelihood: -1093.056
Optimal log-likelihood: -1093.056
Rate parameters:  A-C: 1.00000  A-G: 4.03927  A-T: 1.00000  C-G: 1.00000  C-T: 4.03927  G-T: 1.00000
Base frequencies:  A: 0.234  C: 0.275  G: 0.307  T: 0.185
Parameters optimization took 1 rounds (0.000 sec)
Computing ML distances based on estimated model parameters...
Computing ML distances took 0.000455 sec (of wall-clock time) 0.000411 sec(of CPU time)
Computing RapidNJ tree took 0.000035 sec (of wall-clock time) 0.000029 sec (of CPU time)
Log-likelihood of RapidNJ tree: -1093.070
--------------------------------------------------------------------
|             INITIALIZING CANDIDATE TREE SET                      |
--------------------------------------------------------------------
Generating 98 parsimony trees... 0.012 second
Computing log-likelihood of 98 initial trees ... 0.018 seconds
Current best score: -1093.056

Do NNI search on 20 best initial trees
Estimate model parameters (epsilon = 0.100)
BETTER TREE FOUND at iteration 1: -1093.056
BETTER TREE FOUND at iteration 3: -1093.056
BETTER TREE FOUND at iteration 4: -1093.056
BETTER TREE FOUND at iteration 5: -1093.056
UPDATE BEST LOG-LIKELIHOOD: -1093.056
Iteration 10 / LogL: -1093.056 / Time: 0h:0m:0s
UPDATE BEST LOG-LIKELIHOOD: -1093.056
Iteration 20 / LogL: -1093.056 / Time: 0h:0m:0s
Finish initializing candidate tree set (11)
Current best tree score: -1093.056 / CPU time: 0.070
Number of iterations: 20
--------------------------------------------------------------------
|               OPTIMIZING CANDIDATE TREE SET                      |
--------------------------------------------------------------------
Iteration 30 / LogL: -1093.060 / Time: 0h:0m:0s (0h:0m:0s left)
Iteration 40 / LogL: -1093.057 / Time: 0h:0m:0s (0h:0m:0s left)
UPDATE BEST LOG-LIKELIHOOD: -1093.056
Iteration 50 / LogL: -1093.057 / Time: 0h:0m:0s (0h:0m:0s left)
Log-likelihood cutoff on original alignment: -1107.981
UPDATE BEST LOG-LIKELIHOOD: -1093.056
Iteration 60 / LogL: -1093.057 / Time: 0h:0m:0s (0h:0m:0s left)
Iteration 70 / LogL: -1093.057 / Time: 0h:0m:0s (0h:0m:0s left)
Iteration 80 / LogL: -1093.058 / Time: 0h:0m:0s (0h:0m:0s left)
Iteration 90 / LogL: -1093.056 / Time: 0h:0m:0s (0h:0m:0s left)
Iteration 100 / LogL: -1093.057 / Time: 0h:0m:0s (0h:0m:0s left)
Log-likelihood cutoff on original alignment: -1108.007
NOTE: Bootstrap correlation coefficient of split occurrence frequencies: 0.808
NOTE: UFBoot does not converge, continue at least 100 more iterations
Iteration 110 / LogL: -1093.056 / Time: 0h:0m:0s (0h:0m:0s left)
Iteration 120 / LogL: -1093.056 / Time: 0h:0m:0s (0h:0m:0s left)
Iteration 130 / LogL: -1093.056 / Time: 0h:0m:0s (0h:0m:0s left)
UPDATE BEST LOG-LIKELIHOOD: -1093.056
Iteration 140 / LogL: -1093.056 / Time: 0h:0m:0s (0h:0m:0s left)
Iteration 150 / LogL: -1093.056 / Time: 0h:0m:0s (0h:0m:0s left)
Log-likelihood cutoff on original alignment: -1107.264
UPDATE BEST LOG-LIKELIHOOD: -1093.056
Iteration 160 / LogL: -1093.056 / Time: 0h:0m:0s (0h:0m:0s left)
UPDATE BEST LOG-LIKELIHOOD: -1093.056
Iteration 170 / LogL: -1093.059 / Time: 0h:0m:0s (0h:0m:0s left)
Iteration 180 / LogL: -1093.056 / Time: 0h:0m:0s (0h:0m:0s left)
Iteration 190 / LogL: -1093.056 / Time: 0h:0m:0s (0h:0m:0s left)
Iteration 200 / LogL: -1093.056 / Time: 0h:0m:0s (0h:0m:0s left)
Log-likelihood cutoff on original alignment: -1107.118
NOTE: Bootstrap correlation coefficient of split occurrence frequencies: 0.939
NOTE: UFBoot does not converge, continue at least 100 more iterations
Iteration 210 / LogL: -1093.056 / Time: 0h:0m:0s (0h:0m:0s left)
Iteration 220 / LogL: -1093.057 / Time: 0h:0m:1s (0h:0m:0s left)
Iteration 230 / LogL: -1093.057 / Time: 0h:0m:1s (0h:0m:0s left)
Iteration 240 / LogL: -1093.056 / Time: 0h:0m:1s (0h:0m:0s left)
Iteration 250 / LogL: -1093.061 / Time: 0h:0m:1s (0h:0m:0s left)
Log-likelihood cutoff on original alignment: -1108.029
Iteration 260 / LogL: -1093.057 / Time: 0h:0m:1s (0h:0m:0s left)
Iteration 270 / LogL: -1093.056 / Time: 0h:0m:1s (0h:0m:0s left)
Iteration 280 / LogL: -1093.060 / Time: 0h:0m:1s (0h:0m:0s left)
Iteration 290 / LogL: -1093.056 / Time: 0h:0m:1s (0h:0m:0s left)
Iteration 300 / LogL: -1093.057 / Time: 0h:0m:1s (0h:0m:0s left)
Log-likelihood cutoff on original alignment: -1107.643
NOTE: Bootstrap correlation coefficient of split occurrence frequencies: 0.945
NOTE: UFBoot does not converge, continue at least 100 more iterations
Iteration 310 / LogL: -1093.059 / Time: 0h:0m:1s (0h:0m:0s left)
Iteration 320 / LogL: -1093.056 / Time: 0h:0m:1s (0h:0m:0s left)
Iteration 330 / LogL: -1093.056 / Time: 0h:0m:1s (0h:0m:0s left)
Iteration 340 / LogL: -1093.056 / Time: 0h:0m:1s (0h:0m:0s left)
Iteration 350 / LogL: -1093.056 / Time: 0h:0m:1s (0h:0m:0s left)
Log-likelihood cutoff on original alignment: -1107.643
Iteration 360 / LogL: -1093.056 / Time: 0h:0m:1s (0h:0m:0s left)
Iteration 370 / LogL: -1093.056 / Time: 0h:0m:1s (0h:0m:0s left)
Iteration 380 / LogL: -1097.168 / Time: 0h:0m:1s (0h:0m:0s left)
Iteration 390 / LogL: -1093.056 / Time: 0h:0m:1s (0h:0m:0s left)
Iteration 400 / LogL: -1093.056 / Time: 0h:0m:1s (0h:0m:0s left)
Log-likelihood cutoff on original alignment: -1106.166
NOTE: Bootstrap correlation coefficient of split occurrence frequencies: 0.971
NOTE: UFBoot does not converge, continue at least 100 more iterations
Iteration 410 / LogL: -1093.056 / Time: 0h:0m:1s (0h:0m:0s left)
Iteration 420 / LogL: -1093.056 / Time: 0h:0m:2s (0h:0m:0s left)
Iteration 430 / LogL: -1093.056 / Time: 0h:0m:2s (0h:0m:0s left)
Iteration 440 / LogL: -1093.056 / Time: 0h:0m:2s (0h:0m:0s left)
Iteration 450 / LogL: -1093.058 / Time: 0h:0m:2s (0h:0m:0s left)
Log-likelihood cutoff on original alignment: -1106.166
Iteration 460 / LogL: -1093.058 / Time: 0h:0m:2s (0h:0m:0s left)
Iteration 470 / LogL: -1093.056 / Time: 0h:0m:2s (0h:0m:0s left)
Iteration 480 / LogL: -1101.309 / Time: 0h:0m:2s (0h:0m:0s left)
Iteration 490 / LogL: -1093.057 / Time: 0h:0m:2s (0h:0m:0s left)
Iteration 500 / LogL: -1093.056 / Time: 0h:0m:2s (0h:0m:0s left)
Log-likelihood cutoff on original alignment: -1106.166
NOTE: Bootstrap correlation coefficient of split occurrence frequencies: 0.952
NOTE: UFBoot does not converge, continue at least 100 more iterations
Iteration 510 / LogL: -1093.057 / Time: 0h:0m:2s (0h:0m:0s left)
Iteration 520 / LogL: -1093.057 / Time: 0h:0m:2s (0h:0m:0s left)
Iteration 530 / LogL: -1093.059 / Time: 0h:0m:2s (0h:0m:0s left)
Iteration 540 / LogL: -1093.056 / Time: 0h:0m:2s (0h:0m:0s left)
Iteration 550 / LogL: -1093.056 / Time: 0h:0m:2s (0h:0m:0s left)
Log-likelihood cutoff on original alignment: -1108.026
Iteration 560 / LogL: -1093.056 / Time: 0h:0m:2s (0h:0m:0s left)
Iteration 570 / LogL: -1093.060 / Time: 0h:0m:2s (0h:0m:0s left)
Iteration 580 / LogL: -1097.168 / Time: 0h:0m:2s (0h:0m:0s left)
Iteration 590 / LogL: -1093.059 / Time: 0h:0m:2s (0h:0m:0s left)
Iteration 600 / LogL: -1093.057 / Time: 0h:0m:2s (0h:0m:0s left)
Log-likelihood cutoff on original alignment: -1107.651
NOTE: Bootstrap correlation coefficient of split occurrence frequencies: 0.979
NOTE: UFBoot does not converge, continue at least 100 more iterations
Iteration 610 / LogL: -1093.056 / Time: 0h:0m:2s (0h:0m:0s left)
Iteration 620 / LogL: -1093.056 / Time: 0h:0m:3s (0h:0m:0s left)
Iteration 630 / LogL: -1093.056 / Time: 0h:0m:3s (0h:0m:0s left)
Iteration 640 / LogL: -1093.057 / Time: 0h:0m:3s (0h:0m:0s left)
Iteration 650 / LogL: -1093.058 / Time: 0h:0m:3s (0h:0m:0s left)
Log-likelihood cutoff on original alignment: -1107.643
Iteration 660 / LogL: -1093.057 / Time: 0h:0m:3s (0h:0m:0s left)
Iteration 670 / LogL: -1093.057 / Time: 0h:0m:3s (0h:0m:0s left)
Iteration 680 / LogL: -1093.060 / Time: 0h:0m:3s (0h:0m:0s left)
Iteration 690 / LogL: -1093.056 / Time: 0h:0m:3s (0h:0m:0s left)
Iteration 700 / LogL: -1093.057 / Time: 0h:0m:3s (0h:0m:0s left)
Log-likelihood cutoff on original alignment: -1107.642
NOTE: Bootstrap correlation coefficient of split occurrence frequencies: 0.989
NOTE: UFBoot does not converge, continue at least 100 more iterations
Iteration 710 / LogL: -1093.056 / Time: 0h:0m:3s (0h:0m:0s left)
Iteration 720 / LogL: -1093.057 / Time: 0h:0m:3s (0h:0m:0s left)
Iteration 730 / LogL: -1093.058 / Time: 0h:0m:3s (0h:0m:0s left)
Iteration 740 / LogL: -1093.056 / Time: 0h:0m:3s (0h:0m:0s left)
Iteration 750 / LogL: -1093.057 / Time: 0h:0m:3s (0h:0m:0s left)
Log-likelihood cutoff on original alignment: -1107.642
Iteration 760 / LogL: -1093.056 / Time: 0h:0m:3s (0h:0m:0s left)
Iteration 770 / LogL: -1093.056 / Time: 0h:0m:3s (0h:0m:0s left)
Iteration 780 / LogL: -1093.056 / Time: 0h:0m:3s (0h:0m:0s left)
Iteration 790 / LogL: -1093.057 / Time: 0h:0m:3s (0h:0m:0s left)
Iteration 800 / LogL: -1093.056 / Time: 0h:0m:4s (0h:0m:0s left)
Log-likelihood cutoff on original alignment: -1107.643
NOTE: Bootstrap correlation coefficient of split occurrence frequencies: 0.975
NOTE: UFBoot does not converge, continue at least 100 more iterations
Iteration 810 / LogL: -1093.056 / Time: 0h:0m:4s (0h:0m:0s left)
Iteration 820 / LogL: -1099.537 / Time: 0h:0m:4s (0h:0m:0s left)
Iteration 830 / LogL: -1093.058 / Time: 0h:0m:4s (0h:0m:0s left)
Iteration 840 / LogL: -1099.536 / Time: 0h:0m:4s (0h:0m:0s left)
Iteration 850 / LogL: -1093.056 / Time: 0h:0m:4s (0h:0m:0s left)
Log-likelihood cutoff on original alignment: -1107.639
Iteration 860 / LogL: -1093.061 / Time: 0h:0m:4s (0h:0m:0s left)
Iteration 870 / LogL: -1093.057 / Time: 0h:0m:4s (0h:0m:0s left)
Iteration 880 / LogL: -1100.923 / Time: 0h:0m:4s (0h:0m:0s left)
Iteration 890 / LogL: -1093.057 / Time: 0h:0m:4s (0h:0m:0s left)
Iteration 900 / LogL: -1093.056 / Time: 0h:0m:4s (0h:0m:0s left)
Log-likelihood cutoff on original alignment: -1108.045
NOTE: Bootstrap correlation coefficient of split occurrence frequencies: 0.966
NOTE: UFBoot does not converge, continue at least 100 more iterations
Iteration 910 / LogL: -1093.056 / Time: 0h:0m:4s (0h:0m:0s left)
Iteration 920 / LogL: -1093.060 / Time: 0h:0m:4s (0h:0m:0s left)
Iteration 930 / LogL: -1093.056 / Time: 0h:0m:4s (0h:0m:0s left)
Iteration 940 / LogL: -1093.057 / Time: 0h:0m:4s (0h:0m:0s left)
Iteration 950 / LogL: -1093.058 / Time: 0h:0m:5s (0h:0m:0s left)
Log-likelihood cutoff on original alignment: -1108.045
Iteration 960 / LogL: -1093.058 / Time: 0h:0m:5s (0h:0m:0s left)
Iteration 970 / LogL: -1093.056 / Time: 0h:0m:5s (0h:0m:0s left)
Iteration 980 / LogL: -1093.056 / Time: 0h:0m:5s (0h:0m:0s left)
Iteration 990 / LogL: -1093.057 / Time: 0h:0m:5s (0h:0m:0s left)
Iteration 1000 / LogL: -1093.058 / Time: 0h:0m:5s (0h:0m:0s left)
Log-likelihood cutoff on original alignment: -1108.527
NOTE: Bootstrap correlation coefficient of split occurrence frequencies: 0.972
NOTE: UFBoot does not converge, continue at least 100 more iterations
WARNING: bootstrap analysis did not converge. You should rerun with higher number of iterations (-nm option)
TREE SEARCH COMPLETED AFTER 1001 ITERATIONS / Time: 0h:0m:5s

--------------------------------------------------------------------
|                    FINALIZING TREE SEARCH                        |
--------------------------------------------------------------------
Performs final model parameters optimization
Estimate model parameters (epsilon = 0.010)
1. Initial log-likelihood: -1093.056
Optimal log-likelihood: -1093.056
Rate parameters:  A-C: 1.00000  A-G: 4.06515  A-T: 1.00000  C-G: 1.00000  C-T: 4.06515  G-T: 1.00000
Base frequencies:  A: 0.234  C: 0.275  G: 0.307  T: 0.185
Parameters optimization took 1 rounds (0.000 sec)
BEST SCORE FOUND : -1093.056
Creating bootstrap support values...
Split supports printed to NEXUS file 115058at7898.fltrd_aligned.fas.splits.nex
Total tree length: 0.025

Total number of iterations: 1001
CPU time used for tree search: 5.282 sec (0h:0m:5s)
Wall-clock time used for tree search: 5.433 sec (0h:0m:5s)
Total CPU time used: 5.314 sec (0h:0m:5s)
Total wall-clock time used: 5.473 sec (0h:0m:5s)

Computing bootstrap consensus tree...
Reading input file 115058at7898.fltrd_aligned.fas.splits.nex...
10 taxa and 103 splits.
Consensus tree written to 115058at7898.fltrd_aligned.fas.contree
Reading input trees file 115058at7898.fltrd_aligned.fas.contree
Log-likelihood of consensus tree: -1093.067

Analysis results written to: 
  IQ-TREE report:                115058at7898.fltrd_aligned.fas.iqtree
  Maximum-likelihood tree:       115058at7898.fltrd_aligned.fas.treefile
  Likelihood distances:          115058at7898.fltrd_aligned.fas.mldist

Ultrafast bootstrap approximation results written to:
  Split support values:          115058at7898.fltrd_aligned.fas.splits.nex
  Consensus tree:                115058at7898.fltrd_aligned.fas.contree
  Screen log file:               115058at7898.fltrd_aligned.fas.log

Date and Time: Tue Dec  2 14:49:53 2025
