IQ-TREE multicore version 2.1.3 COVID-edition for Linux 64-bit built Apr 21 2021
Developed by Bui Quang Minh, James Barbetti, Nguyen Lam Tung,
Olga Chernomor, Heiko Schmidt, Dominik Schrempf, Michael Woodhams.

Host:    gombessa.rcs.alaska.edu (AVX2, FMA3, 503 GB RAM)
Command: /export/scratch/tsvanorden/Char_Phylogenetics/src/iqtree-2.1.3-Linux/bin/iqtree2 -s 90702at7898.fltrd_aligned.fas -m MFP -bb 1000 -T 1
Seed:    474049 (Using SPRNG - Scalable Parallel Random Number Generator)
Time:    Tue Dec  2 14:49:38 2025
Kernel:  AVX+FMA - 1 threads (1 CPU cores detected)

Reading alignment file 90702at7898.fltrd_aligned.fas ... Fasta format detected
Alignment most likely contains DNA/RNA sequences
Alignment has 20 sequences with 948 columns, 23 distinct patterns
2 parsimony-informative, 33 singleton sites, 913 constant sites
                                Gap/Ambiguity  Composition  p-value
   1  251140_Ward_Creek                 0.00%    passed    100.00%
   2  260512_Pybus_Point                0.00%    passed    100.00%
   3  261935_Kenai_River                0.00%    passed    100.00%
   4  353213_Cropley_Lake               0.00%    passed    100.00%
   5  353219_Peterson_Creek             0.00%    passed    100.00%
   6  353220_Fish_Creek                 0.00%    passed    100.00%
   7  353246_Cottonwood_Creek           0.00%    passed    100.00%
   8  353379_Skagit_River               0.00%    passed     99.91%
   9  353381_Dungeness_River            0.00%    passed    100.00%
  10  353401_Peace_River                0.00%    passed    100.00%
  11  353407_Noatok                     0.00%    passed    100.00%
  12  353410_Horizon_Lake               0.00%    passed    100.00%
  13  92319_Little_Lost                 0.00%    passed    100.00%
  14  94280_St_Joe                      0.00%    passed    100.00%
  15  GCA016432855_Lake_Trout           0.00%    passed     99.98%
  16  GCA036784925_Maine_S_alpinus      0.00%    passed     99.96%
  17  GCA045679555_Iceland_A_alpinus    0.00%    passed    100.00%
  18  GCF013265735_Rainbow_Trout        0.00%    passed     99.94%
  19  GCF029448725_Brook_Trout          0.00%    passed     99.73%
  20  Methow_River_99895                0.00%    passed    100.00%
****  TOTAL                             0.00%  0 sequences failed composition chi2 test (p-value<5%; df=3)
NOTE: 260512_Pybus_Point is identical to 251140_Ward_Creek but kept for subsequent analysis
NOTE: 92319_Little_Lost is identical to 353401_Peace_River but kept for subsequent analysis
NOTE: 11 identical sequences (see below) will be ignored for subsequent analysis
NOTE: 261935_Kenai_River (identical to 251140_Ward_Creek) is ignored but added at the end
NOTE: 353213_Cropley_Lake (identical to 251140_Ward_Creek) is ignored but added at the end
NOTE: 353219_Peterson_Creek (identical to 251140_Ward_Creek) is ignored but added at the end
NOTE: 353220_Fish_Creek (identical to 251140_Ward_Creek) is ignored but added at the end
NOTE: 353246_Cottonwood_Creek (identical to 251140_Ward_Creek) is ignored but added at the end
NOTE: 353381_Dungeness_River (identical to 251140_Ward_Creek) is ignored but added at the end
NOTE: 353407_Noatok (identical to 251140_Ward_Creek) is ignored but added at the end
NOTE: 353410_Horizon_Lake (identical to 251140_Ward_Creek) is ignored but added at the end
NOTE: GCA045679555_Iceland_A_alpinus (identical to 251140_Ward_Creek) is ignored but added at the end
NOTE: 94280_St_Joe (identical to 353401_Peace_River) is ignored but added at the end
NOTE: Methow_River_99895 (identical to 353401_Peace_River) is ignored but added at the end
Alignment was printed to 90702at7898.fltrd_aligned.fas.uniqueseq.phy

For your convenience alignment with unique sequences printed to 90702at7898.fltrd_aligned.fas.uniqueseq.phy


Create initial parsimony tree by phylogenetic likelihood library (PLL)... 0.000 seconds
Perform fast likelihood tree search using GTR+I+G model...
Estimate model parameters (epsilon = 5.000)
Perform nearest neighbor interchange...
Estimate model parameters (epsilon = 1.000)
1. Initial log-likelihood: -1514.219
Optimal log-likelihood: -1514.195
Rate parameters:  A-C: 0.98490  A-G: 3.00815  A-T: 0.19914  C-G: 0.00010  C-T: 2.13246  G-T: 1.00000
Base frequencies:  A: 0.188  C: 0.293  G: 0.255  T: 0.264
Proportion of invariable sites: 0.481
Gamma shape alpha: 998.451
Parameters optimization took 1 rounds (0.002 sec)
Time for fast ML tree search: 0.005 seconds

NOTE: ModelFinder requires 0 MB RAM!
ModelFinder will test up to 286 DNA models (sample size: 948) ...
 No. Model         -LnL         df  AIC          AICc         BIC
  1  GTR+F         1513.975     23  3073.951     3075.146     3185.601
  2  GTR+F+I       1513.952     24  3075.903     3077.204     3192.408
  3  GTR+F+G4      1513.952     24  3075.904     3077.205     3192.409
  4  GTR+F+I+G4    1514.164     25  3078.327     3079.737     3199.686
  5  GTR+F+R2      1514.058     25  3078.117     3079.527     3199.476
  6  GTR+F+R3      1514.090     27  3082.180     3083.823     3213.247
 14  SYM           1525.941     20  3091.882     3092.788     3188.969
 15  SYM+I         1525.949     21  3093.898     3094.896     3195.840
 16  SYM+G4        1525.920     21  3093.840     3094.838     3195.782
 27  TVM+F         1514.292     22  3072.583     3073.677     3179.379
 28  TVM+F+I       1514.251     23  3074.503     3075.698     3186.153
 29  TVM+F+G4      1514.270     23  3074.540     3075.735     3186.190
 40  TVMe          1525.919     19  3089.837     3090.656     3182.070
 41  TVMe+I        1525.930     20  3091.860     3092.766     3188.947
 42  TVMe+G4       1525.926     20  3091.852     3092.758     3188.939
 53  TIM3+F        1518.601     21  3079.202     3080.200     3181.143
 54  TIM3+F+I      1518.600     22  3081.199     3082.293     3187.995
 55  TIM3+F+G4     1518.599     22  3081.198     3082.292     3187.994
 66  TIM3e         1530.514     18  3097.029     3097.765     3184.407
 67  TIM3e+I       1530.514     19  3099.028     3099.847     3191.261
 68  TIM3e+G4      1530.513     19  3099.027     3099.846     3191.260
 79  TIM2+F        1519.157     21  3080.315     3081.313     3182.256
 80  TIM2+F+I      1519.157     22  3082.313     3083.407     3189.109
 81  TIM2+F+G4     1519.157     22  3082.313     3083.408     3189.109
 92  TIM2e         1531.016     18  3098.032     3098.768     3185.410
 93  TIM2e+I       1531.017     19  3100.033     3100.852     3192.266
 94  TIM2e+G4      1531.018     19  3100.036     3100.855     3192.269
105  TIM+F         1514.782     21  3071.565     3072.563     3173.506
106  TIM+F+I       1514.805     22  3073.610     3074.704     3180.406
107  TIM+F+G4      1514.793     22  3073.585     3074.679     3180.381
118  TIMe          1526.713     18  3089.426     3090.162     3176.804
119  TIMe+I        1526.713     19  3091.426     3092.245     3183.659
120  TIMe+G4       1526.713     19  3091.426     3092.245     3183.658
131  TPM3u+F       1518.904     20  3077.807     3078.713     3174.894
132  TPM3u+F+I     1518.905     21  3079.810     3080.807     3181.751
133  TPM3u+F+G4    1518.905     21  3079.809     3080.807     3181.751
144  TPM3+F        1518.904     20  3077.807     3078.713     3174.894
145  TPM3+F+I      1518.905     21  3079.810     3080.807     3181.751
146  TPM3+F+G4     1518.905     21  3079.809     3080.807     3181.751
157  TPM2u+F       1519.466     20  3078.932     3079.839     3176.019
158  TPM2u+F+I     1519.464     21  3080.928     3081.926     3182.870
159  TPM2u+F+G4    1519.464     21  3080.928     3081.926     3182.870
170  TPM2+F        1519.466     20  3078.932     3079.839     3176.019
171  TPM2+F+I      1519.464     21  3080.928     3081.926     3182.870
172  TPM2+F+G4     1519.464     21  3080.928     3081.926     3182.870
183  K3Pu+F        1515.093     20  3070.186     3071.092     3167.273
184  K3Pu+F+I      1515.092     21  3072.183     3073.181     3174.125
185  K3Pu+F+G4     1515.104     21  3072.208     3073.206     3174.150
196  K3P           1526.728     17  3087.457     3088.115     3169.981
197  K3P+I         1526.728     18  3089.457     3090.193     3176.835
198  K3P+G4        1526.729     18  3089.457     3090.193     3176.836
209  TN+F          1519.180     20  3078.360     3079.266     3175.447
210  TN+F+I        1519.178     21  3080.356     3081.354     3182.298
211  TN+F+G4       1519.178     21  3080.357     3081.355     3182.298
222  TNe           1531.016     17  3096.031     3096.689     3178.555
223  TNe+I         1531.016     18  3098.031     3098.767     3185.409
224  TNe+G4        1531.016     18  3098.031     3098.768     3185.410
235  HKY+F         1519.486     19  3076.971     3077.790     3169.204
236  HKY+F+I       1519.486     20  3078.971     3079.877     3176.058
237  HKY+F+G4      1519.486     20  3078.971     3079.878     3176.059
248  K2P           1531.031     16  3094.063     3094.647     3171.732
249  K2P+I         1531.031     17  3096.063     3096.721     3178.587
250  K2P+G4        1531.032     17  3096.063     3096.721     3178.587
261  F81+F         1528.425     18  3092.850     3093.586     3180.228
262  F81+F+I       1528.425     19  3094.850     3095.669     3187.083
263  F81+F+G4      1528.425     19  3094.850     3095.669     3187.083
274  JC            1540.154     15  3110.308     3110.823     3183.123
275  JC+I          1540.154     16  3112.308     3112.892     3189.977
276  JC+G4         1540.154     16  3112.308     3112.892     3189.978
Akaike Information Criterion:           K3Pu+F
Corrected Akaike Information Criterion: K3Pu+F
Bayesian Information Criterion:         K3Pu+F
Best-fit model: K3Pu+F chosen according to BIC

All model information printed to 90702at7898.fltrd_aligned.fas.model.gz
CPU time for ModelFinder: 0.085 seconds (0h:0m:0s)
Wall-clock time for ModelFinder: 0.087 seconds (0h:0m:0s)
Generating 1000 samples for ultrafast bootstrap (seed: 474049)...

NOTE: 0 MB RAM (0 GB) is required!
Estimate model parameters (epsilon = 0.100)
1. Initial log-likelihood: -1515.093
Optimal log-likelihood: -1515.093
Rate parameters:  A-C: 1.00000  A-G: 2.39476  A-T: 0.07867  C-G: 0.07867  C-T: 2.39476  G-T: 1.00000
Base frequencies:  A: 0.188  C: 0.293  G: 0.255  T: 0.264
Parameters optimization took 1 rounds (0.000 sec)
Computing ML distances based on estimated model parameters...
Computing ML distances took 0.000212 sec (of wall-clock time) 0.000191 sec(of CPU time)
Computing RapidNJ tree took 0.000029 sec (of wall-clock time) 0.000026 sec (of CPU time)
Log-likelihood of RapidNJ tree: -1516.340
--------------------------------------------------------------------
|             INITIALIZING CANDIDATE TREE SET                      |
--------------------------------------------------------------------
Generating 98 parsimony trees... 0.017 second
Computing log-likelihood of 94 initial trees ... 0.008 seconds
Current best score: -1515.093

Do NNI search on 20 best initial trees
Estimate model parameters (epsilon = 0.100)
BETTER TREE FOUND at iteration 1: -1515.093
BETTER TREE FOUND at iteration 2: -1515.093
BETTER TREE FOUND at iteration 5: -1515.093
BETTER TREE FOUND at iteration 10: -1515.093
Iteration 10 / LogL: -1515.093 / Time: 0h:0m:0s
Iteration 20 / LogL: -1515.093 / Time: 0h:0m:0s
Finish initializing candidate tree set (15)
Current best tree score: -1515.093 / CPU time: 0.068
Number of iterations: 20
--------------------------------------------------------------------
|               OPTIMIZING CANDIDATE TREE SET                      |
--------------------------------------------------------------------
UPDATE BEST LOG-LIKELIHOOD: -1515.093
Iteration 30 / LogL: -1515.093 / Time: 0h:0m:0s (0h:0m:0s left)
Iteration 40 / LogL: -1515.093 / Time: 0h:0m:0s (0h:0m:0s left)
Iteration 50 / LogL: -1515.095 / Time: 0h:0m:0s (0h:0m:0s left)
Log-likelihood cutoff on original alignment: -1530.799
Iteration 60 / LogL: -1515.093 / Time: 0h:0m:0s (0h:0m:0s left)
Iteration 70 / LogL: -1515.093 / Time: 0h:0m:0s (0h:0m:0s left)
Iteration 80 / LogL: -1515.093 / Time: 0h:0m:0s (0h:0m:0s left)
Iteration 90 / LogL: -1515.093 / Time: 0h:0m:0s (0h:0m:0s left)
Iteration 100 / LogL: -1515.093 / Time: 0h:0m:0s (0h:0m:0s left)
Log-likelihood cutoff on original alignment: -1530.783
NOTE: Bootstrap correlation coefficient of split occurrence frequencies: 0.876
NOTE: UFBoot does not converge, continue at least 100 more iterations
Iteration 110 / LogL: -1515.094 / Time: 0h:0m:0s (0h:0m:0s left)
Iteration 120 / LogL: -1515.093 / Time: 0h:0m:0s (0h:0m:0s left)
Iteration 130 / LogL: -1515.096 / Time: 0h:0m:0s (0h:0m:0s left)
Iteration 140 / LogL: -1515.094 / Time: 0h:0m:0s (0h:0m:0s left)
Iteration 150 / LogL: -1515.093 / Time: 0h:0m:0s (0h:0m:0s left)
Log-likelihood cutoff on original alignment: -1531.423
Iteration 160 / LogL: -1515.094 / Time: 0h:0m:0s (0h:0m:0s left)
Iteration 170 / LogL: -1516.332 / Time: 0h:0m:0s (0h:0m:0s left)
Iteration 180 / LogL: -1515.093 / Time: 0h:0m:0s (0h:0m:0s left)
Iteration 190 / LogL: -1515.093 / Time: 0h:0m:0s (0h:0m:0s left)
Iteration 200 / LogL: -1515.093 / Time: 0h:0m:0s (0h:0m:0s left)
Log-likelihood cutoff on original alignment: -1531.423
NOTE: Bootstrap correlation coefficient of split occurrence frequencies: 0.961
NOTE: UFBoot does not converge, continue at least 100 more iterations
Iteration 210 / LogL: -1515.093 / Time: 0h:0m:0s (0h:0m:0s left)
Iteration 220 / LogL: -1515.096 / Time: 0h:0m:1s (0h:0m:0s left)
Iteration 230 / LogL: -1515.094 / Time: 0h:0m:1s (0h:0m:0s left)
Iteration 240 / LogL: -1515.095 / Time: 0h:0m:1s (0h:0m:0s left)
Iteration 250 / LogL: -1515.093 / Time: 0h:0m:1s (0h:0m:0s left)
Log-likelihood cutoff on original alignment: -1531.423
Iteration 260 / LogL: -1515.096 / Time: 0h:0m:1s (0h:0m:0s left)
Iteration 270 / LogL: -1515.093 / Time: 0h:0m:1s (0h:0m:0s left)
Iteration 280 / LogL: -1515.093 / Time: 0h:0m:1s (0h:0m:0s left)
Iteration 290 / LogL: -1515.093 / Time: 0h:0m:1s (0h:0m:0s left)
Iteration 300 / LogL: -1515.095 / Time: 0h:0m:1s (0h:0m:0s left)
Log-likelihood cutoff on original alignment: -1531.423
NOTE: Bootstrap correlation coefficient of split occurrence frequencies: 0.968
NOTE: UFBoot does not converge, continue at least 100 more iterations
Iteration 310 / LogL: -1515.093 / Time: 0h:0m:1s (0h:0m:0s left)
Iteration 320 / LogL: -1515.093 / Time: 0h:0m:1s (0h:0m:0s left)
UPDATE BEST LOG-LIKELIHOOD: -1515.093
Iteration 330 / LogL: -1516.335 / Time: 0h:0m:1s (0h:0m:0s left)
Iteration 340 / LogL: -1515.096 / Time: 0h:0m:1s (0h:0m:0s left)
Iteration 350 / LogL: -1515.093 / Time: 0h:0m:1s (0h:0m:0s left)
Log-likelihood cutoff on original alignment: -1531.494
Iteration 360 / LogL: -1515.093 / Time: 0h:0m:1s (0h:0m:0s left)
Iteration 370 / LogL: -1515.095 / Time: 0h:0m:1s (0h:0m:0s left)
Iteration 380 / LogL: -1515.093 / Time: 0h:0m:1s (0h:0m:0s left)
Iteration 390 / LogL: -1515.094 / Time: 0h:0m:1s (0h:0m:0s left)
Iteration 400 / LogL: -1515.093 / Time: 0h:0m:1s (0h:0m:0s left)
Log-likelihood cutoff on original alignment: -1531.494
NOTE: Bootstrap correlation coefficient of split occurrence frequencies: 0.981
NOTE: UFBoot does not converge, continue at least 100 more iterations
Iteration 410 / LogL: -1515.095 / Time: 0h:0m:1s (0h:0m:0s left)
Iteration 420 / LogL: -1515.093 / Time: 0h:0m:1s (0h:0m:0s left)
Iteration 430 / LogL: -1516.337 / Time: 0h:0m:2s (0h:0m:0s left)
Iteration 440 / LogL: -1516.333 / Time: 0h:0m:2s (0h:0m:0s left)
Iteration 450 / LogL: -1515.098 / Time: 0h:0m:2s (0h:0m:0s left)
Log-likelihood cutoff on original alignment: -1531.494
Iteration 460 / LogL: -1515.093 / Time: 0h:0m:2s (0h:0m:0s left)
Iteration 470 / LogL: -1515.093 / Time: 0h:0m:2s (0h:0m:0s left)
Iteration 480 / LogL: -1515.096 / Time: 0h:0m:2s (0h:0m:0s left)
Iteration 490 / LogL: -1515.093 / Time: 0h:0m:2s (0h:0m:0s left)
Iteration 500 / LogL: -1515.095 / Time: 0h:0m:2s (0h:0m:0s left)
Log-likelihood cutoff on original alignment: -1531.494
NOTE: Bootstrap correlation coefficient of split occurrence frequencies: 0.972
NOTE: UFBoot does not converge, continue at least 100 more iterations
Iteration 510 / LogL: -1515.094 / Time: 0h:0m:2s (0h:0m:0s left)
Iteration 520 / LogL: -1515.094 / Time: 0h:0m:2s (0h:0m:0s left)
Iteration 530 / LogL: -1516.335 / Time: 0h:0m:2s (0h:0m:0s left)
Iteration 540 / LogL: -1515.094 / Time: 0h:0m:2s (0h:0m:0s left)
Iteration 550 / LogL: -1515.094 / Time: 0h:0m:2s (0h:0m:0s left)
Log-likelihood cutoff on original alignment: -1531.693
Iteration 560 / LogL: -1515.093 / Time: 0h:0m:2s (0h:0m:0s left)
Iteration 570 / LogL: -1515.093 / Time: 0h:0m:2s (0h:0m:0s left)
Iteration 580 / LogL: -1515.093 / Time: 0h:0m:2s (0h:0m:0s left)
UPDATE BEST LOG-LIKELIHOOD: -1515.093
Iteration 590 / LogL: -1515.093 / Time: 0h:0m:2s (0h:0m:0s left)
Iteration 600 / LogL: -1515.093 / Time: 0h:0m:2s (0h:0m:0s left)
Log-likelihood cutoff on original alignment: -1531.693
NOTE: Bootstrap correlation coefficient of split occurrence frequencies: 0.981
NOTE: UFBoot does not converge, continue at least 100 more iterations
Iteration 610 / LogL: -1515.093 / Time: 0h:0m:2s (0h:0m:0s left)
Iteration 620 / LogL: -1515.093 / Time: 0h:0m:3s (0h:0m:0s left)
Iteration 630 / LogL: -1515.094 / Time: 0h:0m:3s (0h:0m:0s left)
Iteration 640 / LogL: -1515.097 / Time: 0h:0m:3s (0h:0m:0s left)
Iteration 650 / LogL: -1515.094 / Time: 0h:0m:3s (0h:0m:0s left)
Log-likelihood cutoff on original alignment: -1531.693
Iteration 660 / LogL: -1515.093 / Time: 0h:0m:3s (0h:0m:0s left)
Iteration 670 / LogL: -1516.333 / Time: 0h:0m:3s (0h:0m:0s left)
Iteration 680 / LogL: -1515.093 / Time: 0h:0m:3s (0h:0m:0s left)
Iteration 690 / LogL: -1515.093 / Time: 0h:0m:3s (0h:0m:0s left)
Iteration 700 / LogL: -1515.095 / Time: 0h:0m:3s (0h:0m:0s left)
Log-likelihood cutoff on original alignment: -1531.693
NOTE: Bootstrap correlation coefficient of split occurrence frequencies: 0.973
NOTE: UFBoot does not converge, continue at least 100 more iterations
Iteration 710 / LogL: -1516.334 / Time: 0h:0m:3s (0h:0m:0s left)
Iteration 720 / LogL: -1522.214 / Time: 0h:0m:3s (0h:0m:0s left)
Iteration 730 / LogL: -1515.093 / Time: 0h:0m:3s (0h:0m:0s left)
Iteration 740 / LogL: -1515.093 / Time: 0h:0m:3s (0h:0m:0s left)
Iteration 750 / LogL: -1515.093 / Time: 0h:0m:3s (0h:0m:0s left)
Log-likelihood cutoff on original alignment: -1531.693
Iteration 760 / LogL: -1515.095 / Time: 0h:0m:3s (0h:0m:0s left)
Iteration 770 / LogL: -1515.094 / Time: 0h:0m:3s (0h:0m:0s left)
Iteration 780 / LogL: -1515.094 / Time: 0h:0m:3s (0h:0m:0s left)
Iteration 790 / LogL: -1515.093 / Time: 0h:0m:3s (0h:0m:0s left)
Iteration 800 / LogL: -1515.093 / Time: 0h:0m:4s (0h:0m:0s left)
Log-likelihood cutoff on original alignment: -1531.693
NOTE: Bootstrap correlation coefficient of split occurrence frequencies: 0.992
TREE SEARCH COMPLETED AFTER 800 ITERATIONS / Time: 0h:0m:4s

--------------------------------------------------------------------
|                    FINALIZING TREE SEARCH                        |
--------------------------------------------------------------------
Performs final model parameters optimization
Estimate model parameters (epsilon = 0.010)
1. Initial log-likelihood: -1515.093
Optimal log-likelihood: -1515.093
Rate parameters:  A-C: 1.00000  A-G: 2.39237  A-T: 0.07867  C-G: 0.07867  C-T: 2.39237  G-T: 1.00000
Base frequencies:  A: 0.188  C: 0.293  G: 0.255  T: 0.264
Parameters optimization took 1 rounds (0.000 sec)
BEST SCORE FOUND : -1515.093
Creating bootstrap support values...
Split supports printed to NEXUS file 90702at7898.fltrd_aligned.fas.splits.nex
Total tree length: 0.038

Total number of iterations: 800
CPU time used for tree search: 3.938 sec (0h:0m:3s)
Wall-clock time used for tree search: 4.058 sec (0h:0m:4s)
Total CPU time used: 3.966 sec (0h:0m:3s)
Total wall-clock time used: 4.094 sec (0h:0m:4s)

Computing bootstrap consensus tree...
Reading input file 90702at7898.fltrd_aligned.fas.splits.nex...
9 taxa and 118 splits.
Consensus tree written to 90702at7898.fltrd_aligned.fas.contree
Reading input trees file 90702at7898.fltrd_aligned.fas.contree
Log-likelihood of consensus tree: -1515.101

Analysis results written to: 
  IQ-TREE report:                90702at7898.fltrd_aligned.fas.iqtree
  Maximum-likelihood tree:       90702at7898.fltrd_aligned.fas.treefile
  Likelihood distances:          90702at7898.fltrd_aligned.fas.mldist

Ultrafast bootstrap approximation results written to:
  Split support values:          90702at7898.fltrd_aligned.fas.splits.nex
  Consensus tree:                90702at7898.fltrd_aligned.fas.contree
  Screen log file:               90702at7898.fltrd_aligned.fas.log

Date and Time: Tue Dec  2 14:49:42 2025
