IQ-TREE multicore version 2.1.3 COVID-edition for Linux 64-bit built Apr 21 2021
Developed by Bui Quang Minh, James Barbetti, Nguyen Lam Tung,
Olga Chernomor, Heiko Schmidt, Dominik Schrempf, Michael Woodhams.

Host:    gombessa.rcs.alaska.edu (AVX2, FMA3, 503 GB RAM)
Command: /export/scratch/tsvanorden/Char_Phylogenetics/src/iqtree-2.1.3-Linux/bin/iqtree2 -s 41759at7898.fltrd_aligned.fas -m MFP -bb 1000 -T 1
Seed:    236917 (Using SPRNG - Scalable Parallel Random Number Generator)
Time:    Tue Dec  2 14:50:08 2025
Kernel:  AVX+FMA - 1 threads (1 CPU cores detected)

Reading alignment file 41759at7898.fltrd_aligned.fas ... Fasta format detected
Alignment most likely contains DNA/RNA sequences
Alignment has 20 sequences with 2898 columns, 107 distinct patterns
19 parsimony-informative, 319 singleton sites, 2560 constant sites
                                Gap/Ambiguity  Composition  p-value
   1  251140_Ward_Creek                 2.28%    passed     99.97%
   2  260512_Pybus_Point                2.28%    passed     99.93%
   3  261935_Kenai_River                2.28%    passed     99.97%
   4  353213_Cropley_Lake               2.28%    passed     99.97%
   5  353219_Peterson_Creek             2.28%    passed     99.97%
   6  353220_Fish_Creek                 2.28%    passed     99.97%
   7  353246_Cottonwood_Creek           2.28%    passed     99.91%
   8  353379_Skagit_River               2.28%    passed     99.91%
   9  353381_Dungeness_River            8.59%    passed     93.80%
  10  353401_Peace_River                2.28%    passed     99.91%
  11  353407_Noatok                     4.62%    passed     99.93%
  12  353410_Horizon_Lake               2.28%    passed     99.98%
  13  92319_Little_Lost                 2.28%    passed     99.89%
  14  94280_St_Joe                      2.28%    passed     99.91%
  15  GCA016432855_Lake_Trout           2.28%    passed     99.85%
  16  GCA036784925_Maine_S_alpinus     33.02%    passed     15.68%
  17  GCA045679555_Iceland_A_alpinus    2.28%    passed     99.98%
  18  GCF013265735_Rainbow_Trout        1.86%    passed     94.33%
  19  GCF029448725_Brook_Trout          2.38%    passed     99.71%
  20  Methow_River_99895                2.28%    passed     99.82%
****  TOTAL                             4.23%  0 sequences failed composition chi2 test (p-value<5%; df=3)
NOTE: 261935_Kenai_River is identical to 251140_Ward_Creek but kept for subsequent analysis
NOTE: 353401_Peace_River is identical to 353379_Skagit_River but kept for subsequent analysis
NOTE: GCA045679555_Iceland_A_alpinus is identical to 353410_Horizon_Lake but kept for subsequent analysis
NOTE: 4 identical sequences (see below) will be ignored for subsequent analysis
NOTE: 353213_Cropley_Lake (identical to 251140_Ward_Creek) is ignored but added at the end
NOTE: 353219_Peterson_Creek (identical to 251140_Ward_Creek) is ignored but added at the end
NOTE: 353220_Fish_Creek (identical to 251140_Ward_Creek) is ignored but added at the end
NOTE: 94280_St_Joe (identical to 353379_Skagit_River) is ignored but added at the end
Alignment was printed to 41759at7898.fltrd_aligned.fas.uniqueseq.phy

For your convenience alignment with unique sequences printed to 41759at7898.fltrd_aligned.fas.uniqueseq.phy


Create initial parsimony tree by phylogenetic likelihood library (PLL)... 0.000 seconds
Perform fast likelihood tree search using GTR+I+G model...
Estimate model parameters (epsilon = 5.000)
Perform nearest neighbor interchange...
Estimate model parameters (epsilon = 1.000)
1. Initial log-likelihood: -5611.417
Optimal log-likelihood: -5611.347
Rate parameters:  A-C: 0.61007  A-G: 2.41538  A-T: 0.72082  C-G: 0.57942  C-T: 2.76685  G-T: 1.00000
Base frequencies:  A: 0.218  C: 0.288  G: 0.298  T: 0.196
Proportion of invariable sites: 0.445
Gamma shape alpha: 11.523
Parameters optimization took 1 rounds (0.003 sec)
Time for fast ML tree search: 0.016 seconds

NOTE: ModelFinder requires 1 MB RAM!
ModelFinder will test up to 286 DNA models (sample size: 2898) ...
 No. Model         -LnL         df  AIC          AICc         BIC
  1  GTR+F         5613.418     37  11300.836    11301.820    11521.792
  2  GTR+F+I       5611.291     38  11298.582    11299.618    11525.509
  3  GTR+F+G4      5611.472     38  11298.943    11299.980    11525.871
  4  GTR+F+I+G4    5611.293     39  11300.585    11301.677    11533.484
  5  GTR+F+R2      5611.740     39  11301.479    11302.571    11534.378
  6  GTR+F+R3      5611.536     41  11305.072    11306.278    11549.915
 14  SYM           5653.260     34  11374.521    11375.352    11577.561
 15  SYM+I         5651.943     35  11373.885    11374.766    11582.897
 16  SYM+G4        5652.034     35  11374.069    11374.949    11583.081
 27  TVM+F         5613.782     36  11299.564    11300.495    11514.548
 28  TVM+F+I       5611.654     37  11297.308    11298.291    11518.264
 29  TVM+F+G4      5611.828     37  11297.655    11298.638    11518.611
 40  TVMe          5653.320     33  11372.640    11373.423    11569.708
 41  TVMe+I        5652.000     34  11372.000    11372.831    11575.040
 42  TVMe+G4       5652.089     34  11372.178    11373.010    11575.219
 53  TIM3+F        5613.982     35  11297.964    11298.845    11506.976
 54  TIM3+F+I      5611.812     36  11295.625    11296.556    11510.609
 55  TIM3+F+G4     5611.991     36  11295.983    11296.914    11510.967
 66  TIM3e         5654.628     32  11373.257    11373.994    11564.353
 67  TIM3e+I       5653.252     33  11372.504    11373.287    11569.572
 68  TIM3e+G4      5653.337     33  11372.673    11373.457    11569.742
 79  TIM2+F        5615.623     35  11301.245    11302.126    11510.257
 80  TIM2+F+I      5613.584     36  11299.168    11300.099    11514.152
 81  TIM2+F+G4     5613.739     36  11299.477    11300.409    11514.461
 92  TIM2e         5653.800     32  11371.600    11372.337    11562.696
 93  TIM2e+I       5652.497     33  11370.994    11371.778    11568.063
 94  TIM2e+G4      5652.579     33  11371.158    11371.941    11568.227
105  TIM+F         5615.323     35  11300.647    11301.527    11509.659
106  TIM+F+I       5613.156     36  11298.312    11299.243    11513.296
107  TIM+F+G4      5613.326     36  11298.651    11299.583    11513.635
118  TIMe          5654.799     32  11373.597    11374.334    11564.694
119  TIMe+I        5653.409     33  11372.818    11373.601    11569.886
120  TIMe+G4       5653.490     33  11372.980    11373.763    11570.048
131  TPM3u+F       5614.347     34  11296.694    11297.526    11499.735
132  TPM3u+F+I     5612.178     35  11294.355    11295.236    11503.368
133  TPM3u+F+G4    5612.348     35  11294.695    11295.576    11503.707
144  TPM3+F        5614.347     34  11296.694    11297.526    11499.735
145  TPM3+F+I      5612.178     35  11294.355    11295.236    11503.368
146  TPM3+F+G4     5612.348     35  11294.695    11295.576    11503.707
157  TPM2u+F       5615.987     34  11299.974    11300.805    11503.014
158  TPM2u+F+I     5613.942     35  11297.883    11298.764    11506.895
159  TPM2u+F+G4    5614.092     35  11298.183    11299.064    11507.195
170  TPM2+F        5615.987     34  11299.974    11300.805    11503.014
171  TPM2+F+I      5613.942     35  11297.883    11298.764    11506.895
172  TPM2+F+G4     5614.092     35  11298.183    11299.064    11507.195
183  K3Pu+F        5615.686     34  11299.371    11300.203    11502.412
184  K3Pu+F+I      5613.506     35  11297.011    11297.892    11506.023
185  K3Pu+F+G4     5613.672     35  11297.345    11298.225    11506.357
196  K3P           5654.854     31  11371.707    11372.400    11556.833
197  K3P+I         5653.457     32  11370.914    11371.651    11562.010
198  K3P+G4        5653.542     32  11371.085    11371.822    11562.182
209  TN+F          5615.891     34  11299.782    11300.614    11502.823
210  TN+F+I        5613.787     35  11297.574    11298.454    11506.586
211  TN+F+G4       5613.944     35  11297.887    11298.768    11506.900
222  TNe           5654.991     31  11371.982    11372.674    11557.107
223  TNe+I         5653.604     32  11371.208    11371.945    11562.305
224  TNe+G4        5653.691     32  11371.381    11372.118    11562.478
235  HKY+F         5616.257     33  11298.514    11299.298    11495.583
236  HKY+F+I       5614.143     34  11296.285    11297.116    11499.326
237  HKY+F+G4      5614.293     34  11296.586    11297.417    11499.626
248  K2P           5655.047     30  11370.093    11370.742    11549.247
249  K2P+I         5653.663     31  11369.325    11370.018    11554.450
250  K2P+G4        5653.745     31  11369.489    11370.182    11554.614
261  F81+F         5669.273     32  11402.546    11403.283    11593.643
262  F81+F+I       5668.580     33  11403.160    11403.943    11600.228
263  F81+F+G4      5668.628     33  11403.255    11404.039    11600.324
274  JC            5704.653     29  11467.307    11467.914    11640.488
275  JC+I          5704.153     30  11468.307    11468.956    11647.460
276  JC+G4         5704.192     30  11468.384    11469.032    11647.537
Akaike Information Criterion:           TPM3+F+I
Corrected Akaike Information Criterion: TPM3+F+I
Bayesian Information Criterion:         HKY+F
Best-fit model: HKY+F chosen according to BIC

All model information printed to 41759at7898.fltrd_aligned.fas.model.gz
CPU time for ModelFinder: 0.223 seconds (0h:0m:0s)
Wall-clock time for ModelFinder: 0.230 seconds (0h:0m:0s)
Generating 1000 samples for ultrafast bootstrap (seed: 236917)...

NOTE: 0 MB RAM (0 GB) is required!
Estimate model parameters (epsilon = 0.100)
1. Initial log-likelihood: -5616.257
Optimal log-likelihood: -5616.257
Rate parameters:  A-C: 1.00000  A-G: 3.24739  A-T: 1.00000  C-G: 1.00000  C-T: 3.24739  G-T: 1.00000
Base frequencies:  A: 0.218  C: 0.288  G: 0.298  T: 0.196
Parameters optimization took 1 rounds (0.001 sec)
Computing ML distances based on estimated model parameters...
Computing ML distances took 0.001257 sec (of wall-clock time) 0.001228 sec(of CPU time)
Computing RapidNJ tree took 0.000058 sec (of wall-clock time) 0.000055 sec (of CPU time)
Log-likelihood of RapidNJ tree: -5632.818
--------------------------------------------------------------------
|             INITIALIZING CANDIDATE TREE SET                      |
--------------------------------------------------------------------
Generating 98 parsimony trees... 0.055 second
Computing log-likelihood of 98 initial trees ... 0.039 seconds
Current best score: -5616.257

Do NNI search on 20 best initial trees
Estimate model parameters (epsilon = 0.100)
BETTER TREE FOUND at iteration 1: -5616.257
Iteration 10 / LogL: -5616.261 / Time: 0h:0m:0s
Iteration 20 / LogL: -5616.261 / Time: 0h:0m:0s
Finish initializing candidate tree set (13)
Current best tree score: -5616.257 / CPU time: 0.252
Number of iterations: 20
--------------------------------------------------------------------
|               OPTIMIZING CANDIDATE TREE SET                      |
--------------------------------------------------------------------
Iteration 30 / LogL: -5616.268 / Time: 0h:0m:0s (0h:0m:0s left)
Iteration 40 / LogL: -5616.261 / Time: 0h:0m:0s (0h:0m:0s left)
Iteration 50 / LogL: -5616.260 / Time: 0h:0m:0s (0h:0m:0s left)
Log-likelihood cutoff on original alignment: -5641.519
Iteration 60 / LogL: -5616.261 / Time: 0h:0m:0s (0h:0m:0s left)
Iteration 70 / LogL: -5616.273 / Time: 0h:0m:0s (0h:0m:0s left)
UPDATE BEST LOG-LIKELIHOOD: -5616.257
UPDATE BEST LOG-LIKELIHOOD: -5616.257
Iteration 80 / LogL: -5616.257 / Time: 0h:0m:0s (0h:0m:0s left)
Iteration 90 / LogL: -5616.273 / Time: 0h:0m:0s (0h:0m:0s left)
BETTER TREE FOUND at iteration 98: -5616.257
Iteration 100 / LogL: -5616.266 / Time: 0h:0m:0s (0h:0m:0s left)
Log-likelihood cutoff on original alignment: -5642.625
NOTE: Bootstrap correlation coefficient of split occurrence frequencies: 0.978
NOTE: UFBoot does not converge, continue at least 100 more iterations
UPDATE BEST LOG-LIKELIHOOD: -5616.257
Iteration 110 / LogL: -5616.257 / Time: 0h:0m:0s (0h:0m:0s left)
Iteration 120 / LogL: -5616.257 / Time: 0h:0m:1s (0h:0m:0s left)
BETTER TREE FOUND at iteration 128: -5616.257
Iteration 130 / LogL: -5616.265 / Time: 0h:0m:1s (0h:0m:0s left)
Iteration 140 / LogL: -5616.265 / Time: 0h:0m:1s (0h:0m:0s left)
Iteration 150 / LogL: -5619.185 / Time: 0h:0m:1s (0h:0m:0s left)
Log-likelihood cutoff on original alignment: -5643.571
Iteration 160 / LogL: -5620.325 / Time: 0h:0m:1s (0h:0m:0s left)
Iteration 170 / LogL: -5616.257 / Time: 0h:0m:1s (0h:0m:0s left)
Iteration 180 / LogL: -5616.268 / Time: 0h:0m:1s (0h:0m:0s left)
Iteration 190 / LogL: -5616.265 / Time: 0h:0m:1s (0h:0m:0s left)
UPDATE BEST LOG-LIKELIHOOD: -5616.257
Iteration 200 / LogL: -5616.257 / Time: 0h:0m:1s (0h:0m:0s left)
Log-likelihood cutoff on original alignment: -5644.974
NOTE: Bootstrap correlation coefficient of split occurrence frequencies: 0.981
NOTE: UFBoot does not converge, continue at least 100 more iterations
Iteration 210 / LogL: -5616.257 / Time: 0h:0m:1s (0h:0m:0s left)
BETTER TREE FOUND at iteration 219: -5616.257
Iteration 220 / LogL: -5616.257 / Time: 0h:0m:1s (0h:0m:0s left)
Iteration 230 / LogL: -5616.257 / Time: 0h:0m:1s (0h:0m:0s left)
Iteration 240 / LogL: -5616.268 / Time: 0h:0m:1s (0h:0m:0s left)
Iteration 250 / LogL: -5616.281 / Time: 0h:0m:2s (0h:0m:0s left)
Log-likelihood cutoff on original alignment: -5644.398
Iteration 260 / LogL: -5616.262 / Time: 0h:0m:2s (0h:0m:0s left)
Iteration 270 / LogL: -5616.275 / Time: 0h:0m:2s (0h:0m:0s left)
BETTER TREE FOUND at iteration 277: -5616.257
Iteration 280 / LogL: -5616.262 / Time: 0h:0m:2s (0h:0m:0s left)
UPDATE BEST LOG-LIKELIHOOD: -5616.257
Iteration 290 / LogL: -5616.257 / Time: 0h:0m:2s (0h:0m:0s left)
Iteration 300 / LogL: -5616.265 / Time: 0h:0m:2s (0h:0m:0s left)
Log-likelihood cutoff on original alignment: -5644.398
NOTE: Bootstrap correlation coefficient of split occurrence frequencies: 0.986
NOTE: UFBoot does not converge, continue at least 100 more iterations
Iteration 310 / LogL: -5619.479 / Time: 0h:0m:2s (0h:0m:0s left)
Iteration 320 / LogL: -5616.262 / Time: 0h:0m:2s (0h:0m:0s left)
Iteration 330 / LogL: -5616.257 / Time: 0h:0m:2s (0h:0m:0s left)
Iteration 340 / LogL: -5616.257 / Time: 0h:0m:2s (0h:0m:0s left)
Iteration 350 / LogL: -5622.354 / Time: 0h:0m:2s (0h:0m:0s left)
Log-likelihood cutoff on original alignment: -5644.539
Iteration 360 / LogL: -5619.188 / Time: 0h:0m:2s (0h:0m:0s left)
Iteration 370 / LogL: -5616.262 / Time: 0h:0m:2s (0h:0m:0s left)
Iteration 380 / LogL: -5616.266 / Time: 0h:0m:3s (0h:0m:0s left)
Iteration 390 / LogL: -5616.268 / Time: 0h:0m:3s (0h:0m:0s left)
Iteration 400 / LogL: -5616.257 / Time: 0h:0m:3s (0h:0m:0s left)
Log-likelihood cutoff on original alignment: -5644.539
NOTE: Bootstrap correlation coefficient of split occurrence frequencies: 0.972
NOTE: UFBoot does not converge, continue at least 100 more iterations
Iteration 410 / LogL: -5616.257 / Time: 0h:0m:3s (0h:0m:0s left)
UPDATE BEST LOG-LIKELIHOOD: -5616.257
Iteration 420 / LogL: -5616.268 / Time: 0h:0m:3s (0h:0m:0s left)
Iteration 430 / LogL: -5621.135 / Time: 0h:0m:3s (0h:0m:0s left)
Iteration 440 / LogL: -5616.260 / Time: 0h:0m:3s (0h:0m:0s left)
Iteration 450 / LogL: -5616.257 / Time: 0h:0m:3s (0h:0m:0s left)
Log-likelihood cutoff on original alignment: -5645.425
Iteration 460 / LogL: -5616.271 / Time: 0h:0m:3s (0h:0m:0s left)
Iteration 470 / LogL: -5629.038 / Time: 0h:0m:3s (0h:0m:0s left)
Iteration 480 / LogL: -5619.494 / Time: 0h:0m:3s (0h:0m:0s left)
Iteration 490 / LogL: -5619.195 / Time: 0h:0m:3s (0h:0m:0s left)
Iteration 500 / LogL: -5616.273 / Time: 0h:0m:4s (0h:0m:0s left)
Log-likelihood cutoff on original alignment: -5645.425
NOTE: Bootstrap correlation coefficient of split occurrence frequencies: 0.952
NOTE: UFBoot does not converge, continue at least 100 more iterations
Iteration 510 / LogL: -5616.260 / Time: 0h:0m:4s (0h:0m:0s left)
Iteration 520 / LogL: -5621.143 / Time: 0h:0m:4s (0h:0m:0s left)
Iteration 530 / LogL: -5616.262 / Time: 0h:0m:4s (0h:0m:0s left)
Iteration 540 / LogL: -5616.269 / Time: 0h:0m:4s (0h:0m:0s left)
Iteration 550 / LogL: -5616.257 / Time: 0h:0m:4s (0h:0m:0s left)
Log-likelihood cutoff on original alignment: -5645.425
Iteration 560 / LogL: -5620.326 / Time: 0h:0m:4s (0h:0m:0s left)
Iteration 570 / LogL: -5616.257 / Time: 0h:0m:4s (0h:0m:0s left)
Iteration 580 / LogL: -5616.257 / Time: 0h:0m:4s (0h:0m:0s left)
Iteration 590 / LogL: -5616.270 / Time: 0h:0m:4s (0h:0m:0s left)
Iteration 600 / LogL: -5616.257 / Time: 0h:0m:5s (0h:0m:0s left)
Log-likelihood cutoff on original alignment: -5645.425
NOTE: Bootstrap correlation coefficient of split occurrence frequencies: 0.969
NOTE: UFBoot does not converge, continue at least 100 more iterations
Iteration 610 / LogL: -5616.257 / Time: 0h:0m:5s (0h:0m:0s left)
Iteration 620 / LogL: -5616.257 / Time: 0h:0m:5s (0h:0m:0s left)
Iteration 630 / LogL: -5616.257 / Time: 0h:0m:5s (0h:0m:0s left)
Iteration 640 / LogL: -5616.257 / Time: 0h:0m:5s (0h:0m:0s left)
Iteration 650 / LogL: -5616.265 / Time: 0h:0m:5s (0h:0m:0s left)
Log-likelihood cutoff on original alignment: -5645.340
Iteration 660 / LogL: -5616.273 / Time: 0h:0m:5s (0h:0m:0s left)
Iteration 670 / LogL: -5616.266 / Time: 0h:0m:5s (0h:0m:0s left)
Iteration 680 / LogL: -5616.261 / Time: 0h:0m:6s (0h:0m:0s left)
Iteration 690 / LogL: -5616.257 / Time: 0h:0m:6s (0h:0m:0s left)
Iteration 700 / LogL: -5616.280 / Time: 0h:0m:6s (0h:0m:0s left)
Log-likelihood cutoff on original alignment: -5644.435
NOTE: Bootstrap correlation coefficient of split occurrence frequencies: 0.967
NOTE: UFBoot does not converge, continue at least 100 more iterations
Iteration 710 / LogL: -5616.265 / Time: 0h:0m:6s (0h:0m:0s left)
Iteration 720 / LogL: -5616.262 / Time: 0h:0m:6s (0h:0m:0s left)
Iteration 730 / LogL: -5616.275 / Time: 0h:0m:6s (0h:0m:0s left)
Iteration 740 / LogL: -5616.266 / Time: 0h:0m:6s (0h:0m:0s left)
Iteration 750 / LogL: -5616.257 / Time: 0h:0m:6s (0h:0m:0s left)
Log-likelihood cutoff on original alignment: -5644.435
Iteration 760 / LogL: -5616.257 / Time: 0h:0m:7s (0h:0m:0s left)
Iteration 770 / LogL: -5616.265 / Time: 0h:0m:7s (0h:0m:0s left)
Iteration 780 / LogL: -5666.469 / Time: 0h:0m:7s (0h:0m:0s left)
Iteration 790 / LogL: -5616.257 / Time: 0h:0m:7s (0h:0m:0s left)
Iteration 800 / LogL: -5616.257 / Time: 0h:0m:7s (0h:0m:0s left)
Log-likelihood cutoff on original alignment: -5644.386
NOTE: Bootstrap correlation coefficient of split occurrence frequencies: 0.976
NOTE: UFBoot does not converge, continue at least 100 more iterations
Iteration 810 / LogL: -5616.257 / Time: 0h:0m:7s (0h:0m:0s left)
Iteration 820 / LogL: -5619.186 / Time: 0h:0m:7s (0h:0m:0s left)
Iteration 830 / LogL: -5616.257 / Time: 0h:0m:7s (0h:0m:0s left)
Iteration 840 / LogL: -5616.257 / Time: 0h:0m:7s (0h:0m:0s left)
Iteration 850 / LogL: -5616.257 / Time: 0h:0m:8s (0h:0m:0s left)
Log-likelihood cutoff on original alignment: -5644.386
Iteration 860 / LogL: -5616.262 / Time: 0h:0m:8s (0h:0m:0s left)
Iteration 870 / LogL: -5616.268 / Time: 0h:0m:8s (0h:0m:0s left)
Iteration 880 / LogL: -5616.257 / Time: 0h:0m:8s (0h:0m:0s left)
Iteration 890 / LogL: -5616.257 / Time: 0h:0m:8s (0h:0m:0s left)
Iteration 900 / LogL: -5616.270 / Time: 0h:0m:8s (0h:0m:0s left)
Log-likelihood cutoff on original alignment: -5644.386
NOTE: Bootstrap correlation coefficient of split occurrence frequencies: 0.978
NOTE: UFBoot does not converge, continue at least 100 more iterations
Iteration 910 / LogL: -5619.195 / Time: 0h:0m:8s (0h:0m:0s left)
Iteration 920 / LogL: -5616.257 / Time: 0h:0m:8s (0h:0m:0s left)
Iteration 930 / LogL: -5616.257 / Time: 0h:0m:9s (0h:0m:0s left)
Iteration 940 / LogL: -5616.273 / Time: 0h:0m:9s (0h:0m:0s left)
Iteration 950 / LogL: -5616.260 / Time: 0h:0m:9s (0h:0m:0s left)
Log-likelihood cutoff on original alignment: -5644.386
Iteration 960 / LogL: -5616.257 / Time: 0h:0m:9s (0h:0m:0s left)
Iteration 970 / LogL: -5616.257 / Time: 0h:0m:9s (0h:0m:0s left)
Iteration 980 / LogL: -5616.276 / Time: 0h:0m:9s (0h:0m:0s left)
Iteration 990 / LogL: -5616.257 / Time: 0h:0m:9s (0h:0m:0s left)
Iteration 1000 / LogL: -5616.257 / Time: 0h:0m:9s (0h:0m:0s left)
Log-likelihood cutoff on original alignment: -5644.433
NOTE: Bootstrap correlation coefficient of split occurrence frequencies: 0.988
NOTE: UFBoot does not converge, continue at least 100 more iterations
WARNING: bootstrap analysis did not converge. You should rerun with higher number of iterations (-nm option)
TREE SEARCH COMPLETED AFTER 1001 ITERATIONS / Time: 0h:0m:9s

--------------------------------------------------------------------
|                    FINALIZING TREE SEARCH                        |
--------------------------------------------------------------------
Performs final model parameters optimization
Estimate model parameters (epsilon = 0.010)
1. Initial log-likelihood: -5616.257
Optimal log-likelihood: -5616.257
Rate parameters:  A-C: 1.00000  A-G: 3.24739  A-T: 1.00000  C-G: 1.00000  C-T: 3.24739  G-T: 1.00000
Base frequencies:  A: 0.218  C: 0.288  G: 0.298  T: 0.196
Parameters optimization took 1 rounds (0.000 sec)
BEST SCORE FOUND : -5616.257
Creating bootstrap support values...
Split supports printed to NEXUS file 41759at7898.fltrd_aligned.fas.splits.nex
Total tree length: 0.187

Total number of iterations: 1001
CPU time used for tree search: 9.780 sec (0h:0m:9s)
Wall-clock time used for tree search: 9.960 sec (0h:0m:9s)
Total CPU time used: 9.833 sec (0h:0m:9s)
Total wall-clock time used: 10.021 sec (0h:0m:10s)

Computing bootstrap consensus tree...
Reading input file 41759at7898.fltrd_aligned.fas.splits.nex...
16 taxa and 217 splits.
Consensus tree written to 41759at7898.fltrd_aligned.fas.contree
Reading input trees file 41759at7898.fltrd_aligned.fas.contree
Log-likelihood of consensus tree: -5616.314

Analysis results written to: 
  IQ-TREE report:                41759at7898.fltrd_aligned.fas.iqtree
  Maximum-likelihood tree:       41759at7898.fltrd_aligned.fas.treefile
  Likelihood distances:          41759at7898.fltrd_aligned.fas.mldist

Ultrafast bootstrap approximation results written to:
  Split support values:          41759at7898.fltrd_aligned.fas.splits.nex
  Consensus tree:                41759at7898.fltrd_aligned.fas.contree
  Screen log file:               41759at7898.fltrd_aligned.fas.log

Date and Time: Tue Dec  2 14:50:18 2025
