IQ-TREE multicore version 2.1.3 COVID-edition for Linux 64-bit built Apr 21 2021
Developed by Bui Quang Minh, James Barbetti, Nguyen Lam Tung,
Olga Chernomor, Heiko Schmidt, Dominik Schrempf, Michael Woodhams.

Host:    gombessa.rcs.alaska.edu (AVX2, FMA3, 503 GB RAM)
Command: /export/scratch/tsvanorden/Char_Phylogenetics/src/iqtree-2.1.3-Linux/bin/iqtree2 -s 116829at7898.fltrd_aligned.fas -m MFP -bb 1000 -T 1
Seed:    717829 (Using SPRNG - Scalable Parallel Random Number Generator)
Time:    Tue Dec  2 14:49:23 2025
Kernel:  AVX+FMA - 1 threads (1 CPU cores detected)

Reading alignment file 116829at7898.fltrd_aligned.fas ... Fasta format detected
Alignment most likely contains DNA/RNA sequences
Alignment has 20 sequences with 576 columns, 14 distinct patterns
3 parsimony-informative, 10 singleton sites, 563 constant sites
                                Gap/Ambiguity  Composition  p-value
   1  251140_Ward_Creek                 0.00%    passed     99.90%
   2  260512_Pybus_Point                0.00%    passed     99.90%
   3  261935_Kenai_River                0.00%    passed     99.90%
   4  353213_Cropley_Lake               0.00%    passed     99.90%
   5  353219_Peterson_Creek             0.00%    passed     99.90%
   6  353220_Fish_Creek                 0.00%    passed     99.90%
   7  353246_Cottonwood_Creek           0.00%    passed     99.95%
   8  353379_Skagit_River               0.00%    passed     99.97%
   9  353381_Dungeness_River            0.00%    passed     99.90%
  10  353401_Peace_River                0.00%    passed     99.97%
  11  353407_Noatok                     0.00%    passed     99.98%
  12  353410_Horizon_Lake               0.00%    passed     99.97%
  13  92319_Little_Lost                 0.00%    passed     99.97%
  14  94280_St_Joe                      0.00%    passed     99.97%
  15  GCA016432855_Lake_Trout           0.00%    passed     99.68%
  16  GCA036784925_Maine_S_alpinus      0.00%    passed     99.97%
  17  GCA045679555_Iceland_A_alpinus    0.00%    passed     99.97%
  18  GCF013265735_Rainbow_Trout        0.00%    passed     99.56%
  19  GCF029448725_Brook_Trout          0.00%    passed     99.98%
  20  Methow_River_99895                0.00%    passed     99.97%
****  TOTAL                             0.00%  0 sequences failed composition chi2 test (p-value<5%; df=3)
NOTE: 260512_Pybus_Point is identical to 251140_Ward_Creek but kept for subsequent analysis
NOTE: 353401_Peace_River is identical to 353379_Skagit_River but kept for subsequent analysis
NOTE: 11 identical sequences (see below) will be ignored for subsequent analysis
NOTE: 261935_Kenai_River (identical to 251140_Ward_Creek) is ignored but added at the end
NOTE: 353213_Cropley_Lake (identical to 251140_Ward_Creek) is ignored but added at the end
NOTE: 353219_Peterson_Creek (identical to 251140_Ward_Creek) is ignored but added at the end
NOTE: 353220_Fish_Creek (identical to 251140_Ward_Creek) is ignored but added at the end
NOTE: 353381_Dungeness_River (identical to 251140_Ward_Creek) is ignored but added at the end
NOTE: 353410_Horizon_Lake (identical to 353379_Skagit_River) is ignored but added at the end
NOTE: 92319_Little_Lost (identical to 353379_Skagit_River) is ignored but added at the end
NOTE: 94280_St_Joe (identical to 353379_Skagit_River) is ignored but added at the end
NOTE: GCA036784925_Maine_S_alpinus (identical to 353379_Skagit_River) is ignored but added at the end
NOTE: GCA045679555_Iceland_A_alpinus (identical to 353379_Skagit_River) is ignored but added at the end
NOTE: Methow_River_99895 (identical to 353379_Skagit_River) is ignored but added at the end
Alignment was printed to 116829at7898.fltrd_aligned.fas.uniqueseq.phy

For your convenience alignment with unique sequences printed to 116829at7898.fltrd_aligned.fas.uniqueseq.phy


Create initial parsimony tree by phylogenetic likelihood library (PLL)... 0.000 seconds
Perform fast likelihood tree search using GTR+I+G model...
Estimate model parameters (epsilon = 5.000)
Perform nearest neighbor interchange...
Estimate model parameters (epsilon = 1.000)
1. Initial log-likelihood: -891.207
Optimal log-likelihood: -891.191
Rate parameters:  A-C: 1.67121  A-G: 3.09351  A-T: 0.00010  C-G: 1.62054  C-T: 3.88879  G-T: 1.00000
Base frequencies:  A: 0.274  C: 0.201  G: 0.287  T: 0.237
Proportion of invariable sites: 0.489
Gamma shape alpha: 0.152
Parameters optimization took 1 rounds (0.001 sec)
Time for fast ML tree search: 0.003 seconds

NOTE: ModelFinder requires 0 MB RAM!
ModelFinder will test up to 286 DNA models (sample size: 576) ...
 No. Model         -LnL         df  AIC          AICc         BIC
  1  GTR+F         892.287      23  1830.575     1832.575     1930.765
  2  GTR+F+I       891.173      24  1830.346     1832.524     1934.892
  3  GTR+F+G4      891.299      24  1830.599     1832.777     1935.145
  4  GTR+F+I+G4    891.179      25  1832.358     1834.722     1941.261
  5  GTR+F+R2      891.953      25  1833.905     1836.269     1942.808
  6  GTR+F+R3      891.807      27  1837.614     1840.374     1955.229
 14  SYM           897.429      20  1834.859     1836.372     1921.981
 15  SYM+I         896.301      21  1834.601     1836.269     1926.079
 16  SYM+G4        896.434      21  1834.869     1836.536     1926.347
 27  TVM+F         892.351      22  1828.702     1830.532     1924.537
 28  TVM+F+I       891.246      23  1828.492     1830.492     1928.683
 29  TVM+F+G4      891.370      23  1828.741     1830.741     1928.931
 40  TVMe          897.419      19  1832.837     1834.204     1915.603
 41  TVMe+I        896.295      20  1832.591     1834.104     1919.713
 42  TVMe+G4       896.429      20  1832.857     1834.371     1919.979
 53  TIM3+F        892.890      21  1827.780     1829.448     1919.258
 54  TIM3+F+I      891.746      22  1827.491     1829.321     1923.326
 55  TIM3+F+G4     891.892      22  1827.784     1829.614     1923.619
 66  TIM3e         898.068      18  1832.136     1833.364     1910.546
 67  TIM3e+I       896.912      19  1831.823     1833.190     1914.589
 68  TIM3e+G4      897.064      19  1832.128     1833.495     1914.894
 79  TIM2+F        894.032      21  1830.065     1831.732     1921.543
 80  TIM2+F+I      892.763      22  1829.526     1831.356     1925.360
 81  TIM2+F+G4     892.979      22  1829.957     1831.787     1925.792
 92  TIM2e         899.047      18  1834.094     1835.322     1912.503
 93  TIM2e+I       897.772      19  1833.543     1834.910     1916.309
 94  TIM2e+G4      897.990      19  1833.980     1835.347     1916.746
105  TIM+F         894.018      21  1830.037     1831.704     1921.515
106  TIM+F+I       892.771      22  1829.543     1831.373     1925.377
107  TIM+F+G4      892.974      22  1829.949     1831.779     1925.783
118  TIMe          899.037      18  1834.075     1835.303     1912.485
119  TIMe+I        897.786      19  1833.571     1834.938     1916.338
120  TIMe+G4       897.990      19  1833.980     1835.347     1916.746
131  TPM3u+F       892.978      20  1825.955     1827.469     1913.077
132  TPM3u+F+I     891.845      21  1825.691     1827.359     1917.169
133  TPM3u+F+G4    891.985      21  1825.970     1827.638     1917.448
144  TPM3+F        892.978      20  1825.955     1827.469     1913.077
145  TPM3+F+I      891.845      21  1825.691     1827.359     1917.169
146  TPM3+F+G4     891.985      21  1825.970     1827.638     1917.448
157  TPM2u+F       894.119      20  1828.239     1829.752     1915.361
158  TPM2u+F+I     892.865      21  1827.730     1829.397     1919.208
159  TPM2u+F+G4    893.071      21  1828.143     1829.811     1919.621
170  TPM2+F        894.119      20  1828.239     1829.752     1915.361
171  TPM2+F+I      892.865      21  1827.730     1829.397     1919.208
172  TPM2+F+G4     893.071      21  1828.143     1829.811     1919.621
183  K3Pu+F        894.105      20  1828.210     1829.724     1915.332
184  K3Pu+F+I      892.875      21  1827.750     1829.418     1919.229
185  K3Pu+F+G4     893.068      21  1828.137     1829.804     1919.615
196  K3P           899.039      17  1832.077     1833.174     1906.131
197  K3P+I         897.789      18  1831.578     1832.806     1909.988
198  K3P+G4        897.993      18  1831.985     1833.213     1910.395
209  TN+F          894.114      20  1828.229     1829.742     1915.351
210  TN+F+I        892.843      21  1827.685     1829.353     1919.164
211  TN+F+G4       893.060      21  1828.121     1829.789     1919.599
222  TNe           899.135      17  1832.271     1833.368     1906.325
223  TNe+I         897.858      18  1831.717     1832.945     1910.127
224  TNe+G4        898.079      18  1832.158     1833.386     1910.568
235  HKY+F         894.200      19  1826.401     1827.768     1909.167
236  HKY+F+I       892.948      20  1825.895     1827.409     1913.017
237  HKY+F+G4      893.153      20  1826.306     1827.820     1913.428
248  K2P           899.136      16  1830.272     1831.245     1899.969
249  K2P+I         897.864      17  1829.727     1830.824     1903.781
250  K2P+G4        898.080      17  1830.160     1831.257     1904.214
261  F81+F         896.870      18  1829.739     1830.967     1908.149
262  F81+F+I       895.582      19  1829.165     1830.532     1911.931
263  F81+F+G4      895.808      19  1829.616     1830.983     1912.382
274  JC            901.924      15  1833.848     1834.705     1899.189
275  JC+I          900.636      16  1833.272     1834.245     1902.969
276  JC+G4         900.862      16  1833.724     1834.697     1903.422
Akaike Information Criterion:           TPM3u+F+I
Corrected Akaike Information Criterion: TPM3u+F+I
Bayesian Information Criterion:         JC
Best-fit model: JC chosen according to BIC

All model information printed to 116829at7898.fltrd_aligned.fas.model.gz
CPU time for ModelFinder: 0.072 seconds (0h:0m:0s)
Wall-clock time for ModelFinder: 0.075 seconds (0h:0m:0s)
Generating 1000 samples for ultrafast bootstrap (seed: 717829)...

NOTE: 0 MB RAM (0 GB) is required!
Estimate model parameters (epsilon = 0.100)
1. Initial log-likelihood: -901.924
Optimal log-likelihood: -901.924
Rate parameters:  A-C: 1.00000  A-G: 1.00000  A-T: 1.00000  C-G: 1.00000  C-T: 1.00000  G-T: 1.00000
Base frequencies:  A: 0.250  C: 0.250  G: 0.250  T: 0.250
Parameters optimization took 1 rounds (0.000 sec)
Computing ML distances based on estimated model parameters...
Computing ML distances took 0.001625 sec (of wall-clock time) 0.000101 sec(of CPU time)
Computing RapidNJ tree took 0.000030 sec (of wall-clock time) 0.000028 sec (of CPU time)
Log-likelihood of RapidNJ tree: -901.932
--------------------------------------------------------------------
|             INITIALIZING CANDIDATE TREE SET                      |
--------------------------------------------------------------------
Generating 98 parsimony trees... 0.010 second
Computing log-likelihood of 98 initial trees ... 0.008 seconds
Current best score: -901.924

Do NNI search on 20 best initial trees
Estimate model parameters (epsilon = 0.100)
BETTER TREE FOUND at iteration 1: -901.924
BETTER TREE FOUND at iteration 4: -901.924
Iteration 10 / LogL: -901.924 / Time: 0h:0m:0s
Iteration 20 / LogL: -901.924 / Time: 0h:0m:0s
Finish initializing candidate tree set (16)
Current best tree score: -901.924 / CPU time: 0.058
Number of iterations: 20
--------------------------------------------------------------------
|               OPTIMIZING CANDIDATE TREE SET                      |
--------------------------------------------------------------------
BETTER TREE FOUND at iteration 25: -901.924
Iteration 30 / LogL: -901.926 / Time: 0h:0m:0s (0h:0m:0s left)
Iteration 40 / LogL: -901.924 / Time: 0h:0m:0s (0h:0m:0s left)
Iteration 50 / LogL: -914.665 / Time: 0h:0m:0s (0h:0m:0s left)
Log-likelihood cutoff on original alignment: -928.977
Iteration 60 / LogL: -901.925 / Time: 0h:0m:0s (0h:0m:0s left)
Iteration 70 / LogL: -901.926 / Time: 0h:0m:0s (0h:0m:0s left)
UPDATE BEST LOG-LIKELIHOOD: -901.924
Iteration 80 / LogL: -901.924 / Time: 0h:0m:0s (0h:0m:0s left)
Iteration 90 / LogL: -901.924 / Time: 0h:0m:0s (0h:0m:0s left)
Iteration 100 / LogL: -901.924 / Time: 0h:0m:0s (0h:0m:0s left)
Log-likelihood cutoff on original alignment: -929.753
NOTE: Bootstrap correlation coefficient of split occurrence frequencies: 0.911
NOTE: UFBoot does not converge, continue at least 100 more iterations
Iteration 110 / LogL: -908.467 / Time: 0h:0m:0s (0h:0m:0s left)
Iteration 120 / LogL: -901.924 / Time: 0h:0m:0s (0h:0m:0s left)
Iteration 130 / LogL: -901.924 / Time: 0h:0m:0s (0h:0m:0s left)
Iteration 140 / LogL: -901.924 / Time: 0h:0m:0s (0h:0m:0s left)
Iteration 150 / LogL: -901.924 / Time: 0h:0m:0s (0h:0m:0s left)
Log-likelihood cutoff on original alignment: -929.753
Iteration 160 / LogL: -901.924 / Time: 0h:0m:0s (0h:0m:0s left)
Iteration 170 / LogL: -901.925 / Time: 0h:0m:0s (0h:0m:0s left)
Iteration 180 / LogL: -901.924 / Time: 0h:0m:0s (0h:0m:0s left)
Iteration 190 / LogL: -901.924 / Time: 0h:0m:0s (0h:0m:0s left)
Iteration 200 / LogL: -901.924 / Time: 0h:0m:0s (0h:0m:0s left)
Log-likelihood cutoff on original alignment: -929.753
NOTE: Bootstrap correlation coefficient of split occurrence frequencies: 0.942
NOTE: UFBoot does not converge, continue at least 100 more iterations
Iteration 210 / LogL: -901.924 / Time: 0h:0m:0s (0h:0m:0s left)
Iteration 220 / LogL: -901.924 / Time: 0h:0m:0s (0h:0m:0s left)
Iteration 230 / LogL: -901.924 / Time: 0h:0m:1s (0h:0m:0s left)
Iteration 240 / LogL: -901.926 / Time: 0h:0m:1s (0h:0m:0s left)
Iteration 250 / LogL: -901.924 / Time: 0h:0m:1s (0h:0m:0s left)
Log-likelihood cutoff on original alignment: -929.753
Iteration 260 / LogL: -901.924 / Time: 0h:0m:1s (0h:0m:0s left)
Iteration 270 / LogL: -901.924 / Time: 0h:0m:1s (0h:0m:0s left)
Iteration 280 / LogL: -901.924 / Time: 0h:0m:1s (0h:0m:0s left)
Iteration 290 / LogL: -914.665 / Time: 0h:0m:1s (0h:0m:0s left)
Iteration 300 / LogL: -901.924 / Time: 0h:0m:1s (0h:0m:0s left)
Log-likelihood cutoff on original alignment: -929.753
NOTE: Bootstrap correlation coefficient of split occurrence frequencies: 0.972
NOTE: UFBoot does not converge, continue at least 100 more iterations
Iteration 310 / LogL: -901.924 / Time: 0h:0m:1s (0h:0m:0s left)
Iteration 320 / LogL: -901.925 / Time: 0h:0m:1s (0h:0m:0s left)
Iteration 330 / LogL: -901.924 / Time: 0h:0m:1s (0h:0m:0s left)
Iteration 340 / LogL: -901.924 / Time: 0h:0m:1s (0h:0m:0s left)
Iteration 350 / LogL: -901.924 / Time: 0h:0m:1s (0h:0m:0s left)
Log-likelihood cutoff on original alignment: -929.753
Iteration 360 / LogL: -901.924 / Time: 0h:0m:1s (0h:0m:0s left)
Iteration 370 / LogL: -901.924 / Time: 0h:0m:1s (0h:0m:0s left)
Iteration 380 / LogL: -901.924 / Time: 0h:0m:1s (0h:0m:0s left)
Iteration 390 / LogL: -901.925 / Time: 0h:0m:1s (0h:0m:0s left)
Iteration 400 / LogL: -901.924 / Time: 0h:0m:1s (0h:0m:0s left)
Log-likelihood cutoff on original alignment: -929.753
NOTE: Bootstrap correlation coefficient of split occurrence frequencies: 0.955
NOTE: UFBoot does not converge, continue at least 100 more iterations
Iteration 410 / LogL: -901.926 / Time: 0h:0m:1s (0h:0m:0s left)
Iteration 420 / LogL: -901.924 / Time: 0h:0m:1s (0h:0m:0s left)
Iteration 430 / LogL: -901.924 / Time: 0h:0m:1s (0h:0m:0s left)
Iteration 440 / LogL: -901.924 / Time: 0h:0m:1s (0h:0m:0s left)
Iteration 450 / LogL: -901.924 / Time: 0h:0m:1s (0h:0m:0s left)
Log-likelihood cutoff on original alignment: -929.753
Iteration 460 / LogL: -901.924 / Time: 0h:0m:2s (0h:0m:0s left)
Iteration 470 / LogL: -901.924 / Time: 0h:0m:2s (0h:0m:0s left)
Iteration 480 / LogL: -901.924 / Time: 0h:0m:2s (0h:0m:0s left)
Iteration 490 / LogL: -908.467 / Time: 0h:0m:2s (0h:0m:0s left)
Iteration 500 / LogL: -901.926 / Time: 0h:0m:2s (0h:0m:0s left)
Log-likelihood cutoff on original alignment: -931.140
NOTE: Bootstrap correlation coefficient of split occurrence frequencies: 0.941
NOTE: UFBoot does not converge, continue at least 100 more iterations
Iteration 510 / LogL: -901.924 / Time: 0h:0m:2s (0h:0m:0s left)
Iteration 520 / LogL: -901.924 / Time: 0h:0m:2s (0h:0m:0s left)
Iteration 530 / LogL: -901.926 / Time: 0h:0m:2s (0h:0m:0s left)
Iteration 540 / LogL: -901.924 / Time: 0h:0m:2s (0h:0m:0s left)
Iteration 550 / LogL: -901.924 / Time: 0h:0m:2s (0h:0m:0s left)
Log-likelihood cutoff on original alignment: -931.143
Iteration 560 / LogL: -901.924 / Time: 0h:0m:2s (0h:0m:0s left)
Iteration 570 / LogL: -910.374 / Time: 0h:0m:2s (0h:0m:0s left)
Iteration 580 / LogL: -901.925 / Time: 0h:0m:2s (0h:0m:0s left)
Iteration 590 / LogL: -901.924 / Time: 0h:0m:2s (0h:0m:0s left)
Iteration 600 / LogL: -901.924 / Time: 0h:0m:2s (0h:0m:0s left)
Log-likelihood cutoff on original alignment: -931.143
NOTE: Bootstrap correlation coefficient of split occurrence frequencies: 0.951
NOTE: UFBoot does not converge, continue at least 100 more iterations
Iteration 610 / LogL: -901.924 / Time: 0h:0m:2s (0h:0m:0s left)
Iteration 620 / LogL: -901.925 / Time: 0h:0m:2s (0h:0m:0s left)
Iteration 630 / LogL: -901.924 / Time: 0h:0m:2s (0h:0m:0s left)
Iteration 640 / LogL: -901.924 / Time: 0h:0m:2s (0h:0m:0s left)
Iteration 650 / LogL: -901.924 / Time: 0h:0m:2s (0h:0m:0s left)
Log-likelihood cutoff on original alignment: -931.143
Iteration 660 / LogL: -901.924 / Time: 0h:0m:2s (0h:0m:0s left)
Iteration 670 / LogL: -910.375 / Time: 0h:0m:3s (0h:0m:0s left)
Iteration 680 / LogL: -901.924 / Time: 0h:0m:3s (0h:0m:0s left)
Iteration 690 / LogL: -901.924 / Time: 0h:0m:3s (0h:0m:0s left)
Iteration 700 / LogL: -901.926 / Time: 0h:0m:3s (0h:0m:0s left)
Log-likelihood cutoff on original alignment: -931.143
NOTE: Bootstrap correlation coefficient of split occurrence frequencies: 0.943
NOTE: UFBoot does not converge, continue at least 100 more iterations
Iteration 710 / LogL: -901.924 / Time: 0h:0m:3s (0h:0m:0s left)
Iteration 720 / LogL: -914.665 / Time: 0h:0m:3s (0h:0m:0s left)
Iteration 730 / LogL: -901.924 / Time: 0h:0m:3s (0h:0m:0s left)
Iteration 740 / LogL: -901.926 / Time: 0h:0m:3s (0h:0m:0s left)
Iteration 750 / LogL: -901.925 / Time: 0h:0m:3s (0h:0m:0s left)
Log-likelihood cutoff on original alignment: -931.143
Iteration 760 / LogL: -901.924 / Time: 0h:0m:3s (0h:0m:0s left)
Iteration 770 / LogL: -901.924 / Time: 0h:0m:3s (0h:0m:0s left)
Iteration 780 / LogL: -901.924 / Time: 0h:0m:3s (0h:0m:0s left)
Iteration 790 / LogL: -908.466 / Time: 0h:0m:3s (0h:0m:0s left)
Iteration 800 / LogL: -901.925 / Time: 0h:0m:3s (0h:0m:0s left)
Log-likelihood cutoff on original alignment: -931.143
NOTE: Bootstrap correlation coefficient of split occurrence frequencies: 0.970
NOTE: UFBoot does not converge, continue at least 100 more iterations
Iteration 810 / LogL: -901.925 / Time: 0h:0m:3s (0h:0m:0s left)
Iteration 820 / LogL: -901.924 / Time: 0h:0m:3s (0h:0m:0s left)
Iteration 830 / LogL: -901.924 / Time: 0h:0m:3s (0h:0m:0s left)
Iteration 840 / LogL: -901.924 / Time: 0h:0m:3s (0h:0m:0s left)
Iteration 850 / LogL: -901.924 / Time: 0h:0m:3s (0h:0m:0s left)
Log-likelihood cutoff on original alignment: -931.143
Iteration 860 / LogL: -901.925 / Time: 0h:0m:3s (0h:0m:0s left)
Iteration 870 / LogL: -901.924 / Time: 0h:0m:4s (0h:0m:0s left)
Iteration 880 / LogL: -901.924 / Time: 0h:0m:4s (0h:0m:0s left)
Iteration 890 / LogL: -901.926 / Time: 0h:0m:4s (0h:0m:0s left)
Iteration 900 / LogL: -901.924 / Time: 0h:0m:4s (0h:0m:0s left)
Log-likelihood cutoff on original alignment: -931.143
NOTE: Bootstrap correlation coefficient of split occurrence frequencies: 0.955
NOTE: UFBoot does not converge, continue at least 100 more iterations
Iteration 910 / LogL: -901.924 / Time: 0h:0m:4s (0h:0m:0s left)
Iteration 920 / LogL: -901.925 / Time: 0h:0m:4s (0h:0m:0s left)
Iteration 930 / LogL: -901.926 / Time: 0h:0m:4s (0h:0m:0s left)
Iteration 940 / LogL: -901.926 / Time: 0h:0m:4s (0h:0m:0s left)
Iteration 950 / LogL: -901.924 / Time: 0h:0m:4s (0h:0m:0s left)
Log-likelihood cutoff on original alignment: -931.143
Iteration 960 / LogL: -901.924 / Time: 0h:0m:4s (0h:0m:0s left)
Iteration 970 / LogL: -901.926 / Time: 0h:0m:4s (0h:0m:0s left)
Iteration 980 / LogL: -901.926 / Time: 0h:0m:4s (0h:0m:0s left)
Iteration 990 / LogL: -901.924 / Time: 0h:0m:4s (0h:0m:0s left)
Iteration 1000 / LogL: -901.924 / Time: 0h:0m:4s (0h:0m:0s left)
Log-likelihood cutoff on original alignment: -931.143
NOTE: Bootstrap correlation coefficient of split occurrence frequencies: 0.935
NOTE: UFBoot does not converge, continue at least 100 more iterations
WARNING: bootstrap analysis did not converge. You should rerun with higher number of iterations (-nm option)
TREE SEARCH COMPLETED AFTER 1001 ITERATIONS / Time: 0h:0m:4s

--------------------------------------------------------------------
|                    FINALIZING TREE SEARCH                        |
--------------------------------------------------------------------
Performs final model parameters optimization
Estimate model parameters (epsilon = 0.010)
1. Initial log-likelihood: -901.924
Optimal log-likelihood: -901.924
Rate parameters:  A-C: 1.00000  A-G: 1.00000  A-T: 1.00000  C-G: 1.00000  C-T: 1.00000  G-T: 1.00000
Base frequencies:  A: 0.250  C: 0.250  G: 0.250  T: 0.250
Parameters optimization took 1 rounds (0.000 sec)
BEST SCORE FOUND : -901.924
Creating bootstrap support values...
Split supports printed to NEXUS file 116829at7898.fltrd_aligned.fas.splits.nex
Total tree length: 0.024

Total number of iterations: 1001
CPU time used for tree search: 4.680 sec (0h:0m:4s)
Wall-clock time used for tree search: 4.815 sec (0h:0m:4s)
Total CPU time used: 4.708 sec (0h:0m:4s)
Total wall-clock time used: 4.855 sec (0h:0m:4s)

Computing bootstrap consensus tree...
Reading input file 116829at7898.fltrd_aligned.fas.splits.nex...
9 taxa and 90 splits.
Consensus tree written to 116829at7898.fltrd_aligned.fas.contree
Reading input trees file 116829at7898.fltrd_aligned.fas.contree
Log-likelihood of consensus tree: -901.933

Analysis results written to: 
  IQ-TREE report:                116829at7898.fltrd_aligned.fas.iqtree
  Maximum-likelihood tree:       116829at7898.fltrd_aligned.fas.treefile
  Likelihood distances:          116829at7898.fltrd_aligned.fas.mldist

Ultrafast bootstrap approximation results written to:
  Split support values:          116829at7898.fltrd_aligned.fas.splits.nex
  Consensus tree:                116829at7898.fltrd_aligned.fas.contree
  Screen log file:               116829at7898.fltrd_aligned.fas.log

Date and Time: Tue Dec  2 14:49:28 2025
