IQ-TREE multicore version 2.1.3 COVID-edition for Linux 64-bit built Apr 21 2021
Developed by Bui Quang Minh, James Barbetti, Nguyen Lam Tung,
Olga Chernomor, Heiko Schmidt, Dominik Schrempf, Michael Woodhams.

Host:    gombessa.rcs.alaska.edu (AVX2, FMA3, 503 GB RAM)
Command: /export/scratch/tsvanorden/Char_Phylogenetics/src/iqtree-2.1.3-Linux/bin/iqtree2 -s 80799at7898.fltrd_aligned.fas -m MFP -bb 1000 -T 1
Seed:    469838 (Using SPRNG - Scalable Parallel Random Number Generator)
Time:    Tue Dec  2 14:49:38 2025
Kernel:  AVX+FMA - 1 threads (1 CPU cores detected)

Reading alignment file 80799at7898.fltrd_aligned.fas ... Fasta format detected
Alignment most likely contains DNA/RNA sequences
Alignment has 20 sequences with 1008 columns, 52 distinct patterns
10 parsimony-informative, 59 singleton sites, 939 constant sites
                                Gap/Ambiguity  Composition  p-value
   1  251140_Ward_Creek                 0.00%    passed     99.95%
   2  260512_Pybus_Point                0.00%    passed     99.95%
   3  261935_Kenai_River                6.55%    passed     98.71%
   4  353213_Cropley_Lake               0.00%    passed     99.95%
   5  353219_Peterson_Creek             0.00%    passed     99.95%
   6  353220_Fish_Creek                 0.00%    passed     99.96%
   7  353246_Cottonwood_Creek           0.00%    passed     99.95%
   8  353379_Skagit_River               0.00%    passed    100.00%
   9  353381_Dungeness_River           13.10%    passed     86.94%
  10  353401_Peace_River                0.00%    passed    100.00%
  11  353407_Noatok                     0.00%    passed    100.00%
  12  353410_Horizon_Lake               0.00%    passed    100.00%
  13  92319_Little_Lost                15.48%    passed     85.86%
  14  94280_St_Joe                      0.00%    passed    100.00%
  15  GCA016432855_Lake_Trout           0.00%    passed     99.96%
  16  GCA036784925_Maine_S_alpinus      0.00%    passed     99.86%
  17  GCA045679555_Iceland_A_alpinus    0.00%    passed     99.95%
  18  GCF013265735_Rainbow_Trout        0.00%    passed     96.73%
  19  GCF029448725_Brook_Trout          0.00%    passed     99.88%
  20  Methow_River_99895                0.00%    passed    100.00%
****  TOTAL                             1.76%  0 sequences failed composition chi2 test (p-value<5%; df=3)
NOTE: 260512_Pybus_Point is identical to 251140_Ward_Creek but kept for subsequent analysis
NOTE: 353401_Peace_River is identical to 353379_Skagit_River but kept for subsequent analysis
NOTE: 353410_Horizon_Lake is identical to 353407_Noatok but kept for subsequent analysis
NOTE: 6 identical sequences (see below) will be ignored for subsequent analysis
NOTE: 353213_Cropley_Lake (identical to 251140_Ward_Creek) is ignored but added at the end
NOTE: 353219_Peterson_Creek (identical to 251140_Ward_Creek) is ignored but added at the end
NOTE: 353246_Cottonwood_Creek (identical to 251140_Ward_Creek) is ignored but added at the end
NOTE: GCA045679555_Iceland_A_alpinus (identical to 251140_Ward_Creek) is ignored but added at the end
NOTE: 94280_St_Joe (identical to 353379_Skagit_River) is ignored but added at the end
NOTE: Methow_River_99895 (identical to 353379_Skagit_River) is ignored but added at the end
Alignment was printed to 80799at7898.fltrd_aligned.fas.uniqueseq.phy

For your convenience alignment with unique sequences printed to 80799at7898.fltrd_aligned.fas.uniqueseq.phy


Create initial parsimony tree by phylogenetic likelihood library (PLL)... 0.000 seconds
Perform fast likelihood tree search using GTR+I+G model...
Estimate model parameters (epsilon = 5.000)
Perform nearest neighbor interchange...
Estimate model parameters (epsilon = 1.000)
1. Initial log-likelihood: -1812.197
Optimal log-likelihood: -1812.197
Rate parameters:  A-C: 0.92073  A-G: 0.98693  A-T: 0.71746  C-G: 0.09680  C-T: 1.21658  G-T: 1.00000
Base frequencies:  A: 0.322  C: 0.204  G: 0.259  T: 0.216
Proportion of invariable sites: 0.466
Gamma shape alpha: 1.814
Parameters optimization took 1 rounds (0.001 sec)
Time for fast ML tree search: 0.007 seconds

NOTE: ModelFinder requires 0 MB RAM!
ModelFinder will test up to 286 DNA models (sample size: 1008) ...
 No. Model         -LnL         df  AIC          AICc         BIC
  1  GTR+F         1813.313     33  3692.625     3694.929     3854.844
  2  GTR+F+I       1812.181     34  3692.361     3694.807     3859.496
  3  GTR+F+G4      1812.194     34  3692.389     3694.835     3859.523
  4  GTR+F+I+G4    1812.196     35  3694.391     3696.984     3866.441
  5  GTR+F+R2      1812.653     35  3695.305     3697.898     3867.355
  6  GTR+F+R3      1812.490     37  3698.980     3701.879     3880.861
 14  SYM           1830.479     30  3720.959     3722.863     3868.431
 15  SYM+I         1829.281     31  3720.562     3722.595     3872.949
 16  SYM+G4        1829.294     31  3720.587     3722.620     3872.975
 27  TVM+F         1813.427     32  3690.853     3693.019     3848.156
 28  TVM+F+I       1812.311     33  3690.622     3692.926     3852.841
 29  TVM+F+G4      1812.328     33  3690.656     3692.960     3852.875
 40  TVMe          1830.543     29  3719.086     3720.865     3861.642
 41  TVMe+I        1829.342     30  3718.684     3720.588     3866.156
 42  TVMe+G4       1829.354     30  3718.707     3720.611     3866.179
 53  TIM3+F        1817.544     31  3697.089     3699.122     3849.476
 54  TIM3+F+I      1816.612     32  3697.225     3699.391     3854.528
 55  TIM3+F+G4     1816.624     32  3697.249     3699.415     3854.552
 66  TIM3e         1835.037     28  3726.074     3727.733     3863.714
 67  TIM3e+I       1834.088     29  3726.177     3727.956     3868.733
 68  TIM3e+G4      1834.101     29  3726.202     3727.981     3868.758
 79  TIM2+F        1817.735     31  3697.469     3699.502     3849.857
 80  TIM2+F+I      1816.827     32  3697.654     3699.820     3854.957
 81  TIM2+F+G4     1816.839     32  3697.679     3699.845     3854.982
 92  TIM2e         1835.030     28  3726.060     3727.719     3863.700
 93  TIM2e+I       1834.064     29  3726.127     3727.906     3868.683
 94  TIM2e+G4      1834.076     29  3726.153     3727.932     3868.709
105  TIM+F         1816.090     31  3694.180     3696.213     3846.567
106  TIM+F+I       1815.130     32  3694.260     3696.427     3851.564
107  TIM+F+G4      1815.144     32  3694.288     3696.454     3851.591
118  TIMe          1833.753     28  3723.506     3725.165     3861.146
119  TIMe+I        1832.743     29  3723.486     3725.265     3866.042
120  TIMe+G4       1832.759     29  3723.518     3725.297     3866.074
131  TPM3u+F       1817.658     30  3695.316     3697.220     3842.788
132  TPM3u+F+I     1816.735     31  3695.469     3697.502     3847.856
133  TPM3u+F+G4    1816.749     31  3695.498     3697.531     3847.885
144  TPM3+F        1817.658     30  3695.316     3697.220     3842.787
145  TPM3+F+I      1816.735     31  3695.469     3697.502     3847.856
146  TPM3+F+G4     1816.749     31  3695.498     3697.531     3847.885
157  TPM2u+F       1817.847     30  3695.695     3697.599     3843.166
158  TPM2u+F+I     1816.948     31  3695.895     3697.928     3848.283
159  TPM2u+F+G4    1816.963     31  3695.926     3697.958     3848.313
170  TPM2+F        1817.847     30  3695.695     3697.599     3843.166
171  TPM2+F+I      1816.948     31  3695.895     3697.928     3848.283
172  TPM2+F+G4     1816.963     31  3695.926     3697.958     3848.313
183  K3Pu+F        1816.205     30  3692.410     3694.314     3839.882
184  K3Pu+F+I      1815.257     31  3692.513     3694.546     3844.901
185  K3Pu+F+G4     1815.273     31  3692.546     3694.579     3844.934
196  K3P           1833.817     27  3721.634     3723.177     3854.359
197  K3P+I         1832.804     28  3721.609     3723.268     3859.249
198  K3P+G4        1832.818     28  3721.637     3723.296     3859.277
209  TN+F          1818.282     30  3696.564     3698.468     3844.036
210  TN+F+I        1817.398     31  3696.796     3698.829     3849.183
211  TN+F+G4       1817.411     31  3696.822     3698.854     3849.209
222  TNe           1835.913     27  3725.826     3727.369     3858.551
223  TNe+I         1835.004     28  3726.008     3727.667     3863.648
224  TNe+G4        1835.018     28  3726.036     3727.695     3863.676
235  HKY+F         1818.396     29  3694.791     3696.571     3837.347
236  HKY+F+I       1817.521     30  3695.042     3696.945     3842.513
237  HKY+F+G4      1817.536     30  3695.071     3696.975     3842.543
248  K2P           1835.978     26  3723.955     3725.386     3851.764
249  K2P+I         1835.068     27  3724.135     3725.678     3856.860
250  K2P+G4        1835.080     27  3724.160     3725.702     3856.884
261  F81+F         1819.616     28  3695.233     3696.891     3832.873
262  F81+F+I       1818.788     29  3695.577     3697.356     3838.133
263  F81+F+G4      1818.805     29  3695.610     3697.390     3838.166
274  JC            1837.495     25  3724.990     3726.314     3847.883
275  JC+I          1836.652     26  3725.304     3726.736     3853.113
276  JC+G4         1836.667     26  3725.334     3726.765     3853.143
Akaike Information Criterion:           TVM+F+I
Corrected Akaike Information Criterion: TVM+F+I
Bayesian Information Criterion:         F81+F
Best-fit model: F81+F chosen according to BIC

All model information printed to 80799at7898.fltrd_aligned.fas.model.gz
CPU time for ModelFinder: 0.108 seconds (0h:0m:0s)
Wall-clock time for ModelFinder: 0.111 seconds (0h:0m:0s)
Generating 1000 samples for ultrafast bootstrap (seed: 469838)...

NOTE: 0 MB RAM (0 GB) is required!
Estimate model parameters (epsilon = 0.100)
1. Initial log-likelihood: -1819.616
Optimal log-likelihood: -1819.616
Rate parameters:  A-C: 1.00000  A-G: 1.00000  A-T: 1.00000  C-G: 1.00000  C-T: 1.00000  G-T: 1.00000
Base frequencies:  A: 0.322  C: 0.204  G: 0.259  T: 0.216
Parameters optimization took 1 rounds (0.000 sec)
Computing ML distances based on estimated model parameters...
Computing ML distances took 0.000668 sec (of wall-clock time) 0.000653 sec(of CPU time)
Computing RapidNJ tree took 0.000038 sec (of wall-clock time) 0.000035 sec (of CPU time)
Log-likelihood of RapidNJ tree: -1826.055
--------------------------------------------------------------------
|             INITIALIZING CANDIDATE TREE SET                      |
--------------------------------------------------------------------
Generating 98 parsimony trees... 0.020 second
Computing log-likelihood of 98 initial trees ... 0.021 seconds
Current best score: -1819.616

Do NNI search on 20 best initial trees
Estimate model parameters (epsilon = 0.100)
BETTER TREE FOUND at iteration 1: -1819.615
BETTER TREE FOUND at iteration 4: -1819.615
Iteration 10 / LogL: -1819.615 / Time: 0h:0m:0s
Iteration 20 / LogL: -1819.618 / Time: 0h:0m:0s
Finish initializing candidate tree set (15)
Current best tree score: -1819.615 / CPU time: 0.119
Number of iterations: 20
--------------------------------------------------------------------
|               OPTIMIZING CANDIDATE TREE SET                      |
--------------------------------------------------------------------
BETTER TREE FOUND at iteration 24: -1819.615
UPDATE BEST LOG-LIKELIHOOD: -1819.614
Iteration 30 / LogL: -1819.614 / Time: 0h:0m:0s (0h:0m:0s left)
UPDATE BEST LOG-LIKELIHOOD: -1819.614
Iteration 40 / LogL: -1819.614 / Time: 0h:0m:0s (0h:0m:0s left)
UPDATE BEST LOG-LIKELIHOOD: -1819.614
UPDATE BEST LOG-LIKELIHOOD: -1819.614
Iteration 50 / LogL: -1819.614 / Time: 0h:0m:0s (0h:0m:0s left)
Log-likelihood cutoff on original alignment: -1854.380
Iteration 60 / LogL: -1819.614 / Time: 0h:0m:0s (0h:0m:0s left)
Iteration 70 / LogL: -1820.784 / Time: 0h:0m:0s (0h:0m:0s left)
Iteration 80 / LogL: -1819.615 / Time: 0h:0m:0s (0h:0m:0s left)
BETTER TREE FOUND at iteration 90: -1819.614
Iteration 90 / LogL: -1819.614 / Time: 0h:0m:0s (0h:0m:0s left)
UPDATE BEST LOG-LIKELIHOOD: -1819.614
Iteration 100 / LogL: -1820.778 / Time: 0h:0m:0s (0h:0m:0s left)
Log-likelihood cutoff on original alignment: -1854.689
NOTE: Bootstrap correlation coefficient of split occurrence frequencies: 0.976
NOTE: UFBoot does not converge, continue at least 100 more iterations
Iteration 110 / LogL: -1819.617 / Time: 0h:0m:0s (0h:0m:0s left)
Iteration 120 / LogL: -1819.614 / Time: 0h:0m:0s (0h:0m:0s left)
Iteration 130 / LogL: -1819.621 / Time: 0h:0m:0s (0h:0m:0s left)
Iteration 140 / LogL: -1819.614 / Time: 0h:0m:0s (0h:0m:0s left)
Iteration 150 / LogL: -1820.779 / Time: 0h:0m:0s (0h:0m:0s left)
Log-likelihood cutoff on original alignment: -1854.689
Iteration 160 / LogL: -1819.619 / Time: 0h:0m:0s (0h:0m:0s left)
Iteration 170 / LogL: -1820.781 / Time: 0h:0m:0s (0h:0m:0s left)
Iteration 180 / LogL: -1819.618 / Time: 0h:0m:1s (0h:0m:0s left)
Iteration 190 / LogL: -1819.618 / Time: 0h:0m:1s (0h:0m:0s left)
UPDATE BEST LOG-LIKELIHOOD: -1819.614
Iteration 200 / LogL: -1819.615 / Time: 0h:0m:1s (0h:0m:0s left)
Log-likelihood cutoff on original alignment: -1855.378
NOTE: Bootstrap correlation coefficient of split occurrence frequencies: 0.987
NOTE: UFBoot does not converge, continue at least 100 more iterations
Iteration 210 / LogL: -1820.779 / Time: 0h:0m:1s (0h:0m:0s left)
UPDATE BEST LOG-LIKELIHOOD: -1819.614
Iteration 220 / LogL: -1819.614 / Time: 0h:0m:1s (0h:0m:0s left)
UPDATE BEST LOG-LIKELIHOOD: -1819.614
Iteration 230 / LogL: -1819.614 / Time: 0h:0m:1s (0h:0m:0s left)
Iteration 240 / LogL: -1819.617 / Time: 0h:0m:1s (0h:0m:0s left)
Iteration 250 / LogL: -1820.780 / Time: 0h:0m:1s (0h:0m:0s left)
Log-likelihood cutoff on original alignment: -1854.771
Iteration 260 / LogL: -1819.614 / Time: 0h:0m:1s (0h:0m:0s left)
Iteration 270 / LogL: -1819.615 / Time: 0h:0m:1s (0h:0m:0s left)
UPDATE BEST LOG-LIKELIHOOD: -1819.614
Iteration 280 / LogL: -1819.615 / Time: 0h:0m:1s (0h:0m:0s left)
Iteration 290 / LogL: -1819.614 / Time: 0h:0m:1s (0h:0m:0s left)
Iteration 300 / LogL: -1819.614 / Time: 0h:0m:1s (0h:0m:0s left)
Log-likelihood cutoff on original alignment: -1855.394
NOTE: Bootstrap correlation coefficient of split occurrence frequencies: 0.983
NOTE: UFBoot does not converge, continue at least 100 more iterations
Iteration 310 / LogL: -1819.614 / Time: 0h:0m:1s (0h:0m:0s left)
Iteration 320 / LogL: -1819.614 / Time: 0h:0m:1s (0h:0m:0s left)
Iteration 330 / LogL: -1819.619 / Time: 0h:0m:1s (0h:0m:0s left)
UPDATE BEST LOG-LIKELIHOOD: -1819.614
Iteration 340 / LogL: -1819.618 / Time: 0h:0m:2s (0h:0m:0s left)
UPDATE BEST LOG-LIKELIHOOD: -1819.614
UPDATE BEST LOG-LIKELIHOOD: -1819.614
Iteration 350 / LogL: -1819.614 / Time: 0h:0m:2s (0h:0m:0s left)
Log-likelihood cutoff on original alignment: -1855.394
Iteration 360 / LogL: -1819.614 / Time: 0h:0m:2s (0h:0m:0s left)
Iteration 370 / LogL: -1819.614 / Time: 0h:0m:2s (0h:0m:0s left)
Iteration 380 / LogL: -1819.614 / Time: 0h:0m:2s (0h:0m:0s left)
Iteration 390 / LogL: -1819.614 / Time: 0h:0m:2s (0h:0m:0s left)
Iteration 400 / LogL: -1819.620 / Time: 0h:0m:2s (0h:0m:0s left)
Log-likelihood cutoff on original alignment: -1855.942
NOTE: Bootstrap correlation coefficient of split occurrence frequencies: 0.996
TREE SEARCH COMPLETED AFTER 400 ITERATIONS / Time: 0h:0m:2s

--------------------------------------------------------------------
|                    FINALIZING TREE SEARCH                        |
--------------------------------------------------------------------
Performs final model parameters optimization
Estimate model parameters (epsilon = 0.010)
1. Initial log-likelihood: -1819.614
Optimal log-likelihood: -1819.614
Rate parameters:  A-C: 1.00000  A-G: 1.00000  A-T: 1.00000  C-G: 1.00000  C-T: 1.00000  G-T: 1.00000
Base frequencies:  A: 0.322  C: 0.204  G: 0.259  T: 0.216
Parameters optimization took 1 rounds (0.000 sec)
BEST SCORE FOUND : -1819.614
Creating bootstrap support values...
Split supports printed to NEXUS file 80799at7898.fltrd_aligned.fas.splits.nex
Total tree length: 0.074

Total number of iterations: 400
CPU time used for tree search: 2.320 sec (0h:0m:2s)
Wall-clock time used for tree search: 2.428 sec (0h:0m:2s)
Total CPU time used: 2.351 sec (0h:0m:2s)
Total wall-clock time used: 2.468 sec (0h:0m:2s)

Computing bootstrap consensus tree...
Reading input file 80799at7898.fltrd_aligned.fas.splits.nex...
14 taxa and 185 splits.
Consensus tree written to 80799at7898.fltrd_aligned.fas.contree
Reading input trees file 80799at7898.fltrd_aligned.fas.contree
Log-likelihood of consensus tree: -1819.636

Analysis results written to: 
  IQ-TREE report:                80799at7898.fltrd_aligned.fas.iqtree
  Maximum-likelihood tree:       80799at7898.fltrd_aligned.fas.treefile
  Likelihood distances:          80799at7898.fltrd_aligned.fas.mldist

Ultrafast bootstrap approximation results written to:
  Split support values:          80799at7898.fltrd_aligned.fas.splits.nex
  Consensus tree:                80799at7898.fltrd_aligned.fas.contree
  Screen log file:               80799at7898.fltrd_aligned.fas.log

Date and Time: Tue Dec  2 14:49:41 2025
