IQ-TREE multicore version 2.1.3 COVID-edition for Linux 64-bit built Apr 21 2021
Developed by Bui Quang Minh, James Barbetti, Nguyen Lam Tung,
Olga Chernomor, Heiko Schmidt, Dominik Schrempf, Michael Woodhams.

Host:    gombessa.rcs.alaska.edu (AVX2, FMA3, 503 GB RAM)
Command: /export/scratch/tsvanorden/Char_Phylogenetics/src/iqtree-2.1.3-Linux/bin/iqtree2 -s 50170at7898.fltrd_aligned.fas -m MFP -bb 1000 -T 1
Seed:    713244 (Using SPRNG - Scalable Parallel Random Number Generator)
Time:    Tue Dec  2 14:49:13 2025
Kernel:  AVX+FMA - 1 threads (1 CPU cores detected)

Reading alignment file 50170at7898.fltrd_aligned.fas ... Fasta format detected
Alignment most likely contains DNA/RNA sequences
Alignment has 20 sequences with 1419 columns, 44 distinct patterns
2 parsimony-informative, 41 singleton sites, 1376 constant sites
                                Gap/Ambiguity  Composition  p-value
   1  251140_Ward_Creek                 2.75%    passed    100.00%
   2  260512_Pybus_Point                2.75%    passed    100.00%
   3  261935_Kenai_River                5.07%    passed     99.49%
   4  353213_Cropley_Lake               2.75%    passed    100.00%
   5  353219_Peterson_Creek             2.75%    passed    100.00%
   6  353220_Fish_Creek                 2.75%    passed     99.98%
   7  353246_Cottonwood_Creek           5.07%    passed     99.49%
   8  353379_Skagit_River               2.75%    passed    100.00%
   9  353381_Dungeness_River            2.75%    passed    100.00%
  10  353401_Peace_River                2.75%    passed    100.00%
  11  353407_Noatok                     5.07%    passed     99.49%
  12  353410_Horizon_Lake               2.75%    passed     99.98%
  13  92319_Little_Lost                 2.75%    passed    100.00%
  14  94280_St_Joe                      2.75%    passed    100.00%
  15  GCA016432855_Lake_Trout           2.75%    passed    100.00%
  16  GCA036784925_Maine_S_alpinus      2.75%    passed     99.98%
  17  GCA045679555_Iceland_A_alpinus    2.75%    passed     99.98%
  18  GCF013265735_Rainbow_Trout        1.69%    passed     99.06%
  19  GCF029448725_Brook_Trout          2.75%    passed     99.14%
  20  Methow_River_99895                2.75%    passed    100.00%
****  TOTAL                             3.04%  0 sequences failed composition chi2 test (p-value<5%; df=3)
NOTE: 260512_Pybus_Point is identical to 251140_Ward_Creek but kept for subsequent analysis
NOTE: 353246_Cottonwood_Creek is identical to 261935_Kenai_River but kept for subsequent analysis
NOTE: 353401_Peace_River is identical to 353379_Skagit_River but kept for subsequent analysis
NOTE: GCA036784925_Maine_S_alpinus is identical to 353410_Horizon_Lake but kept for subsequent analysis
NOTE: 8 identical sequences (see below) will be ignored for subsequent analysis
NOTE: 353213_Cropley_Lake (identical to 251140_Ward_Creek) is ignored but added at the end
NOTE: 353219_Peterson_Creek (identical to 251140_Ward_Creek) is ignored but added at the end
NOTE: 353381_Dungeness_River (identical to 251140_Ward_Creek) is ignored but added at the end
NOTE: 353407_Noatok (identical to 261935_Kenai_River) is ignored but added at the end
NOTE: 92319_Little_Lost (identical to 353379_Skagit_River) is ignored but added at the end
NOTE: 94280_St_Joe (identical to 353379_Skagit_River) is ignored but added at the end
NOTE: Methow_River_99895 (identical to 353379_Skagit_River) is ignored but added at the end
NOTE: GCA045679555_Iceland_A_alpinus (identical to 353410_Horizon_Lake) is ignored but added at the end
Alignment was printed to 50170at7898.fltrd_aligned.fas.uniqueseq.phy

For your convenience alignment with unique sequences printed to 50170at7898.fltrd_aligned.fas.uniqueseq.phy


Create initial parsimony tree by phylogenetic likelihood library (PLL)... 0.000 seconds
Perform fast likelihood tree search using GTR+I+G model...
Estimate model parameters (epsilon = 5.000)
Perform nearest neighbor interchange...
Estimate model parameters (epsilon = 1.000)
1. Initial log-likelihood: -2222.991
Optimal log-likelihood: -2222.989
Rate parameters:  A-C: 2.74232  A-G: 3.18818  A-T: 1.72151  C-G: 2.06101  C-T: 4.05572  G-T: 1.00000
Base frequencies:  A: 0.271  C: 0.294  G: 0.252  T: 0.183
Proportion of invariable sites: 0.485
Gamma shape alpha: 998.447
Parameters optimization took 1 rounds (0.002 sec)
Time for fast ML tree search: 0.004 seconds

NOTE: ModelFinder requires 0 MB RAM!
ModelFinder will test up to 286 DNA models (sample size: 1419) ...
 No. Model         -LnL         df  AIC          AICc         BIC
  1  GTR+F         2222.725     29  4503.451     4504.704     4655.924
  2  GTR+F+I       2222.724     30  4505.449     4506.789     4663.180
  3  GTR+F+G4      2222.725     30  4505.449     4506.789     4663.180
  4  GTR+F+I+G4    2222.987     31  4507.975     4509.405     4670.964
  5  GTR+F+R2      2222.853     31  4507.705     4509.136     4670.694
  6  GTR+F+R3      2222.892     33  4511.783     4513.403     4685.288
 14  SYM           2242.195     26  4536.390     4537.399     4673.091
 15  SYM+I         2242.194     27  4538.389     4539.476     4680.347
 16  SYM+G4        2242.195     27  4538.390     4539.477     4680.348
 27  TVM+F         2222.866     28  4501.731     4502.900     4648.947
 28  TVM+F+I       2222.864     29  4503.729     4504.982     4656.202
 29  TVM+F+G4      2222.865     29  4503.729     4504.982     4656.203
 40  TVMe          2242.211     25  4534.421     4535.355     4665.864
 41  TVMe+I        2242.209     26  4536.417     4537.426     4673.118
 42  TVMe+G4       2242.209     26  4536.419     4537.427     4673.119
 53  TIM3+F        2223.157     27  4500.313     4501.400     4642.272
 54  TIM3+F+I      2223.156     28  4502.313     4503.481     4649.528
 55  TIM3+F+G4     2223.157     28  4502.313     4503.481     4649.529
 66  TIM3e         2242.673     24  4533.347     4534.208     4659.532
 67  TIM3e+I       2242.672     25  4535.344     4536.278     4666.787
 68  TIM3e+G4      2242.673     25  4535.345     4536.279     4666.788
 79  TIM2+F        2223.597     27  4501.194     4502.281     4643.152
 80  TIM2+F+I      2223.597     28  4503.194     4504.362     4650.409
 81  TIM2+F+G4     2223.597     28  4503.194     4504.362     4650.410
 92  TIM2e         2243.917     24  4535.833     4536.694     4662.018
 93  TIM2e+I       2243.917     25  4537.834     4538.767     4669.277
 94  TIM2e+G4      2243.917     25  4537.834     4538.767     4669.277
105  TIM+F         2223.960     27  4501.921     4503.008     4643.879
106  TIM+F+I       2223.960     28  4503.920     4505.088     4651.136
107  TIM+F+G4      2223.960     28  4503.920     4505.089     4651.136
118  TIMe          2244.349     24  4536.698     4537.559     4662.883
119  TIMe+I        2244.352     25  4538.703     4539.637     4670.146
120  TIMe+G4       2244.354     25  4538.707     4539.640     4670.150
131  TPM3u+F       2223.298     26  4498.596     4499.604     4635.296
132  TPM3u+F+I     2223.298     27  4500.596     4501.683     4642.554
133  TPM3u+F+G4    2223.298     27  4500.596     4501.683     4642.554
144  TPM3+F        2223.298     26  4498.596     4499.604     4635.296
145  TPM3+F+I      2223.298     27  4500.596     4501.683     4642.554
146  TPM3+F+G4     2223.298     27  4500.596     4501.683     4642.554
157  TPM2u+F       2223.737     26  4499.475     4500.483     4636.175
158  TPM2u+F+I     2223.737     27  4501.474     4502.561     4643.432
159  TPM2u+F+G4    2223.737     27  4501.474     4502.561     4643.433
170  TPM2+F        2223.737     26  4499.475     4500.483     4636.175
171  TPM2+F+I      2223.737     27  4501.474     4502.561     4643.432
172  TPM2+F+G4     2223.737     27  4501.474     4502.561     4643.433
183  K3Pu+F        2224.100     26  4500.200     4501.209     4636.900
184  K3Pu+F+I      2224.100     27  4502.199     4503.286     4644.157
185  K3Pu+F+G4     2224.100     27  4502.199     4503.286     4644.157
196  K3P           2244.373     23  4534.747     4535.538     4655.674
197  K3P+I         2244.372     24  4536.743     4537.604     4662.928
198  K3P+G4        2244.372     24  4536.744     4537.605     4662.929
209  TN+F          2223.973     26  4499.947     4500.955     4636.647
210  TN+F+I        2223.973     27  4501.946     4503.033     4643.905
211  TN+F+G4       2223.973     27  4501.947     4503.034     4643.905
222  TNe           2244.369     23  4534.738     4535.530     4655.666
223  TNe+I         2244.369     24  4536.739     4537.600     4662.924
224  TNe+G4        2244.370     24  4536.739     4537.600     4662.924
235  HKY+F         2224.113     25  4498.226     4499.160     4629.669
236  HKY+F+I       2224.113     26  4500.226     4501.234     4636.926
237  HKY+F+G4      2224.113     26  4500.226     4501.235     4636.927
248  K2P           2244.391     22  4532.782     4533.507     4648.452
249  K2P+I         2244.391     23  4534.782     4535.573     4655.709
250  K2P+G4        2244.391     23  4534.783     4535.574     4655.710
261  F81+F         2225.832     24  4499.664     4500.525     4625.849
262  F81+F+I       2225.832     25  4501.664     4502.597     4633.107
263  F81+F+G4      2225.832     25  4501.664     4502.598     4633.107
274  JC            2245.993     21  4533.986     4534.648     4644.398
275  JC+I          2245.993     22  4535.986     4536.711     4651.656
276  JC+G4         2245.993     22  4535.987     4536.712     4651.657
Akaike Information Criterion:           HKY+F
Corrected Akaike Information Criterion: HKY+F
Bayesian Information Criterion:         F81+F
Best-fit model: F81+F chosen according to BIC

All model information printed to 50170at7898.fltrd_aligned.fas.model.gz
CPU time for ModelFinder: 0.080 seconds (0h:0m:0s)
Wall-clock time for ModelFinder: 0.083 seconds (0h:0m:0s)
Generating 1000 samples for ultrafast bootstrap (seed: 713244)...

NOTE: 0 MB RAM (0 GB) is required!
Estimate model parameters (epsilon = 0.100)
1. Initial log-likelihood: -2225.832
Optimal log-likelihood: -2225.832
Rate parameters:  A-C: 1.00000  A-G: 1.00000  A-T: 1.00000  C-G: 1.00000  C-T: 1.00000  G-T: 1.00000
Base frequencies:  A: 0.271  C: 0.294  G: 0.252  T: 0.183
Parameters optimization took 1 rounds (0.000 sec)
Computing ML distances based on estimated model parameters...
Computing ML distances took 0.000404 sec (of wall-clock time) 0.000380 sec(of CPU time)
Computing RapidNJ tree took 0.008079 sec (of wall-clock time) 0.002360 sec (of CPU time)
Log-likelihood of RapidNJ tree: -2225.848
--------------------------------------------------------------------
|             INITIALIZING CANDIDATE TREE SET                      |
--------------------------------------------------------------------
Generating 98 parsimony trees... 0.012 second
Computing log-likelihood of 98 initial trees ... 0.019 seconds
Current best score: -2225.832

Do NNI search on 20 best initial trees
Estimate model parameters (epsilon = 0.100)
BETTER TREE FOUND at iteration 1: -2225.832
BETTER TREE FOUND at iteration 9: -2225.832
Iteration 10 / LogL: -2225.832 / Time: 0h:0m:0s
Iteration 20 / LogL: -2225.832 / Time: 0h:0m:0s
Finish initializing candidate tree set (20)
Current best tree score: -2225.832 / CPU time: 0.074
Number of iterations: 20
--------------------------------------------------------------------
|               OPTIMIZING CANDIDATE TREE SET                      |
--------------------------------------------------------------------
BETTER TREE FOUND at iteration 24: -2225.832
BETTER TREE FOUND at iteration 27: -2225.831
Iteration 30 / LogL: -2225.835 / Time: 0h:0m:0s (0h:0m:0s left)
Iteration 40 / LogL: -2225.831 / Time: 0h:0m:0s (0h:0m:0s left)
BETTER TREE FOUND at iteration 47: -2225.831
BETTER TREE FOUND at iteration 49: -2225.831
Iteration 50 / LogL: -2225.831 / Time: 0h:0m:0s (0h:0m:0s left)
Log-likelihood cutoff on original alignment: -2240.869
Iteration 60 / LogL: -2231.420 / Time: 0h:0m:0s (0h:0m:0s left)
BETTER TREE FOUND at iteration 65: -2225.831
Iteration 70 / LogL: -2225.831 / Time: 0h:0m:0s (0h:0m:0s left)
BETTER TREE FOUND at iteration 74: -2225.831
BETTER TREE FOUND at iteration 79: -2225.831
Iteration 80 / LogL: -2225.831 / Time: 0h:0m:0s (0h:0m:0s left)
Iteration 90 / LogL: -2225.831 / Time: 0h:0m:0s (0h:0m:0s left)
Iteration 100 / LogL: -2225.837 / Time: 0h:0m:0s (0h:0m:0s left)
Log-likelihood cutoff on original alignment: -2240.911
NOTE: Bootstrap correlation coefficient of split occurrence frequencies: 0.828
NOTE: UFBoot does not converge, continue at least 100 more iterations
Iteration 110 / LogL: -2225.842 / Time: 0h:0m:0s (0h:0m:0s left)
Iteration 120 / LogL: -2225.831 / Time: 0h:0m:0s (0h:0m:0s left)
Iteration 130 / LogL: -2225.842 / Time: 0h:0m:0s (0h:0m:0s left)
Iteration 140 / LogL: -2225.831 / Time: 0h:0m:0s (0h:0m:0s left)
Iteration 150 / LogL: -2225.839 / Time: 0h:0m:0s (0h:0m:0s left)
Log-likelihood cutoff on original alignment: -2239.710
Iteration 160 / LogL: -2225.831 / Time: 0h:0m:0s (0h:0m:0s left)
Iteration 170 / LogL: -2225.831 / Time: 0h:0m:0s (0h:0m:0s left)
Iteration 180 / LogL: -2225.831 / Time: 0h:0m:0s (0h:0m:0s left)
Iteration 190 / LogL: -2225.833 / Time: 0h:0m:0s (0h:0m:0s left)
Iteration 200 / LogL: -2225.831 / Time: 0h:0m:0s (0h:0m:0s left)
Log-likelihood cutoff on original alignment: -2239.710
NOTE: Bootstrap correlation coefficient of split occurrence frequencies: 0.950
NOTE: UFBoot does not converge, continue at least 100 more iterations
Iteration 210 / LogL: -2225.831 / Time: 0h:0m:0s (0h:0m:0s left)
Iteration 220 / LogL: -2225.831 / Time: 0h:0m:1s (0h:0m:0s left)
Iteration 230 / LogL: -2225.839 / Time: 0h:0m:1s (0h:0m:0s left)
Iteration 240 / LogL: -2225.831 / Time: 0h:0m:1s (0h:0m:0s left)
Iteration 250 / LogL: -2225.835 / Time: 0h:0m:1s (0h:0m:0s left)
Log-likelihood cutoff on original alignment: -2240.692
Iteration 260 / LogL: -2225.831 / Time: 0h:0m:1s (0h:0m:0s left)
Iteration 270 / LogL: -2225.841 / Time: 0h:0m:1s (0h:0m:0s left)
Iteration 280 / LogL: -2225.835 / Time: 0h:0m:1s (0h:0m:0s left)
Iteration 290 / LogL: -2225.831 / Time: 0h:0m:1s (0h:0m:0s left)
UPDATE BEST LOG-LIKELIHOOD: -2225.831
Iteration 300 / LogL: -2225.831 / Time: 0h:0m:1s (0h:0m:0s left)
Log-likelihood cutoff on original alignment: -2240.652
NOTE: Bootstrap correlation coefficient of split occurrence frequencies: 0.937
NOTE: UFBoot does not converge, continue at least 100 more iterations
Iteration 310 / LogL: -2225.831 / Time: 0h:0m:1s (0h:0m:0s left)
Iteration 320 / LogL: -2225.831 / Time: 0h:0m:1s (0h:0m:0s left)
Iteration 330 / LogL: -2225.831 / Time: 0h:0m:1s (0h:0m:0s left)
Iteration 340 / LogL: -2231.420 / Time: 0h:0m:1s (0h:0m:0s left)
Iteration 350 / LogL: -2225.831 / Time: 0h:0m:1s (0h:0m:0s left)
Log-likelihood cutoff on original alignment: -2239.193
Iteration 360 / LogL: -2225.842 / Time: 0h:0m:1s (0h:0m:0s left)
Iteration 370 / LogL: -2225.838 / Time: 0h:0m:1s (0h:0m:0s left)
Iteration 380 / LogL: -2225.831 / Time: 0h:0m:1s (0h:0m:0s left)
Iteration 390 / LogL: -2225.835 / Time: 0h:0m:2s (0h:0m:0s left)
Iteration 400 / LogL: -2225.831 / Time: 0h:0m:2s (0h:0m:0s left)
Log-likelihood cutoff on original alignment: -2239.578
NOTE: Bootstrap correlation coefficient of split occurrence frequencies: 0.945
NOTE: UFBoot does not converge, continue at least 100 more iterations
Iteration 410 / LogL: -2225.835 / Time: 0h:0m:2s (0h:0m:0s left)
Iteration 420 / LogL: -2225.831 / Time: 0h:0m:2s (0h:0m:0s left)
Iteration 430 / LogL: -2225.838 / Time: 0h:0m:2s (0h:0m:0s left)
Iteration 440 / LogL: -2225.835 / Time: 0h:0m:2s (0h:0m:0s left)
Iteration 450 / LogL: -2225.837 / Time: 0h:0m:2s (0h:0m:0s left)
Log-likelihood cutoff on original alignment: -2239.578
Iteration 460 / LogL: -2225.831 / Time: 0h:0m:2s (0h:0m:0s left)
Iteration 470 / LogL: -2225.831 / Time: 0h:0m:2s (0h:0m:0s left)
Iteration 480 / LogL: -2225.831 / Time: 0h:0m:2s (0h:0m:0s left)
Iteration 490 / LogL: -2225.831 / Time: 0h:0m:2s (0h:0m:0s left)
Iteration 500 / LogL: -2225.831 / Time: 0h:0m:2s (0h:0m:0s left)
Log-likelihood cutoff on original alignment: -2239.578
NOTE: Bootstrap correlation coefficient of split occurrence frequencies: 0.951
NOTE: UFBoot does not converge, continue at least 100 more iterations
Iteration 510 / LogL: -2225.831 / Time: 0h:0m:2s (0h:0m:0s left)
Iteration 520 / LogL: -2225.831 / Time: 0h:0m:2s (0h:0m:0s left)
Iteration 530 / LogL: -2225.831 / Time: 0h:0m:3s (0h:0m:0s left)
Iteration 540 / LogL: -2246.635 / Time: 0h:0m:3s (0h:0m:0s left)
Iteration 550 / LogL: -2225.838 / Time: 0h:0m:3s (0h:0m:0s left)
Log-likelihood cutoff on original alignment: -2239.578
Iteration 560 / LogL: -2225.831 / Time: 0h:0m:3s (0h:0m:0s left)
Iteration 570 / LogL: -2225.831 / Time: 0h:0m:3s (0h:0m:0s left)
Iteration 580 / LogL: -2225.838 / Time: 0h:0m:3s (0h:0m:0s left)
Iteration 590 / LogL: -2225.835 / Time: 0h:0m:3s (0h:0m:0s left)
Iteration 600 / LogL: -2225.837 / Time: 0h:0m:3s (0h:0m:0s left)
Log-likelihood cutoff on original alignment: -2239.578
NOTE: Bootstrap correlation coefficient of split occurrence frequencies: 0.944
NOTE: UFBoot does not converge, continue at least 100 more iterations
Iteration 610 / LogL: -2225.835 / Time: 0h:0m:3s (0h:0m:0s left)
Iteration 620 / LogL: -2225.835 / Time: 0h:0m:3s (0h:0m:0s left)
Iteration 630 / LogL: -2225.831 / Time: 0h:0m:3s (0h:0m:0s left)
Iteration 640 / LogL: -2225.831 / Time: 0h:0m:3s (0h:0m:0s left)
Iteration 650 / LogL: -2225.831 / Time: 0h:0m:3s (0h:0m:0s left)
Log-likelihood cutoff on original alignment: -2239.578
Iteration 660 / LogL: -2225.831 / Time: 0h:0m:3s (0h:0m:0s left)
Iteration 670 / LogL: -2225.831 / Time: 0h:0m:4s (0h:0m:0s left)
Iteration 680 / LogL: -2225.835 / Time: 0h:0m:4s (0h:0m:0s left)
Iteration 690 / LogL: -2246.642 / Time: 0h:0m:4s (0h:0m:0s left)
Iteration 700 / LogL: -2225.831 / Time: 0h:0m:4s (0h:0m:0s left)
Log-likelihood cutoff on original alignment: -2239.195
NOTE: Bootstrap correlation coefficient of split occurrence frequencies: 0.964
NOTE: UFBoot does not converge, continue at least 100 more iterations
Iteration 710 / LogL: -2225.831 / Time: 0h:0m:4s (0h:0m:0s left)
Iteration 720 / LogL: -2225.831 / Time: 0h:0m:4s (0h:0m:0s left)
Iteration 730 / LogL: -2225.831 / Time: 0h:0m:4s (0h:0m:0s left)
Iteration 740 / LogL: -2225.832 / Time: 0h:0m:4s (0h:0m:0s left)
Iteration 750 / LogL: -2225.831 / Time: 0h:0m:4s (0h:0m:0s left)
Log-likelihood cutoff on original alignment: -2239.195
Iteration 760 / LogL: -2231.420 / Time: 0h:0m:4s (0h:0m:0s left)
Iteration 770 / LogL: -2225.831 / Time: 0h:0m:4s (0h:0m:0s left)
Iteration 780 / LogL: -2225.831 / Time: 0h:0m:4s (0h:0m:0s left)
Iteration 790 / LogL: -2225.831 / Time: 0h:0m:4s (0h:0m:0s left)
Iteration 800 / LogL: -2225.841 / Time: 0h:0m:5s (0h:0m:0s left)
Log-likelihood cutoff on original alignment: -2239.578
NOTE: Bootstrap correlation coefficient of split occurrence frequencies: 0.953
NOTE: UFBoot does not converge, continue at least 100 more iterations
Iteration 810 / LogL: -2225.831 / Time: 0h:0m:5s (0h:0m:0s left)
Iteration 820 / LogL: -2225.831 / Time: 0h:0m:5s (0h:0m:0s left)
Iteration 830 / LogL: -2225.831 / Time: 0h:0m:5s (0h:0m:0s left)
Iteration 840 / LogL: -2225.831 / Time: 0h:0m:5s (0h:0m:0s left)
Iteration 850 / LogL: -2225.831 / Time: 0h:0m:5s (0h:0m:0s left)
Log-likelihood cutoff on original alignment: -2239.578
Iteration 860 / LogL: -2225.831 / Time: 0h:0m:5s (0h:0m:0s left)
Iteration 870 / LogL: -2225.833 / Time: 0h:0m:5s (0h:0m:0s left)
Iteration 880 / LogL: -2225.831 / Time: 0h:0m:5s (0h:0m:0s left)
Iteration 890 / LogL: -2225.831 / Time: 0h:0m:5s (0h:0m:0s left)
Iteration 900 / LogL: -2225.841 / Time: 0h:0m:5s (0h:0m:0s left)
Log-likelihood cutoff on original alignment: -2239.578
NOTE: Bootstrap correlation coefficient of split occurrence frequencies: 0.960
NOTE: UFBoot does not converge, continue at least 100 more iterations
Iteration 910 / LogL: -2225.843 / Time: 0h:0m:6s (0h:0m:0s left)
Iteration 920 / LogL: -2225.842 / Time: 0h:0m:6s (0h:0m:0s left)
Iteration 930 / LogL: -2225.831 / Time: 0h:0m:6s (0h:0m:0s left)
Iteration 940 / LogL: -2225.832 / Time: 0h:0m:6s (0h:0m:0s left)
Iteration 950 / LogL: -2231.422 / Time: 0h:0m:6s (0h:0m:0s left)
Log-likelihood cutoff on original alignment: -2239.195
Iteration 960 / LogL: -2225.831 / Time: 0h:0m:6s (0h:0m:0s left)
Iteration 970 / LogL: -2225.835 / Time: 0h:0m:6s (0h:0m:0s left)
Iteration 980 / LogL: -2225.835 / Time: 0h:0m:6s (0h:0m:0s left)
Iteration 990 / LogL: -2225.831 / Time: 0h:0m:6s (0h:0m:0s left)
Iteration 1000 / LogL: -2225.837 / Time: 0h:0m:6s (0h:0m:0s left)
Log-likelihood cutoff on original alignment: -2239.195
NOTE: Bootstrap correlation coefficient of split occurrence frequencies: 0.987
NOTE: UFBoot does not converge, continue at least 100 more iterations
WARNING: bootstrap analysis did not converge. You should rerun with higher number of iterations (-nm option)
TREE SEARCH COMPLETED AFTER 1001 ITERATIONS / Time: 0h:0m:6s

--------------------------------------------------------------------
|                    FINALIZING TREE SEARCH                        |
--------------------------------------------------------------------
Performs final model parameters optimization
Estimate model parameters (epsilon = 0.010)
1. Initial log-likelihood: -2225.831
Optimal log-likelihood: -2225.831
Rate parameters:  A-C: 1.00000  A-G: 1.00000  A-T: 1.00000  C-G: 1.00000  C-T: 1.00000  G-T: 1.00000
Base frequencies:  A: 0.271  C: 0.294  G: 0.252  T: 0.183
Parameters optimization took 1 rounds (0.000 sec)
BEST SCORE FOUND : -2225.831
Creating bootstrap support values...
Split supports printed to NEXUS file 50170at7898.fltrd_aligned.fas.splits.nex
Total tree length: 0.032

Total number of iterations: 1001
CPU time used for tree search: 6.791 sec (0h:0m:6s)
Wall-clock time used for tree search: 6.949 sec (0h:0m:6s)
Total CPU time used: 6.825 sec (0h:0m:6s)
Total wall-clock time used: 6.991 sec (0h:0m:6s)

Computing bootstrap consensus tree...
Reading input file 50170at7898.fltrd_aligned.fas.splits.nex...
12 taxa and 157 splits.
Consensus tree written to 50170at7898.fltrd_aligned.fas.contree
Reading input trees file 50170at7898.fltrd_aligned.fas.contree
Log-likelihood of consensus tree: -2225.858

Analysis results written to: 
  IQ-TREE report:                50170at7898.fltrd_aligned.fas.iqtree
  Maximum-likelihood tree:       50170at7898.fltrd_aligned.fas.treefile
  Likelihood distances:          50170at7898.fltrd_aligned.fas.mldist

Ultrafast bootstrap approximation results written to:
  Split support values:          50170at7898.fltrd_aligned.fas.splits.nex
  Consensus tree:                50170at7898.fltrd_aligned.fas.contree
  Screen log file:               50170at7898.fltrd_aligned.fas.log

Date and Time: Tue Dec  2 14:49:20 2025
