IQ-TREE multicore version 2.1.3 COVID-edition for Linux 64-bit built Apr 21 2021
Developed by Bui Quang Minh, James Barbetti, Nguyen Lam Tung,
Olga Chernomor, Heiko Schmidt, Dominik Schrempf, Michael Woodhams.

Host:    gombessa.rcs.alaska.edu (AVX2, FMA3, 503 GB RAM)
Command: /export/scratch/tsvanorden/Char_Phylogenetics/src/iqtree-2.1.3-Linux/bin/iqtree2 -s 48188at7898.fltrd_aligned.fas -m MFP -bb 1000 -T 1
Seed:    548305 (Using SPRNG - Scalable Parallel Random Number Generator)
Time:    Tue Dec  2 14:49:15 2025
Kernel:  AVX+FMA - 1 threads (1 CPU cores detected)

Reading alignment file 48188at7898.fltrd_aligned.fas ... Fasta format detected
Alignment most likely contains DNA/RNA sequences
Alignment has 20 sequences with 2874 columns, 167 distinct patterns
56 parsimony-informative, 108 singleton sites, 2710 constant sites
                                Gap/Ambiguity  Composition  p-value
   1  251140_Ward_Creek                19.94%    passed     76.44%
   2  260512_Pybus_Point               18.37%    passed     89.49%
   3  261935_Kenai_River               17.95%    passed     95.46%
   4  353213_Cropley_Lake              18.27%    passed     92.38%
   5  353219_Peterson_Creek            18.27%    passed     90.54%
   6  353220_Fish_Creek                18.27%    passed     91.72%
   7  353246_Cottonwood_Creek          32.88%    passed     85.25%
   8  353379_Skagit_River              22.44%    passed     86.77%
   9  353381_Dungeness_River           30.27%    passed     75.55%
  10  353401_Peace_River               22.44%    passed     92.15%
  11  353407_Noatok                    17.95%    passed     96.52%
  12  353410_Horizon_Lake              17.95%    passed     96.00%
  13  92319_Little_Lost                22.44%    passed     92.15%
  14  94280_St_Joe                     22.34%    passed     92.85%
  15  GCA016432855_Lake_Trout          13.15%    passed     60.05%
  16  GCA036784925_Maine_S_alpinus     23.59%    passed     87.47%
  17  GCA045679555_Iceland_A_alpinus   23.59%    passed     90.80%
  18  GCF013265735_Rainbow_Trout       16.39%    passed     92.74%
  19  GCF029448725_Brook_Trout         18.79%    passed     73.97%
  20  Methow_River_99895               22.44%    passed     92.15%
****  TOTAL                            20.89%  0 sequences failed composition chi2 test (p-value<5%; df=3)
NOTE: 92319_Little_Lost is identical to 353401_Peace_River but kept for subsequent analysis
NOTE: 1 identical sequences (see below) will be ignored for subsequent analysis
NOTE: Methow_River_99895 (identical to 353401_Peace_River) is ignored but added at the end
Alignment was printed to 48188at7898.fltrd_aligned.fas.uniqueseq.phy

For your convenience alignment with unique sequences printed to 48188at7898.fltrd_aligned.fas.uniqueseq.phy


Create initial parsimony tree by phylogenetic likelihood library (PLL)... 0.000 seconds
Perform fast likelihood tree search using GTR+I+G model...
Estimate model parameters (epsilon = 5.000)
Perform nearest neighbor interchange...
Estimate model parameters (epsilon = 1.000)
1. Initial log-likelihood: -5174.588
Optimal log-likelihood: -5174.585
Rate parameters:  A-C: 1.49711  A-G: 2.29519  A-T: 1.29513  C-G: 0.60575  C-T: 2.26709  G-T: 1.00000
Base frequencies:  A: 0.222  C: 0.279  G: 0.280  T: 0.219
Proportion of invariable sites: 0.472
Gamma shape alpha: 0.382
Parameters optimization took 1 rounds (0.003 sec)
Time for fast ML tree search: 0.024 seconds

NOTE: ModelFinder requires 1 MB RAM!
ModelFinder will test up to 286 DNA models (sample size: 2874) ...
 No. Model         -LnL         df  AIC          AICc         BIC
  1  GTR+F         5194.417     43  10474.835    10476.172    10731.263
  2  GTR+F+I       5175.993     44  10439.985    10441.385    10702.378
  3  GTR+F+G4      5176.518     44  10441.037    10442.436    10703.429
  4  GTR+F+I+G4    5174.582     45  10439.164    10440.628    10707.520
  5  GTR+F+R2      5185.773     45  10461.545    10463.009    10729.901
  6  GTR+F+R3      5174.776     47  10443.552    10445.148    10723.834
  7  GTR+F+R4      5174.302     49  10446.603    10448.338    10738.813
 15  SYM+I         5192.303     41  10466.607    10467.823    10711.108
 16  SYM+G4        5192.833     41  10467.666    10468.882    10712.168
 17  SYM+I+G4      5190.928     42  10465.855    10467.131    10716.320
 28  TVM+F+I       5175.993     43  10437.987    10439.324    10694.416
 29  TVM+F+G4      5176.523     43  10439.046    10440.383    10695.475
 30  TVM+F+I+G4    5174.582     44  10437.163    10438.563    10699.556
 41  TVMe+I        5192.308     40  10464.615    10465.773    10703.154
 42  TVMe+G4       5192.839     40  10465.677    10466.835    10704.216
 43  TVMe+I+G4     5190.931     41  10463.863    10465.079    10708.364
 54  TIM3+F+I      5180.565     42  10445.130    10446.405    10695.595
 55  TIM3+F+G4     5181.057     42  10446.113    10447.389    10696.578
 56  TIM3+F+I+G4   5179.147     43  10444.295    10445.632    10700.723
 67  TIM3e+I       5195.384     39  10468.767    10469.868    10701.342
 68  TIM3e+G4      5195.900     39  10469.799    10470.900    10702.374
 69  TIM3e+I+G4    5194.004     40  10468.008    10469.166    10706.546
 80  TIM2+F+I      5177.070     42  10438.140    10439.416    10688.606
 81  TIM2+F+G4     5177.623     42  10439.246    10440.522    10689.712
 82  TIM2+F+I+G4   5175.662     43  10437.324    10438.661    10693.752
 93  TIM2e+I       5193.207     39  10464.414    10465.515    10696.989
 94  TIM2e+G4      5193.735     39  10465.469    10466.570    10698.044
 95  TIM2e+I+G4    5191.828     40  10463.657    10464.815    10702.195
106  TIM+F+I       5179.381     42  10442.762    10444.038    10693.227
107  TIM+F+G4      5179.885     42  10443.769    10445.045    10694.234
108  TIM+F+I+G4    5177.983     43  10441.966    10443.303    10698.394
119  TIMe+I        5194.320     39  10466.640    10467.741    10699.215
120  TIMe+G4       5194.828     39  10467.656    10468.756    10700.231
121  TIMe+I+G4     5192.948     40  10465.897    10467.055    10704.435
132  TPM3u+F+I     5180.559     41  10443.118    10444.334    10687.619
133  TPM3u+F+G4    5181.058     41  10444.116    10445.332    10688.617
134  TPM3u+F+I+G4  5179.143     42  10442.286    10443.562    10692.752
145  TPM3+F+I      5180.559     41  10443.117    10444.334    10687.619
146  TPM3+F+G4     5181.058     41  10444.116    10445.332    10688.617
147  TPM3+F+I+G4   5179.143     42  10442.286    10443.562    10692.752
158  TPM2u+F+I     5177.069     41  10436.137    10437.353    10680.639
159  TPM2u+F+G4    5177.623     41  10437.246    10438.462    10681.747
160  TPM2u+F+I+G4  5175.663     42  10435.327    10436.603    10685.792
171  TPM2+F+I      5177.069     41  10436.137    10437.353    10680.639
172  TPM2+F+G4     5177.623     41  10437.246    10438.463    10681.748
173  TPM2+F+I+G4   5175.663     42  10435.327    10436.603    10685.792
184  K3Pu+F+I      5179.382     41  10440.764    10441.980    10685.266
185  K3Pu+F+G4     5179.889     41  10441.777    10442.994    10686.279
186  K3Pu+F+I+G4   5177.983     42  10439.966    10441.242    10690.431
197  K3P+I         5194.324     38  10464.649    10465.694    10691.260
198  K3P+G4        5194.838     38  10465.676    10466.722    10692.288
199  K3P+I+G4      5192.951     39  10463.903    10465.004    10696.478
210  TN+F+I        5180.700     41  10443.401    10444.617    10687.903
211  TN+F+G4       5181.204     41  10444.408    10445.624    10688.910
212  TN+F+I+G4     5179.292     42  10442.584    10443.860    10693.050
223  TNe+I         5195.391     38  10466.782    10467.827    10693.393
224  TNe+G4        5195.904     38  10467.809    10468.854    10694.420
225  TNe+I+G4      5194.011     39  10466.022    10467.123    10698.597
236  HKY+F+I       5180.700     40  10441.400    10442.558    10679.939
237  HKY+F+G4      5181.209     40  10442.417    10443.575    10680.955
238  HKY+F+I+G4    5179.292     41  10440.583    10441.799    10685.085
249  K2P+I         5195.395     37  10464.790    10465.781    10685.438
250  K2P+G4        5195.914     37  10465.829    10466.820    10686.477
251  K2P+I+G4      5194.014     38  10464.028    10465.074    10690.640
262  F81+F+I       5193.272     39  10464.544    10465.645    10697.119
263  F81+F+G4      5193.840     39  10465.679    10466.780    10698.254
264  F81+F+I+G4    5191.847     40  10463.693    10464.851    10702.232
275  JC+I          5207.457     36  10486.915    10487.854    10701.599
276  JC+G4         5208.036     36  10488.072    10489.011    10702.756
277  JC+I+G4       5206.057     37  10486.115    10487.106    10706.763
Akaike Information Criterion:           TPM2u+F+I+G4
Corrected Akaike Information Criterion: TPM2u+F+I+G4
Bayesian Information Criterion:         HKY+F+I
Best-fit model: HKY+F+I chosen according to BIC

All model information printed to 48188at7898.fltrd_aligned.fas.model.gz
CPU time for ModelFinder: 0.785 seconds (0h:0m:0s)
Wall-clock time for ModelFinder: 0.800 seconds (0h:0m:0s)
Generating 1000 samples for ultrafast bootstrap (seed: 548305)...

NOTE: 0 MB RAM (0 GB) is required!
Estimate model parameters (epsilon = 0.100)
1. Initial log-likelihood: -5180.700
Optimal log-likelihood: -5180.700
Rate parameters:  A-C: 1.00000  A-G: 2.20034  A-T: 1.00000  C-G: 1.00000  C-T: 2.20034  G-T: 1.00000
Base frequencies:  A: 0.222  C: 0.279  G: 0.280  T: 0.219
Proportion of invariable sites: 0.796
Parameters optimization took 1 rounds (0.001 sec)
Computing ML distances based on estimated model parameters...
Computing ML distances took 0.001120 sec (of wall-clock time) 0.001094 sec(of CPU time)
Computing RapidNJ tree took 0.000069 sec (of wall-clock time) 0.000000 sec (of CPU time)
Log-likelihood of RapidNJ tree: -5202.493
--------------------------------------------------------------------
|             INITIALIZING CANDIDATE TREE SET                      |
--------------------------------------------------------------------
Generating 98 parsimony trees... 0.088 second
Computing log-likelihood of 98 initial trees ... 0.073 seconds
Current best score: -5172.737

Do NNI search on 20 best initial trees
Estimate model parameters (epsilon = 0.100)
BETTER TREE FOUND at iteration 1: -5172.450
Iteration 10 / LogL: -5172.475 / Time: 0h:0m:0s
UPDATE BEST LOG-LIKELIHOOD: -5172.450
Iteration 20 / LogL: -5172.450 / Time: 0h:0m:0s
Finish initializing candidate tree set (2)
Current best tree score: -5172.450 / CPU time: 0.320
Number of iterations: 20
--------------------------------------------------------------------
|               OPTIMIZING CANDIDATE TREE SET                      |
--------------------------------------------------------------------
Iteration 30 / LogL: -5172.459 / Time: 0h:0m:0s (0h:0m:1s left)
Iteration 40 / LogL: -5173.694 / Time: 0h:0m:0s (0h:0m:0s left)
UPDATE BEST LOG-LIKELIHOOD: -5172.450
Iteration 50 / LogL: -5173.694 / Time: 0h:0m:0s (0h:0m:0s left)
Log-likelihood cutoff on original alignment: -5201.780
Iteration 60 / LogL: -5176.589 / Time: 0h:0m:0s (0h:0m:0s left)
Iteration 70 / LogL: -5172.457 / Time: 0h:0m:0s (0h:0m:0s left)
Iteration 80 / LogL: -5173.693 / Time: 0h:0m:1s (0h:0m:0s left)
Iteration 90 / LogL: -5173.693 / Time: 0h:0m:1s (0h:0m:0s left)
Iteration 100 / LogL: -5173.687 / Time: 0h:0m:1s (0h:0m:0s left)
Log-likelihood cutoff on original alignment: -5201.099
NOTE: Bootstrap correlation coefficient of split occurrence frequencies: 0.991
TREE SEARCH COMPLETED AFTER 102 ITERATIONS / Time: 0h:0m:1s

--------------------------------------------------------------------
|                    FINALIZING TREE SEARCH                        |
--------------------------------------------------------------------
Performs final model parameters optimization
Estimate model parameters (epsilon = 0.010)
1. Initial log-likelihood: -5172.450
Optimal log-likelihood: -5172.446
Rate parameters:  A-C: 1.00000  A-G: 2.29556  A-T: 1.00000  C-G: 1.00000  C-T: 2.29556  G-T: 1.00000
Base frequencies:  A: 0.222  C: 0.279  G: 0.280  T: 0.219
Proportion of invariable sites: 0.789
Parameters optimization took 1 rounds (0.001 sec)
BEST SCORE FOUND : -5172.446
Creating bootstrap support values...
Split supports printed to NEXUS file 48188at7898.fltrd_aligned.fas.splits.nex
Total tree length: 0.089

Total number of iterations: 102
CPU time used for tree search: 1.135 sec (0h:0m:1s)
Wall-clock time used for tree search: 1.229 sec (0h:0m:1s)
Total CPU time used: 1.189 sec (0h:0m:1s)
Total wall-clock time used: 1.296 sec (0h:0m:1s)

Computing bootstrap consensus tree...
Reading input file 48188at7898.fltrd_aligned.fas.splits.nex...
19 taxa and 143 splits.
Consensus tree written to 48188at7898.fltrd_aligned.fas.contree
Reading input trees file 48188at7898.fltrd_aligned.fas.contree
Log-likelihood of consensus tree: -5172.475

Analysis results written to: 
  IQ-TREE report:                48188at7898.fltrd_aligned.fas.iqtree
  Maximum-likelihood tree:       48188at7898.fltrd_aligned.fas.treefile
  Likelihood distances:          48188at7898.fltrd_aligned.fas.mldist

Ultrafast bootstrap approximation results written to:
  Split support values:          48188at7898.fltrd_aligned.fas.splits.nex
  Consensus tree:                48188at7898.fltrd_aligned.fas.contree
  Screen log file:               48188at7898.fltrd_aligned.fas.log

Date and Time: Tue Dec  2 14:49:17 2025
