IQ-TREE multicore version 2.1.3 COVID-edition for Linux 64-bit built Apr 21 2021
Developed by Bui Quang Minh, James Barbetti, Nguyen Lam Tung,
Olga Chernomor, Heiko Schmidt, Dominik Schrempf, Michael Woodhams.

Host:    gombessa.rcs.alaska.edu (AVX2, FMA3, 503 GB RAM)
Command: /export/scratch/tsvanorden/Char_Phylogenetics/src/iqtree-2.1.3-Linux/bin/iqtree2 -s 69050at7898.fltrd_aligned.fas -m MFP -bb 1000 -T 1
Seed:    144513 (Using SPRNG - Scalable Parallel Random Number Generator)
Time:    Tue Dec  2 14:49:28 2025
Kernel:  AVX+FMA - 1 threads (1 CPU cores detected)

Reading alignment file 69050at7898.fltrd_aligned.fas ... Fasta format detected
Alignment most likely contains DNA/RNA sequences
Alignment has 20 sequences with 1131 columns, 17 distinct patterns
3 parsimony-informative, 9 singleton sites, 1119 constant sites
                                Gap/Ambiguity  Composition  p-value
   1  251140_Ward_Creek                 0.00%    passed     99.99%
   2  260512_Pybus_Point                0.00%    passed     99.99%
   3  261935_Kenai_River                0.00%    passed     99.99%
   4  353213_Cropley_Lake               0.00%    passed     99.99%
   5  353219_Peterson_Creek             0.00%    passed     99.99%
   6  353220_Fish_Creek                 0.00%    passed     99.99%
   7  353246_Cottonwood_Creek           0.00%    passed     99.99%
   8  353379_Skagit_River               0.00%    passed    100.00%
   9  353381_Dungeness_River            7.16%    passed     94.38%
  10  353401_Peace_River                0.00%    passed    100.00%
  11  353407_Noatok                     0.00%    passed     99.99%
  12  353410_Horizon_Lake               0.00%    passed     99.99%
  13  92319_Little_Lost                 0.00%    passed    100.00%
  14  94280_St_Joe                      0.00%    passed    100.00%
  15  GCA016432855_Lake_Trout           0.00%    passed    100.00%
  16  GCA036784925_Maine_S_alpinus      0.00%    passed     99.99%
  17  GCA045679555_Iceland_A_alpinus    0.00%    passed     99.99%
  18  GCF013265735_Rainbow_Trout        0.00%    passed     99.92%
  19  GCF029448725_Brook_Trout          0.00%    passed     99.86%
  20  Methow_River_99895                0.00%    passed    100.00%
****  TOTAL                             0.36%  0 sequences failed composition chi2 test (p-value<5%; df=3)
NOTE: 260512_Pybus_Point is identical to 251140_Ward_Creek but kept for subsequent analysis
NOTE: 353401_Peace_River is identical to 353379_Skagit_River but kept for subsequent analysis
NOTE: 12 identical sequences (see below) will be ignored for subsequent analysis
NOTE: 261935_Kenai_River (identical to 251140_Ward_Creek) is ignored but added at the end
NOTE: 353213_Cropley_Lake (identical to 251140_Ward_Creek) is ignored but added at the end
NOTE: 353219_Peterson_Creek (identical to 251140_Ward_Creek) is ignored but added at the end
NOTE: 353220_Fish_Creek (identical to 251140_Ward_Creek) is ignored but added at the end
NOTE: 353246_Cottonwood_Creek (identical to 251140_Ward_Creek) is ignored but added at the end
NOTE: 353407_Noatok (identical to 251140_Ward_Creek) is ignored but added at the end
NOTE: 353410_Horizon_Lake (identical to 251140_Ward_Creek) is ignored but added at the end
NOTE: GCA036784925_Maine_S_alpinus (identical to 251140_Ward_Creek) is ignored but added at the end
NOTE: GCA045679555_Iceland_A_alpinus (identical to 251140_Ward_Creek) is ignored but added at the end
NOTE: 92319_Little_Lost (identical to 353379_Skagit_River) is ignored but added at the end
NOTE: 94280_St_Joe (identical to 353379_Skagit_River) is ignored but added at the end
NOTE: Methow_River_99895 (identical to 353379_Skagit_River) is ignored but added at the end
Alignment was printed to 69050at7898.fltrd_aligned.fas.uniqueseq.phy

For your convenience alignment with unique sequences printed to 69050at7898.fltrd_aligned.fas.uniqueseq.phy


Create initial parsimony tree by phylogenetic likelihood library (PLL)... 0.000 seconds
Perform fast likelihood tree search using GTR+I+G model...
Estimate model parameters (epsilon = 5.000)
Perform nearest neighbor interchange...
Estimate model parameters (epsilon = 1.000)
1. Initial log-likelihood: -1652.253
Optimal log-likelihood: -1652.121
Rate parameters:  A-C: 31.72131  A-G: 32.91596  A-T: 0.00010  C-G: 13.39699  C-T: 100.00000  G-T: 1.00000
Base frequencies:  A: 0.234  C: 0.268  G: 0.247  T: 0.251
Proportion of invariable sites: 0.495
Gamma shape alpha: 998.448
Parameters optimization took 1 rounds (0.001 sec)

WARNING: Estimated model parameters are at boundary that can cause numerical instability!

Time for fast ML tree search: 0.004 seconds

NOTE: ModelFinder requires 0 MB RAM!
ModelFinder will test up to 286 DNA models (sample size: 1131) ...
 No. Model         -LnL         df  AIC          AICc         BIC
  1  GTR+F         1652.071     21  3346.142     3346.975     3451.790
  2  GTR+F+I       1652.071     22  3348.142     3349.056     3458.821
  3  GTR+F+G4      1652.071     22  3348.142     3349.056     3458.821
  4  GTR+F+I+G4    1652.121     23  3350.242     3351.239     3465.952
  5  GTR+F+R2      1652.095     23  3350.190     3351.187     3465.900
  6  GTR+F+R3      1652.103     25  3354.205     3355.382     3479.977
 14  SYM           1653.247     18  3342.494     3343.109     3433.050
 15  SYM+I         1653.244     19  3344.489     3345.173     3440.075
 16  SYM+G4        1653.244     19  3344.489     3345.173     3440.075
 27  TVM+F         1653.208     20  3346.416     3347.173     3447.033
 28  TVM+F+I       1653.207     21  3348.414     3349.247     3454.062
 29  TVM+F+G4      1653.210     21  3348.419     3349.252     3454.067
 40  TVMe          1654.548     17  3343.097     3343.647     3428.621
 41  TVMe+I        1654.548     18  3345.097     3345.712     3435.652
 42  TVMe+G4       1654.548     18  3345.097     3345.712     3435.652
 53  TIM3+F        1653.407     19  3344.814     3345.498     3440.401
 54  TIM3+F+I      1653.407     20  3346.814     3347.571     3447.431
 55  TIM3+F+G4     1653.407     20  3346.814     3347.571     3447.432
 66  TIM3e         1654.730     16  3341.459     3341.948     3421.953
 67  TIM3e+I       1654.730     17  3343.459     3344.009     3428.984
 68  TIM3e+G4      1654.730     17  3343.460     3344.009     3428.984
 79  TIM2+F        1653.976     19  3345.952     3346.636     3441.538
 80  TIM2+F+I      1653.976     20  3347.952     3348.708     3448.569
 81  TIM2+F+G4     1653.976     20  3347.952     3348.709     3448.569
 92  TIM2e         1655.201     16  3342.401     3342.889     3422.895
 93  TIM2e+I       1655.199     17  3344.399     3344.949     3429.924
 94  TIM2e+G4      1655.200     17  3344.400     3344.949     3429.924
105  TIM+F         1654.005     19  3346.010     3346.694     3441.596
106  TIM+F+I       1654.014     20  3348.028     3348.785     3448.645
107  TIM+F+G4      1654.012     20  3348.024     3348.780     3448.641
118  TIMe          1655.220     16  3342.440     3342.928     3422.934
119  TIMe+I        1655.220     17  3344.440     3344.990     3429.965
120  TIMe+G4       1655.220     17  3344.440     3344.990     3429.965
131  TPM3u+F       1653.407     18  3342.814     3343.429     3433.370
132  TPM3u+F+I     1653.407     19  3344.814     3345.498     3440.401
133  TPM3u+F+G4    1653.407     19  3344.814     3345.498     3440.401
144  TPM3+F        1653.407     18  3342.814     3343.429     3433.370
145  TPM3+F+I      1653.407     19  3344.814     3345.498     3440.401
146  TPM3+F+G4     1653.407     19  3344.814     3345.498     3440.401
157  TPM2u+F       1655.131     18  3346.262     3346.877     3436.818
158  TPM2u+F+I     1655.130     19  3348.260     3348.944     3443.846
159  TPM2u+F+G4    1655.130     19  3348.260     3348.944     3443.847
170  TPM2+F        1655.131     18  3346.262     3346.877     3436.818
171  TPM2+F+I      1655.130     19  3348.260     3348.944     3443.846
172  TPM2+F+G4     1655.130     19  3348.260     3348.944     3443.847
183  K3Pu+F        1655.149     18  3346.297     3346.912     3436.853
184  K3Pu+F+I      1655.147     19  3348.293     3348.977     3443.880
185  K3Pu+F+G4     1655.147     19  3348.294     3348.978     3443.881
196  K3P           1656.516     15  3343.033     3343.463     3418.495
197  K3P+I         1656.516     16  3345.032     3345.520     3425.526
198  K3P+G4        1656.516     16  3345.032     3345.520     3425.526
209  TN+F          1654.173     18  3344.347     3344.962     3434.902
210  TN+F+I        1654.173     19  3346.347     3347.031     3441.933
211  TN+F+G4       1654.173     19  3346.347     3347.031     3441.933
222  TNe           1655.382     15  3340.763     3341.194     3416.226
223  TNe+I         1655.381     16  3342.761     3343.250     3423.255
224  TNe+G4        1655.381     16  3342.761     3343.250     3423.255
235  HKY+F         1655.317     17  3344.634     3345.184     3430.159
236  HKY+F+I       1655.317     18  3346.634     3347.249     3437.190
237  HKY+F+G4      1655.317     18  3346.634     3347.250     3437.190
248  K2P           1656.687     14  3341.374     3341.750     3411.806
249  K2P+I         1656.686     15  3343.372     3343.803     3418.835
250  K2P+G4        1656.686     15  3343.372     3343.803     3418.835
261  F81+F         1659.665     16  3351.330     3351.818     3431.824
262  F81+F+I       1659.665     17  3353.330     3353.880     3438.854
263  F81+F+G4      1659.665     17  3353.330     3353.880     3438.855
274  JC            1661.042     13  3348.085     3348.411     3413.486
275  JC+I          1661.042     14  3350.085     3350.461     3420.517
276  JC+G4         1661.042     14  3350.085     3350.461     3420.517
Akaike Information Criterion:           TNe
Corrected Akaike Information Criterion: TNe
Bayesian Information Criterion:         K2P
Best-fit model: K2P chosen according to BIC

All model information printed to 69050at7898.fltrd_aligned.fas.model.gz
CPU time for ModelFinder: 0.048 seconds (0h:0m:0s)
Wall-clock time for ModelFinder: 0.052 seconds (0h:0m:0s)
Generating 1000 samples for ultrafast bootstrap (seed: 144513)...

NOTE: 0 MB RAM (0 GB) is required!
Estimate model parameters (epsilon = 0.100)
1. Initial log-likelihood: -1656.687
Optimal log-likelihood: -1656.686
Rate parameters:  A-C: 1.00000  A-G: 5.67997  A-T: 1.00000  C-G: 1.00000  C-T: 5.67997  G-T: 1.00000
Base frequencies:  A: 0.250  C: 0.250  G: 0.250  T: 0.250
Parameters optimization took 1 rounds (0.000 sec)
Computing ML distances based on estimated model parameters...
Computing ML distances took 0.000247 sec (of wall-clock time) 0.000226 sec(of CPU time)
Computing RapidNJ tree took 0.000024 sec (of wall-clock time) 0.000020 sec (of CPU time)
Log-likelihood of RapidNJ tree: -1671.958
--------------------------------------------------------------------
|             INITIALIZING CANDIDATE TREE SET                      |
--------------------------------------------------------------------
Generating 98 parsimony trees... 0.011 second
Computing log-likelihood of 88 initial trees ... 0.006 seconds
Current best score: -1656.686

Do NNI search on 20 best initial trees
Estimate model parameters (epsilon = 0.100)
BETTER TREE FOUND at iteration 1: -1656.685
UPDATE BEST LOG-LIKELIHOOD: -1656.685
UPDATE BEST LOG-LIKELIHOOD: -1656.685
Iteration 10 / LogL: -1656.685 / Time: 0h:0m:0s
UPDATE BEST LOG-LIKELIHOOD: -1656.685
Iteration 20 / LogL: -1656.686 / Time: 0h:0m:0s
Finish initializing candidate tree set (6)
Current best tree score: -1656.685 / CPU time: 0.055
Number of iterations: 20
--------------------------------------------------------------------
|               OPTIMIZING CANDIDATE TREE SET                      |
--------------------------------------------------------------------
Iteration 30 / LogL: -1656.690 / Time: 0h:0m:0s (0h:0m:0s left)
Iteration 40 / LogL: -1656.686 / Time: 0h:0m:0s (0h:0m:0s left)
Iteration 50 / LogL: -1656.685 / Time: 0h:0m:0s (0h:0m:0s left)
Log-likelihood cutoff on original alignment: -1683.012
Iteration 60 / LogL: -1656.689 / Time: 0h:0m:0s (0h:0m:0s left)
Iteration 70 / LogL: -1656.689 / Time: 0h:0m:0s (0h:0m:0s left)
Iteration 80 / LogL: -1656.697 / Time: 0h:0m:0s (0h:0m:0s left)
Iteration 90 / LogL: -1656.689 / Time: 0h:0m:0s (0h:0m:0s left)
Iteration 100 / LogL: -1656.686 / Time: 0h:0m:0s (0h:0m:0s left)
Log-likelihood cutoff on original alignment: -1683.012
NOTE: Bootstrap correlation coefficient of split occurrence frequencies: 0.923
NOTE: UFBoot does not converge, continue at least 100 more iterations
Iteration 110 / LogL: -1656.685 / Time: 0h:0m:0s (0h:0m:0s left)
Iteration 120 / LogL: -1656.691 / Time: 0h:0m:0s (0h:0m:0s left)
Iteration 130 / LogL: -1656.689 / Time: 0h:0m:0s (0h:0m:0s left)
Iteration 140 / LogL: -1656.685 / Time: 0h:0m:0s (0h:0m:0s left)
Iteration 150 / LogL: -1656.686 / Time: 0h:0m:0s (0h:0m:0s left)
Log-likelihood cutoff on original alignment: -1683.012
Iteration 160 / LogL: -1656.685 / Time: 0h:0m:0s (0h:0m:0s left)
Iteration 170 / LogL: -1656.685 / Time: 0h:0m:0s (0h:0m:0s left)
Iteration 180 / LogL: -1656.686 / Time: 0h:0m:0s (0h:0m:0s left)
Iteration 190 / LogL: -1656.685 / Time: 0h:0m:0s (0h:0m:0s left)
Iteration 200 / LogL: -1656.691 / Time: 0h:0m:0s (0h:0m:0s left)
Log-likelihood cutoff on original alignment: -1683.012
NOTE: Bootstrap correlation coefficient of split occurrence frequencies: 0.949
NOTE: UFBoot does not converge, continue at least 100 more iterations
Iteration 210 / LogL: -1656.685 / Time: 0h:0m:0s (0h:0m:0s left)
UPDATE BEST LOG-LIKELIHOOD: -1656.685
Iteration 220 / LogL: -1656.685 / Time: 0h:0m:0s (0h:0m:0s left)
Iteration 230 / LogL: -1656.685 / Time: 0h:0m:0s (0h:0m:0s left)
Iteration 240 / LogL: -1656.685 / Time: 0h:0m:1s (0h:0m:0s left)
Iteration 250 / LogL: -1656.685 / Time: 0h:0m:1s (0h:0m:0s left)
Log-likelihood cutoff on original alignment: -1683.385
Iteration 260 / LogL: -1656.693 / Time: 0h:0m:1s (0h:0m:0s left)
Iteration 270 / LogL: -1656.688 / Time: 0h:0m:1s (0h:0m:0s left)
Iteration 280 / LogL: -1656.685 / Time: 0h:0m:1s (0h:0m:0s left)
Iteration 290 / LogL: -1656.685 / Time: 0h:0m:1s (0h:0m:0s left)
Iteration 300 / LogL: -1656.685 / Time: 0h:0m:1s (0h:0m:0s left)
Log-likelihood cutoff on original alignment: -1683.385
NOTE: Bootstrap correlation coefficient of split occurrence frequencies: 0.943
NOTE: UFBoot does not converge, continue at least 100 more iterations
Iteration 310 / LogL: -1656.687 / Time: 0h:0m:1s (0h:0m:0s left)
Iteration 320 / LogL: -1656.689 / Time: 0h:0m:1s (0h:0m:0s left)
Iteration 330 / LogL: -1656.685 / Time: 0h:0m:1s (0h:0m:0s left)
Iteration 340 / LogL: -1656.685 / Time: 0h:0m:1s (0h:0m:0s left)
Iteration 350 / LogL: -1656.685 / Time: 0h:0m:1s (0h:0m:0s left)
Log-likelihood cutoff on original alignment: -1683.012
Iteration 360 / LogL: -1656.685 / Time: 0h:0m:1s (0h:0m:0s left)
Iteration 370 / LogL: -1656.685 / Time: 0h:0m:1s (0h:0m:0s left)
Iteration 380 / LogL: -1656.685 / Time: 0h:0m:1s (0h:0m:0s left)
Iteration 390 / LogL: -1656.689 / Time: 0h:0m:1s (0h:0m:0s left)
Iteration 400 / LogL: -1656.685 / Time: 0h:0m:1s (0h:0m:0s left)
Log-likelihood cutoff on original alignment: -1683.012
NOTE: Bootstrap correlation coefficient of split occurrence frequencies: 0.958
NOTE: UFBoot does not converge, continue at least 100 more iterations
Iteration 410 / LogL: -1656.685 / Time: 0h:0m:1s (0h:0m:0s left)
Iteration 420 / LogL: -1656.686 / Time: 0h:0m:1s (0h:0m:0s left)
Iteration 430 / LogL: -1656.685 / Time: 0h:0m:1s (0h:0m:0s left)
Iteration 440 / LogL: -1656.685 / Time: 0h:0m:1s (0h:0m:0s left)
Iteration 450 / LogL: -1656.685 / Time: 0h:0m:1s (0h:0m:0s left)
Log-likelihood cutoff on original alignment: -1683.012
Iteration 460 / LogL: -1656.689 / Time: 0h:0m:1s (0h:0m:0s left)
Iteration 470 / LogL: -1656.685 / Time: 0h:0m:2s (0h:0m:0s left)
Iteration 480 / LogL: -1656.687 / Time: 0h:0m:2s (0h:0m:0s left)
Iteration 490 / LogL: -1656.685 / Time: 0h:0m:2s (0h:0m:0s left)
Iteration 500 / LogL: -1656.686 / Time: 0h:0m:2s (0h:0m:0s left)
Log-likelihood cutoff on original alignment: -1683.012
NOTE: Bootstrap correlation coefficient of split occurrence frequencies: 0.984
NOTE: UFBoot does not converge, continue at least 100 more iterations
Iteration 510 / LogL: -1656.689 / Time: 0h:0m:2s (0h:0m:0s left)
Iteration 520 / LogL: -1656.685 / Time: 0h:0m:2s (0h:0m:0s left)
Iteration 530 / LogL: -1656.687 / Time: 0h:0m:2s (0h:0m:0s left)
Iteration 540 / LogL: -1656.685 / Time: 0h:0m:2s (0h:0m:0s left)
Iteration 550 / LogL: -1656.692 / Time: 0h:0m:2s (0h:0m:0s left)
Log-likelihood cutoff on original alignment: -1683.012
Iteration 560 / LogL: -1656.687 / Time: 0h:0m:2s (0h:0m:0s left)
Iteration 570 / LogL: -1656.691 / Time: 0h:0m:2s (0h:0m:0s left)
Iteration 580 / LogL: -1656.685 / Time: 0h:0m:2s (0h:0m:0s left)
Iteration 590 / LogL: -1656.685 / Time: 0h:0m:2s (0h:0m:0s left)
Iteration 600 / LogL: -1656.685 / Time: 0h:0m:2s (0h:0m:0s left)
Log-likelihood cutoff on original alignment: -1683.012
NOTE: Bootstrap correlation coefficient of split occurrence frequencies: 0.984
NOTE: UFBoot does not converge, continue at least 100 more iterations
Iteration 610 / LogL: -1656.687 / Time: 0h:0m:2s (0h:0m:0s left)
Iteration 620 / LogL: -1656.685 / Time: 0h:0m:2s (0h:0m:0s left)
Iteration 630 / LogL: -1656.685 / Time: 0h:0m:2s (0h:0m:0s left)
Iteration 640 / LogL: -1656.687 / Time: 0h:0m:2s (0h:0m:0s left)
Iteration 650 / LogL: -1656.685 / Time: 0h:0m:2s (0h:0m:0s left)
Log-likelihood cutoff on original alignment: -1683.012
Iteration 660 / LogL: -1656.687 / Time: 0h:0m:2s (0h:0m:0s left)
Iteration 670 / LogL: -1656.685 / Time: 0h:0m:2s (0h:0m:0s left)
Iteration 680 / LogL: -1656.685 / Time: 0h:0m:2s (0h:0m:0s left)
Iteration 690 / LogL: -1656.689 / Time: 0h:0m:2s (0h:0m:0s left)
Iteration 700 / LogL: -1656.687 / Time: 0h:0m:2s (0h:0m:0s left)
Log-likelihood cutoff on original alignment: -1683.012
NOTE: Bootstrap correlation coefficient of split occurrence frequencies: 0.978
NOTE: UFBoot does not converge, continue at least 100 more iterations
Iteration 710 / LogL: -1656.685 / Time: 0h:0m:3s (0h:0m:0s left)
Iteration 720 / LogL: -1656.689 / Time: 0h:0m:3s (0h:0m:0s left)
Iteration 730 / LogL: -1656.689 / Time: 0h:0m:3s (0h:0m:0s left)
Iteration 740 / LogL: -1656.685 / Time: 0h:0m:3s (0h:0m:0s left)
Iteration 750 / LogL: -1656.685 / Time: 0h:0m:3s (0h:0m:0s left)
Log-likelihood cutoff on original alignment: -1683.012
Iteration 760 / LogL: -1656.685 / Time: 0h:0m:3s (0h:0m:0s left)
Iteration 770 / LogL: -1656.685 / Time: 0h:0m:3s (0h:0m:0s left)
Iteration 780 / LogL: -1656.685 / Time: 0h:0m:3s (0h:0m:0s left)
Iteration 790 / LogL: -1656.688 / Time: 0h:0m:3s (0h:0m:0s left)
Iteration 800 / LogL: -1656.685 / Time: 0h:0m:3s (0h:0m:0s left)
Log-likelihood cutoff on original alignment: -1683.012
NOTE: Bootstrap correlation coefficient of split occurrence frequencies: 0.993
TREE SEARCH COMPLETED AFTER 800 ITERATIONS / Time: 0h:0m:3s

--------------------------------------------------------------------
|                    FINALIZING TREE SEARCH                        |
--------------------------------------------------------------------
Performs final model parameters optimization
Estimate model parameters (epsilon = 0.010)
1. Initial log-likelihood: -1656.685
Optimal log-likelihood: -1656.685
Rate parameters:  A-C: 1.00000  A-G: 5.72512  A-T: 1.00000  C-G: 1.00000  C-T: 5.72512  G-T: 1.00000
Base frequencies:  A: 0.250  C: 0.250  G: 0.250  T: 0.250
Parameters optimization took 1 rounds (0.000 sec)
BEST SCORE FOUND : -1656.685
Creating bootstrap support values...
Split supports printed to NEXUS file 69050at7898.fltrd_aligned.fas.splits.nex
Total tree length: 0.011

Total number of iterations: 800
CPU time used for tree search: 3.279 sec (0h:0m:3s)
Wall-clock time used for tree search: 3.397 sec (0h:0m:3s)
Total CPU time used: 3.302 sec (0h:0m:3s)
Total wall-clock time used: 3.429 sec (0h:0m:3s)

Computing bootstrap consensus tree...
Reading input file 69050at7898.fltrd_aligned.fas.splits.nex...
8 taxa and 56 splits.
Consensus tree written to 69050at7898.fltrd_aligned.fas.contree
Reading input trees file 69050at7898.fltrd_aligned.fas.contree
Log-likelihood of consensus tree: -1656.700

Analysis results written to: 
  IQ-TREE report:                69050at7898.fltrd_aligned.fas.iqtree
  Maximum-likelihood tree:       69050at7898.fltrd_aligned.fas.treefile
  Likelihood distances:          69050at7898.fltrd_aligned.fas.mldist

Ultrafast bootstrap approximation results written to:
  Split support values:          69050at7898.fltrd_aligned.fas.splits.nex
  Consensus tree:                69050at7898.fltrd_aligned.fas.contree
  Screen log file:               69050at7898.fltrd_aligned.fas.log

Date and Time: Tue Dec  2 14:49:31 2025
