IQ-TREE multicore version 2.1.3 COVID-edition for Linux 64-bit built Apr 21 2021
Developed by Bui Quang Minh, James Barbetti, Nguyen Lam Tung,
Olga Chernomor, Heiko Schmidt, Dominik Schrempf, Michael Woodhams.

Host:    gombessa.rcs.alaska.edu (AVX2, FMA3, 503 GB RAM)
Command: /export/scratch/tsvanorden/Char_Phylogenetics/src/iqtree-2.1.3-Linux/bin/iqtree2 -s 43319at7898.fltrd_aligned.fas -m MFP -bb 1000 -T 1
Seed:    122224 (Using SPRNG - Scalable Parallel Random Number Generator)
Time:    Tue Dec  2 14:49:53 2025
Kernel:  AVX+FMA - 1 threads (1 CPU cores detected)

Reading alignment file 43319at7898.fltrd_aligned.fas ... Fasta format detected
Alignment most likely contains DNA/RNA sequences
Alignment has 20 sequences with 1743 columns, 170 distinct patterns
78 parsimony-informative, 71 singleton sites, 1594 constant sites
                                Gap/Ambiguity  Composition  p-value
   1  251140_Ward_Creek                 9.98%    passed     98.94%
   2  260512_Pybus_Point               12.05%    passed     95.19%
   3  261935_Kenai_River               12.39%    passed     97.31%
   4  353213_Cropley_Lake               9.29%    passed     96.93%
   5  353219_Peterson_Creek             9.29%    passed     92.68%
   6  353220_Fish_Creek                12.05%    passed     93.86%
   7  353246_Cottonwood_Creek          10.67%    passed     90.57%
   8  353379_Skagit_River               9.29%    passed     99.34%
   9  353381_Dungeness_River           17.04%    passed     24.07%
  10  353401_Peace_River                9.29%    passed     99.34%
  11  353407_Noatok                    12.39%    passed     91.36%
  12  353410_Horizon_Lake               9.29%    passed     93.73%
  13  92319_Little_Lost                16.18%    passed     99.98%
  14  94280_St_Joe                      9.29%    passed     99.34%
  15  GCA016432855_Lake_Trout           0.52%    passed     71.86%
  16  GCA036784925_Maine_S_alpinus      9.29%    passed     95.58%
  17  GCA045679555_Iceland_A_alpinus    9.29%    passed     95.58%
  18  GCF013265735_Rainbow_Trout        8.95%    passed     99.70%
  19  GCF029448725_Brook_Trout          0.52%    passed     66.50%
  20  Methow_River_99895               12.05%    passed     92.95%
****  TOTAL                             9.96%  0 sequences failed composition chi2 test (p-value<5%; df=3)
NOTE: 353401_Peace_River is identical to 353379_Skagit_River but kept for subsequent analysis
NOTE: GCA045679555_Iceland_A_alpinus is identical to GCA036784925_Maine_S_alpinus but kept for subsequent analysis
NOTE: 1 identical sequences (see below) will be ignored for subsequent analysis
NOTE: 94280_St_Joe (identical to 353379_Skagit_River) is ignored but added at the end
Alignment was printed to 43319at7898.fltrd_aligned.fas.uniqueseq.phy

For your convenience alignment with unique sequences printed to 43319at7898.fltrd_aligned.fas.uniqueseq.phy


Create initial parsimony tree by phylogenetic likelihood library (PLL)... 0.001 seconds
Perform fast likelihood tree search using GTR+I+G model...
Estimate model parameters (epsilon = 5.000)
Perform nearest neighbor interchange...
Estimate model parameters (epsilon = 1.000)
1. Initial log-likelihood: -3681.721
Optimal log-likelihood: -3681.720
Rate parameters:  A-C: 0.98310  A-G: 1.51229  A-T: 1.60688  C-G: 0.88287  C-T: 1.94309  G-T: 1.00000
Base frequencies:  A: 0.234  C: 0.252  G: 0.282  T: 0.232
Proportion of invariable sites: 0.456
Gamma shape alpha: 0.196
Parameters optimization took 1 rounds (0.003 sec)
Time for fast ML tree search: 0.027 seconds

NOTE: ModelFinder requires 1 MB RAM!
ModelFinder will test up to 286 DNA models (sample size: 1743) ...
 No. Model         -LnL         df  AIC          AICc         BIC
  1  GTR+F         3730.780     43  7547.560     7549.787     7782.485
  2  GTR+F+I       3681.491     44  7450.982     7453.314     7691.370
  3  GTR+F+G4      3685.062     44  7458.124     7460.456     7698.512
  4  GTR+F+I+G4    3681.719     45  7453.438     7455.877     7699.289
  5  GTR+F+R2      3682.917     45  7455.835     7458.274     7701.686
  6  GTR+F+R3      3682.407     47  7458.815     7461.477     7715.593
 15  SYM+I         3682.731     41  7447.462     7449.486     7671.459
 16  SYM+G4        3686.227     41  7454.454     7456.478     7678.451
 17  SYM+I+G4      3683.031     42  7450.062     7452.187     7679.523
 28  TVM+F+I       3681.089     43  7448.177     7450.404     7683.102
 29  TVM+F+G4      3684.548     43  7455.096     7457.323     7690.021
 30  TVM+F+I+G4    3681.349     44  7450.698     7453.030     7691.086
 41  TVMe+I        3683.020     40  7446.041     7447.968     7664.575
 42  TVMe+G4       3686.496     40  7452.992     7454.919     7671.527
 43  TVMe+I+G4     3683.315     41  7448.630     7450.655     7672.628
 54  TIM3+F+I      3681.945     42  7447.891     7450.016     7677.352
 55  TIM3+F+G4     3685.474     42  7454.948     7457.073     7684.409
 56  TIM3+F+I+G4   3682.258     43  7450.517     7452.744     7685.441
 67  TIM3e+I       3683.534     39  7445.068     7446.900     7658.139
 68  TIM3e+G4      3687.068     39  7452.136     7453.968     7665.207
 69  TIM3e+I+G4    3683.854     40  7447.708     7449.635     7666.243
 80  TIM2+F+I      3682.023     42  7448.046     7450.171     7677.507
 81  TIM2+F+G4     3685.442     42  7454.885     7457.010     7684.346
 82  TIM2+F+I+G4   3682.320     43  7450.639     7452.866     7685.564
 93  TIM2e+I       3683.876     39  7445.752     7447.584     7658.823
 94  TIM2e+G4      3687.322     39  7452.645     7454.477     7665.716
 95  TIM2e+I+G4    3684.192     40  7448.383     7450.311     7666.918
106  TIM+F+I       3682.588     42  7449.176     7451.301     7678.638
107  TIM+F+G4      3686.017     42  7456.033     7458.158     7685.494
108  TIM+F+I+G4    3682.933     43  7451.865     7454.092     7686.790
119  TIMe+I        3683.774     39  7445.547     7447.379     7658.618
120  TIMe+G4       3687.235     39  7452.469     7454.301     7665.540
121  TIMe+I+G4     3684.115     40  7448.230     7450.158     7666.765
132  TPM3u+F+I     3682.510     41  7447.021     7449.045     7671.019
133  TPM3u+F+G4    3686.002     41  7454.005     7456.029     7678.002
134  TPM3u+F+I+G4  3682.815     42  7449.629     7451.754     7679.091
145  TPM3+F+I      3682.510     41  7447.021     7449.045     7671.019
146  TPM3+F+G4     3686.002     41  7454.005     7456.029     7678.002
147  TPM3+F+I+G4   3682.815     42  7449.629     7451.754     7679.091
158  TPM2u+F+I     3682.566     41  7447.133     7449.158     7671.131
159  TPM2u+F+G4    3685.952     41  7453.904     7455.929     7677.902
160  TPM2u+F+I+G4  3682.851     42  7449.702     7451.826     7679.163
171  TPM2+F+I      3682.566     41  7447.133     7449.158     7671.131
172  TPM2+F+G4     3685.952     41  7453.904     7455.929     7677.902
173  TPM2+F+I+G4   3682.851     42  7449.702     7451.826     7679.163
184  K3Pu+F+I      3683.147     41  7448.293     7450.318     7672.291
185  K3Pu+F+G4     3686.541     41  7455.082     7457.107     7679.080
186  K3Pu+F+I+G4   3683.482     42  7450.964     7453.088     7680.425
197  K3P+I         3684.065     38  7444.129     7445.869     7651.737
198  K3P+G4        3687.505     38  7451.010     7452.750     7658.618
199  K3P+I+G4      3684.404     39  7446.807     7448.639     7659.878
210  TN+F+I        3682.991     41  7447.981     7450.006     7671.979
211  TN+F+G4       3686.434     41  7454.868     7456.892     7678.865
212  TN+F+I+G4     3683.330     42  7450.659     7452.784     7680.120
223  TNe+I         3684.226     38  7444.452     7446.191     7652.060
224  TNe+G4        3687.698     38  7451.396     7453.135     7659.003
225  TNe+I+G4      3684.564     39  7447.129     7448.961     7660.200
236  HKY+F+I       3683.551     40  7447.103     7449.030     7665.637
237  HKY+F+G4      3686.960     40  7453.920     7455.847     7672.455
238  HKY+F+I+G4    3683.882     41  7449.765     7451.789     7673.763
249  K2P+I         3684.518     37  7443.036     7444.686     7645.181
250  K2P+G4        3687.971     37  7449.942     7451.591     7652.086
251  K2P+I+G4      3684.854     38  7445.708     7447.447     7653.316
262  F81+F+I       3687.656     39  7453.313     7455.145     7666.384
263  F81+F+G4      3691.029     39  7460.057     7461.889     7673.128
264  F81+F+I+G4    3688.048     40  7456.097     7458.024     7674.631
275  JC+I          3688.577     36  7449.154     7450.716     7645.835
276  JC+G4         3691.986     36  7455.971     7457.533     7652.652
277  JC+I+G4       3688.971     37  7451.941     7453.590     7654.086
Akaike Information Criterion:           K2P+I
Corrected Akaike Information Criterion: K2P+I
Bayesian Information Criterion:         K2P+I
Best-fit model: K2P+I chosen according to BIC

All model information printed to 43319at7898.fltrd_aligned.fas.model.gz
CPU time for ModelFinder: 0.756 seconds (0h:0m:0s)
Wall-clock time for ModelFinder: 0.772 seconds (0h:0m:0s)
Generating 1000 samples for ultrafast bootstrap (seed: 122224)...

NOTE: 0 MB RAM (0 GB) is required!
Estimate model parameters (epsilon = 0.100)
1. Initial log-likelihood: -3684.518
Optimal log-likelihood: -3684.518
Rate parameters:  A-C: 1.00000  A-G: 1.55329  A-T: 1.00000  C-G: 1.00000  C-T: 1.55329  G-T: 1.00000
Base frequencies:  A: 0.250  C: 0.250  G: 0.250  T: 0.250
Proportion of invariable sites: 0.824
Parameters optimization took 1 rounds (0.001 sec)
Computing ML distances based on estimated model parameters...
Computing ML distances took 0.001254 sec (of wall-clock time) 0.001225 sec(of CPU time)
WARNING: Some pairwise ML distances are too long (saturated)
Computing RapidNJ tree took 0.000076 sec (of wall-clock time) 0.000074 sec (of CPU time)
Log-likelihood of RapidNJ tree: -3712.441
--------------------------------------------------------------------
|             INITIALIZING CANDIDATE TREE SET                      |
--------------------------------------------------------------------
Generating 98 parsimony trees... 0.089 second
Computing log-likelihood of 98 initial trees ... 0.075 seconds
Current best score: -3684.518

Do NNI search on 20 best initial trees
Estimate model parameters (epsilon = 0.100)
BETTER TREE FOUND at iteration 1: -3684.517
UPDATE BEST LOG-LIKELIHOOD: -3684.514
Iteration 10 / LogL: -3684.515 / Time: 0h:0m:0s
Iteration 20 / LogL: -3684.521 / Time: 0h:0m:0s
Finish initializing candidate tree set (2)
Current best tree score: -3684.514 / CPU time: 0.357
Number of iterations: 20
--------------------------------------------------------------------
|               OPTIMIZING CANDIDATE TREE SET                      |
--------------------------------------------------------------------
Iteration 30 / LogL: -3684.515 / Time: 0h:0m:0s (0h:0m:1s left)
Iteration 40 / LogL: -3712.535 / Time: 0h:0m:0s (0h:0m:1s left)
Iteration 50 / LogL: -3715.351 / Time: 0h:0m:0s (0h:0m:0s left)
Log-likelihood cutoff on original alignment: -3721.524
Iteration 60 / LogL: -3686.588 / Time: 0h:0m:1s (0h:0m:0s left)
Iteration 70 / LogL: -3686.586 / Time: 0h:0m:1s (0h:0m:0s left)
Iteration 80 / LogL: -3686.587 / Time: 0h:0m:1s (0h:0m:0s left)
Iteration 90 / LogL: -3686.583 / Time: 0h:0m:1s (0h:0m:0s left)
Iteration 100 / LogL: -3684.519 / Time: 0h:0m:1s (0h:0m:0s left)
Log-likelihood cutoff on original alignment: -3722.198
NOTE: Bootstrap correlation coefficient of split occurrence frequencies: 0.945
NOTE: UFBoot does not converge, continue at least 100 more iterations
Iteration 110 / LogL: -3684.519 / Time: 0h:0m:1s (0h:0m:1s left)
Iteration 120 / LogL: -3686.585 / Time: 0h:0m:1s (0h:0m:1s left)
Iteration 130 / LogL: -3684.534 / Time: 0h:0m:2s (0h:0m:1s left)
Iteration 140 / LogL: -3686.584 / Time: 0h:0m:2s (0h:0m:0s left)
Iteration 150 / LogL: -3699.173 / Time: 0h:0m:2s (0h:0m:0s left)
Log-likelihood cutoff on original alignment: -3721.925
Iteration 160 / LogL: -3684.515 / Time: 0h:0m:2s (0h:0m:0s left)
Iteration 170 / LogL: -3711.096 / Time: 0h:0m:2s (0h:0m:0s left)
Iteration 180 / LogL: -3710.998 / Time: 0h:0m:2s (0h:0m:0s left)
Iteration 190 / LogL: -3684.518 / Time: 0h:0m:2s (0h:0m:0s left)
Iteration 200 / LogL: -3684.515 / Time: 0h:0m:2s (0h:0m:0s left)
Log-likelihood cutoff on original alignment: -3721.925
NOTE: Bootstrap correlation coefficient of split occurrence frequencies: 0.997
TREE SEARCH COMPLETED AFTER 200 ITERATIONS / Time: 0h:0m:2s

--------------------------------------------------------------------
|                    FINALIZING TREE SEARCH                        |
--------------------------------------------------------------------
Performs final model parameters optimization
Estimate model parameters (epsilon = 0.010)
1. Initial log-likelihood: -3684.514
Optimal log-likelihood: -3684.514
Rate parameters:  A-C: 1.00000  A-G: 1.55259  A-T: 1.00000  C-G: 1.00000  C-T: 1.55259  G-T: 1.00000
Base frequencies:  A: 0.250  C: 0.250  G: 0.250  T: 0.250
Proportion of invariable sites: 0.824
Parameters optimization took 1 rounds (0.001 sec)
BEST SCORE FOUND : -3684.514
Creating bootstrap support values...
Split supports printed to NEXUS file 43319at7898.fltrd_aligned.fas.splits.nex
Total tree length: 0.132

Total number of iterations: 200
CPU time used for tree search: 2.774 sec (0h:0m:2s)
Wall-clock time used for tree search: 2.874 sec (0h:0m:2s)
Total CPU time used: 2.824 sec (0h:0m:2s)
Total wall-clock time used: 2.937 sec (0h:0m:2s)

Computing bootstrap consensus tree...
Reading input file 43319at7898.fltrd_aligned.fas.splits.nex...
19 taxa and 172 splits.
Consensus tree written to 43319at7898.fltrd_aligned.fas.contree
Reading input trees file 43319at7898.fltrd_aligned.fas.contree
Log-likelihood of consensus tree: -3684.529

Analysis results written to: 
  IQ-TREE report:                43319at7898.fltrd_aligned.fas.iqtree
  Maximum-likelihood tree:       43319at7898.fltrd_aligned.fas.treefile
  Likelihood distances:          43319at7898.fltrd_aligned.fas.mldist

Ultrafast bootstrap approximation results written to:
  Split support values:          43319at7898.fltrd_aligned.fas.splits.nex
  Consensus tree:                43319at7898.fltrd_aligned.fas.contree
  Screen log file:               43319at7898.fltrd_aligned.fas.log

Date and Time: Tue Dec  2 14:49:56 2025
