IQ-TREE multicore version 2.1.3 COVID-edition for Linux 64-bit built Apr 21 2021
Developed by Bui Quang Minh, James Barbetti, Nguyen Lam Tung,
Olga Chernomor, Heiko Schmidt, Dominik Schrempf, Michael Woodhams.

Host:    gombessa.rcs.alaska.edu (AVX2, FMA3, 503 GB RAM)
Command: /export/scratch/tsvanorden/Char_Phylogenetics/src/iqtree-2.1.3-Linux/bin/iqtree2 -s 65617at7898.fltrd_aligned.fas -m MFP -bb 1000 -T 1
Seed:    959758 (Using SPRNG - Scalable Parallel Random Number Generator)
Time:    Tue Dec  2 14:49:53 2025
Kernel:  AVX+FMA - 1 threads (1 CPU cores detected)

Reading alignment file 65617at7898.fltrd_aligned.fas ... Fasta format detected
Alignment most likely contains DNA/RNA sequences
Alignment has 20 sequences with 1611 columns, 39 distinct patterns
11 parsimony-informative, 39 singleton sites, 1561 constant sites
                                Gap/Ambiguity  Composition  p-value
   1  251140_Ward_Creek                 0.00%    passed    100.00%
   2  260512_Pybus_Point                0.00%    passed    100.00%
   3  261935_Kenai_River                0.00%    passed    100.00%
   4  353213_Cropley_Lake               0.00%    passed    100.00%
   5  353219_Peterson_Creek             0.00%    passed    100.00%
   6  353220_Fish_Creek                 0.00%    passed    100.00%
   7  353246_Cottonwood_Creek           0.00%    passed    100.00%
   8  353379_Skagit_River               0.00%    passed     99.98%
   9  353381_Dungeness_River            4.66%    passed     97.88%
  10  353401_Peace_River                0.00%    passed     99.98%
  11  353407_Noatok                     0.00%    passed     99.99%
  12  353410_Horizon_Lake               0.00%    passed    100.00%
  13  92319_Little_Lost                 0.00%    passed     99.98%
  14  94280_St_Joe                      0.00%    passed     99.97%
  15  GCA016432855_Lake_Trout           0.00%    passed     99.98%
  16  GCA036784925_Maine_S_alpinus      0.00%    passed     99.98%
  17  GCA045679555_Iceland_A_alpinus    0.00%    passed     99.98%
  18  GCF013265735_Rainbow_Trout        0.19%    passed     99.62%
  19  GCF029448725_Brook_Trout          0.00%    passed     98.88%
  20  Methow_River_99895                0.00%    passed     99.98%
****  TOTAL                             0.24%  0 sequences failed composition chi2 test (p-value<5%; df=3)
NOTE: 260512_Pybus_Point is identical to 251140_Ward_Creek but kept for subsequent analysis
NOTE: 353401_Peace_River is identical to 353379_Skagit_River but kept for subsequent analysis
NOTE: GCA045679555_Iceland_A_alpinus is identical to GCA036784925_Maine_S_alpinus but kept for subsequent analysis
NOTE: 7 identical sequences (see below) will be ignored for subsequent analysis
NOTE: 261935_Kenai_River (identical to 251140_Ward_Creek) is ignored but added at the end
NOTE: 353213_Cropley_Lake (identical to 251140_Ward_Creek) is ignored but added at the end
NOTE: 353219_Peterson_Creek (identical to 251140_Ward_Creek) is ignored but added at the end
NOTE: 353220_Fish_Creek (identical to 251140_Ward_Creek) is ignored but added at the end
NOTE: 353246_Cottonwood_Creek (identical to 251140_Ward_Creek) is ignored but added at the end
NOTE: 92319_Little_Lost (identical to 353379_Skagit_River) is ignored but added at the end
NOTE: Methow_River_99895 (identical to 353379_Skagit_River) is ignored but added at the end
Alignment was printed to 65617at7898.fltrd_aligned.fas.uniqueseq.phy

For your convenience alignment with unique sequences printed to 65617at7898.fltrd_aligned.fas.uniqueseq.phy


Create initial parsimony tree by phylogenetic likelihood library (PLL)... 0.000 seconds
Perform fast likelihood tree search using GTR+I+G model...
Estimate model parameters (epsilon = 5.000)
Perform nearest neighbor interchange...
Estimate model parameters (epsilon = 1.000)
1. Initial log-likelihood: -2574.067
Optimal log-likelihood: -2574.064
Rate parameters:  A-C: 1.10914  A-G: 2.32477  A-T: 0.21811  C-G: 0.51971  C-T: 5.90593  G-T: 1.00000
Base frequencies:  A: 0.235  C: 0.253  G: 0.289  T: 0.223
Proportion of invariable sites: 0.485
Gamma shape alpha: 25.335
Parameters optimization took 1 rounds (0.001 sec)
Time for fast ML tree search: 0.008 seconds

NOTE: ModelFinder requires 0 MB RAM!
ModelFinder will test up to 286 DNA models (sample size: 1611) ...
 No. Model         -LnL         df  AIC          AICc         BIC
  1  GTR+F         2574.277     31  5210.554     5211.810     5377.477
  2  GTR+F+I       2574.064     32  5212.127     5213.465     5384.435
  3  GTR+F+G4      2574.068     32  5212.137     5213.475     5384.444
  4  GTR+F+I+G4    2574.065     33  5214.129     5215.552     5391.821
  5  GTR+F+R2      2574.116     33  5214.232     5215.655     5391.924
  6  GTR+F+R3      2574.090     35  5218.180     5219.780     5406.641
 14  SYM           2580.997     28  5217.993     5219.020     5368.763
 15  SYM+I         2580.827     29  5219.653     5220.754     5375.807
 16  SYM+G4        2580.832     29  5219.663     5220.764     5375.817
 27  TVM+F         2577.984     30  5215.967     5217.144     5377.505
 28  TVM+F+I       2577.658     31  5217.317     5218.573     5384.240
 29  TVM+F+G4      2577.663     31  5217.326     5218.582     5384.249
 40  TVMe          2584.019     27  5222.038     5222.993     5367.422
 41  TVMe+I        2583.764     28  5223.529     5224.555     5374.298
 42  TVMe+G4       2583.768     28  5223.536     5224.562     5374.305
 53  TIM3+F        2575.871     29  5209.741     5210.842     5365.895
 54  TIM3+F+I      2575.670     30  5211.340     5212.518     5372.879
 55  TIM3+F+G4     2575.675     30  5211.350     5212.528     5372.889
 66  TIM3e         2582.617     26  5217.233     5218.119     5357.233
 67  TIM3e+I       2582.452     27  5218.903     5219.858     5364.288
 68  TIM3e+G4      2582.457     27  5218.913     5219.869     5364.298
 79  TIM2+F        2575.908     29  5209.816     5210.916     5365.970
 80  TIM2+F+I      2575.707     30  5211.415     5212.592     5372.953
 81  TIM2+F+G4     2575.712     30  5211.424     5212.602     5372.963
 92  TIM2e         2582.656     26  5217.312     5218.199     5357.312
 93  TIM2e+I       2582.494     27  5218.987     5219.943     5364.372
 94  TIM2e+G4      2582.499     27  5218.997     5219.952     5364.382
105  TIM+F         2574.540     29  5207.080     5208.181     5363.234
106  TIM+F+I       2574.323     30  5208.645     5209.822     5370.183
107  TIM+F+G4      2574.326     30  5208.653     5209.830     5370.191
118  TIMe          2581.370     26  5214.739     5215.626     5354.739
119  TIMe+I        2581.194     27  5216.388     5217.343     5361.772
120  TIMe+G4       2581.199     27  5216.397     5217.353     5361.782
131  TPM3u+F       2579.571     28  5215.142     5216.169     5365.911
132  TPM3u+F+I     2579.265     29  5216.531     5217.631     5372.684
133  TPM3u+F+G4    2579.269     29  5216.538     5217.639     5372.692
144  TPM3+F        2579.571     28  5215.142     5216.169     5365.911
145  TPM3+F+I      2579.265     29  5216.531     5217.631     5372.684
146  TPM3+F+G4     2579.269     29  5216.538     5217.639     5372.692
157  TPM2u+F       2579.604     28  5215.209     5216.235     5365.978
158  TPM2u+F+I     2579.299     29  5216.599     5217.700     5372.753
159  TPM2u+F+G4    2579.301     29  5216.602     5217.702     5372.756
170  TPM2+F        2579.604     28  5215.209     5216.235     5365.978
171  TPM2+F+I      2579.299     29  5216.599     5217.700     5372.753
172  TPM2+F+G4     2579.301     29  5216.602     5217.702     5372.756
183  K3Pu+F        2578.243     28  5212.486     5213.513     5363.255
184  K3Pu+F+I      2577.903     29  5213.807     5214.907     5369.960
185  K3Pu+F+G4     2577.907     29  5213.813     5214.914     5369.967
196  K3P           2584.388     25  5218.777     5219.597     5353.392
197  K3P+I         2584.130     26  5220.261     5221.147     5360.261
198  K3P+G4        2584.134     26  5220.268     5221.155     5360.268
209  TN+F          2575.919     28  5207.839     5208.865     5358.608
210  TN+F+I        2575.716     29  5209.431     5210.532     5365.585
211  TN+F+G4       2575.720     29  5209.441     5210.541     5365.594
222  TNe           2582.709     25  5215.419     5216.239     5350.034
223  TNe+I         2582.543     26  5217.087     5217.973     5357.086
224  TNe+G4        2582.548     26  5217.097     5217.983     5357.096
235  HKY+F         2579.615     27  5213.230     5214.185     5358.614
236  HKY+F+I       2579.303     28  5214.606     5215.633     5365.375
237  HKY+F+G4      2579.306     28  5214.613     5215.640     5365.382
248  K2P           2585.722     24  5219.444     5220.201     5348.675
249  K2P+I         2585.477     25  5220.955     5221.775     5355.570
250  K2P+G4        2585.481     25  5220.962     5221.782     5355.577
261  F81+F         2596.084     26  5244.167     5245.053     5384.167
262  F81+F+I       2595.886     27  5245.772     5246.727     5391.157
263  F81+F+G4      2595.890     27  5245.781     5246.736     5391.165
274  JC            2602.128     23  5250.256     5250.952     5374.102
275  JC+I          2601.941     24  5251.881     5252.638     5381.112
276  JC+G4         2601.945     24  5251.890     5252.646     5381.121
Akaike Information Criterion:           TIM+F
Corrected Akaike Information Criterion: TIM+F
Bayesian Information Criterion:         K2P
Best-fit model: K2P chosen according to BIC

All model information printed to 65617at7898.fltrd_aligned.fas.model.gz
CPU time for ModelFinder: 0.060 seconds (0h:0m:0s)
Wall-clock time for ModelFinder: 0.067 seconds (0h:0m:0s)
Generating 1000 samples for ultrafast bootstrap (seed: 959758)...

NOTE: 0 MB RAM (0 GB) is required!
Estimate model parameters (epsilon = 0.100)
1. Initial log-likelihood: -2585.722
Optimal log-likelihood: -2585.722
Rate parameters:  A-C: 1.00000  A-G: 5.33307  A-T: 1.00000  C-G: 1.00000  C-T: 5.33307  G-T: 1.00000
Base frequencies:  A: 0.250  C: 0.250  G: 0.250  T: 0.250
Parameters optimization took 1 rounds (0.000 sec)
Computing ML distances based on estimated model parameters...
Computing ML distances took 0.000423 sec (of wall-clock time) 0.000379 sec(of CPU time)
Computing RapidNJ tree took 0.000033 sec (of wall-clock time) 0.000028 sec (of CPU time)
Log-likelihood of RapidNJ tree: -2585.740
--------------------------------------------------------------------
|             INITIALIZING CANDIDATE TREE SET                      |
--------------------------------------------------------------------
Generating 98 parsimony trees... 0.035 second
Computing log-likelihood of 97 initial trees ... 0.020 seconds
Current best score: -2585.722

Do NNI search on 20 best initial trees
Estimate model parameters (epsilon = 0.100)
BETTER TREE FOUND at iteration 1: -2585.722
UPDATE BEST LOG-LIKELIHOOD: -2585.722
UPDATE BEST LOG-LIKELIHOOD: -2585.722
Iteration 10 / LogL: -2585.722 / Time: 0h:0m:0s
UPDATE BEST LOG-LIKELIHOOD: -2585.722
Iteration 20 / LogL: -2585.722 / Time: 0h:0m:0s
Finish initializing candidate tree set (1)
Current best tree score: -2585.722 / CPU time: 0.100
Number of iterations: 20
--------------------------------------------------------------------
|               OPTIMIZING CANDIDATE TREE SET                      |
--------------------------------------------------------------------
Iteration 30 / LogL: -2585.729 / Time: 0h:0m:0s (0h:0m:0s left)
Iteration 40 / LogL: -2585.726 / Time: 0h:0m:0s (0h:0m:0s left)
Iteration 50 / LogL: -2594.677 / Time: 0h:0m:0s (0h:0m:0s left)
Log-likelihood cutoff on original alignment: -2606.824
Iteration 60 / LogL: -2585.722 / Time: 0h:0m:0s (0h:0m:0s left)
Iteration 70 / LogL: -2585.731 / Time: 0h:0m:0s (0h:0m:0s left)
Iteration 80 / LogL: -2585.731 / Time: 0h:0m:0s (0h:0m:0s left)
Iteration 90 / LogL: -2594.675 / Time: 0h:0m:0s (0h:0m:0s left)
Iteration 100 / LogL: -2585.777 / Time: 0h:0m:0s (0h:0m:0s left)
Log-likelihood cutoff on original alignment: -2610.782
NOTE: Bootstrap correlation coefficient of split occurrence frequencies: 0.995
TREE SEARCH COMPLETED AFTER 102 ITERATIONS / Time: 0h:0m:0s

--------------------------------------------------------------------
|                    FINALIZING TREE SEARCH                        |
--------------------------------------------------------------------
Performs final model parameters optimization
Estimate model parameters (epsilon = 0.010)
1. Initial log-likelihood: -2585.722
Optimal log-likelihood: -2585.722
Rate parameters:  A-C: 1.00000  A-G: 5.33500  A-T: 1.00000  C-G: 1.00000  C-T: 5.33500  G-T: 1.00000
Base frequencies:  A: 0.250  C: 0.250  G: 0.250  T: 0.250
Parameters optimization took 1 rounds (0.000 sec)
BEST SCORE FOUND : -2585.722
Creating bootstrap support values...
Split supports printed to NEXUS file 65617at7898.fltrd_aligned.fas.splits.nex
Total tree length: 0.032

Total number of iterations: 102
CPU time used for tree search: 0.438 sec (0h:0m:0s)
Wall-clock time used for tree search: 0.527 sec (0h:0m:0s)
Total CPU time used: 0.465 sec (0h:0m:0s)
Total wall-clock time used: 0.562 sec (0h:0m:0s)

Computing bootstrap consensus tree...
Reading input file 65617at7898.fltrd_aligned.fas.splits.nex...
13 taxa and 93 splits.
Consensus tree written to 65617at7898.fltrd_aligned.fas.contree
Reading input trees file 65617at7898.fltrd_aligned.fas.contree
Log-likelihood of consensus tree: -2585.743

Analysis results written to: 
  IQ-TREE report:                65617at7898.fltrd_aligned.fas.iqtree
  Maximum-likelihood tree:       65617at7898.fltrd_aligned.fas.treefile
  Likelihood distances:          65617at7898.fltrd_aligned.fas.mldist

Ultrafast bootstrap approximation results written to:
  Split support values:          65617at7898.fltrd_aligned.fas.splits.nex
  Consensus tree:                65617at7898.fltrd_aligned.fas.contree
  Screen log file:               65617at7898.fltrd_aligned.fas.log

Date and Time: Tue Dec  2 14:49:54 2025
