IQ-TREE multicore version 2.1.3 COVID-edition for Linux 64-bit built Apr 21 2021
Developed by Bui Quang Minh, James Barbetti, Nguyen Lam Tung,
Olga Chernomor, Heiko Schmidt, Dominik Schrempf, Michael Woodhams.

Host:    gombessa.rcs.alaska.edu (AVX2, FMA3, 503 GB RAM)
Command: /export/scratch/tsvanorden/Char_Phylogenetics/src/iqtree-2.1.3-Linux/bin/iqtree2 -s 122398at7898.fltrd_aligned.fas -m MFP -bb 1000 -T 1
Seed:    58077 (Using SPRNG - Scalable Parallel Random Number Generator)
Time:    Tue Dec  2 14:50:18 2025
Kernel:  AVX+FMA - 1 threads (1 CPU cores detected)

Reading alignment file 122398at7898.fltrd_aligned.fas ... Fasta format detected
Alignment most likely contains DNA/RNA sequences
Alignment has 20 sequences with 531 columns, 25 distinct patterns
2 parsimony-informative, 20 singleton sites, 509 constant sites
                                Gap/Ambiguity  Composition  p-value
   1  251140_Ward_Creek                 0.56%    passed    100.00%
   2  260512_Pybus_Point                0.56%    passed    100.00%
   3  261935_Kenai_River                0.56%    passed    100.00%
   4  353213_Cropley_Lake               0.56%    passed    100.00%
   5  353219_Peterson_Creek             0.56%    passed    100.00%
   6  353220_Fish_Creek                 0.56%    passed    100.00%
   7  353246_Cottonwood_Creek           0.56%    passed    100.00%
   8  353379_Skagit_River               0.56%    passed     99.98%
   9  353381_Dungeness_River            0.56%    passed    100.00%
  10  353401_Peace_River                0.56%    passed     99.98%
  11  353407_Noatok                     0.56%    passed    100.00%
  12  353410_Horizon_Lake               0.56%    passed    100.00%
  13  92319_Little_Lost                 0.56%    passed     99.98%
  14  94280_St_Joe                      0.56%    passed     99.98%
  15  GCA016432855_Lake_Trout           0.56%    passed     99.92%
  16  GCA036784925_Maine_S_alpinus      0.56%    passed    100.00%
  17  GCA045679555_Iceland_A_alpinus    0.56%    passed    100.00%
  18  GCF013265735_Rainbow_Trout        1.69%    passed     97.26%
  19  GCF029448725_Brook_Trout          0.00%    passed     99.19%
  20  Methow_River_99895                0.56%    passed     99.98%
****  TOTAL                             0.59%  0 sequences failed composition chi2 test (p-value<5%; df=3)
NOTE: 260512_Pybus_Point is identical to 251140_Ward_Creek but kept for subsequent analysis
NOTE: 353401_Peace_River is identical to 353379_Skagit_River but kept for subsequent analysis
NOTE: 13 identical sequences (see below) will be ignored for subsequent analysis
NOTE: 261935_Kenai_River (identical to 251140_Ward_Creek) is ignored but added at the end
NOTE: 353213_Cropley_Lake (identical to 251140_Ward_Creek) is ignored but added at the end
NOTE: 353219_Peterson_Creek (identical to 251140_Ward_Creek) is ignored but added at the end
NOTE: 353220_Fish_Creek (identical to 251140_Ward_Creek) is ignored but added at the end
NOTE: 353246_Cottonwood_Creek (identical to 251140_Ward_Creek) is ignored but added at the end
NOTE: 353381_Dungeness_River (identical to 251140_Ward_Creek) is ignored but added at the end
NOTE: 353407_Noatok (identical to 251140_Ward_Creek) is ignored but added at the end
NOTE: 353410_Horizon_Lake (identical to 251140_Ward_Creek) is ignored but added at the end
NOTE: GCA036784925_Maine_S_alpinus (identical to 251140_Ward_Creek) is ignored but added at the end
NOTE: GCA045679555_Iceland_A_alpinus (identical to 251140_Ward_Creek) is ignored but added at the end
NOTE: 92319_Little_Lost (identical to 353379_Skagit_River) is ignored but added at the end
NOTE: 94280_St_Joe (identical to 353379_Skagit_River) is ignored but added at the end
NOTE: Methow_River_99895 (identical to 353379_Skagit_River) is ignored but added at the end
Alignment was printed to 122398at7898.fltrd_aligned.fas.uniqueseq.phy

For your convenience alignment with unique sequences printed to 122398at7898.fltrd_aligned.fas.uniqueseq.phy


Create initial parsimony tree by phylogenetic likelihood library (PLL)... 0.000 seconds
Perform fast likelihood tree search using GTR+I+G model...
Estimate model parameters (epsilon = 5.000)
Perform nearest neighbor interchange...
Estimate model parameters (epsilon = 1.000)
1. Initial log-likelihood: -869.194
Optimal log-likelihood: -869.194
Rate parameters:  A-C: 0.39704  A-G: 1.08054  A-T: 0.33899  C-G: 0.19905  C-T: 1.10360  G-T: 1.00000
Base frequencies:  A: 0.266  C: 0.207  G: 0.283  T: 0.244
Proportion of invariable sites: 0.479
Gamma shape alpha: 0.732
Parameters optimization took 1 rounds (0.000 sec)
Time for fast ML tree search: 0.003 seconds

NOTE: ModelFinder requires 0 MB RAM!
ModelFinder will test up to 286 DNA models (sample size: 531) ...
 No. Model         -LnL         df  AIC          AICc         BIC
  1  GTR+F         869.805      19  1777.609     1779.096     1858.830
  2  GTR+F+I       869.190      20  1778.380     1780.027     1863.875
  3  GTR+F+G4      869.191      20  1778.381     1780.028     1863.876
  4  GTR+F+I+G4    869.194      21  1780.388     1782.204     1870.158
  5  GTR+F+R2      869.531      21  1781.063     1782.878     1870.833
  6  GTR+F+R3      869.447      23  1784.893     1787.071     1883.213
 14  SYM           873.273      16  1778.546     1779.605     1846.943
 15  SYM+I         872.652      17  1779.305     1780.498     1851.976
 16  SYM+G4        872.653      17  1779.305     1780.498     1851.976
 27  TVM+F         869.807      18  1775.615     1776.951     1852.561
 28  TVM+F+I       869.190      19  1776.380     1777.867     1857.601
 29  TVM+F+G4      869.191      19  1776.382     1777.869     1857.602
 40  TVMe          873.308      15  1776.615     1777.547     1840.736
 41  TVMe+I        872.700      16  1777.400     1778.458     1845.796
 42  TVMe+G4       872.701      16  1777.401     1778.460     1845.798
 53  TIM3+F        870.916      17  1775.833     1777.026     1848.504
 54  TIM3+F+I      870.186      18  1776.372     1777.708     1853.318
 55  TIM3+F+G4     870.187      18  1776.375     1777.711     1853.320
 66  TIM3e         874.425      14  1776.851     1777.665     1836.698
 67  TIM3e+I       873.687      15  1777.373     1778.305     1841.495
 68  TIM3e+G4      873.689      15  1777.377     1778.309     1841.499
 79  TIM2+F        871.379      17  1776.758     1777.951     1849.429
 80  TIM2+F+I      870.651      18  1777.302     1778.638     1854.247
 81  TIM2+F+G4     870.652      18  1777.304     1778.640     1854.250
 92  TIM2e         875.042      14  1778.085     1778.899     1837.932
 93  TIM2e+I       874.306      15  1778.611     1779.543     1842.733
 94  TIM2e+G4      874.308      15  1778.617     1779.549     1842.738
105  TIM+F         870.579      17  1775.157     1776.350     1847.828
106  TIM+F+I       869.929      18  1775.858     1777.194     1852.804
107  TIM+F+G4      869.930      18  1775.859     1777.195     1852.805
118  TIMe          874.270      14  1776.541     1777.355     1836.387
119  TIMe+I        873.610      15  1777.221     1778.153     1841.342
120  TIMe+G4       873.611      15  1777.222     1778.154     1841.343
131  TPM3u+F       870.920      16  1773.840     1774.898     1842.236
132  TPM3u+F+I     870.186      17  1774.372     1775.565     1847.043
133  TPM3u+F+G4    870.187      17  1774.375     1775.568     1847.046
144  TPM3+F        870.920      16  1773.840     1774.898     1842.236
145  TPM3+F+I      870.186      17  1774.372     1775.565     1847.043
146  TPM3+F+G4     870.187      17  1774.375     1775.568     1847.046
157  TPM2u+F       871.383      16  1774.765     1775.824     1843.162
158  TPM2u+F+I     870.652      17  1775.303     1776.496     1847.974
159  TPM2u+F+G4    870.653      17  1775.306     1776.499     1847.977
170  TPM2+F        871.383      16  1774.765     1775.824     1843.162
171  TPM2+F+I      870.652      17  1775.303     1776.496     1847.974
172  TPM2+F+G4     870.653      17  1775.306     1776.499     1847.977
183  K3Pu+F        870.582      16  1773.164     1774.222     1841.560
184  K3Pu+F+I      869.930      17  1773.859     1775.052     1846.530
185  K3Pu+F+G4     869.930      17  1773.860     1775.053     1846.531
196  K3P           874.304      13  1774.607     1775.311     1830.179
197  K3P+I         873.655      14  1775.310     1776.124     1835.156
198  K3P+G4        873.655      14  1775.311     1776.125     1835.158
209  TN+F          871.715      16  1775.430     1776.489     1843.827
210  TN+F+I        870.948      17  1775.897     1777.090     1848.568
211  TN+F+G4       870.953      17  1775.907     1777.100     1848.578
222  TNe           875.416      13  1776.832     1777.536     1832.404
223  TNe+I         874.638      14  1777.276     1778.090     1837.122
224  TNe+G4        874.645      14  1777.289     1778.103     1837.136
235  HKY+F         871.719      15  1773.437     1774.369     1837.559
236  HKY+F+I       870.949      16  1773.897     1774.956     1842.294
237  HKY+F+G4      870.954      16  1773.908     1774.966     1842.304
248  K2P           875.449      12  1774.898     1775.500     1826.195
249  K2P+I         874.684      13  1775.368     1776.072     1830.940
250  K2P+G4        874.689      13  1775.377     1776.081     1830.949
261  F81+F         873.360      14  1774.720     1775.534     1834.566
262  F81+F+I       872.532      15  1775.064     1775.996     1839.186
263  F81+F+G4      872.547      15  1775.095     1776.027     1839.216
274  JC            877.157      11  1776.314     1776.822     1823.336
275  JC+I          876.329      12  1776.658     1777.260     1827.955
276  JC+G4         876.344      12  1776.689     1777.291     1827.986
Akaike Information Criterion:           K3Pu+F
Corrected Akaike Information Criterion: K3Pu+F
Bayesian Information Criterion:         JC
Best-fit model: JC chosen according to BIC

All model information printed to 122398at7898.fltrd_aligned.fas.model.gz
CPU time for ModelFinder: 0.055 seconds (0h:0m:0s)
Wall-clock time for ModelFinder: 0.059 seconds (0h:0m:0s)
Generating 1000 samples for ultrafast bootstrap (seed: 58077)...

NOTE: 0 MB RAM (0 GB) is required!
Estimate model parameters (epsilon = 0.100)
1. Initial log-likelihood: -877.157
Optimal log-likelihood: -877.157
Rate parameters:  A-C: 1.00000  A-G: 1.00000  A-T: 1.00000  C-G: 1.00000  C-T: 1.00000  G-T: 1.00000
Base frequencies:  A: 0.250  C: 0.250  G: 0.250  T: 0.250
Parameters optimization took 1 rounds (0.000 sec)
Computing ML distances based on estimated model parameters...
Computing ML distances took 0.000146 sec (of wall-clock time) 0.000122 sec(of CPU time)
WARNING: Some pairwise ML distances are too long (saturated)
Computing RapidNJ tree took 0.000019 sec (of wall-clock time) 0.000017 sec (of CPU time)
Log-likelihood of RapidNJ tree: -881.621
--------------------------------------------------------------------
|             INITIALIZING CANDIDATE TREE SET                      |
--------------------------------------------------------------------
Generating 98 parsimony trees... 0.011 second
Computing log-likelihood of 55 initial trees ... 0.004 seconds
Current best score: -877.157

Do NNI search on 20 best initial trees
Estimate model parameters (epsilon = 0.100)
BETTER TREE FOUND at iteration 1: -877.157
UPDATE BEST LOG-LIKELIHOOD: -877.157
UPDATE BEST LOG-LIKELIHOOD: -877.157
Iteration 10 / LogL: -881.617 / Time: 0h:0m:0s
Iteration 20 / LogL: -881.703 / Time: 0h:0m:0s
Finish initializing candidate tree set (5)
Current best tree score: -877.157 / CPU time: 0.054
Number of iterations: 20
--------------------------------------------------------------------
|               OPTIMIZING CANDIDATE TREE SET                      |
--------------------------------------------------------------------
Iteration 30 / LogL: -881.702 / Time: 0h:0m:0s (0h:0m:0s left)
Iteration 40 / LogL: -877.158 / Time: 0h:0m:0s (0h:0m:0s left)
UPDATE BEST LOG-LIKELIHOOD: -877.157
Iteration 50 / LogL: -877.158 / Time: 0h:0m:0s (0h:0m:0s left)
Log-likelihood cutoff on original alignment: -895.143
Iteration 60 / LogL: -877.157 / Time: 0h:0m:0s (0h:0m:0s left)
Iteration 70 / LogL: -877.157 / Time: 0h:0m:0s (0h:0m:0s left)
Iteration 80 / LogL: -877.158 / Time: 0h:0m:0s (0h:0m:0s left)
Iteration 90 / LogL: -881.702 / Time: 0h:0m:0s (0h:0m:0s left)
Iteration 100 / LogL: -877.157 / Time: 0h:0m:0s (0h:0m:0s left)
Log-likelihood cutoff on original alignment: -895.046
NOTE: Bootstrap correlation coefficient of split occurrence frequencies: 0.968
NOTE: UFBoot does not converge, continue at least 100 more iterations
Iteration 110 / LogL: -877.159 / Time: 0h:0m:0s (0h:0m:0s left)
Iteration 120 / LogL: -877.158 / Time: 0h:0m:0s (0h:0m:0s left)
Iteration 130 / LogL: -877.159 / Time: 0h:0m:0s (0h:0m:0s left)
Iteration 140 / LogL: -877.159 / Time: 0h:0m:0s (0h:0m:0s left)
Iteration 150 / LogL: -877.157 / Time: 0h:0m:0s (0h:0m:0s left)
Log-likelihood cutoff on original alignment: -895.046
Iteration 160 / LogL: -877.158 / Time: 0h:0m:0s (0h:0m:0s left)
Iteration 170 / LogL: -877.157 / Time: 0h:0m:0s (0h:0m:0s left)
Iteration 180 / LogL: -881.619 / Time: 0h:0m:0s (0h:0m:0s left)
Iteration 190 / LogL: -877.158 / Time: 0h:0m:0s (0h:0m:0s left)
Iteration 200 / LogL: -877.157 / Time: 0h:0m:0s (0h:0m:0s left)
Log-likelihood cutoff on original alignment: -895.143
NOTE: Bootstrap correlation coefficient of split occurrence frequencies: 0.989
NOTE: UFBoot does not converge, continue at least 100 more iterations
Iteration 210 / LogL: -877.158 / Time: 0h:0m:0s (0h:0m:0s left)
Iteration 220 / LogL: -877.157 / Time: 0h:0m:0s (0h:0m:0s left)
Iteration 230 / LogL: -877.157 / Time: 0h:0m:0s (0h:0m:0s left)
Iteration 240 / LogL: -877.159 / Time: 0h:0m:0s (0h:0m:0s left)
Iteration 250 / LogL: -877.159 / Time: 0h:0m:0s (0h:0m:0s left)
Log-likelihood cutoff on original alignment: -895.142
Iteration 260 / LogL: -877.157 / Time: 0h:0m:0s (0h:0m:0s left)
Iteration 270 / LogL: -877.158 / Time: 0h:0m:1s (0h:0m:0s left)
Iteration 280 / LogL: -877.158 / Time: 0h:0m:1s (0h:0m:0s left)
Iteration 290 / LogL: -877.158 / Time: 0h:0m:1s (0h:0m:0s left)
Iteration 300 / LogL: -877.158 / Time: 0h:0m:1s (0h:0m:0s left)
Log-likelihood cutoff on original alignment: -895.143
NOTE: Bootstrap correlation coefficient of split occurrence frequencies: 0.985
NOTE: UFBoot does not converge, continue at least 100 more iterations
Iteration 310 / LogL: -877.159 / Time: 0h:0m:1s (0h:0m:0s left)
Iteration 320 / LogL: -877.158 / Time: 0h:0m:1s (0h:0m:0s left)
Iteration 330 / LogL: -881.703 / Time: 0h:0m:1s (0h:0m:0s left)
Iteration 340 / LogL: -877.158 / Time: 0h:0m:1s (0h:0m:0s left)
Iteration 350 / LogL: -877.157 / Time: 0h:0m:1s (0h:0m:0s left)
Log-likelihood cutoff on original alignment: -895.143
Iteration 360 / LogL: -877.159 / Time: 0h:0m:1s (0h:0m:0s left)
Iteration 370 / LogL: -877.160 / Time: 0h:0m:1s (0h:0m:0s left)
Iteration 380 / LogL: -881.619 / Time: 0h:0m:1s (0h:0m:0s left)
Iteration 390 / LogL: -877.158 / Time: 0h:0m:1s (0h:0m:0s left)
Iteration 400 / LogL: -877.158 / Time: 0h:0m:1s (0h:0m:0s left)
Log-likelihood cutoff on original alignment: -895.143
NOTE: Bootstrap correlation coefficient of split occurrence frequencies: 0.989
NOTE: UFBoot does not converge, continue at least 100 more iterations
Iteration 410 / LogL: -877.157 / Time: 0h:0m:1s (0h:0m:0s left)
Iteration 420 / LogL: -877.158 / Time: 0h:0m:1s (0h:0m:0s left)
Iteration 430 / LogL: -877.157 / Time: 0h:0m:1s (0h:0m:0s left)
Iteration 440 / LogL: -877.158 / Time: 0h:0m:1s (0h:0m:0s left)
Iteration 450 / LogL: -877.158 / Time: 0h:0m:1s (0h:0m:0s left)
Log-likelihood cutoff on original alignment: -895.143
Iteration 460 / LogL: -877.157 / Time: 0h:0m:1s (0h:0m:0s left)
Iteration 470 / LogL: -881.617 / Time: 0h:0m:1s (0h:0m:0s left)
Iteration 480 / LogL: -877.158 / Time: 0h:0m:1s (0h:0m:0s left)
Iteration 490 / LogL: -877.160 / Time: 0h:0m:1s (0h:0m:0s left)
Iteration 500 / LogL: -877.159 / Time: 0h:0m:1s (0h:0m:0s left)
Log-likelihood cutoff on original alignment: -895.143
NOTE: Bootstrap correlation coefficient of split occurrence frequencies: 0.990
NOTE: UFBoot does not converge, continue at least 100 more iterations
Iteration 510 / LogL: -877.158 / Time: 0h:0m:1s (0h:0m:0s left)
Iteration 520 / LogL: -877.160 / Time: 0h:0m:1s (0h:0m:0s left)
Iteration 530 / LogL: -877.158 / Time: 0h:0m:1s (0h:0m:0s left)
Iteration 540 / LogL: -877.158 / Time: 0h:0m:2s (0h:0m:0s left)
Iteration 550 / LogL: -877.157 / Time: 0h:0m:2s (0h:0m:0s left)
Log-likelihood cutoff on original alignment: -895.143
Iteration 560 / LogL: -877.157 / Time: 0h:0m:2s (0h:0m:0s left)
Iteration 570 / LogL: -877.158 / Time: 0h:0m:2s (0h:0m:0s left)
Iteration 580 / LogL: -877.158 / Time: 0h:0m:2s (0h:0m:0s left)
Iteration 590 / LogL: -877.157 / Time: 0h:0m:2s (0h:0m:0s left)
Iteration 600 / LogL: -877.158 / Time: 0h:0m:2s (0h:0m:0s left)
Log-likelihood cutoff on original alignment: -895.143
NOTE: Bootstrap correlation coefficient of split occurrence frequencies: 0.989
NOTE: UFBoot does not converge, continue at least 100 more iterations
Iteration 610 / LogL: -877.158 / Time: 0h:0m:2s (0h:0m:0s left)
Iteration 620 / LogL: -877.157 / Time: 0h:0m:2s (0h:0m:0s left)
Iteration 630 / LogL: -877.158 / Time: 0h:0m:2s (0h:0m:0s left)
Iteration 640 / LogL: -877.157 / Time: 0h:0m:2s (0h:0m:0s left)
Iteration 650 / LogL: -877.158 / Time: 0h:0m:2s (0h:0m:0s left)
Log-likelihood cutoff on original alignment: -895.142
Iteration 660 / LogL: -877.157 / Time: 0h:0m:2s (0h:0m:0s left)
Iteration 670 / LogL: -877.157 / Time: 0h:0m:2s (0h:0m:0s left)
Iteration 680 / LogL: -877.158 / Time: 0h:0m:2s (0h:0m:0s left)
Iteration 690 / LogL: -877.158 / Time: 0h:0m:2s (0h:0m:0s left)
Iteration 700 / LogL: -877.158 / Time: 0h:0m:2s (0h:0m:0s left)
Log-likelihood cutoff on original alignment: -895.142
NOTE: Bootstrap correlation coefficient of split occurrence frequencies: 0.990
TREE SEARCH COMPLETED AFTER 700 ITERATIONS / Time: 0h:0m:2s

--------------------------------------------------------------------
|                    FINALIZING TREE SEARCH                        |
--------------------------------------------------------------------
Performs final model parameters optimization
Estimate model parameters (epsilon = 0.010)
1. Initial log-likelihood: -877.157
Optimal log-likelihood: -877.157
Rate parameters:  A-C: 1.00000  A-G: 1.00000  A-T: 1.00000  C-G: 1.00000  C-T: 1.00000  G-T: 1.00000
Base frequencies:  A: 0.250  C: 0.250  G: 0.250  T: 0.250
Parameters optimization took 1 rounds (0.000 sec)
BEST SCORE FOUND : -877.157
Creating bootstrap support values...
Split supports printed to NEXUS file 122398at7898.fltrd_aligned.fas.splits.nex
Total tree length: 0.045

Total number of iterations: 700
CPU time used for tree search: 2.572 sec (0h:0m:2s)
Wall-clock time used for tree search: 2.615 sec (0h:0m:2s)
Total CPU time used: 2.594 sec (0h:0m:2s)
Total wall-clock time used: 2.644 sec (0h:0m:2s)

Computing bootstrap consensus tree...
Reading input file 122398at7898.fltrd_aligned.fas.splits.nex...
7 taxa and 51 splits.
Consensus tree written to 122398at7898.fltrd_aligned.fas.contree
Reading input trees file 122398at7898.fltrd_aligned.fas.contree
Log-likelihood of consensus tree: -877.163

Analysis results written to: 
  IQ-TREE report:                122398at7898.fltrd_aligned.fas.iqtree
  Maximum-likelihood tree:       122398at7898.fltrd_aligned.fas.treefile
  Likelihood distances:          122398at7898.fltrd_aligned.fas.mldist

Ultrafast bootstrap approximation results written to:
  Split support values:          122398at7898.fltrd_aligned.fas.splits.nex
  Consensus tree:                122398at7898.fltrd_aligned.fas.contree
  Screen log file:               122398at7898.fltrd_aligned.fas.log

Date and Time: Tue Dec  2 14:50:20 2025
