IQ-TREE multicore version 2.1.3 COVID-edition for Linux 64-bit built Apr 21 2021
Developed by Bui Quang Minh, James Barbetti, Nguyen Lam Tung,
Olga Chernomor, Heiko Schmidt, Dominik Schrempf, Michael Woodhams.

Host:    gombessa.rcs.alaska.edu (AVX2, FMA3, 503 GB RAM)
Command: /export/scratch/tsvanorden/Char_Phylogenetics/src/iqtree-2.1.3-Linux/bin/iqtree2 -s 36496at7898.fltrd_aligned.fas -m MFP -bb 1000 -T 1
Seed:    58096 (Using SPRNG - Scalable Parallel Random Number Generator)
Time:    Tue Dec  2 14:50:18 2025
Kernel:  AVX+FMA - 1 threads (1 CPU cores detected)

Reading alignment file 36496at7898.fltrd_aligned.fas ... Fasta format detected
Alignment most likely contains DNA/RNA sequences
WARNING: 99 sites contain only gaps or ambiguous characters.
Alignment has 20 sequences with 1959 columns, 70 distinct patterns
27 parsimony-informative, 94 singleton sites, 1838 constant sites
                                Gap/Ambiguity  Composition  p-value
   1  251140_Ward_Creek                13.17%    passed     99.90%
   2  260512_Pybus_Point                5.97%    passed     92.55%
   3  261935_Kenai_River               13.17%    passed     99.90%
   4  353213_Cropley_Lake              13.17%    passed     99.95%
   5  353219_Peterson_Creek            13.17%    passed     99.95%
   6  353220_Fish_Creek                13.17%    passed     99.90%
   7  353246_Cottonwood_Creek          13.22%    passed     99.95%
   8  353379_Skagit_River              13.17%    passed     99.94%
   9  353381_Dungeness_River           13.17%    passed     99.95%
  10  353401_Peace_River               13.17%    passed     99.94%
  11  353407_Noatok                    13.17%    passed     99.75%
  12  353410_Horizon_Lake              13.17%    passed     99.94%
  13  92319_Little_Lost                13.17%    passed     99.94%
  14  94280_St_Joe                     13.17%    passed     99.94%
  15  GCA016432855_Lake_Trout          13.17%    passed     99.71%
  16  GCA036784925_Maine_S_alpinus     13.17%    passed     99.96%
  17  GCA045679555_Iceland_A_alpinus   13.17%    passed     99.98%
  18  GCF013265735_Rainbow_Trout        5.97%    passed     61.48%
  19  GCF029448725_Brook_Trout         13.63%    passed     99.84%
  20  Methow_River_99895               13.17%    passed     99.94%
****  TOTAL                            12.48%  0 sequences failed composition chi2 test (p-value<5%; df=3)
NOTE: 261935_Kenai_River is identical to 251140_Ward_Creek but kept for subsequent analysis
NOTE: 353219_Peterson_Creek is identical to 353213_Cropley_Lake but kept for subsequent analysis
NOTE: 353401_Peace_River is identical to 353379_Skagit_River but kept for subsequent analysis
NOTE: 5 identical sequences (see below) will be ignored for subsequent analysis
NOTE: 353220_Fish_Creek (identical to 251140_Ward_Creek) is ignored but added at the end
NOTE: 353381_Dungeness_River (identical to 353213_Cropley_Lake) is ignored but added at the end
NOTE: 92319_Little_Lost (identical to 353379_Skagit_River) is ignored but added at the end
NOTE: 94280_St_Joe (identical to 353379_Skagit_River) is ignored but added at the end
NOTE: Methow_River_99895 (identical to 353379_Skagit_River) is ignored but added at the end
Alignment was printed to 36496at7898.fltrd_aligned.fas.uniqueseq.phy

For your convenience alignment with unique sequences printed to 36496at7898.fltrd_aligned.fas.uniqueseq.phy


Create initial parsimony tree by phylogenetic likelihood library (PLL)... 0.000 seconds
Perform fast likelihood tree search using GTR+I+G model...
Estimate model parameters (epsilon = 5.000)
Perform nearest neighbor interchange...
Estimate model parameters (epsilon = 1.000)
1. Initial log-likelihood: -3301.260
Optimal log-likelihood: -3301.248
Rate parameters:  A-C: 1.26118  A-G: 1.63714  A-T: 1.18792  C-G: 0.82253  C-T: 2.07070  G-T: 1.00000
Base frequencies:  A: 0.264  C: 0.234  G: 0.306  T: 0.196
Proportion of invariable sites: 0.469
Gamma shape alpha: 27.887
Parameters optimization took 1 rounds (0.002 sec)
Time for fast ML tree search: 0.010 seconds

NOTE: ModelFinder requires 0 MB RAM!
ModelFinder will test up to 286 DNA models (sample size: 1959) ...
 No. Model         -LnL         df  AIC          AICc         BIC
  1  GTR+F         3301.536     35  6673.073     6674.383     6868.379
  2  GTR+F+I       3301.210     36  6674.419     6675.805     6875.306
  3  GTR+F+G4      3301.095     36  6674.191     6675.577     6875.078
  4  GTR+F+I+G4    3301.247     37  6676.493     6677.957     6882.960
  5  GTR+F+R2      3301.173     37  6676.346     6677.809     6882.813
  6  GTR+F+R3      3301.118     39  6680.236     6681.862     6897.863
 14  SYM           3321.818     32  6707.636     6708.733     6886.203
 15  SYM+I         3321.524     33  6709.047     6710.213     6893.194
 16  SYM+G4        3321.413     33  6708.826     6709.992     6892.973
 27  TVM+F         3301.881     34  6671.762     6672.999     6861.488
 28  TVM+F+I       3301.541     35  6673.082     6674.393     6868.389
 29  TVM+F+G4      3301.420     35  6672.840     6674.151     6868.147
 40  TVMe          3321.838     31  6705.676     6706.706     6878.662
 41  TVMe+I        3321.546     32  6707.092     6708.188     6885.658
 42  TVMe+G4       3321.438     32  6706.876     6707.973     6885.442
 53  TIM3+F        3302.384     33  6670.767     6671.933     6854.913
 54  TIM3+F+I      3302.049     34  6672.097     6673.334     6861.824
 55  TIM3+F+G4     3301.924     34  6671.848     6673.085     6861.574
 66  TIM3e         3322.392     30  6704.784     6705.748     6872.189
 67  TIM3e+I       3322.086     31  6706.172     6707.202     6879.158
 68  TIM3e+G4      3321.964     31  6705.928     6706.957     6878.914
 79  TIM2+F        3301.727     33  6669.455     6670.621     6853.601
 80  TIM2+F+I      3301.391     34  6670.782     6672.019     6860.509
 81  TIM2+F+G4     3301.272     34  6670.545     6671.782     6860.271
 92  TIM2e         3321.975     30  6703.949     6704.914     6871.355
 93  TIM2e+I       3321.670     31  6705.340     6706.370     6878.326
 94  TIM2e+G4      3321.556     31  6705.112     6706.142     6878.098
105  TIM+F         3302.222     33  6670.445     6671.610     6854.591
106  TIM+F+I       3301.896     34  6671.792     6673.029     6861.518
107  TIM+F+G4      3301.775     34  6671.551     6672.788     6861.277
118  TIMe          3322.229     30  6704.459     6705.424     6871.864
119  TIMe+I        3321.934     31  6705.868     6706.897     6878.854
120  TIMe+G4       3321.819     31  6705.638     6706.667     6878.623
131  TPM3u+F       3302.725     32  6669.450     6670.546     6848.016
132  TPM3u+F+I     3302.383     33  6670.767     6671.932     6854.913
133  TPM3u+F+G4    3302.249     33  6670.498     6671.664     6854.645
144  TPM3+F        3302.725     32  6669.450     6670.546     6848.016
145  TPM3+F+I      3302.384     33  6670.767     6671.933     6854.913
146  TPM3+F+G4     3302.249     33  6670.499     6671.664     6854.645
157  TPM2u+F       3302.069     32  6668.139     6669.235     6846.705
158  TPM2u+F+I     3301.727     33  6669.454     6670.620     6853.600
159  TPM2u+F+G4    3301.599     33  6669.198     6670.364     6853.344
170  TPM2+F        3302.069     32  6668.139     6669.235     6846.705
171  TPM2+F+I      3301.727     33  6669.454     6670.620     6853.601
172  TPM2+F+G4     3301.599     33  6669.198     6670.364     6853.345
183  K3Pu+F        3302.564     32  6669.129     6670.225     6847.695
184  K3Pu+F+I      3302.231     33  6670.463     6671.629     6854.609
185  K3Pu+F+G4     3302.102     33  6670.204     6671.370     6854.351
196  K3P           3322.250     29  6702.500     6703.402     6864.325
197  K3P+I         3321.957     30  6703.915     6704.880     6871.320
198  K3P+G4        3321.845     30  6703.689     6704.654     6871.095
209  TN+F          3302.422     32  6668.844     6669.941     6847.410
210  TN+F+I        3302.086     33  6670.172     6671.337     6854.318
211  TN+F+G4       3301.959     33  6669.919     6671.084     6854.065
222  TNe           3322.399     29  6702.798     6703.700     6864.623
223  TNe+I         3322.093     30  6704.186     6705.151     6871.592
224  TNe+G4        3321.973     30  6703.945     6704.910     6871.351
235  HKY+F         3302.764     31  6667.528     6668.558     6840.514
236  HKY+F+I       3302.421     32  6668.842     6669.939     6847.408
237  HKY+F+G4      3302.284     32  6668.569     6669.665     6847.135
248  K2P           3322.420     28  6700.840     6701.682     6857.085
249  K2P+I         3322.116     29  6702.233     6703.135     6864.058
250  K2P+G4        3321.999     29  6701.997     6702.899     6863.823
261  F81+F         3306.610     30  6673.220     6674.184     6840.625
262  F81+F+I       3306.316     31  6674.632     6675.662     6847.618
263  F81+F+G4      3306.193     31  6674.386     6675.416     6847.372
274  JC            3326.746     27  6707.491     6708.274     6858.157
275  JC+I          3326.493     28  6708.985     6709.827     6865.231
276  JC+G4         3326.388     28  6708.776     6709.617     6865.021
Akaike Information Criterion:           HKY+F
Corrected Akaike Information Criterion: HKY+F
Bayesian Information Criterion:         HKY+F
Best-fit model: HKY+F chosen according to BIC

All model information printed to 36496at7898.fltrd_aligned.fas.model.gz
CPU time for ModelFinder: 0.102 seconds (0h:0m:0s)
Wall-clock time for ModelFinder: 0.107 seconds (0h:0m:0s)
Generating 1000 samples for ultrafast bootstrap (seed: 58096)...

NOTE: 0 MB RAM (0 GB) is required!
Estimate model parameters (epsilon = 0.100)
1. Initial log-likelihood: -3302.764
Optimal log-likelihood: -3302.764
Rate parameters:  A-C: 1.00000  A-G: 1.67231  A-T: 1.00000  C-G: 1.00000  C-T: 1.67231  G-T: 1.00000
Base frequencies:  A: 0.264  C: 0.234  G: 0.306  T: 0.196
Parameters optimization took 1 rounds (0.000 sec)
Computing ML distances based on estimated model parameters...
Computing ML distances took 0.000934 sec (of wall-clock time) 0.000562 sec(of CPU time)
WARNING: Some pairwise ML distances are too long (saturated)
Computing RapidNJ tree took 0.000049 sec (of wall-clock time) 0.000047 sec (of CPU time)
Log-likelihood of RapidNJ tree: -3331.912
--------------------------------------------------------------------
|             INITIALIZING CANDIDATE TREE SET                      |
--------------------------------------------------------------------
Generating 98 parsimony trees... 0.033 second
Computing log-likelihood of 98 initial trees ... 0.031 seconds
Current best score: -3293.966

Do NNI search on 20 best initial trees
Estimate model parameters (epsilon = 0.100)
BETTER TREE FOUND at iteration 1: -3293.966
Iteration 10 / LogL: -3293.968 / Time: 0h:0m:0s
Iteration 20 / LogL: -3293.968 / Time: 0h:0m:0s
Finish initializing candidate tree set (15)
Current best tree score: -3293.966 / CPU time: 0.141
Number of iterations: 20
--------------------------------------------------------------------
|               OPTIMIZING CANDIDATE TREE SET                      |
--------------------------------------------------------------------
UPDATE BEST LOG-LIKELIHOOD: -3293.966
Iteration 30 / LogL: -3293.970 / Time: 0h:0m:0s (0h:0m:0s left)
Iteration 40 / LogL: -3293.966 / Time: 0h:0m:0s (0h:0m:0s left)
Iteration 50 / LogL: -3293.970 / Time: 0h:0m:0s (0h:0m:0s left)
Log-likelihood cutoff on original alignment: -3316.795
Iteration 60 / LogL: -3308.885 / Time: 0h:0m:0s (0h:0m:0s left)
Iteration 70 / LogL: -3293.975 / Time: 0h:0m:0s (0h:0m:0s left)
Iteration 80 / LogL: -3293.971 / Time: 0h:0m:0s (0h:0m:0s left)
Iteration 90 / LogL: -3293.970 / Time: 0h:0m:0s (0h:0m:0s left)
UPDATE BEST LOG-LIKELIHOOD: -3293.966
Iteration 100 / LogL: -3293.968 / Time: 0h:0m:0s (0h:0m:0s left)
Log-likelihood cutoff on original alignment: -3316.799
NOTE: Bootstrap correlation coefficient of split occurrence frequencies: 0.965
NOTE: UFBoot does not converge, continue at least 100 more iterations
Iteration 110 / LogL: -3293.982 / Time: 0h:0m:0s (0h:0m:0s left)
Iteration 120 / LogL: -3293.971 / Time: 0h:0m:0s (0h:0m:0s left)
Iteration 130 / LogL: -3293.968 / Time: 0h:0m:0s (0h:0m:0s left)
Iteration 140 / LogL: -3293.972 / Time: 0h:0m:0s (0h:0m:0s left)
UPDATE BEST LOG-LIKELIHOOD: -3293.966
Iteration 150 / LogL: -3293.966 / Time: 0h:0m:0s (0h:0m:0s left)
Log-likelihood cutoff on original alignment: -3316.935
Iteration 160 / LogL: -3293.975 / Time: 0h:0m:1s (0h:0m:0s left)
Iteration 170 / LogL: -3293.971 / Time: 0h:0m:1s (0h:0m:0s left)
Iteration 180 / LogL: -3293.975 / Time: 0h:0m:1s (0h:0m:0s left)
Iteration 190 / LogL: -3293.966 / Time: 0h:0m:1s (0h:0m:0s left)
Iteration 200 / LogL: -3293.972 / Time: 0h:0m:1s (0h:0m:0s left)
Log-likelihood cutoff on original alignment: -3317.429
NOTE: Bootstrap correlation coefficient of split occurrence frequencies: 0.985
NOTE: UFBoot does not converge, continue at least 100 more iterations
Iteration 210 / LogL: -3293.968 / Time: 0h:0m:1s (0h:0m:0s left)
Iteration 220 / LogL: -3293.970 / Time: 0h:0m:1s (0h:0m:0s left)
Iteration 230 / LogL: -3293.969 / Time: 0h:0m:1s (0h:0m:0s left)
Iteration 240 / LogL: -3293.966 / Time: 0h:0m:1s (0h:0m:0s left)
Iteration 250 / LogL: -3293.974 / Time: 0h:0m:1s (0h:0m:0s left)
Log-likelihood cutoff on original alignment: -3317.429
Iteration 260 / LogL: -3293.978 / Time: 0h:0m:1s (0h:0m:0s left)
Iteration 270 / LogL: -3293.968 / Time: 0h:0m:1s (0h:0m:0s left)
Iteration 280 / LogL: -3293.970 / Time: 0h:0m:1s (0h:0m:0s left)
Iteration 290 / LogL: -3293.971 / Time: 0h:0m:1s (0h:0m:0s left)
Iteration 300 / LogL: -3293.978 / Time: 0h:0m:1s (0h:0m:0s left)
Log-likelihood cutoff on original alignment: -3317.246
NOTE: Bootstrap correlation coefficient of split occurrence frequencies: 0.981
NOTE: UFBoot does not converge, continue at least 100 more iterations
Iteration 310 / LogL: -3293.972 / Time: 0h:0m:1s (0h:0m:0s left)
Iteration 320 / LogL: -3293.970 / Time: 0h:0m:2s (0h:0m:0s left)
Iteration 330 / LogL: -3372.804 / Time: 0h:0m:2s (0h:0m:0s left)
Iteration 340 / LogL: -3293.966 / Time: 0h:0m:2s (0h:0m:0s left)
Iteration 350 / LogL: -3293.966 / Time: 0h:0m:2s (0h:0m:0s left)
Log-likelihood cutoff on original alignment: -3317.981
Iteration 360 / LogL: -3372.802 / Time: 0h:0m:2s (0h:0m:0s left)
Iteration 370 / LogL: -3293.970 / Time: 0h:0m:2s (0h:0m:0s left)
Iteration 380 / LogL: -3293.973 / Time: 0h:0m:2s (0h:0m:0s left)
Iteration 390 / LogL: -3293.966 / Time: 0h:0m:2s (0h:0m:0s left)
Iteration 400 / LogL: -3293.966 / Time: 0h:0m:2s (0h:0m:0s left)
Log-likelihood cutoff on original alignment: -3317.981
NOTE: Bootstrap correlation coefficient of split occurrence frequencies: 0.985
NOTE: UFBoot does not converge, continue at least 100 more iterations
Iteration 410 / LogL: -3293.973 / Time: 0h:0m:2s (0h:0m:0s left)
Iteration 420 / LogL: -3301.339 / Time: 0h:0m:2s (0h:0m:0s left)
Iteration 430 / LogL: -3293.969 / Time: 0h:0m:2s (0h:0m:0s left)
Iteration 440 / LogL: -3293.970 / Time: 0h:0m:2s (0h:0m:0s left)
Iteration 450 / LogL: -3293.975 / Time: 0h:0m:2s (0h:0m:0s left)
Log-likelihood cutoff on original alignment: -3317.981
Iteration 460 / LogL: -3293.970 / Time: 0h:0m:3s (0h:0m:0s left)
Iteration 470 / LogL: -3293.970 / Time: 0h:0m:3s (0h:0m:0s left)
UPDATE BEST LOG-LIKELIHOOD: -3293.966
Iteration 480 / LogL: -3293.970 / Time: 0h:0m:3s (0h:0m:0s left)
Iteration 490 / LogL: -3293.972 / Time: 0h:0m:3s (0h:0m:0s left)
Iteration 500 / LogL: -3293.966 / Time: 0h:0m:3s (0h:0m:0s left)
Log-likelihood cutoff on original alignment: -3317.981
NOTE: Bootstrap correlation coefficient of split occurrence frequencies: 0.984
NOTE: UFBoot does not converge, continue at least 100 more iterations
UPDATE BEST LOG-LIKELIHOOD: -3293.966
Iteration 510 / LogL: -3293.970 / Time: 0h:0m:3s (0h:0m:0s left)
Iteration 520 / LogL: -3293.969 / Time: 0h:0m:3s (0h:0m:0s left)
Iteration 530 / LogL: -3293.975 / Time: 0h:0m:3s (0h:0m:0s left)
Iteration 540 / LogL: -3301.337 / Time: 0h:0m:3s (0h:0m:0s left)
Iteration 550 / LogL: -3293.968 / Time: 0h:0m:3s (0h:0m:0s left)
Log-likelihood cutoff on original alignment: -3317.981
Iteration 560 / LogL: -3293.969 / Time: 0h:0m:3s (0h:0m:0s left)
Iteration 570 / LogL: -3380.367 / Time: 0h:0m:3s (0h:0m:0s left)
Iteration 580 / LogL: -3293.973 / Time: 0h:0m:4s (0h:0m:0s left)
Iteration 590 / LogL: -3293.970 / Time: 0h:0m:4s (0h:0m:0s left)
Iteration 600 / LogL: -3293.971 / Time: 0h:0m:4s (0h:0m:0s left)
Log-likelihood cutoff on original alignment: -3317.981
NOTE: Bootstrap correlation coefficient of split occurrence frequencies: 0.983
NOTE: UFBoot does not converge, continue at least 100 more iterations
Iteration 610 / LogL: -3372.800 / Time: 0h:0m:4s (0h:0m:0s left)
Iteration 620 / LogL: -3293.966 / Time: 0h:0m:4s (0h:0m:0s left)
Iteration 630 / LogL: -3293.974 / Time: 0h:0m:4s (0h:0m:0s left)
Iteration 640 / LogL: -3293.966 / Time: 0h:0m:4s (0h:0m:0s left)
Iteration 650 / LogL: -3293.979 / Time: 0h:0m:4s (0h:0m:0s left)
Log-likelihood cutoff on original alignment: -3317.919
Iteration 660 / LogL: -3293.968 / Time: 0h:0m:4s (0h:0m:0s left)
Iteration 670 / LogL: -3299.350 / Time: 0h:0m:4s (0h:0m:0s left)
Iteration 680 / LogL: -3293.968 / Time: 0h:0m:4s (0h:0m:0s left)
Iteration 690 / LogL: -3293.976 / Time: 0h:0m:4s (0h:0m:0s left)
Iteration 700 / LogL: -3293.972 / Time: 0h:0m:5s (0h:0m:0s left)
Log-likelihood cutoff on original alignment: -3317.919
NOTE: Bootstrap correlation coefficient of split occurrence frequencies: 0.985
NOTE: UFBoot does not converge, continue at least 100 more iterations
UPDATE BEST LOG-LIKELIHOOD: -3293.965
Iteration 710 / LogL: -3293.969 / Time: 0h:0m:5s (0h:0m:0s left)
Iteration 720 / LogL: -3293.966 / Time: 0h:0m:5s (0h:0m:0s left)
Iteration 730 / LogL: -3293.970 / Time: 0h:0m:5s (0h:0m:0s left)
Iteration 740 / LogL: -3300.540 / Time: 0h:0m:5s (0h:0m:0s left)
Iteration 750 / LogL: -3293.966 / Time: 0h:0m:5s (0h:0m:0s left)
Log-likelihood cutoff on original alignment: -3317.919
Iteration 760 / LogL: -3293.973 / Time: 0h:0m:5s (0h:0m:0s left)
UPDATE BEST LOG-LIKELIHOOD: -3293.965
Iteration 770 / LogL: -3293.968 / Time: 0h:0m:5s (0h:0m:0s left)
Iteration 780 / LogL: -3293.966 / Time: 0h:0m:5s (0h:0m:0s left)
UPDATE BEST LOG-LIKELIHOOD: -3293.965
Iteration 790 / LogL: -3372.804 / Time: 0h:0m:5s (0h:0m:0s left)
UPDATE BEST LOG-LIKELIHOOD: -3293.965
UPDATE BEST LOG-LIKELIHOOD: -3293.965
Iteration 800 / LogL: -3293.978 / Time: 0h:0m:6s (0h:0m:0s left)
Log-likelihood cutoff on original alignment: -3317.919
NOTE: Bootstrap correlation coefficient of split occurrence frequencies: 0.987
NOTE: UFBoot does not converge, continue at least 100 more iterations
Iteration 810 / LogL: -3293.965 / Time: 0h:0m:6s (0h:0m:0s left)
Iteration 820 / LogL: -3293.974 / Time: 0h:0m:6s (0h:0m:0s left)
Iteration 830 / LogL: -3293.965 / Time: 0h:0m:6s (0h:0m:0s left)
Iteration 840 / LogL: -3293.970 / Time: 0h:0m:6s (0h:0m:0s left)
Iteration 850 / LogL: -3293.971 / Time: 0h:0m:6s (0h:0m:0s left)
Log-likelihood cutoff on original alignment: -3317.919
UPDATE BEST LOG-LIKELIHOOD: -3293.965
Iteration 860 / LogL: -3293.970 / Time: 0h:0m:6s (0h:0m:0s left)
Iteration 870 / LogL: -3293.968 / Time: 0h:0m:6s (0h:0m:0s left)
UPDATE BEST LOG-LIKELIHOOD: -3293.965
UPDATE BEST LOG-LIKELIHOOD: -3293.965
Iteration 880 / LogL: -3293.972 / Time: 0h:0m:6s (0h:0m:0s left)
Iteration 890 / LogL: -3372.802 / Time: 0h:0m:6s (0h:0m:0s left)
Iteration 900 / LogL: -3293.973 / Time: 0h:0m:7s (0h:0m:0s left)
Log-likelihood cutoff on original alignment: -3318.757
NOTE: Bootstrap correlation coefficient of split occurrence frequencies: 0.989
NOTE: UFBoot does not converge, continue at least 100 more iterations
Iteration 910 / LogL: -3372.805 / Time: 0h:0m:7s (0h:0m:0s left)
Iteration 920 / LogL: -3372.804 / Time: 0h:0m:7s (0h:0m:0s left)
Iteration 930 / LogL: -3293.972 / Time: 0h:0m:7s (0h:0m:0s left)
Iteration 940 / LogL: -3293.965 / Time: 0h:0m:7s (0h:0m:0s left)
Iteration 950 / LogL: -3293.967 / Time: 0h:0m:7s (0h:0m:0s left)
Log-likelihood cutoff on original alignment: -3319.715
Iteration 960 / LogL: -3293.966 / Time: 0h:0m:7s (0h:0m:0s left)
Iteration 970 / LogL: -3293.976 / Time: 0h:0m:7s (0h:0m:0s left)
Iteration 980 / LogL: -3293.969 / Time: 0h:0m:7s (0h:0m:0s left)
Iteration 990 / LogL: -3293.966 / Time: 0h:0m:8s (0h:0m:0s left)
UPDATE BEST LOG-LIKELIHOOD: -3293.965
Iteration 1000 / LogL: -3293.969 / Time: 0h:0m:8s (0h:0m:0s left)
Log-likelihood cutoff on original alignment: -3321.061
NOTE: Bootstrap correlation coefficient of split occurrence frequencies: 0.983
NOTE: UFBoot does not converge, continue at least 100 more iterations
WARNING: bootstrap analysis did not converge. You should rerun with higher number of iterations (-nm option)
TREE SEARCH COMPLETED AFTER 1001 ITERATIONS / Time: 0h:0m:8s

--------------------------------------------------------------------
|                    FINALIZING TREE SEARCH                        |
--------------------------------------------------------------------
Performs final model parameters optimization
Estimate model parameters (epsilon = 0.010)
1. Initial log-likelihood: -3293.965
Optimal log-likelihood: -3293.965
Rate parameters:  A-C: 1.00000  A-G: 1.66883  A-T: 1.00000  C-G: 1.00000  C-T: 1.66883  G-T: 1.00000
Base frequencies:  A: 0.264  C: 0.234  G: 0.306  T: 0.196
Parameters optimization took 1 rounds (0.000 sec)
BEST SCORE FOUND : -3293.965
Creating bootstrap support values...
Split supports printed to NEXUS file 36496at7898.fltrd_aligned.fas.splits.nex
Total tree length: 0.071

Total number of iterations: 1001
CPU time used for tree search: 8.028 sec (0h:0m:8s)
Wall-clock time used for tree search: 8.136 sec (0h:0m:8s)
Total CPU time used: 8.089 sec (0h:0m:8s)
Total wall-clock time used: 8.202 sec (0h:0m:8s)

Computing bootstrap consensus tree...
Reading input file 36496at7898.fltrd_aligned.fas.splits.nex...
15 taxa and 225 splits.
Consensus tree written to 36496at7898.fltrd_aligned.fas.contree
Reading input trees file 36496at7898.fltrd_aligned.fas.contree
Log-likelihood of consensus tree: -3294.014

Analysis results written to: 
  IQ-TREE report:                36496at7898.fltrd_aligned.fas.iqtree
  Maximum-likelihood tree:       36496at7898.fltrd_aligned.fas.treefile
  Likelihood distances:          36496at7898.fltrd_aligned.fas.mldist

Ultrafast bootstrap approximation results written to:
  Split support values:          36496at7898.fltrd_aligned.fas.splits.nex
  Consensus tree:                36496at7898.fltrd_aligned.fas.contree
  Screen log file:               36496at7898.fltrd_aligned.fas.log

Date and Time: Tue Dec  2 14:50:26 2025
