IQ-TREE multicore version 2.1.3 COVID-edition for Linux 64-bit built Apr 21 2021
Developed by Bui Quang Minh, James Barbetti, Nguyen Lam Tung,
Olga Chernomor, Heiko Schmidt, Dominik Schrempf, Michael Woodhams.

Host:    gombessa.rcs.alaska.edu (AVX2, FMA3, 503 GB RAM)
Command: /export/scratch/tsvanorden/Char_Phylogenetics/src/iqtree-2.1.3-Linux/bin/iqtree2 -s 81631at7898.fltrd_aligned.fas -m MFP -bb 1000 -T 1
Seed:    804832 (Using SPRNG - Scalable Parallel Random Number Generator)
Time:    Tue Dec  2 14:49:38 2025
Kernel:  AVX+FMA - 1 threads (1 CPU cores detected)

Reading alignment file 81631at7898.fltrd_aligned.fas ... Fasta format detected
Alignment most likely contains DNA/RNA sequences
Alignment has 20 sequences with 1260 columns, 69 distinct patterns
20 parsimony-informative, 52 singleton sites, 1188 constant sites
                                Gap/Ambiguity  Composition  p-value
   1  251140_Ward_Creek                 0.95%    passed     99.80%
   2  260512_Pybus_Point                0.95%    passed     99.90%
   3  261935_Kenai_River                2.38%    passed     99.99%
   4  353213_Cropley_Lake               0.95%    passed     99.54%
   5  353219_Peterson_Creek             1.43%    passed     99.86%
   6  353220_Fish_Creek                 0.95%    passed     99.80%
   7  353246_Cottonwood_Creek          19.05%    passed     85.22%
   8  353379_Skagit_River               0.95%    passed     99.92%
   9  353381_Dungeness_River           19.05%    passed     82.05%
  10  353401_Peace_River                0.95%    passed     99.97%
  11  353407_Noatok                     0.71%    passed     99.53%
  12  353410_Horizon_Lake               0.95%    passed     99.44%
  13  92319_Little_Lost                 0.95%    passed     99.97%
  14  94280_St_Joe                      0.95%    passed     99.97%
  15  GCA016432855_Lake_Trout           0.95%    passed     99.44%
  16  GCA036784925_Maine_S_alpinus      0.95%    passed     99.92%
  17  GCA045679555_Iceland_A_alpinus    0.95%    passed     99.92%
  18  GCF013265735_Rainbow_Trout        0.24%    passed     98.51%
  19  GCF029448725_Brook_Trout          0.95%    passed     99.88%
  20  Methow_River_99895                0.95%    passed     99.97%
****  TOTAL                             2.81%  0 sequences failed composition chi2 test (p-value<5%; df=3)
NOTE: 353220_Fish_Creek is identical to 251140_Ward_Creek but kept for subsequent analysis
NOTE: 92319_Little_Lost is identical to 353401_Peace_River but kept for subsequent analysis
NOTE: GCA045679555_Iceland_A_alpinus is identical to GCA036784925_Maine_S_alpinus but kept for subsequent analysis
NOTE: 2 identical sequences (see below) will be ignored for subsequent analysis
NOTE: 94280_St_Joe (identical to 353401_Peace_River) is ignored but added at the end
NOTE: Methow_River_99895 (identical to 353401_Peace_River) is ignored but added at the end
Alignment was printed to 81631at7898.fltrd_aligned.fas.uniqueseq.phy

For your convenience alignment with unique sequences printed to 81631at7898.fltrd_aligned.fas.uniqueseq.phy


Create initial parsimony tree by phylogenetic likelihood library (PLL)... 0.000 seconds
Perform fast likelihood tree search using GTR+I+G model...
Estimate model parameters (epsilon = 5.000)
Perform nearest neighbor interchange...
Estimate model parameters (epsilon = 1.000)
1. Initial log-likelihood: -2243.008
Optimal log-likelihood: -2243.003
Rate parameters:  A-C: 1.06239  A-G: 3.22590  A-T: 1.04995  C-G: 0.59796  C-T: 3.10625  G-T: 1.00000
Base frequencies:  A: 0.225  C: 0.303  G: 0.289  T: 0.182
Proportion of invariable sites: 0.470
Gamma shape alpha: 0.217
Parameters optimization took 1 rounds (0.002 sec)
Time for fast ML tree search: 0.010 seconds

NOTE: ModelFinder requires 0 MB RAM!
ModelFinder will test up to 286 DNA models (sample size: 1260) ...
 No. Model         -LnL         df  AIC          AICc         BIC
  1  GTR+F         2252.224     41  4586.449     4589.276     4797.142
  2  GTR+F+I       2242.893     42  4569.786     4572.754     4785.619
  3  GTR+F+G4      2243.538     42  4571.075     4574.043     4786.908
  4  GTR+F+I+G4    2242.997     43  4571.994     4575.106     4792.965
  5  GTR+F+R2      2249.174     43  4584.347     4587.459     4805.319
  6  GTR+F+R3      2245.572     45  4581.145     4584.555     4812.394
 15  SYM+I         2268.863     39  4615.727     4618.284     4816.142
 16  SYM+G4        2269.448     39  4616.897     4619.454     4817.313
 17  SYM+I+G4      2268.941     40  4617.882     4620.573     4823.437
 28  TVM+F+I       2242.898     41  4567.796     4570.623     4778.489
 29  TVM+F+G4      2243.539     41  4569.077     4571.905     4779.771
 30  TVM+F+I+G4    2242.998     42  4569.997     4572.965     4785.829
 41  TVMe+I        2268.970     38  4613.939     4616.367     4809.216
 42  TVMe+G4       2269.545     38  4615.091     4617.518     4810.368
 43  TVMe+I+G4     2269.047     39  4616.094     4618.651     4816.510
 54  TIM3+F+I      2243.427     40  4566.853     4569.544     4772.408
 55  TIM3+F+G4     2244.072     40  4568.144     4570.834     4773.698
 56  TIM3+F+I+G4   2243.514     41  4569.029     4571.856     4779.722
 67  TIM3e+I       2269.104     37  4612.207     4614.508     4802.345
 68  TIM3e+G4      2269.697     37  4613.395     4615.696     4803.533
 69  TIM3e+I+G4    2269.168     38  4614.336     4616.764     4809.613
 80  TIM2+F+I      2243.181     40  4566.363     4569.053     4771.917
 81  TIM2+F+G4     2243.822     40  4567.644     4570.335     4773.199
 82  TIM2+F+I+G4   2243.265     41  4568.531     4571.358     4779.224
 93  TIM2e+I       2269.001     37  4612.001     4614.302     4802.139
 94  TIM2e+G4      2269.586     37  4613.173     4615.474     4803.311
 95  TIM2e+I+G4    2269.068     38  4614.137     4616.564     4809.414
106  TIM+F+I       2243.293     40  4566.586     4569.277     4772.141
107  TIM+F+G4      2243.940     40  4567.880     4570.571     4773.435
108  TIM+F+I+G4    2243.396     41  4568.792     4571.619     4779.485
119  TIMe+I        2268.991     37  4611.982     4614.283     4802.120
120  TIMe+G4       2269.583     37  4613.165     4615.467     4803.304
121  TIMe+I+G4     2269.072     38  4614.144     4616.571     4809.420
132  TPM3u+F+I     2243.433     39  4564.866     4567.424     4765.282
133  TPM3u+F+G4    2244.073     39  4566.146     4568.703     4766.562
134  TPM3u+F+I+G4  2243.521     40  4567.041     4569.732     4772.596
145  TPM3+F+I      2243.433     39  4564.866     4567.424     4765.282
146  TPM3+F+G4     2244.073     39  4566.146     4568.703     4766.562
147  TPM3+F+I+G4   2243.521     40  4567.043     4569.733     4772.597
158  TPM2u+F+I     2243.187     39  4564.375     4566.932     4764.791
159  TPM2u+F+G4    2243.824     39  4565.648     4568.206     4766.064
160  TPM2u+F+I+G4  2243.272     40  4566.543     4569.234     4772.098
171  TPM2+F+I      2243.187     39  4564.375     4566.932     4764.790
172  TPM2+F+G4     2243.824     39  4565.648     4568.206     4766.064
173  TPM2+F+I+G4   2243.271     40  4566.543     4569.234     4772.098
184  K3Pu+F+I      2243.298     39  4564.596     4567.154     4765.012
185  K3Pu+F+G4     2243.942     39  4565.885     4568.442     4766.300
186  K3Pu+F+I+G4   2243.402     40  4566.804     4569.495     4772.359
197  K3P+I         2269.108     36  4610.215     4612.393     4795.214
198  K3P+G4        2269.677     36  4611.354     4613.532     4796.353
199  K3P+I+G4      2269.189     37  4612.377     4614.678     4802.515
210  TN+F+I        2243.580     39  4565.161     4567.718     4765.577
211  TN+F+G4       2244.219     39  4566.438     4568.996     4766.854
212  TN+F+I+G4     2243.663     40  4567.326     4570.016     4772.880
223  TNe+I         2269.130     36  4610.260     4612.438     4795.259
224  TNe+G4        2269.724     36  4611.448     4613.626     4796.447
225  TNe+I+G4      2269.197     37  4612.394     4614.695     4802.532
236  HKY+F+I       2243.589     38  4563.178     4565.605     4758.455
237  HKY+F+G4      2244.221     38  4564.443     4566.870     4759.720
238  HKY+F+I+G4    2243.671     39  4565.342     4567.899     4765.758
249  K2P+I         2269.247     35  4608.493     4610.552     4788.353
250  K2P+G4        2269.819     35  4609.638     4611.697     4789.498
251  K2P+I+G4      2269.314     36  4610.628     4612.806     4795.627
262  F81+F+I       2258.410     37  4590.821     4593.122     4780.959
263  F81+F+G4      2258.945     37  4591.890     4594.191     4782.028
264  F81+F+I+G4    2258.531     38  4593.063     4595.490     4788.340
275  JC+I          2283.101     34  4634.201     4636.144     4808.923
276  JC+G4         2283.611     34  4635.222     4637.165     4809.943
277  JC+I+G4       2283.213     35  4636.425     4638.484     4816.286
Akaike Information Criterion:           HKY+F+I
Corrected Akaike Information Criterion: HKY+F+I
Bayesian Information Criterion:         HKY+F+I
Best-fit model: HKY+F+I chosen according to BIC

All model information printed to 81631at7898.fltrd_aligned.fas.model.gz
CPU time for ModelFinder: 0.239 seconds (0h:0m:0s)
Wall-clock time for ModelFinder: 0.246 seconds (0h:0m:0s)
Generating 1000 samples for ultrafast bootstrap (seed: 804832)...

NOTE: 0 MB RAM (0 GB) is required!
Estimate model parameters (epsilon = 0.100)
1. Initial log-likelihood: -2243.589
Optimal log-likelihood: -2243.588
Rate parameters:  A-C: 1.00000  A-G: 3.65536  A-T: 1.00000  C-G: 1.00000  C-T: 3.65536  G-T: 1.00000
Base frequencies:  A: 0.225  C: 0.303  G: 0.289  T: 0.182
Proportion of invariable sites: 0.824
Parameters optimization took 1 rounds (0.001 sec)
Computing ML distances based on estimated model parameters...
Computing ML distances took 0.000950 sec (of wall-clock time) 0.000919 sec(of CPU time)
Computing RapidNJ tree took 0.000057 sec (of wall-clock time) 0.000000 sec (of CPU time)
Log-likelihood of RapidNJ tree: -2250.247
--------------------------------------------------------------------
|             INITIALIZING CANDIDATE TREE SET                      |
--------------------------------------------------------------------
Generating 98 parsimony trees... 0.040 second
Computing log-likelihood of 98 initial trees ... 0.038 seconds
Current best score: -2241.641

Do NNI search on 20 best initial trees
Estimate model parameters (epsilon = 0.100)
BETTER TREE FOUND at iteration 1: -2241.632
UPDATE BEST LOG-LIKELIHOOD: -2241.632
Iteration 10 / LogL: -2241.637 / Time: 0h:0m:0s
Iteration 20 / LogL: -2241.637 / Time: 0h:0m:0s
Finish initializing candidate tree set (14)
Current best tree score: -2241.632 / CPU time: 0.211
Number of iterations: 20
--------------------------------------------------------------------
|               OPTIMIZING CANDIDATE TREE SET                      |
--------------------------------------------------------------------
Iteration 30 / LogL: -2253.164 / Time: 0h:0m:0s (0h:0m:0s left)
UPDATE BEST LOG-LIKELIHOOD: -2241.632
Iteration 40 / LogL: -2241.636 / Time: 0h:0m:0s (0h:0m:0s left)
Iteration 50 / LogL: -2241.636 / Time: 0h:0m:0s (0h:0m:0s left)
Log-likelihood cutoff on original alignment: -2260.049
Iteration 60 / LogL: -2241.634 / Time: 0h:0m:0s (0h:0m:0s left)
Iteration 70 / LogL: -2241.640 / Time: 0h:0m:0s (0h:0m:0s left)
Iteration 80 / LogL: -2245.555 / Time: 0h:0m:0s (0h:0m:0s left)
Iteration 90 / LogL: -2241.634 / Time: 0h:0m:0s (0h:0m:0s left)
UPDATE BEST LOG-LIKELIHOOD: -2241.632
Iteration 100 / LogL: -2241.634 / Time: 0h:0m:0s (0h:0m:0s left)
Log-likelihood cutoff on original alignment: -2261.442
NOTE: Bootstrap correlation coefficient of split occurrence frequencies: 0.993
TREE SEARCH COMPLETED AFTER 102 ITERATIONS / Time: 0h:0m:0s

--------------------------------------------------------------------
|                    FINALIZING TREE SEARCH                        |
--------------------------------------------------------------------
Performs final model parameters optimization
Estimate model parameters (epsilon = 0.010)
1. Initial log-likelihood: -2241.632
Optimal log-likelihood: -2241.632
Rate parameters:  A-C: 1.00000  A-G: 3.66422  A-T: 1.00000  C-G: 1.00000  C-T: 3.66422  G-T: 1.00000
Base frequencies:  A: 0.225  C: 0.303  G: 0.289  T: 0.182
Proportion of invariable sites: 0.824
Parameters optimization took 1 rounds (0.001 sec)
BEST SCORE FOUND : -2241.632
Creating bootstrap support values...
Split supports printed to NEXUS file 81631at7898.fltrd_aligned.fas.splits.nex
Total tree length: 0.073

Total number of iterations: 102
CPU time used for tree search: 0.776 sec (0h:0m:0s)
Wall-clock time used for tree search: 0.863 sec (0h:0m:0s)
Total CPU time used: 0.814 sec (0h:0m:0s)
Total wall-clock time used: 0.911 sec (0h:0m:0s)

Computing bootstrap consensus tree...
Reading input file 81631at7898.fltrd_aligned.fas.splits.nex...
18 taxa and 170 splits.
Consensus tree written to 81631at7898.fltrd_aligned.fas.contree
Reading input trees file 81631at7898.fltrd_aligned.fas.contree
Log-likelihood of consensus tree: -2241.661

Analysis results written to: 
  IQ-TREE report:                81631at7898.fltrd_aligned.fas.iqtree
  Maximum-likelihood tree:       81631at7898.fltrd_aligned.fas.treefile
  Likelihood distances:          81631at7898.fltrd_aligned.fas.mldist

Ultrafast bootstrap approximation results written to:
  Split support values:          81631at7898.fltrd_aligned.fas.splits.nex
  Consensus tree:                81631at7898.fltrd_aligned.fas.contree
  Screen log file:               81631at7898.fltrd_aligned.fas.log

Date and Time: Tue Dec  2 14:49:39 2025
