IQ-TREE multicore version 2.1.3 COVID-edition for Linux 64-bit built Apr 21 2021
Developed by Bui Quang Minh, James Barbetti, Nguyen Lam Tung,
Olga Chernomor, Heiko Schmidt, Dominik Schrempf, Michael Woodhams.

Host:    gombessa.rcs.alaska.edu (AVX2, FMA3, 503 GB RAM)
Command: /export/scratch/tsvanorden/Char_Phylogenetics/src/iqtree-2.1.3-Linux/bin/iqtree2 -s 105664at7898.fltrd_aligned.fas -m MFP -bb 1000 -T 1
Seed:    33994 (Using SPRNG - Scalable Parallel Random Number Generator)
Time:    Tue Dec  2 14:50:04 2025
Kernel:  AVX+FMA - 1 threads (1 CPU cores detected)

Reading alignment file 105664at7898.fltrd_aligned.fas ... Fasta format detected
Alignment most likely contains DNA/RNA sequences
Alignment has 20 sequences with 774 columns, 20 distinct patterns
7 parsimony-informative, 15 singleton sites, 752 constant sites
                                Gap/Ambiguity  Composition  p-value
   1  251140_Ward_Creek                 0.00%    passed     99.98%
   2  260512_Pybus_Point                0.00%    passed     99.98%
   3  261935_Kenai_River                0.00%    passed     99.98%
   4  353213_Cropley_Lake               0.00%    passed     99.98%
   5  353219_Peterson_Creek             0.00%    passed     99.98%
   6  353220_Fish_Creek                 0.00%    passed     99.98%
   7  353246_Cottonwood_Creek           0.00%    passed     99.98%
   8  353379_Skagit_River               0.00%    passed     99.97%
   9  353381_Dungeness_River            0.00%    passed     99.98%
  10  353401_Peace_River                0.00%    passed     99.97%
  11  353407_Noatok                     0.00%    passed     99.98%
  12  353410_Horizon_Lake               0.00%    passed     99.96%
  13  92319_Little_Lost                 0.00%    passed     99.97%
  14  94280_St_Joe                      0.00%    passed     99.97%
  15  GCA016432855_Lake_Trout           0.00%    passed     99.99%
  16  GCA036784925_Maine_S_alpinus      0.00%    passed     99.96%
  17  GCA045679555_Iceland_A_alpinus    0.00%    passed     99.96%
  18  GCF013265735_Rainbow_Trout        0.00%    passed     99.67%
  19  GCF029448725_Brook_Trout          0.00%    passed     99.73%
  20  Methow_River_99895                0.00%    passed     99.97%
****  TOTAL                             0.00%  0 sequences failed composition chi2 test (p-value<5%; df=3)
NOTE: 260512_Pybus_Point is identical to 251140_Ward_Creek but kept for subsequent analysis
NOTE: 353401_Peace_River is identical to 353379_Skagit_River but kept for subsequent analysis
NOTE: GCA036784925_Maine_S_alpinus is identical to 353410_Horizon_Lake but kept for subsequent analysis
NOTE: 9 identical sequences (see below) will be ignored for subsequent analysis
NOTE: 353213_Cropley_Lake (identical to 251140_Ward_Creek) is ignored but added at the end
NOTE: 353219_Peterson_Creek (identical to 251140_Ward_Creek) is ignored but added at the end
NOTE: 353220_Fish_Creek (identical to 251140_Ward_Creek) is ignored but added at the end
NOTE: 353246_Cottonwood_Creek (identical to 251140_Ward_Creek) is ignored but added at the end
NOTE: 353381_Dungeness_River (identical to 251140_Ward_Creek) is ignored but added at the end
NOTE: 92319_Little_Lost (identical to 353379_Skagit_River) is ignored but added at the end
NOTE: 94280_St_Joe (identical to 353379_Skagit_River) is ignored but added at the end
NOTE: Methow_River_99895 (identical to 353379_Skagit_River) is ignored but added at the end
NOTE: GCA045679555_Iceland_A_alpinus (identical to 353410_Horizon_Lake) is ignored but added at the end
Alignment was printed to 105664at7898.fltrd_aligned.fas.uniqueseq.phy

For your convenience alignment with unique sequences printed to 105664at7898.fltrd_aligned.fas.uniqueseq.phy


Create initial parsimony tree by phylogenetic likelihood library (PLL)... 0.000 seconds
Perform fast likelihood tree search using GTR+I+G model...
Estimate model parameters (epsilon = 5.000)
Perform nearest neighbor interchange...
Estimate model parameters (epsilon = 1.000)
1. Initial log-likelihood: -1203.485
Optimal log-likelihood: -1203.438
Rate parameters:  A-C: 0.74300  A-G: 3.95827  A-T: 0.00010  C-G: 0.49446  C-T: 11.56964  G-T: 1.00000
Base frequencies:  A: 0.217  C: 0.278  G: 0.321  T: 0.184
Proportion of invariable sites: 0.485
Gamma shape alpha: 998.447
Parameters optimization took 1 rounds (0.002 sec)
Time for fast ML tree search: 0.010 seconds

NOTE: ModelFinder requires 0 MB RAM!
ModelFinder will test up to 286 DNA models (sample size: 774) ...
 No. Model         -LnL         df  AIC          AICc         BIC
  1  GTR+F         1203.161     27  2460.321     2462.348     2585.914
  2  GTR+F+I       1203.152     28  2462.304     2464.484     2592.548
  3  GTR+F+G4      1203.159     28  2462.317     2464.497     2592.561
  4  GTR+F+I+G4    1203.436     29  2464.872     2467.211     2599.767
  5  GTR+F+R2      1203.290     29  2464.580     2466.919     2599.475
  6  GTR+F+R3      1203.324     31  2468.647     2471.321     2612.846
 14  SYM           1220.434     24  2488.868     2490.470     2600.506
 15  SYM+I         1220.431     25  2490.861     2492.599     2607.151
 16  SYM+G4        1220.432     25  2490.863     2492.601     2607.153
 27  TVM+F         1205.785     26  2463.570     2465.449     2584.511
 28  TVM+F+I       1205.784     27  2465.568     2467.594     2591.160
 29  TVM+F+G4      1205.784     27  2465.568     2467.595     2591.160
 40  TVMe          1222.348     23  2490.696     2492.168     2597.682
 41  TVMe+I        1222.347     24  2492.695     2494.297     2604.333
 42  TVMe+G4       1222.348     24  2492.696     2494.298     2604.334
 53  TIM3+F        1203.673     25  2457.347     2459.084     2573.636
 54  TIM3+F+I      1203.673     26  2459.346     2461.226     2580.287
 55  TIM3+F+G4     1203.673     26  2459.347     2461.226     2580.288
 66  TIM3e         1220.996     22  2485.992     2487.339     2588.326
 67  TIM3e+I       1220.995     23  2487.991     2489.463     2594.977
 68  TIM3e+G4      1220.996     23  2487.992     2489.464     2594.978
 79  TIM2+F        1203.676     25  2457.352     2459.090     2573.641
 80  TIM2+F+I      1203.675     26  2459.350     2461.230     2580.291
 81  TIM2+F+G4     1203.675     26  2459.351     2461.230     2580.292
 92  TIM2e         1221.000     22  2486.000     2487.348     2588.335
 93  TIM2e+I       1221.000     23  2488.000     2489.472     2594.986
 94  TIM2e+G4      1221.000     23  2488.000     2489.472     2594.986
105  TIM+F         1203.492     25  2456.983     2458.721     2573.273
106  TIM+F+I       1203.492     26  2458.983     2460.863     2579.924
107  TIM+F+G4      1203.492     26  2458.984     2460.863     2579.925
118  TIMe          1220.917     22  2485.835     2487.182     2588.169
119  TIMe+I        1220.917     23  2487.835     2489.307     2594.821
120  TIMe+G4       1220.918     23  2487.835     2489.307     2594.821
131  TPM3u+F       1206.320     24  2460.641     2462.243     2572.279
132  TPM3u+F+I     1206.320     25  2462.640     2464.378     2578.929
133  TPM3u+F+G4    1206.320     25  2462.641     2464.378     2578.930
144  TPM3+F        1206.320     24  2460.641     2462.243     2572.278
145  TPM3+F+I      1206.320     25  2462.640     2464.378     2578.930
146  TPM3+F+G4     1206.320     25  2462.641     2464.379     2578.930
157  TPM2u+F       1206.314     24  2460.628     2462.230     2572.266
158  TPM2u+F+I     1206.313     25  2462.626     2464.364     2578.915
159  TPM2u+F+G4    1206.313     25  2462.626     2464.364     2578.916
170  TPM2+F        1206.313     24  2460.627     2462.229     2572.265
171  TPM2+F+I      1206.313     25  2462.626     2464.364     2578.915
172  TPM2+F+G4     1206.313     25  2462.626     2464.364     2578.916
183  K3Pu+F        1206.135     24  2460.270     2461.872     2571.908
184  K3Pu+F+I      1206.135     25  2462.270     2464.008     2578.560
185  K3Pu+F+G4     1206.135     25  2462.271     2464.009     2578.560
196  K3P           1222.835     21  2487.671     2488.900     2585.354
197  K3P+I         1222.835     22  2489.671     2491.018     2592.005
198  K3P+G4        1222.836     22  2489.671     2491.019     2592.006
209  TN+F          1203.698     24  2455.397     2456.999     2567.034
210  TN+F+I        1203.698     25  2457.396     2459.134     2573.685
211  TN+F+G4       1203.698     25  2457.397     2459.135     2573.686
222  TNe           1221.089     21  2484.178     2485.407     2581.861
223  TNe+I         1221.089     22  2486.179     2487.526     2588.513
224  TNe+G4        1221.089     22  2486.179     2487.526     2588.513
235  HKY+F         1206.342     23  2458.683     2460.155     2565.670
236  HKY+F+I       1206.342     24  2460.683     2462.286     2572.321
237  HKY+F+G4      1206.342     24  2460.684     2462.286     2572.321
248  K2P           1223.001     20  2486.002     2487.118     2579.034
249  K2P+I         1223.001     21  2488.002     2489.231     2585.685
250  K2P+G4        1223.001     21  2488.003     2489.231     2585.686
261  F81+F         1220.005     22  2484.009     2485.357     2586.344
262  F81+F+I       1220.005     23  2486.009     2487.481     2592.995
263  F81+F+G4      1220.005     23  2486.010     2487.482     2592.996
274  JC            1236.328     19  2510.656     2511.664     2599.036
275  JC+I          1236.328     20  2512.656     2513.772     2605.688
276  JC+G4         1236.328     20  2512.657     2513.772     2605.688
Akaike Information Criterion:           TN+F
Corrected Akaike Information Criterion: TN+F
Bayesian Information Criterion:         HKY+F
Best-fit model: HKY+F chosen according to BIC

All model information printed to 105664at7898.fltrd_aligned.fas.model.gz
CPU time for ModelFinder: 0.093 seconds (0h:0m:0s)
Wall-clock time for ModelFinder: 0.099 seconds (0h:0m:0s)
Generating 1000 samples for ultrafast bootstrap (seed: 33994)...

NOTE: 0 MB RAM (0 GB) is required!
Estimate model parameters (epsilon = 0.100)
1. Initial log-likelihood: -1206.342
Optimal log-likelihood: -1206.342
Rate parameters:  A-C: 1.00000  A-G: 12.96173  A-T: 1.00000  C-G: 1.00000  C-T: 12.96173  G-T: 1.00000
Base frequencies:  A: 0.217  C: 0.278  G: 0.321  T: 0.184
Parameters optimization took 1 rounds (0.000 sec)
Computing ML distances based on estimated model parameters...
Computing ML distances took 0.000290 sec (of wall-clock time) 0.000253 sec(of CPU time)
Computing RapidNJ tree took 0.000037 sec (of wall-clock time) 0.000034 sec (of CPU time)
Log-likelihood of RapidNJ tree: -1211.975
--------------------------------------------------------------------
|             INITIALIZING CANDIDATE TREE SET                      |
--------------------------------------------------------------------
Generating 98 parsimony trees... 0.024 second
Computing log-likelihood of 96 initial trees ... 0.019 seconds
Current best score: -1206.342

Do NNI search on 20 best initial trees
Estimate model parameters (epsilon = 0.100)
BETTER TREE FOUND at iteration 1: -1206.342
Iteration 10 / LogL: -1206.342 / Time: 0h:0m:0s
UPDATE BEST LOG-LIKELIHOOD: -1206.342
UPDATE BEST LOG-LIKELIHOOD: -1206.342
Iteration 20 / LogL: -1206.342 / Time: 0h:0m:0s
Finish initializing candidate tree set (3)
Current best tree score: -1206.342 / CPU time: 0.092
Number of iterations: 20
--------------------------------------------------------------------
|               OPTIMIZING CANDIDATE TREE SET                      |
--------------------------------------------------------------------
UPDATE BEST LOG-LIKELIHOOD: -1206.342
Iteration 30 / LogL: -1206.343 / Time: 0h:0m:0s (0h:0m:0s left)
Iteration 40 / LogL: -1212.814 / Time: 0h:0m:0s (0h:0m:0s left)
Iteration 50 / LogL: -1206.347 / Time: 0h:0m:0s (0h:0m:0s left)
Log-likelihood cutoff on original alignment: -1235.120
Iteration 60 / LogL: -1206.342 / Time: 0h:0m:0s (0h:0m:0s left)
Iteration 70 / LogL: -1206.345 / Time: 0h:0m:0s (0h:0m:0s left)
Iteration 80 / LogL: -1206.346 / Time: 0h:0m:0s (0h:0m:0s left)
Iteration 90 / LogL: -1206.343 / Time: 0h:0m:0s (0h:0m:0s left)
Iteration 100 / LogL: -1206.343 / Time: 0h:0m:0s (0h:0m:0s left)
Log-likelihood cutoff on original alignment: -1235.120
NOTE: Bootstrap correlation coefficient of split occurrence frequencies: 0.966
NOTE: UFBoot does not converge, continue at least 100 more iterations
Iteration 110 / LogL: -1206.345 / Time: 0h:0m:0s (0h:0m:0s left)
Iteration 120 / LogL: -1211.119 / Time: 0h:0m:0s (0h:0m:0s left)
Iteration 130 / LogL: -1206.345 / Time: 0h:0m:0s (0h:0m:0s left)
Iteration 140 / LogL: -1206.348 / Time: 0h:0m:0s (0h:0m:0s left)
Iteration 150 / LogL: -1206.345 / Time: 0h:0m:0s (0h:0m:0s left)
Log-likelihood cutoff on original alignment: -1235.120
Iteration 160 / LogL: -1206.343 / Time: 0h:0m:0s (0h:0m:0s left)
Iteration 170 / LogL: -1206.344 / Time: 0h:0m:0s (0h:0m:0s left)
Iteration 180 / LogL: -1206.346 / Time: 0h:0m:0s (0h:0m:0s left)
UPDATE BEST LOG-LIKELIHOOD: -1206.342
Iteration 190 / LogL: -1206.343 / Time: 0h:0m:0s (0h:0m:0s left)
Iteration 200 / LogL: -1206.343 / Time: 0h:0m:1s (0h:0m:0s left)
Log-likelihood cutoff on original alignment: -1235.120
NOTE: Bootstrap correlation coefficient of split occurrence frequencies: 0.967
NOTE: UFBoot does not converge, continue at least 100 more iterations
UPDATE BEST LOG-LIKELIHOOD: -1206.342
Iteration 210 / LogL: -1206.348 / Time: 0h:0m:1s (0h:0m:0s left)
Iteration 220 / LogL: -1206.345 / Time: 0h:0m:1s (0h:0m:0s left)
Iteration 230 / LogL: -1206.344 / Time: 0h:0m:1s (0h:0m:0s left)
Iteration 240 / LogL: -1206.346 / Time: 0h:0m:1s (0h:0m:0s left)
UPDATE BEST LOG-LIKELIHOOD: -1206.342
Iteration 250 / LogL: -1206.342 / Time: 0h:0m:1s (0h:0m:0s left)
Log-likelihood cutoff on original alignment: -1235.120
Iteration 260 / LogL: -1206.343 / Time: 0h:0m:1s (0h:0m:0s left)
UPDATE BEST LOG-LIKELIHOOD: -1206.342
Iteration 270 / LogL: -1206.342 / Time: 0h:0m:1s (0h:0m:0s left)
Iteration 280 / LogL: -1206.344 / Time: 0h:0m:1s (0h:0m:0s left)
Iteration 290 / LogL: -1206.348 / Time: 0h:0m:1s (0h:0m:0s left)
Iteration 300 / LogL: -1211.972 / Time: 0h:0m:1s (0h:0m:0s left)
Log-likelihood cutoff on original alignment: -1235.805
NOTE: Bootstrap correlation coefficient of split occurrence frequencies: 0.991
TREE SEARCH COMPLETED AFTER 300 ITERATIONS / Time: 0h:0m:1s

--------------------------------------------------------------------
|                    FINALIZING TREE SEARCH                        |
--------------------------------------------------------------------
Performs final model parameters optimization
Estimate model parameters (epsilon = 0.010)
1. Initial log-likelihood: -1206.342
Optimal log-likelihood: -1206.342
Rate parameters:  A-C: 1.00000  A-G: 12.96657  A-T: 1.00000  C-G: 1.00000  C-T: 12.96657  G-T: 1.00000
Base frequencies:  A: 0.217  C: 0.278  G: 0.321  T: 0.184
Parameters optimization took 1 rounds (0.000 sec)
BEST SCORE FOUND : -1206.342
Creating bootstrap support values...
Split supports printed to NEXUS file 105664at7898.fltrd_aligned.fas.splits.nex
Total tree length: 0.029

Total number of iterations: 300
CPU time used for tree search: 1.453 sec (0h:0m:1s)
Wall-clock time used for tree search: 1.554 sec (0h:0m:1s)
Total CPU time used: 1.483 sec (0h:0m:1s)
Total wall-clock time used: 1.591 sec (0h:0m:1s)

Computing bootstrap consensus tree...
Reading input file 105664at7898.fltrd_aligned.fas.splits.nex...
11 taxa and 128 splits.
Consensus tree written to 105664at7898.fltrd_aligned.fas.contree
Reading input trees file 105664at7898.fltrd_aligned.fas.contree
Log-likelihood of consensus tree: -1206.351

Analysis results written to: 
  IQ-TREE report:                105664at7898.fltrd_aligned.fas.iqtree
  Maximum-likelihood tree:       105664at7898.fltrd_aligned.fas.treefile
  Likelihood distances:          105664at7898.fltrd_aligned.fas.mldist

Ultrafast bootstrap approximation results written to:
  Split support values:          105664at7898.fltrd_aligned.fas.splits.nex
  Consensus tree:                105664at7898.fltrd_aligned.fas.contree
  Screen log file:               105664at7898.fltrd_aligned.fas.log

Date and Time: Tue Dec  2 14:50:05 2025
