IQ-TREE multicore version 2.1.3 COVID-edition for Linux 64-bit built Apr 21 2021
Developed by Bui Quang Minh, James Barbetti, Nguyen Lam Tung,
Olga Chernomor, Heiko Schmidt, Dominik Schrempf, Michael Woodhams.

Host:    gombessa.rcs.alaska.edu (AVX2, FMA3, 503 GB RAM)
Command: /export/scratch/tsvanorden/Char_Phylogenetics/src/iqtree-2.1.3-Linux/bin/iqtree2 -s 132633at7898.fltrd_aligned.fas -m MFP -bb 1000 -T 1
Seed:    644482 (Using SPRNG - Scalable Parallel Random Number Generator)
Time:    Tue Dec  2 14:49:15 2025
Kernel:  AVX+FMA - 1 threads (1 CPU cores detected)

Reading alignment file 132633at7898.fltrd_aligned.fas ... Fasta format detected
Alignment most likely contains DNA/RNA sequences
Alignment has 20 sequences with 633 columns, 31 distinct patterns
18 parsimony-informative, 13 singleton sites, 602 constant sites
                                Gap/Ambiguity  Composition  p-value
   1  251140_Ward_Creek                 0.00%    passed     99.99%
   2  260512_Pybus_Point                0.00%    passed     99.99%
   3  261935_Kenai_River                0.00%    passed     99.99%
   4  353213_Cropley_Lake               0.00%    passed     99.99%
   5  353219_Peterson_Creek             0.00%    passed     99.99%
   6  353220_Fish_Creek                 0.00%    passed     99.99%
   7  353246_Cottonwood_Creek           0.00%    passed     99.97%
   8  353379_Skagit_River               4.27%    passed     99.79%
   9  353381_Dungeness_River            0.00%    passed     99.99%
  10  353401_Peace_River                4.27%    passed     99.81%
  11  353407_Noatok                     0.00%    passed     99.97%
  12  353410_Horizon_Lake               0.00%    passed     99.86%
  13  92319_Little_Lost                 4.27%    passed     99.81%
  14  94280_St_Joe                      4.27%    passed     99.81%
  15  GCA016432855_Lake_Trout           4.27%    passed     99.79%
  16  GCA036784925_Maine_S_alpinus      0.00%    passed     99.39%
  17  GCA045679555_Iceland_A_alpinus    0.00%    passed     99.39%
  18  GCF013265735_Rainbow_Trout        0.00%    passed     99.53%
  19  GCF029448725_Brook_Trout          4.27%    passed     99.11%
  20  Methow_River_99895                4.27%    passed     99.81%
****  TOTAL                             1.49%  0 sequences failed composition chi2 test (p-value<5%; df=3)
NOTE: 260512_Pybus_Point is identical to 251140_Ward_Creek but kept for subsequent analysis
NOTE: 353407_Noatok is identical to 353246_Cottonwood_Creek but kept for subsequent analysis
NOTE: GCA016432855_Lake_Trout is identical to 353379_Skagit_River but kept for subsequent analysis
NOTE: 92319_Little_Lost is identical to 353401_Peace_River but kept for subsequent analysis
NOTE: GCA045679555_Iceland_A_alpinus is identical to GCA036784925_Maine_S_alpinus but kept for subsequent analysis
NOTE: 7 identical sequences (see below) will be ignored for subsequent analysis
NOTE: 261935_Kenai_River (identical to 251140_Ward_Creek) is ignored but added at the end
NOTE: 353213_Cropley_Lake (identical to 251140_Ward_Creek) is ignored but added at the end
NOTE: 353219_Peterson_Creek (identical to 251140_Ward_Creek) is ignored but added at the end
NOTE: 353220_Fish_Creek (identical to 251140_Ward_Creek) is ignored but added at the end
NOTE: 353381_Dungeness_River (identical to 251140_Ward_Creek) is ignored but added at the end
NOTE: 94280_St_Joe (identical to 353401_Peace_River) is ignored but added at the end
NOTE: Methow_River_99895 (identical to 353401_Peace_River) is ignored but added at the end
Alignment was printed to 132633at7898.fltrd_aligned.fas.uniqueseq.phy

For your convenience alignment with unique sequences printed to 132633at7898.fltrd_aligned.fas.uniqueseq.phy


Create initial parsimony tree by phylogenetic likelihood library (PLL)... 0.000 seconds
Perform fast likelihood tree search using GTR+I+G model...
Estimate model parameters (epsilon = 5.000)
Perform nearest neighbor interchange...
Estimate model parameters (epsilon = 1.000)
1. Initial log-likelihood: -1081.571
Optimal log-likelihood: -1081.571
Rate parameters:  A-C: 1.14873  A-G: 1.13786  A-T: 0.48198  C-G: 0.49974  C-T: 3.03098  G-T: 1.00000
Base frequencies:  A: 0.254  C: 0.271  G: 0.274  T: 0.202
Proportion of invariable sites: 0.475
Gamma shape alpha: 0.889
Parameters optimization took 1 rounds (0.001 sec)
Time for fast ML tree search: 0.004 seconds

NOTE: ModelFinder requires 0 MB RAM!
ModelFinder will test up to 286 DNA models (sample size: 633) ...
 No. Model         -LnL         df  AIC          AICc         BIC
  1  GTR+F         1082.662     31  2227.324     2230.625     2365.289
  2  GTR+F+I       1081.540     32  2227.080     2230.600     2369.495
  3  GTR+F+G4      1081.550     32  2227.101     2230.621     2369.516
  4  GTR+F+I+G4    1081.571     33  2229.143     2232.889     2376.008
  5  GTR+F+R2      1082.138     33  2230.277     2234.023     2377.142
  6  GTR+F+R3      1081.972     35  2233.945     2238.166     2389.711
 14  SYM           1086.694     28  2229.389     2232.077     2354.002
 15  SYM+I         1085.614     29  2229.227     2232.113     2358.291
 16  SYM+G4        1085.627     29  2229.253     2232.139     2358.317
 27  TVM+F         1084.558     30  2229.116     2232.205     2362.630
 28  TVM+F+I       1083.413     31  2228.826     2232.127     2366.791
 29  TVM+F+G4      1083.418     31  2228.837     2232.138     2366.801
 40  TVMe          1088.092     27  2230.185     2232.684     2350.348
 41  TVMe+I        1086.982     28  2229.964     2232.653     2354.577
 42  TVMe+G4       1086.990     28  2229.981     2232.669     2354.594
 53  TIM3+F        1083.571     29  2225.143     2228.029     2354.207
 54  TIM3+F+I      1082.476     30  2224.952     2228.042     2358.466
 55  TIM3+F+G4     1082.485     30  2224.970     2228.060     2358.484
 66  TIM3e         1087.569     26  2227.139     2229.456     2342.851
 67  TIM3e+I       1086.516     27  2227.032     2229.531     2347.194
 68  TIM3e+G4      1086.528     27  2227.055     2229.555     2347.218
 79  TIM2+F        1083.510     29  2225.021     2227.906     2354.085
 80  TIM2+F+I      1082.413     30  2224.827     2227.917     2358.341
 81  TIM2+F+G4     1082.419     30  2224.838     2227.928     2358.352
 92  TIM2e         1087.641     26  2227.283     2229.600     2342.995
 93  TIM2e+I       1086.578     27  2227.155     2229.654     2347.318
 94  TIM2e+G4      1086.589     27  2227.179     2229.678     2347.341
105  TIM+F         1082.703     29  2223.406     2226.292     2352.470
106  TIM+F+I       1081.567     30  2223.134     2226.224     2356.648
107  TIM+F+G4      1081.576     30  2223.153     2226.243     2356.667
118  TIMe          1086.836     26  2225.673     2227.990     2341.385
119  TIMe+I        1085.740     27  2225.480     2227.979     2345.643
120  TIMe+G4       1085.752     27  2225.503     2228.002     2345.666
131  TPM3u+F       1085.468     28  2226.936     2229.625     2351.549
132  TPM3u+F+I     1084.348     29  2226.696     2229.581     2355.759
133  TPM3u+F+G4    1084.352     29  2226.704     2229.590     2355.768
144  TPM3+F        1085.468     28  2226.936     2229.625     2351.549
145  TPM3+F+I      1084.348     29  2226.696     2229.581     2355.759
146  TPM3+F+G4     1084.352     29  2226.704     2229.590     2355.768
157  TPM2u+F       1085.407     28  2226.814     2229.503     2351.427
158  TPM2u+F+I     1084.285     29  2226.571     2229.456     2355.634
159  TPM2u+F+G4    1084.290     29  2226.580     2229.465     2355.643
170  TPM2+F        1085.407     28  2226.814     2229.503     2351.427
171  TPM2+F+I      1084.285     29  2226.571     2229.456     2355.634
172  TPM2+F+G4     1084.290     29  2226.580     2229.465     2355.643
183  K3Pu+F        1084.600     28  2225.200     2227.889     2349.813
184  K3Pu+F+I      1083.442     29  2224.884     2227.770     2353.948
185  K3Pu+F+G4     1083.447     29  2224.895     2227.780     2353.958
196  K3P           1088.239     25  2226.477     2228.619     2337.739
197  K3P+I         1087.107     26  2226.215     2228.531     2341.927
198  K3P+G4        1087.113     26  2226.227     2228.543     2341.939
209  TN+F          1083.593     28  2223.186     2225.875     2347.799
210  TN+F+I        1082.488     29  2222.977     2225.862     2352.040
211  TN+F+G4       1082.497     29  2222.994     2225.879     2352.057
222  TNe           1087.696     25  2225.393     2227.534     2336.655
223  TNe+I         1086.629     26  2225.258     2227.575     2340.970
224  TNe+G4        1086.639     26  2225.278     2227.595     2340.990
235  HKY+F         1085.489     27  2224.978     2227.478     2345.141
236  HKY+F+I       1084.361     28  2224.721     2227.410     2349.334
237  HKY+F+G4      1084.364     28  2224.729     2227.417     2349.342
248  K2P           1089.097     24  2226.194     2228.168     2333.006
249  K2P+I         1087.995     25  2225.990     2228.131     2337.251
250  K2P+G4        1088.000     25  2226.000     2228.142     2337.262
261  F81+F         1088.650     26  2229.301     2231.617     2345.013
262  F81+F+I       1087.578     27  2229.156     2231.655     2349.319
263  F81+F+G4      1087.583     27  2229.167     2231.666     2349.329
274  JC            1092.230     23  2230.460     2232.273     2332.821
275  JC+I          1091.161     24  2230.321     2232.295     2337.133
276  JC+G4         1091.167     24  2230.333     2232.307     2337.144
Akaike Information Criterion:           TN+F+I
Corrected Akaike Information Criterion: TN+F+I
Bayesian Information Criterion:         JC
Best-fit model: JC chosen according to BIC

All model information printed to 132633at7898.fltrd_aligned.fas.model.gz
CPU time for ModelFinder: 0.076 seconds (0h:0m:0s)
Wall-clock time for ModelFinder: 0.082 seconds (0h:0m:0s)
Generating 1000 samples for ultrafast bootstrap (seed: 644482)...

NOTE: 0 MB RAM (0 GB) is required!
Estimate model parameters (epsilon = 0.100)
1. Initial log-likelihood: -1092.230
Optimal log-likelihood: -1092.230
Rate parameters:  A-C: 1.00000  A-G: 1.00000  A-T: 1.00000  C-G: 1.00000  C-T: 1.00000  G-T: 1.00000
Base frequencies:  A: 0.250  C: 0.250  G: 0.250  T: 0.250
Parameters optimization took 1 rounds (0.000 sec)
Computing ML distances based on estimated model parameters...
Computing ML distances took 0.000297 sec (of wall-clock time) 0.000271 sec(of CPU time)
WARNING: Some pairwise ML distances are too long (saturated)
Computing RapidNJ tree took 0.000048 sec (of wall-clock time) 0.000037 sec (of CPU time)
Log-likelihood of RapidNJ tree: -1110.948
--------------------------------------------------------------------
|             INITIALIZING CANDIDATE TREE SET                      |
--------------------------------------------------------------------
Generating 98 parsimony trees... 0.019 second
Computing log-likelihood of 98 initial trees ... 0.019 seconds
Current best score: -1092.230

Do NNI search on 20 best initial trees
Estimate model parameters (epsilon = 0.100)
BETTER TREE FOUND at iteration 1: -1092.230
BETTER TREE FOUND at iteration 3: -1092.230
Iteration 10 / LogL: -1092.230 / Time: 0h:0m:0s
Iteration 20 / LogL: -1092.230 / Time: 0h:0m:0s
Finish initializing candidate tree set (12)
Current best tree score: -1092.230 / CPU time: 0.085
Number of iterations: 20
--------------------------------------------------------------------
|               OPTIMIZING CANDIDATE TREE SET                      |
--------------------------------------------------------------------
UPDATE BEST LOG-LIKELIHOOD: -1092.230
Iteration 30 / LogL: -1092.233 / Time: 0h:0m:0s (0h:0m:0s left)
Iteration 40 / LogL: -1092.231 / Time: 0h:0m:0s (0h:0m:0s left)
Iteration 50 / LogL: -1092.231 / Time: 0h:0m:0s (0h:0m:0s left)
Log-likelihood cutoff on original alignment: -1106.594
UPDATE BEST LOG-LIKELIHOOD: -1092.230
Iteration 60 / LogL: -1092.230 / Time: 0h:0m:0s (0h:0m:0s left)
Iteration 70 / LogL: -1092.234 / Time: 0h:0m:0s (0h:0m:0s left)
Iteration 80 / LogL: -1092.234 / Time: 0h:0m:0s (0h:0m:0s left)
UPDATE BEST LOG-LIKELIHOOD: -1092.230
Iteration 90 / LogL: -1092.231 / Time: 0h:0m:0s (0h:0m:0s left)
Iteration 100 / LogL: -1092.232 / Time: 0h:0m:0s (0h:0m:0s left)
Log-likelihood cutoff on original alignment: -1106.593
NOTE: Bootstrap correlation coefficient of split occurrence frequencies: 0.982
NOTE: UFBoot does not converge, continue at least 100 more iterations
UPDATE BEST LOG-LIKELIHOOD: -1092.230
Iteration 110 / LogL: -1092.233 / Time: 0h:0m:0s (0h:0m:0s left)
Iteration 120 / LogL: -1092.230 / Time: 0h:0m:0s (0h:0m:0s left)
Iteration 130 / LogL: -1092.231 / Time: 0h:0m:0s (0h:0m:0s left)
UPDATE BEST LOG-LIKELIHOOD: -1092.230
Iteration 140 / LogL: -1092.230 / Time: 0h:0m:0s (0h:0m:0s left)
Iteration 150 / LogL: -1092.231 / Time: 0h:0m:0s (0h:0m:0s left)
Log-likelihood cutoff on original alignment: -1106.619
Iteration 160 / LogL: -1092.232 / Time: 0h:0m:0s (0h:0m:0s left)
Iteration 170 / LogL: -1092.232 / Time: 0h:0m:0s (0h:0m:0s left)
Iteration 180 / LogL: -1092.231 / Time: 0h:0m:0s (0h:0m:0s left)
Iteration 190 / LogL: -1098.646 / Time: 0h:0m:0s (0h:0m:0s left)
UPDATE BEST LOG-LIKELIHOOD: -1092.230
Iteration 200 / LogL: -1092.234 / Time: 0h:0m:0s (0h:0m:0s left)
Log-likelihood cutoff on original alignment: -1109.808
NOTE: Bootstrap correlation coefficient of split occurrence frequencies: 0.978
NOTE: UFBoot does not converge, continue at least 100 more iterations
Iteration 210 / LogL: -1092.231 / Time: 0h:0m:1s (0h:0m:0s left)
Iteration 220 / LogL: -1092.234 / Time: 0h:0m:1s (0h:0m:0s left)
UPDATE BEST LOG-LIKELIHOOD: -1092.230
Iteration 230 / LogL: -1098.007 / Time: 0h:0m:1s (0h:0m:0s left)
Iteration 240 / LogL: -1092.232 / Time: 0h:0m:1s (0h:0m:0s left)
UPDATE BEST LOG-LIKELIHOOD: -1092.230
Iteration 250 / LogL: -1092.232 / Time: 0h:0m:1s (0h:0m:0s left)
Log-likelihood cutoff on original alignment: -1110.633
Iteration 260 / LogL: -1092.236 / Time: 0h:0m:1s (0h:0m:0s left)
Iteration 270 / LogL: -1092.231 / Time: 0h:0m:1s (0h:0m:0s left)
Iteration 280 / LogL: -1092.233 / Time: 0h:0m:1s (0h:0m:0s left)
Iteration 290 / LogL: -1092.235 / Time: 0h:0m:1s (0h:0m:0s left)
Iteration 300 / LogL: -1098.006 / Time: 0h:0m:1s (0h:0m:0s left)
Log-likelihood cutoff on original alignment: -1113.556
NOTE: Bootstrap correlation coefficient of split occurrence frequencies: 0.947
NOTE: UFBoot does not converge, continue at least 100 more iterations
Iteration 310 / LogL: -1092.233 / Time: 0h:0m:1s (0h:0m:0s left)
Iteration 320 / LogL: -1092.231 / Time: 0h:0m:1s (0h:0m:0s left)
Iteration 330 / LogL: -1092.232 / Time: 0h:0m:1s (0h:0m:0s left)
Iteration 340 / LogL: -1092.234 / Time: 0h:0m:1s (0h:0m:0s left)
Iteration 350 / LogL: -1092.230 / Time: 0h:0m:1s (0h:0m:0s left)
Log-likelihood cutoff on original alignment: -1113.556
Iteration 360 / LogL: -1162.568 / Time: 0h:0m:1s (0h:0m:0s left)
Iteration 370 / LogL: -1092.230 / Time: 0h:0m:1s (0h:0m:0s left)
Iteration 380 / LogL: -1092.231 / Time: 0h:0m:1s (0h:0m:0s left)
Iteration 390 / LogL: -1092.231 / Time: 0h:0m:1s (0h:0m:0s left)
Iteration 400 / LogL: -1092.231 / Time: 0h:0m:1s (0h:0m:0s left)
Log-likelihood cutoff on original alignment: -1114.768
NOTE: Bootstrap correlation coefficient of split occurrence frequencies: 0.961
NOTE: UFBoot does not converge, continue at least 100 more iterations
Iteration 410 / LogL: -1092.235 / Time: 0h:0m:2s (0h:0m:0s left)
Iteration 420 / LogL: -1092.232 / Time: 0h:0m:2s (0h:0m:0s left)
Iteration 430 / LogL: -1092.232 / Time: 0h:0m:2s (0h:0m:0s left)
Iteration 440 / LogL: -1156.795 / Time: 0h:0m:2s (0h:0m:0s left)
UPDATE BEST LOG-LIKELIHOOD: -1092.230
Iteration 450 / LogL: -1092.230 / Time: 0h:0m:2s (0h:0m:0s left)
Log-likelihood cutoff on original alignment: -1114.894
Iteration 460 / LogL: -1100.779 / Time: 0h:0m:2s (0h:0m:0s left)
Iteration 470 / LogL: -1092.231 / Time: 0h:0m:2s (0h:0m:0s left)
Iteration 480 / LogL: -1092.230 / Time: 0h:0m:2s (0h:0m:0s left)
UPDATE BEST LOG-LIKELIHOOD: -1092.230
Iteration 490 / LogL: -1092.230 / Time: 0h:0m:2s (0h:0m:0s left)
Iteration 500 / LogL: -1092.234 / Time: 0h:0m:2s (0h:0m:0s left)
Log-likelihood cutoff on original alignment: -1114.894
NOTE: Bootstrap correlation coefficient of split occurrence frequencies: 0.988
NOTE: UFBoot does not converge, continue at least 100 more iterations
Iteration 510 / LogL: -1092.234 / Time: 0h:0m:2s (0h:0m:0s left)
Iteration 520 / LogL: -1092.234 / Time: 0h:0m:2s (0h:0m:0s left)
Iteration 530 / LogL: -1092.233 / Time: 0h:0m:2s (0h:0m:0s left)
Iteration 540 / LogL: -1092.234 / Time: 0h:0m:2s (0h:0m:0s left)
Iteration 550 / LogL: -1092.231 / Time: 0h:0m:2s (0h:0m:0s left)
Log-likelihood cutoff on original alignment: -1114.894
Iteration 560 / LogL: -1092.231 / Time: 0h:0m:2s (0h:0m:0s left)
UPDATE BEST LOG-LIKELIHOOD: -1092.230
Iteration 570 / LogL: -1092.230 / Time: 0h:0m:2s (0h:0m:0s left)
Iteration 580 / LogL: -1092.232 / Time: 0h:0m:2s (0h:0m:0s left)
Iteration 590 / LogL: -1092.232 / Time: 0h:0m:3s (0h:0m:0s left)
Iteration 600 / LogL: -1092.236 / Time: 0h:0m:3s (0h:0m:0s left)
Log-likelihood cutoff on original alignment: -1114.894
NOTE: Bootstrap correlation coefficient of split occurrence frequencies: 0.994
TREE SEARCH COMPLETED AFTER 600 ITERATIONS / Time: 0h:0m:3s

--------------------------------------------------------------------
|                    FINALIZING TREE SEARCH                        |
--------------------------------------------------------------------
Performs final model parameters optimization
Estimate model parameters (epsilon = 0.010)
1. Initial log-likelihood: -1092.230
Optimal log-likelihood: -1092.230
Rate parameters:  A-C: 1.00000  A-G: 1.00000  A-T: 1.00000  C-G: 1.00000  C-T: 1.00000  G-T: 1.00000
Base frequencies:  A: 0.250  C: 0.250  G: 0.250  T: 0.250
Parameters optimization took 1 rounds (0.000 sec)
BEST SCORE FOUND : -1092.230
Creating bootstrap support values...
Split supports printed to NEXUS file 132633at7898.fltrd_aligned.fas.splits.nex
Total tree length: 0.054

Total number of iterations: 600
CPU time used for tree search: 3.001 sec (0h:0m:3s)
Wall-clock time used for tree search: 3.119 sec (0h:0m:3s)
Total CPU time used: 3.028 sec (0h:0m:3s)
Total wall-clock time used: 3.156 sec (0h:0m:3s)

Computing bootstrap consensus tree...
Reading input file 132633at7898.fltrd_aligned.fas.splits.nex...
13 taxa and 113 splits.
Consensus tree written to 132633at7898.fltrd_aligned.fas.contree
Reading input trees file 132633at7898.fltrd_aligned.fas.contree
Log-likelihood of consensus tree: -1092.244

Analysis results written to: 
  IQ-TREE report:                132633at7898.fltrd_aligned.fas.iqtree
  Maximum-likelihood tree:       132633at7898.fltrd_aligned.fas.treefile
  Likelihood distances:          132633at7898.fltrd_aligned.fas.mldist

Ultrafast bootstrap approximation results written to:
  Split support values:          132633at7898.fltrd_aligned.fas.splits.nex
  Consensus tree:                132633at7898.fltrd_aligned.fas.contree
  Screen log file:               132633at7898.fltrd_aligned.fas.log

Date and Time: Tue Dec  2 14:49:18 2025
