IQ-TREE multicore version 2.1.3 COVID-edition for Linux 64-bit built Apr 21 2021
Developed by Bui Quang Minh, James Barbetti, Nguyen Lam Tung,
Olga Chernomor, Heiko Schmidt, Dominik Schrempf, Michael Woodhams.

Host:    gombessa.rcs.alaska.edu (AVX2, FMA3, 503 GB RAM)
Command: /export/scratch/tsvanorden/Char_Phylogenetics/src/iqtree-2.1.3-Linux/bin/iqtree2 -s 114888at7898.fltrd_aligned.fas -m MFP -bb 1000 -T 1
Seed:    370335 (Using SPRNG - Scalable Parallel Random Number Generator)
Time:    Tue Dec  2 14:49:48 2025
Kernel:  AVX+FMA - 1 threads (1 CPU cores detected)

Reading alignment file 114888at7898.fltrd_aligned.fas ... Fasta format detected
Alignment most likely contains DNA/RNA sequences
Alignment has 20 sequences with 621 columns, 51 distinct patterns
11 parsimony-informative, 89 singleton sites, 521 constant sites
                                Gap/Ambiguity  Composition  p-value
   1  251140_Ward_Creek                 0.48%    passed     99.99%
   2  260512_Pybus_Point                0.48%    passed     99.99%
   3  261935_Kenai_River                0.48%    passed     99.99%
   4  353213_Cropley_Lake               0.48%    passed     99.99%
   5  353219_Peterson_Creek             0.48%    passed     99.99%
   6  353220_Fish_Creek                 0.48%    passed     99.99%
   7  353246_Cottonwood_Creek           0.48%    passed     99.99%
   8  353379_Skagit_River               0.48%    passed     99.99%
   9  353381_Dungeness_River            9.66%    passed     81.18%
  10  353401_Peace_River                0.48%    passed     99.99%
  11  353407_Noatok                     0.48%    passed     99.99%
  12  353410_Horizon_Lake               0.48%    passed     99.90%
  13  92319_Little_Lost                 0.48%    passed     99.99%
  14  94280_St_Joe                      0.48%    passed     99.99%
  15  GCA016432855_Lake_Trout           0.48%    passed     99.70%
  16  GCA036784925_Maine_S_alpinus      0.48%    passed     99.90%
  17  GCA045679555_Iceland_A_alpinus    0.48%    passed     99.90%
  18  GCF013265735_Rainbow_Trout        3.86%    passed     89.89%
  19  GCF029448725_Brook_Trout          0.00%    passed     93.57%
  20  Methow_River_99895                0.48%    passed     99.99%
****  TOTAL                             1.09%  0 sequences failed composition chi2 test (p-value<5%; df=3)
NOTE: 260512_Pybus_Point is identical to 251140_Ward_Creek but kept for subsequent analysis
NOTE: GCA036784925_Maine_S_alpinus is identical to 353410_Horizon_Lake but kept for subsequent analysis
NOTE: 12 identical sequences (see below) will be ignored for subsequent analysis
NOTE: 261935_Kenai_River (identical to 251140_Ward_Creek) is ignored but added at the end
NOTE: 353213_Cropley_Lake (identical to 251140_Ward_Creek) is ignored but added at the end
NOTE: 353219_Peterson_Creek (identical to 251140_Ward_Creek) is ignored but added at the end
NOTE: 353220_Fish_Creek (identical to 251140_Ward_Creek) is ignored but added at the end
NOTE: 353246_Cottonwood_Creek (identical to 251140_Ward_Creek) is ignored but added at the end
NOTE: 353379_Skagit_River (identical to 251140_Ward_Creek) is ignored but added at the end
NOTE: 353401_Peace_River (identical to 251140_Ward_Creek) is ignored but added at the end
NOTE: 353407_Noatok (identical to 251140_Ward_Creek) is ignored but added at the end
NOTE: 92319_Little_Lost (identical to 251140_Ward_Creek) is ignored but added at the end
NOTE: 94280_St_Joe (identical to 251140_Ward_Creek) is ignored but added at the end
NOTE: Methow_River_99895 (identical to 251140_Ward_Creek) is ignored but added at the end
NOTE: GCA045679555_Iceland_A_alpinus (identical to 353410_Horizon_Lake) is ignored but added at the end
Alignment was printed to 114888at7898.fltrd_aligned.fas.uniqueseq.phy

For your convenience alignment with unique sequences printed to 114888at7898.fltrd_aligned.fas.uniqueseq.phy


Create initial parsimony tree by phylogenetic likelihood library (PLL)... 0.000 seconds
Perform fast likelihood tree search using GTR+I+G model...
Estimate model parameters (epsilon = 5.000)
Perform nearest neighbor interchange...
Estimate model parameters (epsilon = 1.000)
1. Initial log-likelihood: -1331.109
Optimal log-likelihood: -1331.087
Rate parameters:  A-C: 2.52334  A-G: 2.93097  A-T: 1.30296  C-G: 1.12063  C-T: 2.27521  G-T: 1.00000
Base frequencies:  A: 0.227  C: 0.237  G: 0.223  T: 0.314
Proportion of invariable sites: 0.418
Gamma shape alpha: 998.426
Parameters optimization took 1 rounds (0.001 sec)
Time for fast ML tree search: 0.004 seconds

NOTE: ModelFinder requires 0 MB RAM!
ModelFinder will test up to 286 DNA models (sample size: 621) ...
 No. Model         -LnL         df  AIC          AICc         BIC
  1  GTR+F         1329.727     21  2701.454     2702.996     2794.512
  2  GTR+F+I       1329.726     22  2703.452     2705.144     2800.941
  3  GTR+F+G4      1329.727     22  2703.454     2705.146     2800.943
  4  GTR+F+I+G4    1331.046     23  2708.091     2709.941     2810.012
  5  GTR+F+R2      1330.322     23  2706.645     2708.494     2808.565
  6  GTR+F+R3      1330.180     25  2710.361     2712.545     2821.144
 14  SYM           1336.777     18  2709.554     2710.691     2789.318
 15  SYM+I         1336.777     19  2711.554     2712.819     2795.750
 16  SYM+G4        1336.778     19  2711.556     2712.821     2795.752
 27  TVM+F         1329.976     20  2699.951     2701.351     2788.578
 28  TVM+F+I       1329.975     21  2701.951     2703.493     2795.009
 29  TVM+F+G4      1329.976     21  2701.953     2703.495     2795.011
 40  TVMe          1336.786     17  2707.573     2708.587     2782.905
 41  TVMe+I        1336.786     18  2709.572     2710.709     2789.336
 42  TVMe+G4       1336.787     18  2709.574     2710.710     2789.338
 53  TIM3+F        1331.575     19  2701.150     2702.414     2785.345
 54  TIM3+F+I      1331.575     20  2703.150     2704.550     2791.777
 55  TIM3+F+G4     1331.576     20  2703.152     2704.552     2791.779
 66  TIM3e         1338.687     16  2709.374     2710.275     2780.275
 67  TIM3e+I       1338.687     17  2711.374     2712.389     2786.706
 68  TIM3e+G4      1338.688     17  2711.375     2712.390     2786.708
 79  TIM2+F        1330.931     19  2699.861     2701.126     2784.056
 80  TIM2+F+I      1330.931     20  2701.861     2703.261     2790.488
 81  TIM2+F+G4     1330.932     20  2701.863     2703.263     2790.490
 92  TIM2e         1337.460     16  2706.919     2707.820     2777.820
 93  TIM2e+I       1337.459     17  2708.918     2709.933     2784.251
 94  TIM2e+G4      1337.461     17  2708.921     2709.936     2784.254
105  TIM+F         1332.320     19  2702.641     2703.905     2786.836
106  TIM+F+I       1332.321     20  2704.641     2706.041     2793.268
107  TIM+F+G4      1332.321     20  2704.642     2706.042     2793.269
118  TIMe          1338.912     16  2709.825     2710.725     2780.726
119  TIMe+I        1338.912     17  2711.824     2712.839     2787.157
120  TIMe+G4       1338.913     17  2711.826     2712.841     2787.159
131  TPM3u+F       1331.826     18  2699.653     2700.789     2779.417
132  TPM3u+F+I     1331.826     19  2701.653     2702.917     2785.848
133  TPM3u+F+G4    1331.827     19  2701.655     2702.919     2785.850
144  TPM3+F        1331.826     18  2699.653     2700.789     2779.417
145  TPM3+F+I      1331.826     19  2701.653     2702.917     2785.848
146  TPM3+F+G4     1331.827     19  2701.655     2702.919     2785.850
157  TPM2u+F       1331.183     18  2698.366     2699.502     2778.130
158  TPM2u+F+I     1331.183     19  2700.366     2701.631     2784.561
159  TPM2u+F+G4    1331.184     19  2700.368     2701.633     2784.564
170  TPM2+F        1331.183     18  2698.366     2699.502     2778.130
171  TPM2+F+I      1331.183     19  2700.366     2701.631     2784.561
172  TPM2+F+G4     1331.184     19  2700.368     2701.633     2784.564
183  K3Pu+F        1332.576     18  2701.153     2702.289     2780.916
184  K3Pu+F+I      1332.576     19  2703.152     2704.417     2787.348
185  K3Pu+F+G4     1332.577     19  2703.154     2704.419     2787.350
196  K3P           1338.923     15  2707.845     2708.638     2774.315
197  K3P+I         1338.922     16  2709.845     2710.746     2780.746
198  K3P+G4        1338.923     16  2709.847     2710.747     2780.748
209  TN+F          1332.557     18  2701.114     2702.251     2780.878
210  TN+F+I        1332.557     19  2703.114     2704.379     2787.310
211  TN+F+G4       1332.558     19  2703.116     2704.381     2787.312
222  TNe           1339.152     15  2708.304     2709.098     2774.774
223  TNe+I         1339.152     16  2710.304     2711.205     2781.205
224  TNe+G4        1339.153     16  2710.306     2711.207     2781.207
235  HKY+F         1332.811     17  2699.622     2700.637     2774.955
236  HKY+F+I       1332.811     18  2701.622     2702.758     2781.386
237  HKY+F+G4      1332.812     18  2701.624     2702.760     2781.388
248  K2P           1339.162     14  2706.324     2707.017     2768.363
249  K2P+I         1339.162     15  2708.324     2709.118     2774.794
250  K2P+G4        1339.163     15  2708.326     2709.120     2774.796
261  F81+F         1335.844     16  2703.689     2704.589     2774.590
262  F81+F+I       1335.844     17  2705.689     2706.703     2781.021
263  F81+F+G4      1335.845     17  2705.691     2706.705     2781.023
274  JC            1342.250     13  2710.500     2711.100     2768.108
275  JC+I          1342.250     14  2712.500     2713.193     2774.539
276  JC+G4         1342.251     14  2712.502     2713.195     2774.541
Akaike Information Criterion:           TPM2u+F
Corrected Akaike Information Criterion: TPM2u+F
Bayesian Information Criterion:         JC
Best-fit model: JC chosen according to BIC

All model information printed to 114888at7898.fltrd_aligned.fas.model.gz
CPU time for ModelFinder: 0.116 seconds (0h:0m:0s)
Wall-clock time for ModelFinder: 0.122 seconds (0h:0m:0s)
Generating 1000 samples for ultrafast bootstrap (seed: 370335)...

NOTE: 0 MB RAM (0 GB) is required!
Estimate model parameters (epsilon = 0.100)
1. Initial log-likelihood: -1342.250
Optimal log-likelihood: -1342.250
Rate parameters:  A-C: 1.00000  A-G: 1.00000  A-T: 1.00000  C-G: 1.00000  C-T: 1.00000  G-T: 1.00000
Base frequencies:  A: 0.250  C: 0.250  G: 0.250  T: 0.250
Parameters optimization took 1 rounds (0.000 sec)
Computing ML distances based on estimated model parameters...
Computing ML distances took 0.000210 sec (of wall-clock time) 0.000195 sec(of CPU time)
WARNING: Some pairwise ML distances are too long (saturated)
Computing RapidNJ tree took 0.000022 sec (of wall-clock time) 0.000020 sec (of CPU time)
Log-likelihood of RapidNJ tree: -1345.421
--------------------------------------------------------------------
|             INITIALIZING CANDIDATE TREE SET                      |
--------------------------------------------------------------------
Generating 98 parsimony trees... 0.022 second
Computing log-likelihood of 64 initial trees ... 0.006 seconds
Current best score: -1342.250

Do NNI search on 20 best initial trees
Estimate model parameters (epsilon = 0.100)
BETTER TREE FOUND at iteration 1: -1342.250
UPDATE BEST LOG-LIKELIHOOD: -1342.250
Iteration 10 / LogL: -1342.251 / Time: 0h:0m:0s
Iteration 20 / LogL: -1342.252 / Time: 0h:0m:0s
Finish initializing candidate tree set (5)
Current best tree score: -1342.250 / CPU time: 0.082
Number of iterations: 20
--------------------------------------------------------------------
|               OPTIMIZING CANDIDATE TREE SET                      |
--------------------------------------------------------------------
UPDATE BEST LOG-LIKELIHOOD: -1342.250
UPDATE BEST LOG-LIKELIHOOD: -1342.250
Iteration 30 / LogL: -1342.250 / Time: 0h:0m:0s (0h:0m:0s left)
Iteration 40 / LogL: -1342.253 / Time: 0h:0m:0s (0h:0m:0s left)
UPDATE BEST LOG-LIKELIHOOD: -1342.250
Iteration 50 / LogL: -1342.251 / Time: 0h:0m:0s (0h:0m:0s left)
Log-likelihood cutoff on original alignment: -1363.501
Iteration 60 / LogL: -1342.250 / Time: 0h:0m:0s (0h:0m:0s left)
UPDATE BEST LOG-LIKELIHOOD: -1342.250
Iteration 70 / LogL: -1342.253 / Time: 0h:0m:0s (0h:0m:0s left)
Iteration 80 / LogL: -1342.253 / Time: 0h:0m:0s (0h:0m:0s left)
Iteration 90 / LogL: -1342.253 / Time: 0h:0m:0s (0h:0m:0s left)
Iteration 100 / LogL: -1342.252 / Time: 0h:0m:0s (0h:0m:0s left)
Log-likelihood cutoff on original alignment: -1363.536
NOTE: Bootstrap correlation coefficient of split occurrence frequencies: 0.996
TREE SEARCH COMPLETED AFTER 102 ITERATIONS / Time: 0h:0m:0s

--------------------------------------------------------------------
|                    FINALIZING TREE SEARCH                        |
--------------------------------------------------------------------
Performs final model parameters optimization
Estimate model parameters (epsilon = 0.010)
1. Initial log-likelihood: -1342.250
Optimal log-likelihood: -1342.250
Rate parameters:  A-C: 1.00000  A-G: 1.00000  A-T: 1.00000  C-G: 1.00000  C-T: 1.00000  G-T: 1.00000
Base frequencies:  A: 0.250  C: 0.250  G: 0.250  T: 0.250
Parameters optimization took 1 rounds (0.000 sec)
BEST SCORE FOUND : -1342.250
Creating bootstrap support values...
Split supports printed to NEXUS file 114888at7898.fltrd_aligned.fas.splits.nex
Total tree length: 0.194

Total number of iterations: 102
CPU time used for tree search: 0.414 sec (0h:0m:0s)
Wall-clock time used for tree search: 0.497 sec (0h:0m:0s)
Total CPU time used: 0.442 sec (0h:0m:0s)
Total wall-clock time used: 0.533 sec (0h:0m:0s)

Computing bootstrap consensus tree...
Reading input file 114888at7898.fltrd_aligned.fas.splits.nex...
8 taxa and 53 splits.
Consensus tree written to 114888at7898.fltrd_aligned.fas.contree
Reading input trees file 114888at7898.fltrd_aligned.fas.contree
Log-likelihood of consensus tree: -1342.255

Analysis results written to: 
  IQ-TREE report:                114888at7898.fltrd_aligned.fas.iqtree
  Maximum-likelihood tree:       114888at7898.fltrd_aligned.fas.treefile
  Likelihood distances:          114888at7898.fltrd_aligned.fas.mldist

Ultrafast bootstrap approximation results written to:
  Split support values:          114888at7898.fltrd_aligned.fas.splits.nex
  Consensus tree:                114888at7898.fltrd_aligned.fas.contree
  Screen log file:               114888at7898.fltrd_aligned.fas.log

Date and Time: Tue Dec  2 14:49:49 2025
