IQ-TREE multicore version 2.1.3 COVID-edition for Linux 64-bit built Apr 21 2021
Developed by Bui Quang Minh, James Barbetti, Nguyen Lam Tung,
Olga Chernomor, Heiko Schmidt, Dominik Schrempf, Michael Woodhams.

Host:    gombessa.rcs.alaska.edu (AVX2, FMA3, 503 GB RAM)
Command: /export/scratch/tsvanorden/Char_Phylogenetics/src/iqtree-2.1.3-Linux/bin/iqtree2 -s 125076at7898.fltrd_aligned.fas -m MFP -bb 1000 -T 1
Seed:    978189 (Using SPRNG - Scalable Parallel Random Number Generator)
Time:    Tue Dec  2 14:49:13 2025
Kernel:  AVX+FMA - 1 threads (1 CPU cores detected)

Reading alignment file 125076at7898.fltrd_aligned.fas ... Fasta format detected
Alignment most likely contains DNA/RNA sequences
Alignment has 20 sequences with 456 columns, 45 distinct patterns
6 parsimony-informative, 45 singleton sites, 405 constant sites
                                Gap/Ambiguity  Composition  p-value
   1  251140_Ward_Creek                 1.32%    passed     99.99%
   2  260512_Pybus_Point                1.32%    passed     99.99%
   3  261935_Kenai_River                1.32%    passed     99.99%
   4  353213_Cropley_Lake               1.32%    passed     99.99%
   5  353219_Peterson_Creek             1.32%    passed     99.99%
   6  353220_Fish_Creek                 1.32%    passed     99.99%
   7  353246_Cottonwood_Creek           1.32%    passed     99.99%
   8  353379_Skagit_River               1.32%    passed     99.99%
   9  353381_Dungeness_River           15.13%    passed     59.98%
  10  353401_Peace_River                1.32%    passed     99.99%
  11  353407_Noatok                     1.32%    passed     99.82%
  12  353410_Horizon_Lake               1.32%    passed     99.79%
  13  92319_Little_Lost                 1.32%    passed     99.99%
  14  94280_St_Joe                      1.32%    passed     99.99%
  15  GCA016432855_Lake_Trout           1.32%    passed     99.31%
  16  GCA036784925_Maine_S_alpinus     21.71%    passed     83.97%
  17  GCA045679555_Iceland_A_alpinus    1.32%    passed     99.99%
  18  GCF013265735_Rainbow_Trout        1.32%    passed     97.31%
  19  GCF029448725_Brook_Trout          1.32%    passed     99.82%
  20  Methow_River_99895                1.32%    passed     99.99%
****  TOTAL                             3.03%  0 sequences failed composition chi2 test (p-value<5%; df=3)
NOTE: 260512_Pybus_Point is identical to 251140_Ward_Creek but kept for subsequent analysis
NOTE: 11 identical sequences (see below) will be ignored for subsequent analysis
NOTE: 261935_Kenai_River (identical to 251140_Ward_Creek) is ignored but added at the end
NOTE: 353213_Cropley_Lake (identical to 251140_Ward_Creek) is ignored but added at the end
NOTE: 353219_Peterson_Creek (identical to 251140_Ward_Creek) is ignored but added at the end
NOTE: 353220_Fish_Creek (identical to 251140_Ward_Creek) is ignored but added at the end
NOTE: 353246_Cottonwood_Creek (identical to 251140_Ward_Creek) is ignored but added at the end
NOTE: 353379_Skagit_River (identical to 251140_Ward_Creek) is ignored but added at the end
NOTE: 353401_Peace_River (identical to 251140_Ward_Creek) is ignored but added at the end
NOTE: 92319_Little_Lost (identical to 251140_Ward_Creek) is ignored but added at the end
NOTE: 94280_St_Joe (identical to 251140_Ward_Creek) is ignored but added at the end
NOTE: GCA045679555_Iceland_A_alpinus (identical to 251140_Ward_Creek) is ignored but added at the end
NOTE: Methow_River_99895 (identical to 251140_Ward_Creek) is ignored but added at the end
Alignment was printed to 125076at7898.fltrd_aligned.fas.uniqueseq.phy

For your convenience alignment with unique sequences printed to 125076at7898.fltrd_aligned.fas.uniqueseq.phy


Create initial parsimony tree by phylogenetic likelihood library (PLL)... 0.000 seconds
Perform fast likelihood tree search using GTR+I+G model...
Estimate model parameters (epsilon = 5.000)
Perform nearest neighbor interchange...
Estimate model parameters (epsilon = 1.000)
1. Initial log-likelihood: -891.177
Optimal log-likelihood: -891.176
Rate parameters:  A-C: 1.17122  A-G: 2.53790  A-T: 1.91000  C-G: 0.74505  C-T: 2.82050  G-T: 1.00000
Base frequencies:  A: 0.227  C: 0.255  G: 0.311  T: 0.207
Proportion of invariable sites: 0.445
Gamma shape alpha: 998.386
Parameters optimization took 1 rounds (0.001 sec)
Time for fast ML tree search: 0.004 seconds

NOTE: ModelFinder requires 0 MB RAM!
ModelFinder will test up to 286 DNA models (sample size: 456) ...
 No. Model         -LnL         df  AIC          AICc         BIC
  1  GTR+F         890.976      23  1827.952     1830.508     1922.769
  2  GTR+F+I       890.978      24  1829.956     1832.740     1928.896
  3  GTR+F+G4      890.978      24  1829.956     1832.741     1928.896
  4  GTR+F+I+G4    891.173      25  1832.345     1835.368     1935.407
  5  GTR+F+R2      891.040      25  1832.079     1835.103     1935.142
  6  GTR+F+R3      891.081      27  1836.162     1839.695     1947.470
 14  SYM           895.865      20  1831.730     1833.661     1914.180
 15  SYM+I         895.866      21  1833.733     1835.862     1920.305
 16  SYM+G4        895.866      21  1833.731     1835.860     1920.304
 27  TVM+F         890.997      22  1825.993     1828.330     1916.688
 28  TVM+F+I       891.000      23  1827.999     1830.555     1922.817
 29  TVM+F+G4      890.999      23  1827.997     1830.553     1922.814
 40  TVMe          895.869      19  1829.739     1831.482     1908.066
 41  TVMe+I        895.871      20  1831.742     1833.673     1914.192
 42  TVMe+G4       895.870      20  1831.740     1833.671     1914.190
 53  TIM3+F        891.689      21  1825.379     1827.508     1911.951
 54  TIM3+F+I      891.692      22  1827.385     1829.722     1918.080
 55  TIM3+F+G4     891.692      22  1827.384     1829.721     1918.079
 66  TIM3e         896.262      18  1828.523     1830.088     1902.728
 67  TIM3e+I       896.263      19  1830.526     1832.269     1908.853
 68  TIM3e+G4      896.262      19  1830.525     1832.268     1908.852
 79  TIM2+F        891.317      21  1824.635     1826.764     1911.207
 80  TIM2+F+I      891.321      22  1826.641     1828.979     1917.336
 81  TIM2+F+G4     891.319      22  1826.639     1828.976     1917.333
 92  TIM2e         896.037      18  1828.075     1829.640     1902.279
 93  TIM2e+I       896.037      19  1830.075     1831.818     1908.402
 94  TIM2e+G4      896.038      19  1830.075     1831.818     1908.403
105  TIM+F         892.012      21  1826.024     1828.153     1912.596
106  TIM+F+I       892.015      22  1828.029     1830.367     1918.724
107  TIM+F+G4      892.013      22  1828.026     1830.363     1918.721
118  TIMe          896.384      18  1828.768     1830.334     1902.973
119  TIMe+I        896.386      19  1830.771     1832.515     1909.099
120  TIMe+G4       896.386      19  1830.771     1832.514     1909.098
131  TPM3u+F       891.714      20  1823.428     1825.359     1905.878
132  TPM3u+F+I     891.717      21  1825.434     1827.563     1912.006
133  TPM3u+F+G4    891.717      21  1825.433     1827.562     1912.005
144  TPM3+F        891.714      20  1823.428     1825.359     1905.878
145  TPM3+F+I      891.717      21  1825.434     1827.563     1912.006
146  TPM3+F+G4     891.717      21  1825.433     1827.562     1912.005
157  TPM2u+F       891.341      20  1822.682     1824.613     1905.131
158  TPM2u+F+I     891.344      21  1824.688     1826.817     1911.260
159  TPM2u+F+G4    891.343      21  1824.686     1826.815     1911.258
170  TPM2+F        891.341      20  1822.682     1824.613     1905.131
171  TPM2+F+I      891.344      21  1824.688     1826.817     1911.260
172  TPM2+F+G4     891.343      21  1824.686     1826.815     1911.258
183  K3Pu+F        892.036      20  1824.071     1826.002     1906.521
184  K3Pu+F+I      892.037      21  1826.073     1828.202     1912.645
185  K3Pu+F+G4     892.036      21  1826.072     1828.201     1912.644
196  K3P           896.389      17  1826.777     1828.174     1896.860
197  K3P+I         896.389      18  1828.777     1830.342     1902.982
198  K3P+G4        896.389      18  1828.777     1830.343     1902.982
209  TN+F          892.015      20  1824.031     1825.962     1906.480
210  TN+F+I        892.017      21  1826.034     1828.163     1912.606
211  TN+F+G4       892.016      21  1826.031     1828.160     1912.603
222  TNe           896.404      17  1826.808     1828.205     1896.890
223  TNe+I         896.404      18  1828.808     1830.373     1903.013
224  TNe+G4        896.404      18  1828.808     1830.374     1903.013
235  HKY+F         892.039      19  1822.078     1823.821     1900.405
236  HKY+F+I       892.040      20  1824.081     1826.012     1906.531
237  HKY+F+G4      892.039      20  1824.079     1826.010     1906.528
248  K2P           896.408      16  1824.817     1826.056     1890.777
249  K2P+I         896.409      17  1826.817     1828.214     1896.900
250  K2P+G4        896.409      17  1826.817     1828.214     1896.899
261  F81+F         896.052      18  1828.104     1829.670     1902.309
262  F81+F+I       896.052      19  1830.104     1831.848     1908.432
263  F81+F+G4      896.052      19  1830.105     1831.848     1908.432
274  JC            900.278      15  1830.556     1831.647     1892.393
275  JC+I          900.278      16  1832.556     1833.795     1898.516
276  JC+G4         900.278      16  1832.556     1833.795     1898.516
Akaike Information Criterion:           HKY+F
Corrected Akaike Information Criterion: HKY+F
Bayesian Information Criterion:         K2P
Best-fit model: K2P chosen according to BIC

All model information printed to 125076at7898.fltrd_aligned.fas.model.gz
CPU time for ModelFinder: 0.072 seconds (0h:0m:0s)
Wall-clock time for ModelFinder: 0.076 seconds (0h:0m:0s)
Generating 1000 samples for ultrafast bootstrap (seed: 978189)...

NOTE: 0 MB RAM (0 GB) is required!
Estimate model parameters (epsilon = 0.100)
1. Initial log-likelihood: -896.408
Optimal log-likelihood: -896.408
Rate parameters:  A-C: 1.00000  A-G: 2.25099  A-T: 1.00000  C-G: 1.00000  C-T: 2.25099  G-T: 1.00000
Base frequencies:  A: 0.250  C: 0.250  G: 0.250  T: 0.250
Parameters optimization took 1 rounds (0.000 sec)
Computing ML distances based on estimated model parameters...
Computing ML distances took 0.000299 sec (of wall-clock time) 0.000285 sec(of CPU time)
Computing RapidNJ tree took 0.000021 sec (of wall-clock time) 0.000019 sec (of CPU time)
Log-likelihood of RapidNJ tree: -903.834
--------------------------------------------------------------------
|             INITIALIZING CANDIDATE TREE SET                      |
--------------------------------------------------------------------
Generating 98 parsimony trees... 0.011 second
Computing log-likelihood of 96 initial trees ... 0.008 seconds
Current best score: -895.309

Do NNI search on 20 best initial trees
Estimate model parameters (epsilon = 0.100)
BETTER TREE FOUND at iteration 1: -895.308
Iteration 10 / LogL: -895.308 / Time: 0h:0m:0s
BETTER TREE FOUND at iteration 11: -895.308
Iteration 20 / LogL: -895.308 / Time: 0h:0m:0s
Finish initializing candidate tree set (12)
Current best tree score: -895.308 / CPU time: 0.066
Number of iterations: 20
--------------------------------------------------------------------
|               OPTIMIZING CANDIDATE TREE SET                      |
--------------------------------------------------------------------
UPDATE BEST LOG-LIKELIHOOD: -895.308
Iteration 30 / LogL: -900.573 / Time: 0h:0m:0s (0h:0m:0s left)
Iteration 40 / LogL: -895.308 / Time: 0h:0m:0s (0h:0m:0s left)
Iteration 50 / LogL: -900.572 / Time: 0h:0m:0s (0h:0m:0s left)
Log-likelihood cutoff on original alignment: -908.760
Iteration 60 / LogL: -900.574 / Time: 0h:0m:0s (0h:0m:0s left)
Iteration 70 / LogL: -895.309 / Time: 0h:0m:0s (0h:0m:0s left)
Iteration 80 / LogL: -901.665 / Time: 0h:0m:0s (0h:0m:0s left)
Iteration 90 / LogL: -895.308 / Time: 0h:0m:0s (0h:0m:0s left)
Iteration 100 / LogL: -901.665 / Time: 0h:0m:0s (0h:0m:0s left)
Log-likelihood cutoff on original alignment: -908.760
NOTE: Bootstrap correlation coefficient of split occurrence frequencies: 0.954
NOTE: UFBoot does not converge, continue at least 100 more iterations
Iteration 110 / LogL: -895.308 / Time: 0h:0m:0s (0h:0m:0s left)
UPDATE BEST LOG-LIKELIHOOD: -895.308
Iteration 120 / LogL: -895.309 / Time: 0h:0m:0s (0h:0m:0s left)
UPDATE BEST LOG-LIKELIHOOD: -895.308
Iteration 130 / LogL: -895.308 / Time: 0h:0m:0s (0h:0m:0s left)
UPDATE BEST LOG-LIKELIHOOD: -895.308
Iteration 140 / LogL: -895.308 / Time: 0h:0m:0s (0h:0m:0s left)
UPDATE BEST LOG-LIKELIHOOD: -895.308
UPDATE BEST LOG-LIKELIHOOD: -895.308
Iteration 150 / LogL: -895.308 / Time: 0h:0m:0s (0h:0m:0s left)
Log-likelihood cutoff on original alignment: -908.760
Iteration 160 / LogL: -895.312 / Time: 0h:0m:0s (0h:0m:0s left)
UPDATE BEST LOG-LIKELIHOOD: -895.308
UPDATE BEST LOG-LIKELIHOOD: -895.308
Iteration 170 / LogL: -895.308 / Time: 0h:0m:0s (0h:0m:0s left)
Iteration 180 / LogL: -895.308 / Time: 0h:0m:0s (0h:0m:0s left)
Iteration 190 / LogL: -895.308 / Time: 0h:0m:0s (0h:0m:0s left)
UPDATE BEST LOG-LIKELIHOOD: -895.308
Iteration 200 / LogL: -895.308 / Time: 0h:0m:0s (0h:0m:0s left)
Log-likelihood cutoff on original alignment: -908.761
NOTE: Bootstrap correlation coefficient of split occurrence frequencies: 0.989
NOTE: UFBoot does not converge, continue at least 100 more iterations
Iteration 210 / LogL: -895.308 / Time: 0h:0m:0s (0h:0m:0s left)
Iteration 220 / LogL: -895.308 / Time: 0h:0m:0s (0h:0m:0s left)
UPDATE BEST LOG-LIKELIHOOD: -895.308
Iteration 230 / LogL: -895.309 / Time: 0h:0m:0s (0h:0m:0s left)
Iteration 240 / LogL: -895.308 / Time: 0h:0m:1s (0h:0m:0s left)
Iteration 250 / LogL: -895.309 / Time: 0h:0m:1s (0h:0m:0s left)
Log-likelihood cutoff on original alignment: -908.761
Iteration 260 / LogL: -895.309 / Time: 0h:0m:1s (0h:0m:0s left)
Iteration 270 / LogL: -895.308 / Time: 0h:0m:1s (0h:0m:0s left)
Iteration 280 / LogL: -895.308 / Time: 0h:0m:1s (0h:0m:0s left)
Iteration 290 / LogL: -895.308 / Time: 0h:0m:1s (0h:0m:0s left)
Iteration 300 / LogL: -895.308 / Time: 0h:0m:1s (0h:0m:0s left)
Log-likelihood cutoff on original alignment: -910.032
NOTE: Bootstrap correlation coefficient of split occurrence frequencies: 0.983
NOTE: UFBoot does not converge, continue at least 100 more iterations
UPDATE BEST LOG-LIKELIHOOD: -895.308
Iteration 310 / LogL: -895.308 / Time: 0h:0m:1s (0h:0m:0s left)
Iteration 320 / LogL: -895.308 / Time: 0h:0m:1s (0h:0m:0s left)
Iteration 330 / LogL: -895.313 / Time: 0h:0m:1s (0h:0m:0s left)
Iteration 340 / LogL: -895.308 / Time: 0h:0m:1s (0h:0m:0s left)
Iteration 350 / LogL: -900.573 / Time: 0h:0m:1s (0h:0m:0s left)
Log-likelihood cutoff on original alignment: -910.277
Iteration 360 / LogL: -895.308 / Time: 0h:0m:1s (0h:0m:0s left)
Iteration 370 / LogL: -895.308 / Time: 0h:0m:1s (0h:0m:0s left)
Iteration 380 / LogL: -895.308 / Time: 0h:0m:1s (0h:0m:0s left)
Iteration 390 / LogL: -900.576 / Time: 0h:0m:1s (0h:0m:0s left)
Iteration 400 / LogL: -895.308 / Time: 0h:0m:1s (0h:0m:0s left)
Log-likelihood cutoff on original alignment: -910.594
NOTE: Bootstrap correlation coefficient of split occurrence frequencies: 0.985
NOTE: UFBoot does not converge, continue at least 100 more iterations
Iteration 410 / LogL: -895.308 / Time: 0h:0m:1s (0h:0m:0s left)
Iteration 420 / LogL: -895.308 / Time: 0h:0m:2s (0h:0m:0s left)
Iteration 430 / LogL: -895.308 / Time: 0h:0m:2s (0h:0m:0s left)
Iteration 440 / LogL: -895.308 / Time: 0h:0m:2s (0h:0m:0s left)
Iteration 450 / LogL: -895.308 / Time: 0h:0m:2s (0h:0m:0s left)
Log-likelihood cutoff on original alignment: -910.629
Iteration 460 / LogL: -900.572 / Time: 0h:0m:2s (0h:0m:0s left)
UPDATE BEST LOG-LIKELIHOOD: -895.308
Iteration 470 / LogL: -895.308 / Time: 0h:0m:2s (0h:0m:0s left)
UPDATE BEST LOG-LIKELIHOOD: -895.308
Iteration 480 / LogL: -895.308 / Time: 0h:0m:2s (0h:0m:0s left)
Iteration 490 / LogL: -895.308 / Time: 0h:0m:2s (0h:0m:0s left)
Iteration 500 / LogL: -895.308 / Time: 0h:0m:2s (0h:0m:0s left)
Log-likelihood cutoff on original alignment: -910.092
NOTE: Bootstrap correlation coefficient of split occurrence frequencies: 0.988
NOTE: UFBoot does not converge, continue at least 100 more iterations
Iteration 510 / LogL: -895.308 / Time: 0h:0m:2s (0h:0m:0s left)
UPDATE BEST LOG-LIKELIHOOD: -895.308
Iteration 520 / LogL: -895.308 / Time: 0h:0m:2s (0h:0m:0s left)
Iteration 530 / LogL: -895.313 / Time: 0h:0m:2s (0h:0m:0s left)
Iteration 540 / LogL: -895.312 / Time: 0h:0m:2s (0h:0m:0s left)
Iteration 550 / LogL: -895.308 / Time: 0h:0m:2s (0h:0m:0s left)
Log-likelihood cutoff on original alignment: -910.279
Iteration 560 / LogL: -895.312 / Time: 0h:0m:2s (0h:0m:0s left)
Iteration 570 / LogL: -895.308 / Time: 0h:0m:2s (0h:0m:0s left)
Iteration 580 / LogL: -900.572 / Time: 0h:0m:3s (0h:0m:0s left)
UPDATE BEST LOG-LIKELIHOOD: -895.308
Iteration 590 / LogL: -900.572 / Time: 0h:0m:3s (0h:0m:0s left)
Iteration 600 / LogL: -895.308 / Time: 0h:0m:3s (0h:0m:0s left)
Log-likelihood cutoff on original alignment: -910.594
NOTE: Bootstrap correlation coefficient of split occurrence frequencies: 0.987
NOTE: UFBoot does not converge, continue at least 100 more iterations
Iteration 610 / LogL: -895.309 / Time: 0h:0m:3s (0h:0m:0s left)
UPDATE BEST LOG-LIKELIHOOD: -895.308
Iteration 620 / LogL: -895.308 / Time: 0h:0m:3s (0h:0m:0s left)
Iteration 630 / LogL: -895.312 / Time: 0h:0m:3s (0h:0m:0s left)
Iteration 640 / LogL: -895.309 / Time: 0h:0m:3s (0h:0m:0s left)
Iteration 650 / LogL: -895.308 / Time: 0h:0m:3s (0h:0m:0s left)
Log-likelihood cutoff on original alignment: -911.773
Iteration 660 / LogL: -895.308 / Time: 0h:0m:3s (0h:0m:0s left)
Iteration 670 / LogL: -895.308 / Time: 0h:0m:3s (0h:0m:0s left)
Iteration 680 / LogL: -895.312 / Time: 0h:0m:3s (0h:0m:0s left)
Iteration 690 / LogL: -895.308 / Time: 0h:0m:3s (0h:0m:0s left)
Iteration 700 / LogL: -895.308 / Time: 0h:0m:3s (0h:0m:0s left)
Log-likelihood cutoff on original alignment: -911.773
NOTE: Bootstrap correlation coefficient of split occurrence frequencies: 0.987
NOTE: UFBoot does not converge, continue at least 100 more iterations
Iteration 710 / LogL: -895.308 / Time: 0h:0m:3s (0h:0m:0s left)
Iteration 720 / LogL: -895.308 / Time: 0h:0m:3s (0h:0m:0s left)
Iteration 730 / LogL: -900.572 / Time: 0h:0m:3s (0h:0m:0s left)
Iteration 740 / LogL: -895.308 / Time: 0h:0m:4s (0h:0m:0s left)
Iteration 750 / LogL: -895.308 / Time: 0h:0m:4s (0h:0m:0s left)
Log-likelihood cutoff on original alignment: -911.773
Iteration 760 / LogL: -895.308 / Time: 0h:0m:4s (0h:0m:0s left)
Iteration 770 / LogL: -900.572 / Time: 0h:0m:4s (0h:0m:0s left)
Iteration 780 / LogL: -895.308 / Time: 0h:0m:4s (0h:0m:0s left)
Iteration 790 / LogL: -895.308 / Time: 0h:0m:4s (0h:0m:0s left)
Iteration 800 / LogL: -895.308 / Time: 0h:0m:4s (0h:0m:0s left)
Log-likelihood cutoff on original alignment: -911.773
NOTE: Bootstrap correlation coefficient of split occurrence frequencies: 0.983
NOTE: UFBoot does not converge, continue at least 100 more iterations
Iteration 810 / LogL: -895.308 / Time: 0h:0m:4s (0h:0m:0s left)
Iteration 820 / LogL: -895.313 / Time: 0h:0m:4s (0h:0m:0s left)
Iteration 830 / LogL: -899.237 / Time: 0h:0m:4s (0h:0m:0s left)
Iteration 840 / LogL: -895.308 / Time: 0h:0m:4s (0h:0m:0s left)
Iteration 850 / LogL: -895.308 / Time: 0h:0m:4s (0h:0m:0s left)
Log-likelihood cutoff on original alignment: -911.774
Iteration 860 / LogL: -895.308 / Time: 0h:0m:4s (0h:0m:0s left)
Iteration 870 / LogL: -895.308 / Time: 0h:0m:4s (0h:0m:0s left)
Iteration 880 / LogL: -895.308 / Time: 0h:0m:4s (0h:0m:0s left)
Iteration 890 / LogL: -895.308 / Time: 0h:0m:5s (0h:0m:0s left)
Iteration 900 / LogL: -895.308 / Time: 0h:0m:5s (0h:0m:0s left)
Log-likelihood cutoff on original alignment: -911.774
NOTE: Bootstrap correlation coefficient of split occurrence frequencies: 0.986
NOTE: UFBoot does not converge, continue at least 100 more iterations
Iteration 910 / LogL: -895.308 / Time: 0h:0m:5s (0h:0m:0s left)
Iteration 920 / LogL: -895.308 / Time: 0h:0m:5s (0h:0m:0s left)
Iteration 930 / LogL: -895.308 / Time: 0h:0m:5s (0h:0m:0s left)
Iteration 940 / LogL: -895.308 / Time: 0h:0m:5s (0h:0m:0s left)
Iteration 950 / LogL: -895.308 / Time: 0h:0m:5s (0h:0m:0s left)
Log-likelihood cutoff on original alignment: -911.774
Iteration 960 / LogL: -895.308 / Time: 0h:0m:5s (0h:0m:0s left)
Iteration 970 / LogL: -895.309 / Time: 0h:0m:5s (0h:0m:0s left)
Iteration 980 / LogL: -895.308 / Time: 0h:0m:5s (0h:0m:0s left)
Iteration 990 / LogL: -895.308 / Time: 0h:0m:5s (0h:0m:0s left)
Iteration 1000 / LogL: -895.308 / Time: 0h:0m:5s (0h:0m:0s left)
Log-likelihood cutoff on original alignment: -912.343
NOTE: Bootstrap correlation coefficient of split occurrence frequencies: 0.996
TREE SEARCH COMPLETED AFTER 1000 ITERATIONS / Time: 0h:0m:5s

--------------------------------------------------------------------
|                    FINALIZING TREE SEARCH                        |
--------------------------------------------------------------------
Performs final model parameters optimization
Estimate model parameters (epsilon = 0.010)
1. Initial log-likelihood: -895.308
Optimal log-likelihood: -895.308
Rate parameters:  A-C: 1.00000  A-G: 2.25021  A-T: 1.00000  C-G: 1.00000  C-T: 2.25021  G-T: 1.00000
Base frequencies:  A: 0.250  C: 0.250  G: 0.250  T: 0.250
Parameters optimization took 1 rounds (0.000 sec)
BEST SCORE FOUND : -895.308
Creating bootstrap support values...
Split supports printed to NEXUS file 125076at7898.fltrd_aligned.fas.splits.nex
Total tree length: 0.149

Total number of iterations: 1000
CPU time used for tree search: 5.760 sec (0h:0m:5s)
Wall-clock time used for tree search: 5.908 sec (0h:0m:5s)
Total CPU time used: 5.792 sec (0h:0m:5s)
Total wall-clock time used: 5.948 sec (0h:0m:5s)

Computing bootstrap consensus tree...
Reading input file 125076at7898.fltrd_aligned.fas.splits.nex...
9 taxa and 121 splits.
Consensus tree written to 125076at7898.fltrd_aligned.fas.contree
Reading input trees file 125076at7898.fltrd_aligned.fas.contree
Log-likelihood of consensus tree: -895.314

Analysis results written to: 
  IQ-TREE report:                125076at7898.fltrd_aligned.fas.iqtree
  Maximum-likelihood tree:       125076at7898.fltrd_aligned.fas.treefile
  Likelihood distances:          125076at7898.fltrd_aligned.fas.mldist

Ultrafast bootstrap approximation results written to:
  Split support values:          125076at7898.fltrd_aligned.fas.splits.nex
  Consensus tree:                125076at7898.fltrd_aligned.fas.contree
  Screen log file:               125076at7898.fltrd_aligned.fas.log

Date and Time: Tue Dec  2 14:49:20 2025
