IQ-TREE multicore version 2.1.3 COVID-edition for Linux 64-bit built Apr 21 2021
Developed by Bui Quang Minh, James Barbetti, Nguyen Lam Tung,
Olga Chernomor, Heiko Schmidt, Dominik Schrempf, Michael Woodhams.

Host:    gombessa.rcs.alaska.edu (AVX2, FMA3, 503 GB RAM)
Command: /export/scratch/tsvanorden/Char_Phylogenetics/src/iqtree-2.1.3-Linux/bin/iqtree2 -s 55833at7898.fltrd_aligned.fas -m MFP -bb 1000 -T 1
Seed:    976051 (Using SPRNG - Scalable Parallel Random Number Generator)
Time:    Tue Dec  2 14:49:37 2025
Kernel:  AVX+FMA - 1 threads (1 CPU cores detected)

Reading alignment file 55833at7898.fltrd_aligned.fas ... Fasta format detected
Alignment most likely contains DNA/RNA sequences
Alignment has 20 sequences with 1308 columns, 96 distinct patterns
45 parsimony-informative, 62 singleton sites, 1201 constant sites
                                Gap/Ambiguity  Composition  p-value
   1  251140_Ward_Creek                 1.15%    passed     99.21%
   2  260512_Pybus_Point                1.15%    passed     99.21%
   3  261935_Kenai_River                1.15%    passed     99.21%
   4  353213_Cropley_Lake               1.15%    passed     99.21%
   5  353219_Peterson_Creek             1.15%    passed     99.21%
   6  353220_Fish_Creek                 1.15%    passed     99.21%
   7  353246_Cottonwood_Creek           1.15%    passed     99.29%
   8  353379_Skagit_River               1.15%    passed     97.25%
   9  353381_Dungeness_River           15.83%    passed     65.66%
  10  353401_Peace_River                3.21%    passed     98.86%
  11  353407_Noatok                     2.75%    passed     97.67%
  12  353410_Horizon_Lake               3.44%    passed     99.56%
  13  92319_Little_Lost                 1.15%    passed     97.25%
  14  94280_St_Joe                      3.21%    passed     98.65%
  15  GCA016432855_Lake_Trout           3.44%    passed     99.77%
  16  GCA036784925_Maine_S_alpinus      3.44%    passed     99.81%
  17  GCA045679555_Iceland_A_alpinus    3.44%    passed     99.81%
  18  GCF013265735_Rainbow_Trout        5.28%    passed     99.88%
  19  GCF029448725_Brook_Trout          3.44%    passed     99.15%
  20  Methow_River_99895                3.21%    passed     98.86%
****  TOTAL                             3.05%  0 sequences failed composition chi2 test (p-value<5%; df=3)
NOTE: 260512_Pybus_Point is identical to 251140_Ward_Creek but kept for subsequent analysis
NOTE: Methow_River_99895 is identical to 353401_Peace_River but kept for subsequent analysis
NOTE: GCA045679555_Iceland_A_alpinus is identical to GCA036784925_Maine_S_alpinus but kept for subsequent analysis
NOTE: 4 identical sequences (see below) will be ignored for subsequent analysis
NOTE: 261935_Kenai_River (identical to 251140_Ward_Creek) is ignored but added at the end
NOTE: 353213_Cropley_Lake (identical to 251140_Ward_Creek) is ignored but added at the end
NOTE: 353219_Peterson_Creek (identical to 251140_Ward_Creek) is ignored but added at the end
NOTE: 353220_Fish_Creek (identical to 251140_Ward_Creek) is ignored but added at the end
Alignment was printed to 55833at7898.fltrd_aligned.fas.uniqueseq.phy

For your convenience alignment with unique sequences printed to 55833at7898.fltrd_aligned.fas.uniqueseq.phy


Create initial parsimony tree by phylogenetic likelihood library (PLL)... 0.000 seconds
Perform fast likelihood tree search using GTR+I+G model...
Estimate model parameters (epsilon = 5.000)
Perform nearest neighbor interchange...
Estimate model parameters (epsilon = 1.000)
1. Initial log-likelihood: -2562.188
Optimal log-likelihood: -2562.187
Rate parameters:  A-C: 1.35707  A-G: 2.48661  A-T: 1.21578  C-G: 0.52120  C-T: 3.22036  G-T: 1.00000
Base frequencies:  A: 0.240  C: 0.249  G: 0.277  T: 0.235
Proportion of invariable sites: 0.458
Gamma shape alpha: 0.381
Parameters optimization took 1 rounds (0.002 sec)
Time for fast ML tree search: 0.020 seconds

NOTE: ModelFinder requires 0 MB RAM!
ModelFinder will test up to 286 DNA models (sample size: 1308) ...
 No. Model         -LnL         df  AIC          AICc         BIC
  1  GTR+F         2574.749     37  5223.499     5225.713     5415.020
  2  GTR+F+I       2562.492     38  5200.984     5203.320     5397.682
  3  GTR+F+G4      2562.662     38  5201.325     5203.661     5398.022
  4  GTR+F+I+G4    2562.187     39  5202.374     5204.834     5404.247
  5  GTR+F+R2      2568.983     39  5215.967     5218.427     5417.841
  6  GTR+F+R3      2562.644     41  5207.288     5210.008     5419.514
 15  SYM+I         2564.974     35  5199.949     5201.930     5381.118
 16  SYM+G4        2565.124     35  5200.248     5202.229     5381.417
 17  SYM+I+G4      2564.663     36  5201.325     5203.421     5387.670
 28  TVM+F+I       2562.918     37  5199.836     5202.051     5391.358
 29  TVM+F+G4      2563.171     37  5200.342     5202.556     5391.864
 30  TVM+F+I+G4    2562.634     38  5201.268     5203.603     5397.965
 41  TVMe+I        2565.214     34  5198.429     5200.299     5374.422
 42  TVMe+G4       2565.421     34  5198.842     5200.712     5374.835
 43  TVMe+I+G4     2564.916     35  5199.832     5201.813     5381.001
 54  TIM3+F+I      2564.706     36  5201.412     5203.508     5387.757
 55  TIM3+F+G4     2564.818     36  5201.636     5203.732     5387.981
 56  TIM3+F+I+G4   2564.404     37  5202.808     5205.022     5394.329
 67  TIM3e+I       2566.706     33  5199.412     5201.174     5370.229
 68  TIM3e+G4      2566.813     33  5199.626     5201.387     5370.442
 69  TIM3e+I+G4    2566.398     34  5200.796     5202.666     5376.789
 80  TIM2+F+I      2563.346     36  5198.692     5200.788     5385.037
 81  TIM2+F+G4     2563.467     36  5198.934     5201.030     5385.279
 82  TIM2+F+I+G4   2563.049     37  5200.099     5202.313     5391.620
 93  TIM2e+I       2565.747     33  5197.495     5199.256     5368.311
 94  TIM2e+G4      2565.855     33  5197.710     5199.471     5368.526
 95  TIM2e+I+G4    2565.443     34  5198.887     5200.756     5374.879
106  TIM+F+I       2564.291     36  5200.582     5202.678     5386.927
107  TIM+F+G4      2564.422     36  5200.845     5202.940     5387.190
108  TIM+F+I+G4    2563.991     37  5201.982     5204.196     5393.503
119  TIMe+I        2566.252     33  5198.504     5200.265     5369.320
120  TIMe+G4       2566.381     33  5198.762     5200.523     5369.578
121  TIMe+I+G4     2565.946     34  5199.891     5201.761     5375.884
132  TPM3u+F+I     2565.165     35  5200.330     5202.312     5381.499
133  TPM3u+F+G4    2565.346     35  5200.692     5202.673     5381.860
134  TPM3u+F+I+G4  2564.883     36  5201.766     5203.862     5388.111
145  TPM3+F+I      2565.165     35  5200.330     5202.312     5381.499
146  TPM3+F+G4     2565.346     35  5200.692     5202.673     5381.860
147  TPM3+F+I+G4   2564.883     36  5201.766     5203.862     5388.111
158  TPM2u+F+I     2563.784     35  5197.568     5199.549     5378.737
159  TPM2u+F+G4    2563.974     35  5197.948     5199.929     5379.117
160  TPM2u+F+I+G4  2563.506     36  5199.012     5201.108     5385.357
171  TPM2+F+I      2563.784     35  5197.568     5199.549     5378.737
172  TPM2+F+G4     2563.974     35  5197.948     5199.929     5379.117
173  TPM2+F+I+G4   2563.506     36  5199.012     5201.108     5385.357
184  K3Pu+F+I      2564.740     35  5199.480     5201.461     5380.649
185  K3Pu+F+G4     2564.949     35  5199.898     5201.880     5381.067
186  K3Pu+F+I+G4   2564.463     36  5200.925     5203.021     5387.270
197  K3P+I         2566.500     32  5197.001     5198.657     5362.641
198  K3P+G4        2566.681     32  5197.363     5199.019     5363.003
199  K3P+I+G4      2566.207     33  5198.414     5200.175     5369.230
210  TN+F+I        2564.889     35  5199.778     5201.760     5380.947
211  TN+F+G4       2564.992     35  5199.984     5201.966     5381.153
212  TN+F+I+G4     2564.590     36  5201.180     5203.276     5387.525
223  TNe+I         2566.822     32  5197.644     5199.300     5363.284
224  TNe+G4        2566.923     32  5197.845     5199.502     5363.485
225  TNe+I+G4      2566.516     33  5199.031     5200.793     5369.848
236  HKY+F+I       2565.349     34  5198.699     5200.568     5374.691
237  HKY+F+G4      2565.518     34  5199.036     5200.906     5375.029
238  HKY+F+I+G4    2565.070     35  5200.139     5202.121     5381.308
249  K2P+I         2567.075     31  5196.151     5197.706     5356.615
250  K2P+G4        2567.223     31  5196.446     5198.001     5356.910
251  K2P+I+G4      2566.782     32  5197.563     5199.220     5363.203
262  F81+F+I       2580.363     33  5226.727     5228.488     5397.543
263  F81+F+G4      2580.439     33  5226.877     5228.639     5397.694
264  F81+F+I+G4    2580.052     34  5228.103     5229.973     5404.096
275  JC+I          2581.917     30  5223.834     5225.291     5379.122
276  JC+G4         2581.993     30  5223.986     5225.443     5379.274
277  JC+I+G4       2581.600     31  5225.199     5226.754     5385.663
Akaike Information Criterion:           K2P+I
Corrected Akaike Information Criterion: K2P+I
Bayesian Information Criterion:         K2P+I
Best-fit model: K2P+I chosen according to BIC

All model information printed to 55833at7898.fltrd_aligned.fas.model.gz
CPU time for ModelFinder: 0.362 seconds (0h:0m:0s)
Wall-clock time for ModelFinder: 0.374 seconds (0h:0m:0s)
Generating 1000 samples for ultrafast bootstrap (seed: 976051)...

NOTE: 0 MB RAM (0 GB) is required!
Estimate model parameters (epsilon = 0.100)
1. Initial log-likelihood: -2567.075
Optimal log-likelihood: -2567.075
Rate parameters:  A-C: 1.00000  A-G: 2.83588  A-T: 1.00000  C-G: 1.00000  C-T: 2.83588  G-T: 1.00000
Base frequencies:  A: 0.250  C: 0.250  G: 0.250  T: 0.250
Proportion of invariable sites: 0.779
Parameters optimization took 1 rounds (0.001 sec)
Computing ML distances based on estimated model parameters...
Computing ML distances took 0.000920 sec (of wall-clock time) 0.000901 sec(of CPU time)
WARNING: Some pairwise ML distances are too long (saturated)
Computing RapidNJ tree took 0.000065 sec (of wall-clock time) 0.000064 sec (of CPU time)
Log-likelihood of RapidNJ tree: -2572.203
--------------------------------------------------------------------
|             INITIALIZING CANDIDATE TREE SET                      |
--------------------------------------------------------------------
Generating 98 parsimony trees... 0.055 second
Computing log-likelihood of 98 initial trees ... 0.035 seconds
Current best score: -2567.075

Do NNI search on 20 best initial trees
Estimate model parameters (epsilon = 0.100)
BETTER TREE FOUND at iteration 1: -2567.075
UPDATE BEST LOG-LIKELIHOOD: -2567.075
Iteration 10 / LogL: -2567.075 / Time: 0h:0m:0s
UPDATE BEST LOG-LIKELIHOOD: -2567.075
BETTER TREE FOUND at iteration 13: -2567.075
UPDATE BEST LOG-LIKELIHOOD: -2567.075
UPDATE BEST LOG-LIKELIHOOD: -2567.075
BETTER TREE FOUND at iteration 20: -2567.075
Iteration 20 / LogL: -2567.075 / Time: 0h:0m:0s
Finish initializing candidate tree set (8)
Current best tree score: -2567.075 / CPU time: 0.252
Number of iterations: 20
--------------------------------------------------------------------
|               OPTIMIZING CANDIDATE TREE SET                      |
--------------------------------------------------------------------
Iteration 30 / LogL: -2567.080 / Time: 0h:0m:0s (0h:0m:1s left)
Iteration 40 / LogL: -2567.076 / Time: 0h:0m:0s (0h:0m:0s left)
Iteration 50 / LogL: -2567.076 / Time: 0h:0m:0s (0h:0m:0s left)
Log-likelihood cutoff on original alignment: -2595.866
Iteration 60 / LogL: -2567.077 / Time: 0h:0m:0s (0h:0m:0s left)
UPDATE BEST LOG-LIKELIHOOD: -2567.075
Iteration 70 / LogL: -2567.078 / Time: 0h:0m:0s (0h:0m:0s left)
UPDATE BEST LOG-LIKELIHOOD: -2567.075
Iteration 80 / LogL: -2567.076 / Time: 0h:0m:0s (0h:0m:0s left)
Iteration 90 / LogL: -2567.079 / Time: 0h:0m:1s (0h:0m:0s left)
Iteration 100 / LogL: -2567.078 / Time: 0h:0m:1s (0h:0m:0s left)
Log-likelihood cutoff on original alignment: -2595.548
NOTE: Bootstrap correlation coefficient of split occurrence frequencies: 0.959
NOTE: UFBoot does not converge, continue at least 100 more iterations
Iteration 110 / LogL: -2567.079 / Time: 0h:0m:1s (0h:0m:1s left)
Iteration 120 / LogL: -2569.709 / Time: 0h:0m:1s (0h:0m:0s left)
Iteration 130 / LogL: -2567.077 / Time: 0h:0m:1s (0h:0m:0s left)
Iteration 140 / LogL: -2567.075 / Time: 0h:0m:1s (0h:0m:0s left)
Iteration 150 / LogL: -2567.079 / Time: 0h:0m:1s (0h:0m:0s left)
Log-likelihood cutoff on original alignment: -2595.604
Iteration 160 / LogL: -2567.077 / Time: 0h:0m:1s (0h:0m:0s left)
UPDATE BEST LOG-LIKELIHOOD: -2567.075
Iteration 170 / LogL: -2567.091 / Time: 0h:0m:1s (0h:0m:0s left)
Iteration 180 / LogL: -2567.076 / Time: 0h:0m:1s (0h:0m:0s left)
Iteration 190 / LogL: -2567.077 / Time: 0h:0m:1s (0h:0m:0s left)
UPDATE BEST LOG-LIKELIHOOD: -2567.075
Iteration 200 / LogL: -2567.079 / Time: 0h:0m:2s (0h:0m:0s left)
Log-likelihood cutoff on original alignment: -2597.094
NOTE: Bootstrap correlation coefficient of split occurrence frequencies: 0.975
NOTE: UFBoot does not converge, continue at least 100 more iterations
Iteration 210 / LogL: -2567.077 / Time: 0h:0m:2s (0h:0m:0s left)
UPDATE BEST LOG-LIKELIHOOD: -2567.075
Iteration 220 / LogL: -2567.078 / Time: 0h:0m:2s (0h:0m:0s left)
Iteration 230 / LogL: -2571.397 / Time: 0h:0m:2s (0h:0m:0s left)
Iteration 240 / LogL: -2567.091 / Time: 0h:0m:2s (0h:0m:0s left)
UPDATE BEST LOG-LIKELIHOOD: -2567.075
Iteration 250 / LogL: -2591.753 / Time: 0h:0m:2s (0h:0m:0s left)
Log-likelihood cutoff on original alignment: -2596.837
Iteration 260 / LogL: -2567.075 / Time: 0h:0m:2s (0h:0m:0s left)
Iteration 270 / LogL: -2567.080 / Time: 0h:0m:2s (0h:0m:0s left)
Iteration 280 / LogL: -2567.076 / Time: 0h:0m:2s (0h:0m:0s left)
Iteration 290 / LogL: -2567.075 / Time: 0h:0m:2s (0h:0m:0s left)
Iteration 300 / LogL: -2567.077 / Time: 0h:0m:2s (0h:0m:0s left)
Log-likelihood cutoff on original alignment: -2596.837
NOTE: Bootstrap correlation coefficient of split occurrence frequencies: 0.991
TREE SEARCH COMPLETED AFTER 300 ITERATIONS / Time: 0h:0m:2s

--------------------------------------------------------------------
|                    FINALIZING TREE SEARCH                        |
--------------------------------------------------------------------
Performs final model parameters optimization
Estimate model parameters (epsilon = 0.010)
1. Initial log-likelihood: -2567.075
Optimal log-likelihood: -2567.075
Rate parameters:  A-C: 1.00000  A-G: 2.83568  A-T: 1.00000  C-G: 1.00000  C-T: 2.83568  G-T: 1.00000
Base frequencies:  A: 0.250  C: 0.250  G: 0.250  T: 0.250
Proportion of invariable sites: 0.779
Parameters optimization took 1 rounds (0.001 sec)
BEST SCORE FOUND : -2567.075
Creating bootstrap support values...
Split supports printed to NEXUS file 55833at7898.fltrd_aligned.fas.splits.nex
Total tree length: 0.107

Total number of iterations: 300
CPU time used for tree search: 2.837 sec (0h:0m:2s)
Wall-clock time used for tree search: 2.921 sec (0h:0m:2s)
Total CPU time used: 2.899 sec (0h:0m:2s)
Total wall-clock time used: 2.993 sec (0h:0m:2s)

Computing bootstrap consensus tree...
Reading input file 55833at7898.fltrd_aligned.fas.splits.nex...
16 taxa and 142 splits.
Consensus tree written to 55833at7898.fltrd_aligned.fas.contree
Reading input trees file 55833at7898.fltrd_aligned.fas.contree
Log-likelihood of consensus tree: -2567.108

Analysis results written to: 
  IQ-TREE report:                55833at7898.fltrd_aligned.fas.iqtree
  Maximum-likelihood tree:       55833at7898.fltrd_aligned.fas.treefile
  Likelihood distances:          55833at7898.fltrd_aligned.fas.mldist

Ultrafast bootstrap approximation results written to:
  Split support values:          55833at7898.fltrd_aligned.fas.splits.nex
  Consensus tree:                55833at7898.fltrd_aligned.fas.contree
  Screen log file:               55833at7898.fltrd_aligned.fas.log

Date and Time: Tue Dec  2 14:49:41 2025
