IQ-TREE multicore version 2.1.3 COVID-edition for Linux 64-bit built Apr 21 2021
Developed by Bui Quang Minh, James Barbetti, Nguyen Lam Tung,
Olga Chernomor, Heiko Schmidt, Dominik Schrempf, Michael Woodhams.

Host:    gombessa.rcs.alaska.edu (AVX2, FMA3, 503 GB RAM)
Command: /export/scratch/tsvanorden/Char_Phylogenetics/src/iqtree-2.1.3-Linux/bin/iqtree2 -s 70959at7898.fltrd_aligned.fas -m MFP -bb 1000 -T 1
Seed:    793138 (Using SPRNG - Scalable Parallel Random Number Generator)
Time:    Tue Dec  2 14:49:33 2025
Kernel:  AVX+FMA - 1 threads (1 CPU cores detected)

Reading alignment file 70959at7898.fltrd_aligned.fas ... Fasta format detected
Alignment most likely contains DNA/RNA sequences
Alignment has 20 sequences with 1268 columns, 180 distinct patterns
128 parsimony-informative, 119 singleton sites, 1021 constant sites
                                Gap/Ambiguity  Composition  p-value
   1  251140_Ward_Creek                13.17%    passed     76.95%
   2  260512_Pybus_Point               13.17%    passed     76.95%
   3  261935_Kenai_River               10.80%    passed     97.15%
   4  353213_Cropley_Lake               9.86%    passed     95.10%
   5  353219_Peterson_Creek             9.86%    passed     95.10%
   6  353220_Fish_Creek                 9.86%    passed     95.10%
   7  353246_Cottonwood_Creek           9.86%    passed     95.66%
   8  353379_Skagit_River               9.62%    passed     84.55%
   9  353381_Dungeness_River           23.74%    passed     38.43%
  10  353401_Peace_River                9.38%    passed     72.03%
  11  353407_Noatok                    10.33%    passed     69.66%
  12  353410_Horizon_Lake               9.86%    passed     86.58%
  13  92319_Little_Lost                 9.38%    passed     77.43%
  14  94280_St_Joe                      9.38%    passed     77.83%
  15  GCA016432855_Lake_Trout           9.86%    passed     86.12%
  16  GCA036784925_Maine_S_alpinus      9.86%    passed     95.10%
  17  GCA045679555_Iceland_A_alpinus    9.86%    passed     95.10%
  18  GCF013265735_Rainbow_Trout       11.99%    passed     86.82%
  19  GCF029448725_Brook_Trout         10.57%    passed     85.82%
  20  Methow_River_99895                9.38%    passed     72.03%
****  TOTAL                            10.99%  0 sequences failed composition chi2 test (p-value<5%; df=3)
NOTE: 260512_Pybus_Point is identical to 251140_Ward_Creek but kept for subsequent analysis
NOTE: 353219_Peterson_Creek is identical to 353213_Cropley_Lake but kept for subsequent analysis
NOTE: Methow_River_99895 is identical to 353401_Peace_River but kept for subsequent analysis
NOTE: 3 identical sequences (see below) will be ignored for subsequent analysis
NOTE: 353220_Fish_Creek (identical to 353213_Cropley_Lake) is ignored but added at the end
NOTE: GCA036784925_Maine_S_alpinus (identical to 353213_Cropley_Lake) is ignored but added at the end
NOTE: GCA045679555_Iceland_A_alpinus (identical to 353213_Cropley_Lake) is ignored but added at the end
Alignment was printed to 70959at7898.fltrd_aligned.fas.uniqueseq.phy

For your convenience alignment with unique sequences printed to 70959at7898.fltrd_aligned.fas.uniqueseq.phy


Create initial parsimony tree by phylogenetic likelihood library (PLL)... 0.000 seconds
Perform fast likelihood tree search using GTR+I+G model...
Estimate model parameters (epsilon = 5.000)
Perform nearest neighbor interchange...
Estimate model parameters (epsilon = 1.000)
1. Initial log-likelihood: -3252.363
Optimal log-likelihood: -3252.292
Rate parameters:  A-C: 1.09977  A-G: 1.71000  A-T: 1.04851  C-G: 0.78369  C-T: 1.77540  G-T: 1.00000
Base frequencies:  A: 0.272  C: 0.237  G: 0.246  T: 0.244
Proportion of invariable sites: 0.394
Gamma shape alpha: 998.432
Parameters optimization took 1 rounds (0.003 sec)
Time for fast ML tree search: 0.019 seconds

NOTE: ModelFinder requires 1 MB RAM!
ModelFinder will test up to 286 DNA models (sample size: 1268) ...
 No. Model         -LnL         df  AIC          AICc         BIC
  1  GTR+F         3252.101     39  6582.202     6584.743     6782.865
  2  GTR+F+I       3251.018     40  6582.035     6584.708     6787.843
  3  GTR+F+G4      3251.124     40  6582.248     6584.922     6788.056
  4  GTR+F+I+G4    3252.173     41  6586.346     6589.155     6797.299
  5  GTR+F+R2      3251.236     41  6584.471     6587.280     6795.424
  6  GTR+F+R3      3251.193     43  6588.386     6591.477     6809.629
 14  SYM           3254.330     36  6580.661     6582.825     6765.888
 15  SYM+I         3253.200     37  6580.400     6582.686     6770.773
 16  SYM+G4        3253.305     37  6580.610     6582.896     6770.982
 27  TVM+F         3252.102     38  6580.205     6582.616     6775.722
 28  TVM+F+I       3251.020     39  6580.040     6582.581     6780.703
 29  TVM+F+G4      3251.127     39  6580.254     6582.795     6780.917
 40  TVMe          3254.399     35  6578.799     6580.844     6758.881
 41  TVMe+I        3253.248     36  6578.497     6580.661     6763.724
 42  TVMe+G4       3253.352     36  6578.704     6580.868     6763.931
 53  TIM3+F        3252.981     37  6579.963     6582.249     6770.335
 54  TIM3+F+I      3251.904     38  6579.808     6582.220     6775.326
 55  TIM3+F+G4     3252.023     38  6580.047     6582.458     6775.564
 66  TIM3e         3255.527     34  6579.055     6580.985     6753.991
 67  TIM3e+I       3254.433     35  6578.866     6580.911     6758.948
 68  TIM3e+G4      3254.553     35  6579.107     6581.152     6759.188
 79  TIM2+F        3252.492     37  6578.984     6581.270     6769.356
 80  TIM2+F+I      3251.417     38  6578.834     6581.246     6774.352
 81  TIM2+F+G4     3251.529     38  6579.057     6581.469     6774.575
 92  TIM2e         3254.734     34  6577.467     6579.397     6752.404
 93  TIM2e+I       3253.629     35  6577.258     6579.303     6757.339
 94  TIM2e+G4      3253.738     35  6577.476     6579.522     6757.558
105  TIM+F         3252.651     37  6579.302     6581.588     6769.674
106  TIM+F+I       3251.629     38  6579.258     6581.670     6774.775
107  TIM+F+G4      3251.742     38  6579.484     6581.896     6775.002
118  TIMe          3255.223     34  6578.445     6580.376     6753.382
119  TIMe+I        3254.189     35  6578.378     6580.423     6758.459
120  TIMe+G4       3254.302     35  6578.603     6580.649     6758.685
131  TPM3u+F       3252.982     36  6577.963     6580.127     6763.190
132  TPM3u+F+I     3251.908     37  6577.815     6580.101     6768.187
133  TPM3u+F+G4    3252.027     37  6578.054     6580.340     6768.426
144  TPM3+F        3252.982     36  6577.963     6580.127     6763.190
145  TPM3+F+I      3251.908     37  6577.815     6580.101     6768.187
146  TPM3+F+G4     3252.027     37  6578.054     6580.340     6768.426
157  TPM2u+F       3252.492     36  6576.984     6579.148     6762.211
158  TPM2u+F+I     3251.422     37  6576.843     6579.129     6767.215
159  TPM2u+F+G4    3251.532     37  6577.064     6579.350     6767.436
170  TPM2+F        3252.492     36  6576.984     6579.148     6762.211
171  TPM2+F+I      3251.422     37  6576.843     6579.129     6767.215
172  TPM2+F+G4     3251.532     37  6577.064     6579.350     6767.436
183  K3Pu+F        3252.651     36  6577.302     6579.466     6762.529
184  K3Pu+F+I      3251.633     37  6577.266     6579.552     6767.638
185  K3Pu+F+G4     3251.745     37  6577.491     6579.777     6767.863
196  K3P           3255.294     33  6576.589     6578.407     6746.380
197  K3P+I         3254.238     34  6576.476     6578.407     6751.413
198  K3P+G4        3254.350     34  6576.700     6578.630     6751.636
209  TN+F          3252.992     36  6577.983     6580.147     6763.210
210  TN+F+I        3251.945     37  6577.889     6580.176     6768.262
211  TN+F+G4       3252.063     37  6578.125     6580.412     6768.498
222  TNe           3255.556     33  6577.112     6578.930     6746.903
223  TNe+I         3254.501     34  6577.002     6578.932     6751.939
224  TNe+G4        3254.619     34  6577.239     6579.169     6752.175
235  HKY+F         3252.992     35  6575.983     6578.028     6756.065
236  HKY+F+I       3251.947     36  6575.895     6578.059     6761.122
237  HKY+F+G4      3252.065     36  6576.131     6578.295     6761.358
248  K2P           3255.627     32  6575.255     6576.965     6739.901
249  K2P+I         3254.551     33  6575.103     6576.921     6744.894
250  K2P+G4        3254.668     33  6575.337     6577.155     6745.128
261  F81+F         3262.701     34  6593.401     6595.331     6768.338
262  F81+F+I       3261.657     35  6593.313     6595.359     6773.395
263  F81+F+G4      3261.762     35  6593.523     6595.569     6773.605
274  JC            3265.393     31  6592.786     6594.391     6752.287
275  JC+I          3264.339     32  6592.677     6594.388     6757.324
276  JC+G4         3264.442     32  6592.884     6594.594     6757.530
Akaike Information Criterion:           K2P+I
Corrected Akaike Information Criterion: K2P+I
Bayesian Information Criterion:         K2P
Best-fit model: K2P chosen according to BIC

All model information printed to 70959at7898.fltrd_aligned.fas.model.gz
CPU time for ModelFinder: 0.288 seconds (0h:0m:0s)
Wall-clock time for ModelFinder: 0.296 seconds (0h:0m:0s)
Generating 1000 samples for ultrafast bootstrap (seed: 793138)...

NOTE: 0 MB RAM (0 GB) is required!
Estimate model parameters (epsilon = 0.100)
1. Initial log-likelihood: -3255.627
Optimal log-likelihood: -3255.627
Rate parameters:  A-C: 1.00000  A-G: 1.74646  A-T: 1.00000  C-G: 1.00000  C-T: 1.74646  G-T: 1.00000
Base frequencies:  A: 0.250  C: 0.250  G: 0.250  T: 0.250
Parameters optimization took 1 rounds (0.001 sec)
Computing ML distances based on estimated model parameters...
Computing ML distances took 0.000777 sec (of wall-clock time) 0.000755 sec(of CPU time)
Computing RapidNJ tree took 0.000048 sec (of wall-clock time) 0.000047 sec (of CPU time)
Log-likelihood of RapidNJ tree: -3300.828
--------------------------------------------------------------------
|             INITIALIZING CANDIDATE TREE SET                      |
--------------------------------------------------------------------
Generating 98 parsimony trees... 0.042 second
Computing log-likelihood of 98 initial trees ... 0.052 seconds
Current best score: -3255.627

Do NNI search on 20 best initial trees
Estimate model parameters (epsilon = 0.100)
BETTER TREE FOUND at iteration 1: -3255.627
Iteration 10 / LogL: -3255.693 / Time: 0h:0m:0s
Iteration 20 / LogL: -3255.694 / Time: 0h:0m:0s
Finish initializing candidate tree set (19)
Current best tree score: -3255.627 / CPU time: 0.214
Number of iterations: 20
--------------------------------------------------------------------
|               OPTIMIZING CANDIDATE TREE SET                      |
--------------------------------------------------------------------
BETTER TREE FOUND at iteration 24: -3255.627
UPDATE BEST LOG-LIKELIHOOD: -3255.627
Iteration 30 / LogL: -3255.693 / Time: 0h:0m:0s (0h:0m:1s left)
Iteration 40 / LogL: -3255.628 / Time: 0h:0m:0s (0h:0m:0s left)
Iteration 50 / LogL: -3255.629 / Time: 0h:0m:0s (0h:0m:0s left)
Log-likelihood cutoff on original alignment: -3274.210
Iteration 60 / LogL: -3432.504 / Time: 0h:0m:0s (0h:0m:0s left)
Iteration 70 / LogL: -3255.629 / Time: 0h:0m:0s (0h:0m:0s left)
UPDATE BEST LOG-LIKELIHOOD: -3255.627
Iteration 80 / LogL: -3263.870 / Time: 0h:0m:0s (0h:0m:0s left)
UPDATE BEST LOG-LIKELIHOOD: -3255.627
Iteration 90 / LogL: -3255.627 / Time: 0h:0m:0s (0h:0m:0s left)
Iteration 100 / LogL: -3255.631 / Time: 0h:0m:0s (0h:0m:0s left)
Log-likelihood cutoff on original alignment: -3274.210
NOTE: Bootstrap correlation coefficient of split occurrence frequencies: 0.992
Iteration 110 / LogL: -3255.693 / Time: 0h:0m:0s (0h:0m:0s left)
UPDATE BEST LOG-LIKELIHOOD: -3255.627
Iteration 120 / LogL: -3255.693 / Time: 0h:0m:0s (0h:0m:0s left)
TREE SEARCH COMPLETED AFTER 125 ITERATIONS / Time: 0h:0m:1s

--------------------------------------------------------------------
|                    FINALIZING TREE SEARCH                        |
--------------------------------------------------------------------
Performs final model parameters optimization
Estimate model parameters (epsilon = 0.010)
1. Initial log-likelihood: -3255.627
Optimal log-likelihood: -3255.627
Rate parameters:  A-C: 1.00000  A-G: 1.74646  A-T: 1.00000  C-G: 1.00000  C-T: 1.74646  G-T: 1.00000
Base frequencies:  A: 0.250  C: 0.250  G: 0.250  T: 0.250
Parameters optimization took 1 rounds (0.001 sec)
BEST SCORE FOUND : -3255.627
Creating bootstrap support values...
Split supports printed to NEXUS file 70959at7898.fltrd_aligned.fas.splits.nex
Total tree length: 0.272

Total number of iterations: 125
CPU time used for tree search: 0.910 sec (0h:0m:0s)
Wall-clock time used for tree search: 0.995 sec (0h:0m:0s)
Total CPU time used: 0.968 sec (0h:0m:0s)
Total wall-clock time used: 1.062 sec (0h:0m:1s)

Computing bootstrap consensus tree...
Reading input file 70959at7898.fltrd_aligned.fas.splits.nex...
17 taxa and 135 splits.
Consensus tree written to 70959at7898.fltrd_aligned.fas.contree
Reading input trees file 70959at7898.fltrd_aligned.fas.contree
Log-likelihood of consensus tree: -3255.650

Analysis results written to: 
  IQ-TREE report:                70959at7898.fltrd_aligned.fas.iqtree
  Maximum-likelihood tree:       70959at7898.fltrd_aligned.fas.treefile
  Likelihood distances:          70959at7898.fltrd_aligned.fas.mldist

Ultrafast bootstrap approximation results written to:
  Split support values:          70959at7898.fltrd_aligned.fas.splits.nex
  Consensus tree:                70959at7898.fltrd_aligned.fas.contree
  Screen log file:               70959at7898.fltrd_aligned.fas.log

Date and Time: Tue Dec  2 14:49:35 2025
