IQ-TREE multicore version 2.1.3 COVID-edition for Linux 64-bit built Apr 21 2021
Developed by Bui Quang Minh, James Barbetti, Nguyen Lam Tung,
Olga Chernomor, Heiko Schmidt, Dominik Schrempf, Michael Woodhams.

Host:    gombessa.rcs.alaska.edu (AVX2, FMA3, 503 GB RAM)
Command: /export/scratch/tsvanorden/Char_Phylogenetics/src/iqtree-2.1.3-Linux/bin/iqtree2 -s 80283at7898.fltrd_aligned.fas -m MFP -bb 1000 -T 1
Seed:    882255 (Using SPRNG - Scalable Parallel Random Number Generator)
Time:    Tue Dec  2 14:50:08 2025
Kernel:  AVX+FMA - 1 threads (1 CPU cores detected)

Reading alignment file 80283at7898.fltrd_aligned.fas ... Fasta format detected
Alignment most likely contains DNA/RNA sequences
Alignment has 20 sequences with 966 columns, 51 distinct patterns
7 parsimony-informative, 29 singleton sites, 930 constant sites
                                Gap/Ambiguity  Composition  p-value
   1  251140_Ward_Creek                 0.93%    passed     99.98%
   2  260512_Pybus_Point                0.93%    passed     99.98%
   3  261935_Kenai_River                0.93%    passed     99.98%
   4  353213_Cropley_Lake               0.93%    passed     99.98%
   5  353219_Peterson_Creek             0.93%    passed     99.98%
   6  353220_Fish_Creek                 3.11%    passed     99.39%
   7  353246_Cottonwood_Creek           0.93%    passed     99.98%
   8  353379_Skagit_River               0.62%    passed     99.02%
   9  353381_Dungeness_River            0.62%    passed     99.41%
  10  353401_Peace_River                2.17%    passed     99.99%
  11  353407_Noatok                     0.93%    passed     99.98%
  12  353410_Horizon_Lake               0.93%    passed    100.00%
  13  92319_Little_Lost                 2.17%    passed     99.99%
  14  94280_St_Joe                      2.17%    passed     99.99%
  15  GCA016432855_Lake_Trout           0.31%    passed     99.35%
  16  GCA036784925_Maine_S_alpinus      0.93%    passed     99.96%
  17  GCA045679555_Iceland_A_alpinus    0.93%    passed     99.98%
  18  GCF013265735_Rainbow_Trout        0.93%    passed     99.95%
  19  GCF029448725_Brook_Trout          3.11%    passed     98.59%
  20  Methow_River_99895                2.17%    passed     99.99%
****  TOTAL                             1.34%  0 sequences failed composition chi2 test (p-value<5%; df=3)
NOTE: 260512_Pybus_Point is identical to 251140_Ward_Creek but kept for subsequent analysis
NOTE: 92319_Little_Lost is identical to 353401_Peace_River but kept for subsequent analysis
NOTE: 8 identical sequences (see below) will be ignored for subsequent analysis
NOTE: 261935_Kenai_River (identical to 251140_Ward_Creek) is ignored but added at the end
NOTE: 353213_Cropley_Lake (identical to 251140_Ward_Creek) is ignored but added at the end
NOTE: 353219_Peterson_Creek (identical to 251140_Ward_Creek) is ignored but added at the end
NOTE: 353246_Cottonwood_Creek (identical to 251140_Ward_Creek) is ignored but added at the end
NOTE: 353407_Noatok (identical to 251140_Ward_Creek) is ignored but added at the end
NOTE: GCA045679555_Iceland_A_alpinus (identical to 251140_Ward_Creek) is ignored but added at the end
NOTE: 94280_St_Joe (identical to 353401_Peace_River) is ignored but added at the end
NOTE: Methow_River_99895 (identical to 353401_Peace_River) is ignored but added at the end
Alignment was printed to 80283at7898.fltrd_aligned.fas.uniqueseq.phy

For your convenience alignment with unique sequences printed to 80283at7898.fltrd_aligned.fas.uniqueseq.phy


Create initial parsimony tree by phylogenetic likelihood library (PLL)... 0.000 seconds
Perform fast likelihood tree search using GTR+I+G model...
Estimate model parameters (epsilon = 5.000)
Perform nearest neighbor interchange...
Estimate model parameters (epsilon = 1.000)
1. Initial log-likelihood: -1594.913
Optimal log-likelihood: -1594.913
Rate parameters:  A-C: 1.30973  A-G: 2.77220  A-T: 0.95302  C-G: 0.77407  C-T: 4.48624  G-T: 1.00000
Base frequencies:  A: 0.269  C: 0.250  G: 0.267  T: 0.214
Proportion of invariable sites: 0.481
Gamma shape alpha: 0.804
Parameters optimization took 1 rounds (0.001 sec)
Time for fast ML tree search: 0.005 seconds

NOTE: ModelFinder requires 0 MB RAM!
ModelFinder will test up to 286 DNA models (sample size: 966) ...
 No. Model         -LnL         df  AIC          AICc         BIC
  1  GTR+F         1596.065     29  3250.130     3251.989     3391.451
  2  GTR+F+I       1594.905     30  3249.809     3251.798     3396.004
  3  GTR+F+G4      1594.907     30  3249.813     3251.803     3396.008
  4  GTR+F+I+G4    1594.913     31  3251.826     3253.950     3402.894
  5  GTR+F+R2      1595.533     31  3253.065     3255.189     3404.133
  6  GTR+F+R3      1595.363     33  3256.726     3259.134     3417.541
 14  SYM           1599.427     26  3250.854     3252.349     3377.556
 15  SYM+I         1598.317     27  3250.634     3252.246     3382.210
 16  SYM+G4        1598.319     27  3250.638     3252.250     3382.213
 27  TVM+F         1596.706     28  3249.412     3251.145     3385.860
 28  TVM+F+I       1595.549     29  3249.097     3250.956     3390.419
 29  TVM+F+G4      1595.550     29  3249.101     3250.960     3390.422
 40  TVMe          1599.717     25  3249.435     3250.818     3371.264
 41  TVMe+I        1598.604     26  3249.209     3250.704     3375.911
 42  TVMe+G4       1598.606     26  3249.212     3250.707     3375.914
 53  TIM3+F        1596.310     27  3246.619     3248.231     3378.194
 54  TIM3+F+I      1595.143     28  3246.285     3248.018     3382.734
 55  TIM3+F+G4     1595.145     28  3246.290     3248.024     3382.739
 66  TIM3e         1599.674     24  3247.349     3248.624     3364.305
 67  TIM3e+I       1598.558     25  3247.116     3248.499     3368.945
 68  TIM3e+G4      1598.561     25  3247.121     3248.504     3368.950
 79  TIM2+F        1596.203     27  3246.407     3248.019     3377.982
 80  TIM2+F+I      1595.032     28  3246.063     3247.797     3382.512
 81  TIM2+F+G4     1595.033     28  3246.066     3247.799     3382.515
 92  TIM2e         1599.613     24  3247.226     3248.501     3364.182
 93  TIM2e+I       1598.487     25  3246.974     3248.357     3368.803
 94  TIM2e+G4      1598.489     25  3246.978     3248.361     3368.807
105  TIM+F         1596.196     27  3246.392     3248.004     3377.968
106  TIM+F+I       1595.010     28  3246.019     3247.752     3382.468
107  TIM+F+G4      1595.012     28  3246.024     3247.757     3382.472
118  TIMe          1599.607     24  3247.214     3248.489     3364.170
119  TIMe+I        1598.463     25  3246.926     3248.309     3368.756
120  TIMe+G4       1598.466     25  3246.931     3248.314     3368.760
131  TPM3u+F       1596.954     26  3245.908     3247.403     3372.610
132  TPM3u+F+I     1595.785     27  3245.569     3247.181     3377.145
133  TPM3u+F+G4    1595.787     27  3245.574     3247.186     3377.150
144  TPM3+F        1596.954     26  3245.908     3247.403     3372.610
145  TPM3+F+I      1595.785     27  3245.569     3247.181     3377.145
146  TPM3+F+G4     1595.787     27  3245.574     3247.186     3377.150
157  TPM2u+F       1596.845     26  3245.690     3247.186     3372.393
158  TPM2u+F+I     1595.676     27  3245.353     3246.965     3376.928
159  TPM2u+F+G4    1595.679     27  3245.358     3246.970     3376.933
170  TPM2+F        1596.845     26  3245.690     3247.186     3372.393
171  TPM2+F+I      1595.676     27  3245.353     3246.965     3376.928
172  TPM2+F+G4     1595.679     27  3245.358     3246.970     3376.933
183  K3Pu+F        1596.838     26  3245.677     3247.172     3372.379
184  K3Pu+F+I      1595.651     27  3245.302     3246.914     3376.878
185  K3Pu+F+G4     1595.653     27  3245.307     3246.919     3376.882
196  K3P           1599.901     23  3245.801     3246.973     3357.884
197  K3P+I         1598.751     24  3245.501     3246.777     3362.457
198  K3P+G4        1598.753     24  3245.506     3246.781     3362.462
209  TN+F          1596.338     26  3244.677     3246.172     3371.379
210  TN+F+I        1595.155     27  3244.310     3245.922     3375.886
211  TN+F+G4       1595.158     27  3244.316     3245.928     3375.891
222  TNe           1599.751     23  3245.502     3246.674     3357.585
223  TNe+I         1598.610     24  3245.219     3246.494     3362.175
224  TNe+G4        1598.612     24  3245.225     3246.500     3362.181
235  HKY+F         1596.982     25  3243.964     3245.347     3365.793
236  HKY+F+I       1595.796     26  3243.593     3245.088     3370.295
237  HKY+F+G4      1595.799     26  3243.598     3245.093     3370.300
248  K2P           1600.045     22  3244.090     3245.163     3351.299
249  K2P+I         1598.897     23  3243.795     3244.967     3355.878
250  K2P+G4        1598.900     23  3243.800     3244.972     3355.883
261  F81+F         1603.934     24  3255.869     3257.144     3372.825
262  F81+F+I       1602.793     25  3255.586     3256.969     3377.415
263  F81+F+G4      1602.796     25  3255.593     3256.976     3377.422
274  JC            1607.087     21  3256.174     3257.153     3358.510
275  JC+I          1605.958     22  3255.916     3256.989     3363.126
276  JC+G4         1605.961     22  3255.923     3256.996     3363.132
Akaike Information Criterion:           HKY+F+I
Corrected Akaike Information Criterion: K2P+I
Bayesian Information Criterion:         K2P
Best-fit model: K2P chosen according to BIC

All model information printed to 80283at7898.fltrd_aligned.fas.model.gz
CPU time for ModelFinder: 0.074 seconds (0h:0m:0s)
Wall-clock time for ModelFinder: 0.080 seconds (0h:0m:0s)
Generating 1000 samples for ultrafast bootstrap (seed: 882255)...

NOTE: 0 MB RAM (0 GB) is required!
Estimate model parameters (epsilon = 0.100)
1. Initial log-likelihood: -1600.045
Optimal log-likelihood: -1600.045
Rate parameters:  A-C: 1.00000  A-G: 3.44776  A-T: 1.00000  C-G: 1.00000  C-T: 3.44776  G-T: 1.00000
Base frequencies:  A: 0.250  C: 0.250  G: 0.250  T: 0.250
Parameters optimization took 1 rounds (0.000 sec)
Computing ML distances based on estimated model parameters...
Computing ML distances took 0.000449 sec (of wall-clock time) 0.000415 sec(of CPU time)
Computing RapidNJ tree took 0.000041 sec (of wall-clock time) 0.000035 sec (of CPU time)
Log-likelihood of RapidNJ tree: -1600.057
--------------------------------------------------------------------
|             INITIALIZING CANDIDATE TREE SET                      |
--------------------------------------------------------------------
Generating 98 parsimony trees... 0.012 second
Computing log-likelihood of 98 initial trees ... 0.019 seconds
Current best score: -1600.044

Do NNI search on 20 best initial trees
Estimate model parameters (epsilon = 0.100)
BETTER TREE FOUND at iteration 1: -1600.044
BETTER TREE FOUND at iteration 4: -1600.044
BETTER TREE FOUND at iteration 7: -1600.044
Iteration 10 / LogL: -1600.044 / Time: 0h:0m:0s
Iteration 20 / LogL: -1600.044 / Time: 0h:0m:0s
Finish initializing candidate tree set (20)
Current best tree score: -1600.044 / CPU time: 0.092
Number of iterations: 20
--------------------------------------------------------------------
|               OPTIMIZING CANDIDATE TREE SET                      |
--------------------------------------------------------------------
BETTER TREE FOUND at iteration 21: -1600.044
Iteration 30 / LogL: -1600.045 / Time: 0h:0m:0s (0h:0m:0s left)
BETTER TREE FOUND at iteration 31: -1600.044
BETTER TREE FOUND at iteration 33: -1600.044
BETTER TREE FOUND at iteration 36: -1600.044
Iteration 40 / LogL: -1600.044 / Time: 0h:0m:0s (0h:0m:0s left)
BETTER TREE FOUND at iteration 41: -1600.044
Iteration 50 / LogL: -1600.044 / Time: 0h:0m:0s (0h:0m:0s left)
Log-likelihood cutoff on original alignment: -1640.642
UPDATE BEST LOG-LIKELIHOOD: -1600.044
Iteration 60 / LogL: -1600.044 / Time: 0h:0m:0s (0h:0m:0s left)
Iteration 70 / LogL: -1600.044 / Time: 0h:0m:0s (0h:0m:0s left)
Iteration 80 / LogL: -1600.044 / Time: 0h:0m:0s (0h:0m:0s left)
Iteration 90 / LogL: -1600.044 / Time: 0h:0m:0s (0h:0m:0s left)
Iteration 100 / LogL: -1600.044 / Time: 0h:0m:0s (0h:0m:0s left)
Log-likelihood cutoff on original alignment: -1640.642
NOTE: Bootstrap correlation coefficient of split occurrence frequencies: 0.892
NOTE: UFBoot does not converge, continue at least 100 more iterations
Iteration 110 / LogL: -1600.044 / Time: 0h:0m:0s (0h:0m:0s left)
Iteration 120 / LogL: -1600.044 / Time: 0h:0m:0s (0h:0m:0s left)
Iteration 130 / LogL: -1600.044 / Time: 0h:0m:0s (0h:0m:0s left)
Iteration 140 / LogL: -1600.044 / Time: 0h:0m:0s (0h:0m:0s left)
Iteration 150 / LogL: -1600.044 / Time: 0h:0m:0s (0h:0m:0s left)
Log-likelihood cutoff on original alignment: -1640.646
Iteration 160 / LogL: -1600.044 / Time: 0h:0m:0s (0h:0m:0s left)
Iteration 170 / LogL: -1627.289 / Time: 0h:0m:0s (0h:0m:0s left)
Iteration 180 / LogL: -1600.045 / Time: 0h:0m:0s (0h:0m:0s left)
Iteration 190 / LogL: -1600.051 / Time: 0h:0m:0s (0h:0m:0s left)
Iteration 200 / LogL: -1600.044 / Time: 0h:0m:0s (0h:0m:0s left)
Log-likelihood cutoff on original alignment: -1640.646
NOTE: Bootstrap correlation coefficient of split occurrence frequencies: 0.911
NOTE: UFBoot does not converge, continue at least 100 more iterations
Iteration 210 / LogL: -1600.044 / Time: 0h:0m:0s (0h:0m:0s left)
Iteration 220 / LogL: -1600.044 / Time: 0h:0m:0s (0h:0m:0s left)
Iteration 230 / LogL: -1600.044 / Time: 0h:0m:0s (0h:0m:0s left)
Iteration 240 / LogL: -1600.044 / Time: 0h:0m:1s (0h:0m:0s left)
Iteration 250 / LogL: -1627.288 / Time: 0h:0m:1s (0h:0m:0s left)
Log-likelihood cutoff on original alignment: -1640.646
Iteration 260 / LogL: -1600.044 / Time: 0h:0m:1s (0h:0m:0s left)
Iteration 270 / LogL: -1600.050 / Time: 0h:0m:1s (0h:0m:0s left)
Iteration 280 / LogL: -1627.288 / Time: 0h:0m:1s (0h:0m:0s left)
Iteration 290 / LogL: -1648.270 / Time: 0h:0m:1s (0h:0m:0s left)
Iteration 300 / LogL: -1600.046 / Time: 0h:0m:1s (0h:0m:0s left)
Log-likelihood cutoff on original alignment: -1640.646
NOTE: Bootstrap correlation coefficient of split occurrence frequencies: 0.903
NOTE: UFBoot does not converge, continue at least 100 more iterations
Iteration 310 / LogL: -1600.044 / Time: 0h:0m:1s (0h:0m:0s left)
Iteration 320 / LogL: -1600.044 / Time: 0h:0m:1s (0h:0m:0s left)
Iteration 330 / LogL: -1600.045 / Time: 0h:0m:1s (0h:0m:0s left)
Iteration 340 / LogL: -1600.044 / Time: 0h:0m:1s (0h:0m:0s left)
Iteration 350 / LogL: -1600.044 / Time: 0h:0m:1s (0h:0m:0s left)
Log-likelihood cutoff on original alignment: -1640.646
Iteration 360 / LogL: -1600.049 / Time: 0h:0m:1s (0h:0m:0s left)
Iteration 370 / LogL: -1600.044 / Time: 0h:0m:1s (0h:0m:0s left)
Iteration 380 / LogL: -1600.044 / Time: 0h:0m:1s (0h:0m:0s left)
Iteration 390 / LogL: -1600.044 / Time: 0h:0m:1s (0h:0m:0s left)
Iteration 400 / LogL: -1600.044 / Time: 0h:0m:1s (0h:0m:0s left)
Log-likelihood cutoff on original alignment: -1640.630
NOTE: Bootstrap correlation coefficient of split occurrence frequencies: 0.896
NOTE: UFBoot does not converge, continue at least 100 more iterations
Iteration 410 / LogL: -1600.044 / Time: 0h:0m:1s (0h:0m:0s left)
Iteration 420 / LogL: -1600.044 / Time: 0h:0m:1s (0h:0m:0s left)
Iteration 430 / LogL: -1600.044 / Time: 0h:0m:1s (0h:0m:0s left)
Iteration 440 / LogL: -1600.044 / Time: 0h:0m:1s (0h:0m:0s left)
Iteration 450 / LogL: -1600.044 / Time: 0h:0m:2s (0h:0m:0s left)
Log-likelihood cutoff on original alignment: -1640.645
Iteration 460 / LogL: -1600.044 / Time: 0h:0m:2s (0h:0m:0s left)
Iteration 470 / LogL: -1600.045 / Time: 0h:0m:2s (0h:0m:0s left)
Iteration 480 / LogL: -1600.045 / Time: 0h:0m:2s (0h:0m:0s left)
Iteration 490 / LogL: -1600.049 / Time: 0h:0m:2s (0h:0m:0s left)
Iteration 500 / LogL: -1600.044 / Time: 0h:0m:2s (0h:0m:0s left)
Log-likelihood cutoff on original alignment: -1640.646
NOTE: Bootstrap correlation coefficient of split occurrence frequencies: 0.946
NOTE: UFBoot does not converge, continue at least 100 more iterations
Iteration 510 / LogL: -1600.045 / Time: 0h:0m:2s (0h:0m:0s left)
Iteration 520 / LogL: -1600.044 / Time: 0h:0m:2s (0h:0m:0s left)
Iteration 530 / LogL: -1600.044 / Time: 0h:0m:2s (0h:0m:0s left)
Iteration 540 / LogL: -1600.051 / Time: 0h:0m:2s (0h:0m:0s left)
Iteration 550 / LogL: -1600.044 / Time: 0h:0m:2s (0h:0m:0s left)
Log-likelihood cutoff on original alignment: -1640.646
Iteration 560 / LogL: -1600.044 / Time: 0h:0m:2s (0h:0m:0s left)
Iteration 570 / LogL: -1600.044 / Time: 0h:0m:2s (0h:0m:0s left)
Iteration 580 / LogL: -1600.044 / Time: 0h:0m:2s (0h:0m:0s left)
Iteration 590 / LogL: -1600.044 / Time: 0h:0m:2s (0h:0m:0s left)
Iteration 600 / LogL: -1600.044 / Time: 0h:0m:2s (0h:0m:0s left)
Log-likelihood cutoff on original alignment: -1640.646
NOTE: Bootstrap correlation coefficient of split occurrence frequencies: 0.893
NOTE: UFBoot does not converge, continue at least 100 more iterations
Iteration 610 / LogL: -1600.044 / Time: 0h:0m:2s (0h:0m:0s left)
Iteration 620 / LogL: -1600.044 / Time: 0h:0m:2s (0h:0m:0s left)
Iteration 630 / LogL: -1600.044 / Time: 0h:0m:3s (0h:0m:0s left)
Iteration 640 / LogL: -1627.291 / Time: 0h:0m:3s (0h:0m:0s left)
Iteration 650 / LogL: -1600.044 / Time: 0h:0m:3s (0h:0m:0s left)
Log-likelihood cutoff on original alignment: -1640.646
Iteration 660 / LogL: -1600.046 / Time: 0h:0m:3s (0h:0m:0s left)
Iteration 670 / LogL: -1648.246 / Time: 0h:0m:3s (0h:0m:0s left)
Iteration 680 / LogL: -1600.044 / Time: 0h:0m:3s (0h:0m:0s left)
Iteration 690 / LogL: -1600.044 / Time: 0h:0m:3s (0h:0m:0s left)
Iteration 700 / LogL: -1600.044 / Time: 0h:0m:3s (0h:0m:0s left)
Log-likelihood cutoff on original alignment: -1640.646
NOTE: Bootstrap correlation coefficient of split occurrence frequencies: 0.950
NOTE: UFBoot does not converge, continue at least 100 more iterations
Iteration 710 / LogL: -1600.044 / Time: 0h:0m:3s (0h:0m:0s left)
Iteration 720 / LogL: -1600.045 / Time: 0h:0m:3s (0h:0m:0s left)
Iteration 730 / LogL: -1600.044 / Time: 0h:0m:3s (0h:0m:0s left)
Iteration 740 / LogL: -1600.044 / Time: 0h:0m:3s (0h:0m:0s left)
Iteration 750 / LogL: -1600.044 / Time: 0h:0m:3s (0h:0m:0s left)
Log-likelihood cutoff on original alignment: -1640.646
Iteration 760 / LogL: -1600.044 / Time: 0h:0m:3s (0h:0m:0s left)
Iteration 770 / LogL: -1600.047 / Time: 0h:0m:3s (0h:0m:0s left)
Iteration 780 / LogL: -1600.044 / Time: 0h:0m:3s (0h:0m:0s left)
Iteration 790 / LogL: -1600.044 / Time: 0h:0m:4s (0h:0m:0s left)
Iteration 800 / LogL: -1600.044 / Time: 0h:0m:4s (0h:0m:0s left)
Log-likelihood cutoff on original alignment: -1640.646
NOTE: Bootstrap correlation coefficient of split occurrence frequencies: 0.937
NOTE: UFBoot does not converge, continue at least 100 more iterations
Iteration 810 / LogL: -1627.291 / Time: 0h:0m:4s (0h:0m:0s left)
Iteration 820 / LogL: -1600.044 / Time: 0h:0m:4s (0h:0m:0s left)
Iteration 830 / LogL: -1600.044 / Time: 0h:0m:4s (0h:0m:0s left)
Iteration 840 / LogL: -1600.044 / Time: 0h:0m:4s (0h:0m:0s left)
Iteration 850 / LogL: -1600.044 / Time: 0h:0m:4s (0h:0m:0s left)
Log-likelihood cutoff on original alignment: -1640.646
Iteration 860 / LogL: -1600.044 / Time: 0h:0m:4s (0h:0m:0s left)
Iteration 870 / LogL: -1600.044 / Time: 0h:0m:4s (0h:0m:0s left)
Iteration 880 / LogL: -1627.286 / Time: 0h:0m:4s (0h:0m:0s left)
Iteration 890 / LogL: -1600.044 / Time: 0h:0m:4s (0h:0m:0s left)
Iteration 900 / LogL: -1600.045 / Time: 0h:0m:4s (0h:0m:0s left)
Log-likelihood cutoff on original alignment: -1640.646
NOTE: Bootstrap correlation coefficient of split occurrence frequencies: 0.958
NOTE: UFBoot does not converge, continue at least 100 more iterations
Iteration 910 / LogL: -1600.044 / Time: 0h:0m:4s (0h:0m:0s left)
Iteration 920 / LogL: -1600.044 / Time: 0h:0m:4s (0h:0m:0s left)
Iteration 930 / LogL: -1600.044 / Time: 0h:0m:4s (0h:0m:0s left)
Iteration 940 / LogL: -1600.044 / Time: 0h:0m:5s (0h:0m:0s left)
Iteration 950 / LogL: -1600.044 / Time: 0h:0m:5s (0h:0m:0s left)
Log-likelihood cutoff on original alignment: -1640.646
Iteration 960 / LogL: -1600.044 / Time: 0h:0m:5s (0h:0m:0s left)
Iteration 970 / LogL: -1600.044 / Time: 0h:0m:5s (0h:0m:0s left)
Iteration 980 / LogL: -1645.341 / Time: 0h:0m:5s (0h:0m:0s left)
Iteration 990 / LogL: -1600.044 / Time: 0h:0m:5s (0h:0m:0s left)
Iteration 1000 / LogL: -1600.044 / Time: 0h:0m:5s (0h:0m:0s left)
Log-likelihood cutoff on original alignment: -1640.646
NOTE: Bootstrap correlation coefficient of split occurrence frequencies: 0.960
NOTE: UFBoot does not converge, continue at least 100 more iterations
WARNING: bootstrap analysis did not converge. You should rerun with higher number of iterations (-nm option)
TREE SEARCH COMPLETED AFTER 1001 ITERATIONS / Time: 0h:0m:5s

--------------------------------------------------------------------
|                    FINALIZING TREE SEARCH                        |
--------------------------------------------------------------------
Performs final model parameters optimization
Estimate model parameters (epsilon = 0.010)
1. Initial log-likelihood: -1600.044
Optimal log-likelihood: -1600.044
Rate parameters:  A-C: 1.00000  A-G: 3.44664  A-T: 1.00000  C-G: 1.00000  C-T: 3.44664  G-T: 1.00000
Base frequencies:  A: 0.250  C: 0.250  G: 0.250  T: 0.250
Parameters optimization took 1 rounds (0.000 sec)
BEST SCORE FOUND : -1600.044
Creating bootstrap support values...
Split supports printed to NEXUS file 80283at7898.fltrd_aligned.fas.splits.nex
Total tree length: 0.040

Total number of iterations: 1001
CPU time used for tree search: 5.403 sec (0h:0m:5s)
Wall-clock time used for tree search: 5.495 sec (0h:0m:5s)
Total CPU time used: 5.434 sec (0h:0m:5s)
Total wall-clock time used: 5.535 sec (0h:0m:5s)

Computing bootstrap consensus tree...
Reading input file 80283at7898.fltrd_aligned.fas.splits.nex...
12 taxa and 127 splits.
Consensus tree written to 80283at7898.fltrd_aligned.fas.contree
Reading input trees file 80283at7898.fltrd_aligned.fas.contree
Log-likelihood of consensus tree: -1600.056

Analysis results written to: 
  IQ-TREE report:                80283at7898.fltrd_aligned.fas.iqtree
  Maximum-likelihood tree:       80283at7898.fltrd_aligned.fas.treefile
  Likelihood distances:          80283at7898.fltrd_aligned.fas.mldist

Ultrafast bootstrap approximation results written to:
  Split support values:          80283at7898.fltrd_aligned.fas.splits.nex
  Consensus tree:                80283at7898.fltrd_aligned.fas.contree
  Screen log file:               80283at7898.fltrd_aligned.fas.log

Date and Time: Tue Dec  2 14:50:14 2025
