IQ-TREE multicore version 2.1.3 COVID-edition for Linux 64-bit built Apr 21 2021
Developed by Bui Quang Minh, James Barbetti, Nguyen Lam Tung,
Olga Chernomor, Heiko Schmidt, Dominik Schrempf, Michael Woodhams.

Host:    gombessa.rcs.alaska.edu (AVX2, FMA3, 503 GB RAM)
Command: /export/scratch/tsvanorden/Char_Phylogenetics/src/iqtree-2.1.3-Linux/bin/iqtree2 -s 49671at7898.fltrd_aligned.fas -m MFP -bb 1000 -T 1
Seed:    677903 (Using SPRNG - Scalable Parallel Random Number Generator)
Time:    Tue Dec  2 14:49:28 2025
Kernel:  AVX+FMA - 1 threads (1 CPU cores detected)

Reading alignment file 49671at7898.fltrd_aligned.fas ... Fasta format detected
Alignment most likely contains DNA/RNA sequences
Alignment has 20 sequences with 1728 columns, 67 distinct patterns
14 parsimony-informative, 55 singleton sites, 1659 constant sites
                                Gap/Ambiguity  Composition  p-value
   1  251140_Ward_Creek                13.54%    passed     93.88%
   2  260512_Pybus_Point               13.54%    passed     93.88%
   3  261935_Kenai_River                7.99%    passed     97.24%
   4  353213_Cropley_Lake              13.54%    passed     93.88%
   5  353219_Peterson_Creek            13.54%    passed     93.88%
   6  353220_Fish_Creek                13.54%    passed     93.88%
   7  353246_Cottonwood_Creek           7.99%    passed     97.24%
   8  353379_Skagit_River               6.25%    passed     98.39%
   9  353381_Dungeness_River            9.78%    passed     94.38%
  10  353401_Peace_River                6.25%    passed     98.39%
  11  353407_Noatok                     7.99%    passed     97.24%
  12  353410_Horizon_Lake               7.99%    passed     97.53%
  13  92319_Little_Lost                 6.25%    passed     98.39%
  14  94280_St_Joe                      6.25%    passed     98.39%
  15  GCA016432855_Lake_Trout           5.73%    passed     97.27%
  16  GCA036784925_Maine_S_alpinus      7.99%    passed     96.47%
  17  GCA045679555_Iceland_A_alpinus    7.99%    passed     96.47%
  18  GCF013265735_Rainbow_Trout        6.42%    passed     93.62%
  19  GCF029448725_Brook_Trout          6.25%    passed     96.47%
  20  Methow_River_99895                6.25%    passed     98.39%
****  TOTAL                             8.75%  0 sequences failed composition chi2 test (p-value<5%; df=3)
NOTE: 260512_Pybus_Point is identical to 251140_Ward_Creek but kept for subsequent analysis
NOTE: 353246_Cottonwood_Creek is identical to 261935_Kenai_River but kept for subsequent analysis
NOTE: 353401_Peace_River is identical to 353379_Skagit_River but kept for subsequent analysis
NOTE: GCA045679555_Iceland_A_alpinus is identical to GCA036784925_Maine_S_alpinus but kept for subsequent analysis
NOTE: 7 identical sequences (see below) will be ignored for subsequent analysis
NOTE: 353213_Cropley_Lake (identical to 251140_Ward_Creek) is ignored but added at the end
NOTE: 353219_Peterson_Creek (identical to 251140_Ward_Creek) is ignored but added at the end
NOTE: 353220_Fish_Creek (identical to 251140_Ward_Creek) is ignored but added at the end
NOTE: 353407_Noatok (identical to 261935_Kenai_River) is ignored but added at the end
NOTE: 92319_Little_Lost (identical to 353379_Skagit_River) is ignored but added at the end
NOTE: 94280_St_Joe (identical to 353379_Skagit_River) is ignored but added at the end
NOTE: Methow_River_99895 (identical to 353379_Skagit_River) is ignored but added at the end
Alignment was printed to 49671at7898.fltrd_aligned.fas.uniqueseq.phy

For your convenience alignment with unique sequences printed to 49671at7898.fltrd_aligned.fas.uniqueseq.phy


Create initial parsimony tree by phylogenetic likelihood library (PLL)... 0.000 seconds
Perform fast likelihood tree search using GTR+I+G model...
Estimate model parameters (epsilon = 5.000)
Perform nearest neighbor interchange...
Estimate model parameters (epsilon = 1.000)
1. Initial log-likelihood: -2863.341
Optimal log-likelihood: -2863.341
Rate parameters:  A-C: 1.05347  A-G: 2.17424  A-T: 1.32341  C-G: 1.42730  C-T: 3.42739  G-T: 1.00000
Base frequencies:  A: 0.272  C: 0.234  G: 0.272  T: 0.222
Proportion of invariable sites: 0.480
Gamma shape alpha: 1.008
Parameters optimization took 1 rounds (0.001 sec)
Time for fast ML tree search: 0.006 seconds

NOTE: ModelFinder requires 0 MB RAM!
ModelFinder will test up to 286 DNA models (sample size: 1728) ...
 No. Model         -LnL         df  AIC          AICc         BIC
  1  GTR+F         2864.901     31  5791.803     5792.973     5960.899
  2  GTR+F+I       2863.344     32  5790.688     5791.934     5965.239
  3  GTR+F+G4      2863.343     32  5790.685     5791.931     5965.236
  4  GTR+F+I+G4    2863.341     33  5792.681     5794.006     5972.687
  5  GTR+F+R2      2864.134     33  5794.268     5795.593     5974.274
  6  GTR+F+R3      2863.911     35  5797.822     5799.311     5988.737
 14  SYM           2868.500     28  5793.001     5793.957     5945.733
 15  SYM+I         2866.950     29  5791.900     5792.925     5950.087
 16  SYM+G4        2866.950     29  5791.900     5792.924     5950.087
 27  TVM+F         2865.818     30  5791.637     5792.733     5955.278
 28  TVM+F+I       2864.234     31  5790.467     5791.637     5959.563
 29  TVM+F+G4      2864.235     31  5790.470     5791.640     5959.567
 40  TVMe          2868.827     27  5791.655     5792.544     5938.932
 41  TVMe+I        2867.261     28  5790.522     5791.478     5943.254
 42  TVMe+G4       2867.262     28  5790.525     5791.481     5943.257
 53  TIM3+F        2865.236     29  5788.471     5789.496     5946.658
 54  TIM3+F+I      2863.678     30  5787.356     5788.453     5950.998
 55  TIM3+F+G4     2863.677     30  5787.354     5788.450     5950.996
 66  TIM3e         2868.834     26  5789.668     5790.494     5931.491
 67  TIM3e+I       2867.285     27  5788.570     5789.459     5935.847
 68  TIM3e+G4      2867.285     27  5788.570     5789.460     5935.848
 79  TIM2+F        2865.251     29  5788.503     5789.528     5946.690
 80  TIM2+F+I      2863.702     30  5787.404     5788.500     5951.045
 81  TIM2+F+G4     2863.701     30  5787.402     5788.498     5951.043
 92  TIM2e         2868.871     26  5789.741     5790.566     5931.564
 93  TIM2e+I       2867.329     27  5788.659     5789.548     5935.936
 94  TIM2e+G4      2867.330     27  5788.659     5789.548     5935.936
105  TIM+F         2864.921     29  5787.842     5788.867     5946.029
106  TIM+F+I       2863.363     30  5786.727     5787.823     5950.368
107  TIM+F+G4      2863.362     30  5786.724     5787.820     5950.366
118  TIMe          2868.538     26  5789.076     5789.901     5930.898
119  TIMe+I        2866.989     27  5787.978     5788.868     5935.256
120  TIMe+G4       2866.989     27  5787.978     5788.868     5935.256
131  TPM3u+F       2866.148     28  5788.295     5789.251     5941.027
132  TPM3u+F+I     2864.566     29  5787.132     5788.157     5945.319
133  TPM3u+F+G4    2864.568     29  5787.135     5788.160     5945.322
144  TPM3+F        2866.148     28  5788.295     5789.251     5941.027
145  TPM3+F+I      2864.566     29  5787.132     5788.157     5945.319
146  TPM3+F+G4     2864.568     29  5787.135     5788.160     5945.322
157  TPM2u+F       2866.163     28  5788.326     5789.282     5941.058
158  TPM2u+F+I     2864.588     29  5787.177     5788.201     5945.363
159  TPM2u+F+G4    2864.590     29  5787.181     5788.205     5945.368
170  TPM2+F        2866.163     28  5788.326     5789.282     5941.058
171  TPM2+F+I      2864.588     29  5787.177     5788.201     5945.363
172  TPM2+F+G4     2864.590     29  5787.181     5788.205     5945.368
183  K3Pu+F        2865.834     28  5787.667     5788.623     5940.399
184  K3Pu+F+I      2864.251     29  5786.503     5787.527     5944.689
185  K3Pu+F+G4     2864.253     29  5786.506     5787.531     5944.693
196  K3P           2868.865     25  5787.729     5788.493     5924.097
197  K3P+I         2867.299     26  5786.598     5787.423     5928.421
198  K3P+G4        2867.301     26  5786.601     5787.427     5928.424
209  TN+F          2865.257     28  5786.515     5787.471     5939.247
210  TN+F+I        2863.702     29  5785.404     5786.429     5943.591
211  TN+F+G4       2863.701     29  5785.402     5786.426     5943.589
222  TNe           2868.873     25  5787.746     5788.510     5924.114
223  TNe+I         2867.330     26  5786.661     5787.486     5928.483
224  TNe+G4        2867.330     26  5786.661     5787.486     5928.483
235  HKY+F         2866.165     27  5786.331     5787.220     5933.608
236  HKY+F+I       2864.589     28  5785.178     5786.134     5937.910
237  HKY+F+G4      2864.591     28  5785.182     5786.137     5937.914
248  K2P           2869.199     24  5786.398     5787.103     5917.311
249  K2P+I         2867.639     25  5785.279     5786.043     5921.647
250  K2P+G4        2867.641     25  5785.283     5786.046     5921.651
261  F81+F         2871.682     26  5795.365     5796.190     5937.187
262  F81+F+I       2870.085     27  5794.169     5795.059     5941.447
263  F81+F+G4      2870.090     27  5794.180     5795.069     5941.457
274  JC            2874.904     23  5795.807     5796.455     5921.266
275  JC+I          2873.314     24  5794.628     5795.332     5925.541
276  JC+G4         2873.320     24  5794.640     5795.344     5925.553
Akaike Information Criterion:           HKY+F+I
Corrected Akaike Information Criterion: K2P+I
Bayesian Information Criterion:         K2P
Best-fit model: K2P chosen according to BIC

All model information printed to 49671at7898.fltrd_aligned.fas.model.gz
CPU time for ModelFinder: 0.120 seconds (0h:0m:0s)
Wall-clock time for ModelFinder: 0.128 seconds (0h:0m:0s)
Generating 1000 samples for ultrafast bootstrap (seed: 677903)...

NOTE: 0 MB RAM (0 GB) is required!
Estimate model parameters (epsilon = 0.100)
1. Initial log-likelihood: -2869.199
Optimal log-likelihood: -2869.199
Rate parameters:  A-C: 1.00000  A-G: 2.24721  A-T: 1.00000  C-G: 1.00000  C-T: 2.24721  G-T: 1.00000
Base frequencies:  A: 0.250  C: 0.250  G: 0.250  T: 0.250
Parameters optimization took 1 rounds (0.000 sec)
Computing ML distances based on estimated model parameters...
Computing ML distances took 0.000550 sec (of wall-clock time) 0.000000 sec(of CPU time)
Computing RapidNJ tree took 0.000045 sec (of wall-clock time) 0.000043 sec (of CPU time)
Log-likelihood of RapidNJ tree: -2901.318
--------------------------------------------------------------------
|             INITIALIZING CANDIDATE TREE SET                      |
--------------------------------------------------------------------
Generating 98 parsimony trees... 0.032 second
Computing log-likelihood of 98 initial trees ... 0.030 seconds
Current best score: -2869.198

Do NNI search on 20 best initial trees
Estimate model parameters (epsilon = 0.100)
BETTER TREE FOUND at iteration 1: -2869.198
BETTER TREE FOUND at iteration 4: -2869.197
BETTER TREE FOUND at iteration 8: -2869.197
Iteration 10 / LogL: -2869.198 / Time: 0h:0m:0s
Iteration 20 / LogL: -2869.198 / Time: 0h:0m:0s
Finish initializing candidate tree set (17)
Current best tree score: -2869.197 / CPU time: 0.156
Number of iterations: 20
--------------------------------------------------------------------
|               OPTIMIZING CANDIDATE TREE SET                      |
--------------------------------------------------------------------
BETTER TREE FOUND at iteration 22: -2869.197
Iteration 30 / LogL: -2869.197 / Time: 0h:0m:0s (0h:0m:0s left)
UPDATE BEST LOG-LIKELIHOOD: -2869.197
Iteration 40 / LogL: -2869.202 / Time: 0h:0m:0s (0h:0m:0s left)
Iteration 50 / LogL: -2869.201 / Time: 0h:0m:0s (0h:0m:0s left)
Log-likelihood cutoff on original alignment: -2914.220
Iteration 60 / LogL: -2869.198 / Time: 0h:0m:0s (0h:0m:0s left)
Iteration 70 / LogL: -2869.202 / Time: 0h:0m:0s (0h:0m:0s left)
Iteration 80 / LogL: -2869.199 / Time: 0h:0m:0s (0h:0m:0s left)
Iteration 90 / LogL: -2869.199 / Time: 0h:0m:0s (0h:0m:0s left)
Iteration 100 / LogL: -2869.197 / Time: 0h:0m:0s (0h:0m:0s left)
Log-likelihood cutoff on original alignment: -2915.269
NOTE: Bootstrap correlation coefficient of split occurrence frequencies: 0.974
NOTE: UFBoot does not converge, continue at least 100 more iterations
Iteration 110 / LogL: -2869.201 / Time: 0h:0m:0s (0h:0m:0s left)
UPDATE BEST LOG-LIKELIHOOD: -2869.197
Iteration 120 / LogL: -2869.201 / Time: 0h:0m:0s (0h:0m:0s left)
UPDATE BEST LOG-LIKELIHOOD: -2869.197
Iteration 130 / LogL: -2869.197 / Time: 0h:0m:0s (0h:0m:0s left)
Iteration 140 / LogL: -2869.200 / Time: 0h:0m:1s (0h:0m:0s left)
Iteration 150 / LogL: -2869.197 / Time: 0h:0m:1s (0h:0m:0s left)
Log-likelihood cutoff on original alignment: -2915.269
UPDATE BEST LOG-LIKELIHOOD: -2869.197
Iteration 160 / LogL: -2869.199 / Time: 0h:0m:1s (0h:0m:0s left)
Iteration 170 / LogL: -2869.197 / Time: 0h:0m:1s (0h:0m:0s left)
UPDATE BEST LOG-LIKELIHOOD: -2869.197
Iteration 180 / LogL: -2869.199 / Time: 0h:0m:1s (0h:0m:0s left)
Iteration 190 / LogL: -2869.204 / Time: 0h:0m:1s (0h:0m:0s left)
Iteration 200 / LogL: -2869.197 / Time: 0h:0m:1s (0h:0m:0s left)
Log-likelihood cutoff on original alignment: -2915.269
NOTE: Bootstrap correlation coefficient of split occurrence frequencies: 0.971
NOTE: UFBoot does not converge, continue at least 100 more iterations
Iteration 210 / LogL: -2869.197 / Time: 0h:0m:1s (0h:0m:0s left)
UPDATE BEST LOG-LIKELIHOOD: -2869.197
Iteration 220 / LogL: -2869.197 / Time: 0h:0m:1s (0h:0m:0s left)
UPDATE BEST LOG-LIKELIHOOD: -2869.197
Iteration 230 / LogL: -2869.199 / Time: 0h:0m:1s (0h:0m:0s left)
Iteration 240 / LogL: -2869.197 / Time: 0h:0m:1s (0h:0m:0s left)
Iteration 250 / LogL: -2869.197 / Time: 0h:0m:1s (0h:0m:0s left)
Log-likelihood cutoff on original alignment: -2915.269
Iteration 260 / LogL: -2869.198 / Time: 0h:0m:1s (0h:0m:0s left)
Iteration 270 / LogL: -2869.199 / Time: 0h:0m:1s (0h:0m:0s left)
Iteration 280 / LogL: -2869.206 / Time: 0h:0m:1s (0h:0m:0s left)
Iteration 290 / LogL: -2869.197 / Time: 0h:0m:2s (0h:0m:0s left)
Iteration 300 / LogL: -2869.205 / Time: 0h:0m:2s (0h:0m:0s left)
Log-likelihood cutoff on original alignment: -2915.269
NOTE: Bootstrap correlation coefficient of split occurrence frequencies: 0.980
NOTE: UFBoot does not converge, continue at least 100 more iterations
Iteration 310 / LogL: -2875.826 / Time: 0h:0m:2s (0h:0m:0s left)
Iteration 320 / LogL: -2869.200 / Time: 0h:0m:2s (0h:0m:0s left)
Iteration 330 / LogL: -2869.199 / Time: 0h:0m:2s (0h:0m:0s left)
Iteration 340 / LogL: -2869.197 / Time: 0h:0m:2s (0h:0m:0s left)
Iteration 350 / LogL: -2869.207 / Time: 0h:0m:2s (0h:0m:0s left)
Log-likelihood cutoff on original alignment: -2915.936
Iteration 360 / LogL: -2869.197 / Time: 0h:0m:2s (0h:0m:0s left)
Iteration 370 / LogL: -2869.198 / Time: 0h:0m:2s (0h:0m:0s left)
Iteration 380 / LogL: -2869.197 / Time: 0h:0m:2s (0h:0m:0s left)
Iteration 390 / LogL: -2869.197 / Time: 0h:0m:2s (0h:0m:0s left)
UPDATE BEST LOG-LIKELIHOOD: -2869.197
Iteration 400 / LogL: -2869.200 / Time: 0h:0m:2s (0h:0m:0s left)
Log-likelihood cutoff on original alignment: -2915.936
NOTE: Bootstrap correlation coefficient of split occurrence frequencies: 0.978
NOTE: UFBoot does not converge, continue at least 100 more iterations
Iteration 410 / LogL: -2869.197 / Time: 0h:0m:2s (0h:0m:0s left)
Iteration 420 / LogL: -2869.200 / Time: 0h:0m:2s (0h:0m:0s left)
Iteration 430 / LogL: -2869.201 / Time: 0h:0m:3s (0h:0m:0s left)
Iteration 440 / LogL: -2869.197 / Time: 0h:0m:3s (0h:0m:0s left)
UPDATE BEST LOG-LIKELIHOOD: -2869.197
Iteration 450 / LogL: -2869.197 / Time: 0h:0m:3s (0h:0m:0s left)
Log-likelihood cutoff on original alignment: -2915.936
Iteration 460 / LogL: -2869.201 / Time: 0h:0m:3s (0h:0m:0s left)
Iteration 470 / LogL: -2869.200 / Time: 0h:0m:3s (0h:0m:0s left)
Iteration 480 / LogL: -2869.198 / Time: 0h:0m:3s (0h:0m:0s left)
Iteration 490 / LogL: -2869.206 / Time: 0h:0m:3s (0h:0m:0s left)
Iteration 500 / LogL: -2869.197 / Time: 0h:0m:3s (0h:0m:0s left)
Log-likelihood cutoff on original alignment: -2915.936
NOTE: Bootstrap correlation coefficient of split occurrence frequencies: 0.985
NOTE: UFBoot does not converge, continue at least 100 more iterations
Iteration 510 / LogL: -2869.205 / Time: 0h:0m:3s (0h:0m:0s left)
Iteration 520 / LogL: -2869.197 / Time: 0h:0m:3s (0h:0m:0s left)
Iteration 530 / LogL: -2869.197 / Time: 0h:0m:3s (0h:0m:0s left)
Iteration 540 / LogL: -2869.198 / Time: 0h:0m:3s (0h:0m:0s left)
Iteration 550 / LogL: -2869.197 / Time: 0h:0m:3s (0h:0m:0s left)
Log-likelihood cutoff on original alignment: -2915.936
Iteration 560 / LogL: -2869.197 / Time: 0h:0m:4s (0h:0m:0s left)
Iteration 570 / LogL: -2869.198 / Time: 0h:0m:4s (0h:0m:0s left)
Iteration 580 / LogL: -2869.200 / Time: 0h:0m:4s (0h:0m:0s left)
Iteration 590 / LogL: -2869.214 / Time: 0h:0m:4s (0h:0m:0s left)
Iteration 600 / LogL: -2869.198 / Time: 0h:0m:4s (0h:0m:0s left)
Log-likelihood cutoff on original alignment: -2915.936
NOTE: Bootstrap correlation coefficient of split occurrence frequencies: 0.987
NOTE: UFBoot does not converge, continue at least 100 more iterations
Iteration 610 / LogL: -2869.197 / Time: 0h:0m:4s (0h:0m:0s left)
Iteration 620 / LogL: -2869.197 / Time: 0h:0m:4s (0h:0m:0s left)
Iteration 630 / LogL: -2869.202 / Time: 0h:0m:4s (0h:0m:0s left)
UPDATE BEST LOG-LIKELIHOOD: -2869.197
Iteration 640 / LogL: -2869.197 / Time: 0h:0m:4s (0h:0m:0s left)
Iteration 650 / LogL: -2869.198 / Time: 0h:0m:4s (0h:0m:0s left)
Log-likelihood cutoff on original alignment: -2915.936
Iteration 660 / LogL: -2869.198 / Time: 0h:0m:5s (0h:0m:0s left)
Iteration 670 / LogL: -2869.213 / Time: 0h:0m:5s (0h:0m:0s left)
Iteration 680 / LogL: -2869.197 / Time: 0h:0m:5s (0h:0m:0s left)
Iteration 690 / LogL: -2869.197 / Time: 0h:0m:5s (0h:0m:0s left)
Iteration 700 / LogL: -2869.197 / Time: 0h:0m:5s (0h:0m:0s left)
Log-likelihood cutoff on original alignment: -2915.936
NOTE: Bootstrap correlation coefficient of split occurrence frequencies: 0.991
TREE SEARCH COMPLETED AFTER 700 ITERATIONS / Time: 0h:0m:5s

--------------------------------------------------------------------
|                    FINALIZING TREE SEARCH                        |
--------------------------------------------------------------------
Performs final model parameters optimization
Estimate model parameters (epsilon = 0.010)
1. Initial log-likelihood: -2869.197
Optimal log-likelihood: -2869.197
Rate parameters:  A-C: 1.00000  A-G: 2.24721  A-T: 1.00000  C-G: 1.00000  C-T: 2.24721  G-T: 1.00000
Base frequencies:  A: 0.250  C: 0.250  G: 0.250  T: 0.250
Parameters optimization took 1 rounds (0.000 sec)
BEST SCORE FOUND : -2869.197
Creating bootstrap support values...
Split supports printed to NEXUS file 49671at7898.fltrd_aligned.fas.splits.nex
Total tree length: 0.045

Total number of iterations: 700
CPU time used for tree search: 5.438 sec (0h:0m:5s)
Wall-clock time used for tree search: 5.528 sec (0h:0m:5s)
Total CPU time used: 5.502 sec (0h:0m:5s)
Total wall-clock time used: 5.597 sec (0h:0m:5s)

Computing bootstrap consensus tree...
Reading input file 49671at7898.fltrd_aligned.fas.splits.nex...
13 taxa and 216 splits.
Consensus tree written to 49671at7898.fltrd_aligned.fas.contree
Reading input trees file 49671at7898.fltrd_aligned.fas.contree
Log-likelihood of consensus tree: -2869.218

Analysis results written to: 
  IQ-TREE report:                49671at7898.fltrd_aligned.fas.iqtree
  Maximum-likelihood tree:       49671at7898.fltrd_aligned.fas.treefile
  Likelihood distances:          49671at7898.fltrd_aligned.fas.mldist

Ultrafast bootstrap approximation results written to:
  Split support values:          49671at7898.fltrd_aligned.fas.splits.nex
  Consensus tree:                49671at7898.fltrd_aligned.fas.contree
  Screen log file:               49671at7898.fltrd_aligned.fas.log

Date and Time: Tue Dec  2 14:49:34 2025
