IQ-TREE multicore version 2.1.3 COVID-edition for Linux 64-bit built Apr 21 2021
Developed by Bui Quang Minh, James Barbetti, Nguyen Lam Tung,
Olga Chernomor, Heiko Schmidt, Dominik Schrempf, Michael Woodhams.

Host:    gombessa.rcs.alaska.edu (AVX2, FMA3, 503 GB RAM)
Command: /export/scratch/tsvanorden/Char_Phylogenetics/src/iqtree-2.1.3-Linux/bin/iqtree2 -s 49986at7898.fltrd_aligned.fas -m MFP -bb 1000 -T 1
Seed:    57266 (Using SPRNG - Scalable Parallel Random Number Generator)
Time:    Tue Dec  2 14:50:18 2025
Kernel:  AVX+FMA - 1 threads (1 CPU cores detected)

Reading alignment file 49986at7898.fltrd_aligned.fas ... Fasta format detected
Alignment most likely contains DNA/RNA sequences
WARNING: 9 sites contain only gaps or ambiguous characters.
Alignment has 20 sequences with 1554 columns, 111 distinct patterns
25 parsimony-informative, 60 singleton sites, 1469 constant sites
                                Gap/Ambiguity  Composition  p-value
   1  251140_Ward_Creek                 3.28%    passed     99.90%
   2  260512_Pybus_Point                3.28%    passed     99.82%
   3  261935_Kenai_River                3.28%    passed     99.90%
   4  353213_Cropley_Lake               3.28%    passed     99.82%
   5  353219_Peterson_Creek             3.28%    passed     99.82%
   6  353220_Fish_Creek                 3.28%    passed     99.75%
   7  353246_Cottonwood_Creek          18.73%    passed     87.21%
   8  353379_Skagit_River               5.08%    passed     99.09%
   9  353381_Dungeness_River           20.72%    passed     67.43%
  10  353401_Peace_River                3.28%    passed     99.94%
  11  353407_Noatok                     3.09%    passed     99.39%
  12  353410_Horizon_Lake               3.28%    passed     99.83%
  13  92319_Little_Lost                18.15%    passed     95.57%
  14  94280_St_Joe                      3.28%    passed     99.94%
  15  GCA016432855_Lake_Trout           3.09%    passed     98.39%
  16  GCA036784925_Maine_S_alpinus      3.28%    passed     99.95%
  17  GCA045679555_Iceland_A_alpinus    3.28%    passed     99.95%
  18  GCF013265735_Rainbow_Trout        3.47%    passed     97.70%
  19  GCF029448725_Brook_Trout          0.77%    passed     99.50%
  20  Methow_River_99895                3.28%    passed     99.94%
****  TOTAL                             5.62%  0 sequences failed composition chi2 test (p-value<5%; df=3)
NOTE: 261935_Kenai_River is identical to 251140_Ward_Creek but kept for subsequent analysis
NOTE: 353219_Peterson_Creek is identical to 353213_Cropley_Lake but kept for subsequent analysis
NOTE: 94280_St_Joe is identical to 353401_Peace_River but kept for subsequent analysis
NOTE: GCA045679555_Iceland_A_alpinus is identical to GCA036784925_Maine_S_alpinus but kept for subsequent analysis
NOTE: 1 identical sequences (see below) will be ignored for subsequent analysis
NOTE: Methow_River_99895 (identical to 353401_Peace_River) is ignored but added at the end
Alignment was printed to 49986at7898.fltrd_aligned.fas.uniqueseq.phy

For your convenience alignment with unique sequences printed to 49986at7898.fltrd_aligned.fas.uniqueseq.phy


Create initial parsimony tree by phylogenetic likelihood library (PLL)... 0.000 seconds
Perform fast likelihood tree search using GTR+I+G model...
Estimate model parameters (epsilon = 5.000)
Perform nearest neighbor interchange...
Estimate model parameters (epsilon = 1.000)
1. Initial log-likelihood: -2819.916
Optimal log-likelihood: -2819.912
Rate parameters:  A-C: 2.00830  A-G: 5.74177  A-T: 2.69681  C-G: 2.28673  C-T: 6.31525  G-T: 1.00000
Base frequencies:  A: 0.244  C: 0.268  G: 0.260  T: 0.229
Proportion of invariable sites: 0.473
Gamma shape alpha: 0.137
Parameters optimization took 1 rounds (0.002 sec)
Time for fast ML tree search: 0.015 seconds

NOTE: ModelFinder requires 1 MB RAM!
ModelFinder will test up to 286 DNA models (sample size: 1554) ...
 No. Model         -LnL         df  AIC          AICc         BIC
  1  GTR+F         2842.347     43  5770.695     5773.201     6000.684
  2  GTR+F+I       2820.021     44  5728.041     5730.666     5963.379
  3  GTR+F+G4      2823.073     44  5734.146     5736.770     5969.484
  4  GTR+F+I+G4    2819.906     45  5729.811     5732.556     5970.497
  5  GTR+F+R2      2819.764     45  5729.527     5732.272     5970.214
  6  GTR+F+R3      2819.722     47  5733.445     5736.441     5984.829
 15  SYM+I         2822.053     41  5726.106     5728.384     5945.398
 16  SYM+G4        2825.041     41  5732.081     5734.359     5951.373
 17  SYM+I+G4      2821.940     42  5727.880     5730.270     5952.520
 18  SYM+R2        2821.859     42  5727.718     5730.108     5952.359
 28  TVM+F+I       2820.064     43  5726.128     5728.634     5956.118
 29  TVM+F+G4      2823.117     43  5732.233     5734.739     5962.222
 30  TVM+F+I+G4    2819.953     44  5727.906     5730.531     5963.244
 31  TVM+F+R2      2819.833     44  5727.665     5730.290     5963.003
 41  TVMe+I        2822.084     40  5724.167     5726.335     5938.111
 42  TVMe+G4       2825.066     40  5730.132     5732.300     5944.076
 43  TVMe+I+G4     2821.951     41  5725.902     5728.180     5945.195
 44  TVMe+R2       2821.903     41  5725.806     5728.084     5945.098
 54  TIM3+F+I      2821.981     42  5727.962     5730.352     5952.603
 55  TIM3+F+G4     2824.964     42  5733.928     5736.318     5958.568
 56  TIM3+F+I+G4   2821.865     43  5729.730     5732.236     5959.719
 57  TIM3+F+R2     2821.764     43  5729.528     5732.034     5959.517
 67  TIM3e+I       2823.907     39  5725.814     5727.874     5934.409
 68  TIM3e+G4      2826.842     39  5731.684     5733.745     5940.279
 69  TIM3e+I+G4    2823.794     40  5727.587     5729.755     5941.531
 70  TIM3e+R2      2823.756     40  5727.513     5729.680     5941.456
 80  TIM2+F+I      2821.685     42  5727.370     5729.761     5952.011
 81  TIM2+F+G4     2824.776     42  5733.553     5735.943     5958.193
 82  TIM2+F+I+G4   2821.566     43  5729.131     5731.637     5959.120
 83  TIM2+F+R2     2821.361     43  5728.722     5731.228     5958.712
 93  TIM2e+I       2823.964     39  5725.929     5727.990     5934.524
 94  TIM2e+G4      2826.989     39  5731.978     5734.039     5940.573
 95  TIM2e+I+G4    2823.846     40  5727.692     5729.860     5941.636
 96  TIM2e+R2      2823.708     40  5727.415     5729.583     5941.359
106  TIM+F+I       2821.035     42  5726.071     5728.461     5950.711
107  TIM+F+G4      2824.031     42  5732.062     5734.452     5956.702
108  TIM+F+I+G4    2820.918     43  5727.835     5730.341     5957.824
109  TIM+F+R2      2820.802     43  5727.603     5730.109     5957.593
119  TIMe+I        2823.139     39  5724.278     5726.339     5932.873
120  TIMe+G4       2826.101     39  5730.202     5732.263     5938.797
121  TIMe+I+G4     2823.025     40  5726.050     5728.218     5939.993
122  TIMe+R2       2822.962     40  5725.924     5728.092     5939.867
132  TPM3u+F+I     2822.034     41  5726.068     5728.346     5945.360
133  TPM3u+F+G4    2825.009     41  5732.018     5734.296     5951.310
134  TPM3u+F+I+G4  2821.919     42  5727.838     5730.228     5952.478
135  TPM3u+F+R2    2821.836     42  5727.672     5730.062     5952.312
145  TPM3+F+I      2822.034     41  5726.068     5728.346     5945.360
146  TPM3+F+G4     2825.009     41  5732.018     5734.296     5951.310
147  TPM3+F+I+G4   2821.919     42  5727.838     5730.228     5952.478
148  TPM3+F+R2     2821.836     42  5727.672     5730.062     5952.312
158  TPM2u+F+I     2821.738     41  5725.477     5727.755     5944.769
159  TPM2u+F+G4    2824.821     41  5731.642     5733.920     5950.934
160  TPM2u+F+I+G4  2821.620     42  5727.241     5729.631     5951.881
161  TPM2u+F+R2    2821.432     42  5726.864     5729.255     5951.505
171  TPM2+F+I      2821.738     41  5725.477     5727.755     5944.769
172  TPM2+F+G4     2824.821     41  5731.642     5733.920     5950.934
173  TPM2+F+I+G4   2821.620     42  5727.241     5729.631     5951.881
174  TPM2+F+R2     2821.432     42  5726.864     5729.255     5951.505
184  K3Pu+F+I      2821.086     41  5724.171     5726.449     5943.463
185  K3Pu+F+G4     2824.076     41  5730.152     5732.430     5949.444
186  K3Pu+F+I+G4   2820.970     42  5725.940     5728.331     5950.581
187  K3Pu+F+R2     2820.873     42  5725.746     5728.137     5950.387
197  K3P+I         2823.172     38  5722.344     5724.301     5925.591
198  K3P+G4        2826.126     38  5728.252     5730.209     5931.499
199  K3P+I+G4      2823.059     39  5724.118     5726.179     5932.713
200  K3P+R2        2823.007     39  5724.013     5726.074     5932.608
210  TN+F+I        2822.193     41  5726.386     5728.664     5945.678
211  TN+F+G4       2825.198     41  5732.396     5734.674     5951.688
212  TN+F+I+G4     2822.073     42  5728.145     5730.536     5952.786
213  TN+F+R2       2821.929     42  5727.858     5730.249     5952.499
223  TNe+I         2824.360     38  5724.720     5726.677     5927.966
224  TNe+G4        2827.310     38  5730.621     5732.577     5933.867
225  TNe+I+G4      2824.241     39  5726.483     5728.543     5935.077
226  TNe+R2        2824.153     39  5726.306     5728.367     5934.901
236  HKY+F+I       2822.248     40  5724.496     5726.664     5938.440
237  HKY+F+G4      2825.242     40  5730.484     5732.652     5944.428
238  HKY+F+I+G4    2822.129     41  5726.258     5728.536     5945.550
239  HKY+F+R2      2822.002     41  5726.004     5728.281     5945.296
249  K2P+I         2824.393     37  5722.786     5724.641     5920.684
250  K2P+G4        2827.334     37  5728.668     5730.523     5926.566
251  K2P+I+G4      2824.275     38  5724.551     5726.507     5927.797
252  K2P+R2        2824.198     38  5724.395     5726.352     5927.642
262  F81+F+I       2837.114     39  5752.228     5754.289     5960.823
263  F81+F+G4      2839.952     39  5757.903     5759.964     5966.498
264  F81+F+I+G4    2836.984     40  5753.968     5756.136     5967.912
265  F81+F+R2      2836.901     40  5753.803     5755.970     5967.746
275  JC+I          2839.108     36  5750.215     5751.971     5942.764
276  JC+G4         2841.918     36  5755.836     5757.592     5948.385
277  JC+I+G4       2838.979     37  5751.958     5753.813     5949.856
278  JC+R2         2838.925     37  5751.849     5753.704     5949.747
Akaike Information Criterion:           K3P+I
Corrected Akaike Information Criterion: K3P+I
Bayesian Information Criterion:         K2P+I
Best-fit model: K2P+I chosen according to BIC

All model information printed to 49986at7898.fltrd_aligned.fas.model.gz
CPU time for ModelFinder: 3.065 seconds (0h:0m:3s)
Wall-clock time for ModelFinder: 3.104 seconds (0h:0m:3s)
Generating 1000 samples for ultrafast bootstrap (seed: 57266)...

NOTE: 0 MB RAM (0 GB) is required!
Estimate model parameters (epsilon = 0.100)
1. Initial log-likelihood: -2824.393
Optimal log-likelihood: -2824.393
Rate parameters:  A-C: 1.00000  A-G: 3.05816  A-T: 1.00000  C-G: 1.00000  C-T: 3.05816  G-T: 1.00000
Base frequencies:  A: 0.250  C: 0.250  G: 0.250  T: 0.250
Proportion of invariable sites: 0.857
Parameters optimization took 1 rounds (0.001 sec)
Computing ML distances based on estimated model parameters...
Computing ML distances took 0.000820 sec (of wall-clock time) 0.000801 sec(of CPU time)
Computing RapidNJ tree took 0.000064 sec (of wall-clock time) 0.000063 sec (of CPU time)
Log-likelihood of RapidNJ tree: -2842.824
--------------------------------------------------------------------
|             INITIALIZING CANDIDATE TREE SET                      |
--------------------------------------------------------------------
Generating 98 parsimony trees... 0.053 second
Computing log-likelihood of 98 initial trees ... 0.042 seconds
Current best score: -2821.841

Do NNI search on 20 best initial trees
Estimate model parameters (epsilon = 0.100)
BETTER TREE FOUND at iteration 1: -2821.815
Iteration 10 / LogL: -2821.818 / Time: 0h:0m:0s
Iteration 20 / LogL: -2821.818 / Time: 0h:0m:0s
Finish initializing candidate tree set (11)
Current best tree score: -2821.815 / CPU time: 0.243
Number of iterations: 20
--------------------------------------------------------------------
|               OPTIMIZING CANDIDATE TREE SET                      |
--------------------------------------------------------------------
Iteration 30 / LogL: -2821.817 / Time: 0h:0m:0s (0h:0m:0s left)
Iteration 40 / LogL: -2823.196 / Time: 0h:0m:0s (0h:0m:0s left)
UPDATE BEST LOG-LIKELIHOOD: -2821.815
Iteration 50 / LogL: -2821.816 / Time: 0h:0m:0s (0h:0m:0s left)
Log-likelihood cutoff on original alignment: -2844.600
Iteration 60 / LogL: -2823.211 / Time: 0h:0m:0s (0h:0m:0s left)
Iteration 70 / LogL: -2821.818 / Time: 0h:0m:0s (0h:0m:0s left)
Iteration 80 / LogL: -2821.819 / Time: 0h:0m:0s (0h:0m:0s left)
Iteration 90 / LogL: -2826.682 / Time: 0h:0m:0s (0h:0m:0s left)
Iteration 100 / LogL: -2821.822 / Time: 0h:0m:1s (0h:0m:0s left)
Log-likelihood cutoff on original alignment: -2847.415
NOTE: Bootstrap correlation coefficient of split occurrence frequencies: 0.989
NOTE: UFBoot does not converge, continue at least 100 more iterations
Iteration 110 / LogL: -2825.300 / Time: 0h:0m:1s (0h:0m:0s left)
Iteration 120 / LogL: -2821.820 / Time: 0h:0m:1s (0h:0m:0s left)
Iteration 130 / LogL: -2821.821 / Time: 0h:0m:1s (0h:0m:0s left)
Iteration 140 / LogL: -2821.820 / Time: 0h:0m:1s (0h:0m:0s left)
Iteration 150 / LogL: -2831.783 / Time: 0h:0m:1s (0h:0m:0s left)
Log-likelihood cutoff on original alignment: -2848.048
UPDATE BEST LOG-LIKELIHOOD: -2821.815
Iteration 160 / LogL: -2837.483 / Time: 0h:0m:1s (0h:0m:0s left)
Iteration 170 / LogL: -2827.139 / Time: 0h:0m:1s (0h:0m:0s left)
Iteration 180 / LogL: -2821.820 / Time: 0h:0m:1s (0h:0m:0s left)
Iteration 190 / LogL: -2821.817 / Time: 0h:0m:1s (0h:0m:0s left)
Iteration 200 / LogL: -2821.817 / Time: 0h:0m:2s (0h:0m:0s left)
Log-likelihood cutoff on original alignment: -2849.693
NOTE: Bootstrap correlation coefficient of split occurrence frequencies: 0.971
NOTE: UFBoot does not converge, continue at least 100 more iterations
Iteration 210 / LogL: -2823.194 / Time: 0h:0m:2s (0h:0m:0s left)
Iteration 220 / LogL: -2821.822 / Time: 0h:0m:2s (0h:0m:0s left)
UPDATE BEST LOG-LIKELIHOOD: -2821.815
Iteration 230 / LogL: -2821.818 / Time: 0h:0m:2s (0h:0m:0s left)
Iteration 240 / LogL: -2837.490 / Time: 0h:0m:2s (0h:0m:0s left)
Iteration 250 / LogL: -2825.008 / Time: 0h:0m:2s (0h:0m:0s left)
Log-likelihood cutoff on original alignment: -2849.693
Iteration 260 / LogL: -2823.194 / Time: 0h:0m:2s (0h:0m:0s left)
Iteration 270 / LogL: -2821.821 / Time: 0h:0m:2s (0h:0m:0s left)
Iteration 280 / LogL: -2821.818 / Time: 0h:0m:3s (0h:0m:0s left)
UPDATE BEST LOG-LIKELIHOOD: -2821.815
Iteration 290 / LogL: -2821.817 / Time: 0h:0m:3s (0h:0m:0s left)
Iteration 300 / LogL: -2821.820 / Time: 0h:0m:3s (0h:0m:0s left)
Log-likelihood cutoff on original alignment: -2849.693
NOTE: Bootstrap correlation coefficient of split occurrence frequencies: 0.982
NOTE: UFBoot does not converge, continue at least 100 more iterations
Iteration 310 / LogL: -2821.823 / Time: 0h:0m:3s (0h:0m:0s left)
UPDATE BEST LOG-LIKELIHOOD: -2821.815
Iteration 320 / LogL: -2821.815 / Time: 0h:0m:3s (0h:0m:0s left)
Iteration 330 / LogL: -2821.823 / Time: 0h:0m:3s (0h:0m:0s left)
Iteration 340 / LogL: -2821.824 / Time: 0h:0m:3s (0h:0m:0s left)
Iteration 350 / LogL: -2821.815 / Time: 0h:0m:3s (0h:0m:0s left)
Log-likelihood cutoff on original alignment: -2849.693
Iteration 360 / LogL: -2837.484 / Time: 0h:0m:3s (0h:0m:0s left)
Iteration 370 / LogL: -2821.822 / Time: 0h:0m:4s (0h:0m:0s left)
Iteration 380 / LogL: -2821.815 / Time: 0h:0m:4s (0h:0m:0s left)
Iteration 390 / LogL: -2821.819 / Time: 0h:0m:4s (0h:0m:0s left)
Iteration 400 / LogL: -2831.793 / Time: 0h:0m:4s (0h:0m:0s left)
Log-likelihood cutoff on original alignment: -2849.913
NOTE: Bootstrap correlation coefficient of split occurrence frequencies: 0.990
TREE SEARCH COMPLETED AFTER 400 ITERATIONS / Time: 0h:0m:4s

--------------------------------------------------------------------
|                    FINALIZING TREE SEARCH                        |
--------------------------------------------------------------------
Performs final model parameters optimization
Estimate model parameters (epsilon = 0.010)
1. Initial log-likelihood: -2821.815
Optimal log-likelihood: -2821.815
Rate parameters:  A-C: 1.00000  A-G: 3.08276  A-T: 1.00000  C-G: 1.00000  C-T: 3.08276  G-T: 1.00000
Base frequencies:  A: 0.250  C: 0.250  G: 0.250  T: 0.250
Proportion of invariable sites: 0.858
Parameters optimization took 1 rounds (0.001 sec)
BEST SCORE FOUND : -2821.815
Creating bootstrap support values...
Split supports printed to NEXUS file 49986at7898.fltrd_aligned.fas.splits.nex
Total tree length: 0.076

Total number of iterations: 400
CPU time used for tree search: 4.361 sec (0h:0m:4s)
Wall-clock time used for tree search: 4.476 sec (0h:0m:4s)
Total CPU time used: 4.407 sec (0h:0m:4s)
Total wall-clock time used: 4.531 sec (0h:0m:4s)

Computing bootstrap consensus tree...
Reading input file 49986at7898.fltrd_aligned.fas.splits.nex...
19 taxa and 269 splits.
Consensus tree written to 49986at7898.fltrd_aligned.fas.contree
Reading input trees file 49986at7898.fltrd_aligned.fas.contree
Log-likelihood of consensus tree: -2821.845

Analysis results written to: 
  IQ-TREE report:                49986at7898.fltrd_aligned.fas.iqtree
  Maximum-likelihood tree:       49986at7898.fltrd_aligned.fas.treefile
  Likelihood distances:          49986at7898.fltrd_aligned.fas.mldist

Ultrafast bootstrap approximation results written to:
  Split support values:          49986at7898.fltrd_aligned.fas.splits.nex
  Consensus tree:                49986at7898.fltrd_aligned.fas.contree
  Screen log file:               49986at7898.fltrd_aligned.fas.log

Date and Time: Tue Dec  2 14:50:25 2025
