IQ-TREE multicore version 2.1.3 COVID-edition for Linux 64-bit built Apr 21 2021
Developed by Bui Quang Minh, James Barbetti, Nguyen Lam Tung,
Olga Chernomor, Heiko Schmidt, Dominik Schrempf, Michael Woodhams.

Host:    gombessa.rcs.alaska.edu (AVX2, FMA3, 503 GB RAM)
Command: /export/scratch/tsvanorden/Char_Phylogenetics/src/iqtree-2.1.3-Linux/bin/iqtree2 -s 46855at7898.fltrd_aligned.fas -m MFP -bb 1000 -T 1
Seed:    260279 (Using SPRNG - Scalable Parallel Random Number Generator)
Time:    Tue Dec  2 14:49:59 2025
Kernel:  AVX+FMA - 1 threads (1 CPU cores detected)

Reading alignment file 46855at7898.fltrd_aligned.fas ... Fasta format detected
Alignment most likely contains DNA/RNA sequences
Alignment has 20 sequences with 1644 columns, 56 distinct patterns
2 parsimony-informative, 62 singleton sites, 1580 constant sites
                                Gap/Ambiguity  Composition  p-value
   1  251140_Ward_Creek                 7.48%    passed     99.99%
   2  260512_Pybus_Point                7.48%    passed    100.00%
   3  261935_Kenai_River                7.48%    passed     99.96%
   4  353213_Cropley_Lake               7.48%    passed    100.00%
   5  353219_Peterson_Creek             7.48%    passed    100.00%
   6  353220_Fish_Creek                 7.48%    passed    100.00%
   7  353246_Cottonwood_Creek           7.48%    passed    100.00%
   8  353379_Skagit_River               8.76%    passed     99.08%
   9  353381_Dungeness_River           16.97%    passed     72.64%
  10  353401_Peace_River                7.66%    passed     99.98%
  11  353407_Noatok                     7.48%    passed     99.96%
  12  353410_Horizon_Lake               7.48%    passed    100.00%
  13  92319_Little_Lost                 7.66%    passed     99.98%
  14  94280_St_Joe                      7.66%    passed     99.98%
  15  GCA016432855_Lake_Trout           8.03%    passed     99.71%
  16  GCA036784925_Maine_S_alpinus      7.48%    passed    100.00%
  17  GCA045679555_Iceland_A_alpinus    7.48%    passed    100.00%
  18  GCF013265735_Rainbow_Trout        0.00%    passed     83.22%
  19  GCF029448725_Brook_Trout          7.66%    passed     99.97%
  20  Methow_River_99895                7.66%    passed     99.98%
****  TOTAL                             7.72%  0 sequences failed composition chi2 test (p-value<5%; df=3)
NOTE: 353213_Cropley_Lake is identical to 260512_Pybus_Point but kept for subsequent analysis
NOTE: 353407_Noatok is identical to 261935_Kenai_River but kept for subsequent analysis
NOTE: 94280_St_Joe is identical to 353401_Peace_River but kept for subsequent analysis
NOTE: 7 identical sequences (see below) will be ignored for subsequent analysis
NOTE: 353219_Peterson_Creek (identical to 260512_Pybus_Point) is ignored but added at the end
NOTE: 353220_Fish_Creek (identical to 260512_Pybus_Point) is ignored but added at the end
NOTE: 353246_Cottonwood_Creek (identical to 260512_Pybus_Point) is ignored but added at the end
NOTE: 353410_Horizon_Lake (identical to 260512_Pybus_Point) is ignored but added at the end
NOTE: GCA036784925_Maine_S_alpinus (identical to 260512_Pybus_Point) is ignored but added at the end
NOTE: GCA045679555_Iceland_A_alpinus (identical to 260512_Pybus_Point) is ignored but added at the end
NOTE: Methow_River_99895 (identical to 353401_Peace_River) is ignored but added at the end
Alignment was printed to 46855at7898.fltrd_aligned.fas.uniqueseq.phy

For your convenience alignment with unique sequences printed to 46855at7898.fltrd_aligned.fas.uniqueseq.phy


Create initial parsimony tree by phylogenetic likelihood library (PLL)... 0.000 seconds
Perform fast likelihood tree search using GTR+I+G model...
Estimate model parameters (epsilon = 5.000)
Perform nearest neighbor interchange...
Estimate model parameters (epsilon = 1.000)
1. Initial log-likelihood: -2666.321
Optimal log-likelihood: -2666.177
Rate parameters:  A-C: 0.67778  A-G: 2.02533  A-T: 0.58074  C-G: 0.73377  C-T: 2.94430  G-T: 1.00000
Base frequencies:  A: 0.231  C: 0.286  G: 0.274  T: 0.209
Proportion of invariable sites: 0.481
Gamma shape alpha: 2.036
Parameters optimization took 1 rounds (0.002 sec)
Time for fast ML tree search: 0.010 seconds

NOTE: ModelFinder requires 0 MB RAM!
ModelFinder will test up to 286 DNA models (sample size: 1644) ...
 No. Model         -LnL         df  AIC          AICc         BIC
  1  GTR+F         2666.918     31  5395.836     5397.066     5563.387
  2  GTR+F+I       2666.171     32  5396.342     5397.653     5569.299
  3  GTR+F+G4      2666.173     32  5396.346     5397.657     5569.302
  4  GTR+F+I+G4    2666.174     33  5398.348     5399.742     5576.709
  5  GTR+F+R2      2666.478     33  5398.955     5400.349     5577.316
  6  GTR+F+R3      2666.373     35  5402.746     5404.313     5591.917
 14  SYM           2676.117     28  5408.234     5409.240     5559.571
 15  SYM+I         2675.332     29  5408.664     5409.742     5565.406
 16  SYM+G4        2675.333     29  5408.667     5409.745     5565.408
 27  TVM+F         2667.552     30  5395.104     5396.258     5557.251
 28  TVM+F+I       2666.760     31  5395.520     5396.751     5563.071
 29  TVM+F+G4      2666.767     31  5395.533     5396.764     5563.085
 40  TVMe          2676.633     27  5407.265     5408.201     5553.197
 41  TVMe+I        2675.800     28  5407.601     5408.606     5558.938
 42  TVMe+G4       2675.806     28  5407.612     5408.617     5558.948
 53  TIM3+F        2667.307     29  5392.615     5393.693     5549.357
 54  TIM3+F+I      2666.588     30  5393.176     5394.329     5555.322
 55  TIM3+F+G4     2666.588     30  5393.175     5394.328     5555.322
 66  TIM3e         2676.684     26  5405.367     5406.235     5545.894
 67  TIM3e+I       2675.937     27  5405.875     5406.811     5551.807
 68  TIM3e+G4      2675.937     27  5405.875     5406.810     5551.807
 79  TIM2+F        2667.130     29  5392.261     5393.339     5549.003
 80  TIM2+F+I      2666.400     30  5392.800     5393.953     5554.947
 81  TIM2+F+G4     2666.400     30  5392.800     5393.953     5554.946
 92  TIM2e         2676.240     26  5404.481     5405.349     5545.008
 93  TIM2e+I       2675.471     27  5404.942     5405.878     5550.874
 94  TIM2e+G4      2675.471     27  5404.943     5405.878     5550.875
105  TIM+F         2667.285     29  5392.570     5393.648     5549.312
106  TIM+F+I       2666.554     30  5393.108     5394.261     5555.254
107  TIM+F+G4      2666.555     30  5393.110     5394.263     5555.256
118  TIMe          2676.603     26  5405.206     5406.074     5545.733
119  TIMe+I        2675.843     27  5405.685     5406.621     5551.617
120  TIMe+G4       2675.844     27  5405.687     5406.623     5551.619
131  TPM3u+F       2667.950     28  5391.901     5392.906     5543.237
132  TPM3u+F+I     2667.184     29  5392.367     5393.445     5549.109
133  TPM3u+F+G4    2667.189     29  5392.377     5393.456     5549.119
144  TPM3+F        2667.950     28  5391.899     5392.905     5543.236
145  TPM3+F+I      2667.183     29  5392.366     5393.444     5549.108
146  TPM3+F+G4     2667.188     29  5392.377     5393.455     5549.118
157  TPM2u+F       2667.774     28  5391.548     5392.553     5542.885
158  TPM2u+F+I     2666.995     29  5391.990     5393.068     5548.732
159  TPM2u+F+G4    2667.000     29  5392.000     5393.078     5548.742
170  TPM2+F        2667.774     28  5391.547     5392.553     5542.884
171  TPM2+F+I      2666.995     29  5391.990     5393.068     5548.732
172  TPM2+F+G4     2667.000     29  5392.000     5393.078     5548.741
183  K3Pu+F        2667.927     28  5391.854     5392.859     5543.190
184  K3Pu+F+I      2667.146     29  5392.292     5393.370     5549.033
185  K3Pu+F+G4     2667.152     29  5392.303     5393.381     5549.045
196  K3P           2677.120     25  5404.240     5405.043     5539.362
197  K3P+I         2676.315     26  5404.630     5405.499     5545.157
198  K3P+G4        2676.320     26  5404.640     5405.508     5545.167
209  TN+F          2667.397     28  5390.793     5391.799     5542.130
210  TN+F+I        2666.677     29  5391.353     5392.431     5548.095
211  TN+F+G4       2666.676     29  5391.353     5392.431     5548.094
222  TNe           2676.685     25  5403.369     5404.173     5538.491
223  TNe+I         2675.936     26  5403.871     5404.740     5544.398
224  TNe+G4        2675.935     26  5403.870     5404.739     5544.398
235  HKY+F         2668.040     27  5390.080     5391.016     5536.012
236  HKY+F+I       2667.270     28  5390.539     5391.545     5541.876
237  HKY+F+G4      2667.274     28  5390.548     5391.554     5541.885
248  K2P           2677.201     24  5402.402     5403.143     5532.119
249  K2P+I         2676.406     25  5402.812     5403.616     5537.934
250  K2P+G4        2676.410     25  5402.819     5403.623     5537.942
261  F81+F         2678.565     26  5409.130     5409.998     5549.657
262  F81+F+I       2677.787     27  5409.573     5410.509     5555.505
263  F81+F+G4      2677.792     27  5409.584     5410.520     5555.516
274  JC            2687.428     23  5420.857     5421.538     5545.169
275  JC+I          2686.632     24  5421.265     5422.006     5550.982
276  JC+G4         2686.637     24  5421.275     5422.016     5550.992
Akaike Information Criterion:           HKY+F
Corrected Akaike Information Criterion: HKY+F
Bayesian Information Criterion:         K2P
Best-fit model: K2P chosen according to BIC

All model information printed to 46855at7898.fltrd_aligned.fas.model.gz
CPU time for ModelFinder: 0.113 seconds (0h:0m:0s)
Wall-clock time for ModelFinder: 0.117 seconds (0h:0m:0s)
Generating 1000 samples for ultrafast bootstrap (seed: 260279)...

NOTE: 0 MB RAM (0 GB) is required!
Estimate model parameters (epsilon = 0.100)
1. Initial log-likelihood: -2677.201
Optimal log-likelihood: -2677.200
Rate parameters:  A-C: 1.00000  A-G: 3.14142  A-T: 1.00000  C-G: 1.00000  C-T: 3.14142  G-T: 1.00000
Base frequencies:  A: 0.250  C: 0.250  G: 0.250  T: 0.250
Parameters optimization took 1 rounds (0.000 sec)
Computing ML distances based on estimated model parameters...
Computing ML distances took 0.000668 sec (of wall-clock time) 0.000627 sec(of CPU time)
Computing RapidNJ tree took 0.000048 sec (of wall-clock time) 0.000043 sec (of CPU time)
Log-likelihood of RapidNJ tree: -2693.463
--------------------------------------------------------------------
|             INITIALIZING CANDIDATE TREE SET                      |
--------------------------------------------------------------------
Generating 98 parsimony trees... 0.022 second
Computing log-likelihood of 98 initial trees ... 0.023 seconds
Current best score: -2677.200

Do NNI search on 20 best initial trees
Estimate model parameters (epsilon = 0.100)
BETTER TREE FOUND at iteration 1: -2677.199
Iteration 10 / LogL: -2677.202 / Time: 0h:0m:0s
Iteration 20 / LogL: -2677.202 / Time: 0h:0m:0s
Finish initializing candidate tree set (20)
Current best tree score: -2677.199 / CPU time: 0.131
Number of iterations: 20
--------------------------------------------------------------------
|               OPTIMIZING CANDIDATE TREE SET                      |
--------------------------------------------------------------------
Iteration 30 / LogL: -2677.200 / Time: 0h:0m:0s (0h:0m:0s left)
Iteration 40 / LogL: -2677.204 / Time: 0h:0m:0s (0h:0m:0s left)
BETTER TREE FOUND at iteration 44: -2677.198
BETTER TREE FOUND at iteration 47: -2677.198
Iteration 50 / LogL: -2677.200 / Time: 0h:0m:0s (0h:0m:0s left)
Log-likelihood cutoff on original alignment: -2690.702
Iteration 60 / LogL: -2677.198 / Time: 0h:0m:0s (0h:0m:0s left)
BETTER TREE FOUND at iteration 63: -2677.198
BETTER TREE FOUND at iteration 68: -2677.198
Iteration 70 / LogL: -2684.625 / Time: 0h:0m:0s (0h:0m:0s left)
BETTER TREE FOUND at iteration 71: -2677.198
BETTER TREE FOUND at iteration 76: -2677.198
Iteration 80 / LogL: -2677.202 / Time: 0h:0m:0s (0h:0m:0s left)
BETTER TREE FOUND at iteration 88: -2677.198
BETTER TREE FOUND at iteration 90: -2677.198
Iteration 90 / LogL: -2677.198 / Time: 0h:0m:0s (0h:0m:0s left)
BETTER TREE FOUND at iteration 93: -2677.198
BETTER TREE FOUND at iteration 96: -2677.197
Iteration 100 / LogL: -2677.199 / Time: 0h:0m:0s (0h:0m:0s left)
Log-likelihood cutoff on original alignment: -2692.468
NOTE: Bootstrap correlation coefficient of split occurrence frequencies: 0.808
NOTE: UFBoot does not converge, continue at least 100 more iterations
BETTER TREE FOUND at iteration 102: -2677.197
BETTER TREE FOUND at iteration 105: -2677.197
BETTER TREE FOUND at iteration 107: -2677.197
Iteration 110 / LogL: -2677.205 / Time: 0h:0m:0s (0h:0m:0s left)
UPDATE BEST LOG-LIKELIHOOD: -2677.197
Iteration 120 / LogL: -2677.200 / Time: 0h:0m:0s (0h:0m:0s left)
Iteration 130 / LogL: -2677.203 / Time: 0h:0m:0s (0h:0m:0s left)
BETTER TREE FOUND at iteration 136: -2677.197
Iteration 140 / LogL: -2677.201 / Time: 0h:0m:0s (0h:0m:0s left)
BETTER TREE FOUND at iteration 143: -2677.197
Iteration 150 / LogL: -2677.202 / Time: 0h:0m:0s (0h:0m:0s left)
Log-likelihood cutoff on original alignment: -2692.468
Iteration 160 / LogL: -2677.205 / Time: 0h:0m:0s (0h:0m:0s left)
BETTER TREE FOUND at iteration 165: -2677.197
UPDATE BEST LOG-LIKELIHOOD: -2677.197
Iteration 170 / LogL: -2677.207 / Time: 0h:0m:1s (0h:0m:0s left)
BETTER TREE FOUND at iteration 172: -2677.197
BETTER TREE FOUND at iteration 177: -2677.197
BETTER TREE FOUND at iteration 179: -2677.197
Iteration 180 / LogL: -2677.202 / Time: 0h:0m:1s (0h:0m:0s left)
BETTER TREE FOUND at iteration 182: -2677.197
BETTER TREE FOUND at iteration 183: -2677.197
BETTER TREE FOUND at iteration 185: -2677.197
BETTER TREE FOUND at iteration 186: -2677.197
BETTER TREE FOUND at iteration 187: -2677.197
Iteration 190 / LogL: -2677.201 / Time: 0h:0m:1s (0h:0m:0s left)
BETTER TREE FOUND at iteration 198: -2677.197
Iteration 200 / LogL: -2677.200 / Time: 0h:0m:1s (0h:0m:0s left)
Log-likelihood cutoff on original alignment: -2692.468
NOTE: Bootstrap correlation coefficient of split occurrence frequencies: 0.869
NOTE: UFBoot does not converge, continue at least 100 more iterations
BETTER TREE FOUND at iteration 201: -2677.197
BETTER TREE FOUND at iteration 205: -2677.197
Iteration 210 / LogL: -2677.204 / Time: 0h:0m:1s (0h:0m:0s left)
BETTER TREE FOUND at iteration 212: -2677.197
BETTER TREE FOUND at iteration 213: -2677.197
UPDATE BEST LOG-LIKELIHOOD: -2677.197
Iteration 220 / LogL: -2677.202 / Time: 0h:0m:1s (0h:0m:0s left)
BETTER TREE FOUND at iteration 226: -2677.197
BETTER TREE FOUND at iteration 228: -2677.197
Iteration 230 / LogL: -2677.200 / Time: 0h:0m:1s (0h:0m:0s left)
BETTER TREE FOUND at iteration 234: -2677.197
BETTER TREE FOUND at iteration 235: -2677.197
BETTER TREE FOUND at iteration 237: -2677.197
BETTER TREE FOUND at iteration 238: -2677.197
Iteration 240 / LogL: -2677.198 / Time: 0h:0m:1s (0h:0m:0s left)
BETTER TREE FOUND at iteration 241: -2677.197
BETTER TREE FOUND at iteration 242: -2677.197
Iteration 250 / LogL: -2677.197 / Time: 0h:0m:1s (0h:0m:0s left)
Log-likelihood cutoff on original alignment: -2692.468
BETTER TREE FOUND at iteration 256: -2677.197
BETTER TREE FOUND at iteration 259: -2677.197
Iteration 260 / LogL: -2677.200 / Time: 0h:0m:1s (0h:0m:0s left)
BETTER TREE FOUND at iteration 267: -2677.197
BETTER TREE FOUND at iteration 268: -2677.197
Iteration 270 / LogL: -2677.198 / Time: 0h:0m:1s (0h:0m:0s left)
Iteration 280 / LogL: -2677.205 / Time: 0h:0m:1s (0h:0m:0s left)
Iteration 290 / LogL: -2677.199 / Time: 0h:0m:1s (0h:0m:0s left)
Iteration 300 / LogL: -2677.199 / Time: 0h:0m:1s (0h:0m:0s left)
Log-likelihood cutoff on original alignment: -2692.468
NOTE: Bootstrap correlation coefficient of split occurrence frequencies: 0.772
NOTE: UFBoot does not converge, continue at least 100 more iterations
Iteration 310 / LogL: -2677.197 / Time: 0h:0m:1s (0h:0m:0s left)
Iteration 320 / LogL: -2677.201 / Time: 0h:0m:2s (0h:0m:0s left)
Iteration 330 / LogL: -2677.201 / Time: 0h:0m:2s (0h:0m:0s left)
Iteration 340 / LogL: -2684.624 / Time: 0h:0m:2s (0h:0m:0s left)
Iteration 350 / LogL: -2677.202 / Time: 0h:0m:2s (0h:0m:0s left)
Log-likelihood cutoff on original alignment: -2692.468
Iteration 360 / LogL: -2677.200 / Time: 0h:0m:2s (0h:0m:0s left)
Iteration 370 / LogL: -2677.200 / Time: 0h:0m:2s (0h:0m:0s left)
Iteration 380 / LogL: -2677.202 / Time: 0h:0m:2s (0h:0m:0s left)
Iteration 390 / LogL: -2677.198 / Time: 0h:0m:2s (0h:0m:0s left)
Iteration 400 / LogL: -2684.627 / Time: 0h:0m:2s (0h:0m:0s left)
Log-likelihood cutoff on original alignment: -2692.468
NOTE: Bootstrap correlation coefficient of split occurrence frequencies: 0.774
NOTE: UFBoot does not converge, continue at least 100 more iterations
Iteration 410 / LogL: -2677.197 / Time: 0h:0m:2s (0h:0m:0s left)
Iteration 420 / LogL: -2677.199 / Time: 0h:0m:2s (0h:0m:0s left)
Iteration 430 / LogL: -2677.203 / Time: 0h:0m:2s (0h:0m:0s left)
Iteration 440 / LogL: -2677.197 / Time: 0h:0m:2s (0h:0m:0s left)
Iteration 450 / LogL: -2677.202 / Time: 0h:0m:3s (0h:0m:0s left)
Log-likelihood cutoff on original alignment: -2692.468
Iteration 460 / LogL: -2677.197 / Time: 0h:0m:3s (0h:0m:0s left)
Iteration 470 / LogL: -2677.197 / Time: 0h:0m:3s (0h:0m:0s left)
Iteration 480 / LogL: -2682.692 / Time: 0h:0m:3s (0h:0m:0s left)
Iteration 490 / LogL: -2677.208 / Time: 0h:0m:3s (0h:0m:0s left)
Iteration 500 / LogL: -2677.204 / Time: 0h:0m:3s (0h:0m:0s left)
Log-likelihood cutoff on original alignment: -2692.468
NOTE: Bootstrap correlation coefficient of split occurrence frequencies: 0.839
NOTE: UFBoot does not converge, continue at least 100 more iterations
Iteration 510 / LogL: -2677.202 / Time: 0h:0m:3s (0h:0m:0s left)
Iteration 520 / LogL: -2677.200 / Time: 0h:0m:3s (0h:0m:0s left)
Iteration 530 / LogL: -2677.205 / Time: 0h:0m:3s (0h:0m:0s left)
Iteration 540 / LogL: -2684.624 / Time: 0h:0m:3s (0h:0m:0s left)
Iteration 550 / LogL: -2682.697 / Time: 0h:0m:3s (0h:0m:0s left)
Log-likelihood cutoff on original alignment: -2692.468
UPDATE BEST LOG-LIKELIHOOD: -2677.197
Iteration 560 / LogL: -2677.197 / Time: 0h:0m:3s (0h:0m:0s left)
Iteration 570 / LogL: -2677.197 / Time: 0h:0m:4s (0h:0m:0s left)
Iteration 580 / LogL: -2677.200 / Time: 0h:0m:4s (0h:0m:0s left)
Iteration 590 / LogL: -2677.204 / Time: 0h:0m:4s (0h:0m:0s left)
Iteration 600 / LogL: -2677.200 / Time: 0h:0m:4s (0h:0m:0s left)
Log-likelihood cutoff on original alignment: -2692.468
NOTE: Bootstrap correlation coefficient of split occurrence frequencies: 0.943
NOTE: UFBoot does not converge, continue at least 100 more iterations
Iteration 610 / LogL: -2677.201 / Time: 0h:0m:4s (0h:0m:0s left)
Iteration 620 / LogL: -2677.204 / Time: 0h:0m:4s (0h:0m:0s left)
UPDATE BEST LOG-LIKELIHOOD: -2677.197
Iteration 630 / LogL: -2677.197 / Time: 0h:0m:4s (0h:0m:0s left)
UPDATE BEST LOG-LIKELIHOOD: -2677.197
Iteration 640 / LogL: -2677.206 / Time: 0h:0m:4s (0h:0m:0s left)
Iteration 650 / LogL: -2677.200 / Time: 0h:0m:4s (0h:0m:0s left)
Log-likelihood cutoff on original alignment: -2692.468
Iteration 660 / LogL: -2677.202 / Time: 0h:0m:4s (0h:0m:0s left)
Iteration 670 / LogL: -2677.197 / Time: 0h:0m:5s (0h:0m:0s left)
Iteration 680 / LogL: -2677.197 / Time: 0h:0m:5s (0h:0m:0s left)
Iteration 690 / LogL: -2677.201 / Time: 0h:0m:5s (0h:0m:0s left)
Iteration 700 / LogL: -2677.200 / Time: 0h:0m:5s (0h:0m:0s left)
Log-likelihood cutoff on original alignment: -2692.468
NOTE: Bootstrap correlation coefficient of split occurrence frequencies: 0.981
NOTE: UFBoot does not converge, continue at least 100 more iterations
Iteration 710 / LogL: -2677.197 / Time: 0h:0m:5s (0h:0m:0s left)
Iteration 720 / LogL: -2677.200 / Time: 0h:0m:5s (0h:0m:0s left)
UPDATE BEST LOG-LIKELIHOOD: -2677.197
Iteration 730 / LogL: -2677.201 / Time: 0h:0m:5s (0h:0m:0s left)
Iteration 740 / LogL: -2677.206 / Time: 0h:0m:5s (0h:0m:0s left)
Iteration 750 / LogL: -2677.200 / Time: 0h:0m:6s (0h:0m:0s left)
Log-likelihood cutoff on original alignment: -2692.468
Iteration 760 / LogL: -2677.197 / Time: 0h:0m:6s (0h:0m:0s left)
Iteration 770 / LogL: -2677.211 / Time: 0h:0m:6s (0h:0m:0s left)
UPDATE BEST LOG-LIKELIHOOD: -2677.197
Iteration 780 / LogL: -2677.197 / Time: 0h:0m:6s (0h:0m:0s left)
Iteration 790 / LogL: -2677.197 / Time: 0h:0m:6s (0h:0m:0s left)
Iteration 800 / LogL: -2677.197 / Time: 0h:0m:6s (0h:0m:0s left)
Log-likelihood cutoff on original alignment: -2692.468
NOTE: Bootstrap correlation coefficient of split occurrence frequencies: 0.984
NOTE: UFBoot does not converge, continue at least 100 more iterations
Iteration 810 / LogL: -2677.197 / Time: 0h:0m:6s (0h:0m:0s left)
Iteration 820 / LogL: -2677.200 / Time: 0h:0m:6s (0h:0m:0s left)
Iteration 830 / LogL: -2677.199 / Time: 0h:0m:6s (0h:0m:0s left)
Iteration 840 / LogL: -2677.204 / Time: 0h:0m:7s (0h:0m:0s left)
Iteration 850 / LogL: -2677.197 / Time: 0h:0m:7s (0h:0m:0s left)
Log-likelihood cutoff on original alignment: -2691.758
Iteration 860 / LogL: -2677.204 / Time: 0h:0m:7s (0h:0m:0s left)
Iteration 870 / LogL: -2677.200 / Time: 0h:0m:7s (0h:0m:0s left)
Iteration 880 / LogL: -2677.197 / Time: 0h:0m:7s (0h:0m:0s left)
Iteration 890 / LogL: -2677.204 / Time: 0h:0m:7s (0h:0m:0s left)
Iteration 900 / LogL: -2677.198 / Time: 0h:0m:7s (0h:0m:0s left)
Log-likelihood cutoff on original alignment: -2691.546
NOTE: Bootstrap correlation coefficient of split occurrence frequencies: 0.976
NOTE: UFBoot does not converge, continue at least 100 more iterations
Iteration 910 / LogL: -2677.201 / Time: 0h:0m:7s (0h:0m:0s left)
Iteration 920 / LogL: -2677.197 / Time: 0h:0m:8s (0h:0m:0s left)
Iteration 930 / LogL: -2677.200 / Time: 0h:0m:8s (0h:0m:0s left)
Iteration 940 / LogL: -2677.197 / Time: 0h:0m:8s (0h:0m:0s left)
Iteration 950 / LogL: -2677.197 / Time: 0h:0m:8s (0h:0m:0s left)
Log-likelihood cutoff on original alignment: -2692.223
Iteration 960 / LogL: -2677.197 / Time: 0h:0m:8s (0h:0m:0s left)
Iteration 970 / LogL: -2677.198 / Time: 0h:0m:8s (0h:0m:0s left)
Iteration 980 / LogL: -2677.197 / Time: 0h:0m:8s (0h:0m:0s left)
Iteration 990 / LogL: -2677.197 / Time: 0h:0m:8s (0h:0m:0s left)
Iteration 1000 / LogL: -2677.197 / Time: 0h:0m:9s (0h:0m:0s left)
Log-likelihood cutoff on original alignment: -2691.667
NOTE: Bootstrap correlation coefficient of split occurrence frequencies: 0.969
NOTE: UFBoot does not converge, continue at least 100 more iterations
WARNING: bootstrap analysis did not converge. You should rerun with higher number of iterations (-nm option)
TREE SEARCH COMPLETED AFTER 1001 ITERATIONS / Time: 0h:0m:9s

--------------------------------------------------------------------
|                    FINALIZING TREE SEARCH                        |
--------------------------------------------------------------------
Performs final model parameters optimization
Estimate model parameters (epsilon = 0.010)
1. Initial log-likelihood: -2677.197
Optimal log-likelihood: -2677.197
Rate parameters:  A-C: 1.00000  A-G: 3.12232  A-T: 1.00000  C-G: 1.00000  C-T: 3.12232  G-T: 1.00000
Base frequencies:  A: 0.250  C: 0.250  G: 0.250  T: 0.250
Parameters optimization took 1 rounds (0.000 sec)
BEST SCORE FOUND : -2677.197
Creating bootstrap support values...
Split supports printed to NEXUS file 46855at7898.fltrd_aligned.fas.splits.nex
Total tree length: 0.044

Total number of iterations: 1001
CPU time used for tree search: 8.874 sec (0h:0m:8s)
Wall-clock time used for tree search: 9.045 sec (0h:0m:9s)
Total CPU time used: 8.918 sec (0h:0m:8s)
Total wall-clock time used: 9.100 sec (0h:0m:9s)

Computing bootstrap consensus tree...
Reading input file 46855at7898.fltrd_aligned.fas.splits.nex...
13 taxa and 206 splits.
Consensus tree written to 46855at7898.fltrd_aligned.fas.contree
Reading input trees file 46855at7898.fltrd_aligned.fas.contree
Log-likelihood of consensus tree: -2677.224

Analysis results written to: 
  IQ-TREE report:                46855at7898.fltrd_aligned.fas.iqtree
  Maximum-likelihood tree:       46855at7898.fltrd_aligned.fas.treefile
  Likelihood distances:          46855at7898.fltrd_aligned.fas.mldist

Ultrafast bootstrap approximation results written to:
  Split support values:          46855at7898.fltrd_aligned.fas.splits.nex
  Consensus tree:                46855at7898.fltrd_aligned.fas.contree
  Screen log file:               46855at7898.fltrd_aligned.fas.log

Date and Time: Tue Dec  2 14:50:08 2025
