IQ-TREE multicore version 2.1.3 COVID-edition for Linux 64-bit built Apr 21 2021
Developed by Bui Quang Minh, James Barbetti, Nguyen Lam Tung,
Olga Chernomor, Heiko Schmidt, Dominik Schrempf, Michael Woodhams.

Host:    gombessa.rcs.alaska.edu (AVX2, FMA3, 503 GB RAM)
Command: /export/scratch/tsvanorden/Char_Phylogenetics/src/iqtree-2.1.3-Linux/bin/iqtree2 -s 100096at7898.fltrd_aligned.fas -m MFP -bb 1000 -T 1
Seed:    112205 (Using SPRNG - Scalable Parallel Random Number Generator)
Time:    Tue Dec  2 14:49:53 2025
Kernel:  AVX+FMA - 1 threads (1 CPU cores detected)

Reading alignment file 100096at7898.fltrd_aligned.fas ... Fasta format detected
Alignment most likely contains DNA/RNA sequences
Alignment has 20 sequences with 870 columns, 40 distinct patterns
21 parsimony-informative, 22 singleton sites, 827 constant sites
                                Gap/Ambiguity  Composition  p-value
   1  251140_Ward_Creek                 9.66%    passed     99.54%
   2  260512_Pybus_Point                9.66%    passed     99.54%
   3  261935_Kenai_River                9.66%    passed     99.54%
   4  353213_Cropley_Lake               9.66%    passed     99.54%
   5  353219_Peterson_Creek             9.66%    passed     99.54%
   6  353220_Fish_Creek                 9.66%    passed     99.54%
   7  353246_Cottonwood_Creek           9.66%    passed     99.54%
   8  353379_Skagit_River              11.03%    passed     87.20%
   9  353381_Dungeness_River            9.66%    passed     99.54%
  10  353401_Peace_River               11.03%    passed     87.20%
  11  353407_Noatok                     9.66%    passed     99.54%
  12  353410_Horizon_Lake               9.66%    passed     99.54%
  13  92319_Little_Lost                11.03%    passed     87.20%
  14  94280_St_Joe                     11.03%    passed     87.20%
  15  GCA016432855_Lake_Trout          10.00%    passed     99.58%
  16  GCA036784925_Maine_S_alpinus      9.66%    passed     99.54%
  17  GCA045679555_Iceland_A_alpinus    9.66%    passed     99.54%
  18  GCF013265735_Rainbow_Trout        0.69%    passed     94.04%
  19  GCF029448725_Brook_Trout          9.66%    passed     97.24%
  20  Methow_River_99895               11.03%    passed     90.95%
****  TOTAL                             9.57%  0 sequences failed composition chi2 test (p-value<5%; df=3)
NOTE: 260512_Pybus_Point is identical to 251140_Ward_Creek but kept for subsequent analysis
NOTE: 353401_Peace_River is identical to 353379_Skagit_River but kept for subsequent analysis
NOTE: 12 identical sequences (see below) will be ignored for subsequent analysis
NOTE: 261935_Kenai_River (identical to 251140_Ward_Creek) is ignored but added at the end
NOTE: 353213_Cropley_Lake (identical to 251140_Ward_Creek) is ignored but added at the end
NOTE: 353219_Peterson_Creek (identical to 251140_Ward_Creek) is ignored but added at the end
NOTE: 353220_Fish_Creek (identical to 251140_Ward_Creek) is ignored but added at the end
NOTE: 353246_Cottonwood_Creek (identical to 251140_Ward_Creek) is ignored but added at the end
NOTE: 353381_Dungeness_River (identical to 251140_Ward_Creek) is ignored but added at the end
NOTE: 353407_Noatok (identical to 251140_Ward_Creek) is ignored but added at the end
NOTE: 353410_Horizon_Lake (identical to 251140_Ward_Creek) is ignored but added at the end
NOTE: GCA036784925_Maine_S_alpinus (identical to 251140_Ward_Creek) is ignored but added at the end
NOTE: GCA045679555_Iceland_A_alpinus (identical to 251140_Ward_Creek) is ignored but added at the end
NOTE: 92319_Little_Lost (identical to 353379_Skagit_River) is ignored but added at the end
NOTE: 94280_St_Joe (identical to 353379_Skagit_River) is ignored but added at the end
Alignment was printed to 100096at7898.fltrd_aligned.fas.uniqueseq.phy

For your convenience alignment with unique sequences printed to 100096at7898.fltrd_aligned.fas.uniqueseq.phy


Create initial parsimony tree by phylogenetic likelihood library (PLL)... 0.000 seconds
Perform fast likelihood tree search using GTR+I+G model...
Estimate model parameters (epsilon = 5.000)
Perform nearest neighbor interchange...
Estimate model parameters (epsilon = 1.000)
1. Initial log-likelihood: -1455.022
Optimal log-likelihood: -1455.019
Rate parameters:  A-C: 0.53511  A-G: 6.07582  A-T: 2.50572  C-G: 1.31105  C-T: 13.62791  G-T: 1.00000
Base frequencies:  A: 0.262  C: 0.218  G: 0.247  T: 0.273
Proportion of invariable sites: 0.473
Gamma shape alpha: 998.447
Parameters optimization took 1 rounds (0.001 sec)
Time for fast ML tree search: 0.005 seconds

NOTE: ModelFinder requires 0 MB RAM!
ModelFinder will test up to 286 DNA models (sample size: 870) ...
 No. Model         -LnL         df  AIC          AICc         BIC
  1  GTR+F         1454.259     21  2950.517     2951.607     3050.656
  2  GTR+F+I       1454.259     22  2952.517     2953.712     3057.424
  3  GTR+F+G4      1454.259     22  2952.519     2953.713     3057.425
  4  GTR+F+I+G4    1455.016     23  2956.031     2957.336     3065.707
  5  GTR+F+R2      1454.617     23  2955.234     2956.539     3064.909
  6  GTR+F+R3      1454.698     25  2959.395     2960.935     3078.608
 14  SYM           1457.825     18  2951.650     2952.454     3037.483
 15  SYM+I         1457.825     19  2953.650     2954.544     3044.251
 16  SYM+G4        1457.826     19  2953.651     2954.545     3044.253
 27  TVM+F         1456.706     20  2953.412     2954.401     3048.782
 28  TVM+F+I       1456.701     21  2955.402     2956.492     3055.540
 29  TVM+F+G4      1456.700     21  2955.401     2956.490     3055.539
 40  TVMe          1459.976     17  2953.951     2954.669     3035.016
 41  TVMe+I        1459.975     18  2955.949     2956.753     3041.782
 42  TVMe+G4       1459.975     18  2955.950     2956.754     3041.783
 53  TIM3+F        1455.034     19  2948.067     2948.961     3038.668
 54  TIM3+F+I      1455.033     20  2950.066     2951.056     3045.436
 55  TIM3+F+G4     1455.033     20  2950.066     2951.056     3045.436
 66  TIM3e         1458.620     16  2949.240     2949.877     3025.536
 67  TIM3e+I       1458.620     17  2951.240     2951.958     3032.304
 68  TIM3e+G4      1458.621     17  2951.241     2951.959     3032.305
 79  TIM2+F        1455.326     19  2948.651     2949.545     3039.252
 80  TIM2+F+I      1455.327     20  2950.653     2951.643     3046.023
 81  TIM2+F+G4     1455.327     20  2950.654     2951.644     3046.024
 92  TIM2e         1459.064     16  2950.129     2950.767     3026.425
 93  TIM2e+I       1459.065     17  2952.130     2952.849     3033.195
 94  TIM2e+G4      1459.066     17  2952.131     2952.849     3033.196
105  TIM+F         1454.677     19  2947.354     2948.248     3037.955
106  TIM+F+I       1454.678     20  2949.357     2950.346     3044.726
107  TIM+F+G4      1454.678     20  2949.355     2950.345     3044.725
118  TIMe          1458.431     16  2948.861     2949.499     3025.157
119  TIMe+I        1458.430     17  2950.861     2951.579     3031.925
120  TIMe+G4       1458.431     17  2950.862     2951.581     3031.927
131  TPM3u+F       1457.471     18  2950.941     2951.745     3036.774
132  TPM3u+F+I     1457.471     19  2952.943     2953.837     3043.544
133  TPM3u+F+G4    1457.470     19  2952.941     2953.835     3043.542
144  TPM3+F        1457.471     18  2950.941     2951.745     3036.774
145  TPM3+F+I      1457.471     19  2952.943     2953.837     3043.544
146  TPM3+F+G4     1457.470     19  2952.941     2953.835     3043.542
157  TPM2u+F       1457.762     18  2951.524     2952.328     3037.357
158  TPM2u+F+I     1457.762     19  2953.524     2954.419     3044.126
159  TPM2u+F+G4    1457.763     19  2953.525     2954.420     3044.127
170  TPM2+F        1457.762     18  2951.524     2952.328     3037.357
171  TPM2+F+I      1457.762     19  2953.524     2954.419     3044.126
172  TPM2+F+G4     1457.763     19  2953.525     2954.420     3044.127
183  K3Pu+F        1457.113     18  2950.226     2951.029     3036.059
184  K3Pu+F+I      1457.113     19  2952.226     2953.120     3042.827
185  K3Pu+F+G4     1457.113     19  2952.227     2953.121     3042.828
196  K3P           1460.580     15  2951.160     2951.722     3022.687
197  K3P+I         1460.580     16  2953.160     2953.798     3029.456
198  K3P+G4        1460.580     16  2953.161     2953.799     3029.457
209  TN+F          1455.476     18  2946.951     2947.755     3032.784
210  TN+F+I        1455.475     19  2948.950     2949.844     3039.552
211  TN+F+G4       1455.476     19  2948.951     2949.846     3039.553
222  TNe           1459.239     15  2948.479     2949.041     3020.006
223  TNe+I         1459.238     16  2950.476     2951.114     3026.772
224  TNe+G4        1459.239     16  2950.478     2951.115     3026.773
235  HKY+F         1457.911     17  2949.821     2950.540     3030.886
236  HKY+F+I       1457.911     18  2951.821     2952.625     3037.654
237  HKY+F+G4      1457.911     18  2951.822     2952.626     3037.655
248  K2P           1461.388     14  2950.775     2951.266     3017.534
249  K2P+I         1461.388     15  2952.775     2953.338     3024.303
250  K2P+G4        1461.388     15  2952.776     2953.338     3024.303
261  F81+F         1475.045     16  2982.090     2982.728     3058.386
262  F81+F+I       1475.045     17  2984.090     2984.809     3065.155
263  F81+F+G4      1475.046     17  2984.092     2984.810     3065.156
274  JC            1478.417     13  2982.834     2983.259     3044.824
275  JC+I          1478.417     14  2984.834     2985.325     3051.593
276  JC+G4         1478.418     14  2984.835     2985.326     3051.594
Akaike Information Criterion:           TN+F
Corrected Akaike Information Criterion: TN+F
Bayesian Information Criterion:         K2P
Best-fit model: K2P chosen according to BIC

All model information printed to 100096at7898.fltrd_aligned.fas.model.gz
CPU time for ModelFinder: 0.079 seconds (0h:0m:0s)
Wall-clock time for ModelFinder: 0.084 seconds (0h:0m:0s)
Generating 1000 samples for ultrafast bootstrap (seed: 112205)...

NOTE: 0 MB RAM (0 GB) is required!
Estimate model parameters (epsilon = 0.100)
1. Initial log-likelihood: -1461.388
Optimal log-likelihood: -1461.387
Rate parameters:  A-C: 1.00000  A-G: 6.65260  A-T: 1.00000  C-G: 1.00000  C-T: 6.65260  G-T: 1.00000
Base frequencies:  A: 0.250  C: 0.250  G: 0.250  T: 0.250
Parameters optimization took 1 rounds (0.000 sec)
Computing ML distances based on estimated model parameters...
Computing ML distances took 0.000214 sec (of wall-clock time) 0.000197 sec(of CPU time)
Computing RapidNJ tree took 0.000022 sec (of wall-clock time) 0.000000 sec (of CPU time)
Log-likelihood of RapidNJ tree: -1461.394
--------------------------------------------------------------------
|             INITIALIZING CANDIDATE TREE SET                      |
--------------------------------------------------------------------
Generating 98 parsimony trees... 0.019 second
Computing log-likelihood of 73 initial trees ... 0.007 seconds
Current best score: -1461.387

Do NNI search on 20 best initial trees
Estimate model parameters (epsilon = 0.100)
BETTER TREE FOUND at iteration 1: -1461.387
UPDATE BEST LOG-LIKELIHOOD: -1461.387
UPDATE BEST LOG-LIKELIHOOD: -1461.387
UPDATE BEST LOG-LIKELIHOOD: -1461.387
UPDATE BEST LOG-LIKELIHOOD: -1461.387
Iteration 10 / LogL: -1461.387 / Time: 0h:0m:0s
UPDATE BEST LOG-LIKELIHOOD: -1461.387
Iteration 20 / LogL: -1461.387 / Time: 0h:0m:0s
Finish initializing candidate tree set (6)
Current best tree score: -1461.387 / CPU time: 0.062
Number of iterations: 20
--------------------------------------------------------------------
|               OPTIMIZING CANDIDATE TREE SET                      |
--------------------------------------------------------------------
Iteration 30 / LogL: -1461.387 / Time: 0h:0m:0s (0h:0m:0s left)
Iteration 40 / LogL: -1461.387 / Time: 0h:0m:0s (0h:0m:0s left)
Iteration 50 / LogL: -1461.387 / Time: 0h:0m:0s (0h:0m:0s left)
Log-likelihood cutoff on original alignment: -1469.867
Iteration 60 / LogL: -1461.389 / Time: 0h:0m:0s (0h:0m:0s left)
Iteration 70 / LogL: -1461.387 / Time: 0h:0m:0s (0h:0m:0s left)
Iteration 80 / LogL: -1461.387 / Time: 0h:0m:0s (0h:0m:0s left)
Iteration 90 / LogL: -1461.387 / Time: 0h:0m:0s (0h:0m:0s left)
Iteration 100 / LogL: -1461.389 / Time: 0h:0m:0s (0h:0m:0s left)
Log-likelihood cutoff on original alignment: -1469.867
NOTE: Bootstrap correlation coefficient of split occurrence frequencies: 0.938
NOTE: UFBoot does not converge, continue at least 100 more iterations
Iteration 110 / LogL: -1461.387 / Time: 0h:0m:0s (0h:0m:0s left)
Iteration 120 / LogL: -1461.387 / Time: 0h:0m:0s (0h:0m:0s left)
Iteration 130 / LogL: -1461.387 / Time: 0h:0m:0s (0h:0m:0s left)
Iteration 140 / LogL: -1461.387 / Time: 0h:0m:0s (0h:0m:0s left)
Iteration 150 / LogL: -1461.388 / Time: 0h:0m:0s (0h:0m:0s left)
Log-likelihood cutoff on original alignment: -1469.867
Iteration 160 / LogL: -1461.387 / Time: 0h:0m:0s (0h:0m:0s left)
Iteration 170 / LogL: -1461.387 / Time: 0h:0m:0s (0h:0m:0s left)
Iteration 180 / LogL: -1564.339 / Time: 0h:0m:0s (0h:0m:0s left)
Iteration 190 / LogL: -1461.387 / Time: 0h:0m:0s (0h:0m:0s left)
Iteration 200 / LogL: -1461.387 / Time: 0h:0m:0s (0h:0m:0s left)
Log-likelihood cutoff on original alignment: -1469.867
NOTE: Bootstrap correlation coefficient of split occurrence frequencies: 0.988
NOTE: UFBoot does not converge, continue at least 100 more iterations
Iteration 210 / LogL: -1461.389 / Time: 0h:0m:0s (0h:0m:0s left)
Iteration 220 / LogL: -1461.389 / Time: 0h:0m:0s (0h:0m:0s left)
Iteration 230 / LogL: -1461.387 / Time: 0h:0m:0s (0h:0m:0s left)
Iteration 240 / LogL: -1461.387 / Time: 0h:0m:1s (0h:0m:0s left)
Iteration 250 / LogL: -1461.389 / Time: 0h:0m:1s (0h:0m:0s left)
Log-likelihood cutoff on original alignment: -1469.867
UPDATE BEST LOG-LIKELIHOOD: -1461.387
Iteration 260 / LogL: -1461.390 / Time: 0h:0m:1s (0h:0m:0s left)
Iteration 270 / LogL: -1461.389 / Time: 0h:0m:1s (0h:0m:0s left)
Iteration 280 / LogL: -1461.387 / Time: 0h:0m:1s (0h:0m:0s left)
Iteration 290 / LogL: -1461.387 / Time: 0h:0m:1s (0h:0m:0s left)
Iteration 300 / LogL: -1461.390 / Time: 0h:0m:1s (0h:0m:0s left)
Log-likelihood cutoff on original alignment: -1469.867
NOTE: Bootstrap correlation coefficient of split occurrence frequencies: 0.988
NOTE: UFBoot does not converge, continue at least 100 more iterations
Iteration 310 / LogL: -1461.387 / Time: 0h:0m:1s (0h:0m:0s left)
Iteration 320 / LogL: -1461.387 / Time: 0h:0m:1s (0h:0m:0s left)
Iteration 330 / LogL: -1461.387 / Time: 0h:0m:1s (0h:0m:0s left)
Iteration 340 / LogL: -1461.387 / Time: 0h:0m:1s (0h:0m:0s left)
Iteration 350 / LogL: -1461.387 / Time: 0h:0m:1s (0h:0m:0s left)
Log-likelihood cutoff on original alignment: -1469.867
Iteration 360 / LogL: -1461.388 / Time: 0h:0m:1s (0h:0m:0s left)
Iteration 370 / LogL: -1461.387 / Time: 0h:0m:1s (0h:0m:0s left)
Iteration 380 / LogL: -1461.389 / Time: 0h:0m:1s (0h:0m:0s left)
Iteration 390 / LogL: -1461.387 / Time: 0h:0m:1s (0h:0m:0s left)
Iteration 400 / LogL: -1461.387 / Time: 0h:0m:1s (0h:0m:0s left)
Log-likelihood cutoff on original alignment: -1469.867
NOTE: Bootstrap correlation coefficient of split occurrence frequencies: 0.990
TREE SEARCH COMPLETED AFTER 400 ITERATIONS / Time: 0h:0m:1s

--------------------------------------------------------------------
|                    FINALIZING TREE SEARCH                        |
--------------------------------------------------------------------
Performs final model parameters optimization
Estimate model parameters (epsilon = 0.010)
1. Initial log-likelihood: -1461.387
Optimal log-likelihood: -1461.387
Rate parameters:  A-C: 1.00000  A-G: 6.66828  A-T: 1.00000  C-G: 1.00000  C-T: 6.66828  G-T: 1.00000
Base frequencies:  A: 0.250  C: 0.250  G: 0.250  T: 0.250
Parameters optimization took 1 rounds (0.000 sec)
BEST SCORE FOUND : -1461.387
Creating bootstrap support values...
Split supports printed to NEXUS file 100096at7898.fltrd_aligned.fas.splits.nex
Total tree length: 0.056

Total number of iterations: 400
CPU time used for tree search: 1.555 sec (0h:0m:1s)
Wall-clock time used for tree search: 1.656 sec (0h:0m:1s)
Total CPU time used: 1.581 sec (0h:0m:1s)
Total wall-clock time used: 1.690 sec (0h:0m:1s)

Computing bootstrap consensus tree...
Reading input file 100096at7898.fltrd_aligned.fas.splits.nex...
8 taxa and 37 splits.
Consensus tree written to 100096at7898.fltrd_aligned.fas.contree
Reading input trees file 100096at7898.fltrd_aligned.fas.contree
Log-likelihood of consensus tree: -1461.393

Analysis results written to: 
  IQ-TREE report:                100096at7898.fltrd_aligned.fas.iqtree
  Maximum-likelihood tree:       100096at7898.fltrd_aligned.fas.treefile
  Likelihood distances:          100096at7898.fltrd_aligned.fas.mldist

Ultrafast bootstrap approximation results written to:
  Split support values:          100096at7898.fltrd_aligned.fas.splits.nex
  Consensus tree:                100096at7898.fltrd_aligned.fas.contree
  Screen log file:               100096at7898.fltrd_aligned.fas.log

Date and Time: Tue Dec  2 14:49:54 2025
