IQ-TREE multicore version 2.1.3 COVID-edition for Linux 64-bit built Apr 21 2021
Developed by Bui Quang Minh, James Barbetti, Nguyen Lam Tung,
Olga Chernomor, Heiko Schmidt, Dominik Schrempf, Michael Woodhams.

Host:    gombessa.rcs.alaska.edu (AVX2, FMA3, 503 GB RAM)
Command: /export/scratch/tsvanorden/Char_Phylogenetics/src/iqtree-2.1.3-Linux/bin/iqtree2 -s 52757at7898.fltrd_aligned.fas -m MFP -bb 1000 -T 1
Seed:    738533 (Using SPRNG - Scalable Parallel Random Number Generator)
Time:    Tue Dec  2 14:49:48 2025
Kernel:  AVX+FMA - 1 threads (1 CPU cores detected)

Reading alignment file 52757at7898.fltrd_aligned.fas ... Fasta format detected
Alignment most likely contains DNA/RNA sequences
WARNING: 100 sites contain only gaps or ambiguous characters.
Alignment has 20 sequences with 1827 columns, 105 distinct patterns
14 parsimony-informative, 48 singleton sites, 1765 constant sites
                                Gap/Ambiguity  Composition  p-value
   1  251140_Ward_Creek                23.97%    passed     63.26%
   2  260512_Pybus_Point               22.99%    passed     81.51%
   3  261935_Kenai_River               38.10%    passed     85.37%
   4  353213_Cropley_Lake              22.99%    passed     81.51%
   5  353219_Peterson_Creek            22.99%    passed     81.51%
   6  353220_Fish_Creek                33.33%    passed     85.82%
   7  353246_Cottonwood_Creek          27.91%    passed     94.10%
   8  353379_Skagit_River              23.15%    passed     89.82%
   9  353381_Dungeness_River           31.42%    passed     83.54%
  10  353401_Peace_River               23.15%    passed     89.82%
  11  353407_Noatok                    23.32%    passed     91.18%
  12  353410_Horizon_Lake              22.50%    passed     69.49%
  13  92319_Little_Lost                23.15%    passed     89.82%
  14  94280_St_Joe                     23.15%    passed     89.82%
  15  GCA016432855_Lake_Trout          13.96%    passed     87.88%
  16  GCA036784925_Maine_S_alpinus     17.90%    passed     94.50%
  17  GCA045679555_Iceland_A_alpinus   23.32%    passed     90.01%
  18  GCF013265735_Rainbow_Trout       25.78%    passed     88.83%
  19  GCF029448725_Brook_Trout         22.99%    passed     75.08%
  20  Methow_River_99895               23.15%    passed     89.82%
****  TOTAL                            24.46%  0 sequences failed composition chi2 test (p-value<5%; df=3)
NOTE: 353213_Cropley_Lake is identical to 260512_Pybus_Point but kept for subsequent analysis
NOTE: 353401_Peace_River is identical to 353379_Skagit_River but kept for subsequent analysis
NOTE: 4 identical sequences (see below) will be ignored for subsequent analysis
NOTE: 353219_Peterson_Creek (identical to 260512_Pybus_Point) is ignored but added at the end
NOTE: 92319_Little_Lost (identical to 353379_Skagit_River) is ignored but added at the end
NOTE: 94280_St_Joe (identical to 353379_Skagit_River) is ignored but added at the end
NOTE: Methow_River_99895 (identical to 353379_Skagit_River) is ignored but added at the end
Alignment was printed to 52757at7898.fltrd_aligned.fas.uniqueseq.phy

For your convenience alignment with unique sequences printed to 52757at7898.fltrd_aligned.fas.uniqueseq.phy


Create initial parsimony tree by phylogenetic likelihood library (PLL)... 0.000 seconds
Perform fast likelihood tree search using GTR+I+G model...
Estimate model parameters (epsilon = 5.000)
Perform nearest neighbor interchange...
Estimate model parameters (epsilon = 1.000)
1. Initial log-likelihood: -2831.503
Optimal log-likelihood: -2831.502
Rate parameters:  A-C: 1.26816  A-G: 3.43923  A-T: 1.94278  C-G: 0.56106  C-T: 3.78736  G-T: 1.00000
Base frequencies:  A: 0.245  C: 0.282  G: 0.259  T: 0.214
Proportion of invariable sites: 0.482
Gamma shape alpha: 0.449
Parameters optimization took 1 rounds (0.002 sec)
Time for fast ML tree search: 0.015 seconds

NOTE: ModelFinder requires 1 MB RAM!
ModelFinder will test up to 286 DNA models (sample size: 1827) ...
 No. Model         -LnL         df  AIC          AICc         BIC
  1  GTR+F         2833.836     37  5741.672     5743.244     5945.558
  2  GTR+F+I       2831.481     38  5738.962     5740.620     5948.358
  3  GTR+F+G4      2831.503     38  5739.006     5740.663     5948.402
  4  GTR+F+I+G4    2831.502     39  5741.004     5742.750     5955.911
  5  GTR+F+R2      2832.941     39  5743.883     5745.629     5958.790
  6  GTR+F+R3      2832.540     41  5747.081     5749.010     5973.008
 14  SYM           2838.157     34  5744.313     5745.641     5931.668
 15  SYM+I         2835.888     35  5741.776     5743.183     5934.641
 16  SYM+G4        2835.899     35  5741.799     5743.206     5934.664
 27  TVM+F         2833.881     36  5739.762     5741.251     5938.138
 28  TVM+F+I       2831.524     37  5737.049     5738.621     5940.935
 29  TVM+F+G4      2831.547     37  5737.093     5738.665     5940.979
 40  TVMe          2838.168     33  5742.336     5743.587     5924.180
 41  TVMe+I        2835.899     34  5739.798     5741.126     5927.153
 42  TVMe+G4       2835.911     34  5739.822     5741.150     5927.176
 53  TIM3+F        2835.342     35  5740.684     5742.091     5933.550
 54  TIM3+F+I      2832.986     36  5737.972     5739.460     5936.347
 55  TIM3+F+G4     2833.009     36  5738.019     5739.507     5936.394
 66  TIM3e         2839.541     32  5743.082     5744.260     5919.416
 67  TIM3e+I       2837.265     33  5740.531     5741.782     5922.375
 68  TIM3e+G4      2837.279     33  5740.558     5741.810     5922.402
 79  TIM2+F        2834.433     35  5738.867     5740.274     5931.732
 80  TIM2+F+I      2832.115     36  5736.231     5737.719     5934.606
 81  TIM2+F+G4     2832.132     36  5736.263     5737.751     5934.639
 92  TIM2e         2838.428     32  5740.856     5742.033     5917.189
 93  TIM2e+I       2836.162     33  5738.323     5739.575     5920.168
 94  TIM2e+G4      2836.185     33  5738.369     5739.621     5920.213
105  TIM+F         2835.926     35  5741.852     5743.259     5934.717
106  TIM+F+I       2833.619     36  5739.237     5740.725     5937.613
107  TIM+F+G4      2833.636     36  5739.271     5740.759     5937.647
118  TIMe          2839.806     32  5743.613     5744.790     5919.947
119  TIMe+I        2837.542     33  5741.085     5742.336     5922.929
120  TIMe+G4       2837.554     33  5741.108     5742.360     5922.953
131  TPM3u+F       2835.382     34  5738.764     5740.092     5926.118
132  TPM3u+F+I     2833.030     35  5736.060     5737.467     5928.925
133  TPM3u+F+G4    2833.053     35  5736.106     5737.513     5928.971
144  TPM3+F        2835.382     34  5738.764     5740.092     5926.118
145  TPM3+F+I      2833.030     35  5736.060     5737.467     5928.925
146  TPM3+F+G4     2833.053     35  5736.106     5737.513     5928.971
157  TPM2u+F       2834.469     34  5736.938     5738.266     5924.293
158  TPM2u+F+I     2832.170     35  5734.340     5735.747     5927.205
159  TPM2u+F+G4    2832.171     35  5734.341     5735.749     5927.207
170  TPM2+F        2834.469     34  5736.938     5738.266     5924.293
171  TPM2+F+I      2832.170     35  5734.340     5735.747     5927.205
172  TPM2+F+G4     2832.171     35  5734.341     5735.749     5927.207
183  K3Pu+F        2835.967     34  5739.934     5741.262     5927.289
184  K3Pu+F+I      2833.652     35  5737.304     5738.712     5930.170
185  K3Pu+F+G4     2833.670     35  5737.341     5738.748     5930.206
196  K3P           2839.822     31  5741.644     5742.749     5912.467
197  K3P+I         2837.554     32  5739.108     5740.286     5915.442
198  K3P+G4        2837.566     32  5739.132     5740.310     5915.466
209  TN+F          2835.925     34  5739.851     5741.179     5927.206
210  TN+F+I        2833.610     35  5737.221     5738.628     5930.086
211  TN+F+G4       2833.629     35  5737.257     5738.664     5930.122
222  TNe           2839.805     31  5741.610     5742.715     5912.433
223  TNe+I         2837.533     32  5739.066     5740.243     5915.399
224  TNe+G4        2837.546     32  5739.092     5740.269     5915.425
235  HKY+F         2835.966     33  5737.932     5739.183     5919.776
236  HKY+F+I       2833.653     34  5735.305     5736.633     5922.660
237  HKY+F+G4      2833.671     34  5735.342     5736.670     5922.697
248  K2P           2839.820     30  5739.641     5740.677     5904.954
249  K2P+I         2837.549     31  5737.097     5738.202     5907.920
250  K2P+G4        2837.562     31  5737.125     5738.230     5907.948
261  F81+F         2845.844     32  5755.688     5756.865     5932.021
262  F81+F+I       2843.800     33  5753.601     5754.852     5935.445
263  F81+F+G4      2843.800     33  5753.601     5754.852     5935.445
274  JC            2849.532     29  5757.065     5758.033     5916.867
275  JC+I          2847.505     30  5755.011     5756.047     5920.324
276  JC+G4         2847.506     30  5755.011     5756.047     5920.324
Akaike Information Criterion:           TPM2u+F+I
Corrected Akaike Information Criterion: TPM2u+F+I
Bayesian Information Criterion:         K2P
Best-fit model: K2P chosen according to BIC

All model information printed to 52757at7898.fltrd_aligned.fas.model.gz
CPU time for ModelFinder: 0.175 seconds (0h:0m:0s)
Wall-clock time for ModelFinder: 0.185 seconds (0h:0m:0s)
Generating 1000 samples for ultrafast bootstrap (seed: 738533)...

NOTE: 0 MB RAM (0 GB) is required!
Estimate model parameters (epsilon = 0.100)
1. Initial log-likelihood: -2839.820
Optimal log-likelihood: -2839.820
Rate parameters:  A-C: 1.00000  A-G: 3.02071  A-T: 1.00000  C-G: 1.00000  C-T: 3.02071  G-T: 1.00000
Base frequencies:  A: 0.250  C: 0.250  G: 0.250  T: 0.250
Parameters optimization took 1 rounds (0.001 sec)
Computing ML distances based on estimated model parameters...
Computing ML distances took 0.000918 sec (of wall-clock time) 0.000882 sec(of CPU time)
Computing RapidNJ tree took 0.000048 sec (of wall-clock time) 0.000000 sec (of CPU time)
Log-likelihood of RapidNJ tree: -2859.745
--------------------------------------------------------------------
|             INITIALIZING CANDIDATE TREE SET                      |
--------------------------------------------------------------------
Generating 98 parsimony trees... 0.036 second
Computing log-likelihood of 98 initial trees ... 0.038 seconds
Current best score: -2839.820

Do NNI search on 20 best initial trees
Estimate model parameters (epsilon = 0.100)
BETTER TREE FOUND at iteration 1: -2839.820
BETTER TREE FOUND at iteration 3: -2839.820
BETTER TREE FOUND at iteration 4: -2839.819
Iteration 10 / LogL: -2839.820 / Time: 0h:0m:0s
Iteration 20 / LogL: -2839.832 / Time: 0h:0m:0s
Finish initializing candidate tree set (16)
Current best tree score: -2839.819 / CPU time: 0.232
Number of iterations: 20
--------------------------------------------------------------------
|               OPTIMIZING CANDIDATE TREE SET                      |
--------------------------------------------------------------------
Iteration 30 / LogL: -2839.821 / Time: 0h:0m:0s (0h:0m:0s left)
Iteration 40 / LogL: -2839.821 / Time: 0h:0m:0s (0h:0m:0s left)
Iteration 50 / LogL: -2839.820 / Time: 0h:0m:0s (0h:0m:0s left)
Log-likelihood cutoff on original alignment: -2876.946
BETTER TREE FOUND at iteration 55: -2839.819
Iteration 60 / LogL: -2839.821 / Time: 0h:0m:0s (0h:0m:0s left)
Iteration 70 / LogL: -2839.820 / Time: 0h:0m:0s (0h:0m:0s left)
Iteration 80 / LogL: -2839.820 / Time: 0h:0m:0s (0h:0m:0s left)
Iteration 90 / LogL: -2839.823 / Time: 0h:0m:0s (0h:0m:0s left)
UPDATE BEST LOG-LIKELIHOOD: -2839.819
Iteration 100 / LogL: -2839.819 / Time: 0h:0m:0s (0h:0m:0s left)
Log-likelihood cutoff on original alignment: -2877.927
NOTE: Bootstrap correlation coefficient of split occurrence frequencies: 0.967
NOTE: UFBoot does not converge, continue at least 100 more iterations
Iteration 110 / LogL: -2839.821 / Time: 0h:0m:0s (0h:0m:0s left)
Iteration 120 / LogL: -2839.821 / Time: 0h:0m:1s (0h:0m:0s left)
Iteration 130 / LogL: -2839.820 / Time: 0h:0m:1s (0h:0m:0s left)
UPDATE BEST LOG-LIKELIHOOD: -2839.818
Iteration 140 / LogL: -2839.820 / Time: 0h:0m:1s (0h:0m:0s left)
Iteration 150 / LogL: -2839.822 / Time: 0h:0m:1s (0h:0m:0s left)
Log-likelihood cutoff on original alignment: -2877.927
Iteration 160 / LogL: -2860.547 / Time: 0h:0m:1s (0h:0m:0s left)
Iteration 170 / LogL: -2839.821 / Time: 0h:0m:1s (0h:0m:0s left)
Iteration 180 / LogL: -2839.818 / Time: 0h:0m:1s (0h:0m:0s left)
UPDATE BEST LOG-LIKELIHOOD: -2839.818
Iteration 190 / LogL: -2839.821 / Time: 0h:0m:1s (0h:0m:0s left)
UPDATE BEST LOG-LIKELIHOOD: -2839.818
Iteration 200 / LogL: -2839.821 / Time: 0h:0m:1s (0h:0m:0s left)
Log-likelihood cutoff on original alignment: -2877.317
NOTE: Bootstrap correlation coefficient of split occurrence frequencies: 0.984
NOTE: UFBoot does not converge, continue at least 100 more iterations
UPDATE BEST LOG-LIKELIHOOD: -2839.818
UPDATE BEST LOG-LIKELIHOOD: -2839.818
Iteration 210 / LogL: -2839.818 / Time: 0h:0m:1s (0h:0m:0s left)
Iteration 220 / LogL: -2846.906 / Time: 0h:0m:1s (0h:0m:0s left)
Iteration 230 / LogL: -2839.818 / Time: 0h:0m:1s (0h:0m:0s left)
Iteration 240 / LogL: -2855.492 / Time: 0h:0m:2s (0h:0m:0s left)
Iteration 250 / LogL: -2839.819 / Time: 0h:0m:2s (0h:0m:0s left)
Log-likelihood cutoff on original alignment: -2877.317
UPDATE BEST LOG-LIKELIHOOD: -2839.818
Iteration 260 / LogL: -2839.818 / Time: 0h:0m:2s (0h:0m:0s left)
UPDATE BEST LOG-LIKELIHOOD: -2839.818
Iteration 270 / LogL: -2839.832 / Time: 0h:0m:2s (0h:0m:0s left)
Iteration 280 / LogL: -2839.819 / Time: 0h:0m:2s (0h:0m:0s left)
Iteration 290 / LogL: -2839.818 / Time: 0h:0m:2s (0h:0m:0s left)
UPDATE BEST LOG-LIKELIHOOD: -2839.818
Iteration 300 / LogL: -2839.819 / Time: 0h:0m:2s (0h:0m:0s left)
Log-likelihood cutoff on original alignment: -2877.317
NOTE: Bootstrap correlation coefficient of split occurrence frequencies: 0.992
TREE SEARCH COMPLETED AFTER 300 ITERATIONS / Time: 0h:0m:2s

--------------------------------------------------------------------
|                    FINALIZING TREE SEARCH                        |
--------------------------------------------------------------------
Performs final model parameters optimization
Estimate model parameters (epsilon = 0.010)
1. Initial log-likelihood: -2839.818
Optimal log-likelihood: -2839.818
Rate parameters:  A-C: 1.00000  A-G: 3.02470  A-T: 1.00000  C-G: 1.00000  C-T: 3.02470  G-T: 1.00000
Base frequencies:  A: 0.250  C: 0.250  G: 0.250  T: 0.250
Parameters optimization took 1 rounds (0.000 sec)
BEST SCORE FOUND : -2839.818
Creating bootstrap support values...
Split supports printed to NEXUS file 52757at7898.fltrd_aligned.fas.splits.nex
Total tree length: 0.047

Total number of iterations: 300
CPU time used for tree search: 2.427 sec (0h:0m:2s)
Wall-clock time used for tree search: 2.542 sec (0h:0m:2s)
Total CPU time used: 2.465 sec (0h:0m:2s)
Total wall-clock time used: 2.590 sec (0h:0m:2s)

Computing bootstrap consensus tree...
Reading input file 52757at7898.fltrd_aligned.fas.splits.nex...
16 taxa and 223 splits.
Consensus tree written to 52757at7898.fltrd_aligned.fas.contree
Reading input trees file 52757at7898.fltrd_aligned.fas.contree
Log-likelihood of consensus tree: -2839.838

Analysis results written to: 
  IQ-TREE report:                52757at7898.fltrd_aligned.fas.iqtree
  Maximum-likelihood tree:       52757at7898.fltrd_aligned.fas.treefile
  Likelihood distances:          52757at7898.fltrd_aligned.fas.mldist

Ultrafast bootstrap approximation results written to:
  Split support values:          52757at7898.fltrd_aligned.fas.splits.nex
  Consensus tree:                52757at7898.fltrd_aligned.fas.contree
  Screen log file:               52757at7898.fltrd_aligned.fas.log

Date and Time: Tue Dec  2 14:49:51 2025
