IQ-TREE multicore version 2.1.3 COVID-edition for Linux 64-bit built Apr 21 2021
Developed by Bui Quang Minh, James Barbetti, Nguyen Lam Tung,
Olga Chernomor, Heiko Schmidt, Dominik Schrempf, Michael Woodhams.

Host:    gombessa.rcs.alaska.edu (AVX2, FMA3, 503 GB RAM)
Command: /export/scratch/tsvanorden/Char_Phylogenetics/src/iqtree-2.1.3-Linux/bin/iqtree2 -s 4182at7898.fltrd_aligned.fas -m MFP -bb 1000 -T 1
Seed:    57868 (Using SPRNG - Scalable Parallel Random Number Generator)
Time:    Tue Dec  2 14:50:18 2025
Kernel:  AVX+FMA - 1 threads (1 CPU cores detected)

Reading alignment file 4182at7898.fltrd_aligned.fas ... Fasta format detected
Alignment most likely contains DNA/RNA sequences
Alignment has 20 sequences with 5412 columns, 303 distinct patterns
144 parsimony-informative, 211 singleton sites, 5057 constant sites
                                Gap/Ambiguity  Composition  p-value
   1  251140_Ward_Creek                 5.32%    passed     99.52%
   2  260512_Pybus_Point                5.32%    passed     99.07%
   3  261935_Kenai_River                4.32%    passed     88.85%
   4  353213_Cropley_Lake               5.32%    passed     99.34%
   5  353219_Peterson_Creek             5.32%    passed     99.54%
   6  353220_Fish_Creek                 5.32%    passed     99.54%
   7  353246_Cottonwood_Creek           7.76%    passed     99.31%
   8  353379_Skagit_River               7.04%    passed     97.93%
   9  353381_Dungeness_River           16.02%    passed     94.57%
  10  353401_Peace_River                3.55%    passed     98.17%
  11  353407_Noatok                     6.65%    passed     97.22%
  12  353410_Horizon_Lake               6.82%    passed     96.64%
  13  92319_Little_Lost                 5.38%    passed     98.52%
  14  94280_St_Joe                      3.55%    passed     98.23%
  15  GCA016432855_Lake_Trout           4.55%    passed     98.21%
  16  GCA036784925_Maine_S_alpinus      5.49%    passed     99.26%
  17  GCA045679555_Iceland_A_alpinus    5.49%    passed     99.30%
  18  GCF013265735_Rainbow_Trout        3.82%    passed     99.26%
  19  GCF029448725_Brook_Trout          5.93%    passed     99.24%
  20  Methow_River_99895                4.10%    passed     97.96%
****  TOTAL                             5.85%  0 sequences failed composition chi2 test (p-value<5%; df=3)
NOTE: 353220_Fish_Creek is identical to 353219_Peterson_Creek but kept for subsequent analysis


Create initial parsimony tree by phylogenetic likelihood library (PLL)... 0.000 seconds
Perform fast likelihood tree search using GTR+I+G model...
Estimate model parameters (epsilon = 5.000)
Perform nearest neighbor interchange...
Estimate model parameters (epsilon = 1.000)
1. Initial log-likelihood: -10278.624
Optimal log-likelihood: -10278.621
Rate parameters:  A-C: 0.77566  A-G: 1.83253  A-T: 0.92816  C-G: 0.62177  C-T: 2.24348  G-T: 1.00000
Base frequencies:  A: 0.204  C: 0.307  G: 0.290  T: 0.198
Proportion of invariable sites: 0.467
Gamma shape alpha: 0.197
Parameters optimization took 1 rounds (0.005 sec)
Time for fast ML tree search: 0.038 seconds

NOTE: ModelFinder requires 3 MB RAM!
ModelFinder will test up to 286 DNA models (sample size: 5412) ...
 No. Model         -LnL         df  AIC          AICc         BIC
  1  GTR+F         10363.371    45  20816.741    20817.513    21113.578
  2  GTR+F+I       10278.948    46  20649.896    20650.702    20953.329
  3  GTR+F+G4      10286.296    46  20664.592    20665.398    20968.025
  4  GTR+F+I+G4    10278.619    47  20651.237    20652.078    20961.267
  5  GTR+F+R2      10278.758    47  20651.517    20652.358    20961.546
  6  GTR+F+R3      10278.532    49  20655.064    20655.978    20978.286
 15  SYM+I         10379.788    43  20845.576    20846.281    21129.220
 17  SYM+I+G4      10379.623    44  20847.247    20847.985    21137.487
 18  SYM+R2        10380.128    44  20848.256    20848.994    21138.497
 28  TVM+F+I       10279.898    45  20649.796    20650.567    20946.633
 30  TVM+F+I+G4    10279.595    46  20651.190    20651.996    20954.623
 31  TVM+F+R2      10279.796    46  20651.592    20652.398    20955.025
 41  TVMe+I        10380.611    42  20845.223    20845.895    21122.270
 43  TVMe+I+G4     10380.474    43  20846.948    20847.653    21130.592
 44  TVMe+R2       10381.030    43  20848.060    20848.765    21131.704
 54  TIM3+F+I      10279.495    44  20646.990    20647.728    20937.230
 56  TIM3+F+I+G4   10279.176    45  20648.352    20649.123    20945.189
 57  TIM3+F+R2     10279.333    45  20648.667    20649.438    20945.504
 67  TIM3e+I       10380.479    41  20842.958    20843.599    21113.409
 69  TIM3e+I+G4    10380.306    42  20844.612    20845.284    21121.659
 70  TIM3e+R2      10380.790    42  20845.580    20846.252    21122.627
 80  TIM2+F+I      10281.624    44  20651.248    20651.986    20941.489
 82  TIM2+F+I+G4   10281.341    45  20652.683    20653.454    20949.520
 83  TIM2+F+R2     10281.534    45  20653.068    20653.840    20949.905
 93  TIM2e+I       10380.139    41  20842.277    20842.919    21112.728
 95  TIM2e+I+G4    10379.984    42  20843.967    20844.640    21121.015
 96  TIM2e+R2      10380.507    42  20845.014    20845.687    21122.062
106  TIM+F+I       10280.919    44  20649.837    20650.575    20940.078
108  TIM+F+I+G4    10280.641    45  20651.281    20652.053    20948.118
109  TIM+F+R2      10280.839    45  20651.679    20652.450    20948.516
119  TIMe+I        10380.309    41  20842.617    20843.258    21113.068
121  TIMe+I+G4     10380.124    42  20844.249    20844.921    21121.296
122  TIMe+R2       10380.621    42  20845.243    20845.915    21122.290
132  TPM3u+F+I     10280.452    43  20646.903    20647.608    20930.548
134  TPM3u+F+I+G4  10280.159    44  20648.319    20649.056    20938.559
135  TPM3u+F+R2    10280.295    44  20648.589    20649.327    20938.830
145  TPM3+F+I      10280.451    43  20646.903    20647.608    20930.547
147  TPM3+F+I+G4   10280.159    44  20648.318    20649.056    20938.559
148  TPM3+F+R2     10280.295    44  20648.589    20649.327    20938.830
158  TPM2u+F+I     10282.540    43  20651.080    20651.785    20934.724
160  TPM2u+F+I+G4  10282.283    44  20652.566    20653.304    20942.807
161  TPM2u+F+R2    10282.529    44  20653.058    20653.796    20943.298
171  TPM2+F+I      10282.540    43  20651.080    20651.785    20934.724
173  TPM2+F+I+G4   10282.283    44  20652.566    20653.304    20942.807
174  TPM2+F+R2     10282.529    44  20653.058    20653.796    20943.298
184  K3Pu+F+I      10281.839    43  20649.678    20650.383    20933.322
186  K3Pu+F+I+G4   10281.586    44  20651.172    20651.909    20941.412
187  K3Pu+F+R2     10281.842    44  20651.684    20652.422    20941.924
197  K3P+I         10381.146    40  20842.292    20842.903    21106.147
199  K3P+I+G4      10381.000    41  20844.000    20844.641    21114.451
200  K3P+R2        10381.547    41  20845.093    20845.735    21115.545
210  TN+F+I        10281.770    43  20649.539    20650.244    20933.183
212  TN+F+I+G4     10281.499    44  20650.998    20651.736    20941.239
213  TN+F+R2       10281.713    44  20651.426    20652.164    20941.667
223  TNe+I         10380.537    40  20841.074    20841.684    21104.928
225  TNe+I+G4      10380.369    41  20842.738    20843.379    21113.189
226  TNe+R2        10380.869    41  20843.737    20844.379    21114.189
236  HKY+F+I       10282.694    42  20649.388    20650.061    20926.436
238  HKY+F+I+G4    10282.448    43  20650.896    20651.600    20934.540
239  HKY+F+R2      10282.718    43  20651.435    20652.140    20935.079
249  K2P+I         10381.391    39  20840.782    20841.363    21098.041
251  K2P+I+G4      10381.247    40  20842.493    20843.104    21106.348
252  K2P+R2        10381.795    40  20843.589    20844.200    21107.444
262  F81+F+I       10325.950    41  20733.900    20734.541    21004.351
264  F81+F+I+G4    10325.828    42  20735.657    20736.329    21012.704
265  F81+F+R2      10326.438    42  20736.876    20737.549    21013.924
275  JC+I          10420.543    38  20917.086    20917.638    21167.748
277  JC+I+G4       10420.478    39  20918.955    20919.536    21176.214
278  JC+R2         10421.140    39  20920.281    20920.862    21177.540
Akaike Information Criterion:           TPM3+F+I
Corrected Akaike Information Criterion: TPM3+F+I
Bayesian Information Criterion:         HKY+F+I
Best-fit model: HKY+F+I chosen according to BIC

All model information printed to 4182at7898.fltrd_aligned.fas.model.gz
CPU time for ModelFinder: 6.408 seconds (0h:0m:6s)
Wall-clock time for ModelFinder: 6.464 seconds (0h:0m:6s)
Generating 1000 samples for ultrafast bootstrap (seed: 57868)...

NOTE: 1 MB RAM (0 GB) is required!
Estimate model parameters (epsilon = 0.100)
1. Initial log-likelihood: -10282.694
Optimal log-likelihood: -10282.694
Rate parameters:  A-C: 1.00000  A-G: 2.56782  A-T: 1.00000  C-G: 1.00000  C-T: 2.56782  G-T: 1.00000
Base frequencies:  A: 0.204  C: 0.307  G: 0.290  T: 0.198
Proportion of invariable sites: 0.834
Parameters optimization took 1 rounds (0.001 sec)
Computing ML distances based on estimated model parameters...
Computing ML distances took 0.001213 sec (of wall-clock time) 0.001194 sec(of CPU time)
Computing RapidNJ tree took 0.000066 sec (of wall-clock time) 0.000065 sec (of CPU time)
Log-likelihood of RapidNJ tree: -10459.708
--------------------------------------------------------------------
|             INITIALIZING CANDIDATE TREE SET                      |
--------------------------------------------------------------------
Generating 98 parsimony trees... 0.088 second
Computing log-likelihood of 98 initial trees ... 0.080 seconds
Current best score: -10282.694

Do NNI search on 20 best initial trees
Estimate model parameters (epsilon = 0.100)
BETTER TREE FOUND at iteration 1: -10282.667
BETTER TREE FOUND at iteration 2: -10282.665
UPDATE BEST LOG-LIKELIHOOD: -10282.659
Iteration 10 / LogL: -10282.700 / Time: 0h:0m:0s
Iteration 20 / LogL: -10283.118 / Time: 0h:0m:0s
Finish initializing candidate tree set (7)
Current best tree score: -10282.659 / CPU time: 0.394
Number of iterations: 20
--------------------------------------------------------------------
|               OPTIMIZING CANDIDATE TREE SET                      |
--------------------------------------------------------------------
Iteration 30 / LogL: -10283.129 / Time: 0h:0m:0s (0h:0m:1s left)
Iteration 40 / LogL: -10282.665 / Time: 0h:0m:0s (0h:0m:1s left)
Iteration 50 / LogL: -10282.675 / Time: 0h:0m:0s (0h:0m:0s left)
Log-likelihood cutoff on original alignment: -10299.276
Iteration 60 / LogL: -10282.660 / Time: 0h:0m:1s (0h:0m:0s left)
Iteration 70 / LogL: -10282.710 / Time: 0h:0m:1s (0h:0m:0s left)
Iteration 80 / LogL: -10283.132 / Time: 0h:0m:1s (0h:0m:0s left)
Iteration 90 / LogL: -10282.666 / Time: 0h:0m:1s (0h:0m:0s left)
Iteration 100 / LogL: -10282.697 / Time: 0h:0m:1s (0h:0m:0s left)
Log-likelihood cutoff on original alignment: -10300.365
NOTE: Bootstrap correlation coefficient of split occurrence frequencies: 0.952
NOTE: UFBoot does not converge, continue at least 100 more iterations
Iteration 110 / LogL: -10282.667 / Time: 0h:0m:1s (0h:0m:1s left)
Iteration 120 / LogL: -10297.244 / Time: 0h:0m:1s (0h:0m:1s left)
Iteration 130 / LogL: -10282.666 / Time: 0h:0m:1s (0h:0m:1s left)
Iteration 140 / LogL: -10282.681 / Time: 0h:0m:2s (0h:0m:0s left)
Iteration 150 / LogL: -10293.565 / Time: 0h:0m:2s (0h:0m:0s left)
Log-likelihood cutoff on original alignment: -10300.181
Iteration 160 / LogL: -10380.698 / Time: 0h:0m:2s (0h:0m:0s left)
Iteration 170 / LogL: -10282.670 / Time: 0h:0m:2s (0h:0m:0s left)
Iteration 180 / LogL: -10282.680 / Time: 0h:0m:2s (0h:0m:0s left)
Iteration 190 / LogL: -10282.669 / Time: 0h:0m:2s (0h:0m:0s left)
Iteration 200 / LogL: -10359.412 / Time: 0h:0m:2s (0h:0m:0s left)
Log-likelihood cutoff on original alignment: -10300.973
NOTE: Bootstrap correlation coefficient of split occurrence frequencies: 0.985
NOTE: UFBoot does not converge, continue at least 100 more iterations
Iteration 210 / LogL: -10282.673 / Time: 0h:0m:3s (0h:0m:1s left)
Iteration 220 / LogL: -10282.669 / Time: 0h:0m:3s (0h:0m:1s left)
Iteration 230 / LogL: -10282.668 / Time: 0h:0m:3s (0h:0m:1s left)
Iteration 240 / LogL: -10379.926 / Time: 0h:0m:3s (0h:0m:0s left)
Iteration 250 / LogL: -10282.683 / Time: 0h:0m:3s (0h:0m:0s left)
Log-likelihood cutoff on original alignment: -10301.241
Iteration 260 / LogL: -10282.673 / Time: 0h:0m:3s (0h:0m:0s left)
Iteration 270 / LogL: -10282.675 / Time: 0h:0m:3s (0h:0m:0s left)
Iteration 280 / LogL: -10286.947 / Time: 0h:0m:4s (0h:0m:0s left)
Iteration 290 / LogL: -10284.167 / Time: 0h:0m:4s (0h:0m:0s left)
Iteration 300 / LogL: -10282.660 / Time: 0h:0m:4s (0h:0m:0s left)
Log-likelihood cutoff on original alignment: -10301.825
NOTE: Bootstrap correlation coefficient of split occurrence frequencies: 0.997
TREE SEARCH COMPLETED AFTER 300 ITERATIONS / Time: 0h:0m:4s

--------------------------------------------------------------------
|                    FINALIZING TREE SEARCH                        |
--------------------------------------------------------------------
Performs final model parameters optimization
Estimate model parameters (epsilon = 0.010)
1. Initial log-likelihood: -10282.659
Optimal log-likelihood: -10282.659
Rate parameters:  A-C: 1.00000  A-G: 2.56910  A-T: 1.00000  C-G: 1.00000  C-T: 2.56910  G-T: 1.00000
Base frequencies:  A: 0.204  C: 0.307  G: 0.290  T: 0.198
Proportion of invariable sites: 0.834
Parameters optimization took 1 rounds (0.001 sec)
BEST SCORE FOUND : -10282.659
Creating bootstrap support values...
Split supports printed to NEXUS file 4182at7898.fltrd_aligned.fas.splits.nex
Total tree length: 0.090

Total number of iterations: 300
CPU time used for tree search: 4.318 sec (0h:0m:4s)
Wall-clock time used for tree search: 4.364 sec (0h:0m:4s)
Total CPU time used: 4.379 sec (0h:0m:4s)
Total wall-clock time used: 4.435 sec (0h:0m:4s)

Computing bootstrap consensus tree...
Reading input file 4182at7898.fltrd_aligned.fas.splits.nex...
20 taxa and 156 splits.
Consensus tree written to 4182at7898.fltrd_aligned.fas.contree
Reading input trees file 4182at7898.fltrd_aligned.fas.contree
Log-likelihood of consensus tree: -10282.740

Analysis results written to: 
  IQ-TREE report:                4182at7898.fltrd_aligned.fas.iqtree
  Maximum-likelihood tree:       4182at7898.fltrd_aligned.fas.treefile
  Likelihood distances:          4182at7898.fltrd_aligned.fas.mldist

Ultrafast bootstrap approximation results written to:
  Split support values:          4182at7898.fltrd_aligned.fas.splits.nex
  Consensus tree:                4182at7898.fltrd_aligned.fas.contree
  Screen log file:               4182at7898.fltrd_aligned.fas.log

Date and Time: Tue Dec  2 14:50:28 2025
