IQ-TREE multicore version 2.1.3 COVID-edition for Linux 64-bit built Apr 21 2021
Developed by Bui Quang Minh, James Barbetti, Nguyen Lam Tung,
Olga Chernomor, Heiko Schmidt, Dominik Schrempf, Michael Woodhams.

Host:    gombessa.rcs.alaska.edu (AVX2, FMA3, 503 GB RAM)
Command: /export/scratch/tsvanorden/Char_Phylogenetics/src/iqtree-2.1.3-Linux/bin/iqtree2 -s 90116at7898.fltrd_aligned.fas -m MFP -bb 1000 -T 1
Seed:    202927 (Using SPRNG - Scalable Parallel Random Number Generator)
Time:    Tue Dec  2 14:50:13 2025
Kernel:  AVX+FMA - 1 threads (1 CPU cores detected)

Reading alignment file 90116at7898.fltrd_aligned.fas ... Fasta format detected
Alignment most likely contains DNA/RNA sequences
Alignment has 20 sequences with 1239 columns, 66 distinct patterns
25 parsimony-informative, 47 singleton sites, 1167 constant sites
                                Gap/Ambiguity  Composition  p-value
   1  251140_Ward_Creek                 0.24%    passed     99.86%
   2  260512_Pybus_Point                0.24%    passed     99.95%
   3  261935_Kenai_River                0.24%    passed     99.86%
   4  353213_Cropley_Lake               0.24%    passed     99.95%
   5  353219_Peterson_Creek             0.24%    passed     99.86%
   6  353220_Fish_Creek                 0.24%    passed     99.95%
   7  353246_Cottonwood_Creek           0.24%    passed     99.95%
   8  353379_Skagit_River               0.48%    passed     99.56%
   9  353381_Dungeness_River            0.97%    passed     99.92%
  10  353401_Peace_River                0.48%    passed     99.75%
  11  353407_Noatok                     0.24%    passed     99.53%
  12  353410_Horizon_Lake               0.24%    passed     99.86%
  13  92319_Little_Lost                 0.48%    passed     99.75%
  14  94280_St_Joe                      0.48%    passed     99.75%
  15  GCA016432855_Lake_Trout           0.24%    passed     99.91%
  16  GCA036784925_Maine_S_alpinus      0.48%    passed     99.95%
  17  GCA045679555_Iceland_A_alpinus    0.48%    passed     99.85%
  18  GCF013265735_Rainbow_Trout        0.97%    passed     98.52%
  19  GCF029448725_Brook_Trout          1.94%    passed     92.97%
  20  Methow_River_99895                0.48%    passed     99.75%
****  TOTAL                             0.48%  0 sequences failed composition chi2 test (p-value<5%; df=3)
NOTE: 261935_Kenai_River is identical to 251140_Ward_Creek but kept for subsequent analysis
NOTE: 353213_Cropley_Lake is identical to 260512_Pybus_Point but kept for subsequent analysis
NOTE: 92319_Little_Lost is identical to 353401_Peace_River but kept for subsequent analysis
NOTE: 6 identical sequences (see below) will be ignored for subsequent analysis
NOTE: 353219_Peterson_Creek (identical to 251140_Ward_Creek) is ignored but added at the end
NOTE: 353410_Horizon_Lake (identical to 251140_Ward_Creek) is ignored but added at the end
NOTE: 353220_Fish_Creek (identical to 260512_Pybus_Point) is ignored but added at the end
NOTE: 353246_Cottonwood_Creek (identical to 260512_Pybus_Point) is ignored but added at the end
NOTE: 94280_St_Joe (identical to 353401_Peace_River) is ignored but added at the end
NOTE: Methow_River_99895 (identical to 353401_Peace_River) is ignored but added at the end
Alignment was printed to 90116at7898.fltrd_aligned.fas.uniqueseq.phy

For your convenience alignment with unique sequences printed to 90116at7898.fltrd_aligned.fas.uniqueseq.phy


Create initial parsimony tree by phylogenetic likelihood library (PLL)... 0.000 seconds
Perform fast likelihood tree search using GTR+I+G model...
Estimate model parameters (epsilon = 5.000)
Perform nearest neighbor interchange...
Estimate model parameters (epsilon = 1.000)
1. Initial log-likelihood: -2191.055
Optimal log-likelihood: -2191.046
Rate parameters:  A-C: 1.10768  A-G: 2.52707  A-T: 0.58262  C-G: 0.26329  C-T: 2.66096  G-T: 1.00000
Base frequencies:  A: 0.244  C: 0.236  G: 0.329  T: 0.191
Proportion of invariable sites: 0.469
Gamma shape alpha: 0.175
Parameters optimization took 1 rounds (0.001 sec)
Time for fast ML tree search: 0.010 seconds

NOTE: ModelFinder requires 0 MB RAM!
ModelFinder will test up to 286 DNA models (sample size: 1239) ...
 No. Model         -LnL         df  AIC          AICc         BIC
  1  GTR+F         2199.913     33  4465.825     4467.687     4634.853
  2  GTR+F+I       2190.980     34  4449.961     4451.937     4624.111
  3  GTR+F+G4      2191.821     34  4451.641     4453.618     4625.791
  4  GTR+F+I+G4    2191.044     35  4452.089     4454.183     4631.361
  5  GTR+F+R2      2197.143     35  4464.286     4466.381     4643.558
  6  GTR+F+R3      2193.899     37  4461.797     4464.138     4651.313
 15  SYM+I         2213.971     31  4489.942     4491.586     4648.726
 16  SYM+G4        2214.489     31  4490.978     4492.622     4649.762
 17  SYM+I+G4      2214.048     32  4492.096     4493.847     4656.002
 28  TVM+F+I       2190.988     33  4447.977     4449.839     4617.005
 29  TVM+F+G4      2191.822     33  4449.643     4451.506     4618.671
 30  TVM+F+I+G4    2191.054     34  4450.109     4452.086     4624.259
 41  TVMe+I        2214.285     30  4488.571     4490.110     4642.232
 42  TVMe+G4       2214.868     30  4489.737     4491.276     4643.398
 43  TVMe+I+G4     2214.361     31  4490.722     4492.365     4649.506
 54  TIM3+F+I      2193.543     32  4451.086     4452.837     4614.992
 55  TIM3+F+G4     2194.183     32  4452.365     4454.117     4616.271
 56  TIM3+F+I+G4   2193.601     33  4453.202     4455.065     4622.230
 67  TIM3e+I       2216.099     29  4490.198     4491.638     4638.738
 68  TIM3e+G4      2216.505     29  4491.010     4492.449     4639.550
 69  TIM3e+I+G4    2216.156     30  4492.312     4493.852     4645.974
 80  TIM2+F+I      2193.293     32  4450.586     4452.337     4614.492
 81  TIM2+F+G4     2193.952     32  4451.905     4453.656     4615.811
 82  TIM2+F+I+G4   2193.337     33  4452.675     4454.537     4621.703
 93  TIM2e+I       2215.952     29  4489.904     4491.343     4638.443
 94  TIM2e+G4      2216.375     29  4490.751     4492.190     4639.290
 95  TIM2e+I+G4    2216.005     30  4492.011     4493.551     4645.673
106  TIM+F+I       2191.344     32  4446.687     4448.438     4610.593
107  TIM+F+G4      2192.189     32  4448.378     4450.130     4612.284
108  TIM+F+I+G4    2191.423     33  4448.846     4450.708     4617.874
119  TIMe+I        2214.116     29  4486.232     4487.671     4634.772
120  TIMe+G4       2214.621     29  4487.242     4488.681     4635.782
121  TIMe+I+G4     2214.200     30  4488.400     4489.940     4642.062
132  TPM3u+F+I     2193.551     31  4449.101     4450.745     4607.885
133  TPM3u+F+G4    2194.184     31  4450.368     4452.012     4609.152
134  TPM3u+F+I+G4  2193.607     32  4451.214     4452.966     4615.120
145  TPM3+F+I      2193.550     31  4449.101     4450.745     4607.885
146  TPM3+F+G4     2194.184     31  4450.368     4452.012     4609.152
147  TPM3+F+I+G4   2193.608     32  4451.216     4452.968     4615.122
158  TPM2u+F+I     2193.295     31  4448.590     4450.234     4607.374
159  TPM2u+F+G4    2193.954     31  4449.908     4451.552     4608.692
160  TPM2u+F+I+G4  2193.344     32  4450.689     4452.440     4614.595
171  TPM2+F+I      2193.295     31  4448.590     4450.233     4607.374
172  TPM2+F+G4     2193.954     31  4449.908     4451.552     4608.692
173  TPM2+F+I+G4   2193.345     32  4450.691     4452.442     4614.596
184  K3Pu+F+I      2191.356     31  4444.711     4446.355     4603.495
185  K3Pu+F+G4     2192.193     31  4446.386     4448.029     4605.169
186  K3Pu+F+I+G4   2191.436     32  4446.872     4448.623     4610.777
197  K3P+I         2214.434     28  4484.868     4486.211     4628.286
198  K3P+G4        2215.002     28  4486.004     4487.346     4629.421
199  K3P+I+G4      2214.519     29  4487.038     4488.477     4635.578
210  TN+F+I        2193.807     31  4449.615     4451.259     4608.399
211  TN+F+G4       2194.405     31  4450.811     4452.454     4609.594
212  TN+F+I+G4     2193.867     32  4451.733     4453.484     4615.639
223  TNe+I         2216.154     28  4488.309     4489.651     4631.726
224  TNe+G4        2216.551     28  4489.101     4490.444     4632.519
225  TNe+I+G4      2216.212     29  4490.424     4491.863     4638.964
236  HKY+F+I       2193.814     30  4447.628     4449.168     4601.290
237  HKY+F+G4      2194.407     30  4448.814     4450.354     4602.476
238  HKY+F+I+G4    2193.874     31  4449.748     4451.391     4608.532
249  K2P+I         2216.487     27  4486.975     4488.223     4625.270
250  K2P+G4        2216.937     27  4487.873     4489.122     4626.169
251  K2P+I+G4      2216.550     28  4489.099     4490.441     4632.517
262  F81+F+I       2208.241     29  4474.481     4475.921     4623.021
263  F81+F+G4      2208.607     29  4475.214     4476.653     4623.754
264  F81+F+I+G4    2208.323     30  4476.646     4478.186     4630.308
275  JC+I          2231.402     26  4514.804     4515.962     4647.978
276  JC+G4         2231.661     26  4515.323     4516.481     4648.496
277  JC+I+G4       2231.482     27  4516.963     4518.212     4655.259
Akaike Information Criterion:           K3Pu+F+I
Corrected Akaike Information Criterion: K3Pu+F+I
Bayesian Information Criterion:         HKY+F+I
Best-fit model: HKY+F+I chosen according to BIC

All model information printed to 90116at7898.fltrd_aligned.fas.model.gz
CPU time for ModelFinder: 0.212 seconds (0h:0m:0s)
Wall-clock time for ModelFinder: 0.219 seconds (0h:0m:0s)
Generating 1000 samples for ultrafast bootstrap (seed: 202927)...

NOTE: 0 MB RAM (0 GB) is required!
Estimate model parameters (epsilon = 0.100)
1. Initial log-likelihood: -2193.814
Optimal log-likelihood: -2193.813
Rate parameters:  A-C: 1.00000  A-G: 3.63581  A-T: 1.00000  C-G: 1.00000  C-T: 3.63581  G-T: 1.00000
Base frequencies:  A: 0.244  C: 0.236  G: 0.329  T: 0.191
Proportion of invariable sites: 0.825
Parameters optimization took 1 rounds (0.000 sec)
Computing ML distances based on estimated model parameters...
Computing ML distances took 0.000823 sec (of wall-clock time) 0.000796 sec(of CPU time)
Computing RapidNJ tree took 0.000043 sec (of wall-clock time) 0.000000 sec (of CPU time)
Log-likelihood of RapidNJ tree: -2202.017
--------------------------------------------------------------------
|             INITIALIZING CANDIDATE TREE SET                      |
--------------------------------------------------------------------
Generating 98 parsimony trees... 0.045 second
Computing log-likelihood of 97 initial trees ... 0.026 seconds
Current best score: -2193.813

Do NNI search on 20 best initial trees
Estimate model parameters (epsilon = 0.100)
BETTER TREE FOUND at iteration 1: -2193.813
UPDATE BEST LOG-LIKELIHOOD: -2193.813
UPDATE BEST LOG-LIKELIHOOD: -2193.813
UPDATE BEST LOG-LIKELIHOOD: -2193.813
UPDATE BEST LOG-LIKELIHOOD: -2193.813
Iteration 10 / LogL: -2193.813 / Time: 0h:0m:0s
Iteration 20 / LogL: -2193.814 / Time: 0h:0m:0s
Finish initializing candidate tree set (2)
Current best tree score: -2193.813 / CPU time: 0.186
Number of iterations: 20
--------------------------------------------------------------------
|               OPTIMIZING CANDIDATE TREE SET                      |
--------------------------------------------------------------------
Iteration 30 / LogL: -2193.881 / Time: 0h:0m:0s (0h:0m:0s left)
Iteration 40 / LogL: -2193.826 / Time: 0h:0m:0s (0h:0m:0s left)
Iteration 50 / LogL: -2193.820 / Time: 0h:0m:0s (0h:0m:0s left)
Log-likelihood cutoff on original alignment: -2230.663
Iteration 60 / LogL: -2193.813 / Time: 0h:0m:0s (0h:0m:0s left)
Iteration 70 / LogL: -2193.815 / Time: 0h:0m:0s (0h:0m:0s left)
Iteration 80 / LogL: -2193.862 / Time: 0h:0m:0s (0h:0m:0s left)
UPDATE BEST LOG-LIKELIHOOD: -2193.813
Iteration 90 / LogL: -2193.815 / Time: 0h:0m:0s (0h:0m:0s left)
Iteration 100 / LogL: -2193.823 / Time: 0h:0m:0s (0h:0m:0s left)
Log-likelihood cutoff on original alignment: -2226.372
NOTE: Bootstrap correlation coefficient of split occurrence frequencies: 0.997
TREE SEARCH COMPLETED AFTER 102 ITERATIONS / Time: 0h:0m:0s

--------------------------------------------------------------------
|                    FINALIZING TREE SEARCH                        |
--------------------------------------------------------------------
Performs final model parameters optimization
Estimate model parameters (epsilon = 0.010)
1. Initial log-likelihood: -2193.813
Optimal log-likelihood: -2193.813
Rate parameters:  A-C: 1.00000  A-G: 3.63969  A-T: 1.00000  C-G: 1.00000  C-T: 3.63969  G-T: 1.00000
Base frequencies:  A: 0.244  C: 0.236  G: 0.329  T: 0.191
Proportion of invariable sites: 0.825
Parameters optimization took 1 rounds (0.001 sec)
BEST SCORE FOUND : -2193.813
Creating bootstrap support values...
Split supports printed to NEXUS file 90116at7898.fltrd_aligned.fas.splits.nex
Total tree length: 0.074

Total number of iterations: 102
CPU time used for tree search: 0.663 sec (0h:0m:0s)
Wall-clock time used for tree search: 0.748 sec (0h:0m:0s)
Total CPU time used: 0.700 sec (0h:0m:0s)
Total wall-clock time used: 0.793 sec (0h:0m:0s)

Computing bootstrap consensus tree...
Reading input file 90116at7898.fltrd_aligned.fas.splits.nex...
14 taxa and 115 splits.
Consensus tree written to 90116at7898.fltrd_aligned.fas.contree
Reading input trees file 90116at7898.fltrd_aligned.fas.contree
Log-likelihood of consensus tree: -2193.835

Analysis results written to: 
  IQ-TREE report:                90116at7898.fltrd_aligned.fas.iqtree
  Maximum-likelihood tree:       90116at7898.fltrd_aligned.fas.treefile
  Likelihood distances:          90116at7898.fltrd_aligned.fas.mldist

Ultrafast bootstrap approximation results written to:
  Split support values:          90116at7898.fltrd_aligned.fas.splits.nex
  Consensus tree:                90116at7898.fltrd_aligned.fas.contree
  Screen log file:               90116at7898.fltrd_aligned.fas.log

Date and Time: Tue Dec  2 14:50:14 2025
