IQ-TREE multicore version 2.1.3 COVID-edition for Linux 64-bit built Apr 21 2021
Developed by Bui Quang Minh, James Barbetti, Nguyen Lam Tung,
Olga Chernomor, Heiko Schmidt, Dominik Schrempf, Michael Woodhams.

Host:    gombessa.rcs.alaska.edu (AVX2, FMA3, 503 GB RAM)
Command: /export/scratch/tsvanorden/Char_Phylogenetics/src/iqtree-2.1.3-Linux/bin/iqtree2 -s 131078at7898.fltrd_aligned.fas -m MFP -bb 1000 -T 1
Seed:    839875 (Using SPRNG - Scalable Parallel Random Number Generator)
Time:    Tue Dec  2 14:49:43 2025
Kernel:  AVX+FMA - 1 threads (1 CPU cores detected)

Reading alignment file 131078at7898.fltrd_aligned.fas ... Fasta format detected
Alignment most likely contains DNA/RNA sequences
Alignment has 20 sequences with 468 columns, 12 distinct patterns
3 parsimony-informative, 12 singleton sites, 453 constant sites
                                Gap/Ambiguity  Composition  p-value
   1  251140_Ward_Creek                 0.00%    passed     99.97%
   2  260512_Pybus_Point                0.00%    passed     99.97%
   3  261935_Kenai_River                0.00%    passed     99.97%
   4  353213_Cropley_Lake               0.00%    passed     99.97%
   5  353219_Peterson_Creek             0.00%    passed     99.97%
   6  353220_Fish_Creek                 0.00%    passed     99.97%
   7  353246_Cottonwood_Creek           0.00%    passed     99.97%
   8  353379_Skagit_River               0.00%    passed     99.97%
   9  353381_Dungeness_River            0.00%    passed     99.97%
  10  353401_Peace_River                0.00%    passed     99.98%
  11  353407_Noatok                     0.00%    passed     99.97%
  12  353410_Horizon_Lake               0.00%    passed     99.97%
  13  92319_Little_Lost                 0.00%    passed     99.98%
  14  94280_St_Joe                      0.00%    passed     99.98%
  15  GCA016432855_Lake_Trout           0.00%    passed     99.98%
  16  GCA036784925_Maine_S_alpinus      0.00%    passed     99.97%
  17  GCA045679555_Iceland_A_alpinus    0.00%    passed     99.97%
  18  GCF013265735_Rainbow_Trout        0.00%    passed     78.68%
  19  GCF029448725_Brook_Trout          0.00%    passed     99.82%
  20  Methow_River_99895                0.00%    passed     99.98%
****  TOTAL                             0.00%  0 sequences failed composition chi2 test (p-value<5%; df=3)
NOTE: 260512_Pybus_Point is identical to 251140_Ward_Creek but kept for subsequent analysis
NOTE: 353379_Skagit_River is identical to 353246_Cottonwood_Creek but kept for subsequent analysis
NOTE: 92319_Little_Lost is identical to 353401_Peace_River but kept for subsequent analysis
NOTE: 11 identical sequences (see below) will be ignored for subsequent analysis
NOTE: 261935_Kenai_River (identical to 251140_Ward_Creek) is ignored but added at the end
NOTE: 353213_Cropley_Lake (identical to 251140_Ward_Creek) is ignored but added at the end
NOTE: 353219_Peterson_Creek (identical to 251140_Ward_Creek) is ignored but added at the end
NOTE: 353220_Fish_Creek (identical to 251140_Ward_Creek) is ignored but added at the end
NOTE: 353381_Dungeness_River (identical to 251140_Ward_Creek) is ignored but added at the end
NOTE: 353407_Noatok (identical to 353246_Cottonwood_Creek) is ignored but added at the end
NOTE: 353410_Horizon_Lake (identical to 353246_Cottonwood_Creek) is ignored but added at the end
NOTE: GCA036784925_Maine_S_alpinus (identical to 353246_Cottonwood_Creek) is ignored but added at the end
NOTE: GCA045679555_Iceland_A_alpinus (identical to 353246_Cottonwood_Creek) is ignored but added at the end
NOTE: 94280_St_Joe (identical to 353401_Peace_River) is ignored but added at the end
NOTE: Methow_River_99895 (identical to 353401_Peace_River) is ignored but added at the end
Alignment was printed to 131078at7898.fltrd_aligned.fas.uniqueseq.phy

For your convenience alignment with unique sequences printed to 131078at7898.fltrd_aligned.fas.uniqueseq.phy


Create initial parsimony tree by phylogenetic likelihood library (PLL)... 0.000 seconds
Perform fast likelihood tree search using GTR+I+G model...
Estimate model parameters (epsilon = 5.000)
Perform nearest neighbor interchange...
Estimate model parameters (epsilon = 1.000)
1. Initial log-likelihood: -733.846
Optimal log-likelihood: -733.845
Rate parameters:  A-C: 1.79691  A-G: 1.79000  A-T: 0.00010  C-G: 0.00010  C-T: 6.86158  G-T: 1.00000
Base frequencies:  A: 0.309  C: 0.236  G: 0.236  T: 0.218
Proportion of invariable sites: 0.483
Gamma shape alpha: 998.447
Parameters optimization took 1 rounds (0.001 sec)
Time for fast ML tree search: 0.003 seconds

NOTE: ModelFinder requires 0 MB RAM!
ModelFinder will test up to 286 DNA models (sample size: 468) ...
 No. Model         -LnL         df  AIC          AICc         BIC
  1  GTR+F         733.635      23  1513.269     1515.756     1608.684
  2  GTR+F+I       733.634      24  1515.267     1517.976     1614.830
  3  GTR+F+G4      733.634      24  1515.267     1517.976     1614.831
  4  GTR+F+I+G4    733.844      25  1517.687     1520.628     1621.399
  5  GTR+F+R2      733.733      25  1517.465     1520.406     1621.177
  6  GTR+F+R3      733.757      27  1521.515     1524.951     1633.523
 14  SYM           738.177      20  1516.354     1518.233     1599.323
 15  SYM+I         738.167      21  1518.333     1520.405     1605.451
 16  SYM+G4        738.167      21  1518.334     1520.406     1605.452
 27  TVM+F         735.868      22  1515.736     1518.010     1607.002
 28  TVM+F+I       735.868      23  1517.735     1520.222     1613.150
 29  TVM+F+G4      735.868      23  1517.736     1520.222     1613.150
 40  TVMe          739.875      19  1517.750     1519.447     1596.571
 41  TVMe+I        739.872      20  1519.744     1521.623     1602.713
 42  TVMe+G4       739.872      20  1519.744     1521.624     1602.714
 53  TIM3+F        736.142      21  1514.285     1516.356     1601.402
 54  TIM3+F+I      736.142      22  1516.284     1518.559     1607.551
 55  TIM3+F+G4     736.143      22  1516.285     1518.559     1607.552
 66  TIM3e         740.772      18  1517.543     1519.066     1592.215
 67  TIM3e+I       740.771      19  1519.543     1521.239     1598.364
 68  TIM3e+G4      740.772      19  1519.543     1521.240     1598.364
 79  TIM2+F        736.299      21  1514.599     1516.671     1601.717
 80  TIM2+F+I      736.300      22  1516.599     1518.873     1607.865
 81  TIM2+F+G4     736.300      22  1516.599     1518.873     1607.865
 92  TIM2e         740.871      18  1517.743     1519.266     1592.415
 93  TIM2e+I       740.873      19  1519.747     1521.443     1598.568
 94  TIM2e+G4      740.873      19  1519.747     1521.443     1598.568
105  TIM+F         734.061      21  1510.123     1512.194     1597.241
106  TIM+F+I       734.230      22  1512.460     1514.734     1603.726
107  TIM+F+G4      734.244      22  1512.488     1514.763     1603.755
118  TIMe          738.590      18  1513.179     1514.703     1587.852
119  TIMe+I        738.552      19  1515.105     1516.801     1593.926
120  TIMe+G4       738.553      19  1515.106     1516.802     1593.926
131  TPM3u+F       738.385      20  1516.770     1518.649     1599.739
132  TPM3u+F+I     738.386      21  1518.771     1520.843     1605.889
133  TPM3u+F+G4    738.385      21  1518.770     1520.842     1605.888
144  TPM3+F        738.385      20  1516.770     1518.649     1599.739
145  TPM3+F+I      738.386      21  1518.771     1520.843     1605.889
146  TPM3+F+G4     738.385      21  1518.770     1520.842     1605.888
157  TPM2u+F       738.551      20  1517.102     1518.981     1600.071
158  TPM2u+F+I     738.551      21  1519.102     1521.174     1606.220
159  TPM2u+F+G4    738.551      21  1519.102     1521.174     1606.220
170  TPM2+F        738.551      20  1517.102     1518.981     1600.071
171  TPM2+F+I      738.551      21  1519.102     1521.174     1606.220
172  TPM2+F+G4     738.551      21  1519.102     1521.174     1606.220
183  K3Pu+F        736.115      20  1512.231     1514.110     1595.200
184  K3Pu+F+I      736.115      21  1514.230     1516.302     1601.348
185  K3Pu+F+G4     736.115      21  1514.231     1516.303     1601.349
196  K3P           740.235      17  1514.471     1515.831     1584.995
197  K3P+I         740.235      18  1516.471     1517.994     1591.143
198  K3P+G4        740.236      18  1516.471     1517.994     1591.143
209  TN+F          736.589      20  1513.178     1515.057     1596.147
210  TN+F+I        736.589      21  1515.178     1517.250     1602.296
211  TN+F+G4       736.589      21  1515.178     1517.250     1602.296
222  TNe           741.258      17  1516.516     1517.876     1587.040
223  TNe+I         741.258      18  1518.516     1520.039     1593.188
224  TNe+G4        741.258      18  1518.516     1520.039     1593.188
235  HKY+F         738.838      19  1515.675     1517.372     1594.496
236  HKY+F+I       738.837      20  1517.674     1519.554     1600.644
237  HKY+F+G4      738.837      20  1517.675     1519.554     1600.644
248  K2P           742.972      16  1517.945     1519.151     1584.320
249  K2P+I         742.972      17  1519.944     1521.304     1590.467
250  K2P+G4        742.972      17  1519.944     1521.304     1590.468
261  F81+F         743.793      18  1523.586     1525.110     1598.259
262  F81+F+I       743.793      19  1525.586     1527.283     1604.407
263  F81+F+G4      743.793      19  1525.587     1527.283     1604.408
274  JC            747.969      15  1525.939     1527.001     1588.166
275  JC+I          747.969      16  1527.939     1529.145     1594.314
276  JC+G4         747.970      16  1527.939     1529.145     1594.315
Akaike Information Criterion:           TIM+F
Corrected Akaike Information Criterion: TIM+F
Bayesian Information Criterion:         K2P
Best-fit model: K2P chosen according to BIC

All model information printed to 131078at7898.fltrd_aligned.fas.model.gz
CPU time for ModelFinder: 0.064 seconds (0h:0m:0s)
Wall-clock time for ModelFinder: 0.067 seconds (0h:0m:0s)
Generating 1000 samples for ultrafast bootstrap (seed: 839875)...

NOTE: 0 MB RAM (0 GB) is required!
Estimate model parameters (epsilon = 0.100)
1. Initial log-likelihood: -742.972
Optimal log-likelihood: -742.972
Rate parameters:  A-C: 1.00000  A-G: 5.43943  A-T: 1.00000  C-G: 1.00000  C-T: 5.43943  G-T: 1.00000
Base frequencies:  A: 0.250  C: 0.250  G: 0.250  T: 0.250
Parameters optimization took 1 rounds (0.000 sec)
Computing ML distances based on estimated model parameters...
Computing ML distances took 0.000184 sec (of wall-clock time) 0.000166 sec(of CPU time)
Computing RapidNJ tree took 0.000025 sec (of wall-clock time) 0.000022 sec (of CPU time)
Log-likelihood of RapidNJ tree: -742.976
--------------------------------------------------------------------
|             INITIALIZING CANDIDATE TREE SET                      |
--------------------------------------------------------------------
Generating 98 parsimony trees... 0.012 second
Computing log-likelihood of 91 initial trees ... 0.006 seconds
Current best score: -742.972

Do NNI search on 20 best initial trees
Estimate model parameters (epsilon = 0.100)
BETTER TREE FOUND at iteration 1: -742.972
Iteration 10 / LogL: -742.972 / Time: 0h:0m:0s
Iteration 20 / LogL: -742.972 / Time: 0h:0m:0s
Finish initializing candidate tree set (13)
Current best tree score: -742.972 / CPU time: 0.052
Number of iterations: 20
--------------------------------------------------------------------
|               OPTIMIZING CANDIDATE TREE SET                      |
--------------------------------------------------------------------
Iteration 30 / LogL: -742.973 / Time: 0h:0m:0s (0h:0m:0s left)
Iteration 40 / LogL: -742.973 / Time: 0h:0m:0s (0h:0m:0s left)
Iteration 50 / LogL: -742.975 / Time: 0h:0m:0s (0h:0m:0s left)
Log-likelihood cutoff on original alignment: -757.654
UPDATE BEST LOG-LIKELIHOOD: -742.972
Iteration 60 / LogL: -742.973 / Time: 0h:0m:0s (0h:0m:0s left)
Iteration 70 / LogL: -742.972 / Time: 0h:0m:0s (0h:0m:0s left)
Iteration 80 / LogL: -750.213 / Time: 0h:0m:0s (0h:0m:0s left)
UPDATE BEST LOG-LIKELIHOOD: -742.972
Iteration 90 / LogL: -742.973 / Time: 0h:0m:0s (0h:0m:0s left)
Iteration 100 / LogL: -742.973 / Time: 0h:0m:0s (0h:0m:0s left)
Log-likelihood cutoff on original alignment: -757.654
NOTE: Bootstrap correlation coefficient of split occurrence frequencies: 0.989
NOTE: UFBoot does not converge, continue at least 100 more iterations
Iteration 110 / LogL: -742.973 / Time: 0h:0m:0s (0h:0m:0s left)
Iteration 120 / LogL: -742.973 / Time: 0h:0m:0s (0h:0m:0s left)
Iteration 130 / LogL: -750.213 / Time: 0h:0m:0s (0h:0m:0s left)
Iteration 140 / LogL: -742.973 / Time: 0h:0m:0s (0h:0m:0s left)
Iteration 150 / LogL: -742.975 / Time: 0h:0m:0s (0h:0m:0s left)
Log-likelihood cutoff on original alignment: -757.851
Iteration 160 / LogL: -742.972 / Time: 0h:0m:0s (0h:0m:0s left)
Iteration 170 / LogL: -742.975 / Time: 0h:0m:0s (0h:0m:0s left)
Iteration 180 / LogL: -742.973 / Time: 0h:0m:0s (0h:0m:0s left)
Iteration 190 / LogL: -742.973 / Time: 0h:0m:0s (0h:0m:0s left)
Iteration 200 / LogL: -742.972 / Time: 0h:0m:0s (0h:0m:0s left)
Log-likelihood cutoff on original alignment: -757.851
NOTE: Bootstrap correlation coefficient of split occurrence frequencies: 0.985
NOTE: UFBoot does not converge, continue at least 100 more iterations
Iteration 210 / LogL: -742.973 / Time: 0h:0m:0s (0h:0m:0s left)
Iteration 220 / LogL: -742.975 / Time: 0h:0m:0s (0h:0m:0s left)
Iteration 230 / LogL: -742.972 / Time: 0h:0m:0s (0h:0m:0s left)
Iteration 240 / LogL: -742.973 / Time: 0h:0m:0s (0h:0m:0s left)
Iteration 250 / LogL: -742.973 / Time: 0h:0m:0s (0h:0m:0s left)
Log-likelihood cutoff on original alignment: -757.861
Iteration 260 / LogL: -742.973 / Time: 0h:0m:0s (0h:0m:0s left)
Iteration 270 / LogL: -742.974 / Time: 0h:0m:1s (0h:0m:0s left)
Iteration 280 / LogL: -742.974 / Time: 0h:0m:1s (0h:0m:0s left)
Iteration 290 / LogL: -742.972 / Time: 0h:0m:1s (0h:0m:0s left)
Iteration 300 / LogL: -742.973 / Time: 0h:0m:1s (0h:0m:0s left)
Log-likelihood cutoff on original alignment: -761.706
NOTE: Bootstrap correlation coefficient of split occurrence frequencies: 0.986
NOTE: UFBoot does not converge, continue at least 100 more iterations
UPDATE BEST LOG-LIKELIHOOD: -742.972
Iteration 310 / LogL: -742.973 / Time: 0h:0m:1s (0h:0m:0s left)
Iteration 320 / LogL: -742.973 / Time: 0h:0m:1s (0h:0m:0s left)
Iteration 330 / LogL: -742.972 / Time: 0h:0m:1s (0h:0m:0s left)
Iteration 340 / LogL: -742.973 / Time: 0h:0m:1s (0h:0m:0s left)
Iteration 350 / LogL: -742.972 / Time: 0h:0m:1s (0h:0m:0s left)
Log-likelihood cutoff on original alignment: -763.649
Iteration 360 / LogL: -742.973 / Time: 0h:0m:1s (0h:0m:0s left)
Iteration 370 / LogL: -742.975 / Time: 0h:0m:1s (0h:0m:0s left)
Iteration 380 / LogL: -742.972 / Time: 0h:0m:1s (0h:0m:0s left)
Iteration 390 / LogL: -742.973 / Time: 0h:0m:1s (0h:0m:0s left)
Iteration 400 / LogL: -742.976 / Time: 0h:0m:1s (0h:0m:0s left)
Log-likelihood cutoff on original alignment: -765.468
NOTE: Bootstrap correlation coefficient of split occurrence frequencies: 0.981
NOTE: UFBoot does not converge, continue at least 100 more iterations
Iteration 410 / LogL: -742.972 / Time: 0h:0m:1s (0h:0m:0s left)
Iteration 420 / LogL: -742.973 / Time: 0h:0m:1s (0h:0m:0s left)
Iteration 430 / LogL: -742.973 / Time: 0h:0m:1s (0h:0m:0s left)
Iteration 440 / LogL: -742.973 / Time: 0h:0m:1s (0h:0m:0s left)
Iteration 450 / LogL: -742.972 / Time: 0h:0m:1s (0h:0m:0s left)
Log-likelihood cutoff on original alignment: -768.862
Iteration 460 / LogL: -742.973 / Time: 0h:0m:1s (0h:0m:0s left)
Iteration 470 / LogL: -742.974 / Time: 0h:0m:1s (0h:0m:0s left)
Iteration 480 / LogL: -742.973 / Time: 0h:0m:1s (0h:0m:0s left)
Iteration 490 / LogL: -742.973 / Time: 0h:0m:1s (0h:0m:0s left)
Iteration 500 / LogL: -742.976 / Time: 0h:0m:1s (0h:0m:0s left)
Log-likelihood cutoff on original alignment: -769.558
NOTE: Bootstrap correlation coefficient of split occurrence frequencies: 0.979
NOTE: UFBoot does not converge, continue at least 100 more iterations
Iteration 510 / LogL: -742.973 / Time: 0h:0m:1s (0h:0m:0s left)
Iteration 520 / LogL: -742.973 / Time: 0h:0m:2s (0h:0m:0s left)
Iteration 530 / LogL: -742.973 / Time: 0h:0m:2s (0h:0m:0s left)
Iteration 540 / LogL: -742.972 / Time: 0h:0m:2s (0h:0m:0s left)
Iteration 550 / LogL: -742.972 / Time: 0h:0m:2s (0h:0m:0s left)
Log-likelihood cutoff on original alignment: -769.558
Iteration 560 / LogL: -742.973 / Time: 0h:0m:2s (0h:0m:0s left)
Iteration 570 / LogL: -742.973 / Time: 0h:0m:2s (0h:0m:0s left)
Iteration 580 / LogL: -742.972 / Time: 0h:0m:2s (0h:0m:0s left)
Iteration 590 / LogL: -750.212 / Time: 0h:0m:2s (0h:0m:0s left)
Iteration 600 / LogL: -742.972 / Time: 0h:0m:2s (0h:0m:0s left)
Log-likelihood cutoff on original alignment: -769.603
NOTE: Bootstrap correlation coefficient of split occurrence frequencies: 0.971
NOTE: UFBoot does not converge, continue at least 100 more iterations
Iteration 610 / LogL: -742.975 / Time: 0h:0m:2s (0h:0m:0s left)
Iteration 620 / LogL: -742.973 / Time: 0h:0m:2s (0h:0m:0s left)
Iteration 630 / LogL: -742.972 / Time: 0h:0m:2s (0h:0m:0s left)
Iteration 640 / LogL: -742.974 / Time: 0h:0m:2s (0h:0m:0s left)
Iteration 650 / LogL: -742.972 / Time: 0h:0m:2s (0h:0m:0s left)
Log-likelihood cutoff on original alignment: -769.558
Iteration 660 / LogL: -742.973 / Time: 0h:0m:2s (0h:0m:0s left)
Iteration 670 / LogL: -750.213 / Time: 0h:0m:2s (0h:0m:0s left)
Iteration 680 / LogL: -742.973 / Time: 0h:0m:2s (0h:0m:0s left)
Iteration 690 / LogL: -742.972 / Time: 0h:0m:2s (0h:0m:0s left)
Iteration 700 / LogL: -742.973 / Time: 0h:0m:2s (0h:0m:0s left)
Log-likelihood cutoff on original alignment: -769.217
NOTE: Bootstrap correlation coefficient of split occurrence frequencies: 0.982
NOTE: UFBoot does not converge, continue at least 100 more iterations
Iteration 710 / LogL: -742.976 / Time: 0h:0m:2s (0h:0m:0s left)
Iteration 720 / LogL: -742.973 / Time: 0h:0m:2s (0h:0m:0s left)
Iteration 730 / LogL: -742.973 / Time: 0h:0m:3s (0h:0m:0s left)
Iteration 740 / LogL: -742.973 / Time: 0h:0m:3s (0h:0m:0s left)
Iteration 750 / LogL: -742.972 / Time: 0h:0m:3s (0h:0m:0s left)
Log-likelihood cutoff on original alignment: -769.028
Iteration 760 / LogL: -742.973 / Time: 0h:0m:3s (0h:0m:0s left)
Iteration 770 / LogL: -742.974 / Time: 0h:0m:3s (0h:0m:0s left)
Iteration 780 / LogL: -742.975 / Time: 0h:0m:3s (0h:0m:0s left)
Iteration 790 / LogL: -742.972 / Time: 0h:0m:3s (0h:0m:0s left)
Iteration 800 / LogL: -742.974 / Time: 0h:0m:3s (0h:0m:0s left)
Log-likelihood cutoff on original alignment: -769.028
NOTE: Bootstrap correlation coefficient of split occurrence frequencies: 0.976
NOTE: UFBoot does not converge, continue at least 100 more iterations
Iteration 810 / LogL: -742.973 / Time: 0h:0m:3s (0h:0m:0s left)
Iteration 820 / LogL: -742.972 / Time: 0h:0m:3s (0h:0m:0s left)
Iteration 830 / LogL: -742.973 / Time: 0h:0m:3s (0h:0m:0s left)
Iteration 840 / LogL: -742.973 / Time: 0h:0m:3s (0h:0m:0s left)
Iteration 850 / LogL: -742.972 / Time: 0h:0m:3s (0h:0m:0s left)
Log-likelihood cutoff on original alignment: -769.215
Iteration 860 / LogL: -742.973 / Time: 0h:0m:3s (0h:0m:0s left)
Iteration 870 / LogL: -742.975 / Time: 0h:0m:3s (0h:0m:0s left)
Iteration 880 / LogL: -742.972 / Time: 0h:0m:3s (0h:0m:0s left)
Iteration 890 / LogL: -750.212 / Time: 0h:0m:3s (0h:0m:0s left)
Iteration 900 / LogL: -742.973 / Time: 0h:0m:3s (0h:0m:0s left)
Log-likelihood cutoff on original alignment: -768.908
NOTE: Bootstrap correlation coefficient of split occurrence frequencies: 0.976
NOTE: UFBoot does not converge, continue at least 100 more iterations
Iteration 910 / LogL: -742.973 / Time: 0h:0m:3s (0h:0m:0s left)
Iteration 920 / LogL: -742.973 / Time: 0h:0m:4s (0h:0m:0s left)
Iteration 930 / LogL: -742.973 / Time: 0h:0m:4s (0h:0m:0s left)
Iteration 940 / LogL: -742.974 / Time: 0h:0m:4s (0h:0m:0s left)
Iteration 950 / LogL: -742.972 / Time: 0h:0m:4s (0h:0m:0s left)
Log-likelihood cutoff on original alignment: -768.909
Iteration 960 / LogL: -742.973 / Time: 0h:0m:4s (0h:0m:0s left)
Iteration 970 / LogL: -742.972 / Time: 0h:0m:4s (0h:0m:0s left)
Iteration 980 / LogL: -742.973 / Time: 0h:0m:4s (0h:0m:0s left)
Iteration 990 / LogL: -742.973 / Time: 0h:0m:4s (0h:0m:0s left)
Iteration 1000 / LogL: -742.973 / Time: 0h:0m:4s (0h:0m:0s left)
Log-likelihood cutoff on original alignment: -768.909
NOTE: Bootstrap correlation coefficient of split occurrence frequencies: 0.990
TREE SEARCH COMPLETED AFTER 1000 ITERATIONS / Time: 0h:0m:4s

--------------------------------------------------------------------
|                    FINALIZING TREE SEARCH                        |
--------------------------------------------------------------------
Performs final model parameters optimization
Estimate model parameters (epsilon = 0.010)
1. Initial log-likelihood: -742.972
Optimal log-likelihood: -742.972
Rate parameters:  A-C: 1.00000  A-G: 5.46072  A-T: 1.00000  C-G: 1.00000  C-T: 5.46072  G-T: 1.00000
Base frequencies:  A: 0.250  C: 0.250  G: 0.250  T: 0.250
Parameters optimization took 1 rounds (0.000 sec)
BEST SCORE FOUND : -742.972
Creating bootstrap support values...
Split supports printed to NEXUS file 131078at7898.fltrd_aligned.fas.splits.nex
Total tree length: 0.032

Total number of iterations: 1000
CPU time used for tree search: 4.385 sec (0h:0m:4s)
Wall-clock time used for tree search: 4.509 sec (0h:0m:4s)
Total CPU time used: 4.408 sec (0h:0m:4s)
Total wall-clock time used: 4.542 sec (0h:0m:4s)

Computing bootstrap consensus tree...
Reading input file 131078at7898.fltrd_aligned.fas.splits.nex...
9 taxa and 108 splits.
Consensus tree written to 131078at7898.fltrd_aligned.fas.contree
Reading input trees file 131078at7898.fltrd_aligned.fas.contree
Log-likelihood of consensus tree: -742.977

Analysis results written to: 
  IQ-TREE report:                131078at7898.fltrd_aligned.fas.iqtree
  Maximum-likelihood tree:       131078at7898.fltrd_aligned.fas.treefile
  Likelihood distances:          131078at7898.fltrd_aligned.fas.mldist

Ultrafast bootstrap approximation results written to:
  Split support values:          131078at7898.fltrd_aligned.fas.splits.nex
  Consensus tree:                131078at7898.fltrd_aligned.fas.contree
  Screen log file:               131078at7898.fltrd_aligned.fas.log

Date and Time: Tue Dec  2 14:49:48 2025
