IQ-TREE multicore version 2.1.3 COVID-edition for Linux 64-bit built Apr 21 2021
Developed by Bui Quang Minh, James Barbetti, Nguyen Lam Tung,
Olga Chernomor, Heiko Schmidt, Dominik Schrempf, Michael Woodhams.

Host:    gombessa.rcs.alaska.edu (AVX2, FMA3, 503 GB RAM)
Command: /export/scratch/tsvanorden/Char_Phylogenetics/src/iqtree-2.1.3-Linux/bin/iqtree2 -s 37053at7898.fltrd_aligned.fas -m MFP -bb 1000 -T 1
Seed:    735985 (Using SPRNG - Scalable Parallel Random Number Generator)
Time:    Tue Dec  2 14:49:48 2025
Kernel:  AVX+FMA - 1 threads (1 CPU cores detected)

Reading alignment file 37053at7898.fltrd_aligned.fas ... Fasta format detected
Alignment most likely contains DNA/RNA sequences
Alignment has 20 sequences with 2025 columns, 71 distinct patterns
37 parsimony-informative, 43 singleton sites, 1945 constant sites
                                Gap/Ambiguity  Composition  p-value
   1  251140_Ward_Creek                 9.04%    passed     96.21%
   2  260512_Pybus_Point                9.48%    passed     94.59%
   3  261935_Kenai_River                9.48%    passed     94.59%
   4  353213_Cropley_Lake               9.48%    passed     94.59%
   5  353219_Peterson_Creek             9.04%    passed     96.21%
   6  353220_Fish_Creek                 9.04%    passed     96.21%
   7  353246_Cottonwood_Creek           9.04%    passed     96.21%
   8  353379_Skagit_River               1.04%    passed     88.19%
   9  353381_Dungeness_River           18.22%    passed     80.33%
  10  353401_Peace_River                1.04%    passed     83.65%
  11  353407_Noatok                     9.04%    passed     96.21%
  12  353410_Horizon_Lake               9.04%    passed     96.21%
  13  92319_Little_Lost                 4.64%    passed     66.72%
  14  94280_St_Joe                      1.04%    passed     83.65%
  15  GCA016432855_Lake_Trout           0.00%    passed     80.79%
  16  GCA036784925_Maine_S_alpinus      9.04%    passed     96.21%
  17  GCA045679555_Iceland_A_alpinus    9.04%    passed     96.90%
  18  GCF013265735_Rainbow_Trout        9.04%    passed     97.95%
  19  GCF029448725_Brook_Trout          9.04%    passed     98.30%
  20  Methow_River_99895                1.04%    passed     83.65%
****  TOTAL                             7.29%  0 sequences failed composition chi2 test (p-value<5%; df=3)
NOTE: 353219_Peterson_Creek is identical to 251140_Ward_Creek but kept for subsequent analysis
NOTE: 261935_Kenai_River is identical to 260512_Pybus_Point but kept for subsequent analysis
NOTE: 353407_Noatok is identical to 353246_Cottonwood_Creek but kept for subsequent analysis
NOTE: 94280_St_Joe is identical to 353401_Peace_River but kept for subsequent analysis
NOTE: 5 identical sequences (see below) will be ignored for subsequent analysis
NOTE: 353220_Fish_Creek (identical to 251140_Ward_Creek) is ignored but added at the end
NOTE: 353213_Cropley_Lake (identical to 260512_Pybus_Point) is ignored but added at the end
NOTE: 353410_Horizon_Lake (identical to 353246_Cottonwood_Creek) is ignored but added at the end
NOTE: GCA036784925_Maine_S_alpinus (identical to 353246_Cottonwood_Creek) is ignored but added at the end
NOTE: Methow_River_99895 (identical to 353401_Peace_River) is ignored but added at the end
Alignment was printed to 37053at7898.fltrd_aligned.fas.uniqueseq.phy

For your convenience alignment with unique sequences printed to 37053at7898.fltrd_aligned.fas.uniqueseq.phy


Create initial parsimony tree by phylogenetic likelihood library (PLL)... 0.000 seconds
Perform fast likelihood tree search using GTR+I+G model...
Estimate model parameters (epsilon = 5.000)
Perform nearest neighbor interchange...
Estimate model parameters (epsilon = 1.000)
1. Initial log-likelihood: -3395.636
Optimal log-likelihood: -3395.636
Rate parameters:  A-C: 2.26371  A-G: 2.04147  A-T: 1.13660  C-G: 1.16931  C-T: 2.63568  G-T: 1.00000
Base frequencies:  A: 0.201  C: 0.298  G: 0.273  T: 0.228
Proportion of invariable sites: 0.480
Gamma shape alpha: 1.531
Parameters optimization took 1 rounds (0.001 sec)
Time for fast ML tree search: 0.007 seconds

NOTE: ModelFinder requires 0 MB RAM!
ModelFinder will test up to 286 DNA models (sample size: 2025) ...
 No. Model         -LnL         df  AIC          AICc         BIC
  1  GTR+F         3397.401     35  6864.803     6866.070     7061.269
  2  GTR+F+I       3395.810     36  6863.621     6864.961     7065.701
  3  GTR+F+G4      3395.673     36  6863.346     6864.686     7065.426
  4  GTR+F+I+G4    3395.636     37  6865.272     6866.687     7072.965
  5  GTR+F+R2      3396.389     37  6866.778     6868.194     7074.471
  6  GTR+F+R3      3396.086     39  6870.172     6871.744     7089.092
 14  SYM           3414.694     32  6893.388     6894.448     7073.014
 15  SYM+I         3413.218     33  6892.436     6893.563     7077.675
 16  SYM+G4        3413.071     33  6892.143     6893.270     7077.383
 27  TVM+F         3397.637     34  6863.275     6864.471     7054.128
 28  TVM+F+I       3396.092     35  6862.183     6863.450     7058.649
 29  TVM+F+G4      3395.951     35  6861.903     6863.170     7058.369
 40  TVMe          3415.234     31  6892.468     6893.464     7066.481
 41  TVMe+I        3413.826     32  6891.652     6892.712     7071.278
 42  TVMe+G4       3413.675     32  6891.351     6892.411     7070.977
 53  TIM3+F        3398.972     33  6863.943     6865.070     7049.183
 54  TIM3+F+I      3397.443     34  6862.887     6864.083     7053.740
 55  TIM3+F+G4     3397.299     34  6862.599     6863.795     7053.452
 66  TIM3e         3415.517     30  6891.034     6891.967     7059.434
 67  TIM3e+I       3414.064     31  6890.128     6891.123     7064.141
 68  TIM3e+G4      3413.915     31  6889.830     6890.826     7063.844
 79  TIM2+F        3398.815     33  6863.631     6864.758     7048.870
 80  TIM2+F+I      3397.094     34  6862.188     6863.384     7053.041
 81  TIM2+F+G4     3396.968     34  6861.937     6863.133     7052.790
 92  TIM2e         3416.872     30  6893.744     6894.677     7062.144
 93  TIM2e+I       3415.261     31  6892.523     6893.518     7066.536
 94  TIM2e+G4      3415.126     31  6892.252     6893.248     7066.265
105  TIM+F         3399.553     33  6865.105     6866.232     7050.345
106  TIM+F+I       3397.854     34  6863.707     6864.903     7054.560
107  TIM+F+G4      3397.721     34  6863.443     6864.639     7054.296
118  TIMe          3416.996     30  6893.992     6894.925     7062.392
119  TIMe+I        3415.397     31  6892.794     6893.789     7066.807
120  TIMe+G4       3415.259     31  6892.518     6893.514     7066.531
131  TPM3u+F       3399.210     32  6862.419     6863.480     7042.046
132  TPM3u+F+I     3397.728     33  6861.455     6862.582     7046.695
133  TPM3u+F+G4    3397.580     33  6861.161     6862.288     7046.401
144  TPM3+F        3399.210     32  6862.419     6863.480     7042.046
145  TPM3+F+I      3397.728     33  6861.455     6862.582     7046.695
146  TPM3+F+G4     3397.580     33  6861.161     6862.288     7046.401
157  TPM2u+F       3399.046     32  6862.092     6863.152     7041.718
158  TPM2u+F+I     3397.375     33  6860.749     6861.876     7045.989
159  TPM2u+F+G4    3397.245     33  6860.490     6861.617     7045.730
170  TPM2+F        3399.046     32  6862.092     6863.152     7041.718
171  TPM2+F+I      3397.374     33  6860.749     6861.876     7045.988
172  TPM2+F+G4     3397.245     33  6860.491     6861.618     7045.730
183  K3Pu+F        3399.788     32  6863.577     6864.637     7043.203
184  K3Pu+F+I      3398.142     33  6862.283     6863.410     7047.523
185  K3Pu+F+G4     3398.006     33  6862.012     6863.139     7047.252
196  K3P           3417.523     29  6893.046     6893.918     7055.832
197  K3P+I         3415.991     30  6891.982     6892.915     7060.382
198  K3P+G4        3415.848     30  6891.695     6892.628     7060.095
209  TN+F          3400.106     32  6864.213     6865.273     7043.839
210  TN+F+I        3398.438     33  6862.876     6864.003     7048.116
211  TN+F+G4       3398.305     33  6862.611     6863.738     7047.850
222  TNe           3417.427     29  6892.855     6893.727     7055.641
223  TNe+I         3415.838     30  6891.676     6892.608     7060.075
224  TNe+G4        3415.699     30  6891.398     6892.331     7059.798
235  HKY+F         3400.340     31  6862.681     6863.676     7036.694
236  HKY+F+I       3398.723     32  6861.447     6862.507     7041.073
237  HKY+F+G4      3398.587     32  6861.173     6862.234     7040.800
248  K2P           3417.949     28  6891.898     6892.711     7049.071
249  K2P+I         3416.426     29  6890.852     6891.725     7053.639
250  K2P+G4        3416.282     29  6890.565     6891.437     7053.351
261  F81+F         3403.106     30  6866.212     6867.145     7034.612
262  F81+F+I       3401.544     31  6865.087     6866.083     7039.100
263  F81+F+G4      3401.403     31  6864.805     6865.801     7038.818
274  JC            3420.581     27  6895.163     6895.920     7046.723
275  JC+I          3419.074     28  6894.149     6894.962     7051.322
276  JC+G4         3418.929     28  6893.859     6894.672     7051.032
Akaike Information Criterion:           TPM2u+F+G4
Corrected Akaike Information Criterion: TPM2u+F+G4
Bayesian Information Criterion:         F81+F
Best-fit model: F81+F chosen according to BIC

All model information printed to 37053at7898.fltrd_aligned.fas.model.gz
CPU time for ModelFinder: 0.100 seconds (0h:0m:0s)
Wall-clock time for ModelFinder: 0.108 seconds (0h:0m:0s)
Generating 1000 samples for ultrafast bootstrap (seed: 735985)...

NOTE: 0 MB RAM (0 GB) is required!
Estimate model parameters (epsilon = 0.100)
1. Initial log-likelihood: -3403.106
Optimal log-likelihood: -3403.106
Rate parameters:  A-C: 1.00000  A-G: 1.00000  A-T: 1.00000  C-G: 1.00000  C-T: 1.00000  G-T: 1.00000
Base frequencies:  A: 0.201  C: 0.298  G: 0.273  T: 0.228
Parameters optimization took 1 rounds (0.000 sec)
Computing ML distances based on estimated model parameters...
Computing ML distances took 0.000728 sec (of wall-clock time) 0.000697 sec(of CPU time)
Computing RapidNJ tree took 0.000050 sec (of wall-clock time) 0.000044 sec (of CPU time)
Log-likelihood of RapidNJ tree: -3427.593
--------------------------------------------------------------------
|             INITIALIZING CANDIDATE TREE SET                      |
--------------------------------------------------------------------
Generating 98 parsimony trees... 0.037 second
Computing log-likelihood of 98 initial trees ... 0.024 seconds
Current best score: -3403.106

Do NNI search on 20 best initial trees
Estimate model parameters (epsilon = 0.100)
BETTER TREE FOUND at iteration 1: -3403.106
UPDATE BEST LOG-LIKELIHOOD: -3403.106
UPDATE BEST LOG-LIKELIHOOD: -3403.106
UPDATE BEST LOG-LIKELIHOOD: -3403.106
UPDATE BEST LOG-LIKELIHOOD: -3403.106
Iteration 10 / LogL: -3403.106 / Time: 0h:0m:0s
UPDATE BEST LOG-LIKELIHOOD: -3403.106
Iteration 20 / LogL: -3403.106 / Time: 0h:0m:0s
Finish initializing candidate tree set (1)
Current best tree score: -3403.106 / CPU time: 0.167
Number of iterations: 20
--------------------------------------------------------------------
|               OPTIMIZING CANDIDATE TREE SET                      |
--------------------------------------------------------------------
Iteration 30 / LogL: -3403.115 / Time: 0h:0m:0s (0h:0m:0s left)
UPDATE BEST LOG-LIKELIHOOD: -3403.106
Iteration 40 / LogL: -3403.106 / Time: 0h:0m:0s (0h:0m:0s left)
Iteration 50 / LogL: -3403.114 / Time: 0h:0m:0s (0h:0m:0s left)
Log-likelihood cutoff on original alignment: -3414.808
Iteration 60 / LogL: -3406.371 / Time: 0h:0m:0s (0h:0m:0s left)
Iteration 70 / LogL: -3403.114 / Time: 0h:0m:0s (0h:0m:0s left)
Iteration 80 / LogL: -3406.368 / Time: 0h:0m:0s (0h:0m:0s left)
Iteration 90 / LogL: -3403.112 / Time: 0h:0m:0s (0h:0m:0s left)
Iteration 100 / LogL: -3403.110 / Time: 0h:0m:0s (0h:0m:0s left)
Log-likelihood cutoff on original alignment: -3418.658
NOTE: Bootstrap correlation coefficient of split occurrence frequencies: 0.983
NOTE: UFBoot does not converge, continue at least 100 more iterations
Iteration 110 / LogL: -3406.367 / Time: 0h:0m:0s (0h:0m:0s left)
Iteration 120 / LogL: -3403.113 / Time: 0h:0m:0s (0h:0m:0s left)
Iteration 130 / LogL: -3403.110 / Time: 0h:0m:0s (0h:0m:0s left)
Iteration 140 / LogL: -3403.114 / Time: 0h:0m:0s (0h:0m:0s left)
Iteration 150 / LogL: -3406.367 / Time: 0h:0m:0s (0h:0m:0s left)
Log-likelihood cutoff on original alignment: -3420.310
Iteration 160 / LogL: -3403.113 / Time: 0h:0m:0s (0h:0m:0s left)
Iteration 170 / LogL: -3403.108 / Time: 0h:0m:1s (0h:0m:0s left)
Iteration 180 / LogL: -3403.112 / Time: 0h:0m:1s (0h:0m:0s left)
Iteration 190 / LogL: -3403.108 / Time: 0h:0m:1s (0h:0m:0s left)
Iteration 200 / LogL: -3403.112 / Time: 0h:0m:1s (0h:0m:0s left)
Log-likelihood cutoff on original alignment: -3421.106
NOTE: Bootstrap correlation coefficient of split occurrence frequencies: 0.992
TREE SEARCH COMPLETED AFTER 200 ITERATIONS / Time: 0h:0m:1s

--------------------------------------------------------------------
|                    FINALIZING TREE SEARCH                        |
--------------------------------------------------------------------
Performs final model parameters optimization
Estimate model parameters (epsilon = 0.010)
1. Initial log-likelihood: -3403.106
Optimal log-likelihood: -3403.106
Rate parameters:  A-C: 1.00000  A-G: 1.00000  A-T: 1.00000  C-G: 1.00000  C-T: 1.00000  G-T: 1.00000
Base frequencies:  A: 0.201  C: 0.298  G: 0.273  T: 0.228
Parameters optimization took 1 rounds (0.000 sec)
BEST SCORE FOUND : -3403.106
Creating bootstrap support values...
Split supports printed to NEXUS file 37053at7898.fltrd_aligned.fas.splits.nex
Total tree length: 0.045

Total number of iterations: 200
CPU time used for tree search: 1.084 sec (0h:0m:1s)
Wall-clock time used for tree search: 1.178 sec (0h:0m:1s)
Total CPU time used: 1.119 sec (0h:0m:1s)
Total wall-clock time used: 1.219 sec (0h:0m:1s)

Computing bootstrap consensus tree...
Reading input file 37053at7898.fltrd_aligned.fas.splits.nex...
15 taxa and 75 splits.
Consensus tree written to 37053at7898.fltrd_aligned.fas.contree
Reading input trees file 37053at7898.fltrd_aligned.fas.contree
Log-likelihood of consensus tree: -3403.152

Analysis results written to: 
  IQ-TREE report:                37053at7898.fltrd_aligned.fas.iqtree
  Maximum-likelihood tree:       37053at7898.fltrd_aligned.fas.treefile
  Likelihood distances:          37053at7898.fltrd_aligned.fas.mldist

Ultrafast bootstrap approximation results written to:
  Split support values:          37053at7898.fltrd_aligned.fas.splits.nex
  Consensus tree:                37053at7898.fltrd_aligned.fas.contree
  Screen log file:               37053at7898.fltrd_aligned.fas.log

Date and Time: Tue Dec  2 14:49:50 2025
