IQ-TREE multicore version 2.1.3 COVID-edition for Linux 64-bit built Apr 21 2021
Developed by Bui Quang Minh, James Barbetti, Nguyen Lam Tung,
Olga Chernomor, Heiko Schmidt, Dominik Schrempf, Michael Woodhams.

Host:    gombessa.rcs.alaska.edu (AVX2, FMA3, 503 GB RAM)
Command: /export/scratch/tsvanorden/Char_Phylogenetics/src/iqtree-2.1.3-Linux/bin/iqtree2 -s 23846at7898.fltrd_aligned.fas -m MFP -bb 1000 -T 1
Seed:    978048 (Using SPRNG - Scalable Parallel Random Number Generator)
Time:    Tue Dec  2 14:49:53 2025
Kernel:  AVX+FMA - 1 threads (1 CPU cores detected)

Reading alignment file 23846at7898.fltrd_aligned.fas ... Fasta format detected
Alignment most likely contains DNA/RNA sequences
Alignment has 20 sequences with 2419 columns, 147 distinct patterns
65 parsimony-informative, 169 singleton sites, 2185 constant sites
                                Gap/Ambiguity  Composition  p-value
   1  251140_Ward_Creek                 7.36%    passed     99.55%
   2  260512_Pybus_Point                7.36%    passed     99.20%
   3  261935_Kenai_River               15.17%    passed     95.14%
   4  353213_Cropley_Lake               7.36%    passed     99.20%
   5  353219_Peterson_Creek             7.36%    passed     99.20%
   6  353220_Fish_Creek                 7.36%    passed     99.20%
   7  353246_Cottonwood_Creek           7.36%    passed     99.20%
   8  353379_Skagit_River               8.72%    passed     99.22%
   9  353381_Dungeness_River           32.41%    passed     23.48%
  10  353401_Peace_River                8.47%    passed     99.56%
  11  353407_Noatok                     8.72%    passed     99.82%
  12  353410_Horizon_Lake               8.72%    passed     99.78%
  13  92319_Little_Lost                17.03%    passed     91.39%
  14  94280_St_Joe                      8.47%    passed     99.56%
  15  GCA016432855_Lake_Trout           8.47%    passed     99.95%
  16  GCA036784925_Maine_S_alpinus      8.72%    passed     99.87%
  17  GCA045679555_Iceland_A_alpinus    8.85%    passed     99.92%
  18  GCF013265735_Rainbow_Trout        4.75%    passed     71.18%
  19  GCF029448725_Brook_Trout          5.00%    passed     94.24%
  20  Methow_River_99895                8.47%    passed     99.56%
****  TOTAL                             9.81%  0 sequences failed composition chi2 test (p-value<5%; df=3)
NOTE: 353213_Cropley_Lake is identical to 260512_Pybus_Point but kept for subsequent analysis
NOTE: 94280_St_Joe is identical to 353401_Peace_River but kept for subsequent analysis
NOTE: 4 identical sequences (see below) will be ignored for subsequent analysis
NOTE: 353219_Peterson_Creek (identical to 260512_Pybus_Point) is ignored but added at the end
NOTE: 353220_Fish_Creek (identical to 260512_Pybus_Point) is ignored but added at the end
NOTE: 353246_Cottonwood_Creek (identical to 260512_Pybus_Point) is ignored but added at the end
NOTE: Methow_River_99895 (identical to 353401_Peace_River) is ignored but added at the end
Alignment was printed to 23846at7898.fltrd_aligned.fas.uniqueseq.phy

For your convenience alignment with unique sequences printed to 23846at7898.fltrd_aligned.fas.uniqueseq.phy


Create initial parsimony tree by phylogenetic likelihood library (PLL)... 0.000 seconds
Perform fast likelihood tree search using GTR+I+G model...
Estimate model parameters (epsilon = 5.000)
Perform nearest neighbor interchange...
Estimate model parameters (epsilon = 1.000)
1. Initial log-likelihood: -4670.406
Optimal log-likelihood: -4670.401
Rate parameters:  A-C: 0.75597  A-G: 2.75725  A-T: 0.76503  C-G: 0.49521  C-T: 3.09886  G-T: 1.00000
Base frequencies:  A: 0.232  C: 0.278  G: 0.244  T: 0.246
Proportion of invariable sites: 0.451
Gamma shape alpha: 998.430
Parameters optimization took 1 rounds (0.003 sec)
Time for fast ML tree search: 0.019 seconds

NOTE: ModelFinder requires 1 MB RAM!
ModelFinder will test up to 286 DNA models (sample size: 2419) ...
 No. Model         -LnL         df  AIC          AICc         BIC
  1  GTR+F         4670.631     37  9415.262     9416.443     9629.533
  2  GTR+F+I       4669.940     38  9415.881     9417.126     9635.943
  3  GTR+F+G4      4670.001     38  9416.002     9417.247     9636.064
  4  GTR+F+I+G4    4670.387     39  9418.773     9420.085     9644.627
  5  GTR+F+R2      4669.980     39  9417.960     9419.272     9643.814
  6  GTR+F+R3      4670.061     41  9422.123     9423.572     9659.558
 14  SYM           4671.444     34  9410.889     9411.887     9607.786
 15  SYM+I         4670.845     35  9411.691     9412.748     9614.380
 16  SYM+G4        4670.894     35  9411.789     9412.846     9614.477
 27  TVM+F         4670.861     36  9413.722     9414.840     9622.202
 28  TVM+F+I       4670.178     37  9414.356     9415.537     9628.627
 29  TVM+F+G4      4670.243     37  9414.487     9415.668     9628.758
 40  TVMe          4672.230     33  9410.460     9411.401     9601.566
 41  TVMe+I        4671.626     34  9411.252     9412.250     9608.149
 42  TVMe+G4       4671.690     34  9411.380     9412.379     9608.278
 53  TIM3+F        4671.798     35  9413.595     9414.653     9616.284
 54  TIM3+F+I      4671.046     36  9414.091     9415.210     9622.571
 55  TIM3+F+G4     4671.120     36  9414.240     9415.359     9622.720
 66  TIM3e         4672.607     32  9409.214     9410.099     9594.530
 67  TIM3e+I       4671.945     33  9409.890     9410.831     9600.997
 68  TIM3e+G4      4672.007     33  9410.014     9410.955     9601.121
 79  TIM2+F        4672.912     35  9415.824     9416.882     9618.513
 80  TIM2+F+I      4672.240     36  9416.480     9417.599     9624.960
 81  TIM2+F+G4     4672.299     36  9416.598     9417.716     9625.078
 92  TIM2e         4673.386     32  9410.771     9411.656     9596.087
 93  TIM2e+I       4672.776     33  9411.551     9412.492     9602.658
 94  TIM2e+G4      4672.827     33  9411.655     9412.596     9602.761
105  TIM+F         4671.687     35  9413.374     9414.431     9616.063
106  TIM+F+I       4671.054     36  9414.107     9415.226     9622.587
107  TIM+F+G4      4671.095     36  9414.191     9415.309     9622.671
118  TIMe          4672.186     32  9408.372     9409.257     9593.687
119  TIMe+I        4671.626     33  9409.252     9410.193     9600.359
120  TIMe+G4       4671.658     33  9409.315     9410.256     9600.422
131  TPM3u+F       4672.027     34  9412.054     9413.052     9608.952
132  TPM3u+F+I     4671.281     35  9412.562     9413.620     9615.251
133  TPM3u+F+G4    4671.363     35  9412.725     9413.783     9615.414
144  TPM3+F        4672.027     34  9412.054     9413.052     9608.952
145  TPM3+F+I      4671.281     35  9412.562     9413.620     9615.251
146  TPM3+F+G4     4671.363     35  9412.725     9413.783     9615.414
157  TPM2u+F       4673.145     34  9414.289     9415.288     9611.187
158  TPM2u+F+I     4672.469     35  9414.939     9415.996     9617.627
159  TPM2u+F+G4    4672.539     35  9415.078     9416.136     9617.767
170  TPM2+F        4673.145     34  9414.289     9415.288     9611.187
171  TPM2+F+I      4672.469     35  9414.939     9415.996     9617.627
172  TPM2+F+G4     4672.539     35  9415.078     9416.136     9617.767
183  K3Pu+F        4671.919     34  9411.838     9412.837     9608.736
184  K3Pu+F+I      4671.285     35  9412.570     9413.628     9615.259
185  K3Pu+F+G4     4671.339     35  9412.679     9413.736     9615.368
196  K3P           4672.969     31  9407.939     9408.770     9587.463
197  K3P+I         4672.398     32  9408.796     9409.681     9594.111
198  K3P+G4        4672.452     32  9408.905     9409.790     9594.220
209  TN+F          4672.915     34  9413.830     9414.829     9610.728
210  TN+F+I        4672.243     35  9414.486     9415.544     9617.175
211  TN+F+G4       4672.300     35  9414.599     9415.657     9617.288
222  TNe           4673.387     31  9408.774     9409.605     9588.299
223  TNe+I         4672.779     32  9409.557     9410.442     9594.873
224  TNe+G4        4672.825     32  9409.649     9410.534     9594.965
235  HKY+F         4673.146     33  9412.293     9413.234     9603.399
236  HKY+F+I       4672.474     34  9412.947     9413.946     9609.845
237  HKY+F+G4      4672.539     34  9413.079     9414.077     9609.976
248  K2P           4674.170     30  9408.339     9409.118     9582.073
249  K2P+I         4673.554     31  9409.108     9409.939     9588.633
250  K2P+G4        4673.619     31  9409.238     9410.069     9588.762
261  F81+F         4722.865     32  9509.730     9510.615     9695.045
262  F81+F+I       4722.421     33  9510.841     9511.782     9701.948
263  F81+F+G4      4722.456     33  9510.913     9511.853     9702.019
274  JC            4724.200     29  9506.400     9507.129     9674.342
275  JC+I          4723.787     30  9507.574     9508.353     9681.308
276  JC+G4         4723.821     30  9507.641     9508.420     9681.374
Akaike Information Criterion:           K3P
Corrected Akaike Information Criterion: K3P
Bayesian Information Criterion:         K2P
Best-fit model: K2P chosen according to BIC

All model information printed to 23846at7898.fltrd_aligned.fas.model.gz
CPU time for ModelFinder: 0.272 seconds (0h:0m:0s)
Wall-clock time for ModelFinder: 0.278 seconds (0h:0m:0s)
Generating 1000 samples for ultrafast bootstrap (seed: 978048)...

NOTE: 0 MB RAM (0 GB) is required!
Estimate model parameters (epsilon = 0.100)
1. Initial log-likelihood: -4674.170
Optimal log-likelihood: -4674.170
Rate parameters:  A-C: 1.00000  A-G: 3.78803  A-T: 1.00000  C-G: 1.00000  C-T: 3.78803  G-T: 1.00000
Base frequencies:  A: 0.250  C: 0.250  G: 0.250  T: 0.250
Parameters optimization took 1 rounds (0.001 sec)
Computing ML distances based on estimated model parameters...
Computing ML distances took 0.000999 sec (of wall-clock time) 0.000978 sec(of CPU time)
Computing RapidNJ tree took 0.000063 sec (of wall-clock time) 0.000059 sec (of CPU time)
Log-likelihood of RapidNJ tree: -4749.455
--------------------------------------------------------------------
|             INITIALIZING CANDIDATE TREE SET                      |
--------------------------------------------------------------------
Generating 98 parsimony trees... 0.071 second
Computing log-likelihood of 98 initial trees ... 0.054 seconds
Current best score: -4674.170

Do NNI search on 20 best initial trees
Estimate model parameters (epsilon = 0.100)
BETTER TREE FOUND at iteration 1: -4674.169
Iteration 10 / LogL: -4674.169 / Time: 0h:0m:0s
UPDATE BEST LOG-LIKELIHOOD: -4674.169
Iteration 20 / LogL: -4674.169 / Time: 0h:0m:0s
Finish initializing candidate tree set (1)
Current best tree score: -4674.169 / CPU time: 0.245
Number of iterations: 20
--------------------------------------------------------------------
|               OPTIMIZING CANDIDATE TREE SET                      |
--------------------------------------------------------------------
Iteration 30 / LogL: -4675.888 / Time: 0h:0m:0s (0h:0m:0s left)
Iteration 40 / LogL: -4674.177 / Time: 0h:0m:0s (0h:0m:0s left)
UPDATE BEST LOG-LIKELIHOOD: -4674.169
Iteration 50 / LogL: -4674.174 / Time: 0h:0m:0s (0h:0m:0s left)
Log-likelihood cutoff on original alignment: -4693.407
Iteration 60 / LogL: -4674.172 / Time: 0h:0m:0s (0h:0m:0s left)
Iteration 70 / LogL: -4675.885 / Time: 0h:0m:0s (0h:0m:0s left)
Iteration 80 / LogL: -4674.173 / Time: 0h:0m:0s (0h:0m:0s left)
Iteration 90 / LogL: -4674.193 / Time: 0h:0m:0s (0h:0m:0s left)
Iteration 100 / LogL: -4674.180 / Time: 0h:0m:0s (0h:0m:0s left)
Log-likelihood cutoff on original alignment: -4695.330
NOTE: Bootstrap correlation coefficient of split occurrence frequencies: 0.994
TREE SEARCH COMPLETED AFTER 102 ITERATIONS / Time: 0h:0m:0s

--------------------------------------------------------------------
|                    FINALIZING TREE SEARCH                        |
--------------------------------------------------------------------
Performs final model parameters optimization
Estimate model parameters (epsilon = 0.010)
1. Initial log-likelihood: -4674.169
Optimal log-likelihood: -4674.169
Rate parameters:  A-C: 1.00000  A-G: 3.78803  A-T: 1.00000  C-G: 1.00000  C-T: 3.78803  G-T: 1.00000
Base frequencies:  A: 0.250  C: 0.250  G: 0.250  T: 0.250
Parameters optimization took 1 rounds (0.001 sec)
BEST SCORE FOUND : -4674.169
Creating bootstrap support values...
Split supports printed to NEXUS file 23846at7898.fltrd_aligned.fas.splits.nex
Total tree length: 0.140

Total number of iterations: 102
CPU time used for tree search: 0.853 sec (0h:0m:0s)
Wall-clock time used for tree search: 0.919 sec (0h:0m:0s)
Total CPU time used: 0.900 sec (0h:0m:0s)
Total wall-clock time used: 0.975 sec (0h:0m:0s)

Computing bootstrap consensus tree...
Reading input file 23846at7898.fltrd_aligned.fas.splits.nex...
16 taxa and 118 splits.
Consensus tree written to 23846at7898.fltrd_aligned.fas.contree
Reading input trees file 23846at7898.fltrd_aligned.fas.contree
Log-likelihood of consensus tree: -4674.211

Analysis results written to: 
  IQ-TREE report:                23846at7898.fltrd_aligned.fas.iqtree
  Maximum-likelihood tree:       23846at7898.fltrd_aligned.fas.treefile
  Likelihood distances:          23846at7898.fltrd_aligned.fas.mldist

Ultrafast bootstrap approximation results written to:
  Split support values:          23846at7898.fltrd_aligned.fas.splits.nex
  Consensus tree:                23846at7898.fltrd_aligned.fas.contree
  Screen log file:               23846at7898.fltrd_aligned.fas.log

Date and Time: Tue Dec  2 14:49:55 2025
