IQ-TREE multicore version 2.1.3 COVID-edition for Linux 64-bit built Apr 21 2021
Developed by Bui Quang Minh, James Barbetti, Nguyen Lam Tung,
Olga Chernomor, Heiko Schmidt, Dominik Schrempf, Michael Woodhams.

Host:    gombessa.rcs.alaska.edu (AVX2, FMA3, 503 GB RAM)
Command: /export/scratch/tsvanorden/Char_Phylogenetics/src/iqtree-2.1.3-Linux/bin/iqtree2 -s 118130at7898.fltrd_aligned.fas -m MFP -bb 1000 -T 1
Seed:    386006 (Using SPRNG - Scalable Parallel Random Number Generator)
Time:    Tue Dec  2 14:49:48 2025
Kernel:  AVX+FMA - 1 threads (1 CPU cores detected)

Reading alignment file 118130at7898.fltrd_aligned.fas ... Fasta format detected
Alignment most likely contains DNA/RNA sequences
Alignment has 20 sequences with 717 columns, 29 distinct patterns
7 parsimony-informative, 16 singleton sites, 694 constant sites
                                Gap/Ambiguity  Composition  p-value
   1  251140_Ward_Creek                 4.32%    passed     99.95%
   2  260512_Pybus_Point                3.77%    passed     99.95%
   3  261935_Kenai_River                3.77%    passed     99.95%
   4  353213_Cropley_Lake               3.77%    passed     99.95%
   5  353219_Peterson_Creek             4.32%    passed     99.95%
   6  353220_Fish_Creek                 4.32%    passed     99.95%
   7  353246_Cottonwood_Creek           3.77%    passed     99.69%
   8  353379_Skagit_River               3.77%    passed     99.43%
   9  353381_Dungeness_River            3.77%    passed     99.95%
  10  353401_Peace_River                3.77%    passed     99.43%
  11  353407_Noatok                     3.77%    passed     99.84%
  12  353410_Horizon_Lake               3.77%    passed     99.95%
  13  92319_Little_Lost                 3.77%    passed     99.43%
  14  94280_St_Joe                      3.77%    passed     99.43%
  15  GCA016432855_Lake_Trout           3.77%    passed     99.95%
  16  GCA036784925_Maine_S_alpinus      3.77%    passed     99.95%
  17  GCA045679555_Iceland_A_alpinus    3.77%    passed     99.95%
  18  GCF013265735_Rainbow_Trout        0.00%    passed     98.59%
  19  GCF029448725_Brook_Trout          3.77%    passed     98.86%
  20  Methow_River_99895                3.77%    passed     99.43%
****  TOTAL                             3.66%  0 sequences failed composition chi2 test (p-value<5%; df=3)
NOTE: 353219_Peterson_Creek is identical to 251140_Ward_Creek but kept for subsequent analysis
NOTE: 261935_Kenai_River is identical to 260512_Pybus_Point but kept for subsequent analysis
NOTE: 353401_Peace_River is identical to 353379_Skagit_River but kept for subsequent analysis
NOTE: 9 identical sequences (see below) will be ignored for subsequent analysis
NOTE: 353220_Fish_Creek (identical to 251140_Ward_Creek) is ignored but added at the end
NOTE: 353213_Cropley_Lake (identical to 260512_Pybus_Point) is ignored but added at the end
NOTE: 353381_Dungeness_River (identical to 260512_Pybus_Point) is ignored but added at the end
NOTE: 353410_Horizon_Lake (identical to 260512_Pybus_Point) is ignored but added at the end
NOTE: GCA036784925_Maine_S_alpinus (identical to 260512_Pybus_Point) is ignored but added at the end
NOTE: GCA045679555_Iceland_A_alpinus (identical to 260512_Pybus_Point) is ignored but added at the end
NOTE: 92319_Little_Lost (identical to 353379_Skagit_River) is ignored but added at the end
NOTE: 94280_St_Joe (identical to 353379_Skagit_River) is ignored but added at the end
NOTE: Methow_River_99895 (identical to 353379_Skagit_River) is ignored but added at the end
Alignment was printed to 118130at7898.fltrd_aligned.fas.uniqueseq.phy

For your convenience alignment with unique sequences printed to 118130at7898.fltrd_aligned.fas.uniqueseq.phy


Create initial parsimony tree by phylogenetic likelihood library (PLL)... 0.000 seconds
Perform fast likelihood tree search using GTR+I+G model...
Estimate model parameters (epsilon = 5.000)
Perform nearest neighbor interchange...
Estimate model parameters (epsilon = 1.000)
1. Initial log-likelihood: -1152.912
Optimal log-likelihood: -1152.752
Rate parameters:  A-C: 2.15618  A-G: 4.16598  A-T: 0.00010  C-G: 0.44172  C-T: 7.51712  G-T: 1.00000
Base frequencies:  A: 0.271  C: 0.258  G: 0.258  T: 0.213
Proportion of invariable sites: 0.484
Gamma shape alpha: 0.788
Parameters optimization took 1 rounds (0.003 sec)
Time for fast ML tree search: 0.009 seconds

NOTE: ModelFinder requires 0 MB RAM!
ModelFinder will test up to 286 DNA models (sample size: 717) ...
 No. Model         -LnL         df  AIC          AICc         BIC
  1  GTR+F         1152.950     27  2359.900     2362.095     2483.428
  2  GTR+F+I       1152.125     28  2360.251     2362.611     2488.353
  3  GTR+F+G4      1152.139     28  2360.277     2362.638     2488.379
  4  GTR+F+I+G4    1152.139     29  2362.279     2364.812     2494.956
  5  GTR+F+R2      1152.424     29  2362.849     2365.382     2495.526
  6  GTR+F+R3      1152.257     31  2366.515     2369.411     2508.342
 14  SYM           1155.770     24  2359.541     2361.275     2469.342
 15  SYM+I         1155.091     25  2360.182     2362.063     2474.559
 16  SYM+G4        1155.100     25  2360.200     2362.081     2474.577
 27  TVM+F         1152.982     26  2357.965     2359.999     2476.917
 28  TVM+F+I       1152.503     27  2359.006     2361.201     2482.533
 29  TVM+F+G4      1152.503     27  2359.005     2361.200     2482.532
 40  TVMe          1155.777     23  2357.554     2359.147     2462.780
 41  TVMe+I        1155.287     24  2358.574     2360.308     2468.376
 42  TVMe+G4       1155.290     24  2358.579     2360.313     2468.381
 53  TIM3+F        1155.499     25  2360.999     2362.880     2475.375
 54  TIM3+F+I      1154.872     26  2361.743     2363.778     2480.695
 55  TIM3+F+G4     1154.873     26  2361.746     2363.781     2480.698
 66  TIM3e         1158.520     22  2361.040     2362.498     2461.691
 67  TIM3e+I       1157.894     23  2361.788     2363.381     2467.015
 68  TIM3e+G4      1157.896     23  2361.791     2363.384     2467.018
 79  TIM2+F        1155.590     25  2361.180     2363.062     2475.557
 80  TIM2+F+I      1154.966     26  2361.931     2363.966     2480.883
 81  TIM2+F+G4     1154.967     26  2361.934     2363.969     2480.886
 92  TIM2e         1158.687     22  2361.375     2362.833     2462.026
 93  TIM2e+I       1158.066     23  2362.131     2363.725     2467.358
 94  TIM2e+G4      1158.067     23  2362.135     2363.728     2467.362
105  TIM+F         1153.104     25  2356.209     2358.090     2470.586
106  TIM+F+I       1152.557     26  2357.113     2359.148     2476.065
107  TIM+F+G4      1152.560     26  2357.120     2359.154     2476.072
118  TIMe          1156.186     22  2356.371     2357.830     2457.023
119  TIMe+I        1155.647     23  2357.293     2358.886     2462.520
120  TIMe+G4       1155.650     23  2357.299     2358.893     2462.526
131  TPM3u+F       1155.970     24  2359.939     2361.674     2469.741
132  TPM3u+F+I     1155.384     25  2360.769     2362.650     2475.146
133  TPM3u+F+G4    1155.386     25  2360.772     2362.653     2475.149
144  TPM3+F        1155.970     24  2359.939     2361.674     2469.741
145  TPM3+F+I      1155.384     25  2360.769     2362.650     2475.146
146  TPM3+F+G4     1155.386     25  2360.772     2362.653     2475.149
157  TPM2u+F       1156.056     24  2360.112     2361.846     2469.914
158  TPM2u+F+I     1155.480     25  2360.959     2362.841     2475.336
159  TPM2u+F+G4    1155.482     25  2360.963     2362.844     2475.340
170  TPM2+F        1156.056     24  2360.112     2361.846     2469.914
171  TPM2+F+I      1155.480     25  2360.959     2362.841     2475.336
172  TPM2+F+G4     1155.482     25  2360.963     2362.844     2475.340
183  K3Pu+F        1153.570     24  2355.140     2356.874     2464.942
184  K3Pu+F+I      1153.062     25  2356.124     2358.005     2470.500
185  K3Pu+F+G4     1153.064     25  2356.129     2358.010     2470.506
196  K3P           1156.445     21  2354.889     2356.219     2450.966
197  K3P+I         1155.937     22  2355.873     2357.331     2456.525
198  K3P+G4        1155.939     22  2355.878     2357.337     2456.530
209  TN+F          1155.593     24  2359.186     2360.920     2468.987
210  TN+F+I        1154.966     25  2359.932     2361.813     2474.309
211  TN+F+G4       1154.968     25  2359.935     2361.817     2474.312
222  TNe           1158.686     21  2359.372     2360.702     2455.449
223  TNe+I         1158.065     22  2360.129     2361.587     2460.781
224  TNe+G4        1158.066     22  2360.132     2361.591     2460.784
235  HKY+F         1156.057     23  2358.114     2359.707     2463.341
236  HKY+F+I       1155.481     24  2358.961     2360.695     2468.763
237  HKY+F+G4      1155.483     24  2358.965     2360.699     2468.767
248  K2P           1158.945     20  2357.891     2359.097     2449.392
249  K2P+I         1158.362     21  2358.723     2360.053     2454.800
250  K2P+G4        1158.363     21  2358.727     2360.056     2454.803
261  F81+F         1161.603     22  2367.206     2368.664     2467.858
262  F81+F+I       1161.056     23  2368.113     2369.706     2473.340
263  F81+F+G4      1161.058     23  2368.115     2369.708     2473.342
274  JC            1164.505     19  2367.010     2368.100     2453.936
275  JC+I          1163.958     20  2367.917     2369.124     2459.418
276  JC+G4         1163.960     20  2367.919     2369.126     2459.421
Akaike Information Criterion:           K3P
Corrected Akaike Information Criterion: K3P
Bayesian Information Criterion:         K2P
Best-fit model: K2P chosen according to BIC

All model information printed to 118130at7898.fltrd_aligned.fas.model.gz
CPU time for ModelFinder: 0.112 seconds (0h:0m:0s)
Wall-clock time for ModelFinder: 0.119 seconds (0h:0m:0s)
Generating 1000 samples for ultrafast bootstrap (seed: 386006)...

NOTE: 0 MB RAM (0 GB) is required!
Estimate model parameters (epsilon = 0.100)
1. Initial log-likelihood: -1158.945
Optimal log-likelihood: -1158.945
Rate parameters:  A-C: 1.00000  A-G: 4.03212  A-T: 1.00000  C-G: 1.00000  C-T: 4.03212  G-T: 1.00000
Base frequencies:  A: 0.250  C: 0.250  G: 0.250  T: 0.250
Parameters optimization took 1 rounds (0.000 sec)
Computing ML distances based on estimated model parameters...
Computing ML distances took 0.000333 sec (of wall-clock time) 0.000320 sec(of CPU time)
Computing RapidNJ tree took 0.000036 sec (of wall-clock time) 0.000000 sec (of CPU time)
Log-likelihood of RapidNJ tree: -1158.949
--------------------------------------------------------------------
|             INITIALIZING CANDIDATE TREE SET                      |
--------------------------------------------------------------------
Generating 98 parsimony trees... 0.019 second
Computing log-likelihood of 98 initial trees ... 0.021 seconds
Current best score: -1158.945

Do NNI search on 20 best initial trees
Estimate model parameters (epsilon = 0.100)
BETTER TREE FOUND at iteration 1: -1158.945
BETTER TREE FOUND at iteration 2: -1158.945
Iteration 10 / LogL: -1158.945 / Time: 0h:0m:0s
Iteration 20 / LogL: -1158.945 / Time: 0h:0m:0s
Finish initializing candidate tree set (19)
Current best tree score: -1158.945 / CPU time: 0.087
Number of iterations: 20
--------------------------------------------------------------------
|               OPTIMIZING CANDIDATE TREE SET                      |
--------------------------------------------------------------------
UPDATE BEST LOG-LIKELIHOOD: -1158.945
Iteration 30 / LogL: -1158.945 / Time: 0h:0m:0s (0h:0m:0s left)
UPDATE BEST LOG-LIKELIHOOD: -1158.945
Iteration 40 / LogL: -1158.945 / Time: 0h:0m:0s (0h:0m:0s left)
UPDATE BEST LOG-LIKELIHOOD: -1158.945
Iteration 50 / LogL: -1158.946 / Time: 0h:0m:0s (0h:0m:0s left)
Log-likelihood cutoff on original alignment: -1178.793
BETTER TREE FOUND at iteration 55: -1158.945
Iteration 60 / LogL: -1158.945 / Time: 0h:0m:0s (0h:0m:0s left)
Iteration 70 / LogL: -1158.946 / Time: 0h:0m:0s (0h:0m:0s left)
Iteration 80 / LogL: -1158.946 / Time: 0h:0m:0s (0h:0m:0s left)
Iteration 90 / LogL: -1158.945 / Time: 0h:0m:0s (0h:0m:0s left)
Iteration 100 / LogL: -1158.945 / Time: 0h:0m:0s (0h:0m:0s left)
Log-likelihood cutoff on original alignment: -1178.797
NOTE: Bootstrap correlation coefficient of split occurrence frequencies: 0.981
NOTE: UFBoot does not converge, continue at least 100 more iterations
Iteration 110 / LogL: -1158.945 / Time: 0h:0m:0s (0h:0m:0s left)
Iteration 120 / LogL: -1158.947 / Time: 0h:0m:0s (0h:0m:0s left)
Iteration 130 / LogL: -1158.946 / Time: 0h:0m:0s (0h:0m:0s left)
Iteration 140 / LogL: -1158.945 / Time: 0h:0m:0s (0h:0m:0s left)
Iteration 150 / LogL: -1158.945 / Time: 0h:0m:0s (0h:0m:0s left)
Log-likelihood cutoff on original alignment: -1178.769
Iteration 160 / LogL: -1158.945 / Time: 0h:0m:0s (0h:0m:0s left)
Iteration 170 / LogL: -1162.481 / Time: 0h:0m:0s (0h:0m:0s left)
Iteration 180 / LogL: -1158.945 / Time: 0h:0m:0s (0h:0m:0s left)
Iteration 190 / LogL: -1158.946 / Time: 0h:0m:0s (0h:0m:0s left)
Iteration 200 / LogL: -1158.945 / Time: 0h:0m:1s (0h:0m:0s left)
Log-likelihood cutoff on original alignment: -1178.793
NOTE: Bootstrap correlation coefficient of split occurrence frequencies: 0.974
NOTE: UFBoot does not converge, continue at least 100 more iterations
Iteration 210 / LogL: -1158.945 / Time: 0h:0m:1s (0h:0m:0s left)
Iteration 220 / LogL: -1158.946 / Time: 0h:0m:1s (0h:0m:0s left)
Iteration 230 / LogL: -1158.947 / Time: 0h:0m:1s (0h:0m:0s left)
Iteration 240 / LogL: -1158.945 / Time: 0h:0m:1s (0h:0m:0s left)
Iteration 250 / LogL: -1158.948 / Time: 0h:0m:1s (0h:0m:0s left)
Log-likelihood cutoff on original alignment: -1178.966
Iteration 260 / LogL: -1158.946 / Time: 0h:0m:1s (0h:0m:0s left)
Iteration 270 / LogL: -1158.946 / Time: 0h:0m:1s (0h:0m:0s left)
Iteration 280 / LogL: -1158.945 / Time: 0h:0m:1s (0h:0m:0s left)
Iteration 290 / LogL: -1158.945 / Time: 0h:0m:1s (0h:0m:0s left)
Iteration 300 / LogL: -1158.946 / Time: 0h:0m:1s (0h:0m:0s left)
Log-likelihood cutoff on original alignment: -1178.966
NOTE: Bootstrap correlation coefficient of split occurrence frequencies: 0.986
NOTE: UFBoot does not converge, continue at least 100 more iterations
Iteration 310 / LogL: -1158.945 / Time: 0h:0m:1s (0h:0m:0s left)
Iteration 320 / LogL: -1158.946 / Time: 0h:0m:1s (0h:0m:0s left)
Iteration 330 / LogL: -1162.481 / Time: 0h:0m:1s (0h:0m:0s left)
Iteration 340 / LogL: -1158.945 / Time: 0h:0m:1s (0h:0m:0s left)
Iteration 350 / LogL: -1158.945 / Time: 0h:0m:1s (0h:0m:0s left)
Log-likelihood cutoff on original alignment: -1180.472
Iteration 360 / LogL: -1158.945 / Time: 0h:0m:1s (0h:0m:0s left)
Iteration 370 / LogL: -1158.946 / Time: 0h:0m:1s (0h:0m:0s left)
Iteration 380 / LogL: -1158.949 / Time: 0h:0m:1s (0h:0m:0s left)
Iteration 390 / LogL: -1158.946 / Time: 0h:0m:2s (0h:0m:0s left)
Iteration 400 / LogL: -1158.946 / Time: 0h:0m:2s (0h:0m:0s left)
Log-likelihood cutoff on original alignment: -1181.268
NOTE: Bootstrap correlation coefficient of split occurrence frequencies: 0.979
NOTE: UFBoot does not converge, continue at least 100 more iterations
Iteration 410 / LogL: -1158.945 / Time: 0h:0m:2s (0h:0m:0s left)
Iteration 420 / LogL: -1162.481 / Time: 0h:0m:2s (0h:0m:0s left)
Iteration 430 / LogL: -1158.945 / Time: 0h:0m:2s (0h:0m:0s left)
Iteration 440 / LogL: -1158.945 / Time: 0h:0m:2s (0h:0m:0s left)
Iteration 450 / LogL: -1158.946 / Time: 0h:0m:2s (0h:0m:0s left)
Log-likelihood cutoff on original alignment: -1181.295
Iteration 460 / LogL: -1158.947 / Time: 0h:0m:2s (0h:0m:0s left)
Iteration 470 / LogL: -1158.948 / Time: 0h:0m:2s (0h:0m:0s left)
Iteration 480 / LogL: -1158.945 / Time: 0h:0m:2s (0h:0m:0s left)
Iteration 490 / LogL: -1158.946 / Time: 0h:0m:2s (0h:0m:0s left)
Iteration 500 / LogL: -1158.945 / Time: 0h:0m:2s (0h:0m:0s left)
Log-likelihood cutoff on original alignment: -1181.330
NOTE: Bootstrap correlation coefficient of split occurrence frequencies: 0.987
NOTE: UFBoot does not converge, continue at least 100 more iterations
Iteration 510 / LogL: -1158.947 / Time: 0h:0m:2s (0h:0m:0s left)
Iteration 520 / LogL: -1158.946 / Time: 0h:0m:2s (0h:0m:0s left)
Iteration 530 / LogL: -1158.945 / Time: 0h:0m:2s (0h:0m:0s left)
Iteration 540 / LogL: -1158.945 / Time: 0h:0m:2s (0h:0m:0s left)
Iteration 550 / LogL: -1158.945 / Time: 0h:0m:2s (0h:0m:0s left)
Log-likelihood cutoff on original alignment: -1181.330
Iteration 560 / LogL: -1158.946 / Time: 0h:0m:2s (0h:0m:0s left)
Iteration 570 / LogL: -1158.946 / Time: 0h:0m:3s (0h:0m:0s left)
Iteration 580 / LogL: -1158.945 / Time: 0h:0m:3s (0h:0m:0s left)
Iteration 590 / LogL: -1158.945 / Time: 0h:0m:3s (0h:0m:0s left)
Iteration 600 / LogL: -1158.946 / Time: 0h:0m:3s (0h:0m:0s left)
Log-likelihood cutoff on original alignment: -1181.330
NOTE: Bootstrap correlation coefficient of split occurrence frequencies: 0.992
TREE SEARCH COMPLETED AFTER 600 ITERATIONS / Time: 0h:0m:3s

--------------------------------------------------------------------
|                    FINALIZING TREE SEARCH                        |
--------------------------------------------------------------------
Performs final model parameters optimization
Estimate model parameters (epsilon = 0.010)
1. Initial log-likelihood: -1158.945
Optimal log-likelihood: -1158.945
Rate parameters:  A-C: 1.00000  A-G: 4.03058  A-T: 1.00000  C-G: 1.00000  C-T: 4.03058  G-T: 1.00000
Base frequencies:  A: 0.250  C: 0.250  G: 0.250  T: 0.250
Parameters optimization took 1 rounds (0.000 sec)
BEST SCORE FOUND : -1158.945
Creating bootstrap support values...
Split supports printed to NEXUS file 118130at7898.fltrd_aligned.fas.splits.nex
Total tree length: 0.035

Total number of iterations: 600
CPU time used for tree search: 3.104 sec (0h:0m:3s)
Wall-clock time used for tree search: 3.215 sec (0h:0m:3s)
Total CPU time used: 3.131 sec (0h:0m:3s)
Total wall-clock time used: 3.252 sec (0h:0m:3s)

Computing bootstrap consensus tree...
Reading input file 118130at7898.fltrd_aligned.fas.splits.nex...
11 taxa and 112 splits.
Consensus tree written to 118130at7898.fltrd_aligned.fas.contree
Reading input trees file 118130at7898.fltrd_aligned.fas.contree
Log-likelihood of consensus tree: -1158.956

Analysis results written to: 
  IQ-TREE report:                118130at7898.fltrd_aligned.fas.iqtree
  Maximum-likelihood tree:       118130at7898.fltrd_aligned.fas.treefile
  Likelihood distances:          118130at7898.fltrd_aligned.fas.mldist

Ultrafast bootstrap approximation results written to:
  Split support values:          118130at7898.fltrd_aligned.fas.splits.nex
  Consensus tree:                118130at7898.fltrd_aligned.fas.contree
  Screen log file:               118130at7898.fltrd_aligned.fas.log

Date and Time: Tue Dec  2 14:49:51 2025
