IQ-TREE multicore version 2.1.3 COVID-edition for Linux 64-bit built Apr 21 2021
Developed by Bui Quang Minh, James Barbetti, Nguyen Lam Tung,
Olga Chernomor, Heiko Schmidt, Dominik Schrempf, Michael Woodhams.

Host:    gombessa.rcs.alaska.edu (AVX2, FMA3, 503 GB RAM)
Command: /export/scratch/tsvanorden/Char_Phylogenetics/src/iqtree-2.1.3-Linux/bin/iqtree2 -s 107928at7898.fltrd_aligned.fas -m MFP -bb 1000 -T 1
Seed:    651440 (Using SPRNG - Scalable Parallel Random Number Generator)
Time:    Tue Dec  2 14:49:28 2025
Kernel:  AVX+FMA - 1 threads (1 CPU cores detected)

Reading alignment file 107928at7898.fltrd_aligned.fas ... Fasta format detected
Alignment most likely contains DNA/RNA sequences
Alignment has 20 sequences with 702 columns, 42 distinct patterns
5 parsimony-informative, 60 singleton sites, 637 constant sites
                                Gap/Ambiguity  Composition  p-value
   1  251140_Ward_Creek                 0.43%    passed     99.98%
   2  260512_Pybus_Point                0.43%    passed     99.98%
   3  261935_Kenai_River                0.43%    passed     99.98%
   4  353213_Cropley_Lake               0.43%    passed     99.94%
   5  353219_Peterson_Creek             0.43%    passed     99.94%
   6  353220_Fish_Creek                 0.43%    passed     99.98%
   7  353246_Cottonwood_Creek           0.43%    passed     99.94%
   8  353379_Skagit_River               0.43%    passed     99.98%
   9  353381_Dungeness_River            0.43%    passed     99.98%
  10  353401_Peace_River                0.43%    passed     99.98%
  11  353407_Noatok                     0.43%    passed     99.98%
  12  353410_Horizon_Lake               0.43%    passed     99.98%
  13  92319_Little_Lost                28.21%    passed     34.24%
  14  94280_St_Joe                      0.43%    passed     99.98%
  15  GCA016432855_Lake_Trout           2.99%    passed     99.71%
  16  GCA036784925_Maine_S_alpinus      0.43%    passed     99.98%
  17  GCA045679555_Iceland_A_alpinus    0.43%    passed     99.98%
  18  GCF013265735_Rainbow_Trout        0.43%    passed     99.70%
  19  GCF029448725_Brook_Trout          0.43%    passed     99.92%
  20  Methow_River_99895                0.43%    passed     99.98%
****  TOTAL                             1.94%  0 sequences failed composition chi2 test (p-value<5%; df=3)
NOTE: 260512_Pybus_Point is identical to 251140_Ward_Creek but kept for subsequent analysis
NOTE: 353219_Peterson_Creek is identical to 353213_Cropley_Lake but kept for subsequent analysis
NOTE: 12 identical sequences (see below) will be ignored for subsequent analysis
NOTE: 261935_Kenai_River (identical to 251140_Ward_Creek) is ignored but added at the end
NOTE: 353220_Fish_Creek (identical to 251140_Ward_Creek) is ignored but added at the end
NOTE: 353379_Skagit_River (identical to 251140_Ward_Creek) is ignored but added at the end
NOTE: 353381_Dungeness_River (identical to 251140_Ward_Creek) is ignored but added at the end
NOTE: 353401_Peace_River (identical to 251140_Ward_Creek) is ignored but added at the end
NOTE: 353407_Noatok (identical to 251140_Ward_Creek) is ignored but added at the end
NOTE: 353410_Horizon_Lake (identical to 251140_Ward_Creek) is ignored but added at the end
NOTE: 94280_St_Joe (identical to 251140_Ward_Creek) is ignored but added at the end
NOTE: GCA036784925_Maine_S_alpinus (identical to 251140_Ward_Creek) is ignored but added at the end
NOTE: GCA045679555_Iceland_A_alpinus (identical to 251140_Ward_Creek) is ignored but added at the end
NOTE: Methow_River_99895 (identical to 251140_Ward_Creek) is ignored but added at the end
NOTE: 353246_Cottonwood_Creek (identical to 353213_Cropley_Lake) is ignored but added at the end
Alignment was printed to 107928at7898.fltrd_aligned.fas.uniqueseq.phy

For your convenience alignment with unique sequences printed to 107928at7898.fltrd_aligned.fas.uniqueseq.phy


Create initial parsimony tree by phylogenetic likelihood library (PLL)... 0.000 seconds
Perform fast likelihood tree search using GTR+I+G model...
Estimate model parameters (epsilon = 5.000)
Perform nearest neighbor interchange...
Estimate model parameters (epsilon = 1.000)
1. Initial log-likelihood: -1282.782
Optimal log-likelihood: -1282.763
Rate parameters:  A-C: 2.38507  A-G: 2.33049  A-T: 0.63641  C-G: 1.12876  C-T: 4.78092  G-T: 1.00000
Base frequencies:  A: 0.321  C: 0.202  G: 0.271  T: 0.207
Proportion of invariable sites: 0.455
Gamma shape alpha: 998.587
Parameters optimization took 1 rounds (0.001 sec)
Time for fast ML tree search: 0.007 seconds

NOTE: ModelFinder requires 0 MB RAM!
ModelFinder will test up to 286 DNA models (sample size: 702) ...
 No. Model         -LnL         df  AIC          AICc         BIC
  1  GTR+F         1282.953     21  2607.905     2609.264     2703.538
  2  GTR+F+I       1282.731     22  2609.463     2610.953     2709.649
  3  GTR+F+G4      1282.710     22  2609.419     2610.910     2709.606
  4  GTR+F+I+G4    1282.756     23  2611.512     2613.140     2716.252
  5  GTR+F+R2      1282.732     23  2611.464     2613.093     2716.205
  6  GTR+F+R3      1282.715     25  2615.430     2617.353     2729.279
 14  SYM           1297.082     18  2630.164     2631.165     2712.135
 15  SYM+I         1296.819     19  2631.638     2632.753     2718.163
 16  SYM+G4        1296.802     19  2631.604     2632.718     2718.128
 27  TVM+F         1284.861     20  2609.722     2610.956     2700.801
 28  TVM+F+I       1284.603     21  2611.206     2612.564     2706.838
 29  TVM+F+G4      1284.601     21  2611.201     2612.560     2706.834
 40  TVMe          1297.500     17  2628.999     2629.894     2706.416
 41  TVMe+I        1297.228     18  2630.457     2631.458     2712.428
 42  TVMe+G4       1297.221     18  2630.442     2631.443     2712.412
 53  TIM3+F        1284.169     19  2606.337     2607.452     2692.862
 54  TIM3+F+I      1283.877     20  2607.754     2608.988     2698.833
 55  TIM3+F+G4     1283.859     20  2607.718     2608.952     2698.797
 66  TIM3e         1298.448     16  2628.895     2629.689     2701.758
 67  TIM3e+I       1298.133     17  2630.265     2631.160     2707.682
 68  TIM3e+G4      1298.117     17  2630.235     2631.129     2707.651
 79  TIM2+F        1285.643     19  2609.285     2610.400     2695.810
 80  TIM2+F+I      1285.164     20  2610.328     2611.561     2701.407
 81  TIM2+F+G4     1285.163     20  2610.327     2611.560     2701.405
 92  TIM2e         1299.695     16  2631.391     2632.185     2704.253
 93  TIM2e+I       1299.168     17  2632.335     2633.230     2709.752
 94  TIM2e+G4      1299.174     17  2632.347     2633.242     2709.764
105  TIM+F         1284.490     19  2606.980     2608.094     2693.505
106  TIM+F+I       1284.168     20  2608.335     2609.569     2699.414
107  TIM+F+G4      1284.146     20  2608.292     2609.525     2699.370
118  TIMe          1298.707     16  2629.414     2630.208     2702.277
119  TIMe+I        1298.371     17  2630.742     2631.637     2708.159
120  TIMe+G4       1298.354     17  2630.708     2631.602     2708.124
131  TPM3u+F       1286.104     18  2608.208     2609.209     2690.179
132  TPM3u+F+I     1285.802     19  2609.605     2610.719     2696.129
133  TPM3u+F+G4    1285.803     19  2609.606     2610.721     2696.131
144  TPM3+F        1286.104     18  2608.208     2609.209     2690.178
145  TPM3+F+I      1285.802     19  2609.605     2610.719     2696.129
146  TPM3+F+G4     1285.803     19  2609.606     2610.721     2696.131
157  TPM2u+F       1287.533     18  2611.065     2612.067     2693.036
158  TPM2u+F+I     1287.015     19  2612.029     2613.143     2698.554
159  TPM2u+F+G4    1287.039     19  2612.078     2613.192     2698.603
170  TPM2+F        1287.533     18  2611.065     2612.067     2693.036
171  TPM2+F+I      1287.015     19  2612.029     2613.143     2698.554
172  TPM2+F+G4     1287.039     19  2612.078     2613.192     2698.603
183  K3Pu+F        1286.380     18  2608.760     2609.761     2690.730
184  K3Pu+F+I      1286.036     19  2610.072     2611.186     2696.596
185  K3Pu+F+G4     1286.031     19  2610.063     2611.177     2696.588
196  K3P           1299.125     15  2628.250     2628.950     2696.559
197  K3P+I         1298.787     16  2629.574     2630.368     2702.437
198  K3P+G4        1298.778     16  2629.555     2630.349     2702.418
209  TN+F          1285.912     18  2607.824     2608.825     2689.795
210  TN+F+I        1285.492     19  2608.983     2610.097     2695.508
211  TN+F+G4       1285.485     19  2608.969     2610.083     2695.494
222  TNe           1300.116     15  2630.232     2630.931     2698.541
223  TNe+I         1299.681     16  2631.361     2632.155     2704.224
224  TNe+G4        1299.678     16  2631.356     2632.151     2704.219
235  HKY+F         1287.817     17  2609.635     2610.529     2687.052
236  HKY+F+I       1287.376     18  2610.753     2611.754     2692.723
237  HKY+F+G4      1287.387     18  2610.773     2611.775     2692.744
248  K2P           1300.541     14  2629.083     2629.694     2692.838
249  K2P+I         1300.106     15  2630.213     2630.913     2698.522
250  K2P+G4        1300.112     15  2630.224     2630.923     2698.533
261  F81+F         1293.003     16  2618.005     2618.800     2690.868
262  F81+F+I       1292.734     17  2619.468     2620.363     2696.885
263  F81+F+G4      1292.736     17  2619.473     2620.367     2696.890
274  JC            1306.328     13  2638.655     2639.184     2697.856
275  JC+I          1306.029     14  2640.058     2640.670     2703.813
276  JC+G4         1306.032     14  2640.064     2640.676     2703.819
Akaike Information Criterion:           TIM3+F
Corrected Akaike Information Criterion: TIM3+F
Bayesian Information Criterion:         HKY+F
Best-fit model: HKY+F chosen according to BIC

All model information printed to 107928at7898.fltrd_aligned.fas.model.gz
CPU time for ModelFinder: 0.079 seconds (0h:0m:0s)
Wall-clock time for ModelFinder: 0.085 seconds (0h:0m:0s)
Generating 1000 samples for ultrafast bootstrap (seed: 651440)...

NOTE: 0 MB RAM (0 GB) is required!
Estimate model parameters (epsilon = 0.100)
1. Initial log-likelihood: -1287.817
Optimal log-likelihood: -1287.817
Rate parameters:  A-C: 1.00000  A-G: 2.29849  A-T: 1.00000  C-G: 1.00000  C-T: 2.29849  G-T: 1.00000
Base frequencies:  A: 0.321  C: 0.202  G: 0.271  T: 0.207
Parameters optimization took 1 rounds (0.000 sec)
Computing ML distances based on estimated model parameters...
Computing ML distances took 0.000258 sec (of wall-clock time) 0.000230 sec(of CPU time)
Computing RapidNJ tree took 0.000024 sec (of wall-clock time) 0.000021 sec (of CPU time)
Log-likelihood of RapidNJ tree: -1307.471
--------------------------------------------------------------------
|             INITIALIZING CANDIDATE TREE SET                      |
--------------------------------------------------------------------
Generating 98 parsimony trees... 0.020 second
Computing log-likelihood of 65 initial trees ... 0.006 seconds
Current best score: -1287.817

Do NNI search on 20 best initial trees
Estimate model parameters (epsilon = 0.100)
BETTER TREE FOUND at iteration 1: -1287.817
Iteration 10 / LogL: -1291.750 / Time: 0h:0m:0s
Iteration 20 / LogL: -1287.819 / Time: 0h:0m:0s
Finish initializing candidate tree set (4)
Current best tree score: -1287.817 / CPU time: 0.095
Number of iterations: 20
--------------------------------------------------------------------
|               OPTIMIZING CANDIDATE TREE SET                      |
--------------------------------------------------------------------
Iteration 30 / LogL: -1287.820 / Time: 0h:0m:0s (0h:0m:0s left)
UPDATE BEST LOG-LIKELIHOOD: -1287.817
Iteration 40 / LogL: -1287.817 / Time: 0h:0m:0s (0h:0m:0s left)
Iteration 50 / LogL: -1291.753 / Time: 0h:0m:0s (0h:0m:0s left)
Log-likelihood cutoff on original alignment: -1307.052
Iteration 60 / LogL: -1293.197 / Time: 0h:0m:0s (0h:0m:0s left)
Iteration 70 / LogL: -1287.817 / Time: 0h:0m:0s (0h:0m:0s left)
UPDATE BEST LOG-LIKELIHOOD: -1287.817
Iteration 80 / LogL: -1287.817 / Time: 0h:0m:0s (0h:0m:0s left)
UPDATE BEST LOG-LIKELIHOOD: -1287.817
Iteration 90 / LogL: -1291.750 / Time: 0h:0m:0s (0h:0m:0s left)
Iteration 100 / LogL: -1287.818 / Time: 0h:0m:0s (0h:0m:0s left)
Log-likelihood cutoff on original alignment: -1307.490
NOTE: Bootstrap correlation coefficient of split occurrence frequencies: 0.996
TREE SEARCH COMPLETED AFTER 102 ITERATIONS / Time: 0h:0m:0s

--------------------------------------------------------------------
|                    FINALIZING TREE SEARCH                        |
--------------------------------------------------------------------
Performs final model parameters optimization
Estimate model parameters (epsilon = 0.010)
1. Initial log-likelihood: -1287.817
Optimal log-likelihood: -1287.817
Rate parameters:  A-C: 1.00000  A-G: 2.29849  A-T: 1.00000  C-G: 1.00000  C-T: 2.29849  G-T: 1.00000
Base frequencies:  A: 0.321  C: 0.202  G: 0.271  T: 0.207
Parameters optimization took 1 rounds (0.000 sec)
BEST SCORE FOUND : -1287.817
Creating bootstrap support values...
Split supports printed to NEXUS file 107928at7898.fltrd_aligned.fas.splits.nex
Total tree length: 0.133

Total number of iterations: 102
CPU time used for tree search: 0.404 sec (0h:0m:0s)
Wall-clock time used for tree search: 0.482 sec (0h:0m:0s)
Total CPU time used: 0.430 sec (0h:0m:0s)
Total wall-clock time used: 0.518 sec (0h:0m:0s)

Computing bootstrap consensus tree...
Reading input file 107928at7898.fltrd_aligned.fas.splits.nex...
8 taxa and 65 splits.
Consensus tree written to 107928at7898.fltrd_aligned.fas.contree
Reading input trees file 107928at7898.fltrd_aligned.fas.contree
Log-likelihood of consensus tree: -1287.824

Analysis results written to: 
  IQ-TREE report:                107928at7898.fltrd_aligned.fas.iqtree
  Maximum-likelihood tree:       107928at7898.fltrd_aligned.fas.treefile
  Likelihood distances:          107928at7898.fltrd_aligned.fas.mldist

Ultrafast bootstrap approximation results written to:
  Split support values:          107928at7898.fltrd_aligned.fas.splits.nex
  Consensus tree:                107928at7898.fltrd_aligned.fas.contree
  Screen log file:               107928at7898.fltrd_aligned.fas.log

Date and Time: Tue Dec  2 14:49:29 2025
