IQ-TREE multicore version 2.1.3 COVID-edition for Linux 64-bit built Apr 21 2021
Developed by Bui Quang Minh, James Barbetti, Nguyen Lam Tung,
Olga Chernomor, Heiko Schmidt, Dominik Schrempf, Michael Woodhams.

Host:    gombessa.rcs.alaska.edu (AVX2, FMA3, 503 GB RAM)
Command: /export/scratch/tsvanorden/Char_Phylogenetics/src/iqtree-2.1.3-Linux/bin/iqtree2 -s 21247at7898.fltrd_aligned.fas -m MFP -bb 1000 -T 1
Seed:    52422 (Using SPRNG - Scalable Parallel Random Number Generator)
Time:    Tue Dec  2 14:49:53 2025
Kernel:  AVX+FMA - 1 threads (1 CPU cores detected)

Reading alignment file 21247at7898.fltrd_aligned.fas ... Fasta format detected
Alignment most likely contains DNA/RNA sequences
WARNING: 100 sites contain only gaps or ambiguous characters.
Alignment has 20 sequences with 2491 columns, 84 distinct patterns
25 parsimony-informative, 83 singleton sites, 2383 constant sites
                                Gap/Ambiguity  Composition  p-value
   1  251140_Ward_Creek                18.59%    passed     99.96%
   2  260512_Pybus_Point               18.59%    passed     99.96%
   3  261935_Kenai_River               18.59%    passed     99.86%
   4  353213_Cropley_Lake              18.59%    passed     99.96%
   5  353219_Peterson_Creek            18.59%    passed     99.96%
   6  353220_Fish_Creek                18.59%    passed     99.99%
   7  353246_Cottonwood_Creek          18.59%    passed     99.96%
   8  353379_Skagit_River              19.07%    passed     99.78%
   9  353381_Dungeness_River           17.06%    passed     33.06%
  10  353401_Peace_River               19.07%    passed     99.78%
  11  353407_Noatok                    18.59%    passed     99.86%
  12  353410_Horizon_Lake              18.59%    passed     99.96%
  13  92319_Little_Lost                19.07%    passed     99.78%
  14  94280_St_Joe                     19.07%    passed     99.78%
  15  GCA016432855_Lake_Trout          19.43%    passed     99.65%
  16  GCA036784925_Maine_S_alpinus     18.59%    passed     99.93%
  17  GCA045679555_Iceland_A_alpinus   18.59%    passed     99.94%
  18  GCF013265735_Rainbow_Trout       20.75%    passed     99.60%
  19  GCF029448725_Brook_Trout         19.31%    passed     99.98%
  20  Methow_River_99895               19.07%    passed     99.78%
****  TOTAL                            18.82%  0 sequences failed composition chi2 test (p-value<5%; df=3)
NOTE: 260512_Pybus_Point is identical to 251140_Ward_Creek but kept for subsequent analysis
NOTE: 353407_Noatok is identical to 261935_Kenai_River but kept for subsequent analysis
NOTE: 353401_Peace_River is identical to 353379_Skagit_River but kept for subsequent analysis
NOTE: 6 identical sequences (see below) will be ignored for subsequent analysis
NOTE: 353213_Cropley_Lake (identical to 251140_Ward_Creek) is ignored but added at the end
NOTE: 353219_Peterson_Creek (identical to 251140_Ward_Creek) is ignored but added at the end
NOTE: 353246_Cottonwood_Creek (identical to 251140_Ward_Creek) is ignored but added at the end
NOTE: 92319_Little_Lost (identical to 353379_Skagit_River) is ignored but added at the end
NOTE: 94280_St_Joe (identical to 353379_Skagit_River) is ignored but added at the end
NOTE: Methow_River_99895 (identical to 353379_Skagit_River) is ignored but added at the end
Alignment was printed to 21247at7898.fltrd_aligned.fas.uniqueseq.phy

For your convenience alignment with unique sequences printed to 21247at7898.fltrd_aligned.fas.uniqueseq.phy


Create initial parsimony tree by phylogenetic likelihood library (PLL)... 0.000 seconds
Perform fast likelihood tree search using GTR+I+G model...
Estimate model parameters (epsilon = 5.000)
Perform nearest neighbor interchange...
Estimate model parameters (epsilon = 1.000)
1. Initial log-likelihood: -4003.717
Optimal log-likelihood: -4003.716
Rate parameters:  A-C: 1.56824  A-G: 1.73349  A-T: 0.86735  C-G: 1.06277  C-T: 4.08846  G-T: 1.00000
Base frequencies:  A: 0.256  C: 0.237  G: 0.280  T: 0.226
Proportion of invariable sites: 0.478
Gamma shape alpha: 998.436
Parameters optimization took 1 rounds (0.002 sec)
Time for fast ML tree search: 0.013 seconds

NOTE: ModelFinder requires 0 MB RAM!
ModelFinder will test up to 286 DNA models (sample size: 2491) ...
 No. Model         -LnL         df  AIC          AICc         BIC
  1  GTR+F         4003.631     33  8073.262     8074.175     8265.336
  2  GTR+F+I       4003.550     34  8075.100     8076.069     8272.995
  3  GTR+F+G4      4003.556     34  8075.112     8076.081     8273.007
  4  GTR+F+I+G4    4003.715     35  8077.430     8078.457     8281.146
  5  GTR+F+R2      4003.564     35  8077.129     8078.155     8280.844
  6  GTR+F+R3      4003.599     37  8081.198     8082.344     8296.554
 14  SYM           4004.054     30  8068.108     8068.864     8242.721
 15  SYM+I         4003.974     31  8069.948     8070.755     8250.382
 16  SYM+G4        4003.980     31  8069.961     8070.767     8250.394
 27  TVM+F         4008.810     32  8081.620     8082.479     8267.874
 28  TVM+F+I       4008.675     33  8083.350     8084.263     8275.424
 29  TVM+F+G4      4008.687     33  8083.374     8084.287     8275.448
 40  TVMe          4007.586     29  8073.172     8073.879     8241.964
 41  TVMe+I        4007.463     30  8074.926     8075.682     8249.539
 42  TVMe+G4       4007.472     30  8074.945     8075.701     8249.558
 53  TIM3+F        4004.157     31  8070.315     8071.122     8250.749
 54  TIM3+F+I      4004.083     32  8072.167     8073.026     8258.421
 55  TIM3+F+G4     4004.089     32  8072.177     8073.037     8258.431
 66  TIM3e         4004.501     28  8065.003     8065.663     8227.975
 67  TIM3e+I       4004.426     29  8066.852     8067.560     8235.645
 68  TIM3e+G4      4004.433     29  8066.865     8067.572     8235.658
 79  TIM2+F        4004.698     31  8071.395     8072.202     8251.829
 80  TIM2+F+I      4004.605     32  8073.211     8074.070     8259.465
 81  TIM2+F+G4     4004.610     32  8073.220     8074.080     8259.474
 92  TIM2e         4005.237     28  8066.474     8067.134     8229.447
 93  TIM2e+I       4005.144     29  8068.288     8068.995     8237.081
 94  TIM2e+G4      4005.149     29  8068.298     8069.005     8237.090
105  TIM+F         4004.500     31  8071.000     8071.807     8251.434
106  TIM+F+I       4004.396     32  8072.791     8073.650     8259.045
107  TIM+F+G4      4004.402     32  8072.803     8073.662     8259.057
118  TIMe          4004.965     28  8065.931     8066.591     8228.903
119  TIMe+I        4004.862     29  8067.723     8068.430     8236.516
120  TIMe+G4       4004.867     29  8067.735     8068.442     8236.528
131  TPM3u+F       4009.339     30  8078.678     8079.434     8253.291
132  TPM3u+F+I     4009.211     31  8080.421     8081.228     8260.855
133  TPM3u+F+G4    4009.222     31  8080.444     8081.250     8260.877
144  TPM3+F        4009.339     30  8078.678     8079.434     8253.291
145  TPM3+F+I      4009.211     31  8080.421     8081.228     8260.855
146  TPM3+F+G4     4009.222     31  8080.444     8081.250     8260.877
157  TPM2u+F       4009.879     30  8079.758     8080.514     8254.371
158  TPM2u+F+I     4009.730     31  8081.460     8082.267     8261.894
159  TPM2u+F+G4    4009.739     31  8081.478     8082.285     8261.911
170  TPM2+F        4009.879     30  8079.758     8080.514     8254.371
171  TPM2+F+I      4009.730     31  8081.460     8082.267     8261.894
172  TPM2+F+G4     4009.739     31  8081.478     8082.285     8261.911
183  K3Pu+F        4009.685     30  8079.371     8080.127     8253.984
184  K3Pu+F+I      4009.529     31  8081.058     8081.864     8261.491
185  K3Pu+F+G4     4009.538     31  8081.076     8081.883     8261.510
196  K3P           4008.503     27  8071.006     8071.620     8228.158
197  K3P+I         4008.355     28  8072.710     8073.370     8235.683
198  K3P+G4        4008.363     28  8072.727     8073.387     8235.699
209  TN+F          4004.885     30  8069.770     8070.526     8244.383
210  TN+F+I        4004.789     31  8071.577     8072.384     8252.011
211  TN+F+G4       4004.794     31  8071.588     8072.395     8252.021
222  TNe           4005.343     27  8064.685     8065.299     8221.837
223  TNe+I         4005.248     28  8066.496     8067.155     8229.468
224  TNe+G4        4005.256     28  8066.511     8067.171     8229.484
235  HKY+F         4010.069     29  8078.139     8078.846     8246.932
236  HKY+F+I       4009.923     30  8079.846     8080.602     8254.459
237  HKY+F+G4      4009.931     30  8079.862     8080.618     8254.475
248  K2P           4008.881     26  8069.763     8070.333     8221.094
249  K2P+I         4008.743     27  8071.485     8072.099     8228.637
250  K2P+G4        4008.751     27  8071.502     8072.116     8228.654
261  F81+F         4020.276     28  8096.552     8097.212     8259.524
262  F81+F+I       4020.158     29  8098.316     8099.023     8267.109
263  F81+F+G4      4020.164     29  8098.328     8099.035     8267.121
274  JC            4019.318     25  8088.636     8089.163     8234.147
275  JC+I          4019.196     26  8090.392     8090.962     8241.724
276  JC+G4         4019.202     26  8090.404     8090.974     8241.736
Akaike Information Criterion:           TNe
Corrected Akaike Information Criterion: TNe
Bayesian Information Criterion:         K2P
Best-fit model: K2P chosen according to BIC

All model information printed to 21247at7898.fltrd_aligned.fas.model.gz
CPU time for ModelFinder: 0.134 seconds (0h:0m:0s)
Wall-clock time for ModelFinder: 0.142 seconds (0h:0m:0s)
Generating 1000 samples for ultrafast bootstrap (seed: 52422)...

NOTE: 0 MB RAM (0 GB) is required!
Estimate model parameters (epsilon = 0.100)
1. Initial log-likelihood: -4008.881
Optimal log-likelihood: -4008.881
Rate parameters:  A-C: 1.00000  A-G: 2.43060  A-T: 1.00000  C-G: 1.00000  C-T: 2.43060  G-T: 1.00000
Base frequencies:  A: 0.250  C: 0.250  G: 0.250  T: 0.250
Parameters optimization took 1 rounds (0.000 sec)
Computing ML distances based on estimated model parameters...
Computing ML distances took 0.000865 sec (of wall-clock time) 0.000843 sec(of CPU time)
Computing RapidNJ tree took 0.000049 sec (of wall-clock time) 0.000047 sec (of CPU time)
Log-likelihood of RapidNJ tree: -4018.106
--------------------------------------------------------------------
|             INITIALIZING CANDIDATE TREE SET                      |
--------------------------------------------------------------------
Generating 98 parsimony trees... 0.036 second
Computing log-likelihood of 98 initial trees ... 0.038 seconds
Current best score: -4008.880

Do NNI search on 20 best initial trees
Estimate model parameters (epsilon = 0.100)
BETTER TREE FOUND at iteration 1: -4008.880
Iteration 10 / LogL: -4008.880 / Time: 0h:0m:0s
Iteration 20 / LogL: -4008.882 / Time: 0h:0m:0s
Finish initializing candidate tree set (18)
Current best tree score: -4008.880 / CPU time: 0.153
Number of iterations: 20
--------------------------------------------------------------------
|               OPTIMIZING CANDIDATE TREE SET                      |
--------------------------------------------------------------------
BETTER TREE FOUND at iteration 22: -4008.880
Iteration 30 / LogL: -4008.888 / Time: 0h:0m:0s (0h:0m:0s left)
Iteration 40 / LogL: -4008.880 / Time: 0h:0m:0s (0h:0m:0s left)
Iteration 50 / LogL: -4008.880 / Time: 0h:0m:0s (0h:0m:0s left)
Log-likelihood cutoff on original alignment: -4036.983
Iteration 60 / LogL: -4008.880 / Time: 0h:0m:0s (0h:0m:0s left)
UPDATE BEST LOG-LIKELIHOOD: -4008.880
Iteration 70 / LogL: -4008.880 / Time: 0h:0m:0s (0h:0m:0s left)
UPDATE BEST LOG-LIKELIHOOD: -4008.880
Iteration 80 / LogL: -4008.880 / Time: 0h:0m:0s (0h:0m:0s left)
Iteration 90 / LogL: -4008.884 / Time: 0h:0m:0s (0h:0m:0s left)
Iteration 100 / LogL: -4008.880 / Time: 0h:0m:0s (0h:0m:0s left)
Log-likelihood cutoff on original alignment: -4036.983
NOTE: Bootstrap correlation coefficient of split occurrence frequencies: 0.985
NOTE: UFBoot does not converge, continue at least 100 more iterations
Iteration 110 / LogL: -4008.880 / Time: 0h:0m:0s (0h:0m:0s left)
UPDATE BEST LOG-LIKELIHOOD: -4008.880
Iteration 120 / LogL: -4008.880 / Time: 0h:0m:0s (0h:0m:0s left)
Iteration 130 / LogL: -4008.883 / Time: 0h:0m:0s (0h:0m:0s left)
Iteration 140 / LogL: -4008.890 / Time: 0h:0m:0s (0h:0m:0s left)
Iteration 150 / LogL: -4008.890 / Time: 0h:0m:1s (0h:0m:0s left)
Log-likelihood cutoff on original alignment: -4036.558
Iteration 160 / LogL: -4112.561 / Time: 0h:0m:1s (0h:0m:0s left)
Iteration 170 / LogL: -4008.884 / Time: 0h:0m:1s (0h:0m:0s left)
Iteration 180 / LogL: -4008.883 / Time: 0h:0m:1s (0h:0m:0s left)
Iteration 190 / LogL: -4008.880 / Time: 0h:0m:1s (0h:0m:0s left)
Iteration 200 / LogL: -4016.715 / Time: 0h:0m:1s (0h:0m:0s left)
Log-likelihood cutoff on original alignment: -4036.465
NOTE: Bootstrap correlation coefficient of split occurrence frequencies: 0.984
NOTE: UFBoot does not converge, continue at least 100 more iterations
UPDATE BEST LOG-LIKELIHOOD: -4008.880
UPDATE BEST LOG-LIKELIHOOD: -4008.880
UPDATE BEST LOG-LIKELIHOOD: -4008.880
Iteration 210 / LogL: -4008.880 / Time: 0h:0m:1s (0h:0m:0s left)
UPDATE BEST LOG-LIKELIHOOD: -4008.880
Iteration 220 / LogL: -4008.880 / Time: 0h:0m:1s (0h:0m:0s left)
Iteration 230 / LogL: -4008.884 / Time: 0h:0m:1s (0h:0m:0s left)
UPDATE BEST LOG-LIKELIHOOD: -4008.880
Iteration 240 / LogL: -4008.880 / Time: 0h:0m:1s (0h:0m:0s left)
Iteration 250 / LogL: -4008.887 / Time: 0h:0m:1s (0h:0m:0s left)
Log-likelihood cutoff on original alignment: -4036.992
Iteration 260 / LogL: -4014.092 / Time: 0h:0m:1s (0h:0m:0s left)
Iteration 270 / LogL: -4014.091 / Time: 0h:0m:1s (0h:0m:0s left)
Iteration 280 / LogL: -4008.890 / Time: 0h:0m:1s (0h:0m:0s left)
Iteration 290 / LogL: -4008.884 / Time: 0h:0m:1s (0h:0m:0s left)
UPDATE BEST LOG-LIKELIHOOD: -4008.880
Iteration 300 / LogL: -4008.880 / Time: 0h:0m:2s (0h:0m:0s left)
Log-likelihood cutoff on original alignment: -4037.568
NOTE: Bootstrap correlation coefficient of split occurrence frequencies: 0.991
TREE SEARCH COMPLETED AFTER 300 ITERATIONS / Time: 0h:0m:2s

--------------------------------------------------------------------
|                    FINALIZING TREE SEARCH                        |
--------------------------------------------------------------------
Performs final model parameters optimization
Estimate model parameters (epsilon = 0.010)
1. Initial log-likelihood: -4008.880
Optimal log-likelihood: -4008.880
Rate parameters:  A-C: 1.00000  A-G: 2.43060  A-T: 1.00000  C-G: 1.00000  C-T: 2.43060  G-T: 1.00000
Base frequencies:  A: 0.250  C: 0.250  G: 0.250  T: 0.250
Parameters optimization took 1 rounds (0.000 sec)
BEST SCORE FOUND : -4008.880
Creating bootstrap support values...
Split supports printed to NEXUS file 21247at7898.fltrd_aligned.fas.splits.nex
Total tree length: 0.057

Total number of iterations: 300
CPU time used for tree search: 1.945 sec (0h:0m:1s)
Wall-clock time used for tree search: 2.052 sec (0h:0m:2s)
Total CPU time used: 1.986 sec (0h:0m:1s)
Total wall-clock time used: 2.100 sec (0h:0m:2s)

Computing bootstrap consensus tree...
Reading input file 21247at7898.fltrd_aligned.fas.splits.nex...
14 taxa and 159 splits.
Consensus tree written to 21247at7898.fltrd_aligned.fas.contree
Reading input trees file 21247at7898.fltrd_aligned.fas.contree
Log-likelihood of consensus tree: -4008.915

Analysis results written to: 
  IQ-TREE report:                21247at7898.fltrd_aligned.fas.iqtree
  Maximum-likelihood tree:       21247at7898.fltrd_aligned.fas.treefile
  Likelihood distances:          21247at7898.fltrd_aligned.fas.mldist

Ultrafast bootstrap approximation results written to:
  Split support values:          21247at7898.fltrd_aligned.fas.splits.nex
  Consensus tree:                21247at7898.fltrd_aligned.fas.contree
  Screen log file:               21247at7898.fltrd_aligned.fas.log

Date and Time: Tue Dec  2 14:49:55 2025
