IQ-TREE multicore version 2.1.3 COVID-edition for Linux 64-bit built Apr 21 2021
Developed by Bui Quang Minh, James Barbetti, Nguyen Lam Tung,
Olga Chernomor, Heiko Schmidt, Dominik Schrempf, Michael Woodhams.

Host:    gombessa.rcs.alaska.edu (AVX2, FMA3, 503 GB RAM)
Command: /export/scratch/tsvanorden/Char_Phylogenetics/src/iqtree-2.1.3-Linux/bin/iqtree2 -s 113135at7898.fltrd_aligned.fas -m MFP -bb 1000 -T 1
Seed:    762113 (Using SPRNG - Scalable Parallel Random Number Generator)
Time:    Tue Dec  2 14:49:15 2025
Kernel:  AVX+FMA - 1 threads (1 CPU cores detected)

Reading alignment file 113135at7898.fltrd_aligned.fas ... Fasta format detected
Alignment most likely contains DNA/RNA sequences
Alignment has 20 sequences with 564 columns, 49 distinct patterns
13 parsimony-informative, 21 singleton sites, 530 constant sites
                                Gap/Ambiguity  Composition  p-value
   1  251140_Ward_Creek                 4.26%    passed     98.92%
   2  260512_Pybus_Point                4.26%    passed     98.92%
   3  261935_Kenai_River                4.26%    passed     98.92%
   4  353213_Cropley_Lake               4.26%    passed     98.92%
   5  353219_Peterson_Creek             4.26%    passed     98.92%
   6  353220_Fish_Creek                 4.26%    passed     98.92%
   7  353246_Cottonwood_Creek           4.26%    passed     98.92%
   8  353379_Skagit_River              21.81%    passed     69.57%
   9  353381_Dungeness_River            4.26%    passed     98.50%
  10  353401_Peace_River               21.81%    passed     69.57%
  11  353407_Noatok                     4.26%    passed     98.92%
  12  353410_Horizon_Lake               0.53%    passed     94.00%
  13  92319_Little_Lost                21.81%    passed     69.57%
  14  94280_St_Joe                     21.81%    passed     69.57%
  15  GCA016432855_Lake_Trout           4.26%    passed     98.95%
  16  GCA036784925_Maine_S_alpinus      4.26%    passed     99.37%
  17  GCA045679555_Iceland_A_alpinus    4.26%    passed     99.37%
  18  GCF013265735_Rainbow_Trout        2.13%    passed     82.06%
  19  GCF029448725_Brook_Trout          4.79%    passed     98.34%
  20  Methow_River_99895               21.81%    passed     69.57%
****  TOTAL                             8.38%  0 sequences failed composition chi2 test (p-value<5%; df=3)
NOTE: 260512_Pybus_Point is identical to 251140_Ward_Creek but kept for subsequent analysis
NOTE: 353407_Noatok is identical to 353246_Cottonwood_Creek but kept for subsequent analysis
NOTE: 353401_Peace_River is identical to 353379_Skagit_River but kept for subsequent analysis
NOTE: GCA045679555_Iceland_A_alpinus is identical to GCA036784925_Maine_S_alpinus but kept for subsequent analysis
NOTE: 7 identical sequences (see below) will be ignored for subsequent analysis
NOTE: 261935_Kenai_River (identical to 251140_Ward_Creek) is ignored but added at the end
NOTE: 353213_Cropley_Lake (identical to 251140_Ward_Creek) is ignored but added at the end
NOTE: 353219_Peterson_Creek (identical to 251140_Ward_Creek) is ignored but added at the end
NOTE: 353220_Fish_Creek (identical to 251140_Ward_Creek) is ignored but added at the end
NOTE: 92319_Little_Lost (identical to 353379_Skagit_River) is ignored but added at the end
NOTE: 94280_St_Joe (identical to 353379_Skagit_River) is ignored but added at the end
NOTE: Methow_River_99895 (identical to 353379_Skagit_River) is ignored but added at the end
Alignment was printed to 113135at7898.fltrd_aligned.fas.uniqueseq.phy

For your convenience alignment with unique sequences printed to 113135at7898.fltrd_aligned.fas.uniqueseq.phy


Create initial parsimony tree by phylogenetic likelihood library (PLL)... 0.000 seconds
Perform fast likelihood tree search using GTR+I+G model...
Estimate model parameters (epsilon = 5.000)
Perform nearest neighbor interchange...
Estimate model parameters (epsilon = 1.000)
1. Initial log-likelihood: -1006.899
Optimal log-likelihood: -1006.898
Rate parameters:  A-C: 1.42586  A-G: 2.07492  A-T: 0.99715  C-G: 0.87431  C-T: 3.11014  G-T: 1.00000
Base frequencies:  A: 0.220  C: 0.259  G: 0.291  T: 0.230
Proportion of invariable sites: 0.469
Gamma shape alpha: 998.439
Parameters optimization took 1 rounds (0.001 sec)
Time for fast ML tree search: 0.006 seconds

NOTE: ModelFinder requires 0 MB RAM!
ModelFinder will test up to 286 DNA models (sample size: 564) ...
 No. Model         -LnL         df  AIC          AICc         BIC
  1  GTR+F         1006.831     31  2075.662     2079.392     2210.049
  2  GTR+F+I       1006.803     32  2077.606     2081.583     2216.327
  3  GTR+F+G4      1006.805     32  2077.610     2081.587     2216.331
  4  GTR+F+I+G4    1006.898     33  2079.796     2084.030     2222.853
  5  GTR+F+R2      1006.815     33  2079.630     2083.864     2222.687
  6  GTR+F+R3      1006.836     35  2083.671     2088.444     2235.398
 14  SYM           1008.941     28  2073.882     2076.918     2195.264
 15  SYM+I         1008.917     29  2075.833     2079.091     2201.550
 16  SYM+G4        1008.919     29  2075.837     2079.096     2201.554
 27  TVM+F         1007.194     30  2074.388     2077.877     2204.439
 28  TVM+F+I       1007.164     31  2076.327     2080.057     2210.714
 29  TVM+F+G4      1007.167     31  2076.335     2080.064     2210.721
 40  TVMe          1009.254     27  2072.508     2075.329     2189.554
 41  TVMe+I        1009.230     28  2074.459     2077.495     2195.841
 42  TVMe+G4       1009.233     28  2074.467     2077.502     2195.848
 53  TIM3+F        1007.095     29  2072.190     2075.449     2197.907
 54  TIM3+F+I      1007.063     30  2074.126     2077.616     2204.177
 55  TIM3+F+G4     1007.065     30  2074.129     2077.619     2204.181
 66  TIM3e         1009.088     26  2070.175     2072.790     2182.887
 67  TIM3e+I       1009.061     27  2072.121     2074.942     2189.168
 68  TIM3e+G4      1009.062     27  2072.124     2074.945     2189.171
 79  TIM2+F        1006.986     29  2071.972     2075.230     2197.688
 80  TIM2+F+I      1006.949     30  2073.898     2077.388     2203.950
 81  TIM2+F+G4     1006.952     30  2073.903     2077.393     2203.955
 92  TIM2e         1009.128     26  2070.257     2072.871     2182.968
 93  TIM2e+I       1009.097     27  2072.193     2075.014     2189.240
 94  TIM2e+G4      1009.099     27  2072.197     2075.018     2189.244
105  TIM+F         1007.005     29  2072.009     2075.268     2197.726
106  TIM+F+I       1006.971     30  2073.942     2077.432     2203.994
107  TIM+F+G4      1006.974     30  2073.947     2077.437     2203.999
118  TIMe          1009.052     26  2070.104     2072.718     2182.815
119  TIMe+I        1009.023     27  2072.046     2074.867     2189.093
120  TIMe+G4       1009.025     27  2072.050     2074.871     2189.097
131  TPM3u+F       1007.456     28  2070.912     2073.947     2192.293
132  TPM3u+F+I     1007.424     29  2072.849     2076.107     2198.566
133  TPM3u+F+G4    1007.428     29  2072.856     2076.115     2198.573
144  TPM3+F        1007.456     28  2070.912     2073.947     2192.293
145  TPM3+F+I      1007.424     29  2072.849     2076.107     2198.566
146  TPM3+F+G4     1007.428     29  2072.856     2076.115     2198.573
157  TPM2u+F       1007.346     28  2070.692     2073.727     2192.073
158  TPM2u+F+I     1007.310     29  2072.620     2075.878     2198.336
159  TPM2u+F+G4    1007.314     29  2072.627     2075.886     2198.344
170  TPM2+F        1007.346     28  2070.692     2073.727     2192.073
171  TPM2+F+I      1007.310     29  2072.620     2075.878     2198.336
172  TPM2+F+G4     1007.314     29  2072.627     2075.886     2198.344
183  K3Pu+F        1007.366     28  2070.732     2073.767     2192.113
184  K3Pu+F+I      1007.333     29  2072.666     2075.924     2198.382
185  K3Pu+F+G4     1007.337     29  2072.674     2075.932     2198.391
196  K3P           1009.366     25  2068.732     2071.148     2177.108
197  K3P+I         1009.337     26  2070.674     2073.288     2183.385
198  K3P+G4        1009.340     26  2070.680     2073.295     2183.392
209  TN+F          1007.133     28  2070.266     2073.302     2191.648
210  TN+F+I        1007.097     29  2072.194     2075.452     2197.910
211  TN+F+G4       1007.099     29  2072.198     2075.457     2197.915
222  TNe           1009.165     25  2068.331     2070.747     2176.707
223  TNe+I         1009.133     26  2070.267     2072.881     2182.978
224  TNe+G4        1009.135     26  2070.270     2072.885     2182.982
235  HKY+F         1007.494     27  2068.989     2071.809     2186.035
236  HKY+F+I       1007.459     28  2070.918     2073.954     2192.300
237  HKY+F+G4      1007.463     28  2070.925     2073.961     2192.307
248  K2P           1009.480     24  2066.960     2069.186     2171.001
249  K2P+I         1009.447     25  2068.895     2071.311     2177.271
250  K2P+G4        1009.451     25  2068.901     2071.317     2177.277
261  F81+F         1010.806     26  2073.613     2076.227     2186.324
262  F81+F+I       1010.775     27  2075.549     2078.370     2192.596
263  F81+F+G4      1010.778     27  2075.557     2078.378     2192.603
274  JC            1012.716     23  2071.433     2073.477     2171.139
275  JC+I          1012.686     24  2073.372     2075.598     2177.413
276  JC+G4         1012.690     24  2073.379     2075.605     2177.420
Akaike Information Criterion:           K2P
Corrected Akaike Information Criterion: K2P
Bayesian Information Criterion:         K2P
Best-fit model: K2P chosen according to BIC

All model information printed to 113135at7898.fltrd_aligned.fas.model.gz
CPU time for ModelFinder: 0.071 seconds (0h:0m:0s)
Wall-clock time for ModelFinder: 0.075 seconds (0h:0m:0s)
Generating 1000 samples for ultrafast bootstrap (seed: 762113)...

NOTE: 0 MB RAM (0 GB) is required!
Estimate model parameters (epsilon = 0.100)
1. Initial log-likelihood: -1009.480
Optimal log-likelihood: -1009.480
Rate parameters:  A-C: 1.00000  A-G: 2.39644  A-T: 1.00000  C-G: 1.00000  C-T: 2.39644  G-T: 1.00000
Base frequencies:  A: 0.250  C: 0.250  G: 0.250  T: 0.250
Parameters optimization took 1 rounds (0.000 sec)
Computing ML distances based on estimated model parameters...
Computing ML distances took 0.000559 sec (of wall-clock time) 0.000539 sec(of CPU time)
Computing RapidNJ tree took 0.000042 sec (of wall-clock time) 0.000038 sec (of CPU time)
Log-likelihood of RapidNJ tree: -1022.643
--------------------------------------------------------------------
|             INITIALIZING CANDIDATE TREE SET                      |
--------------------------------------------------------------------
Generating 98 parsimony trees... 0.025 second
Computing log-likelihood of 98 initial trees ... 0.022 seconds
Current best score: -1009.480

Do NNI search on 20 best initial trees
Estimate model parameters (epsilon = 0.100)
BETTER TREE FOUND at iteration 1: -1009.480
BETTER TREE FOUND at iteration 2: -1009.480
UPDATE BEST LOG-LIKELIHOOD: -1009.480
BETTER TREE FOUND at iteration 6: -1009.479
Iteration 10 / LogL: -1009.480 / Time: 0h:0m:0s
Iteration 20 / LogL: -1009.479 / Time: 0h:0m:0s
Finish initializing candidate tree set (4)
Current best tree score: -1009.479 / CPU time: 0.133
Number of iterations: 20
--------------------------------------------------------------------
|               OPTIMIZING CANDIDATE TREE SET                      |
--------------------------------------------------------------------
Iteration 30 / LogL: -1009.481 / Time: 0h:0m:0s (0h:0m:0s left)
Iteration 40 / LogL: -1009.482 / Time: 0h:0m:0s (0h:0m:0s left)
Iteration 50 / LogL: -1009.481 / Time: 0h:0m:0s (0h:0m:0s left)
Log-likelihood cutoff on original alignment: -1032.766
Iteration 60 / LogL: -1009.480 / Time: 0h:0m:0s (0h:0m:0s left)
Iteration 70 / LogL: -1009.479 / Time: 0h:0m:0s (0h:0m:0s left)
Iteration 80 / LogL: -1009.480 / Time: 0h:0m:0s (0h:0m:0s left)
Iteration 90 / LogL: -1009.482 / Time: 0h:0m:0s (0h:0m:0s left)
Iteration 100 / LogL: -1009.480 / Time: 0h:0m:0s (0h:0m:0s left)
Log-likelihood cutoff on original alignment: -1031.847
NOTE: Bootstrap correlation coefficient of split occurrence frequencies: 0.991
TREE SEARCH COMPLETED AFTER 107 ITERATIONS / Time: 0h:0m:0s

--------------------------------------------------------------------
|                    FINALIZING TREE SEARCH                        |
--------------------------------------------------------------------
Performs final model parameters optimization
Estimate model parameters (epsilon = 0.010)
1. Initial log-likelihood: -1009.479
Optimal log-likelihood: -1009.479
Rate parameters:  A-C: 1.00000  A-G: 2.39329  A-T: 1.00000  C-G: 1.00000  C-T: 2.39329  G-T: 1.00000
Base frequencies:  A: 0.250  C: 0.250  G: 0.250  T: 0.250
Parameters optimization took 1 rounds (0.000 sec)
BEST SCORE FOUND : -1009.479
Creating bootstrap support values...
Split supports printed to NEXUS file 113135at7898.fltrd_aligned.fas.splits.nex
Total tree length: 0.066

Total number of iterations: 107
CPU time used for tree search: 0.551 sec (0h:0m:0s)
Wall-clock time used for tree search: 0.636 sec (0h:0m:0s)
Total CPU time used: 0.587 sec (0h:0m:0s)
Total wall-clock time used: 0.679 sec (0h:0m:0s)

Computing bootstrap consensus tree...
Reading input file 113135at7898.fltrd_aligned.fas.splits.nex...
13 taxa and 89 splits.
Consensus tree written to 113135at7898.fltrd_aligned.fas.contree
Reading input trees file 113135at7898.fltrd_aligned.fas.contree
Log-likelihood of consensus tree: -1009.490

Analysis results written to: 
  IQ-TREE report:                113135at7898.fltrd_aligned.fas.iqtree
  Maximum-likelihood tree:       113135at7898.fltrd_aligned.fas.treefile
  Likelihood distances:          113135at7898.fltrd_aligned.fas.mldist

Ultrafast bootstrap approximation results written to:
  Split support values:          113135at7898.fltrd_aligned.fas.splits.nex
  Consensus tree:                113135at7898.fltrd_aligned.fas.contree
  Screen log file:               113135at7898.fltrd_aligned.fas.log

Date and Time: Tue Dec  2 14:49:16 2025
