IQ-TREE multicore version 2.1.3 COVID-edition for Linux 64-bit built Apr 21 2021
Developed by Bui Quang Minh, James Barbetti, Nguyen Lam Tung,
Olga Chernomor, Heiko Schmidt, Dominik Schrempf, Michael Woodhams.

Host:    gombessa.rcs.alaska.edu (AVX2, FMA3, 503 GB RAM)
Command: /export/scratch/tsvanorden/Char_Phylogenetics/src/iqtree-2.1.3-Linux/bin/iqtree2 -s 133971at7898.fltrd_aligned.fas -m MFP -bb 1000 -T 1
Seed:    478257 (Using SPRNG - Scalable Parallel Random Number Generator)
Time:    Tue Dec  2 14:49:58 2025
Kernel:  AVX+FMA - 1 threads (1 CPU cores detected)

Reading alignment file 133971at7898.fltrd_aligned.fas ... Fasta format detected
Alignment most likely contains DNA/RNA sequences
Alignment has 20 sequences with 243 columns, 8 distinct patterns
2 parsimony-informative, 2 singleton sites, 239 constant sites
                                Gap/Ambiguity  Composition  p-value
   1  251140_Ward_Creek                 0.00%    passed     99.98%
   2  260512_Pybus_Point                0.00%    passed     99.98%
   3  261935_Kenai_River                0.00%    passed     99.87%
   4  353213_Cropley_Lake               0.00%    passed     99.98%
   5  353219_Peterson_Creek             0.00%    passed     99.98%
   6  353220_Fish_Creek                 0.00%    passed     99.98%
   7  353246_Cottonwood_Creek           0.00%    passed     99.87%
   8  353379_Skagit_River               0.00%    passed     99.95%
   9  353381_Dungeness_River            0.00%    passed     99.98%
  10  353401_Peace_River                0.00%    passed     99.95%
  11  353407_Noatok                     0.00%    passed     99.98%
  12  353410_Horizon_Lake               0.00%    passed     99.98%
  13  92319_Little_Lost                 0.00%    passed     99.95%
  14  94280_St_Joe                      0.00%    passed     99.95%
  15  GCA016432855_Lake_Trout           0.00%    passed     99.95%
  16  GCA036784925_Maine_S_alpinus      0.00%    passed     99.98%
  17  GCA045679555_Iceland_A_alpinus    0.00%    passed     99.98%
  18  GCF013265735_Rainbow_Trout        0.00%    passed     99.09%
  19  GCF029448725_Brook_Trout          0.00%    passed     99.98%
  20  Methow_River_99895                0.00%    passed     99.95%
****  TOTAL                             0.00%  0 sequences failed composition chi2 test (p-value<5%; df=3)
NOTE: 260512_Pybus_Point is identical to 251140_Ward_Creek but kept for subsequent analysis
NOTE: 353246_Cottonwood_Creek is identical to 261935_Kenai_River but kept for subsequent analysis
NOTE: 353401_Peace_River is identical to 353379_Skagit_River but kept for subsequent analysis
NOTE: 12 identical sequences (see below) will be ignored for subsequent analysis
NOTE: 353213_Cropley_Lake (identical to 251140_Ward_Creek) is ignored but added at the end
NOTE: 353219_Peterson_Creek (identical to 251140_Ward_Creek) is ignored but added at the end
NOTE: 353220_Fish_Creek (identical to 251140_Ward_Creek) is ignored but added at the end
NOTE: 353381_Dungeness_River (identical to 251140_Ward_Creek) is ignored but added at the end
NOTE: 353407_Noatok (identical to 251140_Ward_Creek) is ignored but added at the end
NOTE: 353410_Horizon_Lake (identical to 251140_Ward_Creek) is ignored but added at the end
NOTE: GCA036784925_Maine_S_alpinus (identical to 251140_Ward_Creek) is ignored but added at the end
NOTE: GCA045679555_Iceland_A_alpinus (identical to 251140_Ward_Creek) is ignored but added at the end
NOTE: 92319_Little_Lost (identical to 353379_Skagit_River) is ignored but added at the end
NOTE: 94280_St_Joe (identical to 353379_Skagit_River) is ignored but added at the end
NOTE: GCA016432855_Lake_Trout (identical to 353379_Skagit_River) is ignored but added at the end
NOTE: Methow_River_99895 (identical to 353379_Skagit_River) is ignored but added at the end
Alignment was printed to 133971at7898.fltrd_aligned.fas.uniqueseq.phy

For your convenience alignment with unique sequences printed to 133971at7898.fltrd_aligned.fas.uniqueseq.phy


Create initial parsimony tree by phylogenetic likelihood library (PLL)... 0.000 seconds
Perform fast likelihood tree search using GTR+I+G model...
Estimate model parameters (epsilon = 5.000)
Perform nearest neighbor interchange...
Estimate model parameters (epsilon = 1.000)
1. Initial log-likelihood: -356.211
Optimal log-likelihood: -356.205
Rate parameters:  A-C: 0.00010  A-G: 1.27842  A-T: 0.00010  C-G: 0.00010  C-T: 7.87718  G-T: 1.00000
Base frequencies:  A: 0.277  C: 0.224  G: 0.324  T: 0.175
Proportion of invariable sites: 0.491
Gamma shape alpha: 998.448
Parameters optimization took 1 rounds (0.001 sec)
Time for fast ML tree search: 0.002 seconds

NOTE: ModelFinder requires 0 MB RAM!
ModelFinder will test up to 286 DNA models (sample size: 243) ...
 No. Model         -LnL         df  AIC          AICc         BIC
  1  GTR+F         356.162      21  754.324      758.505      827.678
  2  GTR+F+I       356.159      22  756.317      760.917      833.164
  3  GTR+F+G4      356.159      22  756.317      760.917      833.164
  4  GTR+F+I+G4    356.198      23  758.396      763.437      838.736
  5  GTR+F+R2      356.177      23  758.354      763.395      838.694
  6  GTR+F+R3      356.182      25  762.364      768.355      849.691
 14  SYM           361.854      18  759.707      762.761      822.582
 15  SYM+I         361.854      19  761.707      765.115      828.075
 16  SYM+G4        361.854      19  761.707      765.115      828.075
 27  TVM+F         357.372      20  754.745      758.528      824.606
 28  TVM+F+I       357.372      21  756.745      760.926      830.099
 29  TVM+F+G4      357.372      21  756.745      760.926      830.099
 40  TVMe          362.868      17  759.737      762.457      819.119
 41  TVMe+I        362.868      18  761.737      764.790      824.612
 42  TVMe+G4       362.868      18  761.737      764.790      824.612
 53  TIM3+F        357.370      19  752.740      756.148      819.109
 54  TIM3+F+I      357.370      20  754.740      758.524      824.602
 55  TIM3+F+G4     357.370      20  754.740      758.524      824.602
 66  TIM3e         362.867      16  757.734      760.141      813.623
 67  TIM3e+I       362.867      17  759.734      762.454      819.116
 68  TIM3e+G4      362.867      17  759.734      762.454      819.116
 79  TIM2+F        357.374      19  752.748      756.156      819.116
 80  TIM2+F+I      357.374      20  754.748      758.532      824.609
 81  TIM2+F+G4     357.374      20  754.748      758.532      824.609
 92  TIM2e         362.868      16  757.737      760.144      813.626
 93  TIM2e+I       362.868      17  759.737      762.457      819.119
 94  TIM2e+G4      362.868      17  759.737      762.457      819.119
105  TIM+F         357.374      19  752.748      756.156      819.116
106  TIM+F+I       357.374      20  754.748      758.532      824.609
107  TIM+F+G4      357.374      20  754.748      758.532      824.609
118  TIMe          362.868      16  757.737      760.144      813.626
119  TIMe+I        362.868      17  759.737      762.457      819.119
120  TIMe+G4       362.868      17  759.737      762.457      819.119
131  TPM3u+F       357.370      18  750.740      753.794      813.616
132  TPM3u+F+I     357.370      19  752.740      756.148      819.109
133  TPM3u+F+G4    357.370      19  752.740      756.149      819.109
144  TPM3+F        357.370      18  750.740      753.794      813.616
145  TPM3+F+I      357.370      19  752.740      756.148      819.109
146  TPM3+F+G4     357.370      19  752.740      756.149      819.109
157  TPM2u+F       357.374      18  750.748      753.802      813.623
158  TPM2u+F+I     357.374      19  752.748      756.156      819.116
159  TPM2u+F+G4    357.374      19  752.748      756.156      819.116
170  TPM2+F        357.374      18  750.748      753.802      813.623
171  TPM2+F+I      357.374      19  752.748      756.156      819.116
172  TPM2+F+G4     357.374      19  752.748      756.156      819.116
183  K3Pu+F        357.374      18  750.748      753.802      813.623
184  K3Pu+F+I      357.374      19  752.748      756.156      819.116
185  K3Pu+F+G4     357.374      19  752.748      756.156      819.116
196  K3P           362.868      15  755.737      757.851      808.133
197  K3P+I         362.868      16  757.737      760.144      813.626
198  K3P+G4        362.868      16  757.737      760.144      813.626
209  TN+F          357.374      18  750.748      753.802      813.623
210  TN+F+I        357.374      19  752.748      756.156      819.116
211  TN+F+G4       357.374      19  752.748      756.156      819.116
222  TNe           362.868      15  755.737      757.851      808.133
223  TNe+I         362.868      16  757.737      760.144      813.626
224  TNe+G4        362.868      16  757.737      760.144      813.626
235  HKY+F         357.374      17  748.748      751.468      808.130
236  HKY+F+I       357.374      18  750.748      753.802      813.623
237  HKY+F+G4      357.374      18  750.748      753.802      813.623
248  K2P           362.868      14  753.737      755.579      802.640
249  K2P+I         362.868      15  755.737      757.851      808.133
250  K2P+G4        362.868      15  755.737      757.851      808.133
261  F81+F         361.548      16  755.095      757.502      810.984
262  F81+F+I       361.548      17  757.095      759.815      816.477
263  F81+F+G4      361.548      17  757.095      759.815      816.477
274  JC            367.230      13  760.460      762.050      805.870
275  JC+I          367.230      14  762.460      764.302      811.363
276  JC+G4         367.230      14  762.460      764.302      811.363
Akaike Information Criterion:           HKY+F
Corrected Akaike Information Criterion: HKY+F
Bayesian Information Criterion:         K2P
Best-fit model: K2P chosen according to BIC

All model information printed to 133971at7898.fltrd_aligned.fas.model.gz
CPU time for ModelFinder: 0.036 seconds (0h:0m:0s)
Wall-clock time for ModelFinder: 0.039 seconds (0h:0m:0s)
Generating 1000 samples for ultrafast bootstrap (seed: 478257)...

NOTE: 0 MB RAM (0 GB) is required!
Estimate model parameters (epsilon = 0.100)
1. Initial log-likelihood: -362.868
Optimal log-likelihood: -362.868
Rate parameters:  A-C: 1.00000  A-G: 244.62804  A-T: 1.00000  C-G: 1.00000  C-T: 244.62804  G-T: 1.00000
Base frequencies:  A: 0.250  C: 0.250  G: 0.250  T: 0.250
Parameters optimization took 1 rounds (0.000 sec)

WARNING: Estimated model parameters are at boundary that can cause numerical instability!

Computing ML distances based on estimated model parameters...
Computing ML distances took 0.000179 sec (of wall-clock time) 0.000167 sec(of CPU time)
Computing RapidNJ tree took 0.008064 sec (of wall-clock time) 0.001082 sec (of CPU time)
Log-likelihood of RapidNJ tree: -362.870
--------------------------------------------------------------------
|             INITIALIZING CANDIDATE TREE SET                      |
--------------------------------------------------------------------
Generating 98 parsimony trees... 0.011 second
Computing log-likelihood of 73 initial trees ... 0.004 seconds
Current best score: -362.868

Do NNI search on 20 best initial trees
Estimate model parameters (epsilon = 0.100)

WARNING: Estimated model parameters are at boundary that can cause numerical instability!

BETTER TREE FOUND at iteration 1: -362.868
BETTER TREE FOUND at iteration 2: -362.868
Iteration 10 / LogL: -362.868 / Time: 0h:0m:0s
Iteration 20 / LogL: -362.868 / Time: 0h:0m:0s
Finish initializing candidate tree set (7)
Current best tree score: -362.868 / CPU time: 0.045
Number of iterations: 20
--------------------------------------------------------------------
|               OPTIMIZING CANDIDATE TREE SET                      |
--------------------------------------------------------------------
Iteration 30 / LogL: -362.868 / Time: 0h:0m:0s (0h:0m:0s left)
Iteration 40 / LogL: -362.869 / Time: 0h:0m:0s (0h:0m:0s left)
Iteration 50 / LogL: -362.868 / Time: 0h:0m:0s (0h:0m:0s left)
Log-likelihood cutoff on original alignment: -375.692
Iteration 60 / LogL: -362.869 / Time: 0h:0m:0s (0h:0m:0s left)
Iteration 70 / LogL: -362.868 / Time: 0h:0m:0s (0h:0m:0s left)
Iteration 80 / LogL: -362.869 / Time: 0h:0m:0s (0h:0m:0s left)
Iteration 90 / LogL: -367.978 / Time: 0h:0m:0s (0h:0m:0s left)
Iteration 100 / LogL: -362.868 / Time: 0h:0m:0s (0h:0m:0s left)
Log-likelihood cutoff on original alignment: -375.692
NOTE: Bootstrap correlation coefficient of split occurrence frequencies: 0.989
NOTE: UFBoot does not converge, continue at least 100 more iterations
Iteration 110 / LogL: -362.868 / Time: 0h:0m:0s (0h:0m:0s left)
Iteration 120 / LogL: -362.868 / Time: 0h:0m:0s (0h:0m:0s left)
Iteration 130 / LogL: -362.869 / Time: 0h:0m:0s (0h:0m:0s left)
Iteration 140 / LogL: -362.869 / Time: 0h:0m:0s (0h:0m:0s left)
Iteration 150 / LogL: -362.869 / Time: 0h:0m:0s (0h:0m:0s left)
Log-likelihood cutoff on original alignment: -375.692
Iteration 160 / LogL: -362.869 / Time: 0h:0m:0s (0h:0m:0s left)
Iteration 170 / LogL: -362.868 / Time: 0h:0m:0s (0h:0m:0s left)
Iteration 180 / LogL: -362.869 / Time: 0h:0m:0s (0h:0m:0s left)
Iteration 190 / LogL: -362.868 / Time: 0h:0m:0s (0h:0m:0s left)
Iteration 200 / LogL: -367.977 / Time: 0h:0m:0s (0h:0m:0s left)
Log-likelihood cutoff on original alignment: -375.738
NOTE: Bootstrap correlation coefficient of split occurrence frequencies: 0.962
NOTE: UFBoot does not converge, continue at least 100 more iterations
Iteration 210 / LogL: -362.868 / Time: 0h:0m:0s (0h:0m:0s left)
Iteration 220 / LogL: -362.868 / Time: 0h:0m:0s (0h:0m:0s left)
Iteration 230 / LogL: -362.868 / Time: 0h:0m:0s (0h:0m:0s left)
Iteration 240 / LogL: -362.868 / Time: 0h:0m:0s (0h:0m:0s left)
Iteration 250 / LogL: -362.868 / Time: 0h:0m:0s (0h:0m:0s left)
Log-likelihood cutoff on original alignment: -375.692
Iteration 260 / LogL: -362.868 / Time: 0h:0m:1s (0h:0m:0s left)
Iteration 270 / LogL: -362.869 / Time: 0h:0m:1s (0h:0m:0s left)
Iteration 280 / LogL: -362.868 / Time: 0h:0m:1s (0h:0m:0s left)
Iteration 290 / LogL: -362.868 / Time: 0h:0m:1s (0h:0m:0s left)
Iteration 300 / LogL: -362.869 / Time: 0h:0m:1s (0h:0m:0s left)
Log-likelihood cutoff on original alignment: -375.692
NOTE: Bootstrap correlation coefficient of split occurrence frequencies: 0.927
NOTE: UFBoot does not converge, continue at least 100 more iterations
Iteration 310 / LogL: -362.868 / Time: 0h:0m:1s (0h:0m:0s left)
Iteration 320 / LogL: -362.868 / Time: 0h:0m:1s (0h:0m:0s left)
Iteration 330 / LogL: -362.868 / Time: 0h:0m:1s (0h:0m:0s left)
Iteration 340 / LogL: -362.868 / Time: 0h:0m:1s (0h:0m:0s left)
Iteration 350 / LogL: -362.870 / Time: 0h:0m:1s (0h:0m:0s left)
Log-likelihood cutoff on original alignment: -375.692
Iteration 360 / LogL: -367.978 / Time: 0h:0m:1s (0h:0m:0s left)
Iteration 370 / LogL: -362.868 / Time: 0h:0m:1s (0h:0m:0s left)
Iteration 380 / LogL: -362.868 / Time: 0h:0m:1s (0h:0m:0s left)
Iteration 390 / LogL: -362.868 / Time: 0h:0m:1s (0h:0m:0s left)
Iteration 400 / LogL: -362.869 / Time: 0h:0m:1s (0h:0m:0s left)
Log-likelihood cutoff on original alignment: -375.692
NOTE: Bootstrap correlation coefficient of split occurrence frequencies: 0.974
NOTE: UFBoot does not converge, continue at least 100 more iterations
Iteration 410 / LogL: -362.868 / Time: 0h:0m:1s (0h:0m:0s left)
Iteration 420 / LogL: -362.868 / Time: 0h:0m:1s (0h:0m:0s left)
Iteration 430 / LogL: -362.869 / Time: 0h:0m:1s (0h:0m:0s left)
Iteration 440 / LogL: -367.978 / Time: 0h:0m:1s (0h:0m:0s left)
Iteration 450 / LogL: -362.868 / Time: 0h:0m:1s (0h:0m:0s left)
Log-likelihood cutoff on original alignment: -375.692
Iteration 460 / LogL: -367.977 / Time: 0h:0m:1s (0h:0m:0s left)
Iteration 470 / LogL: -362.869 / Time: 0h:0m:1s (0h:0m:0s left)
Iteration 480 / LogL: -362.869 / Time: 0h:0m:1s (0h:0m:0s left)
Iteration 490 / LogL: -362.869 / Time: 0h:0m:1s (0h:0m:0s left)
Iteration 500 / LogL: -362.868 / Time: 0h:0m:1s (0h:0m:0s left)
Log-likelihood cutoff on original alignment: -375.692
NOTE: Bootstrap correlation coefficient of split occurrence frequencies: 0.989
NOTE: UFBoot does not converge, continue at least 100 more iterations
Iteration 510 / LogL: -362.868 / Time: 0h:0m:2s (0h:0m:0s left)
Iteration 520 / LogL: -362.870 / Time: 0h:0m:2s (0h:0m:0s left)
Iteration 530 / LogL: -362.868 / Time: 0h:0m:2s (0h:0m:0s left)
Iteration 540 / LogL: -362.868 / Time: 0h:0m:2s (0h:0m:0s left)
Iteration 550 / LogL: -362.868 / Time: 0h:0m:2s (0h:0m:0s left)
Log-likelihood cutoff on original alignment: -375.738
Iteration 560 / LogL: -362.868 / Time: 0h:0m:2s (0h:0m:0s left)
Iteration 570 / LogL: -362.868 / Time: 0h:0m:2s (0h:0m:0s left)
Iteration 580 / LogL: -362.869 / Time: 0h:0m:2s (0h:0m:0s left)
Iteration 590 / LogL: -362.868 / Time: 0h:0m:2s (0h:0m:0s left)
Iteration 600 / LogL: -362.870 / Time: 0h:0m:2s (0h:0m:0s left)
Log-likelihood cutoff on original alignment: -376.280
NOTE: Bootstrap correlation coefficient of split occurrence frequencies: 0.986
NOTE: UFBoot does not converge, continue at least 100 more iterations
Iteration 610 / LogL: -362.869 / Time: 0h:0m:2s (0h:0m:0s left)
Iteration 620 / LogL: -362.868 / Time: 0h:0m:2s (0h:0m:0s left)
Iteration 630 / LogL: -362.868 / Time: 0h:0m:2s (0h:0m:0s left)
Iteration 640 / LogL: -362.869 / Time: 0h:0m:2s (0h:0m:0s left)
Iteration 650 / LogL: -362.868 / Time: 0h:0m:2s (0h:0m:0s left)
Log-likelihood cutoff on original alignment: -377.952
Iteration 660 / LogL: -362.868 / Time: 0h:0m:2s (0h:0m:0s left)
Iteration 670 / LogL: -362.869 / Time: 0h:0m:2s (0h:0m:0s left)
Iteration 680 / LogL: -362.868 / Time: 0h:0m:2s (0h:0m:0s left)
Iteration 690 / LogL: -362.869 / Time: 0h:0m:2s (0h:0m:0s left)
Iteration 700 / LogL: -367.978 / Time: 0h:0m:2s (0h:0m:0s left)
Log-likelihood cutoff on original alignment: -377.952
NOTE: Bootstrap correlation coefficient of split occurrence frequencies: 0.994
TREE SEARCH COMPLETED AFTER 700 ITERATIONS / Time: 0h:0m:2s

--------------------------------------------------------------------
|                    FINALIZING TREE SEARCH                        |
--------------------------------------------------------------------
Performs final model parameters optimization
Estimate model parameters (epsilon = 0.010)
1. Initial log-likelihood: -362.868
Optimal log-likelihood: -362.868
Rate parameters:  A-C: 1.00000  A-G: 244.62804  A-T: 1.00000  C-G: 1.00000  C-T: 244.62804  G-T: 1.00000
Base frequencies:  A: 0.250  C: 0.250  G: 0.250  T: 0.250
Parameters optimization took 1 rounds (0.000 sec)

WARNING: Estimated model parameters are at boundary that can cause numerical instability!

BEST SCORE FOUND : -362.868
Creating bootstrap support values...
Split supports printed to NEXUS file 133971at7898.fltrd_aligned.fas.splits.nex
Total tree length: 0.017

Total number of iterations: 700
CPU time used for tree search: 2.709 sec (0h:0m:2s)
Wall-clock time used for tree search: 2.806 sec (0h:0m:2s)
Total CPU time used: 2.730 sec (0h:0m:2s)
Total wall-clock time used: 2.835 sec (0h:0m:2s)

Computing bootstrap consensus tree...
Reading input file 133971at7898.fltrd_aligned.fas.splits.nex...
8 taxa and 59 splits.
Consensus tree written to 133971at7898.fltrd_aligned.fas.contree
Reading input trees file 133971at7898.fltrd_aligned.fas.contree
Log-likelihood of consensus tree: -362.871

Analysis results written to: 
  IQ-TREE report:                133971at7898.fltrd_aligned.fas.iqtree
  Maximum-likelihood tree:       133971at7898.fltrd_aligned.fas.treefile
  Likelihood distances:          133971at7898.fltrd_aligned.fas.mldist

Ultrafast bootstrap approximation results written to:
  Split support values:          133971at7898.fltrd_aligned.fas.splits.nex
  Consensus tree:                133971at7898.fltrd_aligned.fas.contree
  Screen log file:               133971at7898.fltrd_aligned.fas.log

Date and Time: Tue Dec  2 14:50:01 2025
