IQ-TREE multicore version 2.1.3 COVID-edition for Linux 64-bit built Apr 21 2021
Developed by Bui Quang Minh, James Barbetti, Nguyen Lam Tung,
Olga Chernomor, Heiko Schmidt, Dominik Schrempf, Michael Woodhams.

Host:    gombessa.rcs.alaska.edu (AVX2, FMA3, 503 GB RAM)
Command: /export/scratch/tsvanorden/Char_Phylogenetics/src/iqtree-2.1.3-Linux/bin/iqtree2 -s 12069at7898.fltrd_aligned.fas -m MFP -bb 1000 -T 1
Seed:    910989 (Using SPRNG - Scalable Parallel Random Number Generator)
Time:    Tue Dec  2 14:50:03 2025
Kernel:  AVX+FMA - 1 threads (1 CPU cores detected)

Reading alignment file 12069at7898.fltrd_aligned.fas ... Fasta format detected
Alignment most likely contains DNA/RNA sequences
WARNING: 100 sites contain only gaps or ambiguous characters.
Alignment has 20 sequences with 3723 columns, 111 distinct patterns
27 parsimony-informative, 153 singleton sites, 3543 constant sites
                                Gap/Ambiguity  Composition  p-value
   1  251140_Ward_Creek                 8.94%    passed     99.74%
   2  260512_Pybus_Point                8.94%    passed     99.74%
   3  261935_Kenai_River                6.45%    passed     92.61%
   4  353213_Cropley_Lake               9.11%    passed     99.94%
   5  353219_Peterson_Creek             8.94%    passed     99.74%
   6  353220_Fish_Creek                 8.94%    passed     99.74%
   7  353246_Cottonwood_Creek           6.23%    passed     89.90%
   8  353379_Skagit_River               9.35%    passed     99.29%
   9  353381_Dungeness_River           10.88%    passed     88.71%
  10  353401_Peace_River                9.35%    passed     99.36%
  11  353407_Noatok                     6.29%    passed     90.97%
  12  353410_Horizon_Lake               9.35%    passed     99.95%
  13  92319_Little_Lost                 9.35%    passed     99.36%
  14  94280_St_Joe                      9.35%    passed     99.36%
  15  GCA016432855_Lake_Trout           9.35%    passed     99.61%
  16  GCA036784925_Maine_S_alpinus      9.11%    passed     99.80%
  17  GCA045679555_Iceland_A_alpinus    9.11%    passed     99.87%
  18  GCF013265735_Rainbow_Trout       10.23%    passed     98.89%
  19  GCF029448725_Brook_Trout          9.35%    passed     99.95%
  20  Methow_River_99895                9.35%    passed     99.36%
****  TOTAL                             8.90%  0 sequences failed composition chi2 test (p-value<5%; df=3)
NOTE: 260512_Pybus_Point is identical to 251140_Ward_Creek but kept for subsequent analysis
NOTE: 92319_Little_Lost is identical to 353401_Peace_River but kept for subsequent analysis
NOTE: 4 identical sequences (see below) will be ignored for subsequent analysis
NOTE: 353219_Peterson_Creek (identical to 251140_Ward_Creek) is ignored but added at the end
NOTE: 353220_Fish_Creek (identical to 251140_Ward_Creek) is ignored but added at the end
NOTE: 94280_St_Joe (identical to 353401_Peace_River) is ignored but added at the end
NOTE: Methow_River_99895 (identical to 353401_Peace_River) is ignored but added at the end
Alignment was printed to 12069at7898.fltrd_aligned.fas.uniqueseq.phy

For your convenience alignment with unique sequences printed to 12069at7898.fltrd_aligned.fas.uniqueseq.phy


Create initial parsimony tree by phylogenetic likelihood library (PLL)... 0.000 seconds
Perform fast likelihood tree search using GTR+I+G model...
Estimate model parameters (epsilon = 5.000)
Perform nearest neighbor interchange...
Estimate model parameters (epsilon = 1.000)
1. Initial log-likelihood: -6205.587
Optimal log-likelihood: -6205.587
Rate parameters:  A-C: 0.79209  A-G: 1.72992  A-T: 1.13208  C-G: 0.60951  C-T: 2.42994  G-T: 1.00000
Base frequencies:  A: 0.226  C: 0.280  G: 0.293  T: 0.201
Proportion of invariable sites: 0.476
Gamma shape alpha: 17.307
Parameters optimization took 1 rounds (0.002 sec)
Time for fast ML tree search: 0.013 seconds

NOTE: ModelFinder requires 1 MB RAM!
ModelFinder will test up to 286 DNA models (sample size: 3723) ...
 No. Model         -LnL         df  AIC          AICc         BIC
  1  GTR+F         6206.862     37  12487.724    12488.487    12717.949
  2  GTR+F+I       6205.579     38  12487.158    12487.962    12723.604
  3  GTR+F+G4      6205.607     38  12487.213    12488.018    12723.660
  4  GTR+F+I+G4    6205.585     39  12489.170    12490.017    12731.839
  5  GTR+F+R2      6205.891     39  12489.782    12490.629    12732.451
  6  GTR+F+R3      6205.731     41  12493.461    12494.397    12748.575
 14  SYM           6241.104     34  12550.208    12550.853    12761.765
 15  SYM+I         6240.023     35  12550.046    12550.730    12767.826
 16  SYM+G4        6240.047     35  12550.095    12550.778    12767.875
 27  TVM+F         6208.183     36  12488.366    12489.089    12712.369
 28  TVM+F+I       6206.928     37  12487.855    12488.618    12718.080
 29  TVM+F+G4      6206.949     37  12487.898    12488.661    12718.122
 40  TVMe          6241.822     33  12549.643    12550.252    12754.979
 41  TVMe+I        6240.753     34  12549.507    12550.152    12761.065
 42  TVMe+G4       6240.775     34  12549.549    12550.195    12761.107
 53  TIM3+F        6207.198     35  12484.396    12485.080    12702.176
 54  TIM3+F+I      6205.967     36  12483.934    12484.657    12707.936
 55  TIM3+F+G4     6205.996     36  12483.991    12484.714    12707.994
 66  TIM3e         6241.153     32  12546.306    12546.878    12745.419
 67  TIM3e+I       6240.087     33  12546.173    12546.782    12751.509
 68  TIM3e+G4      6240.111     33  12546.222    12546.830    12751.557
 79  TIM2+F        6208.604     35  12487.208    12487.892    12704.988
 80  TIM2+F+I      6207.428     36  12486.857    12487.579    12710.859
 81  TIM2+F+G4     6207.450     36  12486.900    12487.622    12710.902
 92  TIM2e         6241.682     32  12547.365    12547.937    12746.478
 93  TIM2e+I       6240.635     33  12547.269    12547.877    12752.605
 94  TIM2e+G4      6240.657     33  12547.314    12547.923    12752.650
105  TIM+F         6208.771     35  12487.541    12488.225    12705.321
106  TIM+F+I       6207.597     36  12487.195    12487.917    12711.197
107  TIM+F+G4      6207.621     36  12487.243    12487.966    12711.245
118  TIMe          6241.650     32  12547.300    12547.872    12746.413
119  TIMe+I        6240.605     33  12547.210    12547.818    12752.546
120  TIMe+G4       6240.629     33  12547.258    12547.867    12752.594
131  TPM3u+F       6208.519     34  12485.037    12485.683    12696.595
132  TPM3u+F+I     6207.315     35  12484.629    12485.313    12702.409
133  TPM3u+F+G4    6207.338     35  12484.675    12485.359    12702.455
144  TPM3+F        6208.517     34  12485.035    12485.680    12696.592
145  TPM3+F+I      6207.313     35  12484.626    12485.310    12702.406
146  TPM3+F+G4     6207.336     35  12484.673    12485.356    12702.453
157  TPM2u+F       6209.913     34  12487.825    12488.471    12699.383
158  TPM2u+F+I     6208.751     35  12487.501    12488.185    12705.281
159  TPM2u+F+G4    6208.768     35  12487.536    12488.220    12705.316
170  TPM2+F        6209.913     34  12487.825    12488.471    12699.383
171  TPM2+F+I      6208.751     35  12487.501    12488.185    12705.281
172  TPM2+F+G4     6208.768     35  12487.536    12488.220    12705.316
183  K3Pu+F        6210.069     34  12488.139    12488.784    12699.696
184  K3Pu+F+I      6208.921     35  12487.843    12488.526    12705.623
185  K3Pu+F+G4     6208.941     35  12487.882    12488.566    12705.662
196  K3P           6242.364     31  12546.727    12547.265    12739.618
197  K3P+I         6241.324     32  12546.649    12547.221    12745.762
198  K3P+G4        6241.344     32  12546.688    12547.260    12745.801
209  TN+F          6208.897     34  12485.793    12486.439    12697.351
210  TN+F+I        6207.756     35  12485.512    12486.195    12703.292
211  TN+F+G4       6207.779     35  12485.559    12486.242    12703.339
222  TNe           6241.701     31  12545.402    12545.940    12738.293
223  TNe+I         6240.659     32  12545.318    12545.891    12744.431
224  TNe+G4        6240.681     32  12545.362    12545.935    12744.475
235  HKY+F         6210.206     33  12486.411    12487.019    12691.746
236  HKY+F+I       6209.080     34  12486.161    12486.806    12697.719
237  HKY+F+G4      6209.099     34  12486.198    12486.844    12697.756
248  K2P           6242.413     30  12544.827    12545.330    12731.495
249  K2P+I         6241.384     31  12544.768    12545.305    12737.659
250  K2P+G4        6241.403     31  12544.805    12545.343    12737.696
261  F81+F         6226.931     32  12517.862    12518.434    12716.975
262  F81+F+I       6225.882     33  12517.764    12518.373    12723.100
263  F81+F+G4      6225.906     33  12517.812    12518.421    12723.148
274  JC            6258.411     29  12574.821    12575.292    12755.267
275  JC+I          6257.415     30  12574.831    12575.335    12761.500
276  JC+G4         6257.440     30  12574.879    12575.383    12761.548
Akaike Information Criterion:           TIM3+F+I
Corrected Akaike Information Criterion: TIM3+F+I
Bayesian Information Criterion:         HKY+F
Best-fit model: HKY+F chosen according to BIC

All model information printed to 12069at7898.fltrd_aligned.fas.model.gz
CPU time for ModelFinder: 0.165 seconds (0h:0m:0s)
Wall-clock time for ModelFinder: 0.178 seconds (0h:0m:0s)
Generating 1000 samples for ultrafast bootstrap (seed: 910989)...

NOTE: 0 MB RAM (0 GB) is required!
Estimate model parameters (epsilon = 0.100)
1. Initial log-likelihood: -6210.206
Optimal log-likelihood: -6210.205
Rate parameters:  A-C: 1.00000  A-G: 2.37610  A-T: 1.00000  C-G: 1.00000  C-T: 2.37610  G-T: 1.00000
Base frequencies:  A: 0.226  C: 0.280  G: 0.293  T: 0.201
Parameters optimization took 1 rounds (0.001 sec)
Computing ML distances based on estimated model parameters...
Computing ML distances took 0.000922 sec (of wall-clock time) 0.000895 sec(of CPU time)
Computing RapidNJ tree took 0.000066 sec (of wall-clock time) 0.000065 sec (of CPU time)
Log-likelihood of RapidNJ tree: -6223.665
--------------------------------------------------------------------
|             INITIALIZING CANDIDATE TREE SET                      |
--------------------------------------------------------------------
Generating 98 parsimony trees... 0.057 second
Computing log-likelihood of 98 initial trees ... 0.036 seconds
Current best score: -6210.202

Do NNI search on 20 best initial trees
Estimate model parameters (epsilon = 0.100)
BETTER TREE FOUND at iteration 1: -6210.202
BETTER TREE FOUND at iteration 2: -6210.202
BETTER TREE FOUND at iteration 4: -6210.202
BETTER TREE FOUND at iteration 9: -6210.202
Iteration 10 / LogL: -6210.202 / Time: 0h:0m:0s
BETTER TREE FOUND at iteration 13: -6210.202
Iteration 20 / LogL: -6210.202 / Time: 0h:0m:0s
Finish initializing candidate tree set (15)
Current best tree score: -6210.202 / CPU time: 0.186
Number of iterations: 20
--------------------------------------------------------------------
|               OPTIMIZING CANDIDATE TREE SET                      |
--------------------------------------------------------------------
Iteration 30 / LogL: -6210.211 / Time: 0h:0m:0s (0h:0m:0s left)
Iteration 40 / LogL: -6210.217 / Time: 0h:0m:0s (0h:0m:0s left)
Iteration 50 / LogL: -6210.216 / Time: 0h:0m:0s (0h:0m:0s left)
Log-likelihood cutoff on original alignment: -6240.639
Iteration 60 / LogL: -6210.202 / Time: 0h:0m:0s (0h:0m:0s left)
Iteration 70 / LogL: -6210.207 / Time: 0h:0m:0s (0h:0m:0s left)
Iteration 80 / LogL: -6210.203 / Time: 0h:0m:0s (0h:0m:0s left)
Iteration 90 / LogL: -6210.208 / Time: 0h:0m:0s (0h:0m:0s left)
Iteration 100 / LogL: -6210.210 / Time: 0h:0m:0s (0h:0m:0s left)
Log-likelihood cutoff on original alignment: -6240.639
NOTE: Bootstrap correlation coefficient of split occurrence frequencies: 0.991
UPDATE BEST LOG-LIKELIHOOD: -6210.202
Iteration 110 / LogL: -6210.211 / Time: 0h:0m:0s (0h:0m:0s left)
TREE SEARCH COMPLETED AFTER 114 ITERATIONS / Time: 0h:0m:0s

--------------------------------------------------------------------
|                    FINALIZING TREE SEARCH                        |
--------------------------------------------------------------------
Performs final model parameters optimization
Estimate model parameters (epsilon = 0.010)
1. Initial log-likelihood: -6210.202
Optimal log-likelihood: -6210.202
Rate parameters:  A-C: 1.00000  A-G: 2.37586  A-T: 1.00000  C-G: 1.00000  C-T: 2.37586  G-T: 1.00000
Base frequencies:  A: 0.226  C: 0.280  G: 0.293  T: 0.201
Parameters optimization took 1 rounds (0.000 sec)
BEST SCORE FOUND : -6210.202
Creating bootstrap support values...
Split supports printed to NEXUS file 12069at7898.fltrd_aligned.fas.splits.nex
Total tree length: 0.057

Total number of iterations: 114
CPU time used for tree search: 0.815 sec (0h:0m:0s)
Wall-clock time used for tree search: 0.881 sec (0h:0m:0s)
Total CPU time used: 0.884 sec (0h:0m:0s)
Total wall-clock time used: 0.954 sec (0h:0m:0s)

Computing bootstrap consensus tree...
Reading input file 12069at7898.fltrd_aligned.fas.splits.nex...
16 taxa and 127 splits.
Consensus tree written to 12069at7898.fltrd_aligned.fas.contree
Reading input trees file 12069at7898.fltrd_aligned.fas.contree
Log-likelihood of consensus tree: -6210.241

Analysis results written to: 
  IQ-TREE report:                12069at7898.fltrd_aligned.fas.iqtree
  Maximum-likelihood tree:       12069at7898.fltrd_aligned.fas.treefile
  Likelihood distances:          12069at7898.fltrd_aligned.fas.mldist

Ultrafast bootstrap approximation results written to:
  Split support values:          12069at7898.fltrd_aligned.fas.splits.nex
  Consensus tree:                12069at7898.fltrd_aligned.fas.contree
  Screen log file:               12069at7898.fltrd_aligned.fas.log

Date and Time: Tue Dec  2 14:50:05 2025
