IQ-TREE multicore version 2.1.3 COVID-edition for Linux 64-bit built Apr 21 2021
Developed by Bui Quang Minh, James Barbetti, Nguyen Lam Tung,
Olga Chernomor, Heiko Schmidt, Dominik Schrempf, Michael Woodhams.

Host:    gombessa.rcs.alaska.edu (AVX2, FMA3, 503 GB RAM)
Command: /export/scratch/tsvanorden/Char_Phylogenetics/src/iqtree-2.1.3-Linux/bin/iqtree2 -s 81780at7898.fltrd_aligned.fas -m MFP -bb 1000 -T 1
Seed:    372731 (Using SPRNG - Scalable Parallel Random Number Generator)
Time:    Tue Dec  2 14:49:48 2025
Kernel:  AVX+FMA - 1 threads (1 CPU cores detected)

Reading alignment file 81780at7898.fltrd_aligned.fas ... Fasta format detected
Alignment most likely contains DNA/RNA sequences
Alignment has 20 sequences with 1065 columns, 39 distinct patterns
20 parsimony-informative, 24 singleton sites, 1021 constant sites
                                Gap/Ambiguity  Composition  p-value
   1  251140_Ward_Creek                 0.00%    passed     99.91%
   2  260512_Pybus_Point                0.00%    passed     99.91%
   3  261935_Kenai_River                0.00%    passed     99.71%
   4  353213_Cropley_Lake               0.00%    passed     99.71%
   5  353219_Peterson_Creek             0.00%    passed     99.71%
   6  353220_Fish_Creek                 0.00%    passed     98.72%
   7  353246_Cottonwood_Creek           0.00%    passed     99.71%
   8  353379_Skagit_River               0.00%    passed     99.95%
   9  353381_Dungeness_River            0.00%    passed     99.71%
  10  353401_Peace_River                0.00%    passed     99.95%
  11  353407_Noatok                     0.00%    passed     98.72%
  12  353410_Horizon_Lake               0.00%    passed     99.97%
  13  92319_Little_Lost                 0.00%    passed     99.95%
  14  94280_St_Joe                      0.00%    passed     99.95%
  15  GCA016432855_Lake_Trout           0.00%    passed     99.97%
  16  GCA036784925_Maine_S_alpinus      2.25%    passed     95.83%
  17  GCA045679555_Iceland_A_alpinus    2.25%    passed     95.83%
  18  GCF013265735_Rainbow_Trout        0.00%    passed     82.47%
  19  GCF029448725_Brook_Trout          0.00%    passed     99.87%
  20  Methow_River_99895                0.00%    passed     99.95%
****  TOTAL                             0.23%  0 sequences failed composition chi2 test (p-value<5%; df=3)
NOTE: 260512_Pybus_Point is identical to 251140_Ward_Creek but kept for subsequent analysis
NOTE: 353213_Cropley_Lake is identical to 261935_Kenai_River but kept for subsequent analysis
NOTE: 353407_Noatok is identical to 353220_Fish_Creek but kept for subsequent analysis
NOTE: 353401_Peace_River is identical to 353379_Skagit_River but kept for subsequent analysis
NOTE: GCA045679555_Iceland_A_alpinus is identical to GCA036784925_Maine_S_alpinus but kept for subsequent analysis
NOTE: 6 identical sequences (see below) will be ignored for subsequent analysis
NOTE: 353219_Peterson_Creek (identical to 261935_Kenai_River) is ignored but added at the end
NOTE: 353246_Cottonwood_Creek (identical to 261935_Kenai_River) is ignored but added at the end
NOTE: 353381_Dungeness_River (identical to 261935_Kenai_River) is ignored but added at the end
NOTE: 92319_Little_Lost (identical to 353379_Skagit_River) is ignored but added at the end
NOTE: 94280_St_Joe (identical to 353379_Skagit_River) is ignored but added at the end
NOTE: Methow_River_99895 (identical to 353379_Skagit_River) is ignored but added at the end
Alignment was printed to 81780at7898.fltrd_aligned.fas.uniqueseq.phy

For your convenience alignment with unique sequences printed to 81780at7898.fltrd_aligned.fas.uniqueseq.phy


Create initial parsimony tree by phylogenetic likelihood library (PLL)... 0.000 seconds
Perform fast likelihood tree search using GTR+I+G model...
Estimate model parameters (epsilon = 5.000)
Perform nearest neighbor interchange...
Estimate model parameters (epsilon = 1.000)
1. Initial log-likelihood: -1816.247
Optimal log-likelihood: -1816.242
Rate parameters:  A-C: 0.49506  A-G: 1.45947  A-T: 0.19091  C-G: 0.45223  C-T: 2.27355  G-T: 1.00000
Base frequencies:  A: 0.259  C: 0.262  G: 0.265  T: 0.214
Proportion of invariable sites: 0.481
Gamma shape alpha: 0.020
Parameters optimization took 1 rounds (0.001 sec)
Time for fast ML tree search: 0.008 seconds

NOTE: ModelFinder requires 0 MB RAM!
ModelFinder will test up to 286 DNA models (sample size: 1065) ...
 No. Model         -LnL         df  AIC          AICc         BIC
  1  GTR+F         1829.483     33  3724.966     3727.143     3889.000
  2  GTR+F+I       1816.036     34  3700.071     3702.382     3869.076
  3  GTR+F+G4      1819.077     34  3706.154     3708.465     3875.159
  4  GTR+F+I+G4    1816.239     35  3702.477     3704.926     3876.453
  5  GTR+F+R2      1825.652     35  3721.304     3723.753     3895.280
  6  GTR+F+R3      1816.300     37  3706.600     3709.338     3890.517
  7  GTR+F+R4      1816.185     39  3710.371     3713.415     3904.229
 15  SYM+I         1821.090     31  3704.180     3706.100     3858.272
 16  SYM+G4        1824.243     31  3710.485     3712.406     3864.578
 17  SYM+I+G4      1821.328     32  3706.657     3708.704     3865.720
 28  TVM+F+I       1816.556     33  3699.113     3701.289     3863.147
 29  TVM+F+G4      1819.975     33  3705.950     3708.126     3869.984
 30  TVM+F+I+G4    1816.880     34  3701.760     3704.071     3870.765
 41  TVMe+I        1821.349     30  3702.697     3704.496     3851.819
 42  TVMe+G4       1824.780     30  3709.560     3711.359     3858.682
 43  TVMe+I+G4     1821.676     31  3705.353     3707.273     3859.445
 54  TIM3+F+I      1818.094     32  3700.188     3702.235     3859.251
 55  TIM3+F+G4     1821.017     32  3706.034     3708.081     3865.097
 56  TIM3+F+I+G4   1818.259     33  3702.517     3704.694     3866.551
 67  TIM3e+I       1823.194     29  3704.389     3706.070     3848.540
 68  TIM3e+G4      1826.219     29  3710.438     3712.119     3854.589
 69  TIM3e+I+G4    1823.397     30  3706.794     3708.593     3855.916
 80  TIM2+F+I      1817.314     32  3698.628     3700.675     3857.691
 81  TIM2+F+G4     1820.271     32  3704.543     3706.589     3863.606
 82  TIM2+F+I+G4   1817.489     33  3700.978     3703.154     3865.012
 93  TIM2e+I       1822.292     29  3702.583     3704.264     3846.734
 94  TIM2e+G4      1825.346     29  3708.693     3710.374     3852.844
 95  TIM2e+I+G4    1822.501     30  3705.002     3706.801     3854.124
106  TIM+F+I       1817.106     32  3698.211     3700.258     3857.275
107  TIM+F+G4      1820.141     32  3704.282     3706.328     3863.345
108  TIM+F+I+G4    1817.305     33  3700.610     3702.787     3864.644
119  TIMe+I        1822.127     29  3702.253     3703.934     3846.404
120  TIMe+G4       1825.259     29  3708.518     3710.199     3852.669
121  TIMe+I+G4     1822.361     30  3704.721     3706.520     3853.843
132  TPM3u+F+I     1818.625     31  3699.250     3701.171     3853.343
133  TPM3u+F+G4    1821.919     31  3705.839     3707.759     3859.932
134  TPM3u+F+I+G4  1818.902     32  3701.803     3703.850     3860.867
145  TPM3+F+I      1818.625     31  3699.250     3701.171     3853.343
146  TPM3+F+G4     1821.919     31  3705.839     3707.759     3859.932
147  TPM3+F+I+G4   1818.902     32  3701.803     3703.850     3860.867
158  TPM2u+F+I     1817.837     31  3697.674     3699.595     3851.767
159  TPM2u+F+G4    1821.166     31  3704.332     3706.252     3858.424
160  TPM2u+F+I+G4  1818.125     32  3700.249     3702.296     3859.313
171  TPM2+F+I      1817.837     31  3697.674     3699.595     3851.767
172  TPM2+F+G4     1821.166     31  3704.332     3706.252     3858.424
173  TPM2+F+I+G4   1818.125     32  3700.249     3702.296     3859.313
184  K3Pu+F+I      1817.620     31  3697.240     3699.161     3851.333
185  K3Pu+F+G4     1821.038     31  3704.075     3705.996     3858.168
186  K3Pu+F+I+G4   1817.947     32  3699.894     3701.940     3858.957
197  K3P+I         1822.389     28  3700.778     3702.345     3839.958
198  K3P+G4        1825.800     28  3707.599     3709.167     3846.780
199  K3P+I+G4      1822.712     29  3703.424     3705.105     3847.575
210  TN+F+I        1818.186     31  3698.373     3700.293     3852.465
211  TN+F+G4       1821.126     31  3704.253     3706.173     3858.345
212  TN+F+I+G4     1818.357     32  3700.714     3702.760     3859.777
223  TNe+I         1823.208     28  3702.416     3703.984     3841.597
224  TNe+G4        1826.241     28  3708.481     3710.049     3847.662
225  TNe+I+G4      1823.408     29  3704.815     3706.497     3848.967
236  HKY+F+I       1818.712     30  3697.424     3699.223     3846.546
237  HKY+F+G4      1822.023     30  3704.047     3705.846     3853.169
238  HKY+F+I+G4    1819.001     31  3700.002     3701.922     3854.094
249  K2P+I         1823.478     27  3700.955     3702.413     3835.165
250  K2P+G4        1826.780     27  3707.561     3709.019     3841.770
251  K2P+I+G4      1823.764     28  3703.528     3705.095     3842.708
262  F81+F+I       1828.046     29  3714.091     3715.772     3858.242
263  F81+F+G4      1831.304     29  3720.608     3722.290     3864.760
264  F81+F+I+G4    1828.320     30  3716.640     3718.439     3865.762
275  JC+I          1832.701     26  3717.401     3718.754     3846.640
276  JC+G4         1836.020     26  3724.039     3725.392     3853.278
277  JC+I+G4       1832.995     27  3719.991     3721.449     3854.200
Akaike Information Criterion:           K3Pu+F+I
Corrected Akaike Information Criterion: K3Pu+F+I
Bayesian Information Criterion:         K2P+I
Best-fit model: K2P+I chosen according to BIC

All model information printed to 81780at7898.fltrd_aligned.fas.model.gz
CPU time for ModelFinder: 0.277 seconds (0h:0m:0s)
Wall-clock time for ModelFinder: 0.290 seconds (0h:0m:0s)
Generating 1000 samples for ultrafast bootstrap (seed: 372731)...

NOTE: 0 MB RAM (0 GB) is required!
Estimate model parameters (epsilon = 0.100)
1. Initial log-likelihood: -1823.478
Optimal log-likelihood: -1823.478
Rate parameters:  A-C: 1.00000  A-G: 3.52996  A-T: 1.00000  C-G: 1.00000  C-T: 3.52996  G-T: 1.00000
Base frequencies:  A: 0.250  C: 0.250  G: 0.250  T: 0.250
Proportion of invariable sites: 0.897
Parameters optimization took 1 rounds (0.000 sec)
Computing ML distances based on estimated model parameters...
Computing ML distances took 0.001354 sec (of wall-clock time) 0.001325 sec(of CPU time)
WARNING: Some pairwise ML distances are too long (saturated)
Computing RapidNJ tree took 0.000046 sec (of wall-clock time) 0.000044 sec (of CPU time)
Log-likelihood of RapidNJ tree: -1858.918
--------------------------------------------------------------------
|             INITIALIZING CANDIDATE TREE SET                      |
--------------------------------------------------------------------
Generating 98 parsimony trees... 0.042 second
Computing log-likelihood of 98 initial trees ... 0.029 seconds
Current best score: -1823.478

Do NNI search on 20 best initial trees
Estimate model parameters (epsilon = 0.100)
BETTER TREE FOUND at iteration 1: -1823.478
Iteration 10 / LogL: -1823.478 / Time: 0h:0m:0s
Iteration 20 / LogL: -1823.580 / Time: 0h:0m:0s
Finish initializing candidate tree set (3)
Current best tree score: -1823.478 / CPU time: 0.170
Number of iterations: 20
--------------------------------------------------------------------
|               OPTIMIZING CANDIDATE TREE SET                      |
--------------------------------------------------------------------
Iteration 30 / LogL: -1823.478 / Time: 0h:0m:0s (0h:0m:0s left)
Iteration 40 / LogL: -1835.633 / Time: 0h:0m:0s (0h:0m:0s left)
Iteration 50 / LogL: -1823.478 / Time: 0h:0m:0s (0h:0m:0s left)
Log-likelihood cutoff on original alignment: -1851.748
UPDATE BEST LOG-LIKELIHOOD: -1823.478
Iteration 60 / LogL: -1823.484 / Time: 0h:0m:0s (0h:0m:0s left)
Iteration 70 / LogL: -1823.582 / Time: 0h:0m:0s (0h:0m:0s left)
Iteration 80 / LogL: -1823.482 / Time: 0h:0m:0s (0h:0m:0s left)
Iteration 90 / LogL: -1823.478 / Time: 0h:0m:0s (0h:0m:0s left)
Iteration 100 / LogL: -1823.484 / Time: 0h:0m:0s (0h:0m:0s left)
Log-likelihood cutoff on original alignment: -1851.748
NOTE: Bootstrap correlation coefficient of split occurrence frequencies: 0.995
TREE SEARCH COMPLETED AFTER 102 ITERATIONS / Time: 0h:0m:0s

--------------------------------------------------------------------
|                    FINALIZING TREE SEARCH                        |
--------------------------------------------------------------------
Performs final model parameters optimization
Estimate model parameters (epsilon = 0.010)
1. Initial log-likelihood: -1823.478
Optimal log-likelihood: -1823.478
Rate parameters:  A-C: 1.00000  A-G: 3.52996  A-T: 1.00000  C-G: 1.00000  C-T: 3.52996  G-T: 1.00000
Base frequencies:  A: 0.250  C: 0.250  G: 0.250  T: 0.250
Proportion of invariable sites: 0.897
Parameters optimization took 1 rounds (0.000 sec)
BEST SCORE FOUND : -1823.478
Creating bootstrap support values...
Split supports printed to NEXUS file 81780at7898.fltrd_aligned.fas.splits.nex
Total tree length: 0.054

Total number of iterations: 102
CPU time used for tree search: 0.663 sec (0h:0m:0s)
Wall-clock time used for tree search: 0.745 sec (0h:0m:0s)
Total CPU time used: 0.699 sec (0h:0m:0s)
Total wall-clock time used: 0.789 sec (0h:0m:0s)

Computing bootstrap consensus tree...
Reading input file 81780at7898.fltrd_aligned.fas.splits.nex...
14 taxa and 129 splits.
Consensus tree written to 81780at7898.fltrd_aligned.fas.contree
Reading input trees file 81780at7898.fltrd_aligned.fas.contree
Log-likelihood of consensus tree: -1823.504

Analysis results written to: 
  IQ-TREE report:                81780at7898.fltrd_aligned.fas.iqtree
  Maximum-likelihood tree:       81780at7898.fltrd_aligned.fas.treefile
  Likelihood distances:          81780at7898.fltrd_aligned.fas.mldist

Ultrafast bootstrap approximation results written to:
  Split support values:          81780at7898.fltrd_aligned.fas.splits.nex
  Consensus tree:                81780at7898.fltrd_aligned.fas.contree
  Screen log file:               81780at7898.fltrd_aligned.fas.log

Date and Time: Tue Dec  2 14:49:49 2025
