IQ-TREE multicore version 2.1.3 COVID-edition for Linux 64-bit built Apr 21 2021
Developed by Bui Quang Minh, James Barbetti, Nguyen Lam Tung,
Olga Chernomor, Heiko Schmidt, Dominik Schrempf, Michael Woodhams.

Host:    gombessa.rcs.alaska.edu (AVX2, FMA3, 503 GB RAM)
Command: /export/scratch/tsvanorden/Char_Phylogenetics/src/iqtree-2.1.3-Linux/bin/iqtree2 -s 17452at7898.fltrd_aligned.fas -m MFP -bb 1000 -T 1
Seed:    700704 (Using SPRNG - Scalable Parallel Random Number Generator)
Time:    Tue Dec  2 14:49:15 2025
Kernel:  AVX+FMA - 1 threads (1 CPU cores detected)

Reading alignment file 17452at7898.fltrd_aligned.fas ... Fasta format detected
Alignment most likely contains DNA/RNA sequences
Alignment has 20 sequences with 2985 columns, 106 distinct patterns
39 parsimony-informative, 67 singleton sites, 2879 constant sites
                                Gap/Ambiguity  Composition  p-value
   1  251140_Ward_Creek                 0.10%    passed     96.82%
   2  260512_Pybus_Point                1.31%    passed     99.75%
   3  261935_Kenai_River                1.31%    passed     99.86%
   4  353213_Cropley_Lake               0.10%    passed     95.01%
   5  353219_Peterson_Creek             1.31%    passed     99.92%
   6  353220_Fish_Creek                 1.31%    passed     99.75%
   7  353246_Cottonwood_Creek           1.31%    passed     99.86%
   8  353379_Skagit_River               6.53%    passed     97.36%
   9  353381_Dungeness_River           18.59%    passed     44.16%
  10  353401_Peace_River                1.31%    passed     99.97%
  11  353407_Noatok                     1.31%    passed     99.86%
  12  353410_Horizon_Lake               0.20%    passed     92.64%
  13  92319_Little_Lost                 3.62%    passed     98.85%
  14  94280_St_Joe                      1.31%    passed     99.97%
  15  GCA016432855_Lake_Trout           2.51%    passed     87.74%
  16  GCA036784925_Maine_S_alpinus      1.31%    passed     99.73%
  17  GCA045679555_Iceland_A_alpinus   11.06%    passed     46.06%
  18  GCF013265735_Rainbow_Trout       14.17%    passed     41.23%
  19  GCF029448725_Brook_Trout          0.20%    passed     78.58%
  20  Methow_River_99895                1.31%    passed     99.97%
****  TOTAL                             3.51%  0 sequences failed composition chi2 test (p-value<5%; df=3)
NOTE: 353220_Fish_Creek is identical to 260512_Pybus_Point but kept for subsequent analysis
NOTE: 353246_Cottonwood_Creek is identical to 261935_Kenai_River but kept for subsequent analysis
NOTE: 94280_St_Joe is identical to 353401_Peace_River but kept for subsequent analysis
NOTE: 2 identical sequences (see below) will be ignored for subsequent analysis
NOTE: 353407_Noatok (identical to 261935_Kenai_River) is ignored but added at the end
NOTE: Methow_River_99895 (identical to 353401_Peace_River) is ignored but added at the end
Alignment was printed to 17452at7898.fltrd_aligned.fas.uniqueseq.phy

For your convenience alignment with unique sequences printed to 17452at7898.fltrd_aligned.fas.uniqueseq.phy


Create initial parsimony tree by phylogenetic likelihood library (PLL)... 0.001 seconds
Perform fast likelihood tree search using GTR+I+G model...
Estimate model parameters (epsilon = 5.000)
Perform nearest neighbor interchange...
Estimate model parameters (epsilon = 1.000)
1. Initial log-likelihood: -5008.136
Optimal log-likelihood: -5008.048
Rate parameters:  A-C: 0.32835  A-G: 1.80253  A-T: 0.68107  C-G: 0.46397  C-T: 2.88436  G-T: 1.00000
Base frequencies:  A: 0.274  C: 0.272  G: 0.272  T: 0.183
Proportion of invariable sites: 0.488
Gamma shape alpha: 0.020
Parameters optimization took 1 rounds (0.004 sec)
Time for fast ML tree search: 0.023 seconds

NOTE: ModelFinder requires 1 MB RAM!
ModelFinder will test up to 286 DNA models (sample size: 2985) ...
 No. Model         -LnL         df  AIC          AICc         BIC
  1  GTR+F         5053.467     41  10188.935    10190.105    10434.990
  2  GTR+F+I       5003.178     42  10090.357    10091.584    10342.413
  3  GTR+F+G4      5020.581     42  10125.162    10126.390    10377.219
  4  GTR+F+I+G4    5007.892     43  10101.785    10103.071    10359.843
  5  GTR+F+R2      5002.304     43  10090.607    10091.894    10348.665
  6  GTR+F+R3      5002.350     45  10094.701    10096.110    10364.762
 15  SYM+I         5036.471     39  10150.942    10152.002    10384.995
 18  SYM+R2        5035.568     40  10151.137    10152.251    10391.191
 28  TVM+F+I       5005.721     41  10093.441    10094.612    10339.497
 31  TVM+F+R2      5004.887     42  10093.774    10095.001    10345.830
 41  TVMe+I        5037.109     38  10150.218    10151.224    10378.269
 44  TVMe+R2       5036.218     39  10150.436    10151.495    10384.488
 54  TIM3+F+I      5003.687     40  10087.374    10088.489    10327.429
 57  TIM3+F+R2     5002.823     41  10087.647    10088.817    10333.702
 67  TIM3e+I       5036.938     37  10147.877    10148.831    10369.927
 70  TIM3e+R2      5036.007     38  10148.015    10149.021    10376.066
 80  TIM2+F+I      5006.009     40  10092.018    10093.132    10332.072
 83  TIM2+F+R2     5004.894     41  10091.787    10092.958    10337.843
 93  TIM2e+I       5037.437     37  10148.874    10149.828    10370.924
 96  TIM2e+R2      5036.363     38  10148.727    10149.733    10376.778
106  TIM+F+I       5006.532     40  10093.065    10094.179    10333.119
109  TIM+F+R2      5005.409     41  10092.819    10093.989    10338.874
119  TIMe+I        5037.919     37  10149.837    10150.791    10371.887
122  TIMe+R2       5036.849     38  10149.698    10150.704    10377.749
132  TPM3u+F+I     5006.252     39  10090.503    10091.563    10324.556
135  TPM3u+F+R2    5005.449     40  10090.899    10092.013    10330.953
145  TPM3+F+I      5006.252     39  10090.503    10091.563    10324.556
148  TPM3+F+R2     5005.449     40  10090.899    10092.013    10330.953
158  TPM2u+F+I     5008.429     39  10094.858    10095.918    10328.911
161  TPM2u+F+R2    5007.445     40  10094.889    10096.003    10334.943
171  TPM2+F+I      5008.429     39  10094.858    10095.918    10328.911
174  TPM2+F+R2     5007.445     40  10094.889    10096.003    10334.943
184  K3Pu+F+I      5008.978     39  10095.955    10097.015    10330.008
187  K3Pu+F+R2     5008.000     40  10095.999    10097.114    10336.054
197  K3P+I         5038.585     36  10149.169    10150.073    10365.218
200  K3P+R2        5037.576     37  10149.153    10150.107    10371.203
210  TN+F+I        5006.546     39  10091.091    10092.150    10325.144
213  TN+F+R2       5005.428     40  10090.857    10091.971    10330.911
223  TNe+I         5037.920     36  10147.841    10148.745    10363.890
226  TNe+R2        5036.846     37  10147.692    10148.647    10369.743
236  HKY+F+I       5008.997     38  10093.993    10094.999    10322.045
239  HKY+F+R2      5008.032     39  10094.064    10095.124    10328.117
249  K2P+I         5038.590     35  10147.181    10148.035    10357.228
252  K2P+R2        5037.583     36  10147.166    10148.070    10363.215
262  F81+F+I       5035.730     37  10145.460    10146.414    10367.510
265  F81+F+R2      5034.721     38  10145.443    10146.449    10373.494
275  JC+I          5065.600     34  10199.201    10200.007    10403.247
278  JC+R2         5064.599     35  10199.197    10200.052    10409.245
Akaike Information Criterion:           TIM3+F+I
Corrected Akaike Information Criterion: TIM3+F+I
Bayesian Information Criterion:         HKY+F+I
Best-fit model: HKY+F+I chosen according to BIC

All model information printed to 17452at7898.fltrd_aligned.fas.model.gz
CPU time for ModelFinder: 3.719 seconds (0h:0m:3s)
Wall-clock time for ModelFinder: 3.766 seconds (0h:0m:3s)
Generating 1000 samples for ultrafast bootstrap (seed: 700704)...

NOTE: 0 MB RAM (0 GB) is required!
Estimate model parameters (epsilon = 0.100)
1. Initial log-likelihood: -5008.997
Optimal log-likelihood: -5008.996
Rate parameters:  A-C: 1.00000  A-G: 3.97607  A-T: 1.00000  C-G: 1.00000  C-T: 3.97607  G-T: 1.00000
Base frequencies:  A: 0.274  C: 0.272  G: 0.272  T: 0.183
Proportion of invariable sites: 0.924
Parameters optimization took 1 rounds (0.001 sec)
Computing ML distances based on estimated model parameters...
Computing ML distances took 0.002395 sec (of wall-clock time) 0.001187 sec(of CPU time)
Computing RapidNJ tree took 0.000067 sec (of wall-clock time) 0.000066 sec (of CPU time)
Log-likelihood of RapidNJ tree: -5007.364
--------------------------------------------------------------------
|             INITIALIZING CANDIDATE TREE SET                      |
--------------------------------------------------------------------
Generating 98 parsimony trees... 0.059 second
Computing log-likelihood of 98 initial trees ... 0.056 seconds
Current best score: -5003.544

Do NNI search on 20 best initial trees
Estimate model parameters (epsilon = 0.100)
BETTER TREE FOUND at iteration 1: -5002.985
BETTER TREE FOUND at iteration 2: -5002.985
Iteration 10 / LogL: -5003.793 / Time: 0h:0m:0s
Iteration 20 / LogL: -5002.989 / Time: 0h:0m:0s
Finish initializing candidate tree set (17)
Current best tree score: -5002.985 / CPU time: 0.251
Number of iterations: 20
--------------------------------------------------------------------
|               OPTIMIZING CANDIDATE TREE SET                      |
--------------------------------------------------------------------
Iteration 30 / LogL: -5002.999 / Time: 0h:0m:0s (0h:0m:0s left)
BETTER TREE FOUND at iteration 31: -5002.985
Iteration 40 / LogL: -5003.023 / Time: 0h:0m:0s (0h:0m:1s left)
Iteration 50 / LogL: -5002.991 / Time: 0h:0m:0s (0h:0m:0s left)
Log-likelihood cutoff on original alignment: -5035.847
UPDATE BEST LOG-LIKELIHOOD: -5002.985
Iteration 60 / LogL: -5002.996 / Time: 0h:0m:0s (0h:0m:0s left)
UPDATE BEST LOG-LIKELIHOOD: -5002.985
Iteration 70 / LogL: -5002.988 / Time: 0h:0m:0s (0h:0m:0s left)
Iteration 80 / LogL: -5002.985 / Time: 0h:0m:0s (0h:0m:0s left)
Iteration 90 / LogL: -5003.566 / Time: 0h:0m:0s (0h:0m:0s left)
Iteration 100 / LogL: -5002.989 / Time: 0h:0m:1s (0h:0m:0s left)
Log-likelihood cutoff on original alignment: -5035.868
NOTE: Bootstrap correlation coefficient of split occurrence frequencies: 0.993
Iteration 110 / LogL: -5002.991 / Time: 0h:0m:1s (0h:0m:0s left)
Iteration 120 / LogL: -5005.392 / Time: 0h:0m:1s (0h:0m:0s left)
Iteration 130 / LogL: -5002.988 / Time: 0h:0m:1s (0h:0m:0s left)
TREE SEARCH COMPLETED AFTER 132 ITERATIONS / Time: 0h:0m:1s

--------------------------------------------------------------------
|                    FINALIZING TREE SEARCH                        |
--------------------------------------------------------------------
Performs final model parameters optimization
Estimate model parameters (epsilon = 0.010)
1. Initial log-likelihood: -5002.985
Optimal log-likelihood: -5002.984
Rate parameters:  A-C: 1.00000  A-G: 4.04370  A-T: 1.00000  C-G: 1.00000  C-T: 4.04370  G-T: 1.00000
Base frequencies:  A: 0.274  C: 0.272  G: 0.272  T: 0.183
Proportion of invariable sites: 0.926
Parameters optimization took 1 rounds (0.001 sec)
BEST SCORE FOUND : -5002.984
Creating bootstrap support values...
Split supports printed to NEXUS file 17452at7898.fltrd_aligned.fas.splits.nex
Total tree length: 0.055

Total number of iterations: 132
CPU time used for tree search: 1.246 sec (0h:0m:1s)
Wall-clock time used for tree search: 1.345 sec (0h:0m:1s)
Total CPU time used: 1.294 sec (0h:0m:1s)
Total wall-clock time used: 1.409 sec (0h:0m:1s)

Computing bootstrap consensus tree...
Reading input file 17452at7898.fltrd_aligned.fas.splits.nex...
18 taxa and 162 splits.
Consensus tree written to 17452at7898.fltrd_aligned.fas.contree
Reading input trees file 17452at7898.fltrd_aligned.fas.contree
Log-likelihood of consensus tree: -5003.830

Analysis results written to: 
  IQ-TREE report:                17452at7898.fltrd_aligned.fas.iqtree
  Maximum-likelihood tree:       17452at7898.fltrd_aligned.fas.treefile
  Likelihood distances:          17452at7898.fltrd_aligned.fas.mldist

Ultrafast bootstrap approximation results written to:
  Split support values:          17452at7898.fltrd_aligned.fas.splits.nex
  Consensus tree:                17452at7898.fltrd_aligned.fas.contree
  Screen log file:               17452at7898.fltrd_aligned.fas.log

Date and Time: Tue Dec  2 14:49:20 2025
