IQ-TREE multicore version 2.1.3 COVID-edition for Linux 64-bit built Apr 21 2021
Developed by Bui Quang Minh, James Barbetti, Nguyen Lam Tung,
Olga Chernomor, Heiko Schmidt, Dominik Schrempf, Michael Woodhams.

Host:    gombessa.rcs.alaska.edu (AVX2, FMA3, 503 GB RAM)
Command: /export/scratch/tsvanorden/Char_Phylogenetics/src/iqtree-2.1.3-Linux/bin/iqtree2 -s 48856at7898.fltrd_aligned.fas -m MFP -bb 1000 -T 1
Seed:    986908 (Using SPRNG - Scalable Parallel Random Number Generator)
Time:    Tue Dec  2 14:49:13 2025
Kernel:  AVX+FMA - 1 threads (1 CPU cores detected)

Reading alignment file 48856at7898.fltrd_aligned.fas ... Fasta format detected
Alignment most likely contains DNA/RNA sequences
Alignment has 20 sequences with 1965 columns, 55 distinct patterns
7 parsimony-informative, 43 singleton sites, 1915 constant sites
                                Gap/Ambiguity  Composition  p-value
   1  251140_Ward_Creek                22.29%    passed     70.57%
   2  260512_Pybus_Point               22.29%    passed     68.68%
   3  261935_Kenai_River               22.29%    passed     66.60%
   4  353213_Cropley_Lake              22.29%    passed     70.57%
   5  353219_Peterson_Creek            22.29%    passed     68.68%
   6  353220_Fish_Creek                22.29%    passed     70.57%
   7  353246_Cottonwood_Creek          13.28%    passed     93.33%
   8  353379_Skagit_River              22.29%    passed     71.33%
   9  353381_Dungeness_River           22.29%    passed     68.68%
  10  353401_Peace_River               13.28%    passed     95.42%
  11  353407_Noatok                    13.28%    passed     93.79%
  12  353410_Horizon_Lake              13.28%    passed     90.66%
  13  92319_Little_Lost                13.28%    passed     95.42%
  14  94280_St_Joe                     13.28%    passed     95.42%
  15  GCA016432855_Lake_Trout          13.28%    passed     94.58%
  16  GCA036784925_Maine_S_alpinus     13.28%    passed     92.25%
  17  GCA045679555_Iceland_A_alpinus   13.28%    passed     92.25%
  18  GCF013265735_Rainbow_Trout        9.62%    passed     36.41%
  19  GCF029448725_Brook_Trout          0.46%    passed      8.81%
  20  Methow_River_99895               13.28%    passed     95.42%
****  TOTAL                            16.06%  0 sequences failed composition chi2 test (p-value<5%; df=3)
NOTE: 353213_Cropley_Lake is identical to 251140_Ward_Creek but kept for subsequent analysis
NOTE: 353219_Peterson_Creek is identical to 260512_Pybus_Point but kept for subsequent analysis
NOTE: 92319_Little_Lost is identical to 353401_Peace_River but kept for subsequent analysis
NOTE: GCA045679555_Iceland_A_alpinus is identical to GCA036784925_Maine_S_alpinus but kept for subsequent analysis
NOTE: 4 identical sequences (see below) will be ignored for subsequent analysis
NOTE: 353220_Fish_Creek (identical to 251140_Ward_Creek) is ignored but added at the end
NOTE: 353381_Dungeness_River (identical to 260512_Pybus_Point) is ignored but added at the end
NOTE: 94280_St_Joe (identical to 353401_Peace_River) is ignored but added at the end
NOTE: Methow_River_99895 (identical to 353401_Peace_River) is ignored but added at the end
Alignment was printed to 48856at7898.fltrd_aligned.fas.uniqueseq.phy

For your convenience alignment with unique sequences printed to 48856at7898.fltrd_aligned.fas.uniqueseq.phy


Create initial parsimony tree by phylogenetic likelihood library (PLL)... 0.000 seconds
Perform fast likelihood tree search using GTR+I+G model...
Estimate model parameters (epsilon = 5.000)
Perform nearest neighbor interchange...
Estimate model parameters (epsilon = 1.000)
1. Initial log-likelihood: -3074.035
Optimal log-likelihood: -3074.034
Rate parameters:  A-C: 1.23620  A-G: 1.95578  A-T: 0.79009  C-G: 0.55003  C-T: 1.77679  G-T: 1.00000
Base frequencies:  A: 0.270  C: 0.217  G: 0.299  T: 0.214
Proportion of invariable sites: 0.487
Gamma shape alpha: 998.448
Parameters optimization took 1 rounds (0.001 sec)
Time for fast ML tree search: 0.007 seconds

NOTE: ModelFinder requires 0 MB RAM!
ModelFinder will test up to 286 DNA models (sample size: 1965) ...
 No. Model         -LnL         df  AIC          AICc         BIC
  1  GTR+F         3073.728     37  6221.457     6222.916     6428.037
  2  GTR+F+I       3073.728     38  6223.456     6224.995     6435.620
  3  GTR+F+G4      3073.728     38  6223.457     6224.996     6435.620
  4  GTR+F+I+G4    3074.034     39  6226.068     6227.689     6443.815
  5  GTR+F+R2      3073.876     39  6225.752     6227.373     6443.499
  6  GTR+F+R3      3073.921     41  6229.843     6231.634     6458.756
 14  SYM           3079.666     34  6227.332     6228.565     6417.162
 15  SYM+I         3079.666     35  6229.331     6230.638     6424.745
 16  SYM+G4        3079.666     35  6229.332     6230.638     6424.745
 27  TVM+F         3073.758     36  6219.517     6220.898     6420.514
 28  TVM+F+I       3073.758     37  6221.516     6222.975     6428.096
 29  TVM+F+G4      3073.758     37  6221.516     6222.975     6428.096
 40  TVMe          3080.097     33  6226.193     6227.355     6410.440
 41  TVMe+I        3080.097     34  6228.193     6229.426     6418.023
 42  TVMe+G4       3080.097     34  6228.194     6229.427     6418.024
 53  TIM3+F        3074.679     35  6219.359     6220.665     6414.773
 54  TIM3+F+I      3074.675     36  6221.349     6222.731     6422.346
 55  TIM3+F+G4     3074.674     36  6221.348     6222.730     6422.345
 66  TIM3e         3080.546     32  6225.091     6226.184     6403.755
 67  TIM3e+I       3080.545     33  6227.090     6228.252     6411.337
 68  TIM3e+G4      3080.545     33  6227.090     6228.252     6411.337
 79  TIM2+F        3074.497     35  6218.994     6220.301     6414.408
 80  TIM2+F+I      3074.499     36  6220.998     6222.379     6421.995
 81  TIM2+F+G4     3074.499     36  6220.998     6222.379     6421.995
 92  TIM2e         3080.427     32  6224.854     6225.947     6403.518
 93  TIM2e+I       3080.427     33  6226.853     6228.015     6411.101
 94  TIM2e+G4      3080.427     33  6226.854     6228.016     6411.101
105  TIM+F         3073.915     35  6217.830     6219.137     6413.244
106  TIM+F+I       3073.915     36  6219.831     6221.213     6420.828
107  TIM+F+G4      3073.916     36  6219.831     6221.213     6420.828
118  TIMe          3079.793     32  6223.585     6224.679     6402.249
119  TIMe+I        3079.791     33  6225.582     6226.745     6409.830
120  TIMe+G4       3079.792     33  6225.583     6226.745     6409.830
131  TPM3u+F       3074.702     34  6217.405     6218.638     6407.235
132  TPM3u+F+I     3074.702     35  6219.405     6220.711     6414.818
133  TPM3u+F+G4    3074.703     35  6219.405     6220.712     6414.819
144  TPM3+F        3074.702     34  6217.405     6218.638     6407.235
145  TPM3+F+I      3074.702     35  6219.405     6220.711     6414.818
146  TPM3+F+G4     3074.703     35  6219.405     6220.712     6414.819
157  TPM2u+F       3074.522     34  6217.044     6218.277     6406.874
158  TPM2u+F+I     3074.525     35  6219.051     6220.357     6414.464
159  TPM2u+F+G4    3074.524     35  6219.048     6220.355     6414.462
170  TPM2+F        3074.522     34  6217.044     6218.277     6406.874
171  TPM2+F+I      3074.525     35  6219.051     6220.357     6414.464
172  TPM2+F+G4     3074.524     35  6219.048     6220.355     6414.462
183  K3Pu+F        3073.946     34  6215.892     6217.125     6405.722
184  K3Pu+F+I      3073.946     35  6217.891     6219.198     6413.305
185  K3Pu+F+G4     3073.946     35  6217.892     6219.198     6413.306
196  K3P           3080.223     31  6222.447     6223.473     6395.527
197  K3P+I         3080.222     32  6224.444     6225.537     6403.108
198  K3P+G4        3080.222     32  6224.445     6225.538     6403.109
209  TN+F          3074.680     34  6217.361     6218.594     6407.191
210  TN+F+I        3074.677     35  6219.354     6220.660     6414.767
211  TN+F+G4       3074.677     35  6219.355     6220.661     6414.769
222  TNe           3080.546     31  6223.093     6224.119     6396.174
223  TNe+I         3080.546     32  6225.092     6226.185     6403.756
224  TNe+G4        3080.547     32  6225.094     6226.187     6403.758
235  HKY+F         3074.704     33  6215.409     6216.571     6399.656
236  HKY+F+I       3074.704     34  6217.409     6218.642     6407.239
237  HKY+F+G4      3074.705     34  6217.409     6218.642     6407.240
248  K2P           3080.976     30  6221.953     6222.915     6389.450
249  K2P+I         3080.976     31  6223.953     6224.979     6397.034
250  K2P+G4        3080.977     31  6223.954     6224.980     6397.034
261  F81+F         3078.085     32  6220.170     6221.263     6398.833
262  F81+F+I       3078.085     33  6222.170     6223.332     6406.417
263  F81+F+G4      3078.085     33  6222.170     6223.332     6406.417
274  JC            3084.671     29  6227.341     6228.241     6389.256
275  JC+I          3084.671     30  6229.341     6230.303     6396.839
276  JC+G4         3084.671     30  6229.342     6230.304     6396.840
Akaike Information Criterion:           HKY+F
Corrected Akaike Information Criterion: HKY+F
Bayesian Information Criterion:         JC
Best-fit model: JC chosen according to BIC

All model information printed to 48856at7898.fltrd_aligned.fas.model.gz
CPU time for ModelFinder: 0.116 seconds (0h:0m:0s)
Wall-clock time for ModelFinder: 0.121 seconds (0h:0m:0s)
Generating 1000 samples for ultrafast bootstrap (seed: 986908)...

NOTE: 0 MB RAM (0 GB) is required!
Estimate model parameters (epsilon = 0.100)
1. Initial log-likelihood: -3084.671
Optimal log-likelihood: -3084.671
Rate parameters:  A-C: 1.00000  A-G: 1.00000  A-T: 1.00000  C-G: 1.00000  C-T: 1.00000  G-T: 1.00000
Base frequencies:  A: 0.250  C: 0.250  G: 0.250  T: 0.250
Parameters optimization took 1 rounds (0.000 sec)
Computing ML distances based on estimated model parameters...
Computing ML distances took 0.000803 sec (of wall-clock time) 0.000786 sec(of CPU time)
Computing RapidNJ tree took 0.000065 sec (of wall-clock time) 0.000063 sec (of CPU time)
Log-likelihood of RapidNJ tree: -3102.166
--------------------------------------------------------------------
|             INITIALIZING CANDIDATE TREE SET                      |
--------------------------------------------------------------------
Generating 98 parsimony trees... 0.033 second
Computing log-likelihood of 98 initial trees ... 0.029 seconds
Current best score: -3084.670

Do NNI search on 20 best initial trees
Estimate model parameters (epsilon = 0.100)
BETTER TREE FOUND at iteration 1: -3084.668
Iteration 10 / LogL: -3084.668 / Time: 0h:0m:0s
BETTER TREE FOUND at iteration 15: -3084.668
BETTER TREE FOUND at iteration 16: -3084.668
Iteration 20 / LogL: -3084.671 / Time: 0h:0m:0s
Finish initializing candidate tree set (19)
Current best tree score: -3084.668 / CPU time: 0.166
Number of iterations: 20
--------------------------------------------------------------------
|               OPTIMIZING CANDIDATE TREE SET                      |
--------------------------------------------------------------------
Iteration 30 / LogL: -3084.669 / Time: 0h:0m:0s (0h:0m:0s left)
Iteration 40 / LogL: -3089.646 / Time: 0h:0m:0s (0h:0m:0s left)
UPDATE BEST LOG-LIKELIHOOD: -3084.668
BETTER TREE FOUND at iteration 49: -3084.668
Iteration 50 / LogL: -3084.672 / Time: 0h:0m:0s (0h:0m:0s left)
Log-likelihood cutoff on original alignment: -3101.846
BETTER TREE FOUND at iteration 56: -3084.668
Iteration 60 / LogL: -3084.673 / Time: 0h:0m:0s (0h:0m:0s left)
BETTER TREE FOUND at iteration 66: -3084.668
Iteration 70 / LogL: -3084.668 / Time: 0h:0m:0s (0h:0m:0s left)
Iteration 80 / LogL: -3084.675 / Time: 0h:0m:0s (0h:0m:0s left)
Iteration 90 / LogL: -3084.672 / Time: 0h:0m:0s (0h:0m:0s left)
Iteration 100 / LogL: -3084.672 / Time: 0h:0m:0s (0h:0m:0s left)
Log-likelihood cutoff on original alignment: -3103.745
NOTE: Bootstrap correlation coefficient of split occurrence frequencies: 0.952
NOTE: UFBoot does not converge, continue at least 100 more iterations
Iteration 110 / LogL: -3084.674 / Time: 0h:0m:0s (0h:0m:0s left)
Iteration 120 / LogL: -3084.682 / Time: 0h:0m:0s (0h:0m:0s left)
Iteration 130 / LogL: -3084.670 / Time: 0h:0m:0s (0h:0m:0s left)
UPDATE BEST LOG-LIKELIHOOD: -3084.668
Iteration 140 / LogL: -3084.676 / Time: 0h:0m:0s (0h:0m:0s left)
Iteration 150 / LogL: -3084.676 / Time: 0h:0m:0s (0h:0m:0s left)
Log-likelihood cutoff on original alignment: -3103.315
Iteration 160 / LogL: -3084.677 / Time: 0h:0m:1s (0h:0m:0s left)
BETTER TREE FOUND at iteration 168: -3084.668
Iteration 170 / LogL: -3084.672 / Time: 0h:0m:1s (0h:0m:0s left)
Iteration 180 / LogL: -3084.673 / Time: 0h:0m:1s (0h:0m:0s left)
BETTER TREE FOUND at iteration 190: -3084.668
Iteration 190 / LogL: -3084.668 / Time: 0h:0m:1s (0h:0m:0s left)
Iteration 200 / LogL: -3084.672 / Time: 0h:0m:1s (0h:0m:0s left)
Log-likelihood cutoff on original alignment: -3104.603
NOTE: Bootstrap correlation coefficient of split occurrence frequencies: 0.965
NOTE: UFBoot does not converge, continue at least 100 more iterations
Iteration 210 / LogL: -3084.679 / Time: 0h:0m:1s (0h:0m:0s left)
Iteration 220 / LogL: -3084.669 / Time: 0h:0m:1s (0h:0m:0s left)
Iteration 230 / LogL: -3084.680 / Time: 0h:0m:1s (0h:0m:0s left)
BETTER TREE FOUND at iteration 238: -3084.668
Iteration 240 / LogL: -3084.668 / Time: 0h:0m:1s (0h:0m:0s left)
Iteration 250 / LogL: -3084.676 / Time: 0h:0m:1s (0h:0m:0s left)
Log-likelihood cutoff on original alignment: -3107.569
Iteration 260 / LogL: -3084.676 / Time: 0h:0m:1s (0h:0m:0s left)
Iteration 270 / LogL: -3090.160 / Time: 0h:0m:1s (0h:0m:0s left)
Iteration 280 / LogL: -3084.672 / Time: 0h:0m:1s (0h:0m:0s left)
UPDATE BEST LOG-LIKELIHOOD: -3084.668
Iteration 290 / LogL: -3084.674 / Time: 0h:0m:2s (0h:0m:0s left)
Iteration 300 / LogL: -3084.670 / Time: 0h:0m:2s (0h:0m:0s left)
Log-likelihood cutoff on original alignment: -3107.569
NOTE: Bootstrap correlation coefficient of split occurrence frequencies: 0.939
NOTE: UFBoot does not converge, continue at least 100 more iterations
Iteration 310 / LogL: -3084.673 / Time: 0h:0m:2s (0h:0m:0s left)
Iteration 320 / LogL: -3084.672 / Time: 0h:0m:2s (0h:0m:0s left)
Iteration 330 / LogL: -3084.672 / Time: 0h:0m:2s (0h:0m:0s left)
Iteration 340 / LogL: -3084.673 / Time: 0h:0m:2s (0h:0m:0s left)
Iteration 350 / LogL: -3084.675 / Time: 0h:0m:2s (0h:0m:0s left)
Log-likelihood cutoff on original alignment: -3107.718
Iteration 360 / LogL: -3084.670 / Time: 0h:0m:2s (0h:0m:0s left)
Iteration 370 / LogL: -3084.668 / Time: 0h:0m:2s (0h:0m:0s left)
Iteration 380 / LogL: -3094.099 / Time: 0h:0m:2s (0h:0m:0s left)
Iteration 390 / LogL: -3084.676 / Time: 0h:0m:2s (0h:0m:0s left)
Iteration 400 / LogL: -3084.676 / Time: 0h:0m:3s (0h:0m:0s left)
Log-likelihood cutoff on original alignment: -3107.718
NOTE: Bootstrap correlation coefficient of split occurrence frequencies: 0.963
NOTE: UFBoot does not converge, continue at least 100 more iterations
Iteration 410 / LogL: -3084.672 / Time: 0h:0m:3s (0h:0m:0s left)
Iteration 420 / LogL: -3084.674 / Time: 0h:0m:3s (0h:0m:0s left)
Iteration 430 / LogL: -3084.668 / Time: 0h:0m:3s (0h:0m:0s left)
Iteration 440 / LogL: -3084.677 / Time: 0h:0m:3s (0h:0m:0s left)
Iteration 450 / LogL: -3084.677 / Time: 0h:0m:3s (0h:0m:0s left)
Log-likelihood cutoff on original alignment: -3108.151
Iteration 460 / LogL: -3084.670 / Time: 0h:0m:3s (0h:0m:0s left)
Iteration 470 / LogL: -3098.589 / Time: 0h:0m:3s (0h:0m:0s left)
Iteration 480 / LogL: -3084.677 / Time: 0h:0m:3s (0h:0m:0s left)
Iteration 490 / LogL: -3084.677 / Time: 0h:0m:3s (0h:0m:0s left)
Iteration 500 / LogL: -3084.669 / Time: 0h:0m:3s (0h:0m:0s left)
Log-likelihood cutoff on original alignment: -3108.365
NOTE: Bootstrap correlation coefficient of split occurrence frequencies: 0.978
NOTE: UFBoot does not converge, continue at least 100 more iterations
Iteration 510 / LogL: -3084.674 / Time: 0h:0m:4s (0h:0m:0s left)
Iteration 520 / LogL: -3084.676 / Time: 0h:0m:4s (0h:0m:0s left)
Iteration 530 / LogL: -3084.675 / Time: 0h:0m:4s (0h:0m:0s left)
Iteration 540 / LogL: -3084.673 / Time: 0h:0m:4s (0h:0m:0s left)
Iteration 550 / LogL: -3084.672 / Time: 0h:0m:4s (0h:0m:0s left)
Log-likelihood cutoff on original alignment: -3108.365
Iteration 560 / LogL: -3084.668 / Time: 0h:0m:4s (0h:0m:0s left)
Iteration 570 / LogL: -3084.677 / Time: 0h:0m:4s (0h:0m:0s left)
Iteration 580 / LogL: -3084.674 / Time: 0h:0m:4s (0h:0m:0s left)
Iteration 590 / LogL: -3084.671 / Time: 0h:0m:4s (0h:0m:0s left)
Iteration 600 / LogL: -3084.673 / Time: 0h:0m:4s (0h:0m:0s left)
Log-likelihood cutoff on original alignment: -3108.151
NOTE: Bootstrap correlation coefficient of split occurrence frequencies: 0.979
NOTE: UFBoot does not converge, continue at least 100 more iterations
Iteration 610 / LogL: -3084.670 / Time: 0h:0m:4s (0h:0m:0s left)
Iteration 620 / LogL: -3084.674 / Time: 0h:0m:5s (0h:0m:0s left)
Iteration 630 / LogL: -3084.674 / Time: 0h:0m:5s (0h:0m:0s left)
Iteration 640 / LogL: -3084.670 / Time: 0h:0m:5s (0h:0m:0s left)
Iteration 650 / LogL: -3084.674 / Time: 0h:0m:5s (0h:0m:0s left)
Log-likelihood cutoff on original alignment: -3108.151
Iteration 660 / LogL: -3094.096 / Time: 0h:0m:5s (0h:0m:0s left)
Iteration 670 / LogL: -3084.675 / Time: 0h:0m:5s (0h:0m:0s left)
Iteration 680 / LogL: -3099.584 / Time: 0h:0m:5s (0h:0m:0s left)
Iteration 690 / LogL: -3084.673 / Time: 0h:0m:5s (0h:0m:0s left)
Iteration 700 / LogL: -3084.677 / Time: 0h:0m:5s (0h:0m:0s left)
Log-likelihood cutoff on original alignment: -3108.555
NOTE: Bootstrap correlation coefficient of split occurrence frequencies: 0.983
NOTE: UFBoot does not converge, continue at least 100 more iterations
Iteration 710 / LogL: -3084.668 / Time: 0h:0m:6s (0h:0m:0s left)
Iteration 720 / LogL: -3090.160 / Time: 0h:0m:6s (0h:0m:0s left)
UPDATE BEST LOG-LIKELIHOOD: -3084.668
Iteration 730 / LogL: -3090.159 / Time: 0h:0m:6s (0h:0m:0s left)
Iteration 740 / LogL: -3084.673 / Time: 0h:0m:6s (0h:0m:0s left)
Iteration 750 / LogL: -3084.684 / Time: 0h:0m:6s (0h:0m:0s left)
Log-likelihood cutoff on original alignment: -3108.994
Iteration 760 / LogL: -3092.718 / Time: 0h:0m:6s (0h:0m:0s left)
Iteration 770 / LogL: -3084.673 / Time: 0h:0m:6s (0h:0m:0s left)
Iteration 780 / LogL: -3084.669 / Time: 0h:0m:6s (0h:0m:0s left)
Iteration 790 / LogL: -3084.679 / Time: 0h:0m:7s (0h:0m:0s left)
Iteration 800 / LogL: -3084.677 / Time: 0h:0m:7s (0h:0m:0s left)
Log-likelihood cutoff on original alignment: -3108.994
NOTE: Bootstrap correlation coefficient of split occurrence frequencies: 0.982
NOTE: UFBoot does not converge, continue at least 100 more iterations
Iteration 810 / LogL: -3084.676 / Time: 0h:0m:7s (0h:0m:0s left)
Iteration 820 / LogL: -3084.676 / Time: 0h:0m:7s (0h:0m:0s left)
Iteration 830 / LogL: -3084.676 / Time: 0h:0m:7s (0h:0m:0s left)
Iteration 840 / LogL: -3084.668 / Time: 0h:0m:7s (0h:0m:0s left)
Iteration 850 / LogL: -3084.672 / Time: 0h:0m:7s (0h:0m:0s left)
Log-likelihood cutoff on original alignment: -3108.555
Iteration 860 / LogL: -3084.680 / Time: 0h:0m:7s (0h:0m:0s left)
Iteration 870 / LogL: -3084.672 / Time: 0h:0m:7s (0h:0m:0s left)
Iteration 880 / LogL: -3084.668 / Time: 0h:0m:8s (0h:0m:0s left)
Iteration 890 / LogL: -3084.672 / Time: 0h:0m:8s (0h:0m:0s left)
Iteration 900 / LogL: -3084.670 / Time: 0h:0m:8s (0h:0m:0s left)
Log-likelihood cutoff on original alignment: -3108.555
NOTE: Bootstrap correlation coefficient of split occurrence frequencies: 0.991
TREE SEARCH COMPLETED AFTER 900 ITERATIONS / Time: 0h:0m:8s

--------------------------------------------------------------------
|                    FINALIZING TREE SEARCH                        |
--------------------------------------------------------------------
Performs final model parameters optimization
Estimate model parameters (epsilon = 0.010)
1. Initial log-likelihood: -3084.668
Optimal log-likelihood: -3084.668
Rate parameters:  A-C: 1.00000  A-G: 1.00000  A-T: 1.00000  C-G: 1.00000  C-T: 1.00000  G-T: 1.00000
Base frequencies:  A: 0.250  C: 0.250  G: 0.250  T: 0.250
Parameters optimization took 1 rounds (0.000 sec)
BEST SCORE FOUND : -3084.668
Creating bootstrap support values...
Split supports printed to NEXUS file 48856at7898.fltrd_aligned.fas.splits.nex
Total tree length: 0.029

Total number of iterations: 900
CPU time used for tree search: 8.128 sec (0h:0m:8s)
Wall-clock time used for tree search: 8.288 sec (0h:0m:8s)
Total CPU time used: 8.191 sec (0h:0m:8s)
Total wall-clock time used: 8.355 sec (0h:0m:8s)

Computing bootstrap consensus tree...
Reading input file 48856at7898.fltrd_aligned.fas.splits.nex...
16 taxa and 237 splits.
Consensus tree written to 48856at7898.fltrd_aligned.fas.contree
Reading input trees file 48856at7898.fltrd_aligned.fas.contree
Log-likelihood of consensus tree: -3084.715

Analysis results written to: 
  IQ-TREE report:                48856at7898.fltrd_aligned.fas.iqtree
  Maximum-likelihood tree:       48856at7898.fltrd_aligned.fas.treefile
  Likelihood distances:          48856at7898.fltrd_aligned.fas.mldist

Ultrafast bootstrap approximation results written to:
  Split support values:          48856at7898.fltrd_aligned.fas.splits.nex
  Consensus tree:                48856at7898.fltrd_aligned.fas.contree
  Screen log file:               48856at7898.fltrd_aligned.fas.log

Date and Time: Tue Dec  2 14:49:22 2025
