IQ-TREE multicore version 2.1.3 COVID-edition for Linux 64-bit built Apr 21 2021
Developed by Bui Quang Minh, James Barbetti, Nguyen Lam Tung,
Olga Chernomor, Heiko Schmidt, Dominik Schrempf, Michael Woodhams.

Host:    gombessa.rcs.alaska.edu (AVX2, FMA3, 503 GB RAM)
Command: /export/scratch/tsvanorden/Char_Phylogenetics/src/iqtree-2.1.3-Linux/bin/iqtree2 -s 25209at7898.fltrd_aligned.fas -m MFP -bb 1000 -T 1
Seed:    257505 (Using SPRNG - Scalable Parallel Random Number Generator)
Time:    Tue Dec  2 14:49:59 2025
Kernel:  AVX+FMA - 1 threads (1 CPU cores detected)

Reading alignment file 25209at7898.fltrd_aligned.fas ... Fasta format detected
Alignment most likely contains DNA/RNA sequences
Alignment has 20 sequences with 3704 columns, 136 distinct patterns
44 parsimony-informative, 128 singleton sites, 3532 constant sites
                                Gap/Ambiguity  Composition  p-value
   1  251140_Ward_Creek                 5.72%    passed     99.47%
   2  260512_Pybus_Point                5.97%    passed     99.42%
   3  261935_Kenai_River                9.37%    passed     94.94%
   4  353213_Cropley_Lake               5.48%    passed     99.40%
   5  353219_Peterson_Creek             5.48%    passed     99.40%
   6  353220_Fish_Creek                 5.48%    passed     99.53%
   7  353246_Cottonwood_Creek           5.48%    passed     99.53%
   8  353379_Skagit_River               8.72%    passed     98.88%
   9  353381_Dungeness_River           14.39%    passed     94.13%
  10  353401_Peace_River                2.81%    passed     94.92%
  11  353407_Noatok                     5.48%    passed     99.40%
  12  353410_Horizon_Lake               3.86%    passed    100.00%
  13  92319_Little_Lost                 8.07%    passed     85.93%
  14  94280_St_Joe                      2.81%    passed     94.92%
  15  GCA016432855_Lake_Trout           5.48%    passed     99.21%
  16  GCA036784925_Maine_S_alpinus      3.86%    passed    100.00%
  17  GCA045679555_Iceland_A_alpinus    4.35%    passed     99.94%
  18  GCF013265735_Rainbow_Trout        5.40%    passed     99.46%
  19  GCF029448725_Brook_Trout          3.37%    passed     96.34%
  20  Methow_River_99895                2.81%    passed     94.92%
****  TOTAL                             5.72%  0 sequences failed composition chi2 test (p-value<5%; df=3)
NOTE: 353219_Peterson_Creek is identical to 353213_Cropley_Lake but kept for subsequent analysis
NOTE: 353246_Cottonwood_Creek is identical to 353220_Fish_Creek but kept for subsequent analysis
NOTE: 94280_St_Joe is identical to 353401_Peace_River but kept for subsequent analysis
NOTE: GCA036784925_Maine_S_alpinus is identical to 353410_Horizon_Lake but kept for subsequent analysis
NOTE: 1 identical sequences (see below) will be ignored for subsequent analysis
NOTE: Methow_River_99895 (identical to 353401_Peace_River) is ignored but added at the end
Alignment was printed to 25209at7898.fltrd_aligned.fas.uniqueseq.phy

For your convenience alignment with unique sequences printed to 25209at7898.fltrd_aligned.fas.uniqueseq.phy


Create initial parsimony tree by phylogenetic likelihood library (PLL)... 0.000 seconds
Perform fast likelihood tree search using GTR+I+G model...
Estimate model parameters (epsilon = 5.000)
Perform nearest neighbor interchange...
Estimate model parameters (epsilon = 1.000)
1. Initial log-likelihood: -6218.399
Optimal log-likelihood: -6218.395
Rate parameters:  A-C: 0.54908  A-G: 1.67223  A-T: 1.15632  C-G: 0.58830  C-T: 2.23622  G-T: 1.00000
Base frequencies:  A: 0.246  C: 0.308  G: 0.247  T: 0.199
Proportion of invariable sites: 0.476
Gamma shape alpha: 998.443
Parameters optimization took 1 rounds (0.003 sec)
Time for fast ML tree search: 0.016 seconds

NOTE: ModelFinder requires 1 MB RAM!
ModelFinder will test up to 286 DNA models (sample size: 3704) ...
 No. Model         -LnL         df  AIC          AICc         BIC
  1  GTR+F         6217.520     43  12521.040    12522.074    12788.379
  2  GTR+F+I       6217.518     44  12523.036    12524.118    12796.591
  3  GTR+F+G4      6217.518     44  12523.036    12524.119    12796.592
  4  GTR+F+I+G4    6218.387     45  12526.774    12527.906    12806.547
  5  GTR+F+R2      6217.846     45  12525.693    12526.824    12805.465
  6  GTR+F+R3      6217.765     47  12529.529    12530.763    12821.736
 14  SYM           6253.609     40  12587.219    12588.114    12835.906
 15  SYM+I         6253.601     41  12589.202    12590.143    12844.106
 16  SYM+G4        6253.601     41  12589.203    12590.143    12844.106
 27  TVM+F         6218.471     42  12520.942    12521.928    12782.063
 28  TVM+F+I       6218.466     43  12522.932    12523.966    12790.270
 29  TVM+F+G4      6218.466     43  12522.932    12523.966    12790.271
 40  TVMe          6254.420     39  12586.840    12587.691    12829.309
 41  TVMe+I        6254.420     40  12588.840    12589.736    12837.527
 42  TVMe+G4       6254.421     40  12588.841    12589.737    12837.528
 53  TIM3+F        6217.709     41  12517.418    12518.359    12772.322
 54  TIM3+F+I      6217.709     42  12519.418    12520.405    12780.539
 55  TIM3+F+G4     6217.709     42  12519.419    12520.405    12780.540
 66  TIM3e         6253.793     38  12583.587    12584.395    12819.839
 67  TIM3e+I       6253.794     39  12585.588    12586.439    12828.057
 68  TIM3e+G4      6253.794     39  12585.588    12586.440    12828.058
 79  TIM2+F        6220.942     41  12523.885    12524.825    12778.789
 80  TIM2+F+I      6220.937     42  12525.874    12526.860    12786.995
 81  TIM2+F+G4     6220.933     42  12525.866    12526.852    12786.987
 92  TIM2e         6255.050     38  12586.100    12586.908    12822.352
 93  TIM2e+I       6255.055     39  12588.109    12588.961    12830.579
 94  TIM2e+G4      6255.054     39  12588.107    12588.959    12830.577
105  TIM+F         6220.800     41  12523.600    12524.541    12778.504
106  TIM+F+I       6220.802     42  12525.605    12526.592    12786.726
107  TIM+F+G4      6220.801     42  12525.603    12526.589    12786.724
118  TIMe          6254.914     38  12585.829    12586.638    12822.081
119  TIMe+I        6254.917     39  12587.834    12588.685    12830.303
120  TIMe+G4       6254.916     39  12587.833    12588.684    12830.303
131  TPM3u+F       6218.662     40  12517.324    12518.220    12766.011
132  TPM3u+F+I     6218.662     41  12519.324    12520.264    12774.228
133  TPM3u+F+G4    6218.662     41  12519.324    12520.265    12774.228
144  TPM3+F        6218.662     40  12517.324    12518.219    12766.010
145  TPM3+F+I      6218.662     41  12519.323    12520.264    12774.227
146  TPM3+F+G4     6218.662     41  12519.324    12520.265    12774.228
157  TPM2u+F       6221.887     40  12523.775    12524.670    12772.462
158  TPM2u+F+I     6221.889     41  12525.778    12526.719    12780.682
159  TPM2u+F+G4    6221.889     41  12525.777    12526.718    12780.681
170  TPM2+F        6221.887     40  12523.775    12524.670    12772.462
171  TPM2+F+I      6221.889     41  12525.778    12526.719    12780.682
172  TPM2+F+G4     6221.889     41  12525.777    12526.718    12780.681
183  K3Pu+F        6221.757     40  12523.515    12524.410    12772.202
184  K3Pu+F+I      6221.759     41  12525.517    12526.458    12780.421
185  K3Pu+F+G4     6221.758     41  12525.517    12526.457    12780.420
196  K3P           6255.730     37  12585.461    12586.228    12815.496
197  K3P+I         6255.732     38  12587.463    12588.272    12823.716
198  K3P+G4        6255.732     38  12587.463    12588.272    12823.716
209  TN+F          6220.960     40  12521.921    12522.816    12770.608
210  TN+F+I        6220.961     41  12523.921    12524.862    12778.825
211  TN+F+G4       6220.961     41  12523.922    12524.862    12778.826
222  TNe           6255.075     37  12584.149    12584.916    12814.184
223  TNe+I         6255.075     38  12586.150    12586.959    12822.403
224  TNe+G4        6255.075     38  12586.151    12586.960    12822.403
235  HKY+F         6221.916     39  12521.832    12522.683    12764.301
236  HKY+F+I       6221.916     40  12523.832    12524.727    12772.518
237  HKY+F+G4      6221.916     40  12523.832    12524.728    12772.519
248  K2P           6255.893     36  12583.786    12584.512    12807.604
249  K2P+I         6255.892     37  12585.785    12586.552    12815.820
250  K2P+G4        6255.893     37  12585.786    12586.553    12815.821
261  F81+F         6240.173     38  12556.345    12557.154    12792.598
262  F81+F+I       6240.173     39  12558.345    12559.197    12800.815
263  F81+F+G4      6240.173     39  12558.346    12559.197    12800.815
274  JC            6273.200     35  12616.400    12617.087    12834.001
275  JC+I          6273.200     36  12618.400    12619.126    12842.218
276  JC+G4         6273.200     36  12618.400    12619.127    12842.219
Akaike Information Criterion:           TPM3+F
Corrected Akaike Information Criterion: TPM3+F
Bayesian Information Criterion:         HKY+F
Best-fit model: HKY+F chosen according to BIC

All model information printed to 25209at7898.fltrd_aligned.fas.model.gz
CPU time for ModelFinder: 0.296 seconds (0h:0m:0s)
Wall-clock time for ModelFinder: 0.303 seconds (0h:0m:0s)
Generating 1000 samples for ultrafast bootstrap (seed: 257505)...

NOTE: 0 MB RAM (0 GB) is required!
Estimate model parameters (epsilon = 0.100)
1. Initial log-likelihood: -6221.916
Optimal log-likelihood: -6221.916
Rate parameters:  A-C: 1.00000  A-G: 2.54430  A-T: 1.00000  C-G: 1.00000  C-T: 2.54430  G-T: 1.00000
Base frequencies:  A: 0.246  C: 0.308  G: 0.247  T: 0.199
Parameters optimization took 1 rounds (0.001 sec)
Computing ML distances based on estimated model parameters...
Computing ML distances took 0.001528 sec (of wall-clock time) 0.001502 sec(of CPU time)
Computing RapidNJ tree took 0.000072 sec (of wall-clock time) 0.000070 sec (of CPU time)
Log-likelihood of RapidNJ tree: -6228.093
--------------------------------------------------------------------
|             INITIALIZING CANDIDATE TREE SET                      |
--------------------------------------------------------------------
Generating 98 parsimony trees... 0.063 second
Computing log-likelihood of 98 initial trees ... 0.057 seconds
Current best score: -6221.916

Do NNI search on 20 best initial trees
Estimate model parameters (epsilon = 0.100)
BETTER TREE FOUND at iteration 1: -6221.916
BETTER TREE FOUND at iteration 2: -6221.916
BETTER TREE FOUND at iteration 4: -6221.916
BETTER TREE FOUND at iteration 5: -6221.916
UPDATE BEST LOG-LIKELIHOOD: -6221.916
Iteration 10 / LogL: -6221.916 / Time: 0h:0m:0s
Iteration 20 / LogL: -6221.916 / Time: 0h:0m:0s
Finish initializing candidate tree set (17)
Current best tree score: -6221.916 / CPU time: 0.222
Number of iterations: 20
--------------------------------------------------------------------
|               OPTIMIZING CANDIDATE TREE SET                      |
--------------------------------------------------------------------
Iteration 30 / LogL: -6226.618 / Time: 0h:0m:0s (0h:0m:0s left)
UPDATE BEST LOG-LIKELIHOOD: -6221.916
Iteration 40 / LogL: -6221.923 / Time: 0h:0m:0s (0h:0m:0s left)
Iteration 50 / LogL: -6221.926 / Time: 0h:0m:0s (0h:0m:0s left)
Log-likelihood cutoff on original alignment: -6237.888
Iteration 60 / LogL: -6221.927 / Time: 0h:0m:0s (0h:0m:0s left)
Iteration 70 / LogL: -6221.930 / Time: 0h:0m:0s (0h:0m:0s left)
Iteration 80 / LogL: -6221.931 / Time: 0h:0m:0s (0h:0m:0s left)
Iteration 90 / LogL: -6221.922 / Time: 0h:0m:0s (0h:0m:0s left)
Iteration 100 / LogL: -6221.922 / Time: 0h:0m:0s (0h:0m:0s left)
Log-likelihood cutoff on original alignment: -6238.995
NOTE: Bootstrap correlation coefficient of split occurrence frequencies: 0.985
NOTE: UFBoot does not converge, continue at least 100 more iterations
Iteration 110 / LogL: -6221.921 / Time: 0h:0m:1s (0h:0m:0s left)
Iteration 120 / LogL: -6221.926 / Time: 0h:0m:1s (0h:0m:0s left)
UPDATE BEST LOG-LIKELIHOOD: -6221.916
Iteration 130 / LogL: -6221.935 / Time: 0h:0m:1s (0h:0m:0s left)
Iteration 140 / LogL: -6221.926 / Time: 0h:0m:1s (0h:0m:0s left)
Iteration 150 / LogL: -6221.929 / Time: 0h:0m:1s (0h:0m:0s left)
Log-likelihood cutoff on original alignment: -6240.709
Iteration 160 / LogL: -6221.935 / Time: 0h:0m:1s (0h:0m:0s left)
Iteration 170 / LogL: -6221.920 / Time: 0h:0m:1s (0h:0m:0s left)
Iteration 180 / LogL: -6221.928 / Time: 0h:0m:1s (0h:0m:0s left)
Iteration 190 / LogL: -6226.582 / Time: 0h:0m:1s (0h:0m:0s left)
Iteration 200 / LogL: -6221.929 / Time: 0h:0m:1s (0h:0m:0s left)
Log-likelihood cutoff on original alignment: -6243.269
NOTE: Bootstrap correlation coefficient of split occurrence frequencies: 0.993
TREE SEARCH COMPLETED AFTER 200 ITERATIONS / Time: 0h:0m:1s

--------------------------------------------------------------------
|                    FINALIZING TREE SEARCH                        |
--------------------------------------------------------------------
Performs final model parameters optimization
Estimate model parameters (epsilon = 0.010)
1. Initial log-likelihood: -6221.916
Optimal log-likelihood: -6221.916
Rate parameters:  A-C: 1.00000  A-G: 2.54430  A-T: 1.00000  C-G: 1.00000  C-T: 2.54430  G-T: 1.00000
Base frequencies:  A: 0.246  C: 0.308  G: 0.247  T: 0.199
Parameters optimization took 1 rounds (0.001 sec)
BEST SCORE FOUND : -6221.916
Creating bootstrap support values...
Split supports printed to NEXUS file 25209at7898.fltrd_aligned.fas.splits.nex
Total tree length: 0.051

Total number of iterations: 200
CPU time used for tree search: 1.690 sec (0h:0m:1s)
Wall-clock time used for tree search: 1.790 sec (0h:0m:1s)
Total CPU time used: 1.743 sec (0h:0m:1s)
Total wall-clock time used: 1.851 sec (0h:0m:1s)

Computing bootstrap consensus tree...
Reading input file 25209at7898.fltrd_aligned.fas.splits.nex...
19 taxa and 124 splits.
Consensus tree written to 25209at7898.fltrd_aligned.fas.contree
Reading input trees file 25209at7898.fltrd_aligned.fas.contree
Log-likelihood of consensus tree: -6221.982

Analysis results written to: 
  IQ-TREE report:                25209at7898.fltrd_aligned.fas.iqtree
  Maximum-likelihood tree:       25209at7898.fltrd_aligned.fas.treefile
  Likelihood distances:          25209at7898.fltrd_aligned.fas.mldist

Ultrafast bootstrap approximation results written to:
  Split support values:          25209at7898.fltrd_aligned.fas.splits.nex
  Consensus tree:                25209at7898.fltrd_aligned.fas.contree
  Screen log file:               25209at7898.fltrd_aligned.fas.log

Date and Time: Tue Dec  2 14:50:01 2025
