IQ-TREE multicore version 2.1.3 COVID-edition for Linux 64-bit built Apr 21 2021
Developed by Bui Quang Minh, James Barbetti, Nguyen Lam Tung,
Olga Chernomor, Heiko Schmidt, Dominik Schrempf, Michael Woodhams.

Host:    gombessa.rcs.alaska.edu (AVX2, FMA3, 503 GB RAM)
Command: /export/scratch/tsvanorden/Char_Phylogenetics/src/iqtree-2.1.3-Linux/bin/iqtree2 -s 115817at7898.fltrd_aligned.fas -m MFP -bb 1000 -T 1
Seed:    49007 (Using SPRNG - Scalable Parallel Random Number Generator)
Time:    Tue Dec  2 14:49:53 2025
Kernel:  AVX+FMA - 1 threads (1 CPU cores detected)

Reading alignment file 115817at7898.fltrd_aligned.fas ... Fasta format detected
Alignment most likely contains DNA/RNA sequences
Alignment has 20 sequences with 513 columns, 23 distinct patterns
13 parsimony-informative, 9 singleton sites, 491 constant sites
                                Gap/Ambiguity  Composition  p-value
   1  251140_Ward_Creek                 0.00%    passed     99.96%
   2  260512_Pybus_Point                0.00%    passed     99.96%
   3  261935_Kenai_River                0.00%    passed     99.96%
   4  353213_Cropley_Lake               0.00%    passed     99.96%
   5  353219_Peterson_Creek             0.00%    passed     99.96%
   6  353220_Fish_Creek                 0.00%    passed     99.96%
   7  353246_Cottonwood_Creek           0.00%    passed     99.96%
   8  353379_Skagit_River               0.00%    passed     99.85%
   9  353381_Dungeness_River            0.00%    passed     99.96%
  10  353401_Peace_River                0.00%    passed     99.85%
  11  353407_Noatok                     0.00%    passed     99.99%
  12  353410_Horizon_Lake               0.00%    passed     99.99%
  13  92319_Little_Lost                 0.00%    passed     99.85%
  14  94280_St_Joe                      0.00%    passed     99.85%
  15  GCA016432855_Lake_Trout           0.00%    passed     99.79%
  16  GCA036784925_Maine_S_alpinus      0.00%    passed     99.89%
  17  GCA045679555_Iceland_A_alpinus    0.00%    passed     99.89%
  18  GCF013265735_Rainbow_Trout        0.00%    passed     99.66%
  19  GCF029448725_Brook_Trout          0.00%    passed     99.52%
  20  Methow_River_99895                0.00%    passed     99.85%
****  TOTAL                             0.00%  0 sequences failed composition chi2 test (p-value<5%; df=3)
NOTE: 260512_Pybus_Point is identical to 251140_Ward_Creek but kept for subsequent analysis
NOTE: 353401_Peace_River is identical to 353379_Skagit_River but kept for subsequent analysis
NOTE: 353410_Horizon_Lake is identical to 353407_Noatok but kept for subsequent analysis
NOTE: GCA045679555_Iceland_A_alpinus is identical to GCA036784925_Maine_S_alpinus but kept for subsequent analysis
NOTE: 9 identical sequences (see below) will be ignored for subsequent analysis
NOTE: 261935_Kenai_River (identical to 251140_Ward_Creek) is ignored but added at the end
NOTE: 353213_Cropley_Lake (identical to 251140_Ward_Creek) is ignored but added at the end
NOTE: 353219_Peterson_Creek (identical to 251140_Ward_Creek) is ignored but added at the end
NOTE: 353220_Fish_Creek (identical to 251140_Ward_Creek) is ignored but added at the end
NOTE: 353246_Cottonwood_Creek (identical to 251140_Ward_Creek) is ignored but added at the end
NOTE: 353381_Dungeness_River (identical to 251140_Ward_Creek) is ignored but added at the end
NOTE: 92319_Little_Lost (identical to 353379_Skagit_River) is ignored but added at the end
NOTE: 94280_St_Joe (identical to 353379_Skagit_River) is ignored but added at the end
NOTE: Methow_River_99895 (identical to 353379_Skagit_River) is ignored but added at the end
Alignment was printed to 115817at7898.fltrd_aligned.fas.uniqueseq.phy

For your convenience alignment with unique sequences printed to 115817at7898.fltrd_aligned.fas.uniqueseq.phy


Create initial parsimony tree by phylogenetic likelihood library (PLL)... 0.000 seconds
Perform fast likelihood tree search using GTR+I+G model...
Estimate model parameters (epsilon = 5.000)
Perform nearest neighbor interchange...
Estimate model parameters (epsilon = 1.000)
1. Initial log-likelihood: -859.400
Optimal log-likelihood: -859.399
Rate parameters:  A-C: 1.75226  A-G: 8.13815  A-T: 3.13179  C-G: 0.83488  C-T: 5.86182  G-T: 1.00000
Base frequencies:  A: 0.250  C: 0.261  G: 0.262  T: 0.227
Proportion of invariable sites: 0.477
Gamma shape alpha: 998.448
Parameters optimization took 1 rounds (0.001 sec)
Time for fast ML tree search: 0.006 seconds

NOTE: ModelFinder requires 0 MB RAM!
ModelFinder will test up to 286 DNA models (sample size: 513) ...
 No. Model         -LnL         df  AIC          AICc         BIC
  1  GTR+F         859.081      27  1772.162     1775.280     1886.650
  2  GTR+F+I       859.081      28  1774.162     1777.517     1892.889
  3  GTR+F+G4      859.081      28  1774.162     1777.518     1892.890
  4  GTR+F+I+G4    859.398      29  1776.795     1780.398     1899.763
  5  GTR+F+R2      859.233      29  1776.466     1780.069     1899.434
  6  GTR+F+R3      859.271      31  1780.542     1784.667     1911.991
 14  SYM           859.874      24  1767.748     1770.207     1869.514
 15  SYM+I         859.874      25  1769.747     1772.416     1875.754
 16  SYM+G4        859.874      25  1769.748     1772.417     1875.755
 27  TVM+F         859.253      26  1770.506     1773.395     1880.753
 28  TVM+F+I       859.253      27  1772.506     1775.623     1886.993
 29  TVM+F+G4      859.253      27  1772.506     1775.624     1886.994
 40  TVMe          860.110      23  1766.219     1768.477     1863.745
 41  TVMe+I        860.109      24  1768.219     1770.678     1869.986
 42  TVMe+G4       860.110      24  1768.219     1770.678     1869.986
 53  TIM3+F        859.853      25  1769.706     1772.376     1875.713
 54  TIM3+F+I      859.853      26  1771.707     1774.596     1881.954
 55  TIM3+F+G4     859.854      26  1771.708     1774.597     1881.955
 66  TIM3e         860.608      22  1765.217     1767.282     1858.503
 67  TIM3e+I       860.608      23  1767.217     1769.474     1864.743
 68  TIM3e+G4      860.609      23  1767.217     1769.475     1864.744
 79  TIM2+F        859.273      25  1768.546     1771.216     1874.553
 80  TIM2+F+I      859.273      26  1770.547     1773.436     1880.794
 81  TIM2+F+G4     859.274      26  1770.547     1773.436     1880.794
 92  TIM2e         860.016      22  1764.032     1766.097     1857.318
 93  TIM2e+I       860.016      23  1766.032     1768.289     1863.558
 94  TIM2e+G4      860.016      23  1766.032     1768.290     1863.558
105  TIM+F         859.942      25  1769.885     1772.554     1875.892
106  TIM+F+I       859.943      26  1771.885     1774.774     1882.132
107  TIM+F+G4      859.943      26  1771.886     1774.774     1882.133
118  TIMe          860.647      22  1765.293     1767.359     1858.580
119  TIMe+I        860.647      23  1767.294     1769.551     1864.820
120  TIMe+G4       860.647      23  1767.294     1769.552     1864.820
131  TPM3u+F       860.024      24  1768.048     1770.507     1869.815
132  TPM3u+F+I     860.024      25  1770.048     1772.718     1876.055
133  TPM3u+F+G4    860.025      25  1770.049     1772.718     1876.056
144  TPM3+F        860.024      24  1768.048     1770.507     1869.815
145  TPM3+F+I      860.024      25  1770.048     1772.718     1876.055
146  TPM3+F+G4     860.025      25  1770.049     1772.718     1876.056
157  TPM2u+F       859.445      24  1766.889     1769.348     1868.656
158  TPM2u+F+I     859.444      25  1768.889     1771.558     1874.896
159  TPM2u+F+G4    859.445      25  1768.890     1771.559     1874.896
170  TPM2+F        859.445      24  1766.889     1769.348     1868.656
171  TPM2+F+I      859.444      25  1768.889     1771.558     1874.896
172  TPM2+F+G4     859.445      25  1768.890     1771.559     1874.896
183  K3Pu+F        860.118      24  1768.236     1770.695     1870.003
184  K3Pu+F+I      860.115      25  1770.230     1772.899     1876.237
185  K3Pu+F+G4     860.115      25  1770.231     1772.900     1876.238
196  K3P           860.886      21  1763.772     1765.654     1852.818
197  K3P+I         860.882      22  1765.764     1767.829     1859.050
198  K3P+G4        860.882      22  1765.764     1767.830     1859.051
209  TN+F          860.014      24  1768.029     1770.488     1869.795
210  TN+F+I        860.014      25  1770.028     1772.698     1876.035
211  TN+F+G4       860.014      25  1770.029     1772.698     1876.036
222  TNe           860.720      21  1763.440     1765.322     1852.486
223  TNe+I         860.720      22  1765.440     1767.505     1858.726
224  TNe+G4        860.720      22  1765.441     1767.506     1858.727
235  HKY+F         860.186      23  1766.372     1768.630     1863.898
236  HKY+F+I       860.186      24  1768.372     1770.831     1870.138
237  HKY+F+G4      860.186      24  1768.372     1770.831     1870.139
248  K2P           860.956      20  1761.911     1763.619     1846.717
249  K2P+I         860.955      21  1763.911     1765.793     1852.957
250  K2P+G4        860.956      21  1763.912     1765.793     1852.957
261  F81+F         865.779      22  1775.558     1777.623     1868.844
262  F81+F+I       865.779      23  1777.558     1779.815     1875.084
263  F81+F+G4      865.779      23  1777.558     1779.816     1875.085
274  JC            866.536      19  1771.071     1772.613     1851.636
275  JC+I          866.536      20  1773.071     1774.778     1857.877
276  JC+G4         866.536      20  1773.072     1774.779     1857.877
Akaike Information Criterion:           K2P
Corrected Akaike Information Criterion: K2P
Bayesian Information Criterion:         K2P
Best-fit model: K2P chosen according to BIC

All model information printed to 115817at7898.fltrd_aligned.fas.model.gz
CPU time for ModelFinder: 0.081 seconds (0h:0m:0s)
Wall-clock time for ModelFinder: 0.086 seconds (0h:0m:0s)
Generating 1000 samples for ultrafast bootstrap (seed: 49007)...

NOTE: 0 MB RAM (0 GB) is required!
Estimate model parameters (epsilon = 0.100)
1. Initial log-likelihood: -860.956
Optimal log-likelihood: -860.956
Rate parameters:  A-C: 1.00000  A-G: 4.28684  A-T: 1.00000  C-G: 1.00000  C-T: 4.28684  G-T: 1.00000
Base frequencies:  A: 0.250  C: 0.250  G: 0.250  T: 0.250
Parameters optimization took 1 rounds (0.000 sec)
Computing ML distances based on estimated model parameters...
Computing ML distances took 0.000299 sec (of wall-clock time) 0.000279 sec(of CPU time)
Computing RapidNJ tree took 0.000037 sec (of wall-clock time) 0.000034 sec (of CPU time)
Log-likelihood of RapidNJ tree: -860.959
--------------------------------------------------------------------
|             INITIALIZING CANDIDATE TREE SET                      |
--------------------------------------------------------------------
Generating 98 parsimony trees... 0.037 second
Computing log-likelihood of 96 initial trees ... 0.020 seconds
Current best score: -860.956

Do NNI search on 20 best initial trees
Estimate model parameters (epsilon = 0.100)
BETTER TREE FOUND at iteration 1: -860.956
Iteration 10 / LogL: -860.956 / Time: 0h:0m:0s
Iteration 20 / LogL: -860.957 / Time: 0h:0m:0s
Finish initializing candidate tree set (7)
Current best tree score: -860.956 / CPU time: 0.113
Number of iterations: 20
--------------------------------------------------------------------
|               OPTIMIZING CANDIDATE TREE SET                      |
--------------------------------------------------------------------
Iteration 30 / LogL: -860.956 / Time: 0h:0m:0s (0h:0m:0s left)
Iteration 40 / LogL: -860.960 / Time: 0h:0m:0s (0h:0m:0s left)
Iteration 50 / LogL: -860.958 / Time: 0h:0m:0s (0h:0m:0s left)
Log-likelihood cutoff on original alignment: -878.014
Iteration 60 / LogL: -860.960 / Time: 0h:0m:0s (0h:0m:0s left)
UPDATE BEST LOG-LIKELIHOOD: -860.956
Iteration 70 / LogL: -860.956 / Time: 0h:0m:0s (0h:0m:0s left)
Iteration 80 / LogL: -866.394 / Time: 0h:0m:0s (0h:0m:0s left)
Iteration 90 / LogL: -860.960 / Time: 0h:0m:0s (0h:0m:0s left)
Iteration 100 / LogL: -911.054 / Time: 0h:0m:0s (0h:0m:0s left)
Log-likelihood cutoff on original alignment: -879.177
NOTE: Bootstrap correlation coefficient of split occurrence frequencies: 0.991
TREE SEARCH COMPLETED AFTER 102 ITERATIONS / Time: 0h:0m:0s

--------------------------------------------------------------------
|                    FINALIZING TREE SEARCH                        |
--------------------------------------------------------------------
Performs final model parameters optimization
Estimate model parameters (epsilon = 0.010)
1. Initial log-likelihood: -860.956
Optimal log-likelihood: -860.955
Rate parameters:  A-C: 1.00000  A-G: 4.30282  A-T: 1.00000  C-G: 1.00000  C-T: 4.30282  G-T: 1.00000
Base frequencies:  A: 0.250  C: 0.250  G: 0.250  T: 0.250
Parameters optimization took 1 rounds (0.000 sec)
BEST SCORE FOUND : -860.955
Creating bootstrap support values...
Split supports printed to NEXUS file 115817at7898.fltrd_aligned.fas.splits.nex
Total tree length: 0.043

Total number of iterations: 102
CPU time used for tree search: 0.473 sec (0h:0m:0s)
Wall-clock time used for tree search: 0.560 sec (0h:0m:0s)
Total CPU time used: 0.503 sec (0h:0m:0s)
Total wall-clock time used: 0.599 sec (0h:0m:0s)

Computing bootstrap consensus tree...
Reading input file 115817at7898.fltrd_aligned.fas.splits.nex...
11 taxa and 82 splits.
Consensus tree written to 115817at7898.fltrd_aligned.fas.contree
Reading input trees file 115817at7898.fltrd_aligned.fas.contree
Log-likelihood of consensus tree: -860.965

Analysis results written to: 
  IQ-TREE report:                115817at7898.fltrd_aligned.fas.iqtree
  Maximum-likelihood tree:       115817at7898.fltrd_aligned.fas.treefile
  Likelihood distances:          115817at7898.fltrd_aligned.fas.mldist

Ultrafast bootstrap approximation results written to:
  Split support values:          115817at7898.fltrd_aligned.fas.splits.nex
  Consensus tree:                115817at7898.fltrd_aligned.fas.contree
  Screen log file:               115817at7898.fltrd_aligned.fas.log

Date and Time: Tue Dec  2 14:49:53 2025
