IQ-TREE multicore version 2.1.3 COVID-edition for Linux 64-bit built Apr 21 2021
Developed by Bui Quang Minh, James Barbetti, Nguyen Lam Tung,
Olga Chernomor, Heiko Schmidt, Dominik Schrempf, Michael Woodhams.

Host:    gombessa.rcs.alaska.edu (AVX2, FMA3, 503 GB RAM)
Command: /export/scratch/tsvanorden/Char_Phylogenetics/src/iqtree-2.1.3-Linux/bin/iqtree2 -s 93217at7898.fltrd_aligned.fas -m MFP -bb 1000 -T 1
Seed:    217859 (Using SPRNG - Scalable Parallel Random Number Generator)
Time:    Tue Dec  2 14:49:33 2025
Kernel:  AVX+FMA - 1 threads (1 CPU cores detected)

Reading alignment file 93217at7898.fltrd_aligned.fas ... Fasta format detected
Alignment most likely contains DNA/RNA sequences
Alignment has 20 sequences with 1020 columns, 74 distinct patterns
9 parsimony-informative, 53 singleton sites, 958 constant sites
                                Gap/Ambiguity  Composition  p-value
   1  251140_Ward_Creek                11.47%    passed     99.98%
   2  260512_Pybus_Point               11.47%    passed     99.98%
   3  261935_Kenai_River               11.47%    passed     99.98%
   4  353213_Cropley_Lake              11.47%    passed     99.98%
   5  353219_Peterson_Creek            11.47%    passed     99.98%
   6  353220_Fish_Creek                11.47%    passed     99.89%
   7  353246_Cottonwood_Creek          11.47%    passed     99.98%
   8  353379_Skagit_River              11.47%    passed     99.99%
   9  353381_Dungeness_River           15.00%    passed     99.37%
  10  353401_Peace_River               11.47%    passed     99.99%
  11  353407_Noatok                    22.06%    passed     89.63%
  12  353410_Horizon_Lake              11.47%    passed     99.98%
  13  92319_Little_Lost                11.47%    passed     99.99%
  14  94280_St_Joe                     11.76%    passed     99.86%
  15  GCA016432855_Lake_Trout          11.47%    passed     99.39%
  16  GCA036784925_Maine_S_alpinus     11.47%    passed     99.97%
  17  GCA045679555_Iceland_A_alpinus   11.47%    passed     99.98%
  18  GCF013265735_Rainbow_Trout        1.18%    passed     94.76%
  19  GCF029448725_Brook_Trout         11.18%    passed     99.90%
  20  Methow_River_99895                5.88%    passed     85.44%
****  TOTAL                            11.38%  0 sequences failed composition chi2 test (p-value<5%; df=3)
NOTE: 260512_Pybus_Point is identical to 251140_Ward_Creek but kept for subsequent analysis
NOTE: 353213_Cropley_Lake is identical to 261935_Kenai_River but kept for subsequent analysis
NOTE: 353401_Peace_River is identical to 353379_Skagit_River but kept for subsequent analysis
NOTE: 3 identical sequences (see below) will be ignored for subsequent analysis
NOTE: GCA045679555_Iceland_A_alpinus (identical to 251140_Ward_Creek) is ignored but added at the end
NOTE: 353219_Peterson_Creek (identical to 261935_Kenai_River) is ignored but added at the end
NOTE: 353246_Cottonwood_Creek (identical to 261935_Kenai_River) is ignored but added at the end
Alignment was printed to 93217at7898.fltrd_aligned.fas.uniqueseq.phy

For your convenience alignment with unique sequences printed to 93217at7898.fltrd_aligned.fas.uniqueseq.phy


Create initial parsimony tree by phylogenetic likelihood library (PLL)... 0.000 seconds
Perform fast likelihood tree search using GTR+I+G model...
Estimate model parameters (epsilon = 5.000)
Perform nearest neighbor interchange...
Estimate model parameters (epsilon = 1.000)
1. Initial log-likelihood: -1815.289
Optimal log-likelihood: -1815.288
Rate parameters:  A-C: 1.00361  A-G: 2.75530  A-T: 0.67398  C-G: 1.67707  C-T: 4.97301  G-T: 1.00000
Base frequencies:  A: 0.267  C: 0.253  G: 0.295  T: 0.186
Proportion of invariable sites: 0.468
Gamma shape alpha: 998.438
Parameters optimization took 1 rounds (0.002 sec)
Time for fast ML tree search: 0.010 seconds

NOTE: ModelFinder requires 0 MB RAM!
ModelFinder will test up to 286 DNA models (sample size: 1020) ...
 No. Model         -LnL         df  AIC          AICc         BIC
  1  GTR+F         1815.266     39  3708.531     3711.715     3900.706
  2  GTR+F+I       1815.167     40  3710.333     3713.683     3907.435
  3  GTR+F+G4      1815.177     40  3710.355     3713.705     3907.457
  4  GTR+F+I+G4    1815.288     41  3712.575     3716.097     3914.605
  5  GTR+F+R2      1815.178     41  3712.356     3715.877     3914.386
  6  GTR+F+R3      1815.206     43  3716.411     3720.288     3928.296
 14  SYM           1827.704     36  3727.409     3730.119     3904.801
 15  SYM+I         1827.622     37  3729.245     3732.108     3911.564
 16  SYM+G4        1827.632     37  3729.263     3732.127     3911.583
 27  TVM+F         1816.832     38  3709.663     3712.684     3896.910
 28  TVM+F+I       1816.719     39  3711.438     3714.622     3903.613
 29  TVM+F+G4      1816.733     39  3711.465     3714.649     3903.640
 40  TVMe          1828.148     35  3726.296     3728.857     3898.761
 41  TVMe+I        1828.062     36  3728.124     3730.834     3905.516
 42  TVMe+G4       1828.072     36  3728.143     3730.853     3905.535
 53  TIM3+F        1815.937     37  3705.875     3708.739     3888.195
 54  TIM3+F+I      1815.832     38  3707.664     3710.685     3894.911
 55  TIM3+F+G4     1815.843     38  3707.686     3710.708     3894.933
 66  TIM3e         1828.515     34  3725.030     3727.446     3892.567
 67  TIM3e+I       1828.424     35  3726.848     3729.409     3899.313
 68  TIM3e+G4      1828.436     35  3726.872     3729.433     3899.337
 79  TIM2+F        1815.862     37  3705.725     3708.588     3888.044
 80  TIM2+F+I      1815.756     38  3707.511     3710.532     3894.758
 81  TIM2+F+G4     1815.767     38  3707.534     3710.556     3894.781
 92  TIM2e         1828.851     34  3725.701     3728.117     3893.238
 93  TIM2e+I       1828.766     35  3727.532     3730.093     3899.997
 94  TIM2e+G4      1828.777     35  3727.554     3730.115     3900.018
105  TIM+F         1816.368     37  3706.736     3709.599     3889.056
106  TIM+F+I       1816.248     38  3708.496     3711.518     3895.744
107  TIM+F+G4      1816.261     38  3708.522     3711.543     3895.769
118  TIMe          1829.463     34  3726.925     3729.341     3894.462
119  TIMe+I        1829.368     35  3728.735     3731.296     3901.200
120  TIMe+G4       1829.379     35  3728.757     3731.318     3901.222
131  TPM3u+F       1817.493     36  3706.987     3709.697     3884.379
132  TPM3u+F+I     1817.385     37  3708.771     3711.634     3891.090
133  TPM3u+F+G4    1817.397     37  3708.794     3711.657     3891.113
144  TPM3+F        1817.493     36  3706.986     3709.696     3884.378
145  TPM3+F+I      1817.385     37  3708.769     3711.633     3891.089
146  TPM3+F+G4     1817.397     37  3708.794     3711.658     3891.114
157  TPM2u+F       1817.414     36  3706.829     3709.539     3884.221
158  TPM2u+F+I     1817.307     37  3708.614     3711.477     3890.933
159  TPM2u+F+G4    1817.318     37  3708.637     3711.501     3890.957
170  TPM2+F        1817.414     36  3706.828     3709.538     3884.220
171  TPM2+F+I      1817.306     37  3708.613     3711.476     3890.932
172  TPM2+F+G4     1817.318     37  3708.636     3711.499     3890.955
183  K3Pu+F        1817.918     36  3707.836     3710.546     3885.228
184  K3Pu+F+I      1817.798     37  3709.597     3712.460     3891.916
185  K3Pu+F+G4     1817.811     37  3709.621     3712.485     3891.941
196  K3P           1829.901     33  3725.803     3728.079     3888.412
197  K3P+I         1829.804     34  3727.607     3730.023     3895.144
198  K3P+G4        1829.815     34  3727.629     3730.046     3895.166
209  TN+F          1816.530     36  3705.060     3707.770     3882.452
210  TN+F+I        1816.413     37  3706.826     3709.690     3889.146
211  TN+F+G4       1816.425     37  3706.851     3709.714     3889.170
222  TNe           1829.648     33  3725.296     3727.572     3887.905
223  TNe+I         1829.555     34  3727.111     3729.527     3894.648
224  TNe+G4        1829.567     34  3727.133     3729.550     3894.670
235  HKY+F         1818.082     35  3706.164     3708.725     3878.628
236  HKY+F+I       1817.964     36  3707.927     3710.637     3885.319
237  HKY+F+G4      1817.976     36  3707.952     3710.662     3885.344
248  K2P           1830.087     32  3724.175     3726.315     3881.857
249  K2P+I         1829.991     33  3725.982     3728.258     3888.592
250  K2P+G4        1830.002     33  3726.004     3728.280     3888.614
261  F81+F         1827.928     34  3723.856     3726.273     3891.393
262  F81+F+I       1827.840     35  3725.680     3728.241     3898.144
263  F81+F+G4      1827.851     35  3725.702     3728.263     3898.166
274  JC            1840.287     31  3742.574     3744.582     3895.329
275  JC+I          1840.204     32  3744.408     3746.548     3902.090
276  JC+G4         1840.215     32  3744.429     3746.569     3902.111
Akaike Information Criterion:           TN+F
Corrected Akaike Information Criterion: TN+F
Bayesian Information Criterion:         HKY+F
Best-fit model: HKY+F chosen according to BIC

All model information printed to 93217at7898.fltrd_aligned.fas.model.gz
CPU time for ModelFinder: 0.132 seconds (0h:0m:0s)
Wall-clock time for ModelFinder: 0.145 seconds (0h:0m:0s)
Generating 1000 samples for ultrafast bootstrap (seed: 217859)...

NOTE: 0 MB RAM (0 GB) is required!
Estimate model parameters (epsilon = 0.100)
1. Initial log-likelihood: -1818.082
Optimal log-likelihood: -1818.082
Rate parameters:  A-C: 1.00000  A-G: 3.08440  A-T: 1.00000  C-G: 1.00000  C-T: 3.08440  G-T: 1.00000
Base frequencies:  A: 0.267  C: 0.253  G: 0.295  T: 0.186
Parameters optimization took 1 rounds (0.001 sec)
Computing ML distances based on estimated model parameters...
Computing ML distances took 0.001237 sec (of wall-clock time) 0.001189 sec(of CPU time)
Computing RapidNJ tree took 0.000059 sec (of wall-clock time) 0.000054 sec (of CPU time)
Log-likelihood of RapidNJ tree: -1825.311
--------------------------------------------------------------------
|             INITIALIZING CANDIDATE TREE SET                      |
--------------------------------------------------------------------
Generating 98 parsimony trees... 0.044 second
Computing log-likelihood of 98 initial trees ... 0.042 seconds
Current best score: -1817.557

Do NNI search on 20 best initial trees
Estimate model parameters (epsilon = 0.100)
BETTER TREE FOUND at iteration 1: -1817.555
BETTER TREE FOUND at iteration 3: -1817.555
UPDATE BEST LOG-LIKELIHOOD: -1817.555
UPDATE BEST LOG-LIKELIHOOD: -1817.555
BETTER TREE FOUND at iteration 9: -1817.555
Iteration 10 / LogL: -1817.555 / Time: 0h:0m:0s
BETTER TREE FOUND at iteration 11: -1817.555
UPDATE BEST LOG-LIKELIHOOD: -1817.555
Iteration 20 / LogL: -1817.555 / Time: 0h:0m:0s
Finish initializing candidate tree set (6)
Current best tree score: -1817.555 / CPU time: 0.227
Number of iterations: 20
--------------------------------------------------------------------
|               OPTIMIZING CANDIDATE TREE SET                      |
--------------------------------------------------------------------
Iteration 30 / LogL: -1817.556 / Time: 0h:0m:0s (0h:0m:0s left)
Iteration 40 / LogL: -1817.561 / Time: 0h:0m:0s (0h:0m:0s left)
Iteration 50 / LogL: -1817.557 / Time: 0h:0m:0s (0h:0m:0s left)
Log-likelihood cutoff on original alignment: -1841.132
BETTER TREE FOUND at iteration 53: -1817.555
Iteration 60 / LogL: -1817.562 / Time: 0h:0m:0s (0h:0m:0s left)
Iteration 70 / LogL: -1817.561 / Time: 0h:0m:0s (0h:0m:0s left)
Iteration 80 / LogL: -1817.562 / Time: 0h:0m:0s (0h:0m:0s left)
UPDATE BEST LOG-LIKELIHOOD: -1817.554
Iteration 90 / LogL: -1822.541 / Time: 0h:0m:0s (0h:0m:0s left)
UPDATE BEST LOG-LIKELIHOOD: -1817.554
UPDATE BEST LOG-LIKELIHOOD: -1817.554
Iteration 100 / LogL: -1817.554 / Time: 0h:0m:0s (0h:0m:0s left)
Log-likelihood cutoff on original alignment: -1841.604
NOTE: Bootstrap correlation coefficient of split occurrence frequencies: 0.992
Iteration 110 / LogL: -1817.556 / Time: 0h:0m:0s (0h:0m:0s left)
UPDATE BEST LOG-LIKELIHOOD: -1817.554
Iteration 120 / LogL: -1817.554 / Time: 0h:0m:1s (0h:0m:0s left)
Iteration 130 / LogL: -1832.185 / Time: 0h:0m:1s (0h:0m:0s left)
Iteration 140 / LogL: -1817.555 / Time: 0h:0m:1s (0h:0m:0s left)
Iteration 150 / LogL: -1824.304 / Time: 0h:0m:1s (0h:0m:0s left)
Log-likelihood cutoff on original alignment: -1843.282
TREE SEARCH COMPLETED AFTER 154 ITERATIONS / Time: 0h:0m:1s

--------------------------------------------------------------------
|                    FINALIZING TREE SEARCH                        |
--------------------------------------------------------------------
Performs final model parameters optimization
Estimate model parameters (epsilon = 0.010)
1. Initial log-likelihood: -1817.554
Optimal log-likelihood: -1817.554
Rate parameters:  A-C: 1.00000  A-G: 3.08888  A-T: 1.00000  C-G: 1.00000  C-T: 3.08888  G-T: 1.00000
Base frequencies:  A: 0.267  C: 0.253  G: 0.295  T: 0.186
Parameters optimization took 1 rounds (0.000 sec)
BEST SCORE FOUND : -1817.554
Creating bootstrap support values...
Split supports printed to NEXUS file 93217at7898.fltrd_aligned.fas.splits.nex
Total tree length: 0.072

Total number of iterations: 154
CPU time used for tree search: 1.222 sec (0h:0m:1s)
Wall-clock time used for tree search: 1.333 sec (0h:0m:1s)
Total CPU time used: 1.269 sec (0h:0m:1s)
Total wall-clock time used: 1.390 sec (0h:0m:1s)

Computing bootstrap consensus tree...
Reading input file 93217at7898.fltrd_aligned.fas.splits.nex...
17 taxa and 226 splits.
Consensus tree written to 93217at7898.fltrd_aligned.fas.contree
Reading input trees file 93217at7898.fltrd_aligned.fas.contree
Log-likelihood of consensus tree: -1817.579

Analysis results written to: 
  IQ-TREE report:                93217at7898.fltrd_aligned.fas.iqtree
  Maximum-likelihood tree:       93217at7898.fltrd_aligned.fas.treefile
  Likelihood distances:          93217at7898.fltrd_aligned.fas.mldist

Ultrafast bootstrap approximation results written to:
  Split support values:          93217at7898.fltrd_aligned.fas.splits.nex
  Consensus tree:                93217at7898.fltrd_aligned.fas.contree
  Screen log file:               93217at7898.fltrd_aligned.fas.log

Date and Time: Tue Dec  2 14:49:34 2025
