IQ-TREE multicore version 2.1.3 COVID-edition for Linux 64-bit built Apr 21 2021
Developed by Bui Quang Minh, James Barbetti, Nguyen Lam Tung,
Olga Chernomor, Heiko Schmidt, Dominik Schrempf, Michael Woodhams.

Host:    gombessa.rcs.alaska.edu (AVX2, FMA3, 503 GB RAM)
Command: /export/scratch/tsvanorden/Char_Phylogenetics/src/iqtree-2.1.3-Linux/bin/iqtree2 -s 68657at7898.fltrd_aligned.fas -m MFP -bb 1000 -T 1
Seed:    26835 (Using SPRNG - Scalable Parallel Random Number Generator)
Time:    Tue Dec  2 14:50:04 2025
Kernel:  AVX+FMA - 1 threads (1 CPU cores detected)

Reading alignment file 68657at7898.fltrd_aligned.fas ... Fasta format detected
Alignment most likely contains DNA/RNA sequences
Alignment has 20 sequences with 2106 columns, 57 distinct patterns
6 parsimony-informative, 63 singleton sites, 2037 constant sites
                                Gap/Ambiguity  Composition  p-value
   1  251140_Ward_Creek                28.49%    passed     99.52%
   2  260512_Pybus_Point               28.49%    passed     99.52%
   3  261935_Kenai_River               28.49%    passed     99.52%
   4  353213_Cropley_Lake              28.49%    passed     99.12%
   5  353219_Peterson_Creek            28.49%    passed     99.52%
   6  353220_Fish_Creek                28.49%    passed     99.52%
   7  353246_Cottonwood_Creek           0.00%    passed      6.47%
   8  353379_Skagit_River              28.96%    passed     95.55%
   9  353381_Dungeness_River           31.48%    passed     97.09%
  10  353401_Peace_River               28.49%    passed     96.98%
  11  353407_Noatok                     0.00%    failed      1.85%
  12  353410_Horizon_Lake              28.49%    passed     97.97%
  13  92319_Little_Lost                28.49%    passed     96.98%
  14  94280_St_Joe                     28.49%    passed     96.98%
  15  GCA016432855_Lake_Trout          28.49%    passed     95.85%
  16  GCA036784925_Maine_S_alpinus     28.49%    passed     97.97%
  17  GCA045679555_Iceland_A_alpinus   28.49%    passed     98.70%
  18  GCF013265735_Rainbow_Trout       29.06%    passed     99.81%
  19  GCF029448725_Brook_Trout         31.48%    passed     93.48%
  20  Methow_River_99895               28.49%    passed     96.98%
****  TOTAL                            25.99%  1 sequences failed composition chi2 test (p-value<5%; df=3)
NOTE: 260512_Pybus_Point is identical to 251140_Ward_Creek but kept for subsequent analysis
NOTE: 92319_Little_Lost is identical to 353401_Peace_River but kept for subsequent analysis
NOTE: GCA036784925_Maine_S_alpinus is identical to 353410_Horizon_Lake but kept for subsequent analysis
NOTE: 5 identical sequences (see below) will be ignored for subsequent analysis
NOTE: 261935_Kenai_River (identical to 251140_Ward_Creek) is ignored but added at the end
NOTE: 353219_Peterson_Creek (identical to 251140_Ward_Creek) is ignored but added at the end
NOTE: 353220_Fish_Creek (identical to 251140_Ward_Creek) is ignored but added at the end
NOTE: 94280_St_Joe (identical to 353401_Peace_River) is ignored but added at the end
NOTE: Methow_River_99895 (identical to 353401_Peace_River) is ignored but added at the end
Alignment was printed to 68657at7898.fltrd_aligned.fas.uniqueseq.phy

For your convenience alignment with unique sequences printed to 68657at7898.fltrd_aligned.fas.uniqueseq.phy


Create initial parsimony tree by phylogenetic likelihood library (PLL)... 0.000 seconds
Perform fast likelihood tree search using GTR+I+G model...
Estimate model parameters (epsilon = 5.000)
Perform nearest neighbor interchange...
Estimate model parameters (epsilon = 1.000)
1. Initial log-likelihood: -3377.705
Optimal log-likelihood: -3377.705
Rate parameters:  A-C: 3.27143  A-G: 5.51090  A-T: 2.58081  C-G: 0.97140  C-T: 3.60276  G-T: 1.00000
Base frequencies:  A: 0.277  C: 0.237  G: 0.250  T: 0.235
Proportion of invariable sites: 0.484
Gamma shape alpha: 998.385
Parameters optimization took 1 rounds (0.002 sec)
Time for fast ML tree search: 0.013 seconds

NOTE: ModelFinder requires 0 MB RAM!
ModelFinder will test up to 286 DNA models (sample size: 2106) ...
 No. Model         -LnL         df  AIC          AICc         BIC
  1  GTR+F         3378.038     35  6826.076     6827.294     7023.915
  2  GTR+F+I       3377.703     36  6827.406     6828.694     7030.898
  3  GTR+F+G4      3377.711     36  6827.421     6828.709     7030.913
  4  GTR+F+I+G4    3377.705     37  6829.409     6830.769     7038.553
  5  GTR+F+R2      3377.761     37  6829.522     6830.882     7038.667
  6  GTR+F+R3      3377.725     39  6833.450     6834.960     7053.900
 14  SYM           3391.064     32  6846.128     6847.146     7027.009
 15  SYM+I         3390.706     33  6847.411     6848.494     7033.945
 16  SYM+G4        3390.713     33  6847.426     6848.509     7033.960
 27  TVM+F         3378.841     34  6825.681     6826.831     7017.868
 28  TVM+F+I       3378.471     35  6826.942     6828.159     7024.781
 29  TVM+F+G4      3378.480     35  6826.959     6828.177     7024.798
 40  TVMe          3392.327     31  6846.654     6847.610     7021.883
 41  TVMe+I        3391.936     32  6847.872     6848.890     7028.753
 42  TVMe+G4       3391.944     32  6847.889     6848.907     7028.770
 53  TIM3+F        3381.839     33  6829.677     6830.761     7016.212
 54  TIM3+F+I      3381.573     34  6831.145     6832.295     7023.332
 55  TIM3+F+G4     3381.580     34  6831.161     6832.310     7023.347
 66  TIM3e         3395.231     30  6850.463     6851.359     7020.039
 67  TIM3e+I       3394.966     31  6851.931     6852.888     7027.160
 68  TIM3e+G4      3394.971     31  6851.943     6852.899     7027.172
 79  TIM2+F        3378.207     33  6822.415     6823.498     7008.949
 80  TIM2+F+I      3377.871     34  6823.742     6824.891     7015.928
 81  TIM2+F+G4     3377.878     34  6823.755     6824.905     7015.942
 92  TIM2e         3391.248     30  6842.497     6843.393     7012.073
 93  TIM2e+I       3390.892     31  6843.783     6844.740     7019.012
 94  TIM2e+G4      3390.899     31  6843.799     6844.755     7019.027
105  TIM+F         3381.821     33  6829.642     6830.725     7016.176
106  TIM+F+I       3381.543     34  6831.087     6832.236     7023.273
107  TIM+F+G4      3381.551     34  6831.102     6832.251     7023.289
118  TIMe          3395.217     30  6850.434     6851.331     7020.011
119  TIMe+I        3394.934     31  6851.869     6852.825     7027.098
120  TIMe+G4       3394.943     31  6851.886     6852.843     7027.115
131  TPM3u+F       3382.637     32  6829.273     6830.292     7010.155
132  TPM3u+F+I     3382.340     33  6830.681     6831.764     7017.215
133  TPM3u+F+G4    3382.349     33  6830.699     6831.782     7017.233
144  TPM3+F        3382.637     32  6829.273     6830.292     7010.155
145  TPM3+F+I      3382.340     33  6830.681     6831.764     7017.215
146  TPM3+F+G4     3382.349     33  6830.699     6831.782     7017.233
157  TPM2u+F       3379.011     32  6822.022     6823.040     7002.903
158  TPM2u+F+I     3378.641     33  6823.282     6824.365     7009.816
159  TPM2u+F+G4    3378.649     33  6823.298     6824.381     7009.832
170  TPM2+F        3379.010     32  6822.021     6823.039     7002.902
171  TPM2+F+I      3378.640     33  6823.280     6824.363     7009.814
172  TPM2+F+G4     3378.648     33  6823.296     6824.379     7009.830
183  K3Pu+F        3382.620     32  6829.240     6830.259     7010.122
184  K3Pu+F+I      3382.311     33  6830.622     6831.705     7017.156
185  K3Pu+F+G4     3382.320     33  6830.640     6831.723     7017.174
196  K3P           3396.479     29  6850.959     6851.797     7014.882
197  K3P+I         3396.160     30  6852.319     6853.215     7021.895
198  K3P+G4        3396.168     30  6852.337     6853.233     7021.913
209  TN+F          3381.963     32  6827.925     6828.944     7008.807
210  TN+F+I        3381.690     33  6829.380     6830.463     7015.914
211  TN+F+G4       3381.697     33  6829.395     6830.478     7015.929
222  TNe           3395.359     29  6848.719     6849.557     7012.643
223  TNe+I         3395.083     30  6850.166     6851.062     7019.742
224  TNe+G4        3395.090     30  6850.180     6851.076     7019.756
235  HKY+F         3382.761     31  6827.522     6828.478     7002.751
236  HKY+F+I       3382.457     32  6828.915     6829.934     7009.796
237  HKY+F+G4      3382.466     32  6828.932     6829.951     7009.814
248  K2P           3396.621     28  6849.242     6850.024     7007.513
249  K2P+I         3396.307     29  6850.614     6851.453     7014.538
250  K2P+G4        3396.316     29  6850.632     6851.470     7014.556
261  F81+F         3388.778     30  6837.557     6838.453     7007.133
262  F81+F+I       3388.464     31  6838.929     6839.885     7014.158
263  F81+F+G4      3388.470     31  6838.939     6839.896     7014.168
274  JC            3402.711     27  6859.421     6860.149     7012.040
275  JC+I          3402.396     28  6860.793     6861.575     7019.064
276  JC+G4         3402.402     28  6860.804     6861.585     7019.075
Akaike Information Criterion:           TPM2+F
Corrected Akaike Information Criterion: TPM2+F
Bayesian Information Criterion:         HKY+F
Best-fit model: HKY+F chosen according to BIC

All model information printed to 68657at7898.fltrd_aligned.fas.model.gz
CPU time for ModelFinder: 0.103 seconds (0h:0m:0s)
Wall-clock time for ModelFinder: 0.109 seconds (0h:0m:0s)
Generating 1000 samples for ultrafast bootstrap (seed: 26835)...

NOTE: 0 MB RAM (0 GB) is required!
Estimate model parameters (epsilon = 0.100)
1. Initial log-likelihood: -3382.761
Optimal log-likelihood: -3382.761
Rate parameters:  A-C: 1.00000  A-G: 2.30615  A-T: 1.00000  C-G: 1.00000  C-T: 2.30615  G-T: 1.00000
Base frequencies:  A: 0.277  C: 0.237  G: 0.250  T: 0.235
Parameters optimization took 1 rounds (0.000 sec)
Computing ML distances based on estimated model parameters...
Computing ML distances took 0.000768 sec (of wall-clock time) 0.000728 sec(of CPU time)
Computing RapidNJ tree took 0.000050 sec (of wall-clock time) 0.000000 sec (of CPU time)
Log-likelihood of RapidNJ tree: -3402.692
--------------------------------------------------------------------
|             INITIALIZING CANDIDATE TREE SET                      |
--------------------------------------------------------------------
Generating 98 parsimony trees... 0.026 second
Computing log-likelihood of 98 initial trees ... 0.036 seconds
Current best score: -3382.761

Do NNI search on 20 best initial trees
Estimate model parameters (epsilon = 0.100)
BETTER TREE FOUND at iteration 1: -3382.761
Iteration 10 / LogL: -3382.761 / Time: 0h:0m:0s
Iteration 20 / LogL: -3382.761 / Time: 0h:0m:0s
Finish initializing candidate tree set (14)
Current best tree score: -3382.761 / CPU time: 0.142
Number of iterations: 20
--------------------------------------------------------------------
|               OPTIMIZING CANDIDATE TREE SET                      |
--------------------------------------------------------------------
Iteration 30 / LogL: -3382.770 / Time: 0h:0m:0s (0h:0m:0s left)
UPDATE BEST LOG-LIKELIHOOD: -3382.761
Iteration 40 / LogL: -3382.761 / Time: 0h:0m:0s (0h:0m:0s left)
Iteration 50 / LogL: -3382.767 / Time: 0h:0m:0s (0h:0m:0s left)
Log-likelihood cutoff on original alignment: -3400.662
Iteration 60 / LogL: -3382.768 / Time: 0h:0m:0s (0h:0m:0s left)
Iteration 70 / LogL: -3382.763 / Time: 0h:0m:0s (0h:0m:0s left)
Iteration 80 / LogL: -3382.765 / Time: 0h:0m:0s (0h:0m:0s left)
Iteration 90 / LogL: -3382.769 / Time: 0h:0m:0s (0h:0m:0s left)
Iteration 100 / LogL: -3382.761 / Time: 0h:0m:0s (0h:0m:0s left)
Log-likelihood cutoff on original alignment: -3402.722
NOTE: Bootstrap correlation coefficient of split occurrence frequencies: 0.944
NOTE: UFBoot does not converge, continue at least 100 more iterations
Iteration 110 / LogL: -3384.734 / Time: 0h:0m:0s (0h:0m:0s left)
Iteration 120 / LogL: -3382.765 / Time: 0h:0m:0s (0h:0m:0s left)
Iteration 130 / LogL: -3382.761 / Time: 0h:0m:0s (0h:0m:0s left)
Iteration 140 / LogL: -3382.767 / Time: 0h:0m:0s (0h:0m:0s left)
Iteration 150 / LogL: -3382.764 / Time: 0h:0m:0s (0h:0m:0s left)
Log-likelihood cutoff on original alignment: -3403.592
Iteration 160 / LogL: -3382.769 / Time: 0h:0m:1s (0h:0m:0s left)
UPDATE BEST LOG-LIKELIHOOD: -3382.761
Iteration 170 / LogL: -3382.763 / Time: 0h:0m:1s (0h:0m:0s left)
Iteration 180 / LogL: -3382.767 / Time: 0h:0m:1s (0h:0m:0s left)
Iteration 190 / LogL: -3382.763 / Time: 0h:0m:1s (0h:0m:0s left)
Iteration 200 / LogL: -3390.362 / Time: 0h:0m:1s (0h:0m:0s left)
Log-likelihood cutoff on original alignment: -3406.401
NOTE: Bootstrap correlation coefficient of split occurrence frequencies: 0.986
NOTE: UFBoot does not converge, continue at least 100 more iterations
Iteration 210 / LogL: -3382.763 / Time: 0h:0m:1s (0h:0m:0s left)
Iteration 220 / LogL: -3382.764 / Time: 0h:0m:1s (0h:0m:0s left)
Iteration 230 / LogL: -3382.769 / Time: 0h:0m:1s (0h:0m:0s left)
UPDATE BEST LOG-LIKELIHOOD: -3382.761
Iteration 240 / LogL: -3382.763 / Time: 0h:0m:1s (0h:0m:0s left)
Iteration 250 / LogL: -3382.765 / Time: 0h:0m:1s (0h:0m:0s left)
Log-likelihood cutoff on original alignment: -3407.079
Iteration 260 / LogL: -3382.772 / Time: 0h:0m:1s (0h:0m:0s left)
Iteration 270 / LogL: -3382.763 / Time: 0h:0m:1s (0h:0m:0s left)
Iteration 280 / LogL: -3382.762 / Time: 0h:0m:1s (0h:0m:0s left)
Iteration 290 / LogL: -3382.762 / Time: 0h:0m:1s (0h:0m:0s left)
Iteration 300 / LogL: -3382.761 / Time: 0h:0m:2s (0h:0m:0s left)
Log-likelihood cutoff on original alignment: -3410.269
NOTE: Bootstrap correlation coefficient of split occurrence frequencies: 0.984
NOTE: UFBoot does not converge, continue at least 100 more iterations
Iteration 310 / LogL: -3382.763 / Time: 0h:0m:2s (0h:0m:0s left)
Iteration 320 / LogL: -3382.762 / Time: 0h:0m:2s (0h:0m:0s left)
Iteration 330 / LogL: -3382.766 / Time: 0h:0m:2s (0h:0m:0s left)
Iteration 340 / LogL: -3382.764 / Time: 0h:0m:2s (0h:0m:0s left)
Iteration 350 / LogL: -3382.768 / Time: 0h:0m:2s (0h:0m:0s left)
Log-likelihood cutoff on original alignment: -3411.288
Iteration 360 / LogL: -3391.043 / Time: 0h:0m:2s (0h:0m:0s left)
Iteration 370 / LogL: -3382.763 / Time: 0h:0m:2s (0h:0m:0s left)
Iteration 380 / LogL: -3382.765 / Time: 0h:0m:2s (0h:0m:0s left)
Iteration 390 / LogL: -3382.765 / Time: 0h:0m:2s (0h:0m:0s left)
Iteration 400 / LogL: -3382.767 / Time: 0h:0m:2s (0h:0m:0s left)
Log-likelihood cutoff on original alignment: -3411.436
NOTE: Bootstrap correlation coefficient of split occurrence frequencies: 0.990
NOTE: UFBoot does not converge, continue at least 100 more iterations
Iteration 410 / LogL: -3382.763 / Time: 0h:0m:2s (0h:0m:0s left)
Iteration 420 / LogL: -3382.767 / Time: 0h:0m:2s (0h:0m:0s left)
Iteration 430 / LogL: -3382.764 / Time: 0h:0m:2s (0h:0m:0s left)
UPDATE BEST LOG-LIKELIHOOD: -3382.761
Iteration 440 / LogL: -3382.763 / Time: 0h:0m:3s (0h:0m:0s left)
Iteration 450 / LogL: -3382.761 / Time: 0h:0m:3s (0h:0m:0s left)
Log-likelihood cutoff on original alignment: -3414.091
Iteration 460 / LogL: -3382.761 / Time: 0h:0m:3s (0h:0m:0s left)
Iteration 470 / LogL: -3384.723 / Time: 0h:0m:3s (0h:0m:0s left)
Iteration 480 / LogL: -3382.761 / Time: 0h:0m:3s (0h:0m:0s left)
Iteration 490 / LogL: -3382.763 / Time: 0h:0m:3s (0h:0m:0s left)
Iteration 500 / LogL: -3382.764 / Time: 0h:0m:3s (0h:0m:0s left)
Log-likelihood cutoff on original alignment: -3414.513
NOTE: Bootstrap correlation coefficient of split occurrence frequencies: 0.976
NOTE: UFBoot does not converge, continue at least 100 more iterations
Iteration 510 / LogL: -3382.763 / Time: 0h:0m:3s (0h:0m:0s left)
Iteration 520 / LogL: -3382.765 / Time: 0h:0m:3s (0h:0m:0s left)
Iteration 530 / LogL: -3384.734 / Time: 0h:0m:3s (0h:0m:0s left)
Iteration 540 / LogL: -3382.765 / Time: 0h:0m:3s (0h:0m:0s left)
Iteration 550 / LogL: -3382.773 / Time: 0h:0m:3s (0h:0m:0s left)
Log-likelihood cutoff on original alignment: -3415.623
Iteration 560 / LogL: -3382.765 / Time: 0h:0m:4s (0h:0m:0s left)
Iteration 570 / LogL: -3382.765 / Time: 0h:0m:4s (0h:0m:0s left)
Iteration 580 / LogL: -3382.764 / Time: 0h:0m:4s (0h:0m:0s left)
Iteration 590 / LogL: -3382.767 / Time: 0h:0m:4s (0h:0m:0s left)
Iteration 600 / LogL: -3382.761 / Time: 0h:0m:4s (0h:0m:0s left)
Log-likelihood cutoff on original alignment: -3416.158
NOTE: Bootstrap correlation coefficient of split occurrence frequencies: 0.979
NOTE: UFBoot does not converge, continue at least 100 more iterations
Iteration 610 / LogL: -3382.763 / Time: 0h:0m:4s (0h:0m:0s left)
Iteration 620 / LogL: -3391.047 / Time: 0h:0m:4s (0h:0m:0s left)
Iteration 630 / LogL: -3382.765 / Time: 0h:0m:4s (0h:0m:0s left)
Iteration 640 / LogL: -3382.764 / Time: 0h:0m:4s (0h:0m:0s left)
Iteration 650 / LogL: -3382.763 / Time: 0h:0m:4s (0h:0m:0s left)
Log-likelihood cutoff on original alignment: -3416.158
UPDATE BEST LOG-LIKELIHOOD: -3382.761
UPDATE BEST LOG-LIKELIHOOD: -3382.761
Iteration 660 / LogL: -3382.763 / Time: 0h:0m:5s (0h:0m:0s left)
Iteration 670 / LogL: -3382.767 / Time: 0h:0m:5s (0h:0m:0s left)
Iteration 680 / LogL: -3382.765 / Time: 0h:0m:5s (0h:0m:0s left)
Iteration 690 / LogL: -3382.761 / Time: 0h:0m:5s (0h:0m:0s left)
UPDATE BEST LOG-LIKELIHOOD: -3382.761
Iteration 700 / LogL: -3382.767 / Time: 0h:0m:5s (0h:0m:0s left)
Log-likelihood cutoff on original alignment: -3416.158
NOTE: Bootstrap correlation coefficient of split occurrence frequencies: 0.988
NOTE: UFBoot does not converge, continue at least 100 more iterations
Iteration 710 / LogL: -3382.769 / Time: 0h:0m:5s (0h:0m:0s left)
Iteration 720 / LogL: -3382.775 / Time: 0h:0m:5s (0h:0m:0s left)
Iteration 730 / LogL: -3382.765 / Time: 0h:0m:5s (0h:0m:0s left)
Iteration 740 / LogL: -3382.766 / Time: 0h:0m:5s (0h:0m:0s left)
Iteration 750 / LogL: -3382.765 / Time: 0h:0m:6s (0h:0m:0s left)
Log-likelihood cutoff on original alignment: -3418.101
Iteration 760 / LogL: -3382.763 / Time: 0h:0m:6s (0h:0m:0s left)
Iteration 770 / LogL: -3382.761 / Time: 0h:0m:6s (0h:0m:0s left)
Iteration 780 / LogL: -3382.763 / Time: 0h:0m:6s (0h:0m:0s left)
Iteration 790 / LogL: -3382.765 / Time: 0h:0m:6s (0h:0m:0s left)
Iteration 800 / LogL: -3382.766 / Time: 0h:0m:6s (0h:0m:0s left)
Log-likelihood cutoff on original alignment: -3419.157
NOTE: Bootstrap correlation coefficient of split occurrence frequencies: 0.992
TREE SEARCH COMPLETED AFTER 800 ITERATIONS / Time: 0h:0m:6s

--------------------------------------------------------------------
|                    FINALIZING TREE SEARCH                        |
--------------------------------------------------------------------
Performs final model parameters optimization
Estimate model parameters (epsilon = 0.010)
1. Initial log-likelihood: -3382.761
Optimal log-likelihood: -3382.761
Rate parameters:  A-C: 1.00000  A-G: 2.30615  A-T: 1.00000  C-G: 1.00000  C-T: 2.30615  G-T: 1.00000
Base frequencies:  A: 0.277  C: 0.237  G: 0.250  T: 0.235
Parameters optimization took 1 rounds (0.000 sec)
BEST SCORE FOUND : -3382.761
Creating bootstrap support values...
Split supports printed to NEXUS file 68657at7898.fltrd_aligned.fas.splits.nex
Total tree length: 0.045

Total number of iterations: 800
CPU time used for tree search: 6.471 sec (0h:0m:6s)
Wall-clock time used for tree search: 6.617 sec (0h:0m:6s)
Total CPU time used: 6.509 sec (0h:0m:6s)
Total wall-clock time used: 6.671 sec (0h:0m:6s)

Computing bootstrap consensus tree...
Reading input file 68657at7898.fltrd_aligned.fas.splits.nex...
15 taxa and 230 splits.
Consensus tree written to 68657at7898.fltrd_aligned.fas.contree
Reading input trees file 68657at7898.fltrd_aligned.fas.contree
Log-likelihood of consensus tree: -3382.804

Analysis results written to: 
  IQ-TREE report:                68657at7898.fltrd_aligned.fas.iqtree
  Maximum-likelihood tree:       68657at7898.fltrd_aligned.fas.treefile
  Likelihood distances:          68657at7898.fltrd_aligned.fas.mldist

Ultrafast bootstrap approximation results written to:
  Split support values:          68657at7898.fltrd_aligned.fas.splits.nex
  Consensus tree:                68657at7898.fltrd_aligned.fas.contree
  Screen log file:               68657at7898.fltrd_aligned.fas.log

Date and Time: Tue Dec  2 14:50:10 2025
