IQ-TREE multicore version 2.1.3 COVID-edition for Linux 64-bit built Apr 21 2021
Developed by Bui Quang Minh, James Barbetti, Nguyen Lam Tung,
Olga Chernomor, Heiko Schmidt, Dominik Schrempf, Michael Woodhams.

Host:    gombessa.rcs.alaska.edu (AVX2, FMA3, 503 GB RAM)
Command: /export/scratch/tsvanorden/Char_Phylogenetics/src/iqtree-2.1.3-Linux/bin/iqtree2 -s 33929at7898.fltrd_aligned.fas -m MFP -bb 1000 -T 1
Seed:    25499 (Using SPRNG - Scalable Parallel Random Number Generator)
Time:    Tue Dec  2 14:50:04 2025
Kernel:  AVX+FMA - 1 threads (1 CPU cores detected)

Reading alignment file 33929at7898.fltrd_aligned.fas ... Fasta format detected
Alignment most likely contains DNA/RNA sequences
Alignment has 20 sequences with 1860 columns, 69 distinct patterns
19 parsimony-informative, 45 singleton sites, 1796 constant sites
                                Gap/Ambiguity  Composition  p-value
   1  251140_Ward_Creek                 0.00%    passed     99.98%
   2  260512_Pybus_Point                0.00%    passed    100.00%
   3  261935_Kenai_River                3.87%    passed     99.90%
   4  353213_Cropley_Lake               0.00%    passed     99.98%
   5  353219_Peterson_Creek             0.00%    passed     99.93%
   6  353220_Fish_Creek                 0.00%    passed     99.98%
   7  353246_Cottonwood_Creek           3.87%    passed     99.90%
   8  353379_Skagit_River               4.03%    passed     98.97%
   9  353381_Dungeness_River           17.74%    passed     98.29%
  10  353401_Peace_River                3.87%    passed     99.79%
  11  353407_Noatok                     3.87%    passed     99.85%
  12  353410_Horizon_Lake               0.00%    passed     99.55%
  13  92319_Little_Lost                10.48%    passed     87.51%
  14  94280_St_Joe                      7.58%    passed     90.19%
  15  GCA016432855_Lake_Trout           0.00%    passed     99.68%
  16  GCA036784925_Maine_S_alpinus      0.00%    passed     99.97%
  17  GCA045679555_Iceland_A_alpinus    0.00%    passed     99.55%
  18  GCF013265735_Rainbow_Trout        0.16%    passed     93.62%
  19  GCF029448725_Brook_Trout          0.16%    passed     99.35%
  20  Methow_River_99895                0.00%    passed     99.97%
****  TOTAL                             2.78%  0 sequences failed composition chi2 test (p-value<5%; df=3)
NOTE: 353213_Cropley_Lake is identical to 251140_Ward_Creek but kept for subsequent analysis
NOTE: 353246_Cottonwood_Creek is identical to 261935_Kenai_River but kept for subsequent analysis
NOTE: GCA045679555_Iceland_A_alpinus is identical to 353410_Horizon_Lake but kept for subsequent analysis
NOTE: 1 identical sequences (see below) will be ignored for subsequent analysis
NOTE: 353220_Fish_Creek (identical to 251140_Ward_Creek) is ignored but added at the end
Alignment was printed to 33929at7898.fltrd_aligned.fas.uniqueseq.phy

For your convenience alignment with unique sequences printed to 33929at7898.fltrd_aligned.fas.uniqueseq.phy


Create initial parsimony tree by phylogenetic likelihood library (PLL)... 0.000 seconds
Perform fast likelihood tree search using GTR+I+G model...
Estimate model parameters (epsilon = 5.000)
Perform nearest neighbor interchange...
Estimate model parameters (epsilon = 1.000)
1. Initial log-likelihood: -3078.448
Optimal log-likelihood: -3078.444
Rate parameters:  A-C: 1.93436  A-G: 3.06990  A-T: 2.55311  C-G: 0.23999  C-T: 4.61761  G-T: 1.00000
Base frequencies:  A: 0.255  C: 0.267  G: 0.255  T: 0.223
Proportion of invariable sites: 0.484
Gamma shape alpha: 0.020
Parameters optimization took 1 rounds (0.002 sec)
Time for fast ML tree search: 0.017 seconds

NOTE: ModelFinder requires 0 MB RAM!
ModelFinder will test up to 286 DNA models (sample size: 1860) ...
 No. Model         -LnL         df  AIC          AICc         BIC
  1  GTR+F         3092.068     43  6270.135     6272.219     6507.854
  2  GTR+F+I       3078.083     44  6244.166     6246.348     6487.413
  3  GTR+F+G4      3081.560     44  6251.120     6253.302     6494.366
  4  GTR+F+I+G4    3078.439     45  6246.878     6249.160     6495.653
  5  GTR+F+R2      3088.709     45  6267.419     6269.701     6516.194
  6  GTR+F+R3      3079.285     47  6252.570     6255.060     6512.401
  7  GTR+F+R4      3078.950     49  6255.901     6258.608     6526.789
 15  SYM+I         3081.554     41  6245.108     6247.003     6471.770
 16  SYM+G4        3084.788     41  6251.577     6253.471     6478.239
 17  SYM+I+G4      3081.822     42  6247.643     6249.631     6479.833
 28  TVM+F+I       3078.908     43  6243.816     6245.900     6481.535
 29  TVM+F+G4      3082.076     43  6250.151     6252.235     6487.869
 30  TVM+F+I+G4    3079.148     44  6246.296     6248.477     6489.542
 41  TVMe+I        3082.128     40  6244.257     6246.060     6465.390
 42  TVMe+G4       3085.148     40  6250.295     6252.099     6471.429
 43  TVMe+I+G4     3082.323     41  6246.645     6248.540     6473.307
 54  TIM3+F+I      3084.017     42  6252.033     6254.021     6484.223
 55  TIM3+F+G4     3087.173     42  6258.346     6260.334     6490.536
 56  TIM3+F+I+G4   3084.273     43  6254.546     6256.630     6492.264
 67  TIM3e+I       3087.478     39  6252.957     6254.671     6468.562
 68  TIM3e+G4      3090.412     39  6258.824     6260.538     6474.429
 69  TIM3e+I+G4    3087.663     40  6255.326     6257.130     6476.460
 80  TIM2+F+I      3079.638     42  6243.276     6245.263     6475.465
 81  TIM2+F+G4     3082.779     42  6249.557     6251.545     6481.747
 82  TIM2+F+I+G4   3079.874     43  6245.747     6247.831     6483.466
 93  TIM2e+I       3082.692     39  6243.383     6245.098     6458.988
 94  TIM2e+G4      3085.723     39  6249.445     6251.160     6465.050
 95  TIM2e+I+G4    3082.893     40  6245.786     6247.590     6466.920
106  TIM+F+I       3084.812     42  6253.624     6255.612     6485.814
107  TIM+F+G4      3087.704     42  6259.408     6261.395     6491.597
108  TIM+F+I+G4    3084.980     43  6255.961     6258.044     6493.679
119  TIMe+I        3087.886     39  6253.772     6255.486     6469.377
120  TIMe+G4       3090.661     39  6259.322     6261.036     6474.927
121  TIMe+I+G4     3088.025     40  6256.049     6257.852     6477.182
132  TPM3u+F+I     3084.845     41  6251.690     6253.584     6478.351
133  TPM3u+F+G4    3087.706     41  6257.412     6259.306     6484.073
134  TPM3u+F+I+G4  3085.001     42  6254.003     6255.991     6486.193
145  TPM3+F+I      3084.845     41  6251.690     6253.584     6478.351
146  TPM3+F+G4     3087.706     41  6257.412     6259.306     6484.073
147  TPM3+F+I+G4   3085.001     42  6254.003     6255.991     6486.193
158  TPM2u+F+I     3080.406     41  6242.812     6244.706     6469.473
159  TPM2u+F+G4    3083.291     41  6248.582     6250.477     6475.244
160  TPM2u+F+I+G4  3080.560     42  6245.121     6247.109     6477.311
171  TPM2+F+I      3080.406     41  6242.812     6244.706     6469.473
172  TPM2+F+G4     3083.291     41  6248.582     6250.477     6475.244
173  TPM2+F+I+G4   3080.560     42  6245.121     6247.109     6477.311
184  K3Pu+F+I      3085.584     41  6253.168     6255.063     6479.830
185  K3Pu+F+G4     3088.224     41  6258.449     6260.343     6485.110
186  K3Pu+F+I+G4   3085.684     42  6255.368     6257.356     6487.558
197  K3P+I         3088.447     38  6252.894     6254.521     6462.970
198  K3P+G4        3091.026     38  6258.052     6259.679     6468.128
199  K3P+I+G4      3088.534     39  6255.067     6256.781     6470.672
210  TN+F+I        3084.945     41  6251.891     6253.785     6478.553
211  TN+F+G4       3087.843     41  6257.686     6259.581     6484.348
212  TN+F+I+G4     3085.118     42  6254.237     6256.225     6486.427
223  TNe+I         3088.011     38  6252.023     6253.650     6462.099
224  TNe+G4        3090.796     38  6257.592     6259.219     6467.668
225  TNe+I+G4      3088.153     39  6254.306     6256.020     6469.910
236  HKY+F+I       3085.714     40  6251.429     6253.232     6472.562
237  HKY+F+G4      3088.363     40  6256.727     6258.530     6477.860
238  HKY+F+I+G4    3085.818     41  6253.635     6255.530     6480.297
249  K2P+I         3088.571     37  6251.142     6252.686     6455.691
250  K2P+G4        3091.163     37  6256.325     6257.868     6460.873
251  K2P+I+G4      3088.662     38  6253.323     6254.951     6463.400
262  F81+F+I       3094.029     39  6266.057     6267.772     6481.662
263  F81+F+G4      3097.092     39  6272.184     6273.899     6487.789
264  F81+F+I+G4    3094.253     40  6268.506     6270.309     6489.639
275  JC+I          3096.810     36  6265.621     6267.082     6464.641
276  JC+G4         3099.825     36  6271.651     6273.112     6470.671
277  JC+I+G4       3097.019     37  6268.039     6269.582     6472.587
Akaike Information Criterion:           TPM2u+F+I
Corrected Akaike Information Criterion: TPM2u+F+I
Bayesian Information Criterion:         K2P+I
Best-fit model: K2P+I chosen according to BIC

All model information printed to 33929at7898.fltrd_aligned.fas.model.gz
CPU time for ModelFinder: 0.468 seconds (0h:0m:0s)
Wall-clock time for ModelFinder: 0.477 seconds (0h:0m:0s)
Generating 1000 samples for ultrafast bootstrap (seed: 25499)...

NOTE: 0 MB RAM (0 GB) is required!
Estimate model parameters (epsilon = 0.100)
1. Initial log-likelihood: -3088.571
Optimal log-likelihood: -3088.571
Rate parameters:  A-C: 1.00000  A-G: 2.77931  A-T: 1.00000  C-G: 1.00000  C-T: 2.77931  G-T: 1.00000
Base frequencies:  A: 0.250  C: 0.250  G: 0.250  T: 0.250
Proportion of invariable sites: 0.887
Parameters optimization took 1 rounds (0.001 sec)
Computing ML distances based on estimated model parameters...
Computing ML distances took 0.000985 sec (of wall-clock time) 0.000967 sec(of CPU time)
WARNING: Some pairwise ML distances are too long (saturated)
Computing RapidNJ tree took 0.000061 sec (of wall-clock time) 0.000059 sec (of CPU time)
Log-likelihood of RapidNJ tree: -3096.102
--------------------------------------------------------------------
|             INITIALIZING CANDIDATE TREE SET                      |
--------------------------------------------------------------------
Generating 98 parsimony trees... 0.041 second
Computing log-likelihood of 98 initial trees ... 0.038 seconds
Current best score: -3088.571

Do NNI search on 20 best initial trees
Estimate model parameters (epsilon = 0.100)
BETTER TREE FOUND at iteration 1: -3088.571
BETTER TREE FOUND at iteration 3: -3088.571
UPDATE BEST LOG-LIKELIHOOD: -3088.571
UPDATE BEST LOG-LIKELIHOOD: -3088.571
Iteration 10 / LogL: -3088.571 / Time: 0h:0m:0s
Iteration 20 / LogL: -3088.573 / Time: 0h:0m:0s
Finish initializing candidate tree set (8)
Current best tree score: -3088.571 / CPU time: 0.191
Number of iterations: 20
--------------------------------------------------------------------
|               OPTIMIZING CANDIDATE TREE SET                      |
--------------------------------------------------------------------
Iteration 30 / LogL: -3088.584 / Time: 0h:0m:0s (0h:0m:0s left)
Iteration 40 / LogL: -3102.612 / Time: 0h:0m:0s (0h:0m:0s left)
Iteration 50 / LogL: -3088.578 / Time: 0h:0m:0s (0h:0m:0s left)
Log-likelihood cutoff on original alignment: -3109.119
Iteration 60 / LogL: -3088.579 / Time: 0h:0m:0s (0h:0m:0s left)
Iteration 70 / LogL: -3088.571 / Time: 0h:0m:0s (0h:0m:0s left)
Iteration 80 / LogL: -3088.588 / Time: 0h:0m:0s (0h:0m:0s left)
Iteration 90 / LogL: -3088.577 / Time: 0h:0m:0s (0h:0m:0s left)
Iteration 100 / LogL: -3088.577 / Time: 0h:0m:0s (0h:0m:0s left)
Log-likelihood cutoff on original alignment: -3112.166
NOTE: Bootstrap correlation coefficient of split occurrence frequencies: 0.990
TREE SEARCH COMPLETED AFTER 104 ITERATIONS / Time: 0h:0m:0s

--------------------------------------------------------------------
|                    FINALIZING TREE SEARCH                        |
--------------------------------------------------------------------
Performs final model parameters optimization
Estimate model parameters (epsilon = 0.010)
1. Initial log-likelihood: -3088.571
Optimal log-likelihood: -3088.571
Rate parameters:  A-C: 1.00000  A-G: 2.77918  A-T: 1.00000  C-G: 1.00000  C-T: 2.77918  G-T: 1.00000
Base frequencies:  A: 0.250  C: 0.250  G: 0.250  T: 0.250
Proportion of invariable sites: 0.887
Parameters optimization took 1 rounds (0.001 sec)
BEST SCORE FOUND : -3088.571
Creating bootstrap support values...
Split supports printed to NEXUS file 33929at7898.fltrd_aligned.fas.splits.nex
Total tree length: 0.042

Total number of iterations: 104
CPU time used for tree search: 0.789 sec (0h:0m:0s)
Wall-clock time used for tree search: 0.851 sec (0h:0m:0s)
Total CPU time used: 0.836 sec (0h:0m:0s)
Total wall-clock time used: 0.907 sec (0h:0m:0s)

Computing bootstrap consensus tree...
Reading input file 33929at7898.fltrd_aligned.fas.splits.nex...
19 taxa and 160 splits.
Consensus tree written to 33929at7898.fltrd_aligned.fas.contree
Reading input trees file 33929at7898.fltrd_aligned.fas.contree
Log-likelihood of consensus tree: -3089.682

Analysis results written to: 
  IQ-TREE report:                33929at7898.fltrd_aligned.fas.iqtree
  Maximum-likelihood tree:       33929at7898.fltrd_aligned.fas.treefile
  Likelihood distances:          33929at7898.fltrd_aligned.fas.mldist

Ultrafast bootstrap approximation results written to:
  Split support values:          33929at7898.fltrd_aligned.fas.splits.nex
  Consensus tree:                33929at7898.fltrd_aligned.fas.contree
  Screen log file:               33929at7898.fltrd_aligned.fas.log

Date and Time: Tue Dec  2 14:50:05 2025
