IQ-TREE multicore version 2.1.3 COVID-edition for Linux 64-bit built Apr 21 2021
Developed by Bui Quang Minh, James Barbetti, Nguyen Lam Tung,
Olga Chernomor, Heiko Schmidt, Dominik Schrempf, Michael Woodhams.

Host:    gombessa.rcs.alaska.edu (AVX2, FMA3, 503 GB RAM)
Command: /export/scratch/tsvanorden/Char_Phylogenetics/src/iqtree-2.1.3-Linux/bin/iqtree2 -s 18717at7898.fltrd_aligned.fas -m MFP -bb 1000 -T 1
Seed:    644558 (Using SPRNG - Scalable Parallel Random Number Generator)
Time:    Tue Dec  2 14:49:47 2025
Kernel:  AVX+FMA - 1 threads (1 CPU cores detected)

Reading alignment file 18717at7898.fltrd_aligned.fas ... Fasta format detected
Alignment most likely contains DNA/RNA sequences
Alignment has 20 sequences with 2727 columns, 86 distinct patterns
36 parsimony-informative, 102 singleton sites, 2589 constant sites
                                Gap/Ambiguity  Composition  p-value
   1  251140_Ward_Creek                 1.54%    passed    100.00%
   2  260512_Pybus_Point                1.54%    passed    100.00%
   3  261935_Kenai_River                1.54%    passed    100.00%
   4  353213_Cropley_Lake               1.54%    passed    100.00%
   5  353219_Peterson_Creek             1.54%    passed    100.00%
   6  353220_Fish_Creek                 1.54%    passed    100.00%
   7  353246_Cottonwood_Creek           1.54%    passed     99.97%
   8  353379_Skagit_River               2.53%    passed     99.54%
   9  353381_Dungeness_River           14.74%    passed     78.11%
  10  353401_Peace_River                1.54%    passed     99.90%
  11  353407_Noatok                     0.00%    passed     98.83%
  12  353410_Horizon_Lake               1.54%    passed    100.00%
  13  92319_Little_Lost                 8.58%    passed     97.86%
  14  94280_St_Joe                      1.54%    passed     99.90%
  15  GCA016432855_Lake_Trout           1.54%    passed     99.95%
  16  GCA036784925_Maine_S_alpinus      1.54%    passed    100.00%
  17  GCA045679555_Iceland_A_alpinus    1.54%    passed    100.00%
  18  GCF013265735_Rainbow_Trout        2.53%    passed     88.80%
  19  GCF029448725_Brook_Trout          0.00%    passed     98.80%
  20  Methow_River_99895                1.54%    passed     99.90%
****  TOTAL                             2.50%  0 sequences failed composition chi2 test (p-value<5%; df=3)
NOTE: 353219_Peterson_Creek is identical to 251140_Ward_Creek but kept for subsequent analysis
NOTE: 353213_Cropley_Lake is identical to 261935_Kenai_River but kept for subsequent analysis
NOTE: 94280_St_Joe is identical to 353401_Peace_River but kept for subsequent analysis
NOTE: GCA045679555_Iceland_A_alpinus is identical to GCA036784925_Maine_S_alpinus but kept for subsequent analysis
NOTE: 3 identical sequences (see below) will be ignored for subsequent analysis
NOTE: 353220_Fish_Creek (identical to 261935_Kenai_River) is ignored but added at the end
NOTE: 353410_Horizon_Lake (identical to 261935_Kenai_River) is ignored but added at the end
NOTE: Methow_River_99895 (identical to 353401_Peace_River) is ignored but added at the end
Alignment was printed to 18717at7898.fltrd_aligned.fas.uniqueseq.phy

For your convenience alignment with unique sequences printed to 18717at7898.fltrd_aligned.fas.uniqueseq.phy


Create initial parsimony tree by phylogenetic likelihood library (PLL)... 0.000 seconds
Perform fast likelihood tree search using GTR+I+G model...
Estimate model parameters (epsilon = 5.000)
Perform nearest neighbor interchange...
Estimate model parameters (epsilon = 1.000)
1. Initial log-likelihood: -4738.805
Optimal log-likelihood: -4738.805
Rate parameters:  A-C: 0.83402  A-G: 1.27553  A-T: 0.56736  C-G: 0.43368  C-T: 3.30351  G-T: 1.00000
Base frequencies:  A: 0.269  C: 0.240  G: 0.256  T: 0.235
Proportion of invariable sites: 0.474
Gamma shape alpha: 0.407
Parameters optimization took 1 rounds (0.001 sec)
Time for fast ML tree search: 0.009 seconds

NOTE: ModelFinder requires 0 MB RAM!
ModelFinder will test up to 286 DNA models (sample size: 2727) ...
 No. Model         -LnL         df  AIC          AICc         BIC
  1  GTR+F         4751.448     39  9580.896     9582.057     9811.423
  2  GTR+F+I       4739.088     40  9558.175     9559.397     9794.614
  3  GTR+F+G4      4739.269     40  9558.539     9559.760     9794.977
  4  GTR+F+I+G4    4738.802     41  9559.604     9560.887     9801.953
  5  GTR+F+R2      4746.544     41  9575.089     9576.372     9817.438
  6  GTR+F+R3      4741.175     43  9568.349     9569.759     9822.520
 15  SYM+I         4742.973     37  9559.946     9560.992     9778.652
 16  SYM+G4        4743.165     37  9560.331     9561.376     9779.036
 17  SYM+I+G4      4742.699     38  9561.397     9562.500     9786.014
 28  TVM+F+I       4747.054     39  9572.108     9573.269     9802.635
 29  TVM+F+G4      4747.520     39  9573.040     9574.201     9803.568
 30  TVM+F+I+G4    4746.868     40  9573.735     9574.957     9810.174
 41  TVMe+I        4749.171     36  9570.342     9571.332     9783.136
 42  TVMe+G4       4749.606     36  9571.212     9572.203     9784.007
 43  TVMe+I+G4     4748.981     37  9571.962     9573.008     9790.668
 54  TIM3+F+I      4741.380     38  9558.759     9559.862     9783.375
 55  TIM3+F+G4     4741.545     38  9559.089     9560.192     9783.705
 56  TIM3+F+I+G4   4741.100     39  9560.199     9561.361     9790.727
 67  TIM3e+I       4745.280     35  9560.561     9561.497     9767.444
 68  TIM3e+G4      4745.451     35  9560.901     9561.838     9767.785
 69  TIM3e+I+G4    4745.006     36  9562.012     9563.003     9774.807
 80  TIM2+F+I      4741.672     38  9559.344     9560.447     9783.961
 81  TIM2+F+G4     4741.820     38  9559.641     9560.744     9784.257
 82  TIM2+F+I+G4   4741.379     39  9560.759     9561.920     9791.286
 93  TIM2e+I       4745.527     35  9561.055     9561.991     9767.938
 94  TIM2e+G4      4745.681     35  9561.361     9562.298     9768.245
 95  TIM2e+I+G4    4745.244     36  9562.487     9563.478     9775.282
106  TIM+F+I       4739.422     38  9554.844     9555.947     9779.461
107  TIM+F+G4      4739.594     38  9555.189     9556.291     9779.805
108  TIM+F+I+G4    4739.124     39  9556.248     9557.409     9786.775
119  TIMe+I        4743.281     35  9556.562     9557.499     9763.446
120  TIMe+G4       4743.453     35  9556.905     9557.842     9763.789
121  TIMe+I+G4     4742.988     36  9557.977     9558.967     9770.771
132  TPM3u+F+I     4749.356     37  9572.712     9573.758     9791.418
133  TPM3u+F+G4    4749.789     37  9573.579     9574.624     9792.284
134  TPM3u+F+I+G4  4749.173     38  9574.345     9575.448     9798.962
145  TPM3+F+I      4749.356     37  9572.712     9573.758     9791.418
146  TPM3+F+G4     4749.789     37  9573.579     9574.624     9792.284
147  TPM3+F+I+G4   4749.173     38  9574.345     9575.448     9798.962
158  TPM2u+F+I     4749.636     37  9573.273     9574.319     9791.978
159  TPM2u+F+G4    4750.048     37  9574.095     9575.141     9792.801
160  TPM2u+F+I+G4  4749.443     38  9574.886     9575.989     9799.502
171  TPM2+F+I      4749.636     37  9573.273     9574.319     9791.978
172  TPM2+F+G4     4750.048     37  9574.095     9575.141     9792.801
173  TPM2+F+I+G4   4749.443     38  9574.886     9575.989     9799.502
184  K3Pu+F+I      4747.378     37  9568.757     9569.802     9787.462
185  K3Pu+F+G4     4747.823     37  9569.646     9570.692     9788.351
186  K3Pu+F+I+G4   4747.180     38  9570.360     9571.462     9794.976
197  K3P+I         4749.462     34  9566.925     9567.809     9767.897
198  K3P+G4        4749.879     34  9567.759     9568.643     9768.731
199  K3P+I+G4      4749.259     35  9568.518     9569.454     9775.401
210  TN+F+I        4741.672     37  9557.343     9558.389     9776.049
211  TN+F+G4       4741.820     37  9557.641     9558.687     9776.346
212  TN+F+I+G4     4741.380     38  9558.760     9559.862     9783.376
223  TNe+I         4745.533     34  9559.067     9559.951     9760.039
224  TNe+G4        4745.688     34  9559.375     9560.259     9760.348
225  TNe+I+G4      4745.247     35  9560.494     9561.431     9767.378
236  HKY+F+I       4749.636     36  9571.272     9572.263     9784.067
237  HKY+F+G4      4750.045     36  9572.090     9573.081     9784.885
238  HKY+F+I+G4    4749.443     37  9572.886     9573.932     9791.591
249  K2P+I         4751.729     33  9569.457     9570.290     9764.519
250  K2P+G4        4752.110     33  9570.220     9571.054     9765.282
251  K2P+I+G4      4751.530     34  9571.061     9571.945     9772.033
262  F81+F+I       4771.338     35  9612.675     9613.612     9819.559
263  F81+F+G4      4771.726     35  9613.452     9614.388     9820.335
264  F81+F+I+G4    4771.150     36  9614.300     9615.290     9827.094
275  JC+I          4773.421     32  9610.842     9611.626     9799.992
276  JC+G4         4773.834     32  9611.668     9612.452     9800.818
277  JC+I+G4       4773.238     33  9612.476     9613.310     9807.538
Akaike Information Criterion:           TIM+F+I
Corrected Akaike Information Criterion: TIM+F+I
Bayesian Information Criterion:         TNe+I
Best-fit model: TNe+I chosen according to BIC

All model information printed to 18717at7898.fltrd_aligned.fas.model.gz
CPU time for ModelFinder: 0.268 seconds (0h:0m:0s)
Wall-clock time for ModelFinder: 0.278 seconds (0h:0m:0s)
Generating 1000 samples for ultrafast bootstrap (seed: 644558)...

NOTE: 0 MB RAM (0 GB) is required!
Estimate model parameters (epsilon = 0.100)
1. Initial log-likelihood: -4745.533
Optimal log-likelihood: -4745.533
Rate parameters:  A-C: 1.00000  A-G: 1.91746  A-T: 1.00000  C-G: 1.00000  C-T: 4.40526  G-T: 1.00000
Base frequencies:  A: 0.250  C: 0.250  G: 0.250  T: 0.250
Proportion of invariable sites: 0.781
Parameters optimization took 1 rounds (0.001 sec)
Computing ML distances based on estimated model parameters...
Computing ML distances took 0.000743 sec (of wall-clock time) 0.000724 sec(of CPU time)
Computing RapidNJ tree took 0.000054 sec (of wall-clock time) 0.000052 sec (of CPU time)
Log-likelihood of RapidNJ tree: -4779.944
--------------------------------------------------------------------
|             INITIALIZING CANDIDATE TREE SET                      |
--------------------------------------------------------------------
Generating 98 parsimony trees... 0.044 second
Computing log-likelihood of 98 initial trees ... 0.046 seconds
Current best score: -4745.533

Do NNI search on 20 best initial trees
Estimate model parameters (epsilon = 0.100)
BETTER TREE FOUND at iteration 1: -4745.532
BETTER TREE FOUND at iteration 2: -4745.530
BETTER TREE FOUND at iteration 3: -4745.530
Iteration 10 / LogL: -4745.532 / Time: 0h:0m:0s
Iteration 20 / LogL: -4745.532 / Time: 0h:0m:0s
Finish initializing candidate tree set (14)
Current best tree score: -4745.530 / CPU time: 0.230
Number of iterations: 20
--------------------------------------------------------------------
|               OPTIMIZING CANDIDATE TREE SET                      |
--------------------------------------------------------------------
Iteration 30 / LogL: -4745.538 / Time: 0h:0m:0s (0h:0m:0s left)
Iteration 40 / LogL: -4811.976 / Time: 0h:0m:0s (0h:0m:0s left)
Iteration 50 / LogL: -4745.534 / Time: 0h:0m:0s (0h:0m:0s left)
Log-likelihood cutoff on original alignment: -4759.119
UPDATE BEST LOG-LIKELIHOOD: -4745.530
Iteration 60 / LogL: -4745.541 / Time: 0h:0m:0s (0h:0m:0s left)
Iteration 70 / LogL: -4745.533 / Time: 0h:0m:0s (0h:0m:0s left)
Iteration 80 / LogL: -4745.540 / Time: 0h:0m:0s (0h:0m:0s left)
Iteration 90 / LogL: -4745.533 / Time: 0h:0m:0s (0h:0m:0s left)
Iteration 100 / LogL: -4745.530 / Time: 0h:0m:0s (0h:0m:0s left)
Log-likelihood cutoff on original alignment: -4761.863
NOTE: Bootstrap correlation coefficient of split occurrence frequencies: 0.962
NOTE: UFBoot does not converge, continue at least 100 more iterations
BETTER TREE FOUND at iteration 109: -4745.530
Iteration 110 / LogL: -4750.200 / Time: 0h:0m:0s (0h:0m:0s left)
Iteration 120 / LogL: -4745.536 / Time: 0h:0m:1s (0h:0m:0s left)
Iteration 130 / LogL: -4745.533 / Time: 0h:0m:1s (0h:0m:0s left)
BETTER TREE FOUND at iteration 137: -4745.530
Iteration 140 / LogL: -4745.553 / Time: 0h:0m:1s (0h:0m:0s left)
Iteration 150 / LogL: -4745.536 / Time: 0h:0m:1s (0h:0m:0s left)
Log-likelihood cutoff on original alignment: -4763.035
Iteration 160 / LogL: -4745.534 / Time: 0h:0m:1s (0h:0m:0s left)
UPDATE BEST LOG-LIKELIHOOD: -4745.530
Iteration 170 / LogL: -4745.534 / Time: 0h:0m:1s (0h:0m:0s left)
Iteration 180 / LogL: -4745.538 / Time: 0h:0m:1s (0h:0m:0s left)
Iteration 190 / LogL: -4818.075 / Time: 0h:0m:1s (0h:0m:0s left)
Iteration 200 / LogL: -4751.691 / Time: 0h:0m:1s (0h:0m:0s left)
Log-likelihood cutoff on original alignment: -4764.398
NOTE: Bootstrap correlation coefficient of split occurrence frequencies: 0.967
NOTE: UFBoot does not converge, continue at least 100 more iterations
Iteration 210 / LogL: -4754.649 / Time: 0h:0m:1s (0h:0m:0s left)
UPDATE BEST LOG-LIKELIHOOD: -4745.530
Iteration 220 / LogL: -4745.530 / Time: 0h:0m:1s (0h:0m:0s left)
Iteration 230 / LogL: -4745.540 / Time: 0h:0m:2s (0h:0m:0s left)
Iteration 240 / LogL: -4750.207 / Time: 0h:0m:2s (0h:0m:0s left)
Iteration 250 / LogL: -4745.540 / Time: 0h:0m:2s (0h:0m:0s left)
Log-likelihood cutoff on original alignment: -4764.927
Iteration 260 / LogL: -4745.530 / Time: 0h:0m:2s (0h:0m:0s left)
Iteration 270 / LogL: -4745.532 / Time: 0h:0m:2s (0h:0m:0s left)
Iteration 280 / LogL: -4745.541 / Time: 0h:0m:2s (0h:0m:0s left)
Iteration 290 / LogL: -4811.979 / Time: 0h:0m:2s (0h:0m:0s left)
Iteration 300 / LogL: -4745.538 / Time: 0h:0m:2s (0h:0m:0s left)
Log-likelihood cutoff on original alignment: -4764.927
NOTE: Bootstrap correlation coefficient of split occurrence frequencies: 0.976
NOTE: UFBoot does not converge, continue at least 100 more iterations
Iteration 310 / LogL: -4745.533 / Time: 0h:0m:2s (0h:0m:0s left)
Iteration 320 / LogL: -4745.531 / Time: 0h:0m:2s (0h:0m:0s left)
Iteration 330 / LogL: -4745.533 / Time: 0h:0m:2s (0h:0m:0s left)
Iteration 340 / LogL: -4745.539 / Time: 0h:0m:2s (0h:0m:0s left)
Iteration 350 / LogL: -4750.462 / Time: 0h:0m:3s (0h:0m:0s left)
Log-likelihood cutoff on original alignment: -4765.585
Iteration 360 / LogL: -4745.541 / Time: 0h:0m:3s (0h:0m:0s left)
Iteration 370 / LogL: -4745.539 / Time: 0h:0m:3s (0h:0m:0s left)
Iteration 380 / LogL: -4750.822 / Time: 0h:0m:3s (0h:0m:0s left)
Iteration 390 / LogL: -4745.536 / Time: 0h:0m:3s (0h:0m:0s left)
Iteration 400 / LogL: -4750.467 / Time: 0h:0m:3s (0h:0m:0s left)
Log-likelihood cutoff on original alignment: -4766.038
NOTE: Bootstrap correlation coefficient of split occurrence frequencies: 0.973
NOTE: UFBoot does not converge, continue at least 100 more iterations
UPDATE BEST LOG-LIKELIHOOD: -4745.530
Iteration 410 / LogL: -4745.530 / Time: 0h:0m:3s (0h:0m:0s left)
Iteration 420 / LogL: -4751.690 / Time: 0h:0m:3s (0h:0m:0s left)
Iteration 430 / LogL: -4745.532 / Time: 0h:0m:3s (0h:0m:0s left)
UPDATE BEST LOG-LIKELIHOOD: -4745.530
Iteration 440 / LogL: -4745.539 / Time: 0h:0m:3s (0h:0m:0s left)
Iteration 450 / LogL: -4745.534 / Time: 0h:0m:3s (0h:0m:0s left)
Log-likelihood cutoff on original alignment: -4766.271
Iteration 460 / LogL: -4745.530 / Time: 0h:0m:4s (0h:0m:0s left)
Iteration 470 / LogL: -4745.534 / Time: 0h:0m:4s (0h:0m:0s left)
UPDATE BEST LOG-LIKELIHOOD: -4745.530
Iteration 480 / LogL: -4745.531 / Time: 0h:0m:4s (0h:0m:0s left)
Iteration 490 / LogL: -4745.534 / Time: 0h:0m:4s (0h:0m:0s left)
Iteration 500 / LogL: -4745.530 / Time: 0h:0m:4s (0h:0m:0s left)
Log-likelihood cutoff on original alignment: -4766.271
NOTE: Bootstrap correlation coefficient of split occurrence frequencies: 0.982
NOTE: UFBoot does not converge, continue at least 100 more iterations
Iteration 510 / LogL: -4745.536 / Time: 0h:0m:4s (0h:0m:0s left)
Iteration 520 / LogL: -4745.533 / Time: 0h:0m:4s (0h:0m:0s left)
Iteration 530 / LogL: -4745.541 / Time: 0h:0m:4s (0h:0m:0s left)
Iteration 540 / LogL: -4745.530 / Time: 0h:0m:4s (0h:0m:0s left)
Iteration 550 / LogL: -4745.544 / Time: 0h:0m:4s (0h:0m:0s left)
Log-likelihood cutoff on original alignment: -4766.603
Iteration 560 / LogL: -4745.534 / Time: 0h:0m:5s (0h:0m:0s left)
Iteration 570 / LogL: -4745.538 / Time: 0h:0m:5s (0h:0m:0s left)
Iteration 580 / LogL: -4745.545 / Time: 0h:0m:5s (0h:0m:0s left)
Iteration 590 / LogL: -4745.531 / Time: 0h:0m:5s (0h:0m:0s left)
Iteration 600 / LogL: -4745.548 / Time: 0h:0m:5s (0h:0m:0s left)
Log-likelihood cutoff on original alignment: -4767.545
NOTE: Bootstrap correlation coefficient of split occurrence frequencies: 0.979
NOTE: UFBoot does not converge, continue at least 100 more iterations
Iteration 610 / LogL: -4745.539 / Time: 0h:0m:5s (0h:0m:0s left)
Iteration 620 / LogL: -4745.530 / Time: 0h:0m:5s (0h:0m:0s left)
Iteration 630 / LogL: -4745.534 / Time: 0h:0m:6s (0h:0m:0s left)
Iteration 640 / LogL: -4811.983 / Time: 0h:0m:6s (0h:0m:0s left)
Iteration 650 / LogL: -4811.978 / Time: 0h:0m:6s (0h:0m:0s left)
Log-likelihood cutoff on original alignment: -4767.437
Iteration 660 / LogL: -4745.539 / Time: 0h:0m:6s (0h:0m:0s left)
Iteration 670 / LogL: -4745.530 / Time: 0h:0m:6s (0h:0m:0s left)
Iteration 680 / LogL: -4745.530 / Time: 0h:0m:6s (0h:0m:0s left)
Iteration 690 / LogL: -4745.538 / Time: 0h:0m:6s (0h:0m:0s left)
Iteration 700 / LogL: -4745.530 / Time: 0h:0m:6s (0h:0m:0s left)
Log-likelihood cutoff on original alignment: -4767.437
NOTE: Bootstrap correlation coefficient of split occurrence frequencies: 0.986
NOTE: UFBoot does not converge, continue at least 100 more iterations
Iteration 710 / LogL: -4750.462 / Time: 0h:0m:7s (0h:0m:0s left)
Iteration 720 / LogL: -4745.542 / Time: 0h:0m:7s (0h:0m:0s left)
Iteration 730 / LogL: -4745.533 / Time: 0h:0m:7s (0h:0m:0s left)
Iteration 740 / LogL: -4745.545 / Time: 0h:0m:7s (0h:0m:0s left)
Iteration 750 / LogL: -4745.530 / Time: 0h:0m:7s (0h:0m:0s left)
Log-likelihood cutoff on original alignment: -4768.253
Iteration 760 / LogL: -4745.552 / Time: 0h:0m:7s (0h:0m:0s left)
Iteration 770 / LogL: -4745.533 / Time: 0h:0m:7s (0h:0m:0s left)
Iteration 780 / LogL: -4750.818 / Time: 0h:0m:8s (0h:0m:0s left)
Iteration 790 / LogL: -4745.530 / Time: 0h:0m:8s (0h:0m:0s left)
Iteration 800 / LogL: -4745.536 / Time: 0h:0m:8s (0h:0m:0s left)
Log-likelihood cutoff on original alignment: -4769.796
NOTE: Bootstrap correlation coefficient of split occurrence frequencies: 0.993
TREE SEARCH COMPLETED AFTER 800 ITERATIONS / Time: 0h:0m:8s

--------------------------------------------------------------------
|                    FINALIZING TREE SEARCH                        |
--------------------------------------------------------------------
Performs final model parameters optimization
Estimate model parameters (epsilon = 0.010)
1. Initial log-likelihood: -4745.530
Optimal log-likelihood: -4745.530
Rate parameters:  A-C: 1.00000  A-G: 1.90902  A-T: 1.00000  C-G: 1.00000  C-T: 4.39163  G-T: 1.00000
Base frequencies:  A: 0.250  C: 0.250  G: 0.250  T: 0.250
Proportion of invariable sites: 0.781
Parameters optimization took 1 rounds (0.001 sec)
BEST SCORE FOUND : -4745.530
Creating bootstrap support values...
Split supports printed to NEXUS file 18717at7898.fltrd_aligned.fas.splits.nex
Total tree length: 0.063

Total number of iterations: 800
CPU time used for tree search: 8.092 sec (0h:0m:8s)
Wall-clock time used for tree search: 8.280 sec (0h:0m:8s)
Total CPU time used: 8.139 sec (0h:0m:8s)
Total wall-clock time used: 8.337 sec (0h:0m:8s)

Computing bootstrap consensus tree...
Reading input file 18717at7898.fltrd_aligned.fas.splits.nex...
17 taxa and 236 splits.
Consensus tree written to 18717at7898.fltrd_aligned.fas.contree
Reading input trees file 18717at7898.fltrd_aligned.fas.contree
Log-likelihood of consensus tree: -4745.589

Analysis results written to: 
  IQ-TREE report:                18717at7898.fltrd_aligned.fas.iqtree
  Maximum-likelihood tree:       18717at7898.fltrd_aligned.fas.treefile
  Likelihood distances:          18717at7898.fltrd_aligned.fas.mldist

Ultrafast bootstrap approximation results written to:
  Split support values:          18717at7898.fltrd_aligned.fas.splits.nex
  Consensus tree:                18717at7898.fltrd_aligned.fas.contree
  Screen log file:               18717at7898.fltrd_aligned.fas.log

Date and Time: Tue Dec  2 14:49:56 2025
