IQ-TREE multicore version 2.1.3 COVID-edition for Linux 64-bit built Apr 21 2021
Developed by Bui Quang Minh, James Barbetti, Nguyen Lam Tung,
Olga Chernomor, Heiko Schmidt, Dominik Schrempf, Michael Woodhams.

Host:    gombessa.rcs.alaska.edu (AVX2, FMA3, 503 GB RAM)
Command: /export/scratch/tsvanorden/Char_Phylogenetics/src/iqtree-2.1.3-Linux/bin/iqtree2 -s 125416at7898.fltrd_aligned.fas -m MFP -bb 1000 -T 1
Seed:    961625 (Using SPRNG - Scalable Parallel Random Number Generator)
Time:    Tue Dec  2 14:49:37 2025
Kernel:  AVX+FMA - 1 threads (1 CPU cores detected)

Reading alignment file 125416at7898.fltrd_aligned.fas ... Fasta format detected
Alignment most likely contains DNA/RNA sequences
Alignment has 20 sequences with 573 columns, 21 distinct patterns
4 parsimony-informative, 6 singleton sites, 563 constant sites
                                Gap/Ambiguity  Composition  p-value
   1  251140_Ward_Creek                 2.09%    passed     99.99%
   2  260512_Pybus_Point                2.09%    passed     99.99%
   3  261935_Kenai_River                2.09%    passed     99.98%
   4  353213_Cropley_Lake               2.09%    passed     99.99%
   5  353219_Peterson_Creek             2.09%    passed     99.99%
   6  353220_Fish_Creek                 2.09%    passed     99.99%
   7  353246_Cottonwood_Creek           2.09%    passed     99.99%
   8  353379_Skagit_River               2.09%    passed     99.99%
   9  353381_Dungeness_River            2.09%    passed     99.99%
  10  353401_Peace_River                2.09%    passed     99.99%
  11  353407_Noatok                     2.09%    passed     99.90%
  12  353410_Horizon_Lake               2.09%    passed     99.98%
  13  92319_Little_Lost                 2.09%    passed     99.99%
  14  94280_St_Joe                      2.09%    passed     99.99%
  15  GCA016432855_Lake_Trout           2.09%    passed     99.77%
  16  GCA036784925_Maine_S_alpinus      2.09%    passed     99.98%
  17  GCA045679555_Iceland_A_alpinus    2.09%    passed     99.98%
  18  GCF013265735_Rainbow_Trout        1.05%    passed     99.62%
  19  GCF029448725_Brook_Trout          2.09%    passed     99.77%
  20  Methow_River_99895                2.09%    passed     99.99%
****  TOTAL                             2.04%  0 sequences failed composition chi2 test (p-value<5%; df=3)
NOTE: 260512_Pybus_Point is identical to 251140_Ward_Creek but kept for subsequent analysis
NOTE: 353410_Horizon_Lake is identical to 261935_Kenai_River but kept for subsequent analysis
NOTE: 353401_Peace_River is identical to 353379_Skagit_River but kept for subsequent analysis
NOTE: 10 identical sequences (see below) will be ignored for subsequent analysis
NOTE: 353213_Cropley_Lake (identical to 251140_Ward_Creek) is ignored but added at the end
NOTE: 353219_Peterson_Creek (identical to 251140_Ward_Creek) is ignored but added at the end
NOTE: 353220_Fish_Creek (identical to 251140_Ward_Creek) is ignored but added at the end
NOTE: 353246_Cottonwood_Creek (identical to 251140_Ward_Creek) is ignored but added at the end
NOTE: 353381_Dungeness_River (identical to 251140_Ward_Creek) is ignored but added at the end
NOTE: GCA036784925_Maine_S_alpinus (identical to 261935_Kenai_River) is ignored but added at the end
NOTE: GCA045679555_Iceland_A_alpinus (identical to 261935_Kenai_River) is ignored but added at the end
NOTE: 92319_Little_Lost (identical to 353379_Skagit_River) is ignored but added at the end
NOTE: 94280_St_Joe (identical to 353379_Skagit_River) is ignored but added at the end
NOTE: Methow_River_99895 (identical to 353379_Skagit_River) is ignored but added at the end
Alignment was printed to 125416at7898.fltrd_aligned.fas.uniqueseq.phy

For your convenience alignment with unique sequences printed to 125416at7898.fltrd_aligned.fas.uniqueseq.phy


Create initial parsimony tree by phylogenetic likelihood library (PLL)... 0.000 seconds
Perform fast likelihood tree search using GTR+I+G model...
Estimate model parameters (epsilon = 5.000)

WARNING: Estimated model parameters are at boundary that can cause numerical instability!

Perform nearest neighbor interchange...
Estimate model parameters (epsilon = 1.000)
1. Initial log-likelihood: -864.540
Optimal log-likelihood: -864.533
Rate parameters:  A-C: 0.00010  A-G: 100.00000  A-T: 21.47236  C-G: 43.26799  C-T: 50.15606  G-T: 1.00000
Base frequencies:  A: 0.211  C: 0.265  G: 0.229  T: 0.295
Proportion of invariable sites: 0.491
Gamma shape alpha: 998.448
Parameters optimization took 1 rounds (0.001 sec)

WARNING: Estimated model parameters are at boundary that can cause numerical instability!

Time for fast ML tree search: 0.008 seconds

NOTE: ModelFinder requires 0 MB RAM!
ModelFinder will test up to 286 DNA models (sample size: 573) ...
 No. Model         -LnL         df  AIC          AICc         BIC
  1  GTR+F         864.432      25  1778.863     1781.240     1887.635
  2  GTR+F+I       864.430      26  1780.861     1783.432     1893.984
  3  GTR+F+G4      864.431      26  1780.861     1783.432     1893.984
  4  GTR+F+I+G4    864.528      27  1783.057     1785.831     1900.531
  5  GTR+F+R2      864.477      27  1782.953     1785.728     1900.427
  6  GTR+F+R3      864.490      29  1786.980     1790.184     1913.155
 14  SYM           869.210      22  1782.421     1784.261     1878.140
 15  SYM+I         869.208      23  1784.417     1786.428     1884.487
 16  SYM+G4        869.208      23  1784.417     1786.428     1884.487
 27  TVM+F         864.935      24  1777.871     1780.060     1882.292
 28  TVM+F+I       864.935      25  1779.871     1782.247     1888.643
 29  TVM+F+G4      864.935      25  1779.871     1782.247     1888.643
 40  TVMe          869.449      21  1780.898     1782.575     1872.266
 41  TVMe+I        869.445      22  1782.891     1784.731     1878.610
 42  TVMe+G4       869.448      22  1782.896     1784.736     1878.616
 53  TIM3+F        866.418      23  1778.836     1780.847     1878.906
 54  TIM3+F+I      866.418      24  1780.835     1783.025     1885.257
 55  TIM3+F+G4     866.418      24  1780.836     1783.025     1885.257
 66  TIM3e         871.214      20  1782.428     1783.950     1869.446
 67  TIM3e+I       871.214      21  1784.428     1786.105     1875.796
 68  TIM3e+G4      871.214      21  1784.428     1786.105     1875.797
 79  TIM2+F        866.506      23  1779.012     1781.023     1879.082
 80  TIM2+F+I      866.506      24  1781.012     1783.202     1885.434
 81  TIM2+F+G4     866.506      24  1781.012     1783.202     1885.434
 92  TIM2e         871.261      20  1782.522     1784.044     1869.540
 93  TIM2e+I       871.261      21  1784.521     1786.198     1875.890
 94  TIM2e+G4      871.261      21  1784.522     1786.199     1875.891
105  TIM+F         864.659      23  1775.318     1777.329     1875.389
106  TIM+F+I       864.659      24  1777.318     1779.508     1881.739
107  TIM+F+G4      864.659      24  1777.318     1779.508     1881.740
118  TIMe          869.430      20  1778.861     1780.382     1865.878
119  TIMe+I        869.430      21  1780.861     1782.537     1872.229
120  TIMe+G4       869.430      21  1780.861     1782.538     1872.229
131  TPM3u+F       866.914      22  1777.828     1779.668     1873.548
132  TPM3u+F+I     866.914      23  1779.829     1781.839     1879.899
133  TPM3u+F+G4    866.914      23  1779.829     1781.840     1879.899
144  TPM3+F        866.914      22  1777.828     1779.668     1873.548
145  TPM3+F+I      866.914      23  1779.829     1781.839     1879.899
146  TPM3+F+G4     866.914      23  1779.829     1781.840     1879.899
157  TPM2u+F       867.010      22  1778.020     1779.860     1873.740
158  TPM2u+F+I     867.010      23  1780.020     1782.031     1880.091
159  TPM2u+F+G4    867.010      23  1780.021     1782.032     1880.091
170  TPM2+F        867.010      22  1778.020     1779.860     1873.740
171  TPM2+F+I      867.010      23  1780.020     1782.031     1880.091
172  TPM2+F+G4     867.010      23  1780.021     1782.032     1880.091
183  K3Pu+F        865.148      22  1774.296     1776.136     1870.015
184  K3Pu+F+I      865.148      23  1776.296     1778.307     1876.366
185  K3Pu+F+G4     865.148      23  1776.296     1778.307     1876.366
196  K3P           869.669      19  1777.337     1778.712     1860.004
197  K3P+I         869.669      20  1779.337     1780.859     1866.355
198  K3P+G4        869.669      20  1779.338     1780.859     1866.355
209  TN+F          866.641      22  1777.282     1779.122     1873.001
210  TN+F+I        866.641      23  1779.281     1781.292     1879.351
211  TN+F+G4       866.641      23  1779.281     1781.292     1879.352
222  TNe           871.415      19  1780.831     1782.205     1863.497
223  TNe+I         871.415      20  1782.830     1784.352     1869.848
224  TNe+G4        871.415      20  1782.830     1784.352     1869.848
235  HKY+F         867.142      21  1776.285     1777.962     1867.653
236  HKY+F+I       867.142      22  1778.285     1780.125     1874.004
237  HKY+F+G4      867.142      22  1778.285     1780.125     1874.004
248  K2P           871.653      18  1779.307     1780.542     1857.623
249  K2P+I         871.653      19  1781.307     1782.681     1863.974
250  K2P+G4        871.654      19  1781.307     1782.681     1863.974
261  F81+F         869.847      20  1779.694     1781.216     1866.712
262  F81+F+I       869.847      21  1781.694     1783.371     1873.063
263  F81+F+G4      869.847      21  1781.694     1783.371     1873.063
274  JC            874.452      17  1782.903     1784.006     1856.868
275  JC+I          874.452      18  1784.903     1786.138     1863.219
276  JC+G4         874.452      18  1784.904     1786.138     1863.219
Akaike Information Criterion:           K3Pu+F
Corrected Akaike Information Criterion: K3Pu+F
Bayesian Information Criterion:         JC
Best-fit model: JC chosen according to BIC

All model information printed to 125416at7898.fltrd_aligned.fas.model.gz
CPU time for ModelFinder: 0.079 seconds (0h:0m:0s)
Wall-clock time for ModelFinder: 0.083 seconds (0h:0m:0s)
Generating 1000 samples for ultrafast bootstrap (seed: 961625)...

NOTE: 0 MB RAM (0 GB) is required!
Estimate model parameters (epsilon = 0.100)
1. Initial log-likelihood: -874.452
Optimal log-likelihood: -874.452
Rate parameters:  A-C: 1.00000  A-G: 1.00000  A-T: 1.00000  C-G: 1.00000  C-T: 1.00000  G-T: 1.00000
Base frequencies:  A: 0.250  C: 0.250  G: 0.250  T: 0.250
Parameters optimization took 1 rounds (0.000 sec)
Computing ML distances based on estimated model parameters...
Computing ML distances took 0.000306 sec (of wall-clock time) 0.000279 sec(of CPU time)
Computing RapidNJ tree took 0.000031 sec (of wall-clock time) 0.000027 sec (of CPU time)
Log-likelihood of RapidNJ tree: -874.456
--------------------------------------------------------------------
|             INITIALIZING CANDIDATE TREE SET                      |
--------------------------------------------------------------------
Generating 98 parsimony trees... 0.012 second
Computing log-likelihood of 96 initial trees ... 0.009 seconds
Current best score: -874.452

Do NNI search on 20 best initial trees
Estimate model parameters (epsilon = 0.100)
BETTER TREE FOUND at iteration 1: -874.452
BETTER TREE FOUND at iteration 3: -874.452
BETTER TREE FOUND at iteration 6: -874.452
Iteration 10 / LogL: -874.452 / Time: 0h:0m:0s
Iteration 20 / LogL: -874.452 / Time: 0h:0m:0s
Finish initializing candidate tree set (12)
Current best tree score: -874.452 / CPU time: 0.067
Number of iterations: 20
--------------------------------------------------------------------
|               OPTIMIZING CANDIDATE TREE SET                      |
--------------------------------------------------------------------
Iteration 30 / LogL: -874.455 / Time: 0h:0m:0s (0h:0m:0s left)
UPDATE BEST LOG-LIKELIHOOD: -874.452
Iteration 40 / LogL: -874.455 / Time: 0h:0m:0s (0h:0m:0s left)
UPDATE BEST LOG-LIKELIHOOD: -874.452
UPDATE BEST LOG-LIKELIHOOD: -874.452
Iteration 50 / LogL: -874.452 / Time: 0h:0m:0s (0h:0m:0s left)
Log-likelihood cutoff on original alignment: -902.487
UPDATE BEST LOG-LIKELIHOOD: -874.452
UPDATE BEST LOG-LIKELIHOOD: -874.452
Iteration 60 / LogL: -874.454 / Time: 0h:0m:0s (0h:0m:0s left)
UPDATE BEST LOG-LIKELIHOOD: -874.452
Iteration 70 / LogL: -874.452 / Time: 0h:0m:0s (0h:0m:0s left)
UPDATE BEST LOG-LIKELIHOOD: -874.452
UPDATE BEST LOG-LIKELIHOOD: -874.452
BETTER TREE FOUND at iteration 77: -874.452
Iteration 80 / LogL: -874.455 / Time: 0h:0m:0s (0h:0m:0s left)
Iteration 90 / LogL: -874.452 / Time: 0h:0m:0s (0h:0m:0s left)
Iteration 100 / LogL: -874.454 / Time: 0h:0m:0s (0h:0m:0s left)
Log-likelihood cutoff on original alignment: -905.214
NOTE: Bootstrap correlation coefficient of split occurrence frequencies: 0.897
NOTE: UFBoot does not converge, continue at least 100 more iterations
Iteration 110 / LogL: -874.455 / Time: 0h:0m:0s (0h:0m:0s left)
UPDATE BEST LOG-LIKELIHOOD: -874.452
Iteration 120 / LogL: -874.452 / Time: 0h:0m:0s (0h:0m:0s left)
Iteration 130 / LogL: -874.452 / Time: 0h:0m:0s (0h:0m:0s left)
Iteration 140 / LogL: -874.452 / Time: 0h:0m:0s (0h:0m:0s left)
UPDATE BEST LOG-LIKELIHOOD: -874.452
Iteration 150 / LogL: -874.452 / Time: 0h:0m:0s (0h:0m:0s left)
Log-likelihood cutoff on original alignment: -905.511
Iteration 160 / LogL: -874.452 / Time: 0h:0m:0s (0h:0m:0s left)
Iteration 170 / LogL: -874.452 / Time: 0h:0m:0s (0h:0m:0s left)
UPDATE BEST LOG-LIKELIHOOD: -874.452
Iteration 180 / LogL: -874.452 / Time: 0h:0m:0s (0h:0m:0s left)
Iteration 190 / LogL: -874.452 / Time: 0h:0m:0s (0h:0m:0s left)
Iteration 200 / LogL: -874.455 / Time: 0h:0m:0s (0h:0m:0s left)
Log-likelihood cutoff on original alignment: -905.511
NOTE: Bootstrap correlation coefficient of split occurrence frequencies: 0.922
NOTE: UFBoot does not converge, continue at least 100 more iterations
Iteration 210 / LogL: -874.452 / Time: 0h:0m:1s (0h:0m:0s left)
Iteration 220 / LogL: -874.452 / Time: 0h:0m:1s (0h:0m:0s left)
Iteration 230 / LogL: -874.453 / Time: 0h:0m:1s (0h:0m:0s left)
UPDATE BEST LOG-LIKELIHOOD: -874.452
Iteration 240 / LogL: -874.455 / Time: 0h:0m:1s (0h:0m:0s left)
Iteration 250 / LogL: -874.452 / Time: 0h:0m:1s (0h:0m:0s left)
Log-likelihood cutoff on original alignment: -906.061
Iteration 260 / LogL: -874.452 / Time: 0h:0m:1s (0h:0m:0s left)
Iteration 270 / LogL: -874.454 / Time: 0h:0m:1s (0h:0m:0s left)
Iteration 280 / LogL: -874.452 / Time: 0h:0m:1s (0h:0m:0s left)
Iteration 290 / LogL: -874.457 / Time: 0h:0m:1s (0h:0m:0s left)
Iteration 300 / LogL: -881.492 / Time: 0h:0m:1s (0h:0m:0s left)
Log-likelihood cutoff on original alignment: -906.568
NOTE: Bootstrap correlation coefficient of split occurrence frequencies: 0.976
NOTE: UFBoot does not converge, continue at least 100 more iterations
Iteration 310 / LogL: -880.967 / Time: 0h:0m:1s (0h:0m:0s left)
Iteration 320 / LogL: -874.453 / Time: 0h:0m:1s (0h:0m:0s left)
Iteration 330 / LogL: -874.452 / Time: 0h:0m:1s (0h:0m:0s left)
Iteration 340 / LogL: -874.456 / Time: 0h:0m:1s (0h:0m:0s left)
Iteration 350 / LogL: -874.455 / Time: 0h:0m:1s (0h:0m:0s left)
Log-likelihood cutoff on original alignment: -906.568
Iteration 360 / LogL: -874.453 / Time: 0h:0m:1s (0h:0m:0s left)
Iteration 370 / LogL: -874.452 / Time: 0h:0m:1s (0h:0m:0s left)
Iteration 380 / LogL: -874.453 / Time: 0h:0m:1s (0h:0m:0s left)
Iteration 390 / LogL: -880.969 / Time: 0h:0m:1s (0h:0m:0s left)
Iteration 400 / LogL: -874.452 / Time: 0h:0m:2s (0h:0m:0s left)
Log-likelihood cutoff on original alignment: -906.568
NOTE: Bootstrap correlation coefficient of split occurrence frequencies: 0.954
NOTE: UFBoot does not converge, continue at least 100 more iterations
Iteration 410 / LogL: -874.452 / Time: 0h:0m:2s (0h:0m:0s left)
Iteration 420 / LogL: -874.452 / Time: 0h:0m:2s (0h:0m:0s left)
Iteration 430 / LogL: -874.453 / Time: 0h:0m:2s (0h:0m:0s left)
Iteration 440 / LogL: -874.452 / Time: 0h:0m:2s (0h:0m:0s left)
Iteration 450 / LogL: -874.453 / Time: 0h:0m:2s (0h:0m:0s left)
Log-likelihood cutoff on original alignment: -906.568
Iteration 460 / LogL: -874.454 / Time: 0h:0m:2s (0h:0m:0s left)
Iteration 470 / LogL: -874.452 / Time: 0h:0m:2s (0h:0m:0s left)
Iteration 480 / LogL: -880.967 / Time: 0h:0m:2s (0h:0m:0s left)
Iteration 490 / LogL: -874.454 / Time: 0h:0m:2s (0h:0m:0s left)
Iteration 500 / LogL: -881.491 / Time: 0h:0m:2s (0h:0m:0s left)
Log-likelihood cutoff on original alignment: -906.568
NOTE: Bootstrap correlation coefficient of split occurrence frequencies: 0.972
NOTE: UFBoot does not converge, continue at least 100 more iterations
Iteration 510 / LogL: -874.452 / Time: 0h:0m:2s (0h:0m:0s left)
Iteration 520 / LogL: -874.453 / Time: 0h:0m:2s (0h:0m:0s left)
Iteration 530 / LogL: -874.453 / Time: 0h:0m:2s (0h:0m:0s left)
Iteration 540 / LogL: -874.453 / Time: 0h:0m:2s (0h:0m:0s left)
Iteration 550 / LogL: -874.454 / Time: 0h:0m:2s (0h:0m:0s left)
Log-likelihood cutoff on original alignment: -906.568
Iteration 560 / LogL: -874.455 / Time: 0h:0m:2s (0h:0m:0s left)
Iteration 570 / LogL: -874.452 / Time: 0h:0m:2s (0h:0m:0s left)
Iteration 580 / LogL: -874.452 / Time: 0h:0m:2s (0h:0m:0s left)
Iteration 590 / LogL: -874.452 / Time: 0h:0m:3s (0h:0m:0s left)
Iteration 600 / LogL: -874.455 / Time: 0h:0m:3s (0h:0m:0s left)
Log-likelihood cutoff on original alignment: -906.568
NOTE: Bootstrap correlation coefficient of split occurrence frequencies: 0.968
NOTE: UFBoot does not converge, continue at least 100 more iterations
Iteration 610 / LogL: -874.452 / Time: 0h:0m:3s (0h:0m:0s left)
Iteration 620 / LogL: -874.454 / Time: 0h:0m:3s (0h:0m:0s left)
Iteration 630 / LogL: -880.969 / Time: 0h:0m:3s (0h:0m:0s left)
Iteration 640 / LogL: -874.452 / Time: 0h:0m:3s (0h:0m:0s left)
Iteration 650 / LogL: -874.453 / Time: 0h:0m:3s (0h:0m:0s left)
Log-likelihood cutoff on original alignment: -906.568
Iteration 660 / LogL: -874.454 / Time: 0h:0m:3s (0h:0m:0s left)
Iteration 670 / LogL: -874.452 / Time: 0h:0m:3s (0h:0m:0s left)
Iteration 680 / LogL: -874.454 / Time: 0h:0m:3s (0h:0m:0s left)
Iteration 690 / LogL: -874.452 / Time: 0h:0m:3s (0h:0m:0s left)
Iteration 700 / LogL: -874.453 / Time: 0h:0m:3s (0h:0m:0s left)
Log-likelihood cutoff on original alignment: -906.568
NOTE: Bootstrap correlation coefficient of split occurrence frequencies: 0.977
NOTE: UFBoot does not converge, continue at least 100 more iterations
Iteration 710 / LogL: -874.456 / Time: 0h:0m:3s (0h:0m:0s left)
Iteration 720 / LogL: -874.453 / Time: 0h:0m:3s (0h:0m:0s left)
Iteration 730 / LogL: -874.454 / Time: 0h:0m:3s (0h:0m:0s left)
Iteration 740 / LogL: -880.967 / Time: 0h:0m:3s (0h:0m:0s left)
Iteration 750 / LogL: -874.452 / Time: 0h:0m:3s (0h:0m:0s left)
Log-likelihood cutoff on original alignment: -906.568
Iteration 760 / LogL: -874.453 / Time: 0h:0m:4s (0h:0m:0s left)
Iteration 770 / LogL: -880.970 / Time: 0h:0m:4s (0h:0m:0s left)
Iteration 780 / LogL: -874.452 / Time: 0h:0m:4s (0h:0m:0s left)
Iteration 790 / LogL: -874.453 / Time: 0h:0m:4s (0h:0m:0s left)
Iteration 800 / LogL: -874.455 / Time: 0h:0m:4s (0h:0m:0s left)
Log-likelihood cutoff on original alignment: -906.568
NOTE: Bootstrap correlation coefficient of split occurrence frequencies: 0.988
NOTE: UFBoot does not converge, continue at least 100 more iterations
Iteration 810 / LogL: -874.454 / Time: 0h:0m:4s (0h:0m:0s left)
Iteration 820 / LogL: -874.452 / Time: 0h:0m:4s (0h:0m:0s left)
Iteration 830 / LogL: -874.455 / Time: 0h:0m:4s (0h:0m:0s left)
Iteration 840 / LogL: -874.453 / Time: 0h:0m:4s (0h:0m:0s left)
Iteration 850 / LogL: -874.452 / Time: 0h:0m:4s (0h:0m:0s left)
Log-likelihood cutoff on original alignment: -906.568
Iteration 860 / LogL: -874.455 / Time: 0h:0m:4s (0h:0m:0s left)
Iteration 870 / LogL: -874.453 / Time: 0h:0m:4s (0h:0m:0s left)
Iteration 880 / LogL: -874.453 / Time: 0h:0m:4s (0h:0m:0s left)
Iteration 890 / LogL: -874.452 / Time: 0h:0m:4s (0h:0m:0s left)
Iteration 900 / LogL: -874.452 / Time: 0h:0m:5s (0h:0m:0s left)
Log-likelihood cutoff on original alignment: -906.568
NOTE: Bootstrap correlation coefficient of split occurrence frequencies: 0.989
NOTE: UFBoot does not converge, continue at least 100 more iterations
Iteration 910 / LogL: -874.456 / Time: 0h:0m:5s (0h:0m:0s left)
Iteration 920 / LogL: -874.452 / Time: 0h:0m:5s (0h:0m:0s left)
Iteration 930 / LogL: -874.453 / Time: 0h:0m:5s (0h:0m:0s left)
Iteration 940 / LogL: -874.452 / Time: 0h:0m:5s (0h:0m:0s left)
Iteration 950 / LogL: -874.452 / Time: 0h:0m:5s (0h:0m:0s left)
Log-likelihood cutoff on original alignment: -906.568
Iteration 960 / LogL: -874.452 / Time: 0h:0m:5s (0h:0m:0s left)
Iteration 970 / LogL: -874.452 / Time: 0h:0m:5s (0h:0m:0s left)
Iteration 980 / LogL: -874.453 / Time: 0h:0m:5s (0h:0m:0s left)
Iteration 990 / LogL: -874.453 / Time: 0h:0m:5s (0h:0m:0s left)
Iteration 1000 / LogL: -874.452 / Time: 0h:0m:5s (0h:0m:0s left)
Log-likelihood cutoff on original alignment: -906.568
NOTE: Bootstrap correlation coefficient of split occurrence frequencies: 0.991
TREE SEARCH COMPLETED AFTER 1000 ITERATIONS / Time: 0h:0m:5s

--------------------------------------------------------------------
|                    FINALIZING TREE SEARCH                        |
--------------------------------------------------------------------
Performs final model parameters optimization
Estimate model parameters (epsilon = 0.010)
1. Initial log-likelihood: -874.452
Optimal log-likelihood: -874.452
Rate parameters:  A-C: 1.00000  A-G: 1.00000  A-T: 1.00000  C-G: 1.00000  C-T: 1.00000  G-T: 1.00000
Base frequencies:  A: 0.250  C: 0.250  G: 0.250  T: 0.250
Parameters optimization took 1 rounds (0.000 sec)
BEST SCORE FOUND : -874.452
Creating bootstrap support values...
Split supports printed to NEXUS file 125416at7898.fltrd_aligned.fas.splits.nex
Total tree length: 0.018

Total number of iterations: 1000
CPU time used for tree search: 5.734 sec (0h:0m:5s)
Wall-clock time used for tree search: 5.885 sec (0h:0m:5s)
Total CPU time used: 5.765 sec (0h:0m:5s)
Total wall-clock time used: 5.926 sec (0h:0m:5s)

Computing bootstrap consensus tree...
Reading input file 125416at7898.fltrd_aligned.fas.splits.nex...
10 taxa and 123 splits.
Consensus tree written to 125416at7898.fltrd_aligned.fas.contree
Reading input trees file 125416at7898.fltrd_aligned.fas.contree
Log-likelihood of consensus tree: -874.461

Analysis results written to: 
  IQ-TREE report:                125416at7898.fltrd_aligned.fas.iqtree
  Maximum-likelihood tree:       125416at7898.fltrd_aligned.fas.treefile
  Likelihood distances:          125416at7898.fltrd_aligned.fas.mldist

Ultrafast bootstrap approximation results written to:
  Split support values:          125416at7898.fltrd_aligned.fas.splits.nex
  Consensus tree:                125416at7898.fltrd_aligned.fas.contree
  Screen log file:               125416at7898.fltrd_aligned.fas.log

Date and Time: Tue Dec  2 14:49:43 2025
