IQ-TREE multicore version 2.1.3 COVID-edition for Linux 64-bit built Apr 21 2021
Developed by Bui Quang Minh, James Barbetti, Nguyen Lam Tung,
Olga Chernomor, Heiko Schmidt, Dominik Schrempf, Michael Woodhams.

Host:    gombessa.rcs.alaska.edu (AVX2, FMA3, 503 GB RAM)
Command: /export/scratch/tsvanorden/Char_Phylogenetics/src/iqtree-2.1.3-Linux/bin/iqtree2 -s 34208at7898.fltrd_aligned.fas -m MFP -bb 1000 -T 1
Seed:    496386 (Using SPRNG - Scalable Parallel Random Number Generator)
Time:    Tue Dec  2 14:49:28 2025
Kernel:  AVX+FMA - 1 threads (1 CPU cores detected)

Reading alignment file 34208at7898.fltrd_aligned.fas ... Fasta format detected
Alignment most likely contains DNA/RNA sequences
Alignment has 20 sequences with 2223 columns, 93 distinct patterns
29 parsimony-informative, 57 singleton sites, 2137 constant sites
                                Gap/Ambiguity  Composition  p-value
   1  251140_Ward_Creek                 0.67%    passed     99.91%
   2  260512_Pybus_Point                0.67%    passed     99.91%
   3  261935_Kenai_River                0.67%    passed     99.91%
   4  353213_Cropley_Lake               0.67%    passed     99.91%
   5  353219_Peterson_Creek             0.67%    passed     99.91%
   6  353220_Fish_Creek                 2.70%    passed     99.07%
   7  353246_Cottonwood_Creek           0.67%    passed     99.91%
   8  353379_Skagit_River               2.56%    passed     99.92%
   9  353381_Dungeness_River           25.01%    passed     79.88%
  10  353401_Peace_River                2.56%    passed     99.92%
  11  353407_Noatok                     0.67%    passed     99.91%
  12  353410_Horizon_Lake               2.70%    passed     99.40%
  13  92319_Little_Lost                 2.56%    passed     99.85%
  14  94280_St_Joe                      2.56%    passed     99.92%
  15  GCA016432855_Lake_Trout           0.67%    passed     99.96%
  16  GCA036784925_Maine_S_alpinus      0.67%    passed     99.84%
  17  GCA045679555_Iceland_A_alpinus    0.67%    passed     99.84%
  18  GCF013265735_Rainbow_Trout        2.70%    passed     99.04%
  19  GCF029448725_Brook_Trout          0.94%    passed     99.65%
  20  Methow_River_99895                2.56%    passed     99.92%
****  TOTAL                             2.68%  0 sequences failed composition chi2 test (p-value<5%; df=3)
NOTE: 260512_Pybus_Point is identical to 251140_Ward_Creek but kept for subsequent analysis
NOTE: 353401_Peace_River is identical to 353379_Skagit_River but kept for subsequent analysis
NOTE: GCA045679555_Iceland_A_alpinus is identical to GCA036784925_Maine_S_alpinus but kept for subsequent analysis
NOTE: 7 identical sequences (see below) will be ignored for subsequent analysis
NOTE: 261935_Kenai_River (identical to 251140_Ward_Creek) is ignored but added at the end
NOTE: 353213_Cropley_Lake (identical to 251140_Ward_Creek) is ignored but added at the end
NOTE: 353219_Peterson_Creek (identical to 251140_Ward_Creek) is ignored but added at the end
NOTE: 353246_Cottonwood_Creek (identical to 251140_Ward_Creek) is ignored but added at the end
NOTE: 353407_Noatok (identical to 251140_Ward_Creek) is ignored but added at the end
NOTE: 94280_St_Joe (identical to 353379_Skagit_River) is ignored but added at the end
NOTE: Methow_River_99895 (identical to 353379_Skagit_River) is ignored but added at the end
Alignment was printed to 34208at7898.fltrd_aligned.fas.uniqueseq.phy

For your convenience alignment with unique sequences printed to 34208at7898.fltrd_aligned.fas.uniqueseq.phy


Create initial parsimony tree by phylogenetic likelihood library (PLL)... 0.000 seconds
Perform fast likelihood tree search using GTR+I+G model...
Estimate model parameters (epsilon = 5.000)
Perform nearest neighbor interchange...
Estimate model parameters (epsilon = 1.000)
1. Initial log-likelihood: -3728.601
Optimal log-likelihood: -3728.577
Rate parameters:  A-C: 4.88279  A-G: 8.17551  A-T: 4.00456  C-G: 3.63686  C-T: 6.86120  G-T: 1.00000
Base frequencies:  A: 0.257  C: 0.235  G: 0.288  T: 0.220
Proportion of invariable sites: 0.480
Gamma shape alpha: 0.020
Parameters optimization took 1 rounds (0.002 sec)
Time for fast ML tree search: 0.012 seconds

NOTE: ModelFinder requires 0 MB RAM!
ModelFinder will test up to 286 DNA models (sample size: 2223) ...
 No. Model         -LnL         df  AIC          AICc         BIC
  1  GTR+F         3744.866     31  7551.732     7552.637     7728.637
  2  GTR+F+I       3728.540     32  7521.080     7522.045     7703.692
  3  GTR+F+G4      3731.583     32  7527.165     7528.130     7709.777
  4  GTR+F+I+G4    3728.576     33  7523.152     7524.178     7711.471
  5  GTR+F+R2      3740.095     33  7546.190     7547.215     7734.508
  6  GTR+F+R3      3729.621     35  7529.243     7530.395     7728.974
  7  GTR+F+R4      3729.307     37  7532.614     7533.901     7743.759
 15  SYM+I         3739.781     29  7537.562     7538.356     7703.054
 16  SYM+G4        3742.767     29  7543.535     7544.328     7709.026
 17  SYM+I+G4      3739.811     30  7539.622     7540.471     7710.821
 28  TVM+F+I       3728.677     31  7519.354     7520.259     7696.259
 29  TVM+F+G4      3731.686     31  7525.372     7526.277     7702.277
 30  TVM+F+I+G4    3728.709     32  7521.418     7522.382     7704.029
 41  TVMe+I        3740.433     28  7536.867     7537.607     7696.652
 42  TVMe+G4       3743.352     28  7542.703     7543.443     7702.488
 43  TVMe+I+G4     3740.457     29  7538.914     7539.707     7704.405
 54  TIM3+F+I      3731.646     30  7523.292     7524.141     7694.490
 55  TIM3+F+G4     3734.531     30  7529.061     7529.910     7700.259
 56  TIM3+F+I+G4   3731.667     31  7525.335     7526.240     7702.240
 67  TIM3e+I       3742.532     27  7539.064     7539.753     7693.143
 68  TIM3e+G4      3745.381     27  7544.762     7545.451     7698.841
 69  TIM3e+I+G4    3742.548     28  7541.096     7541.836     7700.881
 80  TIM2+F+I      3731.206     30  7522.413     7523.261     7693.611
 81  TIM2+F+G4     3734.341     30  7528.682     7529.531     7699.881
 82  TIM2+F+I+G4   3731.259     31  7524.517     7525.423     7701.422
 93  TIM2e+I       3742.715     27  7539.430     7540.119     7693.509
 94  TIM2e+G4      3745.775     27  7545.551     7546.239     7699.629
 95  TIM2e+I+G4    3742.758     28  7541.515     7542.256     7701.300
106  TIM+F+I       3732.764     30  7525.528     7526.376     7696.726
107  TIM+F+G4      3735.794     30  7531.589     7532.437     7702.787
108  TIM+F+I+G4    3732.804     31  7527.609     7528.514     7704.514
119  TIMe+I        3743.883     27  7541.767     7542.456     7695.845
120  TIMe+G4       3746.873     27  7547.745     7548.434     7701.824
121  TIMe+I+G4     3743.915     28  7543.831     7544.571     7703.616
132  TPM3u+F+I     3731.775     29  7521.550     7522.343     7687.042
133  TPM3u+F+G4    3734.635     29  7527.269     7528.063     7692.761
134  TPM3u+F+I+G4  3731.795     30  7523.589     7524.438     7694.787
145  TPM3+F+I      3731.775     29  7521.549     7522.343     7687.041
146  TPM3+F+G4     3734.635     29  7527.269     7528.063     7692.761
147  TPM3+F+I+G4   3731.795     30  7523.589     7524.438     7694.787
158  TPM2u+F+I     3731.341     29  7520.682     7521.475     7686.173
159  TPM2u+F+G4    3734.447     29  7526.894     7527.688     7692.386
160  TPM2u+F+I+G4  3731.390     30  7522.779     7523.628     7693.977
171  TPM2+F+I      3731.341     29  7520.681     7521.475     7686.173
172  TPM2+F+G4     3734.447     29  7526.894     7527.688     7692.386
173  TPM2+F+I+G4   3731.390     30  7522.779     7523.628     7693.978
184  K3Pu+F+I      3732.898     29  7523.796     7524.590     7689.288
185  K3Pu+F+G4     3735.899     29  7529.799     7530.592     7695.290
186  K3Pu+F+I+G4   3732.935     30  7525.869     7526.718     7697.067
197  K3P+I         3744.547     26  7541.094     7541.733     7689.466
198  K3P+G4        3747.464     26  7546.927     7547.567     7695.299
199  K3P+I+G4      3744.574     27  7543.147     7543.836     7697.226
210  TN+F+I        3733.207     29  7524.413     7525.207     7689.905
211  TN+F+G4       3736.205     29  7530.409     7531.203     7695.901
212  TN+F+I+G4     3733.243     30  7526.486     7527.334     7697.684
223  TNe+I         3744.347     26  7540.694     7541.333     7689.066
224  TNe+G4        3747.298     26  7546.596     7547.235     7694.968
225  TNe+I+G4      3744.377     27  7542.753     7543.442     7696.832
236  HKY+F+I       3733.340     28  7522.679     7523.420     7682.465
237  HKY+F+G4      3736.309     28  7528.618     7529.358     7688.403
238  HKY+F+I+G4    3733.373     29  7524.745     7525.539     7690.237
249  K2P+I         3745.012     25  7540.024     7540.616     7682.689
250  K2P+G4        3747.890     25  7545.781     7546.372     7688.446
251  K2P+I+G4      3745.035     26  7542.069     7542.709     7690.441
262  F81+F+I       3740.874     27  7535.749     7536.438     7689.827
263  F81+F+G4      3743.983     27  7541.966     7542.655     7696.045
264  F81+F+I+G4    3740.929     28  7537.857     7538.597     7697.642
275  JC+I          3752.750     24  7553.501     7554.047     7690.459
276  JC+G4         3755.795     24  7559.591     7560.137     7696.549
277  JC+I+G4       3752.795     25  7555.590     7556.182     7698.256
Akaike Information Criterion:           TVM+F+I
Corrected Akaike Information Criterion: TVM+F+I
Bayesian Information Criterion:         HKY+F+I
Best-fit model: HKY+F+I chosen according to BIC

All model information printed to 34208at7898.fltrd_aligned.fas.model.gz
CPU time for ModelFinder: 0.431 seconds (0h:0m:0s)
Wall-clock time for ModelFinder: 0.442 seconds (0h:0m:0s)
Generating 1000 samples for ultrafast bootstrap (seed: 496386)...

NOTE: 0 MB RAM (0 GB) is required!
Estimate model parameters (epsilon = 0.100)
1. Initial log-likelihood: -3733.340
Optimal log-likelihood: -3733.340
Rate parameters:  A-C: 1.00000  A-G: 2.30516  A-T: 1.00000  C-G: 1.00000  C-T: 2.30516  G-T: 1.00000
Base frequencies:  A: 0.257  C: 0.235  G: 0.288  T: 0.220
Proportion of invariable sites: 0.878
Parameters optimization took 1 rounds (0.001 sec)
Computing ML distances based on estimated model parameters...
Computing ML distances took 0.000650 sec (of wall-clock time) 0.000624 sec(of CPU time)
WARNING: Some pairwise ML distances are too long (saturated)
Computing RapidNJ tree took 0.000043 sec (of wall-clock time) 0.000042 sec (of CPU time)
Log-likelihood of RapidNJ tree: -3730.537
--------------------------------------------------------------------
|             INITIALIZING CANDIDATE TREE SET                      |
--------------------------------------------------------------------
Generating 98 parsimony trees... 0.037 second
Computing log-likelihood of 98 initial trees ... 0.036 seconds
Current best score: -3721.013

Do NNI search on 20 best initial trees
Estimate model parameters (epsilon = 0.100)
BETTER TREE FOUND at iteration 1: -3718.003
Iteration 10 / LogL: -3731.420 / Time: 0h:0m:0s
Iteration 20 / LogL: -3734.550 / Time: 0h:0m:0s
Finish initializing candidate tree set (10)
Current best tree score: -3718.003 / CPU time: 0.219
Number of iterations: 20
--------------------------------------------------------------------
|               OPTIMIZING CANDIDATE TREE SET                      |
--------------------------------------------------------------------
Iteration 30 / LogL: -3718.005 / Time: 0h:0m:0s (0h:0m:0s left)
UPDATE BEST LOG-LIKELIHOOD: -3718.003
Iteration 40 / LogL: -3724.603 / Time: 0h:0m:0s (0h:0m:0s left)
Iteration 50 / LogL: -3723.607 / Time: 0h:0m:0s (0h:0m:0s left)
Log-likelihood cutoff on original alignment: -3766.543
Iteration 60 / LogL: -3741.138 / Time: 0h:0m:0s (0h:0m:0s left)
Iteration 70 / LogL: -3748.589 / Time: 0h:0m:0s (0h:0m:0s left)
UPDATE BEST LOG-LIKELIHOOD: -3718.002
Iteration 80 / LogL: -3718.006 / Time: 0h:0m:0s (0h:0m:0s left)
Iteration 90 / LogL: -3724.681 / Time: 0h:0m:0s (0h:0m:0s left)
Iteration 100 / LogL: -3748.647 / Time: 0h:0m:0s (0h:0m:0s left)
Log-likelihood cutoff on original alignment: -3766.542
NOTE: Bootstrap correlation coefficient of split occurrence frequencies: 0.987
NOTE: UFBoot does not converge, continue at least 100 more iterations
UPDATE BEST LOG-LIKELIHOOD: -3718.002
Iteration 110 / LogL: -3718.014 / Time: 0h:0m:0s (0h:0m:0s left)
UPDATE BEST LOG-LIKELIHOOD: -3718.002
Iteration 120 / LogL: -3718.002 / Time: 0h:0m:0s (0h:0m:0s left)
Iteration 130 / LogL: -3718.012 / Time: 0h:0m:1s (0h:0m:0s left)
Iteration 140 / LogL: -3718.003 / Time: 0h:0m:1s (0h:0m:0s left)
Iteration 150 / LogL: -3722.751 / Time: 0h:0m:1s (0h:0m:0s left)
Log-likelihood cutoff on original alignment: -3766.592
Iteration 160 / LogL: -3718.002 / Time: 0h:0m:1s (0h:0m:0s left)
Iteration 170 / LogL: -3718.002 / Time: 0h:0m:1s (0h:0m:0s left)
Iteration 180 / LogL: -3718.005 / Time: 0h:0m:1s (0h:0m:0s left)
UPDATE BEST LOG-LIKELIHOOD: -3718.002
Iteration 190 / LogL: -3718.003 / Time: 0h:0m:1s (0h:0m:0s left)
Iteration 200 / LogL: -3748.586 / Time: 0h:0m:1s (0h:0m:0s left)
Log-likelihood cutoff on original alignment: -3766.592
NOTE: Bootstrap correlation coefficient of split occurrence frequencies: 0.981
NOTE: UFBoot does not converge, continue at least 100 more iterations
Iteration 210 / LogL: -3748.648 / Time: 0h:0m:1s (0h:0m:0s left)
Iteration 220 / LogL: -3718.002 / Time: 0h:0m:1s (0h:0m:0s left)
Iteration 230 / LogL: -3722.443 / Time: 0h:0m:1s (0h:0m:0s left)
Iteration 240 / LogL: -3718.002 / Time: 0h:0m:1s (0h:0m:0s left)
Iteration 250 / LogL: -3722.820 / Time: 0h:0m:1s (0h:0m:0s left)
Log-likelihood cutoff on original alignment: -3766.592
UPDATE BEST LOG-LIKELIHOOD: -3718.002
Iteration 260 / LogL: -3718.006 / Time: 0h:0m:1s (0h:0m:0s left)
Iteration 270 / LogL: -3718.006 / Time: 0h:0m:1s (0h:0m:0s left)
Iteration 280 / LogL: -3718.245 / Time: 0h:0m:2s (0h:0m:0s left)
Iteration 290 / LogL: -3718.081 / Time: 0h:0m:2s (0h:0m:0s left)
Iteration 300 / LogL: -3718.008 / Time: 0h:0m:2s (0h:0m:0s left)
Log-likelihood cutoff on original alignment: -3766.596
NOTE: Bootstrap correlation coefficient of split occurrence frequencies: 0.990
TREE SEARCH COMPLETED AFTER 300 ITERATIONS / Time: 0h:0m:2s

--------------------------------------------------------------------
|                    FINALIZING TREE SEARCH                        |
--------------------------------------------------------------------
Performs final model parameters optimization
Estimate model parameters (epsilon = 0.010)
1. Initial log-likelihood: -3718.002
Optimal log-likelihood: -3718.002
Rate parameters:  A-C: 1.00000  A-G: 2.23237  A-T: 1.00000  C-G: 1.00000  C-T: 2.23237  G-T: 1.00000
Base frequencies:  A: 0.257  C: 0.235  G: 0.288  T: 0.220
Proportion of invariable sites: 0.888
Parameters optimization took 1 rounds (0.000 sec)
BEST SCORE FOUND : -3718.002
Creating bootstrap support values...
Split supports printed to NEXUS file 34208at7898.fltrd_aligned.fas.splits.nex
Total tree length: 0.052

Total number of iterations: 300
CPU time used for tree search: 2.031 sec (0h:0m:2s)
Wall-clock time used for tree search: 2.137 sec (0h:0m:2s)
Total CPU time used: 2.064 sec (0h:0m:2s)
Total wall-clock time used: 2.182 sec (0h:0m:2s)

Computing bootstrap consensus tree...
Reading input file 34208at7898.fltrd_aligned.fas.splits.nex...
13 taxa and 148 splits.
Consensus tree written to 34208at7898.fltrd_aligned.fas.contree
Reading input trees file 34208at7898.fltrd_aligned.fas.contree
Log-likelihood of consensus tree: -3718.040

Analysis results written to: 
  IQ-TREE report:                34208at7898.fltrd_aligned.fas.iqtree
  Maximum-likelihood tree:       34208at7898.fltrd_aligned.fas.treefile
  Likelihood distances:          34208at7898.fltrd_aligned.fas.mldist

Ultrafast bootstrap approximation results written to:
  Split support values:          34208at7898.fltrd_aligned.fas.splits.nex
  Consensus tree:                34208at7898.fltrd_aligned.fas.contree
  Screen log file:               34208at7898.fltrd_aligned.fas.log

Date and Time: Tue Dec  2 14:49:31 2025
