IQ-TREE multicore version 2.1.3 COVID-edition for Linux 64-bit built Apr 21 2021
Developed by Bui Quang Minh, James Barbetti, Nguyen Lam Tung,
Olga Chernomor, Heiko Schmidt, Dominik Schrempf, Michael Woodhams.

Host:    gombessa.rcs.alaska.edu (AVX2, FMA3, 503 GB RAM)
Command: /export/scratch/tsvanorden/Char_Phylogenetics/src/iqtree-2.1.3-Linux/bin/iqtree2 -s 74277at7898.fltrd_aligned.fas -m MFP -bb 1000 -T 1
Seed:    32130 (Using SPRNG - Scalable Parallel Random Number Generator)
Time:    Tue Dec  2 14:50:04 2025
Kernel:  AVX+FMA - 1 threads (1 CPU cores detected)

Reading alignment file 74277at7898.fltrd_aligned.fas ... Fasta format detected
Alignment most likely contains DNA/RNA sequences
Alignment has 20 sequences with 1161 columns, 62 distinct patterns
46 parsimony-informative, 19 singleton sites, 1096 constant sites
                                Gap/Ambiguity  Composition  p-value
   1  251140_Ward_Creek                 1.55%    passed     99.92%
   2  260512_Pybus_Point                3.10%    passed     98.20%
   3  261935_Kenai_River                1.55%    passed     99.92%
   4  353213_Cropley_Lake               1.55%    passed     99.92%
   5  353219_Peterson_Creek             1.55%    passed     99.92%
   6  353220_Fish_Creek                 1.55%    passed     99.92%
   7  353246_Cottonwood_Creek           1.81%    passed     99.96%
   8  353379_Skagit_River               2.07%    passed     99.67%
   9  353381_Dungeness_River            9.04%    passed     95.39%
  10  353401_Peace_River                2.07%    passed     99.67%
  11  353407_Noatok                     1.81%    passed     99.96%
  12  353410_Horizon_Lake               1.81%    passed     99.88%
  13  92319_Little_Lost                 2.07%    passed     99.67%
  14  94280_St_Joe                      2.07%    passed     99.67%
  15  GCA016432855_Lake_Trout           0.00%    passed     99.14%
  16  GCA036784925_Maine_S_alpinus      0.00%    passed     99.66%
  17  GCA045679555_Iceland_A_alpinus    0.00%    passed     99.66%
  18  GCF013265735_Rainbow_Trout        1.29%    passed     97.76%
  19  GCF029448725_Brook_Trout          0.00%    passed     99.52%
  20  Methow_River_99895                2.07%    passed     99.67%
****  TOTAL                             1.85%  0 sequences failed composition chi2 test (p-value<5%; df=3)
NOTE: 353213_Cropley_Lake is identical to 251140_Ward_Creek but kept for subsequent analysis
NOTE: 353407_Noatok is identical to 353246_Cottonwood_Creek but kept for subsequent analysis
NOTE: 353401_Peace_River is identical to 353379_Skagit_River but kept for subsequent analysis
NOTE: GCA045679555_Iceland_A_alpinus is identical to GCA036784925_Maine_S_alpinus but kept for subsequent analysis
NOTE: 5 identical sequences (see below) will be ignored for subsequent analysis
NOTE: 353219_Peterson_Creek (identical to 251140_Ward_Creek) is ignored but added at the end
NOTE: 353220_Fish_Creek (identical to 251140_Ward_Creek) is ignored but added at the end
NOTE: 92319_Little_Lost (identical to 353379_Skagit_River) is ignored but added at the end
NOTE: 94280_St_Joe (identical to 353379_Skagit_River) is ignored but added at the end
NOTE: Methow_River_99895 (identical to 353379_Skagit_River) is ignored but added at the end
Alignment was printed to 74277at7898.fltrd_aligned.fas.uniqueseq.phy

For your convenience alignment with unique sequences printed to 74277at7898.fltrd_aligned.fas.uniqueseq.phy


Create initial parsimony tree by phylogenetic likelihood library (PLL)... 0.000 seconds
Perform fast likelihood tree search using GTR+I+G model...
Estimate model parameters (epsilon = 5.000)
Perform nearest neighbor interchange...
Estimate model parameters (epsilon = 1.000)
1. Initial log-likelihood: -2059.094
Optimal log-likelihood: -2059.094
Rate parameters:  A-C: 1.48566  A-G: 1.70975  A-T: 1.17217  C-G: 0.38131  C-T: 3.26977  G-T: 1.00000
Base frequencies:  A: 0.263  C: 0.253  G: 0.242  T: 0.242
Proportion of invariable sites: 0.472
Gamma shape alpha: 3.729
Parameters optimization took 1 rounds (0.001 sec)
Time for fast ML tree search: 0.010 seconds

NOTE: ModelFinder requires 0 MB RAM!
ModelFinder will test up to 286 DNA models (sample size: 1161) ...
 No. Model         -LnL         df  AIC          AICc         BIC
  1  GTR+F         2059.971     35  4189.942     4192.182     4366.938
  2  GTR+F+I       2059.076     36  4190.152     4192.522     4372.205
  3  GTR+F+G4      2059.099     36  4190.199     4192.569     4372.252
  4  GTR+F+I+G4    2059.095     37  4192.189     4194.693     4379.300
  5  GTR+F+R2      2059.388     37  4192.775     4195.279     4379.886
  6  GTR+F+R3      2059.264     39  4196.528     4199.311     4393.752
 14  SYM           2061.022     32  4186.043     4187.915     4347.868
 15  SYM+I         2060.121     33  4186.241     4188.233     4353.124
 16  SYM+G4        2060.144     33  4186.288     4188.280     4353.171
 27  TVM+F         2061.830     34  4191.660     4193.773     4363.599
 28  TVM+F+I       2060.809     35  4191.619     4193.859     4368.615
 29  TVM+F+G4      2060.830     35  4191.660     4193.900     4368.656
 40  TVMe          2062.776     31  4187.552     4189.309     4344.320
 41  TVMe+I        2061.743     32  4187.486     4189.358     4349.311
 42  TVMe+G4       2061.763     32  4187.526     4189.398     4349.351
 53  TIM3+F        2062.528     33  4191.056     4193.047     4357.938
 54  TIM3+F+I      2061.651     34  4191.303     4193.417     4363.242
 55  TIM3+F+G4     2061.677     34  4191.355     4193.469     4363.294
 66  TIM3e         2063.788     30  4187.576     4189.222     4339.287
 67  TIM3e+I       2062.916     31  4187.833     4189.590     4344.601
 68  TIM3e+G4      2062.942     31  4187.884     4189.641     4344.652
 79  TIM2+F        2061.049     33  4188.098     4190.089     4354.980
 80  TIM2+F+I      2060.166     34  4188.333     4190.446     4360.272
 81  TIM2+F+G4     2060.188     34  4188.377     4190.490     4360.316
 92  TIM2e         2062.078     30  4184.156     4185.802     4335.867
 93  TIM2e+I       2061.189     31  4184.377     4186.135     4341.146
 94  TIM2e+G4      2061.209     31  4184.417     4186.175     4341.186
105  TIM+F         2061.790     33  4189.580     4191.571     4356.463
106  TIM+F+I       2060.922     34  4189.844     4191.958     4361.783
107  TIM+F+G4      2060.950     34  4189.900     4192.013     4361.839
118  TIMe          2063.023     30  4186.046     4187.692     4337.757
119  TIMe+I        2062.156     31  4186.313     4188.070     4343.081
120  TIMe+G4       2062.184     31  4186.368     4188.125     4343.136
131  TPM3u+F       2064.387     32  4192.775     4194.647     4354.600
132  TPM3u+F+I     2063.385     33  4192.769     4194.760     4359.651
133  TPM3u+F+G4    2063.407     33  4192.814     4194.805     4359.696
144  TPM3+F        2064.387     32  4192.775     4194.647     4354.600
145  TPM3+F+I      2063.385     33  4192.769     4194.760     4359.651
146  TPM3+F+G4     2063.407     33  4192.814     4194.805     4359.696
157  TPM2u+F       2062.907     32  4189.814     4191.687     4351.640
158  TPM2u+F+I     2061.899     33  4189.799     4191.790     4356.681
159  TPM2u+F+G4    2061.917     33  4189.835     4191.826     4356.717
170  TPM2+F        2062.907     32  4189.814     4191.687     4351.640
171  TPM2+F+I      2061.899     33  4189.799     4191.790     4356.681
172  TPM2+F+G4     2061.917     33  4189.835     4191.826     4356.717
183  K3Pu+F        2063.649     32  4191.298     4193.171     4353.124
184  K3Pu+F+I      2062.656     33  4191.312     4193.304     4358.195
185  K3Pu+F+G4     2062.680     33  4191.361     4193.352     4358.243
196  K3P           2064.778     29  4187.556     4189.095     4334.211
197  K3P+I         2063.789     30  4187.578     4189.224     4339.289
198  K3P+G4        2063.813     30  4187.626     4189.272     4339.337
209  TN+F          2062.582     32  4189.163     4191.035     4350.988
210  TN+F+I        2061.714     33  4189.428     4191.420     4356.311
211  TN+F+G4       2061.740     33  4189.480     4191.472     4356.363
222  TNe           2063.822     29  4185.644     4187.182     4332.298
223  TNe+I         2062.957     30  4185.914     4187.560     4337.626
224  TNe+G4        2062.983     30  4185.966     4187.612     4337.677
235  HKY+F         2064.440     31  4190.881     4192.638     4347.649
236  HKY+F+I       2063.448     32  4190.896     4192.768     4352.721
237  HKY+F+G4      2063.470     32  4190.941     4192.813     4352.766
248  K2P           2065.577     28  4187.155     4188.589     4328.752
249  K2P+I         2064.590     29  4187.180     4188.718     4333.834
250  K2P+G4        2064.612     29  4187.224     4188.762     4333.878
261  F81+F         2070.839     30  4201.679     4203.325     4353.390
262  F81+F+I       2069.902     31  4201.805     4203.562     4358.573
263  F81+F+G4      2069.925     31  4201.851     4203.608     4358.619
274  JC            2071.959     27  4197.918     4199.253     4334.458
275  JC+I          2071.020     28  4198.039     4199.474     4339.636
276  JC+G4         2071.042     28  4198.085     4199.519     4339.682
Akaike Information Criterion:           TIM2e
Corrected Akaike Information Criterion: TIM2e
Bayesian Information Criterion:         K2P
Best-fit model: K2P chosen according to BIC

All model information printed to 74277at7898.fltrd_aligned.fas.model.gz
CPU time for ModelFinder: 0.125 seconds (0h:0m:0s)
Wall-clock time for ModelFinder: 0.130 seconds (0h:0m:0s)
Generating 1000 samples for ultrafast bootstrap (seed: 32130)...

NOTE: 0 MB RAM (0 GB) is required!
Estimate model parameters (epsilon = 0.100)
1. Initial log-likelihood: -2065.577
Optimal log-likelihood: -2065.577
Rate parameters:  A-C: 1.00000  A-G: 2.40425  A-T: 1.00000  C-G: 1.00000  C-T: 2.40425  G-T: 1.00000
Base frequencies:  A: 0.250  C: 0.250  G: 0.250  T: 0.250
Parameters optimization took 1 rounds (0.000 sec)
Computing ML distances based on estimated model parameters...
Computing ML distances took 0.000817 sec (of wall-clock time) 0.000795 sec(of CPU time)
Computing RapidNJ tree took 0.000055 sec (of wall-clock time) 0.000054 sec (of CPU time)
Log-likelihood of RapidNJ tree: -2066.104
--------------------------------------------------------------------
|             INITIALIZING CANDIDATE TREE SET                      |
--------------------------------------------------------------------
Generating 98 parsimony trees... 0.023 second
Computing log-likelihood of 98 initial trees ... 0.035 seconds
Current best score: -2065.577

Do NNI search on 20 best initial trees
Estimate model parameters (epsilon = 0.100)
BETTER TREE FOUND at iteration 1: -2065.577
Iteration 10 / LogL: -2065.577 / Time: 0h:0m:0s
Iteration 20 / LogL: -2065.577 / Time: 0h:0m:0s
Finish initializing candidate tree set (20)
Current best tree score: -2065.577 / CPU time: 0.136
Number of iterations: 20
--------------------------------------------------------------------
|               OPTIMIZING CANDIDATE TREE SET                      |
--------------------------------------------------------------------
Iteration 30 / LogL: -2065.578 / Time: 0h:0m:0s (0h:0m:0s left)
Iteration 40 / LogL: -2065.579 / Time: 0h:0m:0s (0h:0m:0s left)
Iteration 50 / LogL: -2065.582 / Time: 0h:0m:0s (0h:0m:0s left)
Log-likelihood cutoff on original alignment: -2109.073
BETTER TREE FOUND at iteration 53: -2065.576
Iteration 60 / LogL: -2065.579 / Time: 0h:0m:0s (0h:0m:0s left)
Iteration 70 / LogL: -2132.779 / Time: 0h:0m:0s (0h:0m:0s left)
Iteration 80 / LogL: -2065.580 / Time: 0h:0m:0s (0h:0m:0s left)
BETTER TREE FOUND at iteration 86: -2065.576
Iteration 90 / LogL: -2065.578 / Time: 0h:0m:0s (0h:0m:0s left)
Iteration 100 / LogL: -2065.580 / Time: 0h:0m:0s (0h:0m:0s left)
Log-likelihood cutoff on original alignment: -2109.073
NOTE: Bootstrap correlation coefficient of split occurrence frequencies: 0.916
NOTE: UFBoot does not converge, continue at least 100 more iterations
Iteration 110 / LogL: -2065.577 / Time: 0h:0m:0s (0h:0m:0s left)
Iteration 120 / LogL: -2070.341 / Time: 0h:0m:0s (0h:0m:0s left)
UPDATE BEST LOG-LIKELIHOOD: -2065.576
Iteration 130 / LogL: -2065.576 / Time: 0h:0m:0s (0h:0m:0s left)
Iteration 140 / LogL: -2065.579 / Time: 0h:0m:0s (0h:0m:0s left)
Iteration 150 / LogL: -2065.579 / Time: 0h:0m:1s (0h:0m:0s left)
Log-likelihood cutoff on original alignment: -2109.073
Iteration 160 / LogL: -2090.020 / Time: 0h:0m:1s (0h:0m:0s left)
Iteration 170 / LogL: -2065.584 / Time: 0h:0m:1s (0h:0m:0s left)
Iteration 180 / LogL: -2066.090 / Time: 0h:0m:1s (0h:0m:0s left)
Iteration 190 / LogL: -2065.577 / Time: 0h:0m:1s (0h:0m:0s left)
Iteration 200 / LogL: -2070.341 / Time: 0h:0m:1s (0h:0m:0s left)
Log-likelihood cutoff on original alignment: -2109.073
NOTE: Bootstrap correlation coefficient of split occurrence frequencies: 0.973
NOTE: UFBoot does not converge, continue at least 100 more iterations
Iteration 210 / LogL: -2065.583 / Time: 0h:0m:1s (0h:0m:0s left)
UPDATE BEST LOG-LIKELIHOOD: -2065.576
Iteration 220 / LogL: -2065.578 / Time: 0h:0m:1s (0h:0m:0s left)
Iteration 230 / LogL: -2065.581 / Time: 0h:0m:1s (0h:0m:0s left)
Iteration 240 / LogL: -2065.580 / Time: 0h:0m:1s (0h:0m:0s left)
Iteration 250 / LogL: -2065.579 / Time: 0h:0m:1s (0h:0m:0s left)
Log-likelihood cutoff on original alignment: -2109.073
Iteration 260 / LogL: -2065.577 / Time: 0h:0m:1s (0h:0m:0s left)
Iteration 270 / LogL: -2065.576 / Time: 0h:0m:1s (0h:0m:0s left)
Iteration 280 / LogL: -2066.083 / Time: 0h:0m:1s (0h:0m:0s left)
Iteration 290 / LogL: -2065.576 / Time: 0h:0m:1s (0h:0m:0s left)
Iteration 300 / LogL: -2065.586 / Time: 0h:0m:2s (0h:0m:0s left)
Log-likelihood cutoff on original alignment: -2108.349
NOTE: Bootstrap correlation coefficient of split occurrence frequencies: 0.971
NOTE: UFBoot does not converge, continue at least 100 more iterations
Iteration 310 / LogL: -2065.579 / Time: 0h:0m:2s (0h:0m:0s left)
UPDATE BEST LOG-LIKELIHOOD: -2065.576
Iteration 320 / LogL: -2065.585 / Time: 0h:0m:2s (0h:0m:0s left)
Iteration 330 / LogL: -2065.576 / Time: 0h:0m:2s (0h:0m:0s left)
Iteration 340 / LogL: -2065.580 / Time: 0h:0m:2s (0h:0m:0s left)
Iteration 350 / LogL: -2065.582 / Time: 0h:0m:2s (0h:0m:0s left)
Log-likelihood cutoff on original alignment: -2109.229
Iteration 360 / LogL: -2066.087 / Time: 0h:0m:2s (0h:0m:0s left)
Iteration 370 / LogL: -2066.081 / Time: 0h:0m:2s (0h:0m:0s left)
Iteration 380 / LogL: -2132.774 / Time: 0h:0m:2s (0h:0m:0s left)
Iteration 390 / LogL: -2088.551 / Time: 0h:0m:2s (0h:0m:0s left)
Iteration 400 / LogL: -2065.579 / Time: 0h:0m:2s (0h:0m:0s left)
Log-likelihood cutoff on original alignment: -2109.229
NOTE: Bootstrap correlation coefficient of split occurrence frequencies: 0.974
NOTE: UFBoot does not converge, continue at least 100 more iterations
Iteration 410 / LogL: -2065.576 / Time: 0h:0m:2s (0h:0m:0s left)
Iteration 420 / LogL: -2065.586 / Time: 0h:0m:2s (0h:0m:0s left)
Iteration 430 / LogL: -2132.779 / Time: 0h:0m:2s (0h:0m:0s left)
Iteration 440 / LogL: -2065.579 / Time: 0h:0m:2s (0h:0m:0s left)
Iteration 450 / LogL: -2065.579 / Time: 0h:0m:3s (0h:0m:0s left)
Log-likelihood cutoff on original alignment: -2109.229
UPDATE BEST LOG-LIKELIHOOD: -2065.576
Iteration 460 / LogL: -2065.576 / Time: 0h:0m:3s (0h:0m:0s left)
Iteration 470 / LogL: -2065.577 / Time: 0h:0m:3s (0h:0m:0s left)
Iteration 480 / LogL: -2065.577 / Time: 0h:0m:3s (0h:0m:0s left)
Iteration 490 / LogL: -2065.584 / Time: 0h:0m:3s (0h:0m:0s left)
Iteration 500 / LogL: -2065.579 / Time: 0h:0m:3s (0h:0m:0s left)
Log-likelihood cutoff on original alignment: -2109.229
NOTE: Bootstrap correlation coefficient of split occurrence frequencies: 0.967
NOTE: UFBoot does not converge, continue at least 100 more iterations
Iteration 510 / LogL: -2065.587 / Time: 0h:0m:3s (0h:0m:0s left)
Iteration 520 / LogL: -2066.086 / Time: 0h:0m:3s (0h:0m:0s left)
Iteration 530 / LogL: -2065.576 / Time: 0h:0m:3s (0h:0m:0s left)
Iteration 540 / LogL: -2132.773 / Time: 0h:0m:3s (0h:0m:0s left)
Iteration 550 / LogL: -2065.581 / Time: 0h:0m:3s (0h:0m:0s left)
Log-likelihood cutoff on original alignment: -2109.229
Iteration 560 / LogL: -2132.774 / Time: 0h:0m:3s (0h:0m:0s left)
Iteration 570 / LogL: -2065.579 / Time: 0h:0m:3s (0h:0m:0s left)
Iteration 580 / LogL: -2070.342 / Time: 0h:0m:3s (0h:0m:0s left)
Iteration 590 / LogL: -2065.580 / Time: 0h:0m:4s (0h:0m:0s left)
Iteration 600 / LogL: -2065.577 / Time: 0h:0m:4s (0h:0m:0s left)
Log-likelihood cutoff on original alignment: -2109.229
NOTE: Bootstrap correlation coefficient of split occurrence frequencies: 0.963
NOTE: UFBoot does not converge, continue at least 100 more iterations
Iteration 610 / LogL: -2065.578 / Time: 0h:0m:4s (0h:0m:0s left)
Iteration 620 / LogL: -2065.580 / Time: 0h:0m:4s (0h:0m:0s left)
Iteration 630 / LogL: -2065.579 / Time: 0h:0m:4s (0h:0m:0s left)
Iteration 640 / LogL: -2065.578 / Time: 0h:0m:4s (0h:0m:0s left)
Iteration 650 / LogL: -2065.581 / Time: 0h:0m:4s (0h:0m:0s left)
Log-likelihood cutoff on original alignment: -2109.229
UPDATE BEST LOG-LIKELIHOOD: -2065.576
Iteration 660 / LogL: -2065.576 / Time: 0h:0m:4s (0h:0m:0s left)
Iteration 670 / LogL: -2065.578 / Time: 0h:0m:4s (0h:0m:0s left)
Iteration 680 / LogL: -2065.578 / Time: 0h:0m:4s (0h:0m:0s left)
Iteration 690 / LogL: -2065.579 / Time: 0h:0m:4s (0h:0m:0s left)
Iteration 700 / LogL: -2065.576 / Time: 0h:0m:5s (0h:0m:0s left)
Log-likelihood cutoff on original alignment: -2109.229
NOTE: Bootstrap correlation coefficient of split occurrence frequencies: 0.982
NOTE: UFBoot does not converge, continue at least 100 more iterations
Iteration 710 / LogL: -2088.540 / Time: 0h:0m:5s (0h:0m:0s left)
Iteration 720 / LogL: -2065.576 / Time: 0h:0m:5s (0h:0m:0s left)
Iteration 730 / LogL: -2065.579 / Time: 0h:0m:5s (0h:0m:0s left)
Iteration 740 / LogL: -2065.577 / Time: 0h:0m:5s (0h:0m:0s left)
Iteration 750 / LogL: -2065.581 / Time: 0h:0m:5s (0h:0m:0s left)
Log-likelihood cutoff on original alignment: -2109.229
Iteration 760 / LogL: -2065.585 / Time: 0h:0m:5s (0h:0m:0s left)
Iteration 770 / LogL: -2065.580 / Time: 0h:0m:5s (0h:0m:0s left)
Iteration 780 / LogL: -2065.580 / Time: 0h:0m:5s (0h:0m:0s left)
Iteration 790 / LogL: -2065.584 / Time: 0h:0m:5s (0h:0m:0s left)
Iteration 800 / LogL: -2065.578 / Time: 0h:0m:5s (0h:0m:0s left)
Log-likelihood cutoff on original alignment: -2109.229
NOTE: Bootstrap correlation coefficient of split occurrence frequencies: 0.991
TREE SEARCH COMPLETED AFTER 800 ITERATIONS / Time: 0h:0m:5s

--------------------------------------------------------------------
|                    FINALIZING TREE SEARCH                        |
--------------------------------------------------------------------
Performs final model parameters optimization
Estimate model parameters (epsilon = 0.010)
1. Initial log-likelihood: -2065.576
Optimal log-likelihood: -2065.576
Rate parameters:  A-C: 1.00000  A-G: 2.40425  A-T: 1.00000  C-G: 1.00000  C-T: 2.40425  G-T: 1.00000
Base frequencies:  A: 0.250  C: 0.250  G: 0.250  T: 0.250
Parameters optimization took 1 rounds (0.000 sec)
BEST SCORE FOUND : -2065.576
Creating bootstrap support values...
Split supports printed to NEXUS file 74277at7898.fltrd_aligned.fas.splits.nex
Total tree length: 0.060

Total number of iterations: 800
CPU time used for tree search: 5.802 sec (0h:0m:5s)
Wall-clock time used for tree search: 5.952 sec (0h:0m:5s)
Total CPU time used: 5.863 sec (0h:0m:5s)
Total wall-clock time used: 6.015 sec (0h:0m:6s)

Computing bootstrap consensus tree...
Reading input file 74277at7898.fltrd_aligned.fas.splits.nex...
15 taxa and 138 splits.
Consensus tree written to 74277at7898.fltrd_aligned.fas.contree
Reading input trees file 74277at7898.fltrd_aligned.fas.contree
Log-likelihood of consensus tree: -2065.608

Analysis results written to: 
  IQ-TREE report:                74277at7898.fltrd_aligned.fas.iqtree
  Maximum-likelihood tree:       74277at7898.fltrd_aligned.fas.treefile
  Likelihood distances:          74277at7898.fltrd_aligned.fas.mldist

Ultrafast bootstrap approximation results written to:
  Split support values:          74277at7898.fltrd_aligned.fas.splits.nex
  Consensus tree:                74277at7898.fltrd_aligned.fas.contree
  Screen log file:               74277at7898.fltrd_aligned.fas.log

Date and Time: Tue Dec  2 14:50:10 2025
