IQ-TREE multicore version 2.1.3 COVID-edition for Linux 64-bit built Apr 21 2021
Developed by Bui Quang Minh, James Barbetti, Nguyen Lam Tung,
Olga Chernomor, Heiko Schmidt, Dominik Schrempf, Michael Woodhams.

Host:    gombessa.rcs.alaska.edu (AVX2, FMA3, 503 GB RAM)
Command: /export/scratch/tsvanorden/Char_Phylogenetics/src/iqtree-2.1.3-Linux/bin/iqtree2 -s 131008at7898.fltrd_aligned.fas -m MFP -bb 1000 -T 1
Seed:    913007 (Using SPRNG - Scalable Parallel Random Number Generator)
Time:    Tue Dec  2 14:50:03 2025
Kernel:  AVX+FMA - 1 threads (1 CPU cores detected)

Reading alignment file 131008at7898.fltrd_aligned.fas ... Fasta format detected
Alignment most likely contains DNA/RNA sequences
Alignment has 20 sequences with 270 columns, 24 distinct patterns
1 parsimony-informative, 14 singleton sites, 255 constant sites
                                Gap/Ambiguity  Composition  p-value
   1  251140_Ward_Creek                 1.11%    passed     99.99%
   2  260512_Pybus_Point                1.11%    passed     99.99%
   3  261935_Kenai_River                1.11%    passed     99.99%
   4  353213_Cropley_Lake               1.11%    passed     99.99%
   5  353219_Peterson_Creek             1.11%    passed     99.99%
   6  353220_Fish_Creek                 1.11%    passed     99.99%
   7  353246_Cottonwood_Creek           1.11%    passed     99.99%
   8  353379_Skagit_River               1.11%    passed     99.96%
   9  353381_Dungeness_River            1.11%    passed     99.99%
  10  353401_Peace_River                1.11%    passed     99.96%
  11  353407_Noatok                     1.11%    passed     99.99%
  12  353410_Horizon_Lake               1.11%    passed     99.71%
  13  92319_Little_Lost                25.56%    passed     95.97%
  14  94280_St_Joe                      1.11%    passed     99.96%
  15  GCA016432855_Lake_Trout           2.22%    passed     99.59%
  16  GCA036784925_Maine_S_alpinus      1.11%    passed     99.99%
  17  GCA045679555_Iceland_A_alpinus    1.11%    passed     99.99%
  18  GCF013265735_Rainbow_Trout        0.00%    passed     96.87%
  19  GCF029448725_Brook_Trout          1.11%    passed     99.01%
  20  Methow_River_99895                1.11%    passed     99.96%
****  TOTAL                             2.33%  0 sequences failed composition chi2 test (p-value<5%; df=3)
NOTE: 260512_Pybus_Point is identical to 251140_Ward_Creek but kept for subsequent analysis
NOTE: 353401_Peace_River is identical to 353379_Skagit_River but kept for subsequent analysis
NOTE: 11 identical sequences (see below) will be ignored for subsequent analysis
NOTE: 261935_Kenai_River (identical to 251140_Ward_Creek) is ignored but added at the end
NOTE: 353213_Cropley_Lake (identical to 251140_Ward_Creek) is ignored but added at the end
NOTE: 353219_Peterson_Creek (identical to 251140_Ward_Creek) is ignored but added at the end
NOTE: 353220_Fish_Creek (identical to 251140_Ward_Creek) is ignored but added at the end
NOTE: 353246_Cottonwood_Creek (identical to 251140_Ward_Creek) is ignored but added at the end
NOTE: 353381_Dungeness_River (identical to 251140_Ward_Creek) is ignored but added at the end
NOTE: 353407_Noatok (identical to 251140_Ward_Creek) is ignored but added at the end
NOTE: GCA036784925_Maine_S_alpinus (identical to 251140_Ward_Creek) is ignored but added at the end
NOTE: GCA045679555_Iceland_A_alpinus (identical to 251140_Ward_Creek) is ignored but added at the end
NOTE: 94280_St_Joe (identical to 353379_Skagit_River) is ignored but added at the end
NOTE: Methow_River_99895 (identical to 353379_Skagit_River) is ignored but added at the end
Alignment was printed to 131008at7898.fltrd_aligned.fas.uniqueseq.phy

For your convenience alignment with unique sequences printed to 131008at7898.fltrd_aligned.fas.uniqueseq.phy


Create initial parsimony tree by phylogenetic likelihood library (PLL)... 0.000 seconds
Perform fast likelihood tree search using GTR+I+G model...
Estimate model parameters (epsilon = 5.000)
Perform nearest neighbor interchange...
Estimate model parameters (epsilon = 1.000)
1. Initial log-likelihood: -451.006
Optimal log-likelihood: -451.004
Rate parameters:  A-C: 2.64302  A-G: 4.39715  A-T: 1.21084  C-G: 0.00010  C-T: 9.89386  G-T: 1.00000
Base frequencies:  A: 0.255  C: 0.215  G: 0.319  T: 0.210
Proportion of invariable sites: 0.470
Gamma shape alpha: 998.447
Parameters optimization took 1 rounds (0.001 sec)
Time for fast ML tree search: 0.005 seconds

NOTE: ModelFinder requires 0 MB RAM!
ModelFinder will test up to 286 DNA models (sample size: 270) ...
 No. Model         -LnL         df  AIC          AICc         BIC
  1  GTR+F         450.781      23  947.562      952.050      1030.325
  2  GTR+F+I       450.781      24  949.562      954.460      1035.924
  3  GTR+F+G4      450.781      24  949.562      954.460      1035.924
  4  GTR+F+I+G4    451.004      25  952.007      957.335      1041.968
  5  GTR+F+R2      450.889      25  951.777      957.105      1041.738
  6  GTR+F+R3      450.915      27  955.829      962.077      1052.986
 14  SYM           454.741      20  949.481      952.855      1021.450
 15  SYM+I         454.738      21  951.476      955.202      1027.043
 16  SYM+G4        454.740      21  951.480      955.206      1027.047
 27  TVM+F         451.637      22  947.274      951.371      1026.439
 28  TVM+F+I       451.632      23  949.264      953.752      1032.028
 29  TVM+F+G4      451.634      23  949.269      953.757      1032.033
 40  TVMe          455.093      19  948.186      951.226      1016.556
 41  TVMe+I        455.087      20  950.174      953.548      1022.142
 42  TVMe+G4       455.087      20  950.173      953.547      1022.142
 53  TIM3+F        452.387      21  946.773      950.499      1022.340
 54  TIM3+F+I      452.387      22  948.774      952.871      1027.939
 55  TIM3+F+G4     452.387      22  948.774      952.871      1027.939
 66  TIM3e         456.230      18  948.460      951.185      1013.232
 67  TIM3e+I       456.230      19  950.460      953.500      1018.830
 68  TIM3e+G4      456.230      19  950.460      953.500      1018.830
 79  TIM2+F        451.608      21  945.216      948.941      1020.782
 80  TIM2+F+I      451.611      22  947.223      951.320      1026.388
 81  TIM2+F+G4     451.610      22  947.221      951.318      1026.386
 92  TIM2e         455.561      18  947.123      949.848      1011.894
 93  TIM2e+I       455.561      19  949.122      952.162      1017.492
 94  TIM2e+G4      455.561      19  949.122      952.162      1017.492
105  TIM+F         451.839      21  945.678      949.404      1021.245
106  TIM+F+I       451.839      22  947.678      951.775      1026.843
107  TIM+F+G4      451.839      22  947.678      951.775      1026.843
118  TIMe          455.686      18  947.373      950.098      1012.144
119  TIMe+I        455.686      19  949.373      952.413      1017.743
120  TIMe+G4       455.686      19  949.373      952.413      1017.743
131  TPM3u+F       453.233      20  946.466      949.839      1018.434
132  TPM3u+F+I     453.233      21  948.466      952.192      1024.033
133  TPM3u+F+G4    453.233      21  948.466      952.191      1024.032
144  TPM3+F        453.233      20  946.466      949.839      1018.434
145  TPM3+F+I      453.233      21  948.466      952.192      1024.033
146  TPM3+F+G4     453.233      21  948.466      952.191      1024.032
157  TPM2u+F       452.450      20  944.900      948.274      1016.869
158  TPM2u+F+I     452.450      21  946.900      950.626      1022.467
159  TPM2u+F+G4    452.450      21  946.901      950.626      1022.467
170  TPM2+F        452.450      20  944.900      948.274      1016.869
171  TPM2+F+I      452.450      21  946.900      950.626      1022.467
172  TPM2+F+G4     452.450      21  946.901      950.626      1022.467
183  K3Pu+F        452.685      20  945.370      948.744      1017.339
184  K3Pu+F+I      452.685      21  947.370      951.096      1022.937
185  K3Pu+F+G4     452.685      21  947.370      951.096      1022.937
196  K3P           456.035      17  946.071      948.499      1007.244
197  K3P+I         456.035      18  948.071      950.796      1012.842
198  K3P+G4        456.035      18  948.071      950.796      1012.842
209  TN+F          452.386      20  944.773      948.146      1016.741
210  TN+F+I        452.387      21  946.775      950.500      1022.341
211  TN+F+G4       452.387      21  946.774      950.500      1022.341
222  TNe           456.230      17  946.460      948.889      1007.634
223  TNe+I         456.230      18  948.461      951.186      1013.232
224  TNe+G4        456.230      18  948.461      951.186      1013.232
235  HKY+F         453.233      19  944.465      947.505      1012.835
236  HKY+F+I       453.233      20  946.465      949.839      1018.434
237  HKY+F+G4      453.233      20  946.466      949.839      1018.434
248  K2P           456.578      16  945.156      947.307      1002.731
249  K2P+I         456.578      17  947.156      949.585      1008.330
250  K2P+G4        456.578      17  947.157      949.585      1008.330
261  F81+F         458.012      18  952.024      954.749      1016.796
262  F81+F+I       458.012      19  954.024      957.064      1022.394
263  F81+F+G4      458.012      19  954.024      957.064      1022.394
274  JC            461.586      15  953.172      955.062      1007.149
275  JC+I          461.586      16  955.172      957.322      1012.747
276  JC+G4         461.586      16  955.173      957.323      1012.747
Akaike Information Criterion:           HKY+F
Corrected Akaike Information Criterion: K2P
Bayesian Information Criterion:         K2P
Best-fit model: K2P chosen according to BIC

All model information printed to 131008at7898.fltrd_aligned.fas.model.gz
CPU time for ModelFinder: 0.079 seconds (0h:0m:0s)
Wall-clock time for ModelFinder: 0.087 seconds (0h:0m:0s)
Generating 1000 samples for ultrafast bootstrap (seed: 913007)...

NOTE: 0 MB RAM (0 GB) is required!
Estimate model parameters (epsilon = 0.100)
1. Initial log-likelihood: -456.578
Optimal log-likelihood: -456.578
Rate parameters:  A-C: 1.00000  A-G: 5.68795  A-T: 1.00000  C-G: 1.00000  C-T: 5.68795  G-T: 1.00000
Base frequencies:  A: 0.250  C: 0.250  G: 0.250  T: 0.250
Parameters optimization took 1 rounds (0.000 sec)
Computing ML distances based on estimated model parameters...
Computing ML distances took 0.000320 sec (of wall-clock time) 0.000300 sec(of CPU time)
Computing RapidNJ tree took 0.000031 sec (of wall-clock time) 0.000029 sec (of CPU time)
Log-likelihood of RapidNJ tree: -456.583
--------------------------------------------------------------------
|             INITIALIZING CANDIDATE TREE SET                      |
--------------------------------------------------------------------
Generating 98 parsimony trees... 0.010 second
Computing log-likelihood of 98 initial trees ... 0.008 seconds
Current best score: -456.578

Do NNI search on 20 best initial trees
Estimate model parameters (epsilon = 0.100)
BETTER TREE FOUND at iteration 1: -456.578
Iteration 10 / LogL: -456.578 / Time: 0h:0m:0s
Iteration 20 / LogL: -456.578 / Time: 0h:0m:0s
Finish initializing candidate tree set (14)
Current best tree score: -456.578 / CPU time: 0.061
Number of iterations: 20
--------------------------------------------------------------------
|               OPTIMIZING CANDIDATE TREE SET                      |
--------------------------------------------------------------------
Iteration 30 / LogL: -456.578 / Time: 0h:0m:0s (0h:0m:0s left)
Iteration 40 / LogL: -456.578 / Time: 0h:0m:0s (0h:0m:0s left)
Iteration 50 / LogL: -456.579 / Time: 0h:0m:0s (0h:0m:0s left)
Log-likelihood cutoff on original alignment: -471.105
Iteration 60 / LogL: -456.578 / Time: 0h:0m:0s (0h:0m:0s left)
Iteration 70 / LogL: -456.578 / Time: 0h:0m:0s (0h:0m:0s left)
Iteration 80 / LogL: -456.578 / Time: 0h:0m:0s (0h:0m:0s left)
Iteration 90 / LogL: -456.579 / Time: 0h:0m:0s (0h:0m:0s left)
Iteration 100 / LogL: -456.578 / Time: 0h:0m:0s (0h:0m:0s left)
Log-likelihood cutoff on original alignment: -473.622
NOTE: Bootstrap correlation coefficient of split occurrence frequencies: 0.809
NOTE: UFBoot does not converge, continue at least 100 more iterations
Iteration 110 / LogL: -456.578 / Time: 0h:0m:0s (0h:0m:0s left)
Iteration 120 / LogL: -456.578 / Time: 0h:0m:0s (0h:0m:0s left)
Iteration 130 / LogL: -456.579 / Time: 0h:0m:0s (0h:0m:0s left)
Iteration 140 / LogL: -456.578 / Time: 0h:0m:0s (0h:0m:0s left)
Iteration 150 / LogL: -456.578 / Time: 0h:0m:0s (0h:0m:0s left)
Log-likelihood cutoff on original alignment: -473.623
Iteration 160 / LogL: -456.578 / Time: 0h:0m:0s (0h:0m:0s left)
Iteration 170 / LogL: -456.578 / Time: 0h:0m:0s (0h:0m:0s left)
Iteration 180 / LogL: -456.578 / Time: 0h:0m:0s (0h:0m:0s left)
Iteration 190 / LogL: -456.580 / Time: 0h:0m:0s (0h:0m:0s left)
Iteration 200 / LogL: -456.578 / Time: 0h:0m:0s (0h:0m:0s left)
Log-likelihood cutoff on original alignment: -473.974
NOTE: Bootstrap correlation coefficient of split occurrence frequencies: 0.875
NOTE: UFBoot does not converge, continue at least 100 more iterations
Iteration 210 / LogL: -456.580 / Time: 0h:0m:0s (0h:0m:0s left)
Iteration 220 / LogL: -456.578 / Time: 0h:0m:0s (0h:0m:0s left)
Iteration 230 / LogL: -456.580 / Time: 0h:0m:1s (0h:0m:0s left)
Iteration 240 / LogL: -456.578 / Time: 0h:0m:1s (0h:0m:0s left)
Iteration 250 / LogL: -456.578 / Time: 0h:0m:1s (0h:0m:0s left)
Log-likelihood cutoff on original alignment: -473.986
Iteration 260 / LogL: -456.578 / Time: 0h:0m:1s (0h:0m:0s left)
Iteration 270 / LogL: -456.578 / Time: 0h:0m:1s (0h:0m:0s left)
Iteration 280 / LogL: -456.578 / Time: 0h:0m:1s (0h:0m:0s left)
Iteration 290 / LogL: -456.578 / Time: 0h:0m:1s (0h:0m:0s left)
Iteration 300 / LogL: -456.578 / Time: 0h:0m:1s (0h:0m:0s left)
Log-likelihood cutoff on original alignment: -473.974
NOTE: Bootstrap correlation coefficient of split occurrence frequencies: 0.946
NOTE: UFBoot does not converge, continue at least 100 more iterations
Iteration 310 / LogL: -456.578 / Time: 0h:0m:1s (0h:0m:0s left)
Iteration 320 / LogL: -456.579 / Time: 0h:0m:1s (0h:0m:0s left)
Iteration 330 / LogL: -456.579 / Time: 0h:0m:1s (0h:0m:0s left)
Iteration 340 / LogL: -465.161 / Time: 0h:0m:1s (0h:0m:0s left)
Iteration 350 / LogL: -456.579 / Time: 0h:0m:1s (0h:0m:0s left)
Log-likelihood cutoff on original alignment: -473.974
Iteration 360 / LogL: -456.578 / Time: 0h:0m:1s (0h:0m:0s left)
Iteration 370 / LogL: -456.578 / Time: 0h:0m:1s (0h:0m:0s left)
Iteration 380 / LogL: -456.579 / Time: 0h:0m:1s (0h:0m:0s left)
Iteration 390 / LogL: -456.578 / Time: 0h:0m:1s (0h:0m:0s left)
Iteration 400 / LogL: -456.578 / Time: 0h:0m:1s (0h:0m:0s left)
Log-likelihood cutoff on original alignment: -473.974
NOTE: Bootstrap correlation coefficient of split occurrence frequencies: 0.969
NOTE: UFBoot does not converge, continue at least 100 more iterations
Iteration 410 / LogL: -456.578 / Time: 0h:0m:1s (0h:0m:0s left)
Iteration 420 / LogL: -456.579 / Time: 0h:0m:1s (0h:0m:0s left)
Iteration 430 / LogL: -456.578 / Time: 0h:0m:1s (0h:0m:0s left)
Iteration 440 / LogL: -464.675 / Time: 0h:0m:1s (0h:0m:0s left)
Iteration 450 / LogL: -456.580 / Time: 0h:0m:1s (0h:0m:0s left)
Log-likelihood cutoff on original alignment: -473.974
Iteration 460 / LogL: -456.578 / Time: 0h:0m:2s (0h:0m:0s left)
Iteration 470 / LogL: -456.578 / Time: 0h:0m:2s (0h:0m:0s left)
Iteration 480 / LogL: -456.579 / Time: 0h:0m:2s (0h:0m:0s left)
Iteration 490 / LogL: -456.578 / Time: 0h:0m:2s (0h:0m:0s left)
Iteration 500 / LogL: -456.580 / Time: 0h:0m:2s (0h:0m:0s left)
Log-likelihood cutoff on original alignment: -473.974
NOTE: Bootstrap correlation coefficient of split occurrence frequencies: 0.962
NOTE: UFBoot does not converge, continue at least 100 more iterations
Iteration 510 / LogL: -456.578 / Time: 0h:0m:2s (0h:0m:0s left)
Iteration 520 / LogL: -465.201 / Time: 0h:0m:2s (0h:0m:0s left)
Iteration 530 / LogL: -465.201 / Time: 0h:0m:2s (0h:0m:0s left)
Iteration 540 / LogL: -456.578 / Time: 0h:0m:2s (0h:0m:0s left)
Iteration 550 / LogL: -456.578 / Time: 0h:0m:2s (0h:0m:0s left)
Log-likelihood cutoff on original alignment: -473.974
Iteration 560 / LogL: -456.578 / Time: 0h:0m:2s (0h:0m:0s left)
Iteration 570 / LogL: -456.580 / Time: 0h:0m:2s (0h:0m:0s left)
Iteration 580 / LogL: -456.578 / Time: 0h:0m:2s (0h:0m:0s left)
Iteration 590 / LogL: -456.578 / Time: 0h:0m:2s (0h:0m:0s left)
Iteration 600 / LogL: -456.578 / Time: 0h:0m:2s (0h:0m:0s left)
Log-likelihood cutoff on original alignment: -473.622
NOTE: Bootstrap correlation coefficient of split occurrence frequencies: 0.975
NOTE: UFBoot does not converge, continue at least 100 more iterations
Iteration 610 / LogL: -456.578 / Time: 0h:0m:2s (0h:0m:0s left)
Iteration 620 / LogL: -456.578 / Time: 0h:0m:2s (0h:0m:0s left)
Iteration 630 / LogL: -456.579 / Time: 0h:0m:2s (0h:0m:0s left)
Iteration 640 / LogL: -456.579 / Time: 0h:0m:2s (0h:0m:0s left)
Iteration 650 / LogL: -456.578 / Time: 0h:0m:2s (0h:0m:0s left)
Log-likelihood cutoff on original alignment: -473.622
Iteration 660 / LogL: -465.201 / Time: 0h:0m:3s (0h:0m:0s left)
Iteration 670 / LogL: -463.810 / Time: 0h:0m:3s (0h:0m:0s left)
Iteration 680 / LogL: -465.161 / Time: 0h:0m:3s (0h:0m:0s left)
Iteration 690 / LogL: -456.578 / Time: 0h:0m:3s (0h:0m:0s left)
Iteration 700 / LogL: -456.578 / Time: 0h:0m:3s (0h:0m:0s left)
Log-likelihood cutoff on original alignment: -473.623
NOTE: Bootstrap correlation coefficient of split occurrence frequencies: 0.971
NOTE: UFBoot does not converge, continue at least 100 more iterations
Iteration 710 / LogL: -465.161 / Time: 0h:0m:3s (0h:0m:0s left)
Iteration 720 / LogL: -456.578 / Time: 0h:0m:3s (0h:0m:0s left)
Iteration 730 / LogL: -456.579 / Time: 0h:0m:3s (0h:0m:0s left)
Iteration 740 / LogL: -456.578 / Time: 0h:0m:3s (0h:0m:0s left)
Iteration 750 / LogL: -456.580 / Time: 0h:0m:3s (0h:0m:0s left)
Log-likelihood cutoff on original alignment: -473.623
Iteration 760 / LogL: -456.579 / Time: 0h:0m:3s (0h:0m:0s left)
Iteration 770 / LogL: -456.578 / Time: 0h:0m:3s (0h:0m:0s left)
Iteration 780 / LogL: -456.578 / Time: 0h:0m:3s (0h:0m:0s left)
Iteration 790 / LogL: -456.578 / Time: 0h:0m:3s (0h:0m:0s left)
Iteration 800 / LogL: -456.578 / Time: 0h:0m:3s (0h:0m:0s left)
Log-likelihood cutoff on original alignment: -473.623
NOTE: Bootstrap correlation coefficient of split occurrence frequencies: 0.968
NOTE: UFBoot does not converge, continue at least 100 more iterations
Iteration 810 / LogL: -463.810 / Time: 0h:0m:3s (0h:0m:0s left)
Iteration 820 / LogL: -456.578 / Time: 0h:0m:3s (0h:0m:0s left)
Iteration 830 / LogL: -456.578 / Time: 0h:0m:3s (0h:0m:0s left)
Iteration 840 / LogL: -456.578 / Time: 0h:0m:3s (0h:0m:0s left)
Iteration 850 / LogL: -456.578 / Time: 0h:0m:4s (0h:0m:0s left)
Log-likelihood cutoff on original alignment: -473.623
Iteration 860 / LogL: -465.201 / Time: 0h:0m:4s (0h:0m:0s left)
Iteration 870 / LogL: -456.578 / Time: 0h:0m:4s (0h:0m:0s left)
Iteration 880 / LogL: -456.578 / Time: 0h:0m:4s (0h:0m:0s left)
Iteration 890 / LogL: -456.579 / Time: 0h:0m:4s (0h:0m:0s left)
Iteration 900 / LogL: -456.578 / Time: 0h:0m:4s (0h:0m:0s left)
Log-likelihood cutoff on original alignment: -473.623
NOTE: Bootstrap correlation coefficient of split occurrence frequencies: 0.941
NOTE: UFBoot does not converge, continue at least 100 more iterations
Iteration 910 / LogL: -456.578 / Time: 0h:0m:4s (0h:0m:0s left)
Iteration 920 / LogL: -456.580 / Time: 0h:0m:4s (0h:0m:0s left)
Iteration 930 / LogL: -456.578 / Time: 0h:0m:4s (0h:0m:0s left)
Iteration 940 / LogL: -456.578 / Time: 0h:0m:4s (0h:0m:0s left)
Iteration 950 / LogL: -456.578 / Time: 0h:0m:4s (0h:0m:0s left)
Log-likelihood cutoff on original alignment: -473.623
Iteration 960 / LogL: -456.578 / Time: 0h:0m:4s (0h:0m:0s left)
Iteration 970 / LogL: -456.578 / Time: 0h:0m:4s (0h:0m:0s left)
Iteration 980 / LogL: -463.809 / Time: 0h:0m:4s (0h:0m:0s left)
Iteration 990 / LogL: -456.579 / Time: 0h:0m:4s (0h:0m:0s left)
Iteration 1000 / LogL: -456.578 / Time: 0h:0m:5s (0h:0m:0s left)
Log-likelihood cutoff on original alignment: -473.623
NOTE: Bootstrap correlation coefficient of split occurrence frequencies: 0.964
NOTE: UFBoot does not converge, continue at least 100 more iterations
WARNING: bootstrap analysis did not converge. You should rerun with higher number of iterations (-nm option)
TREE SEARCH COMPLETED AFTER 1001 ITERATIONS / Time: 0h:0m:5s

--------------------------------------------------------------------
|                    FINALIZING TREE SEARCH                        |
--------------------------------------------------------------------
Performs final model parameters optimization
Estimate model parameters (epsilon = 0.010)
1. Initial log-likelihood: -456.578
Optimal log-likelihood: -456.578
Rate parameters:  A-C: 1.00000  A-G: 5.67793  A-T: 1.00000  C-G: 1.00000  C-T: 5.67793  G-T: 1.00000
Base frequencies:  A: 0.250  C: 0.250  G: 0.250  T: 0.250
Parameters optimization took 1 rounds (0.000 sec)
BEST SCORE FOUND : -456.578
Creating bootstrap support values...
Split supports printed to NEXUS file 131008at7898.fltrd_aligned.fas.splits.nex
Total tree length: 0.058

Total number of iterations: 1001
CPU time used for tree search: 4.993 sec (0h:0m:4s)
Wall-clock time used for tree search: 5.054 sec (0h:0m:5s)
Total CPU time used: 5.047 sec (0h:0m:5s)
Total wall-clock time used: 5.110 sec (0h:0m:5s)

Computing bootstrap consensus tree...
Reading input file 131008at7898.fltrd_aligned.fas.splits.nex...
9 taxa and 102 splits.
Consensus tree written to 131008at7898.fltrd_aligned.fas.contree
Reading input trees file 131008at7898.fltrd_aligned.fas.contree
Log-likelihood of consensus tree: -456.583

Analysis results written to: 
  IQ-TREE report:                131008at7898.fltrd_aligned.fas.iqtree
  Maximum-likelihood tree:       131008at7898.fltrd_aligned.fas.treefile
  Likelihood distances:          131008at7898.fltrd_aligned.fas.mldist

Ultrafast bootstrap approximation results written to:
  Split support values:          131008at7898.fltrd_aligned.fas.splits.nex
  Consensus tree:                131008at7898.fltrd_aligned.fas.contree
  Screen log file:               131008at7898.fltrd_aligned.fas.log

Date and Time: Tue Dec  2 14:50:09 2025
