IQ-TREE multicore version 2.1.3 COVID-edition for Linux 64-bit built Apr 21 2021
Developed by Bui Quang Minh, James Barbetti, Nguyen Lam Tung,
Olga Chernomor, Heiko Schmidt, Dominik Schrempf, Michael Woodhams.

Host:    gombessa.rcs.alaska.edu (AVX2, FMA3, 503 GB RAM)
Command: /export/scratch/tsvanorden/Char_Phylogenetics/src/iqtree-2.1.3-Linux/bin/iqtree2 -s 104761at7898.fltrd_aligned.fas -m MFP -bb 1000 -T 1
Seed:    515773 (Using SPRNG - Scalable Parallel Random Number Generator)
Time:    Tue Dec  2 14:50:03 2025
Kernel:  AVX+FMA - 1 threads (1 CPU cores detected)

Reading alignment file 104761at7898.fltrd_aligned.fas ... Fasta format detected
Alignment most likely contains DNA/RNA sequences
Alignment has 20 sequences with 870 columns, 57 distinct patterns
35 parsimony-informative, 27 singleton sites, 808 constant sites
                                Gap/Ambiguity  Composition  p-value
   1  251140_Ward_Creek                 0.34%    passed     99.52%
   2  260512_Pybus_Point                0.34%    passed     99.52%
   3  261935_Kenai_River                0.34%    passed     99.52%
   4  353213_Cropley_Lake               0.34%    passed     99.52%
   5  353219_Peterson_Creek             0.34%    passed     99.52%
   6  353220_Fish_Creek                 0.34%    passed     99.52%
   7  353246_Cottonwood_Creek           0.34%    passed     99.52%
   8  353379_Skagit_River               1.72%    passed     95.28%
   9  353381_Dungeness_River            8.97%    passed     98.76%
  10  353401_Peace_River                1.72%    passed     95.28%
  11  353407_Noatok                     0.34%    passed     99.52%
  12  353410_Horizon_Lake               0.34%    passed     99.52%
  13  92319_Little_Lost                16.90%    passed     66.38%
  14  94280_St_Joe                      1.72%    passed     95.28%
  15  GCA016432855_Lake_Trout           0.34%    passed     99.52%
  16  GCA036784925_Maine_S_alpinus      0.34%    passed     99.52%
  17  GCA045679555_Iceland_A_alpinus    0.34%    passed     99.52%
  18  GCF013265735_Rainbow_Trout        3.10%    passed     87.14%
  19  GCF029448725_Brook_Trout          0.34%    passed     99.74%
  20  Methow_River_99895                1.72%    passed     95.28%
****  TOTAL                             2.02%  0 sequences failed composition chi2 test (p-value<5%; df=3)
NOTE: 260512_Pybus_Point is identical to 251140_Ward_Creek but kept for subsequent analysis
NOTE: 353401_Peace_River is identical to 353379_Skagit_River but kept for subsequent analysis
NOTE: 11 identical sequences (see below) will be ignored for subsequent analysis
NOTE: 261935_Kenai_River (identical to 251140_Ward_Creek) is ignored but added at the end
NOTE: 353213_Cropley_Lake (identical to 251140_Ward_Creek) is ignored but added at the end
NOTE: 353219_Peterson_Creek (identical to 251140_Ward_Creek) is ignored but added at the end
NOTE: 353220_Fish_Creek (identical to 251140_Ward_Creek) is ignored but added at the end
NOTE: 353246_Cottonwood_Creek (identical to 251140_Ward_Creek) is ignored but added at the end
NOTE: 353407_Noatok (identical to 251140_Ward_Creek) is ignored but added at the end
NOTE: 353410_Horizon_Lake (identical to 251140_Ward_Creek) is ignored but added at the end
NOTE: GCA036784925_Maine_S_alpinus (identical to 251140_Ward_Creek) is ignored but added at the end
NOTE: GCA045679555_Iceland_A_alpinus (identical to 251140_Ward_Creek) is ignored but added at the end
NOTE: 94280_St_Joe (identical to 353379_Skagit_River) is ignored but added at the end
NOTE: Methow_River_99895 (identical to 353379_Skagit_River) is ignored but added at the end
Alignment was printed to 104761at7898.fltrd_aligned.fas.uniqueseq.phy

For your convenience alignment with unique sequences printed to 104761at7898.fltrd_aligned.fas.uniqueseq.phy


Create initial parsimony tree by phylogenetic likelihood library (PLL)... 0.000 seconds
Perform fast likelihood tree search using GTR+I+G model...
Estimate model parameters (epsilon = 5.000)
Perform nearest neighbor interchange...
Estimate model parameters (epsilon = 1.000)
1. Initial log-likelihood: -1561.085
Optimal log-likelihood: -1561.084
Rate parameters:  A-C: 0.58431  A-G: 1.07502  A-T: 0.81492  C-G: 0.38533  C-T: 2.18968  G-T: 1.00000
Base frequencies:  A: 0.307  C: 0.217  G: 0.253  T: 0.222
Proportion of invariable sites: 0.464
Gamma shape alpha: 998.436
Parameters optimization took 1 rounds (0.001 sec)
Time for fast ML tree search: 0.005 seconds

NOTE: ModelFinder requires 0 MB RAM!
ModelFinder will test up to 286 DNA models (sample size: 870) ...
 No. Model         -LnL         df  AIC          AICc         BIC
  1  GTR+F         1561.087     23  3168.174     3169.479     3277.850
  2  GTR+F+I       1560.979     24  3169.958     3171.378     3284.402
  3  GTR+F+G4      1560.992     24  3169.984     3171.404     3284.428
  4  GTR+F+I+G4    1561.084     25  3172.169     3173.709     3291.381
  5  GTR+F+R2      1560.989     25  3171.978     3173.519     3291.191
  6  GTR+F+R3      1561.014     27  3176.027     3177.823     3304.777
 14  SYM           1570.401     20  3180.803     3181.792     3276.173
 15  SYM+I         1570.300     21  3182.601     3183.690     3282.739
 16  SYM+G4        1570.312     21  3182.624     3183.713     3282.762
 27  TVM+F         1562.990     22  3169.981     3171.175     3274.888
 28  TVM+F+I       1562.890     23  3171.781     3173.086     3281.456
 29  TVM+F+G4      1562.897     23  3171.794     3173.099     3281.470
 40  TVMe          1571.227     19  3180.455     3181.349     3271.056
 41  TVMe+I        1571.128     20  3182.257     3183.246     3277.626
 42  TVMe+G4       1571.134     20  3182.269     3183.258     3277.639
 53  TIM3+F        1561.365     21  3164.731     3165.820     3264.869
 54  TIM3+F+I      1561.261     22  3166.522     3167.717     3271.429
 55  TIM3+F+G4     1561.273     22  3166.547     3167.742     3271.454
 66  TIM3e         1570.710     18  3177.421     3178.225     3263.254
 67  TIM3e+I       1570.613     19  3179.226     3180.120     3269.827
 68  TIM3e+G4      1570.623     19  3179.247     3180.141     3269.848
 79  TIM2+F        1562.562     21  3167.124     3168.213     3267.262
 80  TIM2+F+I      1562.442     22  3168.883     3170.078     3273.790
 81  TIM2+F+G4     1562.454     22  3168.908     3170.103     3273.815
 92  TIM2e         1571.931     18  3179.862     3180.666     3265.695
 93  TIM2e+I       1571.817     19  3181.634     3182.528     3272.236
 94  TIM2e+G4      1571.828     19  3181.657     3182.551     3272.258
105  TIM+F         1562.406     21  3166.812     3167.902     3266.950
106  TIM+F+I       1562.281     22  3168.562     3169.757     3273.469
107  TIM+F+G4      1562.292     22  3168.585     3169.779     3273.491
118  TIMe          1571.809     18  3179.618     3180.422     3265.451
119  TIMe+I        1571.692     19  3181.384     3182.278     3271.985
120  TIMe+G4       1571.701     19  3181.402     3182.296     3272.003
131  TPM3u+F       1563.268     20  3166.536     3167.526     3261.906
132  TPM3u+F+I     1563.171     21  3168.343     3169.432     3268.481
133  TPM3u+F+G4    1563.177     21  3168.355     3169.444     3268.493
144  TPM3+F        1563.268     20  3166.536     3167.525     3261.906
145  TPM3+F+I      1563.171     21  3168.343     3169.432     3268.481
146  TPM3+F+G4     1563.177     21  3168.355     3169.444     3268.493
157  TPM2u+F       1564.469     20  3168.938     3169.928     3264.308
158  TPM2u+F+I     1564.359     21  3170.718     3171.808     3270.857
159  TPM2u+F+G4    1564.366     21  3170.732     3171.822     3270.871
170  TPM2+F        1564.469     20  3168.938     3169.928     3264.308
171  TPM2+F+I      1564.359     21  3170.718     3171.808     3270.857
172  TPM2+F+G4     1564.366     21  3170.732     3171.822     3270.871
183  K3Pu+F        1564.314     20  3168.629     3169.618     3263.999
184  K3Pu+F+I      1564.201     21  3170.401     3171.491     3270.539
185  K3Pu+F+G4     1564.206     21  3170.412     3171.501     3270.550
196  K3P           1572.637     17  3179.274     3179.993     3260.339
197  K3P+I         1572.525     18  3181.050     3181.854     3266.883
198  K3P+G4        1572.531     18  3181.062     3181.866     3266.895
209  TN+F          1562.562     20  3165.124     3166.114     3260.494
210  TN+F+I        1562.441     21  3166.883     3167.972     3267.021
211  TN+F+G4       1562.454     21  3166.908     3167.997     3267.046
222  TNe           1571.963     17  3177.925     3178.644     3258.990
223  TNe+I         1571.850     18  3179.700     3180.504     3265.533
224  TNe+G4        1571.862     18  3179.724     3180.528     3265.557
235  HKY+F         1564.470     19  3166.939     3167.834     3257.541
236  HKY+F+I       1564.359     20  3168.719     3169.708     3264.089
237  HKY+F+G4      1564.366     20  3168.732     3169.722     3264.102
248  K2P           1572.791     16  3177.582     3178.220     3253.878
249  K2P+I         1572.682     17  3179.365     3180.083     3260.429
250  K2P+G4        1572.689     17  3179.379     3180.097     3260.443
261  F81+F         1568.701     18  3173.403     3174.207     3259.236
262  F81+F+I       1568.612     19  3175.224     3176.118     3265.825
263  F81+F+G4      1568.618     19  3175.236     3176.130     3265.837
274  JC            1577.328     15  3184.656     3185.218     3256.184
275  JC+I          1577.237     16  3186.475     3187.112     3262.770
276  JC+G4         1577.243     16  3186.485     3187.123     3262.781
Akaike Information Criterion:           TIM3+F
Corrected Akaike Information Criterion: TIM3+F
Bayesian Information Criterion:         K2P
Best-fit model: K2P chosen according to BIC

All model information printed to 104761at7898.fltrd_aligned.fas.model.gz
CPU time for ModelFinder: 0.064 seconds (0h:0m:0s)
Wall-clock time for ModelFinder: 0.069 seconds (0h:0m:0s)
Generating 1000 samples for ultrafast bootstrap (seed: 515773)...

NOTE: 0 MB RAM (0 GB) is required!
Estimate model parameters (epsilon = 0.100)
1. Initial log-likelihood: -1572.791
Optimal log-likelihood: -1572.791
Rate parameters:  A-C: 1.00000  A-G: 2.16215  A-T: 1.00000  C-G: 1.00000  C-T: 2.16215  G-T: 1.00000
Base frequencies:  A: 0.250  C: 0.250  G: 0.250  T: 0.250
Parameters optimization took 1 rounds (0.000 sec)
Computing ML distances based on estimated model parameters...
Computing ML distances took 0.000345 sec (of wall-clock time) 0.000318 sec(of CPU time)
Computing RapidNJ tree took 0.000032 sec (of wall-clock time) 0.000027 sec (of CPU time)
Log-likelihood of RapidNJ tree: -1572.797
--------------------------------------------------------------------
|             INITIALIZING CANDIDATE TREE SET                      |
--------------------------------------------------------------------
Generating 98 parsimony trees... 0.011 second
Computing log-likelihood of 98 initial trees ... 0.018 seconds
Current best score: -1572.791

Do NNI search on 20 best initial trees
Estimate model parameters (epsilon = 0.100)
BETTER TREE FOUND at iteration 1: -1572.791
BETTER TREE FOUND at iteration 3: -1572.791
Iteration 10 / LogL: -1572.791 / Time: 0h:0m:0s
Iteration 20 / LogL: -1572.791 / Time: 0h:0m:0s
Finish initializing candidate tree set (14)
Current best tree score: -1572.791 / CPU time: 0.065
Number of iterations: 20
--------------------------------------------------------------------
|               OPTIMIZING CANDIDATE TREE SET                      |
--------------------------------------------------------------------
UPDATE BEST LOG-LIKELIHOOD: -1572.791
Iteration 30 / LogL: -1572.793 / Time: 0h:0m:0s (0h:0m:0s left)
Iteration 40 / LogL: -1572.794 / Time: 0h:0m:0s (0h:0m:0s left)
Iteration 50 / LogL: -1572.791 / Time: 0h:0m:0s (0h:0m:0s left)
Log-likelihood cutoff on original alignment: -1577.160
Iteration 60 / LogL: -1572.791 / Time: 0h:0m:0s (0h:0m:0s left)
Iteration 70 / LogL: -1572.794 / Time: 0h:0m:0s (0h:0m:0s left)
Iteration 80 / LogL: -1572.791 / Time: 0h:0m:0s (0h:0m:0s left)
Iteration 90 / LogL: -1572.794 / Time: 0h:0m:0s (0h:0m:0s left)
Iteration 100 / LogL: -1572.791 / Time: 0h:0m:0s (0h:0m:0s left)
Log-likelihood cutoff on original alignment: -1577.161
NOTE: Bootstrap correlation coefficient of split occurrence frequencies: 0.954
NOTE: UFBoot does not converge, continue at least 100 more iterations
Iteration 110 / LogL: -1572.791 / Time: 0h:0m:0s (0h:0m:0s left)
Iteration 120 / LogL: -1572.791 / Time: 0h:0m:0s (0h:0m:0s left)
Iteration 130 / LogL: -1572.791 / Time: 0h:0m:0s (0h:0m:0s left)
Iteration 140 / LogL: -1572.794 / Time: 0h:0m:0s (0h:0m:0s left)
Iteration 150 / LogL: -1572.796 / Time: 0h:0m:0s (0h:0m:0s left)
Log-likelihood cutoff on original alignment: -1577.149
Iteration 160 / LogL: -1572.793 / Time: 0h:0m:0s (0h:0m:0s left)
Iteration 170 / LogL: -1733.229 / Time: 0h:0m:0s (0h:0m:0s left)
UPDATE BEST LOG-LIKELIHOOD: -1572.791
Iteration 180 / LogL: -1572.791 / Time: 0h:0m:0s (0h:0m:0s left)
Iteration 190 / LogL: -1572.793 / Time: 0h:0m:0s (0h:0m:0s left)
Iteration 200 / LogL: -1572.791 / Time: 0h:0m:0s (0h:0m:0s left)
Log-likelihood cutoff on original alignment: -1577.149
NOTE: Bootstrap correlation coefficient of split occurrence frequencies: 0.973
NOTE: UFBoot does not converge, continue at least 100 more iterations
Iteration 210 / LogL: -1572.791 / Time: 0h:0m:0s (0h:0m:0s left)
Iteration 220 / LogL: -1572.794 / Time: 0h:0m:0s (0h:0m:0s left)
Iteration 230 / LogL: -1572.791 / Time: 0h:0m:0s (0h:0m:0s left)
Iteration 240 / LogL: -1572.792 / Time: 0h:0m:1s (0h:0m:0s left)
Iteration 250 / LogL: -1572.791 / Time: 0h:0m:1s (0h:0m:0s left)
Log-likelihood cutoff on original alignment: -1577.162
Iteration 260 / LogL: -1572.791 / Time: 0h:0m:1s (0h:0m:0s left)
Iteration 270 / LogL: -1572.793 / Time: 0h:0m:1s (0h:0m:0s left)
Iteration 280 / LogL: -1572.794 / Time: 0h:0m:1s (0h:0m:0s left)
Iteration 290 / LogL: -1572.794 / Time: 0h:0m:1s (0h:0m:0s left)
Iteration 300 / LogL: -1572.796 / Time: 0h:0m:1s (0h:0m:0s left)
Log-likelihood cutoff on original alignment: -1577.162
NOTE: Bootstrap correlation coefficient of split occurrence frequencies: 0.967
NOTE: UFBoot does not converge, continue at least 100 more iterations
Iteration 310 / LogL: -1572.791 / Time: 0h:0m:1s (0h:0m:0s left)
Iteration 320 / LogL: -1572.791 / Time: 0h:0m:1s (0h:0m:0s left)
Iteration 330 / LogL: -1572.791 / Time: 0h:0m:1s (0h:0m:0s left)
Iteration 340 / LogL: -1572.791 / Time: 0h:0m:1s (0h:0m:0s left)
Iteration 350 / LogL: -1572.795 / Time: 0h:0m:1s (0h:0m:0s left)
Log-likelihood cutoff on original alignment: -1577.162
Iteration 360 / LogL: -1572.791 / Time: 0h:0m:1s (0h:0m:0s left)
Iteration 370 / LogL: -1572.791 / Time: 0h:0m:1s (0h:0m:0s left)
Iteration 380 / LogL: -1572.791 / Time: 0h:0m:1s (0h:0m:0s left)
Iteration 390 / LogL: -1572.794 / Time: 0h:0m:1s (0h:0m:0s left)
Iteration 400 / LogL: -1572.791 / Time: 0h:0m:1s (0h:0m:0s left)
Log-likelihood cutoff on original alignment: -1577.162
NOTE: Bootstrap correlation coefficient of split occurrence frequencies: 0.978
NOTE: UFBoot does not converge, continue at least 100 more iterations
Iteration 410 / LogL: -1572.791 / Time: 0h:0m:1s (0h:0m:0s left)
Iteration 420 / LogL: -1572.791 / Time: 0h:0m:1s (0h:0m:0s left)
Iteration 430 / LogL: -1572.792 / Time: 0h:0m:1s (0h:0m:0s left)
Iteration 440 / LogL: -1572.794 / Time: 0h:0m:1s (0h:0m:0s left)
Iteration 450 / LogL: -1572.792 / Time: 0h:0m:1s (0h:0m:0s left)
Log-likelihood cutoff on original alignment: -1577.163
Iteration 460 / LogL: -1572.791 / Time: 0h:0m:1s (0h:0m:0s left)
Iteration 470 / LogL: -1572.791 / Time: 0h:0m:2s (0h:0m:0s left)
Iteration 480 / LogL: -1572.794 / Time: 0h:0m:2s (0h:0m:0s left)
Iteration 490 / LogL: -1572.797 / Time: 0h:0m:2s (0h:0m:0s left)
Iteration 500 / LogL: -1572.791 / Time: 0h:0m:2s (0h:0m:0s left)
Log-likelihood cutoff on original alignment: -1577.163
NOTE: Bootstrap correlation coefficient of split occurrence frequencies: 0.975
NOTE: UFBoot does not converge, continue at least 100 more iterations
Iteration 510 / LogL: -1572.791 / Time: 0h:0m:2s (0h:0m:0s left)
Iteration 520 / LogL: -1572.791 / Time: 0h:0m:2s (0h:0m:0s left)
Iteration 530 / LogL: -1572.792 / Time: 0h:0m:2s (0h:0m:0s left)
Iteration 540 / LogL: -1572.792 / Time: 0h:0m:2s (0h:0m:0s left)
Iteration 550 / LogL: -1733.230 / Time: 0h:0m:2s (0h:0m:0s left)
Log-likelihood cutoff on original alignment: -1577.162
Iteration 560 / LogL: -1572.791 / Time: 0h:0m:2s (0h:0m:0s left)
Iteration 570 / LogL: -1572.791 / Time: 0h:0m:2s (0h:0m:0s left)
Iteration 580 / LogL: -1733.230 / Time: 0h:0m:2s (0h:0m:0s left)
Iteration 590 / LogL: -1572.793 / Time: 0h:0m:2s (0h:0m:0s left)
Iteration 600 / LogL: -1572.792 / Time: 0h:0m:2s (0h:0m:0s left)
Log-likelihood cutoff on original alignment: -1577.162
NOTE: Bootstrap correlation coefficient of split occurrence frequencies: 0.990
TREE SEARCH COMPLETED AFTER 600 ITERATIONS / Time: 0h:0m:2s

--------------------------------------------------------------------
|                    FINALIZING TREE SEARCH                        |
--------------------------------------------------------------------
Performs final model parameters optimization
Estimate model parameters (epsilon = 0.010)
1. Initial log-likelihood: -1572.791
Optimal log-likelihood: -1572.791
Rate parameters:  A-C: 1.00000  A-G: 2.16215  A-T: 1.00000  C-G: 1.00000  C-T: 2.16215  G-T: 1.00000
Base frequencies:  A: 0.250  C: 0.250  G: 0.250  T: 0.250
Parameters optimization took 1 rounds (0.000 sec)
BEST SCORE FOUND : -1572.791
Creating bootstrap support values...
Split supports printed to NEXUS file 104761at7898.fltrd_aligned.fas.splits.nex
Total tree length: 0.078

Total number of iterations: 600
CPU time used for tree search: 2.438 sec (0h:0m:2s)
Wall-clock time used for tree search: 2.547 sec (0h:0m:2s)
Total CPU time used: 2.463 sec (0h:0m:2s)
Total wall-clock time used: 2.581 sec (0h:0m:2s)

Computing bootstrap consensus tree...
Reading input file 104761at7898.fltrd_aligned.fas.splits.nex...
9 taxa and 40 splits.
Consensus tree written to 104761at7898.fltrd_aligned.fas.contree
Reading input trees file 104761at7898.fltrd_aligned.fas.contree
Log-likelihood of consensus tree: -1572.798

Analysis results written to: 
  IQ-TREE report:                104761at7898.fltrd_aligned.fas.iqtree
  Maximum-likelihood tree:       104761at7898.fltrd_aligned.fas.treefile
  Likelihood distances:          104761at7898.fltrd_aligned.fas.mldist

Ultrafast bootstrap approximation results written to:
  Split support values:          104761at7898.fltrd_aligned.fas.splits.nex
  Consensus tree:                104761at7898.fltrd_aligned.fas.contree
  Screen log file:               104761at7898.fltrd_aligned.fas.log

Date and Time: Tue Dec  2 14:50:06 2025
