IQ-TREE multicore version 2.1.3 COVID-edition for Linux 64-bit built Apr 21 2021
Developed by Bui Quang Minh, James Barbetti, Nguyen Lam Tung,
Olga Chernomor, Heiko Schmidt, Dominik Schrempf, Michael Woodhams.

Host:    gombessa.rcs.alaska.edu (AVX2, FMA3, 503 GB RAM)
Command: /export/scratch/tsvanorden/Char_Phylogenetics/src/iqtree-2.1.3-Linux/bin/iqtree2 -s 57759at7898.fltrd_aligned.fas -m MFP -bb 1000 -T 1
Seed:    119460 (Using SPRNG - Scalable Parallel Random Number Generator)
Time:    Tue Dec  2 14:50:08 2025
Kernel:  AVX+FMA - 1 threads (1 CPU cores detected)

Reading alignment file 57759at7898.fltrd_aligned.fas ... Fasta format detected
Alignment most likely contains DNA/RNA sequences
Alignment has 20 sequences with 1266 columns, 49 distinct patterns
17 parsimony-informative, 28 singleton sites, 1221 constant sites
                                Gap/Ambiguity  Composition  p-value
   1  251140_Ward_Creek                15.17%    passed     97.69%
   2  260512_Pybus_Point               15.17%    passed     98.67%
   3  261935_Kenai_River               15.17%    passed     98.67%
   4  353213_Cropley_Lake               0.00%    passed     99.98%
   5  353219_Peterson_Creek            15.17%    passed     98.67%
   6  353220_Fish_Creek                15.17%    passed     98.49%
   7  353246_Cottonwood_Creek          15.17%    passed     98.73%
   8  353379_Skagit_River               0.00%    passed     99.63%
   9  353381_Dungeness_River           15.17%    passed     97.72%
  10  353401_Peace_River                0.00%    passed     99.35%
  11  353407_Noatok                    15.17%    passed     98.95%
  12  353410_Horizon_Lake               0.00%    passed     99.82%
  13  92319_Little_Lost                15.17%    passed     99.27%
  14  94280_St_Joe                      0.00%    passed     99.63%
  15  GCA016432855_Lake_Trout           0.00%    passed     96.15%
  16  GCA036784925_Maine_S_alpinus      0.00%    passed     98.48%
  17  GCA045679555_Iceland_A_alpinus    0.00%    passed     98.48%
  18  GCF013265735_Rainbow_Trout        0.00%    passed     99.14%
  19  GCF029448725_Brook_Trout          0.24%    passed     95.02%
  20  Methow_River_99895                0.00%    passed     99.63%
****  TOTAL                             6.84%  0 sequences failed composition chi2 test (p-value<5%; df=3)
NOTE: 94280_St_Joe is identical to 353379_Skagit_River but kept for subsequent analysis
NOTE: GCA045679555_Iceland_A_alpinus is identical to GCA036784925_Maine_S_alpinus but kept for subsequent analysis
NOTE: 1 identical sequences (see below) will be ignored for subsequent analysis
NOTE: Methow_River_99895 (identical to 353379_Skagit_River) is ignored but added at the end
Alignment was printed to 57759at7898.fltrd_aligned.fas.uniqueseq.phy

For your convenience alignment with unique sequences printed to 57759at7898.fltrd_aligned.fas.uniqueseq.phy


Create initial parsimony tree by phylogenetic likelihood library (PLL)... 0.000 seconds
Perform fast likelihood tree search using GTR+I+G model...
Estimate model parameters (epsilon = 5.000)
Perform nearest neighbor interchange...
Estimate model parameters (epsilon = 1.000)
1. Initial log-likelihood: -2132.961
Optimal log-likelihood: -2132.894
Rate parameters:  A-C: 2.09281  A-G: 2.85268  A-T: 0.86997  C-G: 2.00372  C-T: 8.38259  G-T: 1.00000
Base frequencies:  A: 0.183  C: 0.334  G: 0.282  T: 0.202
Proportion of invariable sites: 0.491
Gamma shape alpha: 0.020
Parameters optimization took 1 rounds (0.002 sec)
Time for fast ML tree search: 0.012 seconds

NOTE: ModelFinder requires 0 MB RAM!
ModelFinder will test up to 286 DNA models (sample size: 1266) ...
 No. Model         -LnL         df  AIC          AICc         BIC
  1  GTR+F         2159.971     43  4405.943     4409.039     4627.118
  2  GTR+F+I       2129.522     44  4347.044     4350.288     4573.364
  3  GTR+F+G4      2140.620     44  4369.240     4372.483     4595.559
  4  GTR+F+I+G4    2132.746     45  4355.492     4358.885     4586.955
  5  GTR+F+R2      2129.093     45  4348.186     4351.580     4579.649
  6  GTR+F+R3      2129.060     47  4352.120     4355.824     4593.870
 15  SYM+I         2165.754     41  4413.509     4416.323     4624.397
 18  SYM+R2        2164.893     42  4413.787     4416.740     4629.818
 28  TVM+F+I       2132.148     43  4350.296     4353.393     4571.472
 31  TVM+F+R2      2131.561     44  4351.122     4354.365     4577.441
 41  TVMe+I        2169.233     40  4418.465     4421.143     4624.210
 44  TVMe+R2       2168.326     41  4418.652     4421.466     4629.541
 54  TIM3+F+I      2129.542     42  4343.085     4346.038     4559.117
 57  TIM3+F+R2     2129.109     43  4344.219     4347.315     4565.394
 67  TIM3e+I       2165.922     39  4409.843     4412.388     4610.444
 70  TIM3e+R2      2165.072     40  4410.144     4412.822     4615.889
 80  TIM2+F+I      2130.526     42  4345.053     4348.006     4561.085
 83  TIM2+F+R2     2130.025     43  4346.049     4349.146     4567.225
 93  TIM2e+I       2167.812     39  4413.623     4416.168     4614.225
 96  TIM2e+R2      2166.995     40  4413.991     4416.669     4619.736
106  TIM+F+I       2130.529     42  4345.058     4348.011     4561.090
109  TIM+F+R2      2130.024     43  4346.048     4349.144     4567.223
119  TIMe+I        2167.801     39  4413.602     4416.147     4614.203
122  TIMe+R2       2167.002     40  4414.005     4416.683     4619.750
132  TPM3u+F+I     2132.181     41  4346.363     4349.177     4557.251
135  TPM3u+F+R2    2131.583     42  4347.165     4350.119     4563.197
145  TPM3+F+I      2132.181     41  4346.363     4349.177     4557.251
148  TPM3+F+R2     2131.584     42  4347.168     4350.121     4563.200
158  TPM2u+F+I     2133.052     41  4348.105     4350.919     4558.993
161  TPM2u+F+R2    2132.460     42  4348.920     4351.873     4564.952
171  TPM2+F+I      2133.052     41  4348.105     4350.919     4558.993
174  TPM2+F+R2     2132.460     42  4348.920     4351.873     4564.952
184  K3Pu+F+I      2133.076     41  4348.152     4350.965     4559.040
187  K3Pu+F+R2     2132.475     42  4348.951     4351.904     4564.983
197  K3P+I         2171.012     38  4418.025     4420.440     4613.482
200  K3P+R2        2170.155     39  4418.309     4420.854     4618.911
210  TN+F+I        2130.538     41  4343.075     4345.889     4553.964
213  TN+F+R2       2130.030     42  4344.059     4347.013     4560.091
223  TNe+I         2167.956     38  4411.912     4414.327     4607.369
226  TNe+R2        2167.150     39  4412.299     4414.844     4612.900
236  HKY+F+I       2133.080     40  4346.161     4348.838     4551.906
239  HKY+F+R2      2132.477     41  4346.954     4349.768     4557.842
249  K2P+I         2171.161     37  4416.321     4418.611     4606.635
252  K2P+R2        2170.295     38  4416.591     4419.006     4612.048
262  F81+F+I       2144.577     39  4367.154     4369.699     4567.755
265  F81+F+R2      2143.672     40  4367.343     4370.021     4573.088
275  JC+I          2181.467     36  4434.935     4437.102     4620.105
278  JC+R2         2180.493     37  4434.985     4437.275     4625.299
Akaike Information Criterion:           TN+F+I
Corrected Akaike Information Criterion: TN+F+I
Bayesian Information Criterion:         HKY+F+I
Best-fit model: HKY+F+I chosen according to BIC

All model information printed to 57759at7898.fltrd_aligned.fas.model.gz
CPU time for ModelFinder: 1.990 seconds (0h:0m:1s)
Wall-clock time for ModelFinder: 2.022 seconds (0h:0m:2s)
Generating 1000 samples for ultrafast bootstrap (seed: 119460)...

NOTE: 0 MB RAM (0 GB) is required!
Estimate model parameters (epsilon = 0.100)
1. Initial log-likelihood: -2133.080
Optimal log-likelihood: -2133.079
Rate parameters:  A-C: 1.00000  A-G: 3.82225  A-T: 1.00000  C-G: 1.00000  C-T: 3.82225  G-T: 1.00000
Base frequencies:  A: 0.183  C: 0.334  G: 0.282  T: 0.202
Proportion of invariable sites: 0.938
Parameters optimization took 1 rounds (0.001 sec)
Computing ML distances based on estimated model parameters...
Computing ML distances took 0.002452 sec (of wall-clock time) 0.002416 sec(of CPU time)
WARNING: Some pairwise ML distances are too long (saturated)
Computing RapidNJ tree took 0.000069 sec (of wall-clock time) 0.000068 sec (of CPU time)
Log-likelihood of RapidNJ tree: -2199.358
--------------------------------------------------------------------
|             INITIALIZING CANDIDATE TREE SET                      |
--------------------------------------------------------------------
Generating 98 parsimony trees... 0.053 second
Computing log-likelihood of 98 initial trees ... 0.041 seconds
Current best score: -2129.610

Do NNI search on 20 best initial trees
Estimate model parameters (epsilon = 0.100)
BETTER TREE FOUND at iteration 1: -2129.427
Estimate model parameters (epsilon = 0.100)
BETTER TREE FOUND at iteration 2: -2129.168
Estimate model parameters (epsilon = 0.100)
BETTER TREE FOUND at iteration 3: -2128.802
Iteration 10 / LogL: -2131.194 / Time: 0h:0m:0s
Iteration 20 / LogL: -2132.012 / Time: 0h:0m:0s
Finish initializing candidate tree set (19)
Current best tree score: -2128.802 / CPU time: 0.243
Number of iterations: 20
--------------------------------------------------------------------
|               OPTIMIZING CANDIDATE TREE SET                      |
--------------------------------------------------------------------
Iteration 30 / LogL: -2129.264 / Time: 0h:0m:0s (0h:0m:0s left)
BETTER TREE FOUND at iteration 39: -2128.802
Iteration 40 / LogL: -2128.807 / Time: 0h:0m:0s (0h:0m:1s left)
Iteration 50 / LogL: -2130.925 / Time: 0h:0m:0s (0h:0m:0s left)
Log-likelihood cutoff on original alignment: -2143.876
Iteration 60 / LogL: -2128.808 / Time: 0h:0m:0s (0h:0m:0s left)
Iteration 70 / LogL: -2129.267 / Time: 0h:0m:0s (0h:0m:0s left)
Iteration 80 / LogL: -2128.807 / Time: 0h:0m:0s (0h:0m:0s left)
Iteration 90 / LogL: -2128.806 / Time: 0h:0m:0s (0h:0m:0s left)
Iteration 100 / LogL: -2128.809 / Time: 0h:0m:1s (0h:0m:0s left)
Log-likelihood cutoff on original alignment: -2144.025
NOTE: Bootstrap correlation coefficient of split occurrence frequencies: 0.980
NOTE: UFBoot does not converge, continue at least 100 more iterations
Estimate model parameters (epsilon = 0.100)
BETTER TREE FOUND at iteration 101: -2128.256
Iteration 110 / LogL: -2128.899 / Time: 0h:0m:1s (0h:0m:0s left)
UPDATE BEST LOG-LIKELIHOOD: -2128.256
Iteration 120 / LogL: -2129.355 / Time: 0h:0m:1s (0h:0m:0s left)
Iteration 130 / LogL: -2129.767 / Time: 0h:0m:1s (0h:0m:0s left)
Iteration 140 / LogL: -2128.778 / Time: 0h:0m:1s (0h:0m:0s left)
UPDATE BEST LOG-LIKELIHOOD: -2128.256
Iteration 150 / LogL: -2128.258 / Time: 0h:0m:1s (0h:0m:0s left)
Log-likelihood cutoff on original alignment: -2144.877
Iteration 160 / LogL: -2129.814 / Time: 0h:0m:1s (0h:0m:0s left)
Iteration 170 / LogL: -2128.258 / Time: 0h:0m:1s (0h:0m:0s left)
Iteration 180 / LogL: -2129.272 / Time: 0h:0m:1s (0h:0m:0s left)
UPDATE BEST LOG-LIKELIHOOD: -2128.255
Iteration 190 / LogL: -2128.256 / Time: 0h:0m:1s (0h:0m:0s left)
BETTER TREE FOUND at iteration 198: -2128.255
Iteration 200 / LogL: -2129.369 / Time: 0h:0m:1s (0h:0m:0s left)
Log-likelihood cutoff on original alignment: -2145.315
NOTE: Bootstrap correlation coefficient of split occurrence frequencies: 0.956
NOTE: UFBoot does not converge, continue at least 100 more iterations
Iteration 210 / LogL: -2128.255 / Time: 0h:0m:1s (0h:0m:0s left)
Iteration 220 / LogL: -2128.256 / Time: 0h:0m:2s (0h:0m:0s left)
Iteration 230 / LogL: -2129.360 / Time: 0h:0m:2s (0h:0m:0s left)
Iteration 240 / LogL: -2128.256 / Time: 0h:0m:2s (0h:0m:0s left)
Iteration 250 / LogL: -2130.344 / Time: 0h:0m:2s (0h:0m:0s left)
Log-likelihood cutoff on original alignment: -2146.207
Iteration 260 / LogL: -2130.801 / Time: 0h:0m:2s (0h:0m:0s left)
Iteration 270 / LogL: -2128.774 / Time: 0h:0m:2s (0h:0m:0s left)
Iteration 280 / LogL: -2128.778 / Time: 0h:0m:2s (0h:0m:0s left)
Iteration 290 / LogL: -2128.779 / Time: 0h:0m:2s (0h:0m:0s left)
Iteration 300 / LogL: -2128.256 / Time: 0h:0m:2s (0h:0m:0s left)
Log-likelihood cutoff on original alignment: -2146.967
NOTE: Bootstrap correlation coefficient of split occurrence frequencies: 0.982
NOTE: UFBoot does not converge, continue at least 100 more iterations
Iteration 310 / LogL: -2128.258 / Time: 0h:0m:2s (0h:0m:0s left)
Iteration 320 / LogL: -2129.359 / Time: 0h:0m:3s (0h:0m:0s left)
Iteration 330 / LogL: -2130.669 / Time: 0h:0m:3s (0h:0m:0s left)
Iteration 340 / LogL: -2128.262 / Time: 0h:0m:3s (0h:0m:0s left)
UPDATE BEST LOG-LIKELIHOOD: -2128.255
Iteration 350 / LogL: -2128.255 / Time: 0h:0m:3s (0h:0m:0s left)
Log-likelihood cutoff on original alignment: -2147.936
UPDATE BEST LOG-LIKELIHOOD: -2128.255
Iteration 360 / LogL: -2128.259 / Time: 0h:0m:3s (0h:0m:0s left)
Iteration 370 / LogL: -2128.259 / Time: 0h:0m:3s (0h:0m:0s left)
Iteration 380 / LogL: -2128.259 / Time: 0h:0m:3s (0h:0m:0s left)
Iteration 390 / LogL: -2128.259 / Time: 0h:0m:3s (0h:0m:0s left)
Iteration 400 / LogL: -2128.255 / Time: 0h:0m:4s (0h:0m:0s left)
Log-likelihood cutoff on original alignment: -2147.936
NOTE: Bootstrap correlation coefficient of split occurrence frequencies: 0.981
NOTE: UFBoot does not converge, continue at least 100 more iterations
Iteration 410 / LogL: -2128.780 / Time: 0h:0m:4s (0h:0m:0s left)
Iteration 420 / LogL: -2128.255 / Time: 0h:0m:4s (0h:0m:0s left)
Iteration 430 / LogL: -2128.771 / Time: 0h:0m:4s (0h:0m:0s left)
Iteration 440 / LogL: -2129.761 / Time: 0h:0m:4s (0h:0m:0s left)
UPDATE BEST LOG-LIKELIHOOD: -2128.255
Iteration 450 / LogL: -2128.258 / Time: 0h:0m:4s (0h:0m:0s left)
Log-likelihood cutoff on original alignment: -2147.936
Iteration 460 / LogL: -2128.258 / Time: 0h:0m:4s (0h:0m:0s left)
UPDATE BEST LOG-LIKELIHOOD: -2128.255
Iteration 470 / LogL: -2128.779 / Time: 0h:0m:5s (0h:0m:0s left)
Iteration 480 / LogL: -2130.253 / Time: 0h:0m:5s (0h:0m:0s left)
Iteration 490 / LogL: -2128.255 / Time: 0h:0m:5s (0h:0m:0s left)
Iteration 500 / LogL: -2130.354 / Time: 0h:0m:5s (0h:0m:0s left)
Log-likelihood cutoff on original alignment: -2149.252
NOTE: Bootstrap correlation coefficient of split occurrence frequencies: 0.984
NOTE: UFBoot does not converge, continue at least 100 more iterations
Iteration 510 / LogL: -2128.257 / Time: 0h:0m:5s (0h:0m:0s left)
Iteration 520 / LogL: -2128.779 / Time: 0h:0m:5s (0h:0m:0s left)
Iteration 530 / LogL: -2128.255 / Time: 0h:0m:5s (0h:0m:0s left)
Iteration 540 / LogL: -2129.361 / Time: 0h:0m:6s (0h:0m:0s left)
Iteration 550 / LogL: -2130.673 / Time: 0h:0m:6s (0h:0m:0s left)
Log-likelihood cutoff on original alignment: -2149.252
Iteration 560 / LogL: -2128.257 / Time: 0h:0m:6s (0h:0m:0s left)
Iteration 570 / LogL: -2128.255 / Time: 0h:0m:6s (0h:0m:0s left)
Iteration 580 / LogL: -2128.255 / Time: 0h:0m:6s (0h:0m:0s left)
UPDATE BEST LOG-LIKELIHOOD: -2128.255
Iteration 590 / LogL: -2128.778 / Time: 0h:0m:6s (0h:0m:0s left)
Iteration 600 / LogL: -2131.806 / Time: 0h:0m:6s (0h:0m:0s left)
Log-likelihood cutoff on original alignment: -2149.252
NOTE: Bootstrap correlation coefficient of split occurrence frequencies: 0.981
NOTE: UFBoot does not converge, continue at least 100 more iterations
Iteration 610 / LogL: -2128.769 / Time: 0h:0m:6s (0h:0m:1s left)
Iteration 620 / LogL: -2128.771 / Time: 0h:0m:7s (0h:0m:0s left)
Iteration 630 / LogL: -2128.258 / Time: 0h:0m:7s (0h:0m:0s left)
Iteration 640 / LogL: -2128.258 / Time: 0h:0m:7s (0h:0m:0s left)
Iteration 650 / LogL: -2136.840 / Time: 0h:0m:7s (0h:0m:0s left)
Log-likelihood cutoff on original alignment: -2149.252
Iteration 660 / LogL: -2128.778 / Time: 0h:0m:7s (0h:0m:0s left)
Iteration 670 / LogL: -2128.778 / Time: 0h:0m:7s (0h:0m:0s left)
Iteration 680 / LogL: -2137.917 / Time: 0h:0m:7s (0h:0m:0s left)
Iteration 690 / LogL: -2128.257 / Time: 0h:0m:8s (0h:0m:0s left)
Iteration 700 / LogL: -2129.360 / Time: 0h:0m:8s (0h:0m:0s left)
Log-likelihood cutoff on original alignment: -2149.921
NOTE: Bootstrap correlation coefficient of split occurrence frequencies: 0.987
NOTE: UFBoot does not converge, continue at least 100 more iterations
Iteration 710 / LogL: -2128.258 / Time: 0h:0m:8s (0h:0m:1s left)
UPDATE BEST LOG-LIKELIHOOD: -2128.255
Iteration 720 / LogL: -2128.257 / Time: 0h:0m:8s (0h:0m:0s left)
UPDATE BEST LOG-LIKELIHOOD: -2128.255
Iteration 730 / LogL: -2128.772 / Time: 0h:0m:8s (0h:0m:0s left)
UPDATE BEST LOG-LIKELIHOOD: -2128.254
Iteration 740 / LogL: -2133.052 / Time: 0h:0m:8s (0h:0m:0s left)
Iteration 750 / LogL: -2130.669 / Time: 0h:0m:9s (0h:0m:0s left)
Log-likelihood cutoff on original alignment: -2149.921
Iteration 760 / LogL: -2128.774 / Time: 0h:0m:9s (0h:0m:0s left)
Iteration 770 / LogL: -2128.257 / Time: 0h:0m:9s (0h:0m:0s left)
UPDATE BEST LOG-LIKELIHOOD: -2128.254
Iteration 780 / LogL: -2130.943 / Time: 0h:0m:9s (0h:0m:0s left)
Iteration 790 / LogL: -2129.361 / Time: 0h:0m:9s (0h:0m:0s left)
Iteration 800 / LogL: -2128.768 / Time: 0h:0m:9s (0h:0m:0s left)
Log-likelihood cutoff on original alignment: -2149.921
NOTE: Bootstrap correlation coefficient of split occurrence frequencies: 0.994
TREE SEARCH COMPLETED AFTER 800 ITERATIONS / Time: 0h:0m:9s

--------------------------------------------------------------------
|                    FINALIZING TREE SEARCH                        |
--------------------------------------------------------------------
Performs final model parameters optimization
Estimate model parameters (epsilon = 0.010)
1. Initial log-likelihood: -2128.254
Optimal log-likelihood: -2128.254
Rate parameters:  A-C: 1.00000  A-G: 4.45874  A-T: 1.00000  C-G: 1.00000  C-T: 4.45874  G-T: 1.00000
Base frequencies:  A: 0.183  C: 0.334  G: 0.282  T: 0.202
Proportion of invariable sites: 0.938
Parameters optimization took 1 rounds (0.000 sec)
BEST SCORE FOUND : -2128.254
Creating bootstrap support values...
Split supports printed to NEXUS file 57759at7898.fltrd_aligned.fas.splits.nex
Total tree length: 0.058

Total number of iterations: 800
CPU time used for tree search: 9.655 sec (0h:0m:9s)
Wall-clock time used for tree search: 9.851 sec (0h:0m:9s)
Total CPU time used: 9.703 sec (0h:0m:9s)
Total wall-clock time used: 9.911 sec (0h:0m:9s)

Computing bootstrap consensus tree...
Reading input file 57759at7898.fltrd_aligned.fas.splits.nex...
19 taxa and 309 splits.
Consensus tree written to 57759at7898.fltrd_aligned.fas.contree
Reading input trees file 57759at7898.fltrd_aligned.fas.contree
Log-likelihood of consensus tree: -2129.777

Analysis results written to: 
  IQ-TREE report:                57759at7898.fltrd_aligned.fas.iqtree
  Maximum-likelihood tree:       57759at7898.fltrd_aligned.fas.treefile
  Likelihood distances:          57759at7898.fltrd_aligned.fas.mldist

Ultrafast bootstrap approximation results written to:
  Split support values:          57759at7898.fltrd_aligned.fas.splits.nex
  Consensus tree:                57759at7898.fltrd_aligned.fas.contree
  Screen log file:               57759at7898.fltrd_aligned.fas.log

Date and Time: Tue Dec  2 14:50:20 2025
