IQ-TREE multicore version 2.1.3 COVID-edition for Linux 64-bit built Apr 21 2021
Developed by Bui Quang Minh, James Barbetti, Nguyen Lam Tung,
Olga Chernomor, Heiko Schmidt, Dominik Schrempf, Michael Woodhams.

Host:    gombessa.rcs.alaska.edu (AVX2, FMA3, 503 GB RAM)
Command: /export/scratch/tsvanorden/Char_Phylogenetics/src/iqtree-2.1.3-Linux/bin/iqtree2 -s 118095at7898.fltrd_aligned.fas -m MFP -bb 1000 -T 1
Seed:    93823 (Using SPRNG - Scalable Parallel Random Number Generator)
Time:    Tue Dec  2 14:49:23 2025
Kernel:  AVX+FMA - 1 threads (1 CPU cores detected)

Reading alignment file 118095at7898.fltrd_aligned.fas ... Fasta format detected
Alignment most likely contains DNA/RNA sequences
Alignment has 20 sequences with 567 columns, 30 distinct patterns
19 parsimony-informative, 8 singleton sites, 540 constant sites
                                Gap/Ambiguity  Composition  p-value
   1  251140_Ward_Creek                 0.53%    passed     99.95%
   2  260512_Pybus_Point                0.53%    passed     99.95%
   3  261935_Kenai_River                0.53%    passed     99.95%
   4  353213_Cropley_Lake               0.53%    passed     99.95%
   5  353219_Peterson_Creek             0.53%    passed     99.95%
   6  353220_Fish_Creek                 0.53%    passed     99.95%
   7  353246_Cottonwood_Creek           0.53%    passed     99.91%
   8  353379_Skagit_River               0.53%    passed     99.92%
   9  353381_Dungeness_River           17.11%    passed     78.82%
  10  353401_Peace_River                0.53%    passed     99.92%
  11  353407_Noatok                     0.53%    passed     99.91%
  12  353410_Horizon_Lake               0.53%    passed     99.95%
  13  92319_Little_Lost                 0.53%    passed     99.92%
  14  94280_St_Joe                      0.53%    passed     99.92%
  15  GCA016432855_Lake_Trout           0.53%    passed     99.93%
  16  GCA036784925_Maine_S_alpinus      0.53%    passed     99.95%
  17  GCA045679555_Iceland_A_alpinus    0.53%    passed     99.95%
  18  GCF013265735_Rainbow_Trout        0.53%    passed    100.00%
  19  GCF029448725_Brook_Trout          0.53%    passed     99.91%
  20  Methow_River_99895                0.53%    passed     99.92%
****  TOTAL                             1.36%  0 sequences failed composition chi2 test (p-value<5%; df=3)
NOTE: 260512_Pybus_Point is identical to 251140_Ward_Creek but kept for subsequent analysis
NOTE: 353407_Noatok is identical to 353246_Cottonwood_Creek but kept for subsequent analysis
NOTE: 353401_Peace_River is identical to 353379_Skagit_River but kept for subsequent analysis
NOTE: 10 identical sequences (see below) will be ignored for subsequent analysis
NOTE: 261935_Kenai_River (identical to 251140_Ward_Creek) is ignored but added at the end
NOTE: 353213_Cropley_Lake (identical to 251140_Ward_Creek) is ignored but added at the end
NOTE: 353219_Peterson_Creek (identical to 251140_Ward_Creek) is ignored but added at the end
NOTE: 353220_Fish_Creek (identical to 251140_Ward_Creek) is ignored but added at the end
NOTE: 353410_Horizon_Lake (identical to 251140_Ward_Creek) is ignored but added at the end
NOTE: GCA036784925_Maine_S_alpinus (identical to 251140_Ward_Creek) is ignored but added at the end
NOTE: GCA045679555_Iceland_A_alpinus (identical to 251140_Ward_Creek) is ignored but added at the end
NOTE: 92319_Little_Lost (identical to 353379_Skagit_River) is ignored but added at the end
NOTE: 94280_St_Joe (identical to 353379_Skagit_River) is ignored but added at the end
NOTE: Methow_River_99895 (identical to 353379_Skagit_River) is ignored but added at the end
Alignment was printed to 118095at7898.fltrd_aligned.fas.uniqueseq.phy

For your convenience alignment with unique sequences printed to 118095at7898.fltrd_aligned.fas.uniqueseq.phy


Create initial parsimony tree by phylogenetic likelihood library (PLL)... 0.000 seconds
Perform fast likelihood tree search using GTR+I+G model...
Estimate model parameters (epsilon = 5.000)
Perform nearest neighbor interchange...
Estimate model parameters (epsilon = 1.000)
1. Initial log-likelihood: -948.960
Optimal log-likelihood: -948.955
Rate parameters:  A-C: 0.63181  A-G: 0.90993  A-T: 0.90630  C-G: 0.69724  C-T: 2.20972  G-T: 1.00000
Base frequencies:  A: 0.265  C: 0.255  G: 0.239  T: 0.241
Proportion of invariable sites: 0.475
Gamma shape alpha: 998.447
Parameters optimization took 1 rounds (0.001 sec)
Time for fast ML tree search: 0.003 seconds

NOTE: ModelFinder requires 0 MB RAM!
ModelFinder will test up to 286 DNA models (sample size: 567) ...
 No. Model         -LnL         df  AIC          AICc         BIC
  1  GTR+F         948.668      25  1947.336     1949.739     2055.845
  2  GTR+F+I       948.668      26  1949.336     1951.936     2062.185
  3  GTR+F+G4      948.668      26  1949.336     1951.936     2062.185
  4  GTR+F+I+G4    948.954      27  1951.909     1954.714     2069.098
  5  GTR+F+R2      948.808      27  1951.616     1954.422     2068.806
  6  GTR+F+R3      948.846      29  1955.693     1958.933     2081.563
 14  SYM           949.130      22  1942.260     1944.120     2037.747
 15  SYM+I         949.129      23  1944.259     1946.292     2044.087
 16  SYM+G4        949.130      23  1944.259     1946.292     2044.087
 27  TVM+F         949.756      24  1947.512     1949.726     2051.680
 28  TVM+F+I       949.756      25  1949.511     1951.914     2058.020
 29  TVM+F+G4      949.756      25  1949.512     1951.915     2058.021
 40  TVMe          950.181      21  1942.362     1944.057     2033.510
 41  TVMe+I        950.181      22  1944.362     1946.222     2039.850
 42  TVMe+G4       950.181      22  1944.362     1946.223     2039.850
 53  TIM3+F        948.686      23  1943.372     1945.405     2043.200
 54  TIM3+F+I      948.686      24  1945.373     1947.587     2049.541
 55  TIM3+F+G4     948.686      24  1945.373     1947.587     2049.541
 66  TIM3e         949.134      20  1938.268     1939.806     2025.075
 67  TIM3e+I       949.134      21  1940.268     1941.963     2031.415
 68  TIM3e+G4      949.134      21  1940.268     1941.964     2031.416
 79  TIM2+F        948.873      23  1943.745     1945.778     2043.573
 80  TIM2+F+I      948.872      24  1945.744     1947.958     2049.913
 81  TIM2+F+G4     948.873      24  1945.747     1947.961     2049.915
 92  TIM2e         949.305      20  1938.610     1940.148     2025.417
 93  TIM2e+I       949.305      21  1940.609     1942.305     2031.757
 94  TIM2e+G4      949.305      21  1940.610     1942.305     2031.757
105  TIM+F         948.891      23  1943.782     1945.815     2043.610
106  TIM+F+I       948.891      24  1945.781     1947.995     2049.950
107  TIM+F+G4      948.891      24  1945.782     1947.996     2049.951
118  TIMe          949.308      20  1938.617     1940.155     2025.424
119  TIMe+I        949.308      21  1940.617     1942.312     2031.764
120  TIMe+G4       949.309      21  1940.617     1942.313     2031.765
131  TPM3u+F       949.774      22  1943.548     1945.408     2039.036
132  TPM3u+F+I     949.774      23  1945.548     1947.581     2045.376
133  TPM3u+F+G4    949.774      23  1945.548     1947.581     2045.377
144  TPM3+F        949.774      22  1943.548     1945.408     2039.036
145  TPM3+F+I      949.774      23  1945.548     1947.581     2045.376
146  TPM3+F+G4     949.774      23  1945.548     1947.581     2045.377
157  TPM2u+F       949.960      22  1943.919     1945.780     2039.407
158  TPM2u+F+I     949.959      23  1945.918     1947.951     2045.746
159  TPM2u+F+G4    949.959      23  1945.918     1947.951     2045.747
170  TPM2+F        949.960      22  1943.919     1945.780     2039.407
171  TPM2+F+I      949.959      23  1945.918     1947.951     2045.746
172  TPM2+F+G4     949.959      23  1945.918     1947.951     2045.747
183  K3Pu+F        949.977      22  1943.954     1945.815     2039.442
184  K3Pu+F+I      949.977      23  1945.954     1947.988     2045.783
185  K3Pu+F+G4     949.977      23  1945.955     1947.988     2045.783
196  K3P           950.359      19  1938.718     1940.108     2021.185
197  K3P+I         950.359      20  1940.718     1942.257     2027.525
198  K3P+G4        950.359      20  1940.719     1942.257     2027.526
209  TN+F          948.891      22  1941.782     1943.642     2037.270
210  TN+F+I        948.891      23  1943.782     1945.815     2043.610
211  TN+F+G4       948.891      23  1943.783     1945.816     2043.611
222  TNe           949.309      19  1936.617     1938.006     2019.084
223  TNe+I         949.308      20  1938.617     1940.155     2025.424
224  TNe+G4        949.309      20  1938.617     1940.156     2025.425
235  HKY+F         949.977      21  1941.954     1943.650     2033.102
236  HKY+F+I       949.977      22  1943.954     1945.815     2039.442
237  HKY+F+G4      949.978      22  1943.955     1945.815     2039.443
248  K2P           950.359      18  1936.718     1937.966     2014.845
249  K2P+I         950.359      19  1938.718     1940.108     2021.185
250  K2P+G4        950.359      19  1938.719     1940.108     2021.186
261  F81+F         951.278      20  1942.556     1944.094     2029.363
262  F81+F+I       951.278      21  1944.556     1946.251     2035.703
263  F81+F+G4      951.278      21  1944.556     1946.252     2035.704
274  JC            951.653      17  1937.307     1938.421     2011.093
275  JC+I          951.653      18  1939.307     1940.555     2017.433
276  JC+G4         951.654      18  1939.307     1940.555     2017.434
Akaike Information Criterion:           TNe
Corrected Akaike Information Criterion: K2P
Bayesian Information Criterion:         JC
Best-fit model: JC chosen according to BIC

All model information printed to 118095at7898.fltrd_aligned.fas.model.gz
CPU time for ModelFinder: 0.067 seconds (0h:0m:0s)
Wall-clock time for ModelFinder: 0.073 seconds (0h:0m:0s)
Generating 1000 samples for ultrafast bootstrap (seed: 93823)...

NOTE: 0 MB RAM (0 GB) is required!
Estimate model parameters (epsilon = 0.100)
1. Initial log-likelihood: -951.653
Optimal log-likelihood: -951.653
Rate parameters:  A-C: 1.00000  A-G: 1.00000  A-T: 1.00000  C-G: 1.00000  C-T: 1.00000  G-T: 1.00000
Base frequencies:  A: 0.250  C: 0.250  G: 0.250  T: 0.250
Parameters optimization took 1 rounds (0.000 sec)
Computing ML distances based on estimated model parameters...
Computing ML distances took 0.000355 sec (of wall-clock time) 0.000334 sec(of CPU time)
Computing RapidNJ tree took 0.000033 sec (of wall-clock time) 0.000029 sec (of CPU time)
Log-likelihood of RapidNJ tree: -960.085
--------------------------------------------------------------------
|             INITIALIZING CANDIDATE TREE SET                      |
--------------------------------------------------------------------
Generating 98 parsimony trees... 0.012 second
Computing log-likelihood of 98 initial trees ... 0.018 seconds
Current best score: -951.653

Do NNI search on 20 best initial trees
Estimate model parameters (epsilon = 0.100)
BETTER TREE FOUND at iteration 1: -951.653
BETTER TREE FOUND at iteration 2: -951.653
BETTER TREE FOUND at iteration 7: -951.653
Iteration 10 / LogL: -951.653 / Time: 0h:0m:0s
Iteration 20 / LogL: -951.653 / Time: 0h:0m:0s
Finish initializing candidate tree set (19)
Current best tree score: -951.653 / CPU time: 0.071
Number of iterations: 20
--------------------------------------------------------------------
|               OPTIMIZING CANDIDATE TREE SET                      |
--------------------------------------------------------------------
BETTER TREE FOUND at iteration 24: -951.653
Iteration 30 / LogL: -951.653 / Time: 0h:0m:0s (0h:0m:0s left)
Iteration 40 / LogL: -951.653 / Time: 0h:0m:0s (0h:0m:0s left)
Iteration 50 / LogL: -951.654 / Time: 0h:0m:0s (0h:0m:0s left)
Log-likelihood cutoff on original alignment: -965.183
Iteration 60 / LogL: -951.656 / Time: 0h:0m:0s (0h:0m:0s left)
Iteration 70 / LogL: -951.655 / Time: 0h:0m:0s (0h:0m:0s left)
Iteration 80 / LogL: -951.653 / Time: 0h:0m:0s (0h:0m:0s left)
Iteration 90 / LogL: -951.653 / Time: 0h:0m:0s (0h:0m:0s left)
Iteration 100 / LogL: -951.653 / Time: 0h:0m:0s (0h:0m:0s left)
Log-likelihood cutoff on original alignment: -965.183
NOTE: Bootstrap correlation coefficient of split occurrence frequencies: 0.949
NOTE: UFBoot does not converge, continue at least 100 more iterations
Iteration 110 / LogL: -951.655 / Time: 0h:0m:0s (0h:0m:0s left)
Iteration 120 / LogL: -951.655 / Time: 0h:0m:0s (0h:0m:0s left)
Iteration 130 / LogL: -951.654 / Time: 0h:0m:0s (0h:0m:0s left)
Iteration 140 / LogL: -951.653 / Time: 0h:0m:0s (0h:0m:0s left)
Iteration 150 / LogL: -951.654 / Time: 0h:0m:0s (0h:0m:0s left)
Log-likelihood cutoff on original alignment: -967.220
Iteration 160 / LogL: -951.654 / Time: 0h:0m:0s (0h:0m:0s left)
Iteration 170 / LogL: -951.653 / Time: 0h:0m:0s (0h:0m:0s left)
Iteration 180 / LogL: -951.655 / Time: 0h:0m:0s (0h:0m:0s left)
Iteration 190 / LogL: -960.088 / Time: 0h:0m:0s (0h:0m:0s left)
Iteration 200 / LogL: -951.657 / Time: 0h:0m:0s (0h:0m:0s left)
Log-likelihood cutoff on original alignment: -967.765
NOTE: Bootstrap correlation coefficient of split occurrence frequencies: 0.950
NOTE: UFBoot does not converge, continue at least 100 more iterations
Iteration 210 / LogL: -951.653 / Time: 0h:0m:1s (0h:0m:0s left)
Iteration 220 / LogL: -951.655 / Time: 0h:0m:1s (0h:0m:0s left)
Iteration 230 / LogL: -951.655 / Time: 0h:0m:1s (0h:0m:0s left)
Iteration 240 / LogL: -951.653 / Time: 0h:0m:1s (0h:0m:0s left)
Iteration 250 / LogL: -951.653 / Time: 0h:0m:1s (0h:0m:0s left)
Log-likelihood cutoff on original alignment: -968.170
Iteration 260 / LogL: -951.653 / Time: 0h:0m:1s (0h:0m:0s left)
Iteration 270 / LogL: -951.655 / Time: 0h:0m:1s (0h:0m:0s left)
Iteration 280 / LogL: -951.653 / Time: 0h:0m:1s (0h:0m:0s left)
Iteration 290 / LogL: -951.656 / Time: 0h:0m:1s (0h:0m:0s left)
Iteration 300 / LogL: -951.653 / Time: 0h:0m:1s (0h:0m:0s left)
Log-likelihood cutoff on original alignment: -968.170
NOTE: Bootstrap correlation coefficient of split occurrence frequencies: 0.985
NOTE: UFBoot does not converge, continue at least 100 more iterations
Iteration 310 / LogL: -951.653 / Time: 0h:0m:1s (0h:0m:0s left)
Iteration 320 / LogL: -951.653 / Time: 0h:0m:1s (0h:0m:0s left)
Iteration 330 / LogL: -951.653 / Time: 0h:0m:1s (0h:0m:0s left)
Iteration 340 / LogL: -951.653 / Time: 0h:0m:1s (0h:0m:0s left)
Iteration 350 / LogL: -951.654 / Time: 0h:0m:1s (0h:0m:0s left)
Log-likelihood cutoff on original alignment: -968.170
Iteration 360 / LogL: -951.655 / Time: 0h:0m:1s (0h:0m:0s left)
Iteration 370 / LogL: -951.655 / Time: 0h:0m:1s (0h:0m:0s left)
Iteration 380 / LogL: -951.653 / Time: 0h:0m:1s (0h:0m:0s left)
Iteration 390 / LogL: -951.653 / Time: 0h:0m:1s (0h:0m:0s left)
Iteration 400 / LogL: -951.654 / Time: 0h:0m:2s (0h:0m:0s left)
Log-likelihood cutoff on original alignment: -968.170
NOTE: Bootstrap correlation coefficient of split occurrence frequencies: 0.978
NOTE: UFBoot does not converge, continue at least 100 more iterations
Iteration 410 / LogL: -951.654 / Time: 0h:0m:2s (0h:0m:0s left)
Iteration 420 / LogL: -951.653 / Time: 0h:0m:2s (0h:0m:0s left)
Iteration 430 / LogL: -951.655 / Time: 0h:0m:2s (0h:0m:0s left)
Iteration 440 / LogL: -951.657 / Time: 0h:0m:2s (0h:0m:0s left)
Iteration 450 / LogL: -951.653 / Time: 0h:0m:2s (0h:0m:0s left)
Log-likelihood cutoff on original alignment: -968.170
Iteration 460 / LogL: -951.654 / Time: 0h:0m:2s (0h:0m:0s left)
Iteration 470 / LogL: -951.654 / Time: 0h:0m:2s (0h:0m:0s left)
Iteration 480 / LogL: -951.653 / Time: 0h:0m:2s (0h:0m:0s left)
Iteration 490 / LogL: -951.653 / Time: 0h:0m:2s (0h:0m:0s left)
Iteration 500 / LogL: -951.654 / Time: 0h:0m:2s (0h:0m:0s left)
Log-likelihood cutoff on original alignment: -969.001
NOTE: Bootstrap correlation coefficient of split occurrence frequencies: 0.976
NOTE: UFBoot does not converge, continue at least 100 more iterations
Iteration 510 / LogL: -951.653 / Time: 0h:0m:2s (0h:0m:0s left)
Iteration 520 / LogL: -956.196 / Time: 0h:0m:2s (0h:0m:0s left)
Iteration 530 / LogL: -951.653 / Time: 0h:0m:2s (0h:0m:0s left)
Iteration 540 / LogL: -951.653 / Time: 0h:0m:2s (0h:0m:0s left)
Iteration 550 / LogL: -951.653 / Time: 0h:0m:2s (0h:0m:0s left)
Log-likelihood cutoff on original alignment: -969.724
Iteration 560 / LogL: -951.655 / Time: 0h:0m:2s (0h:0m:0s left)
Iteration 570 / LogL: -951.655 / Time: 0h:0m:2s (0h:0m:0s left)
Iteration 580 / LogL: -951.653 / Time: 0h:0m:3s (0h:0m:0s left)
Iteration 590 / LogL: -951.655 / Time: 0h:0m:3s (0h:0m:0s left)
Iteration 600 / LogL: -951.653 / Time: 0h:0m:3s (0h:0m:0s left)
Log-likelihood cutoff on original alignment: -970.389
NOTE: Bootstrap correlation coefficient of split occurrence frequencies: 0.973
NOTE: UFBoot does not converge, continue at least 100 more iterations
Iteration 610 / LogL: -951.654 / Time: 0h:0m:3s (0h:0m:0s left)
Iteration 620 / LogL: -951.654 / Time: 0h:0m:3s (0h:0m:0s left)
Iteration 630 / LogL: -956.194 / Time: 0h:0m:3s (0h:0m:0s left)
Iteration 640 / LogL: -951.653 / Time: 0h:0m:3s (0h:0m:0s left)
Iteration 650 / LogL: -951.657 / Time: 0h:0m:3s (0h:0m:0s left)
Log-likelihood cutoff on original alignment: -971.379
Iteration 660 / LogL: -951.656 / Time: 0h:0m:3s (0h:0m:0s left)
Iteration 670 / LogL: -951.655 / Time: 0h:0m:3s (0h:0m:0s left)
Iteration 680 / LogL: -951.653 / Time: 0h:0m:3s (0h:0m:0s left)
Iteration 690 / LogL: -951.654 / Time: 0h:0m:3s (0h:0m:0s left)
Iteration 700 / LogL: -951.654 / Time: 0h:0m:3s (0h:0m:0s left)
Log-likelihood cutoff on original alignment: -971.775
NOTE: Bootstrap correlation coefficient of split occurrence frequencies: 0.975
NOTE: UFBoot does not converge, continue at least 100 more iterations
Iteration 710 / LogL: -951.653 / Time: 0h:0m:3s (0h:0m:0s left)
Iteration 720 / LogL: -951.653 / Time: 0h:0m:3s (0h:0m:0s left)
Iteration 730 / LogL: -951.659 / Time: 0h:0m:3s (0h:0m:0s left)
Iteration 740 / LogL: -951.654 / Time: 0h:0m:3s (0h:0m:0s left)
Iteration 750 / LogL: -951.653 / Time: 0h:0m:4s (0h:0m:0s left)
Log-likelihood cutoff on original alignment: -971.379
Iteration 760 / LogL: -951.658 / Time: 0h:0m:4s (0h:0m:0s left)
Iteration 770 / LogL: -951.653 / Time: 0h:0m:4s (0h:0m:0s left)
Iteration 780 / LogL: -951.655 / Time: 0h:0m:4s (0h:0m:0s left)
Iteration 790 / LogL: -951.656 / Time: 0h:0m:4s (0h:0m:0s left)
Iteration 800 / LogL: -951.657 / Time: 0h:0m:4s (0h:0m:0s left)
Log-likelihood cutoff on original alignment: -971.379
NOTE: Bootstrap correlation coefficient of split occurrence frequencies: 0.991
TREE SEARCH COMPLETED AFTER 800 ITERATIONS / Time: 0h:0m:4s

--------------------------------------------------------------------
|                    FINALIZING TREE SEARCH                        |
--------------------------------------------------------------------
Performs final model parameters optimization
Estimate model parameters (epsilon = 0.010)
1. Initial log-likelihood: -951.653
Optimal log-likelihood: -951.653
Rate parameters:  A-C: 1.00000  A-G: 1.00000  A-T: 1.00000  C-G: 1.00000  C-T: 1.00000  G-T: 1.00000
Base frequencies:  A: 0.250  C: 0.250  G: 0.250  T: 0.250
Parameters optimization took 1 rounds (0.000 sec)
BEST SCORE FOUND : -951.653
Creating bootstrap support values...
Split supports printed to NEXUS file 118095at7898.fltrd_aligned.fas.splits.nex
Total tree length: 0.049

Total number of iterations: 800
CPU time used for tree search: 4.196 sec (0h:0m:4s)
Wall-clock time used for tree search: 4.326 sec (0h:0m:4s)
Total CPU time used: 4.224 sec (0h:0m:4s)
Total wall-clock time used: 4.361 sec (0h:0m:4s)

Computing bootstrap consensus tree...
Reading input file 118095at7898.fltrd_aligned.fas.splits.nex...
10 taxa and 108 splits.
Consensus tree written to 118095at7898.fltrd_aligned.fas.contree
Reading input trees file 118095at7898.fltrd_aligned.fas.contree
Log-likelihood of consensus tree: -951.665

Analysis results written to: 
  IQ-TREE report:                118095at7898.fltrd_aligned.fas.iqtree
  Maximum-likelihood tree:       118095at7898.fltrd_aligned.fas.treefile
  Likelihood distances:          118095at7898.fltrd_aligned.fas.mldist

Ultrafast bootstrap approximation results written to:
  Split support values:          118095at7898.fltrd_aligned.fas.splits.nex
  Consensus tree:                118095at7898.fltrd_aligned.fas.contree
  Screen log file:               118095at7898.fltrd_aligned.fas.log

Date and Time: Tue Dec  2 14:49:27 2025
