IQ-TREE multicore version 2.1.3 COVID-edition for Linux 64-bit built Apr 21 2021
Developed by Bui Quang Minh, James Barbetti, Nguyen Lam Tung,
Olga Chernomor, Heiko Schmidt, Dominik Schrempf, Michael Woodhams.

Host:    gombessa.rcs.alaska.edu (AVX2, FMA3, 503 GB RAM)
Command: /export/scratch/tsvanorden/Char_Phylogenetics/src/iqtree-2.1.3-Linux/bin/iqtree2 -s 108025at7898.fltrd_aligned.fas -m MFP -bb 1000 -T 1
Seed:    638557 (Using SPRNG - Scalable Parallel Random Number Generator)
Time:    Tue Dec  2 14:50:08 2025
Kernel:  AVX+FMA - 1 threads (1 CPU cores detected)

Reading alignment file 108025at7898.fltrd_aligned.fas ... Fasta format detected
Alignment most likely contains DNA/RNA sequences
Alignment has 20 sequences with 633 columns, 19 distinct patterns
4 parsimony-informative, 10 singleton sites, 619 constant sites
                                Gap/Ambiguity  Composition  p-value
   1  251140_Ward_Creek                 0.00%    passed     99.96%
   2  260512_Pybus_Point                0.00%    passed     99.96%
   3  261935_Kenai_River                0.00%    passed     99.96%
   4  353213_Cropley_Lake               0.00%    passed     99.96%
   5  353219_Peterson_Creek             0.00%    passed     99.96%
   6  353220_Fish_Creek                 0.00%    passed     99.99%
   7  353246_Cottonwood_Creek           0.00%    passed     99.99%
   8  353379_Skagit_River               0.00%    passed     99.99%
   9  353381_Dungeness_River            0.95%    passed     99.99%
  10  353401_Peace_River                0.00%    passed     99.99%
  11  353407_Noatok                     0.00%    passed     99.99%
  12  353410_Horizon_Lake               0.00%    passed     99.96%
  13  92319_Little_Lost                 0.00%    passed     99.99%
  14  94280_St_Joe                      0.00%    passed     99.99%
  15  GCA016432855_Lake_Trout           0.00%    passed     99.99%
  16  GCA036784925_Maine_S_alpinus      0.00%    passed     99.99%
  17  GCA045679555_Iceland_A_alpinus    0.00%    passed     99.96%
  18  GCF013265735_Rainbow_Trout        0.47%    passed     95.58%
  19  GCF029448725_Brook_Trout          0.00%    passed    100.00%
  20  Methow_River_99895                0.00%    passed     99.99%
****  TOTAL                             0.07%  0 sequences failed composition chi2 test (p-value<5%; df=3)
NOTE: 260512_Pybus_Point is identical to 251140_Ward_Creek but kept for subsequent analysis
NOTE: 353246_Cottonwood_Creek is identical to 353220_Fish_Creek but kept for subsequent analysis
NOTE: 353401_Peace_River is identical to 353379_Skagit_River but kept for subsequent analysis
NOTE: GCA036784925_Maine_S_alpinus is identical to 353407_Noatok but kept for subsequent analysis
NOTE: GCA045679555_Iceland_A_alpinus is identical to 353410_Horizon_Lake but kept for subsequent analysis
NOTE: 7 identical sequences (see below) will be ignored for subsequent analysis
NOTE: 261935_Kenai_River (identical to 251140_Ward_Creek) is ignored but added at the end
NOTE: 353213_Cropley_Lake (identical to 251140_Ward_Creek) is ignored but added at the end
NOTE: 353219_Peterson_Creek (identical to 251140_Ward_Creek) is ignored but added at the end
NOTE: 92319_Little_Lost (identical to 353379_Skagit_River) is ignored but added at the end
NOTE: 94280_St_Joe (identical to 353379_Skagit_River) is ignored but added at the end
NOTE: GCA016432855_Lake_Trout (identical to 353379_Skagit_River) is ignored but added at the end
NOTE: Methow_River_99895 (identical to 353379_Skagit_River) is ignored but added at the end
Alignment was printed to 108025at7898.fltrd_aligned.fas.uniqueseq.phy

For your convenience alignment with unique sequences printed to 108025at7898.fltrd_aligned.fas.uniqueseq.phy


Create initial parsimony tree by phylogenetic likelihood library (PLL)... 0.000 seconds
Perform fast likelihood tree search using GTR+I+G model...
Estimate model parameters (epsilon = 5.000)
Perform nearest neighbor interchange...
Estimate model parameters (epsilon = 1.000)
1. Initial log-likelihood: -968.522
Optimal log-likelihood: -968.498
Rate parameters:  A-C: 0.64785  A-G: 3.70658  A-T: 0.00010  C-G: 0.59192  C-T: 3.49544  G-T: 1.00000
Base frequencies:  A: 0.241  C: 0.266  G: 0.274  T: 0.220
Proportion of invariable sites: 0.489
Gamma shape alpha: 998.448
Parameters optimization took 1 rounds (0.002 sec)
Time for fast ML tree search: 0.005 seconds

NOTE: ModelFinder requires 0 MB RAM!
ModelFinder will test up to 286 DNA models (sample size: 633) ...
 No. Model         -LnL         df  AIC          AICc         BIC
  1  GTR+F         968.387      31  1998.774     2002.075     2136.739
  2  GTR+F+I       968.374      32  2000.748     2004.268     2143.163
  3  GTR+F+G4      968.381      32  2000.763     2004.283     2143.178
  4  GTR+F+I+G4    968.478      33  2002.955     2006.702     2149.821
  5  GTR+F+R2      968.429      33  2002.858     2006.604     2149.724
  6  GTR+F+R3      968.441      35  2006.882     2011.103     2162.648
 14  SYM           970.591      28  1997.182     1999.871     2121.795
 15  SYM+I         970.579      29  1999.157     2002.043     2128.221
 16  SYM+G4        970.584      29  1999.168     2002.054     2128.232
 27  TVM+F         968.372      30  1996.744     1999.834     2130.258
 28  TVM+F+I       968.365      31  1998.729     2002.030     2136.694
 29  TVM+F+G4      968.373      31  1998.745     2002.046     2136.710
 40  TVMe          970.597      27  1995.195     1997.694     2115.357
 41  TVMe+I        970.581      28  1997.163     1999.852     2121.776
 42  TVMe+G4       970.589      28  1997.177     1999.866     2121.791
 53  TIM3+F        968.935      29  1995.869     1998.755     2124.933
 54  TIM3+F+I      968.934      30  1997.868     2000.957     2131.382
 55  TIM3+F+G4     968.934      30  1997.868     2000.957     2131.382
 66  TIM3e         971.159      26  1994.319     1996.636     2110.031
 67  TIM3e+I       971.159      27  1996.319     1998.818     2116.481
 68  TIM3e+G4      971.159      27  1996.319     1998.818     2116.481
 79  TIM2+F        968.914      29  1995.829     1998.715     2124.893
 80  TIM2+F+I      968.914      30  1997.829     2000.919     2131.343
 81  TIM2+F+G4     968.914      30  1997.829     2000.919     2131.343
 92  TIM2e         971.154      26  1994.308     1996.625     2110.020
 93  TIM2e+I       971.154      27  1996.309     1998.808     2116.471
 94  TIM2e+G4      971.154      27  1996.308     1998.807     2116.471
105  TIM+F         968.861      29  1995.721     1998.607     2124.785
106  TIM+F+I       968.861      30  1997.722     2000.812     2131.236
107  TIM+F+G4      968.861      30  1997.721     2000.811     2131.236
118  TIMe          971.131      26  1994.262     1996.579     2109.975
119  TIMe+I        971.131      27  1996.262     1998.762     2116.425
120  TIMe+G4       971.131      27  1996.263     1998.762     2116.425
131  TPM3u+F       968.940      28  1993.880     1996.569     2118.494
132  TPM3u+F+I     968.938      29  1995.876     1998.761     2124.939
133  TPM3u+F+G4    968.938      29  1995.876     1998.761     2124.939
144  TPM3+F        968.940      28  1993.880     1996.569     2118.494
145  TPM3+F+I      968.938      29  1995.876     1998.761     2124.939
146  TPM3+F+G4     968.938      29  1995.876     1998.761     2124.939
157  TPM2u+F       968.918      28  1993.836     1996.525     2118.450
158  TPM2u+F+I     968.918      29  1995.836     1998.722     2124.900
159  TPM2u+F+G4    968.918      29  1995.837     1998.722     2124.900
170  TPM2+F        968.918      28  1993.836     1996.525     2118.450
171  TPM2+F+I      968.918      29  1995.836     1998.722     2124.900
172  TPM2+F+G4     968.918      29  1995.837     1998.722     2124.900
183  K3Pu+F        968.865      28  1993.730     1996.418     2118.343
184  K3Pu+F+I      968.865      29  1995.730     1998.615     2124.793
185  K3Pu+F+G4     968.865      29  1995.730     1998.615     2124.794
196  K3P           971.149      25  1992.298     1994.439     2103.559
197  K3P+I         971.149      26  1994.298     1996.614     2110.010
198  K3P+G4        971.149      26  1994.298     1996.615     2110.010
209  TN+F          969.026      28  1994.053     1996.742     2118.666
210  TN+F+I        969.027      29  1996.053     1998.939     2125.117
211  TN+F+G4       969.027      29  1996.053     1998.939     2125.117
222  TNe           971.291      25  1992.581     1994.723     2103.843
223  TNe+I         971.291      26  1994.582     1996.898     2110.294
224  TNe+G4        971.291      26  1994.582     1996.899     2110.294
235  HKY+F         969.030      27  1992.060     1994.560     2112.223
236  HKY+F+I       969.030      28  1994.060     1996.749     2118.674
237  HKY+F+G4      969.030      28  1994.061     1996.749     2118.674
248  K2P           971.308      24  1990.617     1992.591     2097.428
249  K2P+I         971.308      25  1992.617     1994.759     2103.879
250  K2P+G4        971.309      25  1992.617     1994.759     2103.879
261  F81+F         975.085      26  2002.169     2004.486     2117.882
262  F81+F+I       975.085      27  2004.169     2006.668     2124.332
263  F81+F+G4      975.085      27  2004.169     2006.669     2124.332
274  JC            977.336      23  2000.672     2002.485     2103.033
275  JC+I          977.336      24  2002.672     2004.646     2109.483
276  JC+G4         977.336      24  2002.672     2004.646     2109.483
Akaike Information Criterion:           K2P
Corrected Akaike Information Criterion: K2P
Bayesian Information Criterion:         K2P
Best-fit model: K2P chosen according to BIC

All model information printed to 108025at7898.fltrd_aligned.fas.model.gz
CPU time for ModelFinder: 0.073 seconds (0h:0m:0s)
Wall-clock time for ModelFinder: 0.077 seconds (0h:0m:0s)
Generating 1000 samples for ultrafast bootstrap (seed: 638557)...

NOTE: 0 MB RAM (0 GB) is required!
Estimate model parameters (epsilon = 0.100)
1. Initial log-likelihood: -971.308
Optimal log-likelihood: -971.308
Rate parameters:  A-C: 1.00000  A-G: 7.49909  A-T: 1.00000  C-G: 1.00000  C-T: 7.49909  G-T: 1.00000
Base frequencies:  A: 0.250  C: 0.250  G: 0.250  T: 0.250
Parameters optimization took 1 rounds (0.000 sec)
Computing ML distances based on estimated model parameters...
Computing ML distances took 0.000409 sec (of wall-clock time) 0.000388 sec(of CPU time)
Computing RapidNJ tree took 0.000033 sec (of wall-clock time) 0.000029 sec (of CPU time)
Log-likelihood of RapidNJ tree: -971.321
--------------------------------------------------------------------
|             INITIALIZING CANDIDATE TREE SET                      |
--------------------------------------------------------------------
Generating 98 parsimony trees... 0.017 second
Computing log-likelihood of 98 initial trees ... 0.018 seconds
Current best score: -971.308

Do NNI search on 20 best initial trees
Estimate model parameters (epsilon = 0.100)
BETTER TREE FOUND at iteration 1: -971.308
BETTER TREE FOUND at iteration 2: -971.308
BETTER TREE FOUND at iteration 3: -971.308
Iteration 10 / LogL: -971.308 / Time: 0h:0m:0s
Iteration 20 / LogL: -971.308 / Time: 0h:0m:0s
Finish initializing candidate tree set (8)
Current best tree score: -971.308 / CPU time: 0.078
Number of iterations: 20
--------------------------------------------------------------------
|               OPTIMIZING CANDIDATE TREE SET                      |
--------------------------------------------------------------------
UPDATE BEST LOG-LIKELIHOOD: -971.308
UPDATE BEST LOG-LIKELIHOOD: -971.308
Iteration 30 / LogL: -977.611 / Time: 0h:0m:0s (0h:0m:0s left)
Iteration 40 / LogL: -971.311 / Time: 0h:0m:0s (0h:0m:0s left)
Iteration 50 / LogL: -971.309 / Time: 0h:0m:0s (0h:0m:0s left)
Log-likelihood cutoff on original alignment: -986.394
Iteration 60 / LogL: -977.681 / Time: 0h:0m:0s (0h:0m:0s left)
Iteration 70 / LogL: -977.609 / Time: 0h:0m:0s (0h:0m:0s left)
Iteration 80 / LogL: -971.313 / Time: 0h:0m:0s (0h:0m:0s left)
Iteration 90 / LogL: -977.608 / Time: 0h:0m:0s (0h:0m:0s left)
Iteration 100 / LogL: -971.313 / Time: 0h:0m:0s (0h:0m:0s left)
Log-likelihood cutoff on original alignment: -986.394
NOTE: Bootstrap correlation coefficient of split occurrence frequencies: 0.975
NOTE: UFBoot does not converge, continue at least 100 more iterations
Iteration 110 / LogL: -971.313 / Time: 0h:0m:0s (0h:0m:0s left)
Iteration 120 / LogL: -971.314 / Time: 0h:0m:0s (0h:0m:0s left)
Iteration 130 / LogL: -971.315 / Time: 0h:0m:0s (0h:0m:0s left)
Iteration 140 / LogL: -971.311 / Time: 0h:0m:0s (0h:0m:0s left)
Iteration 150 / LogL: -977.609 / Time: 0h:0m:0s (0h:0m:0s left)
Log-likelihood cutoff on original alignment: -986.603
Iteration 160 / LogL: -977.610 / Time: 0h:0m:0s (0h:0m:0s left)
Iteration 170 / LogL: -987.294 / Time: 0h:0m:0s (0h:0m:0s left)
Iteration 180 / LogL: -971.308 / Time: 0h:0m:0s (0h:0m:0s left)
Iteration 190 / LogL: -971.309 / Time: 0h:0m:0s (0h:0m:0s left)
Iteration 200 / LogL: -971.308 / Time: 0h:0m:0s (0h:0m:0s left)
Log-likelihood cutoff on original alignment: -987.285
NOTE: Bootstrap correlation coefficient of split occurrence frequencies: 0.981
NOTE: UFBoot does not converge, continue at least 100 more iterations
Iteration 210 / LogL: -971.308 / Time: 0h:0m:0s (0h:0m:0s left)
Iteration 220 / LogL: -971.309 / Time: 0h:0m:1s (0h:0m:0s left)
Iteration 230 / LogL: -971.311 / Time: 0h:0m:1s (0h:0m:0s left)
Iteration 240 / LogL: -977.609 / Time: 0h:0m:1s (0h:0m:0s left)
Iteration 250 / LogL: -971.309 / Time: 0h:0m:1s (0h:0m:0s left)
Log-likelihood cutoff on original alignment: -986.603
Iteration 260 / LogL: -971.308 / Time: 0h:0m:1s (0h:0m:0s left)
UPDATE BEST LOG-LIKELIHOOD: -971.308
Iteration 270 / LogL: -971.308 / Time: 0h:0m:1s (0h:0m:0s left)
Iteration 280 / LogL: -971.312 / Time: 0h:0m:1s (0h:0m:0s left)
Iteration 290 / LogL: -977.608 / Time: 0h:0m:1s (0h:0m:0s left)
Iteration 300 / LogL: -971.315 / Time: 0h:0m:1s (0h:0m:0s left)
Log-likelihood cutoff on original alignment: -986.603
NOTE: Bootstrap correlation coefficient of split occurrence frequencies: 0.971
NOTE: UFBoot does not converge, continue at least 100 more iterations
Iteration 310 / LogL: -971.316 / Time: 0h:0m:1s (0h:0m:0s left)
Iteration 320 / LogL: -987.309 / Time: 0h:0m:1s (0h:0m:0s left)
Iteration 330 / LogL: -971.309 / Time: 0h:0m:1s (0h:0m:0s left)
Iteration 340 / LogL: -971.310 / Time: 0h:0m:1s (0h:0m:0s left)
Iteration 350 / LogL: -971.311 / Time: 0h:0m:1s (0h:0m:0s left)
Log-likelihood cutoff on original alignment: -986.556
Iteration 360 / LogL: -971.309 / Time: 0h:0m:1s (0h:0m:0s left)
UPDATE BEST LOG-LIKELIHOOD: -971.308
Iteration 370 / LogL: -971.310 / Time: 0h:0m:1s (0h:0m:0s left)
Iteration 380 / LogL: -971.312 / Time: 0h:0m:1s (0h:0m:0s left)
Iteration 390 / LogL: -971.310 / Time: 0h:0m:1s (0h:0m:0s left)
Iteration 400 / LogL: -971.310 / Time: 0h:0m:1s (0h:0m:0s left)
Log-likelihood cutoff on original alignment: -986.556
NOTE: Bootstrap correlation coefficient of split occurrence frequencies: 0.989
NOTE: UFBoot does not converge, continue at least 100 more iterations
UPDATE BEST LOG-LIKELIHOOD: -971.308
Iteration 410 / LogL: -971.308 / Time: 0h:0m:1s (0h:0m:0s left)
Iteration 420 / LogL: -977.609 / Time: 0h:0m:2s (0h:0m:0s left)
Iteration 430 / LogL: -971.309 / Time: 0h:0m:2s (0h:0m:0s left)
Iteration 440 / LogL: -971.312 / Time: 0h:0m:2s (0h:0m:0s left)
Iteration 450 / LogL: -971.308 / Time: 0h:0m:2s (0h:0m:0s left)
Log-likelihood cutoff on original alignment: -986.527
Iteration 460 / LogL: -971.315 / Time: 0h:0m:2s (0h:0m:0s left)
Iteration 470 / LogL: -977.608 / Time: 0h:0m:2s (0h:0m:0s left)
Iteration 480 / LogL: -971.309 / Time: 0h:0m:2s (0h:0m:0s left)
Iteration 490 / LogL: -971.312 / Time: 0h:0m:2s (0h:0m:0s left)
Iteration 500 / LogL: -977.608 / Time: 0h:0m:2s (0h:0m:0s left)
Log-likelihood cutoff on original alignment: -986.482
NOTE: Bootstrap correlation coefficient of split occurrence frequencies: 0.988
NOTE: UFBoot does not converge, continue at least 100 more iterations
Iteration 510 / LogL: -971.308 / Time: 0h:0m:2s (0h:0m:0s left)
Iteration 520 / LogL: -971.308 / Time: 0h:0m:2s (0h:0m:0s left)
Iteration 530 / LogL: -978.995 / Time: 0h:0m:2s (0h:0m:0s left)
Iteration 540 / LogL: -978.998 / Time: 0h:0m:2s (0h:0m:0s left)
Iteration 550 / LogL: -971.311 / Time: 0h:0m:2s (0h:0m:0s left)
Log-likelihood cutoff on original alignment: -986.757
Iteration 560 / LogL: -971.312 / Time: 0h:0m:2s (0h:0m:0s left)
Iteration 570 / LogL: -971.308 / Time: 0h:0m:2s (0h:0m:0s left)
Iteration 580 / LogL: -971.313 / Time: 0h:0m:2s (0h:0m:0s left)
Iteration 590 / LogL: -971.310 / Time: 0h:0m:2s (0h:0m:0s left)
Iteration 600 / LogL: -971.309 / Time: 0h:0m:3s (0h:0m:0s left)
Log-likelihood cutoff on original alignment: -986.658
NOTE: Bootstrap correlation coefficient of split occurrence frequencies: 0.976
NOTE: UFBoot does not converge, continue at least 100 more iterations
Iteration 610 / LogL: -977.734 / Time: 0h:0m:3s (0h:0m:0s left)
Iteration 620 / LogL: -977.609 / Time: 0h:0m:3s (0h:0m:0s left)
Iteration 630 / LogL: -971.308 / Time: 0h:0m:3s (0h:0m:0s left)
Iteration 640 / LogL: -971.313 / Time: 0h:0m:3s (0h:0m:0s left)
Iteration 650 / LogL: -971.312 / Time: 0h:0m:3s (0h:0m:0s left)
Log-likelihood cutoff on original alignment: -987.934
Iteration 660 / LogL: -971.308 / Time: 0h:0m:3s (0h:0m:0s left)
Iteration 670 / LogL: -971.312 / Time: 0h:0m:3s (0h:0m:0s left)
Iteration 680 / LogL: -971.312 / Time: 0h:0m:3s (0h:0m:0s left)
Iteration 690 / LogL: -971.314 / Time: 0h:0m:3s (0h:0m:0s left)
Iteration 700 / LogL: -971.308 / Time: 0h:0m:3s (0h:0m:0s left)
Log-likelihood cutoff on original alignment: -988.399
NOTE: Bootstrap correlation coefficient of split occurrence frequencies: 0.991
TREE SEARCH COMPLETED AFTER 700 ITERATIONS / Time: 0h:0m:3s

--------------------------------------------------------------------
|                    FINALIZING TREE SEARCH                        |
--------------------------------------------------------------------
Performs final model parameters optimization
Estimate model parameters (epsilon = 0.010)
1. Initial log-likelihood: -971.308
Optimal log-likelihood: -971.308
Rate parameters:  A-C: 1.00000  A-G: 7.49009  A-T: 1.00000  C-G: 1.00000  C-T: 7.49009  G-T: 1.00000
Base frequencies:  A: 0.250  C: 0.250  G: 0.250  T: 0.250
Parameters optimization took 1 rounds (0.000 sec)
BEST SCORE FOUND : -971.308
Creating bootstrap support values...
Split supports printed to NEXUS file 108025at7898.fltrd_aligned.fas.splits.nex
Total tree length: 0.022

Total number of iterations: 700
CPU time used for tree search: 3.535 sec (0h:0m:3s)
Wall-clock time used for tree search: 3.656 sec (0h:0m:3s)
Total CPU time used: 3.561 sec (0h:0m:3s)
Total wall-clock time used: 3.693 sec (0h:0m:3s)

Computing bootstrap consensus tree...
Reading input file 108025at7898.fltrd_aligned.fas.splits.nex...
13 taxa and 128 splits.
Consensus tree written to 108025at7898.fltrd_aligned.fas.contree
Reading input trees file 108025at7898.fltrd_aligned.fas.contree
Log-likelihood of consensus tree: -971.325

Analysis results written to: 
  IQ-TREE report:                108025at7898.fltrd_aligned.fas.iqtree
  Maximum-likelihood tree:       108025at7898.fltrd_aligned.fas.treefile
  Likelihood distances:          108025at7898.fltrd_aligned.fas.mldist

Ultrafast bootstrap approximation results written to:
  Split support values:          108025at7898.fltrd_aligned.fas.splits.nex
  Consensus tree:                108025at7898.fltrd_aligned.fas.contree
  Screen log file:               108025at7898.fltrd_aligned.fas.log

Date and Time: Tue Dec  2 14:50:12 2025
