IQ-TREE multicore version 2.1.3 COVID-edition for Linux 64-bit built Apr 21 2021
Developed by Bui Quang Minh, James Barbetti, Nguyen Lam Tung,
Olga Chernomor, Heiko Schmidt, Dominik Schrempf, Michael Woodhams.

Host:    gombessa.rcs.alaska.edu (AVX2, FMA3, 503 GB RAM)
Command: /export/scratch/tsvanorden/Char_Phylogenetics/src/iqtree-2.1.3-Linux/bin/iqtree2 -s 91863at7898.fltrd_aligned.fas -m MFP -bb 1000 -T 1
Seed:    966327 (Using SPRNG - Scalable Parallel Random Number Generator)
Time:    Tue Dec  2 14:49:37 2025
Kernel:  AVX+FMA - 1 threads (1 CPU cores detected)

Reading alignment file 91863at7898.fltrd_aligned.fas ... Fasta format detected
Alignment most likely contains DNA/RNA sequences
Alignment has 20 sequences with 969 columns, 62 distinct patterns
14 parsimony-informative, 33 singleton sites, 922 constant sites
                                Gap/Ambiguity  Composition  p-value
   1  251140_Ward_Creek                 3.10%    passed     99.96%
   2  260512_Pybus_Point                3.10%    passed     99.96%
   3  261935_Kenai_River                3.10%    passed     99.96%
   4  353213_Cropley_Lake               3.10%    passed     99.96%
   5  353219_Peterson_Creek             3.10%    passed     99.96%
   6  353220_Fish_Creek                 3.10%    passed     99.96%
   7  353246_Cottonwood_Creek           3.10%    passed     99.96%
   8  353379_Skagit_River               2.79%    passed     99.96%
   9  353381_Dungeness_River           13.93%    passed     72.08%
  10  353401_Peace_River                2.79%    passed     99.98%
  11  353407_Noatok                     4.64%    passed     97.89%
  12  353410_Horizon_Lake               3.10%    passed     99.96%
  13  92319_Little_Lost                 2.79%    passed     99.98%
  14  94280_St_Joe                      2.79%    passed     99.98%
  15  GCA016432855_Lake_Trout           3.72%    passed     98.54%
  16  GCA036784925_Maine_S_alpinus      2.48%    passed     99.89%
  17  GCA045679555_Iceland_A_alpinus    2.48%    passed     99.89%
  18  GCF013265735_Rainbow_Trout        2.79%    passed     98.03%
  19  GCF029448725_Brook_Trout          2.79%    passed     93.99%
  20  Methow_River_99895                2.79%    passed     99.98%
****  TOTAL                             3.58%  0 sequences failed composition chi2 test (p-value<5%; df=3)
NOTE: 260512_Pybus_Point is identical to 251140_Ward_Creek but kept for subsequent analysis
NOTE: 92319_Little_Lost is identical to 353401_Peace_River but kept for subsequent analysis
NOTE: GCA045679555_Iceland_A_alpinus is identical to GCA036784925_Maine_S_alpinus but kept for subsequent analysis
NOTE: 7 identical sequences (see below) will be ignored for subsequent analysis
NOTE: 261935_Kenai_River (identical to 251140_Ward_Creek) is ignored but added at the end
NOTE: 353213_Cropley_Lake (identical to 251140_Ward_Creek) is ignored but added at the end
NOTE: 353219_Peterson_Creek (identical to 251140_Ward_Creek) is ignored but added at the end
NOTE: 353220_Fish_Creek (identical to 251140_Ward_Creek) is ignored but added at the end
NOTE: 353410_Horizon_Lake (identical to 251140_Ward_Creek) is ignored but added at the end
NOTE: 94280_St_Joe (identical to 353401_Peace_River) is ignored but added at the end
NOTE: Methow_River_99895 (identical to 353401_Peace_River) is ignored but added at the end
Alignment was printed to 91863at7898.fltrd_aligned.fas.uniqueseq.phy

For your convenience alignment with unique sequences printed to 91863at7898.fltrd_aligned.fas.uniqueseq.phy


Create initial parsimony tree by phylogenetic likelihood library (PLL)... 0.000 seconds
Perform fast likelihood tree search using GTR+I+G model...
Estimate model parameters (epsilon = 5.000)
Perform nearest neighbor interchange...
Estimate model parameters (epsilon = 1.000)
1. Initial log-likelihood: -1665.838
Optimal log-likelihood: -1665.838
Rate parameters:  A-C: 0.67089  A-G: 2.35755  A-T: 1.70082  C-G: 1.22308  C-T: 2.41249  G-T: 1.00000
Base frequencies:  A: 0.210  C: 0.244  G: 0.312  T: 0.235
Proportion of invariable sites: 0.476
Gamma shape alpha: 2.744
Parameters optimization took 1 rounds (0.002 sec)
Time for fast ML tree search: 0.007 seconds

NOTE: ModelFinder requires 0 MB RAM!
ModelFinder will test up to 286 DNA models (sample size: 969) ...
 No. Model         -LnL         df  AIC          AICc         BIC
  1  GTR+F         1666.483     31  3394.966     3397.083     3546.130
  2  GTR+F+I       1665.831     32  3395.662     3397.919     3551.703
  3  GTR+F+G4      1665.838     32  3395.676     3397.933     3551.717
  4  GTR+F+I+G4    1665.838     33  3397.676     3400.076     3558.592
  5  GTR+F+R2      1666.074     33  3398.148     3400.548     3559.065
  6  GTR+F+R3      1665.981     35  3401.962     3404.663     3572.631
 14  SYM           1677.806     28  3411.612     3413.339     3548.147
 15  SYM+I         1677.124     29  3412.247     3414.100     3553.659
 16  SYM+G4        1677.132     29  3412.264     3414.117     3553.676
 27  TVM+F         1666.485     30  3392.970     3394.953     3539.258
 28  TVM+F+I       1665.833     31  3393.666     3395.783     3544.830
 29  TVM+F+G4      1665.840     31  3393.679     3395.797     3544.844
 40  TVMe          1677.794     27  3409.588     3411.194     3541.247
 41  TVMe+I        1677.125     28  3410.250     3411.977     3546.785
 42  TVMe+G4       1677.134     28  3410.267     3411.995     3546.803
 53  TIM3+F        1667.291     29  3392.582     3394.435     3533.993
 54  TIM3+F+I      1666.625     30  3393.249     3395.232     3539.537
 55  TIM3+F+G4     1666.633     30  3393.266     3395.249     3539.554
 66  TIM3e         1678.676     26  3409.352     3410.842     3536.134
 67  TIM3e+I       1678.011     27  3410.023     3411.629     3541.682
 68  TIM3e+G4      1678.018     27  3410.036     3411.643     3541.695
 79  TIM2+F        1667.456     29  3392.911     3394.764     3534.323
 80  TIM2+F+I      1666.842     30  3393.684     3395.667     3539.972
 81  TIM2+F+G4     1666.850     30  3393.699     3395.682     3539.987
 92  TIM2e         1678.743     26  3409.487     3410.977     3536.270
 93  TIM2e+I       1678.114     27  3410.227     3411.834     3541.886
 94  TIM2e+G4      1678.123     27  3410.246     3411.853     3541.905
105  TIM+F         1666.759     29  3391.519     3393.372     3532.931
106  TIM+F+I       1666.164     30  3392.328     3394.311     3538.616
107  TIM+F+G4      1666.173     30  3392.346     3394.329     3538.634
118  TIMe          1678.097     26  3408.194     3409.685     3534.977
119  TIMe+I        1677.477     27  3408.955     3410.562     3540.614
120  TIMe+G4       1677.484     27  3408.969     3410.575     3540.628
131  TPM3u+F       1667.293     28  3390.586     3392.314     3527.122
132  TPM3u+F+I     1666.628     29  3391.256     3393.109     3532.668
133  TPM3u+F+G4    1666.636     29  3391.271     3393.124     3532.683
144  TPM3+F        1667.293     28  3390.586     3392.314     3527.121
145  TPM3+F+I      1666.628     29  3391.255     3393.108     3532.667
146  TPM3+F+G4     1666.635     29  3391.271     3393.124     3532.682
157  TPM2u+F       1667.457     28  3390.913     3392.641     3527.448
158  TPM2u+F+I     1666.840     29  3391.680     3393.533     3533.091
159  TPM2u+F+G4    1666.849     29  3391.699     3393.552     3533.110
170  TPM2+F        1667.457     28  3390.913     3392.641     3527.448
171  TPM2+F+I      1666.840     29  3391.680     3393.533     3533.091
172  TPM2+F+G4     1666.849     29  3391.699     3393.552     3533.110
183  K3Pu+F        1666.761     28  3389.523     3391.251     3526.058
184  K3Pu+F+I      1666.165     29  3390.331     3392.184     3531.742
185  K3Pu+F+G4     1666.174     29  3390.349     3392.202     3531.760
196  K3P           1678.097     25  3406.194     3407.572     3528.101
197  K3P+I         1677.478     26  3406.955     3408.446     3533.738
198  K3P+G4        1677.486     26  3406.973     3408.463     3533.755
209  TN+F          1667.458     28  3390.915     3392.643     3527.451
210  TN+F+I        1666.843     29  3391.685     3393.538     3533.097
211  TN+F+G4       1666.851     29  3391.703     3393.556     3533.114
222  TNe           1678.815     25  3407.630     3409.009     3529.537
223  TNe+I         1678.192     26  3408.384     3409.874     3535.167
224  TNe+G4        1678.200     26  3408.401     3409.891     3535.184
235  HKY+F         1667.460     27  3388.919     3390.526     3520.578
236  HKY+F+I       1666.844     28  3389.688     3391.415     3526.223
237  HKY+F+G4      1666.852     28  3389.705     3391.433     3526.240
248  K2P           1678.816     24  3405.632     3406.903     3522.662
249  K2P+I         1678.194     25  3406.388     3407.767     3528.295
250  K2P+G4        1678.203     25  3406.406     3407.784     3528.312
261  F81+F         1670.528     26  3393.056     3394.546     3519.838
262  F81+F+I       1669.957     27  3393.914     3395.521     3525.573
263  F81+F+G4      1669.966     27  3393.932     3395.539     3525.592
274  JC            1681.738     23  3409.475     3410.643     3521.629
275  JC+I          1681.158     24  3410.317     3411.588     3527.347
276  JC+G4         1681.167     24  3410.335     3411.606     3527.365
Akaike Information Criterion:           HKY+F
Corrected Akaike Information Criterion: HKY+F
Bayesian Information Criterion:         F81+F
Best-fit model: F81+F chosen according to BIC

All model information printed to 91863at7898.fltrd_aligned.fas.model.gz
CPU time for ModelFinder: 0.087 seconds (0h:0m:0s)
Wall-clock time for ModelFinder: 0.095 seconds (0h:0m:0s)
Generating 1000 samples for ultrafast bootstrap (seed: 966327)...

NOTE: 0 MB RAM (0 GB) is required!
Estimate model parameters (epsilon = 0.100)
1. Initial log-likelihood: -1670.528
Optimal log-likelihood: -1670.528
Rate parameters:  A-C: 1.00000  A-G: 1.00000  A-T: 1.00000  C-G: 1.00000  C-T: 1.00000  G-T: 1.00000
Base frequencies:  A: 0.210  C: 0.244  G: 0.312  T: 0.235
Parameters optimization took 1 rounds (0.000 sec)
Computing ML distances based on estimated model parameters...
Computing ML distances took 0.000616 sec (of wall-clock time) 0.000566 sec(of CPU time)
Computing RapidNJ tree took 0.000044 sec (of wall-clock time) 0.000039 sec (of CPU time)
Log-likelihood of RapidNJ tree: -1684.903
--------------------------------------------------------------------
|             INITIALIZING CANDIDATE TREE SET                      |
--------------------------------------------------------------------
Generating 98 parsimony trees... 0.022 second
Computing log-likelihood of 98 initial trees ... 0.023 seconds
Current best score: -1670.528

Do NNI search on 20 best initial trees
Estimate model parameters (epsilon = 0.100)
BETTER TREE FOUND at iteration 1: -1670.527
BETTER TREE FOUND at iteration 3: -1670.527
BETTER TREE FOUND at iteration 6: -1670.527
Iteration 10 / LogL: -1670.527 / Time: 0h:0m:0s
BETTER TREE FOUND at iteration 11: -1670.526
Iteration 20 / LogL: -1670.528 / Time: 0h:0m:0s
Finish initializing candidate tree set (18)
Current best tree score: -1670.526 / CPU time: 0.133
Number of iterations: 20
--------------------------------------------------------------------
|               OPTIMIZING CANDIDATE TREE SET                      |
--------------------------------------------------------------------
BETTER TREE FOUND at iteration 22: -1670.526
BETTER TREE FOUND at iteration 23: -1670.526
Iteration 30 / LogL: -1670.526 / Time: 0h:0m:0s (0h:0m:0s left)
UPDATE BEST LOG-LIKELIHOOD: -1670.526
UPDATE BEST LOG-LIKELIHOOD: -1670.526
Iteration 40 / LogL: -1670.526 / Time: 0h:0m:0s (0h:0m:0s left)
Iteration 50 / LogL: -1670.530 / Time: 0h:0m:0s (0h:0m:0s left)
Log-likelihood cutoff on original alignment: -1684.430
UPDATE BEST LOG-LIKELIHOOD: -1670.526
Iteration 60 / LogL: -1670.531 / Time: 0h:0m:0s (0h:0m:0s left)
Iteration 70 / LogL: -1670.528 / Time: 0h:0m:0s (0h:0m:0s left)
Iteration 80 / LogL: -1670.529 / Time: 0h:0m:0s (0h:0m:0s left)
Iteration 90 / LogL: -1670.526 / Time: 0h:0m:0s (0h:0m:0s left)
Iteration 100 / LogL: -1670.531 / Time: 0h:0m:0s (0h:0m:0s left)
Log-likelihood cutoff on original alignment: -1684.136
NOTE: Bootstrap correlation coefficient of split occurrence frequencies: 0.961
NOTE: UFBoot does not converge, continue at least 100 more iterations
Iteration 110 / LogL: -1670.529 / Time: 0h:0m:0s (0h:0m:0s left)
Iteration 120 / LogL: -1670.529 / Time: 0h:0m:0s (0h:0m:0s left)
Iteration 130 / LogL: -1670.527 / Time: 0h:0m:0s (0h:0m:0s left)
Iteration 140 / LogL: -1670.526 / Time: 0h:0m:0s (0h:0m:0s left)
Iteration 150 / LogL: -1670.527 / Time: 0h:0m:0s (0h:0m:0s left)
Log-likelihood cutoff on original alignment: -1684.106
Iteration 160 / LogL: -1670.526 / Time: 0h:0m:0s (0h:0m:0s left)
Iteration 170 / LogL: -1670.526 / Time: 0h:0m:1s (0h:0m:0s left)
Iteration 180 / LogL: -1670.526 / Time: 0h:0m:1s (0h:0m:0s left)
Iteration 190 / LogL: -1670.528 / Time: 0h:0m:1s (0h:0m:0s left)
Iteration 200 / LogL: -1670.526 / Time: 0h:0m:1s (0h:0m:0s left)
Log-likelihood cutoff on original alignment: -1685.149
NOTE: Bootstrap correlation coefficient of split occurrence frequencies: 0.950
NOTE: UFBoot does not converge, continue at least 100 more iterations
Iteration 210 / LogL: -1670.528 / Time: 0h:0m:1s (0h:0m:0s left)
Iteration 220 / LogL: -1670.528 / Time: 0h:0m:1s (0h:0m:0s left)
Iteration 230 / LogL: -1670.526 / Time: 0h:0m:1s (0h:0m:0s left)
Iteration 240 / LogL: -1670.529 / Time: 0h:0m:1s (0h:0m:0s left)
Iteration 250 / LogL: -1670.528 / Time: 0h:0m:1s (0h:0m:0s left)
Log-likelihood cutoff on original alignment: -1685.149
Iteration 260 / LogL: -1670.528 / Time: 0h:0m:1s (0h:0m:0s left)
UPDATE BEST LOG-LIKELIHOOD: -1670.526
Iteration 270 / LogL: -1670.527 / Time: 0h:0m:1s (0h:0m:0s left)
Iteration 280 / LogL: -1670.527 / Time: 0h:0m:1s (0h:0m:0s left)
Iteration 290 / LogL: -1670.526 / Time: 0h:0m:1s (0h:0m:0s left)
Iteration 300 / LogL: -1670.529 / Time: 0h:0m:1s (0h:0m:0s left)
Log-likelihood cutoff on original alignment: -1686.824
NOTE: Bootstrap correlation coefficient of split occurrence frequencies: 0.969
NOTE: UFBoot does not converge, continue at least 100 more iterations
UPDATE BEST LOG-LIKELIHOOD: -1670.526
Iteration 310 / LogL: -1670.527 / Time: 0h:0m:1s (0h:0m:0s left)
Iteration 320 / LogL: -1670.528 / Time: 0h:0m:1s (0h:0m:0s left)
Iteration 330 / LogL: -1670.527 / Time: 0h:0m:2s (0h:0m:0s left)
Iteration 340 / LogL: -1670.529 / Time: 0h:0m:2s (0h:0m:0s left)
Iteration 350 / LogL: -1675.396 / Time: 0h:0m:2s (0h:0m:0s left)
Log-likelihood cutoff on original alignment: -1685.149
UPDATE BEST LOG-LIKELIHOOD: -1670.526
Iteration 360 / LogL: -1670.526 / Time: 0h:0m:2s (0h:0m:0s left)
Iteration 370 / LogL: -1670.526 / Time: 0h:0m:2s (0h:0m:0s left)
Iteration 380 / LogL: -1670.529 / Time: 0h:0m:2s (0h:0m:0s left)
Iteration 390 / LogL: -1670.529 / Time: 0h:0m:2s (0h:0m:0s left)
Iteration 400 / LogL: -1670.529 / Time: 0h:0m:2s (0h:0m:0s left)
Log-likelihood cutoff on original alignment: -1685.740
NOTE: Bootstrap correlation coefficient of split occurrence frequencies: 0.946
NOTE: UFBoot does not converge, continue at least 100 more iterations
Iteration 410 / LogL: -1670.527 / Time: 0h:0m:2s (0h:0m:0s left)
Iteration 420 / LogL: -1670.530 / Time: 0h:0m:2s (0h:0m:0s left)
Iteration 430 / LogL: -1670.530 / Time: 0h:0m:2s (0h:0m:0s left)
Iteration 440 / LogL: -1670.528 / Time: 0h:0m:2s (0h:0m:0s left)
Iteration 450 / LogL: -1670.526 / Time: 0h:0m:2s (0h:0m:0s left)
Log-likelihood cutoff on original alignment: -1686.863
Iteration 460 / LogL: -1670.529 / Time: 0h:0m:2s (0h:0m:0s left)
Iteration 470 / LogL: -1670.527 / Time: 0h:0m:2s (0h:0m:0s left)
Iteration 480 / LogL: -1670.528 / Time: 0h:0m:3s (0h:0m:0s left)
Iteration 490 / LogL: -1670.526 / Time: 0h:0m:3s (0h:0m:0s left)
Iteration 500 / LogL: -1719.265 / Time: 0h:0m:3s (0h:0m:0s left)
Log-likelihood cutoff on original alignment: -1686.863
NOTE: Bootstrap correlation coefficient of split occurrence frequencies: 0.963
NOTE: UFBoot does not converge, continue at least 100 more iterations
Iteration 510 / LogL: -1670.528 / Time: 0h:0m:3s (0h:0m:0s left)
Iteration 520 / LogL: -1670.527 / Time: 0h:0m:3s (0h:0m:0s left)
Iteration 530 / LogL: -1670.529 / Time: 0h:0m:3s (0h:0m:0s left)
Iteration 540 / LogL: -1670.529 / Time: 0h:0m:3s (0h:0m:0s left)
Iteration 550 / LogL: -1670.529 / Time: 0h:0m:3s (0h:0m:0s left)
Log-likelihood cutoff on original alignment: -1686.863
Iteration 560 / LogL: -1670.527 / Time: 0h:0m:3s (0h:0m:0s left)
Iteration 570 / LogL: -1670.526 / Time: 0h:0m:3s (0h:0m:0s left)
Iteration 580 / LogL: -1714.884 / Time: 0h:0m:3s (0h:0m:0s left)
Iteration 590 / LogL: -1670.526 / Time: 0h:0m:3s (0h:0m:0s left)
Iteration 600 / LogL: -1670.526 / Time: 0h:0m:3s (0h:0m:0s left)
Log-likelihood cutoff on original alignment: -1686.863
NOTE: Bootstrap correlation coefficient of split occurrence frequencies: 0.964
NOTE: UFBoot does not converge, continue at least 100 more iterations
Iteration 610 / LogL: -1670.532 / Time: 0h:0m:3s (0h:0m:0s left)
Iteration 620 / LogL: -1670.526 / Time: 0h:0m:3s (0h:0m:0s left)
Iteration 630 / LogL: -1670.527 / Time: 0h:0m:4s (0h:0m:0s left)
Iteration 640 / LogL: -1670.526 / Time: 0h:0m:4s (0h:0m:0s left)
Iteration 650 / LogL: -1670.532 / Time: 0h:0m:4s (0h:0m:0s left)
Log-likelihood cutoff on original alignment: -1686.863
Iteration 660 / LogL: -1670.526 / Time: 0h:0m:4s (0h:0m:0s left)
Iteration 670 / LogL: -1670.528 / Time: 0h:0m:4s (0h:0m:0s left)
Iteration 680 / LogL: -1670.529 / Time: 0h:0m:4s (0h:0m:0s left)
Iteration 690 / LogL: -1670.532 / Time: 0h:0m:4s (0h:0m:0s left)
Iteration 700 / LogL: -1670.526 / Time: 0h:0m:4s (0h:0m:0s left)
Log-likelihood cutoff on original alignment: -1686.863
NOTE: Bootstrap correlation coefficient of split occurrence frequencies: 0.972
NOTE: UFBoot does not converge, continue at least 100 more iterations
Iteration 710 / LogL: -1670.529 / Time: 0h:0m:4s (0h:0m:0s left)
Iteration 720 / LogL: -1675.396 / Time: 0h:0m:4s (0h:0m:0s left)
Iteration 730 / LogL: -1676.557 / Time: 0h:0m:4s (0h:0m:0s left)
Iteration 740 / LogL: -1670.527 / Time: 0h:0m:4s (0h:0m:0s left)
Iteration 750 / LogL: -1670.527 / Time: 0h:0m:4s (0h:0m:0s left)
Log-likelihood cutoff on original alignment: -1686.863
Iteration 760 / LogL: -1670.530 / Time: 0h:0m:5s (0h:0m:0s left)
Iteration 770 / LogL: -1670.526 / Time: 0h:0m:5s (0h:0m:0s left)
Iteration 780 / LogL: -1670.526 / Time: 0h:0m:5s (0h:0m:0s left)
Iteration 790 / LogL: -1670.529 / Time: 0h:0m:5s (0h:0m:0s left)
Iteration 800 / LogL: -1670.528 / Time: 0h:0m:5s (0h:0m:0s left)
Log-likelihood cutoff on original alignment: -1686.863
NOTE: Bootstrap correlation coefficient of split occurrence frequencies: 0.985
NOTE: UFBoot does not converge, continue at least 100 more iterations
Iteration 810 / LogL: -1670.529 / Time: 0h:0m:5s (0h:0m:0s left)
UPDATE BEST LOG-LIKELIHOOD: -1670.526
Iteration 820 / LogL: -1670.528 / Time: 0h:0m:5s (0h:0m:0s left)
Iteration 830 / LogL: -1670.528 / Time: 0h:0m:5s (0h:0m:0s left)
Iteration 840 / LogL: -1670.526 / Time: 0h:0m:5s (0h:0m:0s left)
Iteration 850 / LogL: -1670.528 / Time: 0h:0m:5s (0h:0m:0s left)
Log-likelihood cutoff on original alignment: -1687.723
Iteration 860 / LogL: -1670.527 / Time: 0h:0m:6s (0h:0m:0s left)
UPDATE BEST LOG-LIKELIHOOD: -1670.526
Iteration 870 / LogL: -1670.528 / Time: 0h:0m:6s (0h:0m:0s left)
Iteration 880 / LogL: -1670.531 / Time: 0h:0m:6s (0h:0m:0s left)
Iteration 890 / LogL: -1670.526 / Time: 0h:0m:6s (0h:0m:0s left)
Iteration 900 / LogL: -1670.526 / Time: 0h:0m:6s (0h:0m:0s left)
Log-likelihood cutoff on original alignment: -1687.725
NOTE: Bootstrap correlation coefficient of split occurrence frequencies: 0.977
NOTE: UFBoot does not converge, continue at least 100 more iterations
Iteration 910 / LogL: -1670.529 / Time: 0h:0m:6s (0h:0m:0s left)
Iteration 920 / LogL: -1670.527 / Time: 0h:0m:6s (0h:0m:0s left)
Iteration 930 / LogL: -1670.526 / Time: 0h:0m:6s (0h:0m:0s left)
Iteration 940 / LogL: -1670.527 / Time: 0h:0m:6s (0h:0m:0s left)
Iteration 950 / LogL: -1676.554 / Time: 0h:0m:7s (0h:0m:0s left)
Log-likelihood cutoff on original alignment: -1687.725
Iteration 960 / LogL: -1670.526 / Time: 0h:0m:7s (0h:0m:0s left)
UPDATE BEST LOG-LIKELIHOOD: -1670.526
Iteration 970 / LogL: -1670.527 / Time: 0h:0m:7s (0h:0m:0s left)
Iteration 980 / LogL: -1670.528 / Time: 0h:0m:7s (0h:0m:0s left)
Iteration 990 / LogL: -1670.529 / Time: 0h:0m:7s (0h:0m:0s left)
Iteration 1000 / LogL: -1670.530 / Time: 0h:0m:7s (0h:0m:0s left)
Log-likelihood cutoff on original alignment: -1687.725
NOTE: Bootstrap correlation coefficient of split occurrence frequencies: 0.966
NOTE: UFBoot does not converge, continue at least 100 more iterations
WARNING: bootstrap analysis did not converge. You should rerun with higher number of iterations (-nm option)
TREE SEARCH COMPLETED AFTER 1001 ITERATIONS / Time: 0h:0m:7s

--------------------------------------------------------------------
|                    FINALIZING TREE SEARCH                        |
--------------------------------------------------------------------
Performs final model parameters optimization
Estimate model parameters (epsilon = 0.010)
1. Initial log-likelihood: -1670.526
Optimal log-likelihood: -1670.526
Rate parameters:  A-C: 1.00000  A-G: 1.00000  A-T: 1.00000  C-G: 1.00000  C-T: 1.00000  G-T: 1.00000
Base frequencies:  A: 0.210  C: 0.244  G: 0.312  T: 0.235
Parameters optimization took 1 rounds (0.000 sec)
BEST SCORE FOUND : -1670.526
Creating bootstrap support values...
Split supports printed to NEXUS file 91863at7898.fltrd_aligned.fas.splits.nex
Total tree length: 0.054

Total number of iterations: 1001
CPU time used for tree search: 7.354 sec (0h:0m:7s)
Wall-clock time used for tree search: 7.534 sec (0h:0m:7s)
Total CPU time used: 7.391 sec (0h:0m:7s)
Total wall-clock time used: 7.580 sec (0h:0m:7s)

Computing bootstrap consensus tree...
Reading input file 91863at7898.fltrd_aligned.fas.splits.nex...
13 taxa and 186 splits.
Consensus tree written to 91863at7898.fltrd_aligned.fas.contree
Reading input trees file 91863at7898.fltrd_aligned.fas.contree
Log-likelihood of consensus tree: -1670.536

Analysis results written to: 
  IQ-TREE report:                91863at7898.fltrd_aligned.fas.iqtree
  Maximum-likelihood tree:       91863at7898.fltrd_aligned.fas.treefile
  Likelihood distances:          91863at7898.fltrd_aligned.fas.mldist

Ultrafast bootstrap approximation results written to:
  Split support values:          91863at7898.fltrd_aligned.fas.splits.nex
  Consensus tree:                91863at7898.fltrd_aligned.fas.contree
  Screen log file:               91863at7898.fltrd_aligned.fas.log

Date and Time: Tue Dec  2 14:49:45 2025
