IQ-TREE multicore version 2.1.3 COVID-edition for Linux 64-bit built Apr 21 2021
Developed by Bui Quang Minh, James Barbetti, Nguyen Lam Tung,
Olga Chernomor, Heiko Schmidt, Dominik Schrempf, Michael Woodhams.

Host:    gombessa.rcs.alaska.edu (AVX2, FMA3, 503 GB RAM)
Command: /export/scratch/tsvanorden/Char_Phylogenetics/src/iqtree-2.1.3-Linux/bin/iqtree2 -s 26448at7898.fltrd_aligned.fas -m MFP -bb 1000 -T 1
Seed:    467357 (Using SPRNG - Scalable Parallel Random Number Generator)
Time:    Tue Dec  2 14:49:38 2025
Kernel:  AVX+FMA - 1 threads (1 CPU cores detected)

Reading alignment file 26448at7898.fltrd_aligned.fas ... Fasta format detected
Alignment most likely contains DNA/RNA sequences
Alignment has 20 sequences with 3673 columns, 353 distinct patterns
109 parsimony-informative, 274 singleton sites, 3290 constant sites
                                Gap/Ambiguity  Composition  p-value
   1  251140_Ward_Creek                12.03%    passed     89.76%
   2  260512_Pybus_Point                3.54%    passed     96.85%
   3  261935_Kenai_River               25.59%    passed     46.50%
   4  353213_Cropley_Lake               6.32%    passed     99.84%
   5  353219_Peterson_Creek             3.54%    passed     97.19%
   6  353220_Fish_Creek                11.82%    passed     92.18%
   7  353246_Cottonwood_Creek          12.03%    passed     88.10%
   8  353379_Skagit_River               6.97%    passed     98.67%
   9  353381_Dungeness_River           16.77%    passed     83.53%
  10  353401_Peace_River                7.79%    passed     95.74%
  11  353407_Noatok                    12.52%    passed     62.74%
  12  353410_Horizon_Lake               3.54%    passed     98.06%
  13  92319_Little_Lost                14.65%    passed     88.39%
  14  94280_St_Joe                      7.30%    passed     98.67%
  15  GCA016432855_Lake_Trout           4.27%    passed     97.64%
  16  GCA036784925_Maine_S_alpinus      1.82%    passed     94.99%
  17  GCA045679555_Iceland_A_alpinus    1.82%    passed     95.22%
  18  GCF013265735_Rainbow_Trout        4.44%    passed     96.12%
  19  GCF029448725_Brook_Trout          7.79%    passed     97.69%
  20  Methow_River_99895                6.97%    passed     98.64%
****  TOTAL                             8.58%  0 sequences failed composition chi2 test (p-value<5%; df=3)


Create initial parsimony tree by phylogenetic likelihood library (PLL)... 0.001 seconds
Perform fast likelihood tree search using GTR+I+G model...
Estimate model parameters (epsilon = 5.000)
Perform nearest neighbor interchange...
Estimate model parameters (epsilon = 1.000)
1. Initial log-likelihood: -8068.463
Optimal log-likelihood: -8068.354
Rate parameters:  A-C: 1.20846  A-G: 2.51982  A-T: 0.83708  C-G: 1.22646  C-T: 3.34529  G-T: 1.00000
Base frequencies:  A: 0.234  C: 0.259  G: 0.285  T: 0.222
Proportion of invariable sites: 0.448
Gamma shape alpha: 0.290
Parameters optimization took 1 rounds (0.011 sec)
Time for fast ML tree search: 0.060 seconds

NOTE: ModelFinder requires 3 MB RAM!
ModelFinder will test up to 286 DNA models (sample size: 3673) ...
 No. Model         -LnL         df  AIC          AICc         BIC
  1  GTR+F         8189.672     45  16469.344    16470.485    16748.738
  2  GTR+F+I       8073.090     46  16238.180    16239.372    16523.783
  3  GTR+F+G4      8077.056     46  16246.112    16247.304    16531.715
  4  GTR+F+I+G4    8068.342     47  16230.683    16231.928    16522.495
  5  GTR+F+R2      8054.473     47  16202.945    16204.190    16494.757
  6  GTR+F+R3      8054.367     49  16206.734    16208.087    16510.964
 18  SYM+R2        8071.745     44  16231.490    16232.582    16504.676
 31  TVM+F+R2      8056.011     46  16204.023    16205.215    16489.626
 44  TVMe+R2       8072.398     43  16230.795    16231.838    16497.772
 57  TIM3+F+R2     8054.737     45  16199.475    16200.616    16478.869
 70  TIM3e+R2      8072.883     42  16229.766    16230.761    16490.534
 83  TIM2+F+R2     8056.119     45  16202.237    16203.379    16481.632
 96  TIM2e+R2      8074.925     42  16233.849    16234.844    16494.617
109  TIM+F+R2      8056.142     45  16202.285    16203.426    16481.679
122  TIMe+R2       8075.828     42  16235.656    16236.651    16496.425
135  TPM3u+F+R2    8056.303     44  16200.607    16201.698    16473.793
148  TPM3+F+R2     8056.281     44  16200.563    16201.654    16473.748
161  TPM2u+F+R2    8057.654     44  16203.307    16204.399    16476.493
174  TPM2+F+R2     8057.654     44  16203.307    16204.399    16476.493
187  K3Pu+F+R2     8057.668     44  16203.335    16204.427    16476.521
200  K3P+R2        8076.473     41  16234.945    16235.894    16489.504
213  TN+F+R2       8056.222     44  16200.444    16201.536    16473.630
226  TNe+R2        8075.844     41  16233.688    16234.636    16488.247
239  HKY+F+R2      8057.772     43  16201.544    16202.587    16468.521
252  K2P+R2        8076.501     40  16233.002    16233.905    16481.353
265  F81+F+R2      8109.249     42  16302.497    16303.492    16563.265
278  JC+R2         8126.869     39  16331.738    16332.597    16573.880
Akaike Information Criterion:           TIM3+F+R2
Corrected Akaike Information Criterion: TIM3+F+R2
Bayesian Information Criterion:         HKY+F+R2
Best-fit model: HKY+F+R2 chosen according to BIC

All model information printed to 26448at7898.fltrd_aligned.fas.model.gz
CPU time for ModelFinder: 0.724 seconds (0h:0m:0s)
Wall-clock time for ModelFinder: 0.738 seconds (0h:0m:0s)
Generating 1000 samples for ultrafast bootstrap (seed: 467357)...

NOTE: 1 MB RAM (0 GB) is required!
Estimate model parameters (epsilon = 0.100)
1. Initial log-likelihood: -8057.772
Optimal log-likelihood: -8057.766
Rate parameters:  A-C: 1.00000  A-G: 2.71803  A-T: 1.00000  C-G: 1.00000  C-T: 2.71803  G-T: 1.00000
Base frequencies:  A: 0.234  C: 0.259  G: 0.285  T: 0.222
Site proportion and rates:  (0.959,0.456) (0.041,13.611)
Parameters optimization took 1 rounds (0.004 sec)
Computing ML distances based on estimated model parameters...
Computing ML distances took 0.002563 sec (of wall-clock time) 0.002527 sec(of CPU time)
Computing RapidNJ tree took 0.000071 sec (of wall-clock time) 0.000069 sec (of CPU time)
Log-likelihood of RapidNJ tree: -8121.210
--------------------------------------------------------------------
|             INITIALIZING CANDIDATE TREE SET                      |
--------------------------------------------------------------------
Generating 98 parsimony trees... 0.111 second
Computing log-likelihood of 98 initial trees ... 0.099 seconds
Current best score: -8057.766

Do NNI search on 20 best initial trees
Estimate model parameters (epsilon = 0.100)
BETTER TREE FOUND at iteration 1: -8057.762
UPDATE BEST LOG-LIKELIHOOD: -8057.758
BETTER TREE FOUND at iteration 5: -8057.758
Iteration 10 / LogL: -8059.312 / Time: 0h:0m:0s
Iteration 20 / LogL: -8066.151 / Time: 0h:0m:0s
Finish initializing candidate tree set (17)
Current best tree score: -8057.758 / CPU time: 0.485
Number of iterations: 20
--------------------------------------------------------------------
|               OPTIMIZING CANDIDATE TREE SET                      |
--------------------------------------------------------------------
UPDATE BEST LOG-LIKELIHOOD: -8057.758
Iteration 30 / LogL: -8057.760 / Time: 0h:0m:0s (0h:0m:1s left)
Iteration 40 / LogL: -8057.758 / Time: 0h:0m:0s (0h:0m:1s left)
Iteration 50 / LogL: -8057.760 / Time: 0h:0m:1s (0h:0m:1s left)
Log-likelihood cutoff on original alignment: -8086.610
Iteration 60 / LogL: -8057.766 / Time: 0h:0m:1s (0h:0m:1s left)
UPDATE BEST LOG-LIKELIHOOD: -8057.757
Iteration 70 / LogL: -8062.800 / Time: 0h:0m:1s (0h:0m:0s left)
UPDATE BEST LOG-LIKELIHOOD: -8057.756
Iteration 80 / LogL: -8076.854 / Time: 0h:0m:1s (0h:0m:0s left)
Iteration 90 / LogL: -8057.762 / Time: 0h:0m:1s (0h:0m:0s left)
Iteration 100 / LogL: -8057.758 / Time: 0h:0m:2s (0h:0m:0s left)
Log-likelihood cutoff on original alignment: -8087.652
NOTE: Bootstrap correlation coefficient of split occurrence frequencies: 0.996
UPDATE BEST LOG-LIKELIHOOD: -8057.756
TREE SEARCH COMPLETED AFTER 106 ITERATIONS / Time: 0h:0m:2s

--------------------------------------------------------------------
|                    FINALIZING TREE SEARCH                        |
--------------------------------------------------------------------
Performs final model parameters optimization
Estimate model parameters (epsilon = 0.010)
1. Initial log-likelihood: -8057.756
Optimal log-likelihood: -8057.754
Rate parameters:  A-C: 1.00000  A-G: 2.71453  A-T: 1.00000  C-G: 1.00000  C-T: 2.71453  G-T: 1.00000
Base frequencies:  A: 0.234  C: 0.259  G: 0.285  T: 0.222
Site proportion and rates:  (0.959,0.458) (0.041,13.719)
Parameters optimization took 1 rounds (0.004 sec)
BEST SCORE FOUND : -8057.754
Creating bootstrap support values...
Split supports printed to NEXUS file 26448at7898.fltrd_aligned.fas.splits.nex
Total tree length: 0.181

Total number of iterations: 106
CPU time used for tree search: 2.177 sec (0h:0m:2s)
Wall-clock time used for tree search: 2.236 sec (0h:0m:2s)
Total CPU time used: 2.249 sec (0h:0m:2s)
Total wall-clock time used: 2.319 sec (0h:0m:2s)

Computing bootstrap consensus tree...
Reading input file 26448at7898.fltrd_aligned.fas.splits.nex...
20 taxa and 166 splits.
Consensus tree written to 26448at7898.fltrd_aligned.fas.contree
Reading input trees file 26448at7898.fltrd_aligned.fas.contree
Log-likelihood of consensus tree: -8057.774

Analysis results written to: 
  IQ-TREE report:                26448at7898.fltrd_aligned.fas.iqtree
  Maximum-likelihood tree:       26448at7898.fltrd_aligned.fas.treefile
  Likelihood distances:          26448at7898.fltrd_aligned.fas.mldist

Ultrafast bootstrap approximation results written to:
  Split support values:          26448at7898.fltrd_aligned.fas.splits.nex
  Consensus tree:                26448at7898.fltrd_aligned.fas.contree
  Screen log file:               26448at7898.fltrd_aligned.fas.log

Date and Time: Tue Dec  2 14:49:41 2025
