IQ-TREE multicore version 2.1.3 COVID-edition for Linux 64-bit built Apr 21 2021
Developed by Bui Quang Minh, James Barbetti, Nguyen Lam Tung,
Olga Chernomor, Heiko Schmidt, Dominik Schrempf, Michael Woodhams.

Host:    gombessa.rcs.alaska.edu (AVX2, FMA3, 503 GB RAM)
Command: /export/scratch/tsvanorden/Char_Phylogenetics/src/iqtree-2.1.3-Linux/bin/iqtree2 -s 75989at7898.fltrd_aligned.fas -m MFP -bb 1000 -T 1
Seed:    752859 (Using SPRNG - Scalable Parallel Random Number Generator)
Time:    Tue Dec  2 14:49:15 2025
Kernel:  AVX+FMA - 1 threads (1 CPU cores detected)

Reading alignment file 75989at7898.fltrd_aligned.fas ... Fasta format detected
Alignment most likely contains DNA/RNA sequences
Alignment has 20 sequences with 1068 columns, 47 distinct patterns
2 parsimony-informative, 25 singleton sites, 1041 constant sites
                                Gap/Ambiguity  Composition  p-value
   1  251140_Ward_Creek                 3.65%    passed     97.39%
   2  260512_Pybus_Point                0.00%    passed     94.42%
   3  261935_Kenai_River                0.00%    passed     94.42%
   4  353213_Cropley_Lake               0.00%    passed     94.42%
   5  353219_Peterson_Creek             3.65%    passed     97.39%
   6  353220_Fish_Creek                 0.00%    passed     94.42%
   7  353246_Cottonwood_Creek           0.00%    passed     94.42%
   8  353379_Skagit_River              28.09%    passed     63.27%
   9  353381_Dungeness_River           15.45%    passed     75.63%
  10  353401_Peace_River                8.43%    passed     92.84%
  11  353407_Noatok                    19.66%    passed     63.35%
  12  353410_Horizon_Lake               0.00%    passed     96.03%
  13  92319_Little_Lost                 8.43%    passed     92.84%
  14  94280_St_Joe                      8.43%    passed     92.84%
  15  GCA016432855_Lake_Trout           8.43%    passed     92.84%
  16  GCA036784925_Maine_S_alpinus      0.00%    passed     94.78%
  17  GCA045679555_Iceland_A_alpinus    0.00%    passed     96.03%
  18  GCF013265735_Rainbow_Trout       12.08%    passed     76.70%
  19  GCF029448725_Brook_Trout          8.43%    passed     94.62%
  20  Methow_River_99895                8.43%    passed     92.84%
****  TOTAL                             6.66%  0 sequences failed composition chi2 test (p-value<5%; df=3)
NOTE: 353219_Peterson_Creek is identical to 251140_Ward_Creek but kept for subsequent analysis
NOTE: 261935_Kenai_River is identical to 260512_Pybus_Point but kept for subsequent analysis
NOTE: 353246_Cottonwood_Creek is identical to 353220_Fish_Creek but kept for subsequent analysis
NOTE: 92319_Little_Lost is identical to 353401_Peace_River but kept for subsequent analysis
NOTE: GCA045679555_Iceland_A_alpinus is identical to 353410_Horizon_Lake but kept for subsequent analysis
NOTE: 4 identical sequences (see below) will be ignored for subsequent analysis
NOTE: 353213_Cropley_Lake (identical to 260512_Pybus_Point) is ignored but added at the end
NOTE: 94280_St_Joe (identical to 353401_Peace_River) is ignored but added at the end
NOTE: GCA016432855_Lake_Trout (identical to 353401_Peace_River) is ignored but added at the end
NOTE: Methow_River_99895 (identical to 353401_Peace_River) is ignored but added at the end
Alignment was printed to 75989at7898.fltrd_aligned.fas.uniqueseq.phy

For your convenience alignment with unique sequences printed to 75989at7898.fltrd_aligned.fas.uniqueseq.phy


Create initial parsimony tree by phylogenetic likelihood library (PLL)... 0.000 seconds
Perform fast likelihood tree search using GTR+I+G model...
Estimate model parameters (epsilon = 5.000)
Perform nearest neighbor interchange...
Estimate model parameters (epsilon = 1.000)
1. Initial log-likelihood: -1663.694
Optimal log-likelihood: -1663.694
Rate parameters:  A-C: 0.93509  A-G: 2.78618  A-T: 0.37917  C-G: 0.52415  C-T: 3.04736  G-T: 1.00000
Base frequencies:  A: 0.238  C: 0.270  G: 0.267  T: 0.225
Proportion of invariable sites: 0.487
Gamma shape alpha: 998.448
Parameters optimization took 1 rounds (0.001 sec)
Time for fast ML tree search: 0.009 seconds

NOTE: ModelFinder requires 0 MB RAM!
ModelFinder will test up to 286 DNA models (sample size: 1068) ...
 No. Model         -LnL         df  AIC          AICc         BIC
  1  GTR+F         1663.443     37  3400.887     3403.617     3584.908
  2  GTR+F+I       1663.443     38  3402.886     3405.767     3591.881
  3  GTR+F+G4      1663.443     38  3402.887     3405.767     3591.882
  4  GTR+F+I+G4    1663.693     39  3405.387     3408.422     3599.355
  5  GTR+F+R2      1663.563     39  3405.126     3408.161     3599.094
  6  GTR+F+R3      1663.597     41  3409.194     3412.551     3613.109
 14  SYM           1665.191     34  3398.382     3400.686     3567.482
 15  SYM+I         1665.190     35  3400.380     3402.821     3574.454
 16  SYM+G4        1665.190     35  3400.380     3402.822     3574.454
 27  TVM+F         1663.461     36  3398.922     3401.506     3577.970
 28  TVM+F+I       1663.461     37  3400.922     3403.652     3584.943
 29  TVM+F+G4      1663.461     37  3400.923     3403.653     3584.944
 40  TVMe          1665.199     33  3396.397     3398.568     3560.524
 41  TVMe+I        1665.199     34  3398.397     3400.701     3567.498
 42  TVMe+G4       1665.199     34  3398.398     3400.702     3567.498
 53  TIM3+F        1664.030     35  3398.059     3400.501     3572.133
 54  TIM3+F+I      1664.029     36  3400.059     3402.643     3579.106
 55  TIM3+F+G4     1664.030     36  3400.059     3402.643     3579.107
 66  TIM3e         1665.784     32  3395.567     3397.608     3554.720
 67  TIM3e+I       1665.783     33  3397.567     3399.737     3561.694
 68  TIM3e+G4      1665.784     33  3397.567     3399.737     3561.694
 79  TIM2+F        1664.022     35  3398.043     3400.485     3572.117
 80  TIM2+F+I      1664.021     36  3400.042     3402.626     3579.090
 81  TIM2+F+G4     1664.021     36  3400.043     3402.627     3579.090
 92  TIM2e         1665.786     32  3395.572     3397.612     3554.725
 93  TIM2e+I       1665.785     33  3397.570     3399.740     3561.697
 94  TIM2e+G4      1665.785     33  3397.570     3399.740     3561.697
105  TIM+F         1663.490     35  3396.981     3399.423     3571.055
106  TIM+F+I       1663.490     36  3398.980     3401.564     3578.028
107  TIM+F+G4      1663.490     36  3398.981     3401.565     3578.028
118  TIMe          1665.280     32  3394.560     3396.601     3553.713
119  TIMe+I        1665.280     33  3396.560     3398.730     3560.687
120  TIMe+G4       1665.280     33  3396.560     3398.730     3560.687
131  TPM3u+F       1664.046     34  3396.093     3398.397     3565.193
132  TPM3u+F+I     1664.046     35  3398.092     3400.534     3572.166
133  TPM3u+F+G4    1664.046     35  3398.093     3400.535     3572.167
144  TPM3+F        1664.046     34  3396.093     3398.397     3565.193
145  TPM3+F+I      1664.046     35  3398.092     3400.534     3572.166
146  TPM3+F+G4     1664.046     35  3398.093     3400.535     3572.167
157  TPM2u+F       1664.041     34  3396.082     3398.386     3565.183
158  TPM2u+F+I     1664.040     35  3398.080     3400.522     3572.154
159  TPM2u+F+G4    1664.040     35  3398.080     3400.522     3572.154
170  TPM2+F        1664.041     34  3396.082     3398.386     3565.183
171  TPM2+F+I      1664.040     35  3398.080     3400.522     3572.154
172  TPM2+F+G4     1664.040     35  3398.080     3400.522     3572.154
183  K3Pu+F        1663.508     34  3395.016     3397.320     3564.117
184  K3Pu+F+I      1663.508     35  3397.016     3399.458     3571.090
185  K3Pu+F+G4     1663.508     35  3397.017     3399.459     3571.091
196  K3P           1665.289     31  3392.578     3394.494     3546.758
197  K3P+I         1665.289     32  3394.578     3396.619     3553.732
198  K3P+G4        1665.289     32  3394.579     3396.619     3553.732
209  TN+F          1664.029     34  3396.058     3398.362     3565.158
210  TN+F+I        1664.029     35  3398.058     3400.500     3572.132
211  TN+F+G4       1664.029     35  3398.058     3400.500     3572.132
222  TNe           1665.803     31  3393.607     3395.522     3547.786
223  TNe+I         1665.802     32  3395.603     3397.644     3554.757
224  TNe+G4        1665.802     32  3395.604     3397.644     3554.757
235  HKY+F         1664.047     33  3394.094     3396.264     3558.221
236  HKY+F+I       1664.047     34  3396.094     3398.398     3565.194
237  HKY+F+G4      1664.047     34  3396.094     3398.398     3565.195
248  K2P           1665.811     30  3391.621     3393.415     3540.828
249  K2P+I         1665.811     31  3393.621     3395.536     3547.801
250  K2P+G4        1665.811     31  3393.622     3395.537     3547.801
261  F81+F         1670.320     32  3404.641     3406.681     3563.794
262  F81+F+I       1670.320     33  3406.641     3408.811     3570.768
263  F81+F+G4      1670.321     33  3406.641     3408.811     3570.768
274  JC            1672.033     29  3402.067     3403.743     3546.300
275  JC+I          1672.033     30  3404.067     3405.861     3553.273
276  JC+G4         1672.034     30  3404.067     3405.861     3553.274
Akaike Information Criterion:           K2P
Corrected Akaike Information Criterion: K2P
Bayesian Information Criterion:         K2P
Best-fit model: K2P chosen according to BIC

All model information printed to 75989at7898.fltrd_aligned.fas.model.gz
CPU time for ModelFinder: 0.106 seconds (0h:0m:0s)
Wall-clock time for ModelFinder: 0.110 seconds (0h:0m:0s)
Generating 1000 samples for ultrafast bootstrap (seed: 752859)...

NOTE: 0 MB RAM (0 GB) is required!
Estimate model parameters (epsilon = 0.100)
1. Initial log-likelihood: -1665.811
Optimal log-likelihood: -1665.811
Rate parameters:  A-C: 1.00000  A-G: 4.03563  A-T: 1.00000  C-G: 1.00000  C-T: 4.03563  G-T: 1.00000
Base frequencies:  A: 0.250  C: 0.250  G: 0.250  T: 0.250
Parameters optimization took 1 rounds (0.000 sec)
Computing ML distances based on estimated model parameters...
Computing ML distances took 0.000991 sec (of wall-clock time) 0.000963 sec(of CPU time)
Computing RapidNJ tree took 0.000050 sec (of wall-clock time) 0.000000 sec (of CPU time)
Log-likelihood of RapidNJ tree: -1665.842
--------------------------------------------------------------------
|             INITIALIZING CANDIDATE TREE SET                      |
--------------------------------------------------------------------
Generating 98 parsimony trees... 0.026 second
Computing log-likelihood of 98 initial trees ... 0.023 seconds
Current best score: -1665.810

Do NNI search on 20 best initial trees
Estimate model parameters (epsilon = 0.100)
BETTER TREE FOUND at iteration 1: -1665.807
BETTER TREE FOUND at iteration 6: -1665.807
Iteration 10 / LogL: -1665.811 / Time: 0h:0m:0s
BETTER TREE FOUND at iteration 13: -1665.807
Iteration 20 / LogL: -1665.811 / Time: 0h:0m:0s
Finish initializing candidate tree set (20)
Current best tree score: -1665.807 / CPU time: 0.169
Number of iterations: 20
--------------------------------------------------------------------
|               OPTIMIZING CANDIDATE TREE SET                      |
--------------------------------------------------------------------
BETTER TREE FOUND at iteration 25: -1665.806
BETTER TREE FOUND at iteration 29: -1665.806
Iteration 30 / LogL: -1665.807 / Time: 0h:0m:0s (0h:0m:0s left)
BETTER TREE FOUND at iteration 31: -1665.806
BETTER TREE FOUND at iteration 37: -1665.806
Iteration 40 / LogL: -1665.806 / Time: 0h:0m:0s (0h:0m:0s left)
BETTER TREE FOUND at iteration 47: -1665.806
Iteration 50 / LogL: -1665.806 / Time: 0h:0m:0s (0h:0m:0s left)
Log-likelihood cutoff on original alignment: -1680.038
BETTER TREE FOUND at iteration 51: -1665.806
BETTER TREE FOUND at iteration 57: -1665.806
Iteration 60 / LogL: -1665.806 / Time: 0h:0m:0s (0h:0m:0s left)
Iteration 70 / LogL: -1665.806 / Time: 0h:0m:0s (0h:0m:0s left)
BETTER TREE FOUND at iteration 71: -1665.806
BETTER TREE FOUND at iteration 74: -1665.806
Iteration 80 / LogL: -1665.806 / Time: 0h:0m:0s (0h:0m:0s left)
BETTER TREE FOUND at iteration 85: -1665.806
Iteration 90 / LogL: -1665.806 / Time: 0h:0m:0s (0h:0m:0s left)
BETTER TREE FOUND at iteration 95: -1665.806
Iteration 100 / LogL: -1665.809 / Time: 0h:0m:0s (0h:0m:0s left)
Log-likelihood cutoff on original alignment: -1680.725
NOTE: Bootstrap correlation coefficient of split occurrence frequencies: 0.869
NOTE: UFBoot does not converge, continue at least 100 more iterations
Iteration 110 / LogL: -1665.806 / Time: 0h:0m:0s (0h:0m:0s left)
Iteration 120 / LogL: -1665.811 / Time: 0h:0m:0s (0h:0m:0s left)
BETTER TREE FOUND at iteration 130: -1665.806
Iteration 130 / LogL: -1665.806 / Time: 0h:0m:0s (0h:0m:0s left)
Iteration 140 / LogL: -1665.806 / Time: 0h:0m:0s (0h:0m:0s left)
Iteration 150 / LogL: -1665.806 / Time: 0h:0m:0s (0h:0m:0s left)
Log-likelihood cutoff on original alignment: -1680.725
BETTER TREE FOUND at iteration 155: -1665.806
Iteration 160 / LogL: -1665.806 / Time: 0h:0m:1s (0h:0m:0s left)
UPDATE BEST LOG-LIKELIHOOD: -1665.806
Iteration 170 / LogL: -1665.806 / Time: 0h:0m:1s (0h:0m:0s left)
Iteration 180 / LogL: -1665.806 / Time: 0h:0m:1s (0h:0m:0s left)
Iteration 190 / LogL: -1665.806 / Time: 0h:0m:1s (0h:0m:0s left)
BETTER TREE FOUND at iteration 198: -1665.806
Iteration 200 / LogL: -1665.806 / Time: 0h:0m:1s (0h:0m:0s left)
Log-likelihood cutoff on original alignment: -1680.725
NOTE: Bootstrap correlation coefficient of split occurrence frequencies: 0.810
NOTE: UFBoot does not converge, continue at least 100 more iterations
BETTER TREE FOUND at iteration 203: -1665.806
Iteration 210 / LogL: -1665.806 / Time: 0h:0m:1s (0h:0m:0s left)
Iteration 220 / LogL: -1665.806 / Time: 0h:0m:1s (0h:0m:0s left)
BETTER TREE FOUND at iteration 221: -1665.806
BETTER TREE FOUND at iteration 222: -1665.806
Iteration 230 / LogL: -1665.806 / Time: 0h:0m:1s (0h:0m:0s left)
UPDATE BEST LOG-LIKELIHOOD: -1665.806
Iteration 240 / LogL: -1665.806 / Time: 0h:0m:1s (0h:0m:0s left)
Iteration 250 / LogL: -1665.806 / Time: 0h:0m:1s (0h:0m:0s left)
Log-likelihood cutoff on original alignment: -1682.032
Iteration 260 / LogL: -1665.806 / Time: 0h:0m:1s (0h:0m:0s left)
Iteration 270 / LogL: -1665.806 / Time: 0h:0m:1s (0h:0m:0s left)
Iteration 280 / LogL: -1665.806 / Time: 0h:0m:1s (0h:0m:0s left)
Iteration 290 / LogL: -1665.806 / Time: 0h:0m:1s (0h:0m:0s left)
UPDATE BEST LOG-LIKELIHOOD: -1665.806
Iteration 300 / LogL: -1665.806 / Time: 0h:0m:2s (0h:0m:0s left)
Log-likelihood cutoff on original alignment: -1682.032
NOTE: Bootstrap correlation coefficient of split occurrence frequencies: 0.909
NOTE: UFBoot does not converge, continue at least 100 more iterations
Iteration 310 / LogL: -1665.806 / Time: 0h:0m:2s (0h:0m:0s left)
Iteration 320 / LogL: -1665.806 / Time: 0h:0m:2s (0h:0m:0s left)
Iteration 330 / LogL: -1665.808 / Time: 0h:0m:2s (0h:0m:0s left)
Iteration 340 / LogL: -1665.806 / Time: 0h:0m:2s (0h:0m:0s left)
UPDATE BEST LOG-LIKELIHOOD: -1665.806
Iteration 350 / LogL: -1665.806 / Time: 0h:0m:2s (0h:0m:0s left)
Log-likelihood cutoff on original alignment: -1681.719
UPDATE BEST LOG-LIKELIHOOD: -1665.806
Iteration 360 / LogL: -1665.806 / Time: 0h:0m:2s (0h:0m:0s left)
Iteration 370 / LogL: -1665.806 / Time: 0h:0m:2s (0h:0m:0s left)
Iteration 380 / LogL: -1665.806 / Time: 0h:0m:2s (0h:0m:0s left)
Iteration 390 / LogL: -1665.806 / Time: 0h:0m:2s (0h:0m:0s left)
Iteration 400 / LogL: -1665.806 / Time: 0h:0m:2s (0h:0m:0s left)
Log-likelihood cutoff on original alignment: -1681.719
NOTE: Bootstrap correlation coefficient of split occurrence frequencies: 0.935
NOTE: UFBoot does not converge, continue at least 100 more iterations
Iteration 410 / LogL: -1665.806 / Time: 0h:0m:2s (0h:0m:0s left)
Iteration 420 / LogL: -1665.806 / Time: 0h:0m:3s (0h:0m:0s left)
Iteration 430 / LogL: -1665.806 / Time: 0h:0m:3s (0h:0m:0s left)
Iteration 440 / LogL: -1665.806 / Time: 0h:0m:3s (0h:0m:0s left)
UPDATE BEST LOG-LIKELIHOOD: -1665.806
Iteration 450 / LogL: -1665.806 / Time: 0h:0m:3s (0h:0m:0s left)
Log-likelihood cutoff on original alignment: -1681.719
Iteration 460 / LogL: -1665.806 / Time: 0h:0m:3s (0h:0m:0s left)
Iteration 470 / LogL: -1665.806 / Time: 0h:0m:3s (0h:0m:0s left)
Iteration 480 / LogL: -1665.808 / Time: 0h:0m:3s (0h:0m:0s left)
Iteration 490 / LogL: -1665.806 / Time: 0h:0m:3s (0h:0m:0s left)
UPDATE BEST LOG-LIKELIHOOD: -1665.806
BETTER TREE FOUND at iteration 498: -1665.806
Iteration 500 / LogL: -1665.808 / Time: 0h:0m:3s (0h:0m:0s left)
Log-likelihood cutoff on original alignment: -1682.340
NOTE: Bootstrap correlation coefficient of split occurrence frequencies: 0.936
NOTE: UFBoot does not converge, continue at least 100 more iterations
Iteration 510 / LogL: -1665.808 / Time: 0h:0m:3s (0h:0m:0s left)
Iteration 520 / LogL: -1665.806 / Time: 0h:0m:3s (0h:0m:0s left)
Iteration 530 / LogL: -1665.806 / Time: 0h:0m:4s (0h:0m:0s left)
Iteration 540 / LogL: -1665.806 / Time: 0h:0m:4s (0h:0m:0s left)
Iteration 550 / LogL: -1665.806 / Time: 0h:0m:4s (0h:0m:0s left)
Log-likelihood cutoff on original alignment: -1682.340
Iteration 560 / LogL: -1665.806 / Time: 0h:0m:4s (0h:0m:0s left)
Iteration 570 / LogL: -1665.806 / Time: 0h:0m:4s (0h:0m:0s left)
Iteration 580 / LogL: -1665.806 / Time: 0h:0m:4s (0h:0m:0s left)
Iteration 590 / LogL: -1665.808 / Time: 0h:0m:4s (0h:0m:0s left)
Iteration 600 / LogL: -1665.806 / Time: 0h:0m:4s (0h:0m:0s left)
Log-likelihood cutoff on original alignment: -1682.340
NOTE: Bootstrap correlation coefficient of split occurrence frequencies: 0.939
NOTE: UFBoot does not converge, continue at least 100 more iterations
Iteration 610 / LogL: -1665.806 / Time: 0h:0m:4s (0h:0m:0s left)
Iteration 620 / LogL: -1665.808 / Time: 0h:0m:5s (0h:0m:0s left)
Iteration 630 / LogL: -1665.806 / Time: 0h:0m:5s (0h:0m:0s left)
Iteration 640 / LogL: -1665.806 / Time: 0h:0m:5s (0h:0m:0s left)
Iteration 650 / LogL: -1665.806 / Time: 0h:0m:5s (0h:0m:0s left)
Log-likelihood cutoff on original alignment: -1682.340
Iteration 660 / LogL: -1665.806 / Time: 0h:0m:5s (0h:0m:0s left)
Iteration 670 / LogL: -1665.806 / Time: 0h:0m:5s (0h:0m:0s left)
Iteration 680 / LogL: -1665.806 / Time: 0h:0m:5s (0h:0m:0s left)
Iteration 690 / LogL: -1665.806 / Time: 0h:0m:5s (0h:0m:0s left)
Iteration 700 / LogL: -1665.806 / Time: 0h:0m:5s (0h:0m:0s left)
Log-likelihood cutoff on original alignment: -1682.340
NOTE: Bootstrap correlation coefficient of split occurrence frequencies: 0.952
NOTE: UFBoot does not converge, continue at least 100 more iterations
UPDATE BEST LOG-LIKELIHOOD: -1665.806
Iteration 710 / LogL: -1665.807 / Time: 0h:0m:6s (0h:0m:0s left)
Iteration 720 / LogL: -1665.808 / Time: 0h:0m:6s (0h:0m:0s left)
Iteration 730 / LogL: -1665.806 / Time: 0h:0m:6s (0h:0m:0s left)
Iteration 740 / LogL: -1665.806 / Time: 0h:0m:6s (0h:0m:0s left)
Iteration 750 / LogL: -1665.806 / Time: 0h:0m:6s (0h:0m:0s left)
Log-likelihood cutoff on original alignment: -1681.707
Iteration 760 / LogL: -1665.806 / Time: 0h:0m:6s (0h:0m:0s left)
Iteration 770 / LogL: -1665.806 / Time: 0h:0m:6s (0h:0m:0s left)
UPDATE BEST LOG-LIKELIHOOD: -1665.806
Iteration 780 / LogL: -1665.810 / Time: 0h:0m:6s (0h:0m:0s left)
Iteration 790 / LogL: -1665.806 / Time: 0h:0m:6s (0h:0m:0s left)
Iteration 800 / LogL: -1665.808 / Time: 0h:0m:7s (0h:0m:0s left)
Log-likelihood cutoff on original alignment: -1681.809
NOTE: Bootstrap correlation coefficient of split occurrence frequencies: 0.965
NOTE: UFBoot does not converge, continue at least 100 more iterations
Iteration 810 / LogL: -1665.806 / Time: 0h:0m:7s (0h:0m:0s left)
Iteration 820 / LogL: -1665.806 / Time: 0h:0m:7s (0h:0m:0s left)
Iteration 830 / LogL: -1665.807 / Time: 0h:0m:7s (0h:0m:0s left)
Iteration 840 / LogL: -1665.806 / Time: 0h:0m:7s (0h:0m:0s left)
Iteration 850 / LogL: -1665.806 / Time: 0h:0m:7s (0h:0m:0s left)
Log-likelihood cutoff on original alignment: -1681.832
Iteration 860 / LogL: -1665.806 / Time: 0h:0m:7s (0h:0m:0s left)
Iteration 870 / LogL: -1665.806 / Time: 0h:0m:8s (0h:0m:0s left)
Iteration 880 / LogL: -1665.806 / Time: 0h:0m:8s (0h:0m:0s left)
Iteration 890 / LogL: -1665.809 / Time: 0h:0m:8s (0h:0m:0s left)
Iteration 900 / LogL: -1665.806 / Time: 0h:0m:8s (0h:0m:0s left)
Log-likelihood cutoff on original alignment: -1681.709
NOTE: Bootstrap correlation coefficient of split occurrence frequencies: 0.945
NOTE: UFBoot does not converge, continue at least 100 more iterations
UPDATE BEST LOG-LIKELIHOOD: -1665.806
Iteration 910 / LogL: -1665.806 / Time: 0h:0m:8s (0h:0m:0s left)
Iteration 920 / LogL: -1665.809 / Time: 0h:0m:8s (0h:0m:0s left)
Iteration 930 / LogL: -1665.806 / Time: 0h:0m:8s (0h:0m:0s left)
Iteration 940 / LogL: -1665.806 / Time: 0h:0m:8s (0h:0m:0s left)
Iteration 950 / LogL: -1665.806 / Time: 0h:0m:9s (0h:0m:0s left)
Log-likelihood cutoff on original alignment: -1682.622
BETTER TREE FOUND at iteration 959: -1665.806
Iteration 960 / LogL: -1665.807 / Time: 0h:0m:9s (0h:0m:0s left)
Iteration 970 / LogL: -1665.806 / Time: 0h:0m:9s (0h:0m:0s left)
BETTER TREE FOUND at iteration 972: -1665.806
Iteration 980 / LogL: -1665.806 / Time: 0h:0m:9s (0h:0m:0s left)
Iteration 990 / LogL: -1665.806 / Time: 0h:0m:9s (0h:0m:0s left)
Iteration 1000 / LogL: -1665.809 / Time: 0h:0m:9s (0h:0m:0s left)
Log-likelihood cutoff on original alignment: -1682.622
NOTE: Bootstrap correlation coefficient of split occurrence frequencies: 0.929
NOTE: UFBoot does not converge, continue at least 100 more iterations
WARNING: bootstrap analysis did not converge. You should rerun with higher number of iterations (-nm option)
TREE SEARCH COMPLETED AFTER 1001 ITERATIONS / Time: 0h:0m:9s

--------------------------------------------------------------------
|                    FINALIZING TREE SEARCH                        |
--------------------------------------------------------------------
Performs final model parameters optimization
Estimate model parameters (epsilon = 0.010)
1. Initial log-likelihood: -1665.806
Optimal log-likelihood: -1665.806
Rate parameters:  A-C: 1.00000  A-G: 4.02674  A-T: 1.00000  C-G: 1.00000  C-T: 4.02674  G-T: 1.00000
Base frequencies:  A: 0.250  C: 0.250  G: 0.250  T: 0.250
Parameters optimization took 1 rounds (0.000 sec)
BEST SCORE FOUND : -1665.806
Creating bootstrap support values...
Split supports printed to NEXUS file 75989at7898.fltrd_aligned.fas.splits.nex
Total tree length: 0.029

Total number of iterations: 1001
CPU time used for tree search: 9.686 sec (0h:0m:9s)
Wall-clock time used for tree search: 9.887 sec (0h:0m:9s)
Total CPU time used: 9.728 sec (0h:0m:9s)
Total wall-clock time used: 9.939 sec (0h:0m:9s)

Computing bootstrap consensus tree...
Reading input file 75989at7898.fltrd_aligned.fas.splits.nex...
16 taxa and 282 splits.
Consensus tree written to 75989at7898.fltrd_aligned.fas.contree
Reading input trees file 75989at7898.fltrd_aligned.fas.contree
Log-likelihood of consensus tree: -1665.839

Analysis results written to: 
  IQ-TREE report:                75989at7898.fltrd_aligned.fas.iqtree
  Maximum-likelihood tree:       75989at7898.fltrd_aligned.fas.treefile
  Likelihood distances:          75989at7898.fltrd_aligned.fas.mldist

Ultrafast bootstrap approximation results written to:
  Split support values:          75989at7898.fltrd_aligned.fas.splits.nex
  Consensus tree:                75989at7898.fltrd_aligned.fas.contree
  Screen log file:               75989at7898.fltrd_aligned.fas.log

Date and Time: Tue Dec  2 14:49:25 2025
