IQ-TREE multicore version 2.1.3 COVID-edition for Linux 64-bit built Apr 21 2021
Developed by Bui Quang Minh, James Barbetti, Nguyen Lam Tung,
Olga Chernomor, Heiko Schmidt, Dominik Schrempf, Michael Woodhams.

Host:    gombessa.rcs.alaska.edu (AVX2, FMA3, 503 GB RAM)
Command: /export/scratch/tsvanorden/Char_Phylogenetics/src/iqtree-2.1.3-Linux/bin/iqtree2 -s 71953at7898.fltrd_aligned.fas -m MFP -bb 1000 -T 1
Seed:    856997 (Using SPRNG - Scalable Parallel Random Number Generator)
Time:    Tue Dec  2 14:49:43 2025
Kernel:  AVX+FMA - 1 threads (1 CPU cores detected)

Reading alignment file 71953at7898.fltrd_aligned.fas ... Fasta format detected
Alignment most likely contains DNA/RNA sequences
Alignment has 20 sequences with 1116 columns, 22 distinct patterns
4 parsimony-informative, 16 singleton sites, 1096 constant sites
                                Gap/Ambiguity  Composition  p-value
   1  251140_Ward_Creek                 0.00%    passed     99.99%
   2  260512_Pybus_Point                0.00%    passed     99.99%
   3  261935_Kenai_River                0.00%    passed     99.99%
   4  353213_Cropley_Lake               0.00%    passed     99.99%
   5  353219_Peterson_Creek             0.00%    passed     99.99%
   6  353220_Fish_Creek                 0.00%    passed     99.99%
   7  353246_Cottonwood_Creek           0.00%    passed     99.99%
   8  353379_Skagit_River               0.00%    passed     99.94%
   9  353381_Dungeness_River           25.81%    passed     92.35%
  10  353401_Peace_River                0.00%    passed     99.94%
  11  353407_Noatok                     0.00%    passed     99.96%
  12  353410_Horizon_Lake               0.00%    passed     99.99%
  13  92319_Little_Lost                 0.00%    passed     99.94%
  14  94280_St_Joe                      0.00%    passed     99.94%
  15  GCA016432855_Lake_Trout           0.00%    passed    100.00%
  16  GCA036784925_Maine_S_alpinus      0.00%    passed     99.99%
  17  GCA045679555_Iceland_A_alpinus    0.00%    passed     99.99%
  18  GCF013265735_Rainbow_Trout        0.00%    passed     99.67%
  19  GCF029448725_Brook_Trout          0.00%    passed    100.00%
  20  Methow_River_99895                0.00%    passed     99.94%
****  TOTAL                             1.29%  0 sequences failed composition chi2 test (p-value<5%; df=3)
NOTE: 260512_Pybus_Point is identical to 251140_Ward_Creek but kept for subsequent analysis
NOTE: 353401_Peace_River is identical to 353379_Skagit_River but kept for subsequent analysis
NOTE: GCF029448725_Brook_Trout is identical to GCA016432855_Lake_Trout but kept for subsequent analysis
NOTE: 11 identical sequences (see below) will be ignored for subsequent analysis
NOTE: 261935_Kenai_River (identical to 251140_Ward_Creek) is ignored but added at the end
NOTE: 353213_Cropley_Lake (identical to 251140_Ward_Creek) is ignored but added at the end
NOTE: 353219_Peterson_Creek (identical to 251140_Ward_Creek) is ignored but added at the end
NOTE: 353220_Fish_Creek (identical to 251140_Ward_Creek) is ignored but added at the end
NOTE: 353246_Cottonwood_Creek (identical to 251140_Ward_Creek) is ignored but added at the end
NOTE: 353410_Horizon_Lake (identical to 251140_Ward_Creek) is ignored but added at the end
NOTE: GCA036784925_Maine_S_alpinus (identical to 251140_Ward_Creek) is ignored but added at the end
NOTE: GCA045679555_Iceland_A_alpinus (identical to 251140_Ward_Creek) is ignored but added at the end
NOTE: 92319_Little_Lost (identical to 353379_Skagit_River) is ignored but added at the end
NOTE: 94280_St_Joe (identical to 353379_Skagit_River) is ignored but added at the end
NOTE: Methow_River_99895 (identical to 353379_Skagit_River) is ignored but added at the end
Alignment was printed to 71953at7898.fltrd_aligned.fas.uniqueseq.phy

For your convenience alignment with unique sequences printed to 71953at7898.fltrd_aligned.fas.uniqueseq.phy


Create initial parsimony tree by phylogenetic likelihood library (PLL)... 0.000 seconds
Perform fast likelihood tree search using GTR+I+G model...
Estimate model parameters (epsilon = 5.000)

WARNING: Estimated model parameters are at boundary that can cause numerical instability!

Perform nearest neighbor interchange...
Estimate model parameters (epsilon = 1.000)
1. Initial log-likelihood: -1681.584
2. Current log-likelihood: -1680.002
Optimal log-likelihood: -1679.683
Rate parameters:  A-C: 0.00010  A-G: 4.11500  A-T: 0.80694  C-G: 0.54336  C-T: 7.56156  G-T: 1.00000
Base frequencies:  A: 0.243  C: 0.274  G: 0.262  T: 0.221
Proportion of invariable sites: 0.491
Gamma shape alpha: 998.473
Parameters optimization took 2 rounds (0.005 sec)
Time for fast ML tree search: 0.008 seconds

NOTE: ModelFinder requires 0 MB RAM!
ModelFinder will test up to 286 DNA models (sample size: 1116) ...
 No. Model         -LnL         df  AIC          AICc         BIC
  1  GTR+F         1679.591     23  3405.183     3406.194     3520.586
  2  GTR+F+I       1679.588     24  3407.177     3408.277     3527.597
  3  GTR+F+G4      1679.589     24  3407.179     3408.279     3527.599
  4  GTR+F+I+G4    1679.674     25  3409.349     3410.542     3534.787
  5  GTR+F+R2      1679.630     25  3409.260     3410.453     3534.698
  6  GTR+F+R3      1679.642     27  3413.283     3414.673     3548.756
 14  SYM           1683.231     20  3406.462     3407.229     3506.812
 15  SYM+I         1683.229     21  3408.458     3409.302     3513.825
 16  SYM+G4        1683.229     21  3408.458     3409.303     3513.826
 27  TVM+F         1680.458     22  3404.917     3405.843     3515.302
 28  TVM+F+I       1680.460     23  3406.919     3407.930     3522.322
 29  TVM+F+G4      1680.460     23  3406.919     3407.930     3522.322
 40  TVMe          1684.028     19  3406.056     3406.749     3501.388
 41  TVMe+I        1684.023     20  3408.046     3408.813     3508.396
 42  TVMe+G4       1684.024     20  3408.047     3408.814     3508.397
 53  TIM3+F        1680.199     21  3402.398     3403.242     3507.765
 54  TIM3+F+I      1680.200     22  3404.399     3405.325     3514.784
 55  TIM3+F+G4     1680.199     22  3404.399     3405.325     3514.784
 66  TIM3e         1683.851     18  3403.701     3404.325     3494.016
 67  TIM3e+I       1683.850     19  3405.700     3406.394     3501.033
 68  TIM3e+G4      1683.851     19  3405.701     3406.395     3501.034
 79  TIM2+F        1680.366     21  3402.732     3403.577     3508.100
 80  TIM2+F+I      1680.352     22  3404.703     3405.629     3515.089
 81  TIM2+F+G4     1680.349     22  3404.699     3405.625     3515.084
 92  TIM2e         1683.943     18  3403.885     3404.509     3494.201
 93  TIM2e+I       1683.922     19  3405.844     3406.537     3501.177
 94  TIM2e+G4      1683.922     19  3405.844     3406.538     3501.177
105  TIM+F         1680.311     21  3402.622     3403.467     3507.990
106  TIM+F+I       1680.312     22  3404.624     3405.550     3515.009
107  TIM+F+G4      1680.312     22  3404.624     3405.550     3515.009
118  TIMe          1683.892     18  3403.784     3404.408     3494.099
119  TIMe+I        1683.892     19  3405.783     3406.476     3501.116
120  TIMe+G4       1683.892     19  3405.784     3406.477     3501.116
131  TPM3u+F       1681.073     20  3402.145     3402.913     3502.496
132  TPM3u+F+I     1681.073     21  3404.145     3404.990     3509.513
133  TPM3u+F+G4    1681.073     21  3404.146     3404.990     3509.513
144  TPM3+F        1681.073     20  3402.145     3402.913     3502.496
145  TPM3+F+I      1681.073     21  3404.145     3404.990     3509.513
146  TPM3+F+G4     1681.073     21  3404.146     3404.990     3509.513
157  TPM2u+F       1681.233     20  3402.467     3403.234     3502.817
158  TPM2u+F+I     1681.236     21  3404.472     3405.316     3509.839
159  TPM2u+F+G4    1681.235     21  3404.470     3405.315     3509.838
170  TPM2+F        1681.233     20  3402.467     3403.234     3502.817
171  TPM2+F+I      1681.236     21  3404.472     3405.316     3509.839
172  TPM2+F+G4     1681.235     21  3404.470     3405.315     3509.838
183  K3Pu+F        1681.193     20  3402.386     3403.153     3502.736
184  K3Pu+F+I      1681.193     21  3404.385     3405.230     3509.753
185  K3Pu+F+G4     1681.193     21  3404.386     3405.230     3509.753
196  K3P           1684.695     17  3403.390     3403.948     3488.688
197  K3P+I         1684.694     18  3405.389     3406.012     3495.704
198  K3P+G4        1684.694     18  3405.389     3406.012     3495.704
209  TN+F          1680.483     20  3400.965     3401.732     3501.315
210  TN+F+I        1680.483     21  3402.966     3403.811     3508.334
211  TN+F+G4       1680.483     21  3402.966     3403.811     3508.334
222  TNe           1684.067     17  3402.135     3402.692     3487.433
223  TNe+I         1684.067     18  3404.135     3404.758     3494.450
224  TNe+G4        1684.068     18  3404.135     3404.759     3494.450
235  HKY+F         1681.363     19  3400.727     3401.420     3496.060
236  HKY+F+I       1681.363     20  3402.727     3403.494     3503.077
237  HKY+F+G4      1681.364     20  3402.727     3403.494     3503.077
248  K2P           1684.869     16  3401.739     3402.234     3482.019
249  K2P+I         1684.869     17  3403.739     3404.296     3489.036
250  K2P+G4        1684.869     17  3403.739     3404.296     3489.036
261  F81+F         1692.878     18  3421.755     3422.379     3512.071
262  F81+F+I       1692.878     19  3423.755     3424.449     3519.088
263  F81+F+G4      1692.878     19  3423.756     3424.449     3519.088
274  JC            1696.321     15  3422.641     3423.078     3497.904
275  JC+I          1696.321     16  3424.641     3425.136     3504.921
276  JC+G4         1696.321     16  3424.641     3425.136     3504.921
Akaike Information Criterion:           HKY+F
Corrected Akaike Information Criterion: HKY+F
Bayesian Information Criterion:         K2P
Best-fit model: K2P chosen according to BIC

All model information printed to 71953at7898.fltrd_aligned.fas.model.gz
CPU time for ModelFinder: 0.060 seconds (0h:0m:0s)
Wall-clock time for ModelFinder: 0.065 seconds (0h:0m:0s)
Generating 1000 samples for ultrafast bootstrap (seed: 856997)...

NOTE: 0 MB RAM (0 GB) is required!
Estimate model parameters (epsilon = 0.100)
1. Initial log-likelihood: -1684.869
Optimal log-likelihood: -1684.869
Rate parameters:  A-C: 1.00000  A-G: 11.39787  A-T: 1.00000  C-G: 1.00000  C-T: 11.39787  G-T: 1.00000
Base frequencies:  A: 0.250  C: 0.250  G: 0.250  T: 0.250
Parameters optimization took 1 rounds (0.000 sec)
Computing ML distances based on estimated model parameters...
Computing ML distances took 0.000317 sec (of wall-clock time) 0.000295 sec(of CPU time)
Computing RapidNJ tree took 0.000021 sec (of wall-clock time) 0.000018 sec (of CPU time)
Log-likelihood of RapidNJ tree: -1717.058
--------------------------------------------------------------------
|             INITIALIZING CANDIDATE TREE SET                      |
--------------------------------------------------------------------
Generating 98 parsimony trees... 0.012 second
Computing log-likelihood of 95 initial trees ... 0.007 seconds
Current best score: -1684.869

Do NNI search on 20 best initial trees
Estimate model parameters (epsilon = 0.100)
BETTER TREE FOUND at iteration 1: -1684.869
UPDATE BEST LOG-LIKELIHOOD: -1684.869
Iteration 10 / LogL: -1684.869 / Time: 0h:0m:0s
Iteration 20 / LogL: -1684.869 / Time: 0h:0m:0s
Finish initializing candidate tree set (11)
Current best tree score: -1684.869 / CPU time: 0.056
Number of iterations: 20
--------------------------------------------------------------------
|               OPTIMIZING CANDIDATE TREE SET                      |
--------------------------------------------------------------------
BETTER TREE FOUND at iteration 29: -1684.869
UPDATE BEST LOG-LIKELIHOOD: -1684.869
Iteration 30 / LogL: -1684.869 / Time: 0h:0m:0s (0h:0m:0s left)
Iteration 40 / LogL: -1684.869 / Time: 0h:0m:0s (0h:0m:0s left)
UPDATE BEST LOG-LIKELIHOOD: -1684.869
Iteration 50 / LogL: -1684.869 / Time: 0h:0m:0s (0h:0m:0s left)
Log-likelihood cutoff on original alignment: -1699.265
Iteration 60 / LogL: -1684.870 / Time: 0h:0m:0s (0h:0m:0s left)
UPDATE BEST LOG-LIKELIHOOD: -1684.869
Iteration 70 / LogL: -1684.871 / Time: 0h:0m:0s (0h:0m:0s left)
Iteration 80 / LogL: -1684.869 / Time: 0h:0m:0s (0h:0m:0s left)
Iteration 90 / LogL: -1684.869 / Time: 0h:0m:0s (0h:0m:0s left)
Iteration 100 / LogL: -1684.874 / Time: 0h:0m:0s (0h:0m:0s left)
Log-likelihood cutoff on original alignment: -1699.542
NOTE: Bootstrap correlation coefficient of split occurrence frequencies: 0.957
NOTE: UFBoot does not converge, continue at least 100 more iterations
Iteration 110 / LogL: -1684.869 / Time: 0h:0m:0s (0h:0m:0s left)
Iteration 120 / LogL: -1684.871 / Time: 0h:0m:0s (0h:0m:0s left)
Iteration 130 / LogL: -1684.869 / Time: 0h:0m:0s (0h:0m:0s left)
Iteration 140 / LogL: -1684.869 / Time: 0h:0m:0s (0h:0m:0s left)
Iteration 150 / LogL: -1684.872 / Time: 0h:0m:0s (0h:0m:0s left)
Log-likelihood cutoff on original alignment: -1699.542
Iteration 160 / LogL: -1684.869 / Time: 0h:0m:0s (0h:0m:0s left)
Iteration 170 / LogL: -1684.869 / Time: 0h:0m:0s (0h:0m:0s left)
Iteration 180 / LogL: -1684.869 / Time: 0h:0m:0s (0h:0m:0s left)
Iteration 190 / LogL: -1684.869 / Time: 0h:0m:0s (0h:0m:0s left)
Iteration 200 / LogL: -1684.870 / Time: 0h:0m:0s (0h:0m:0s left)
Log-likelihood cutoff on original alignment: -1699.542
NOTE: Bootstrap correlation coefficient of split occurrence frequencies: 0.964
NOTE: UFBoot does not converge, continue at least 100 more iterations
Iteration 210 / LogL: -1684.873 / Time: 0h:0m:0s (0h:0m:0s left)
Iteration 220 / LogL: -1693.050 / Time: 0h:0m:0s (0h:0m:0s left)
Iteration 230 / LogL: -1687.716 / Time: 0h:0m:0s (0h:0m:0s left)
Iteration 240 / LogL: -1684.869 / Time: 0h:0m:0s (0h:0m:0s left)
Iteration 250 / LogL: -1684.872 / Time: 0h:0m:0s (0h:0m:0s left)
Log-likelihood cutoff on original alignment: -1699.542
Iteration 260 / LogL: -1687.718 / Time: 0h:0m:1s (0h:0m:0s left)
Iteration 270 / LogL: -1684.875 / Time: 0h:0m:1s (0h:0m:0s left)
Iteration 280 / LogL: -1684.869 / Time: 0h:0m:1s (0h:0m:0s left)
Iteration 290 / LogL: -1684.869 / Time: 0h:0m:1s (0h:0m:0s left)
Iteration 300 / LogL: -1684.869 / Time: 0h:0m:1s (0h:0m:0s left)
Log-likelihood cutoff on original alignment: -1699.542
NOTE: Bootstrap correlation coefficient of split occurrence frequencies: 0.983
NOTE: UFBoot does not converge, continue at least 100 more iterations
UPDATE BEST LOG-LIKELIHOOD: -1684.869
Iteration 310 / LogL: -1684.869 / Time: 0h:0m:1s (0h:0m:0s left)
Iteration 320 / LogL: -1684.869 / Time: 0h:0m:1s (0h:0m:0s left)
Iteration 330 / LogL: -1687.716 / Time: 0h:0m:1s (0h:0m:0s left)
Iteration 340 / LogL: -1684.869 / Time: 0h:0m:1s (0h:0m:0s left)
Iteration 350 / LogL: -1684.869 / Time: 0h:0m:1s (0h:0m:0s left)
Log-likelihood cutoff on original alignment: -1699.542
UPDATE BEST LOG-LIKELIHOOD: -1684.869
Iteration 360 / LogL: -1684.874 / Time: 0h:0m:1s (0h:0m:0s left)
Iteration 370 / LogL: -1684.869 / Time: 0h:0m:1s (0h:0m:0s left)
Iteration 380 / LogL: -1684.873 / Time: 0h:0m:1s (0h:0m:0s left)
Iteration 390 / LogL: -1684.873 / Time: 0h:0m:1s (0h:0m:0s left)
Iteration 400 / LogL: -1684.869 / Time: 0h:0m:1s (0h:0m:0s left)
Log-likelihood cutoff on original alignment: -1699.542
NOTE: Bootstrap correlation coefficient of split occurrence frequencies: 0.985
NOTE: UFBoot does not converge, continue at least 100 more iterations
Iteration 410 / LogL: -1684.869 / Time: 0h:0m:1s (0h:0m:0s left)
Iteration 420 / LogL: -1684.872 / Time: 0h:0m:1s (0h:0m:0s left)
UPDATE BEST LOG-LIKELIHOOD: -1684.869
Iteration 430 / LogL: -1684.869 / Time: 0h:0m:1s (0h:0m:0s left)
Iteration 440 / LogL: -1684.869 / Time: 0h:0m:1s (0h:0m:0s left)
Iteration 450 / LogL: -1684.869 / Time: 0h:0m:1s (0h:0m:0s left)
Log-likelihood cutoff on original alignment: -1699.542
Iteration 460 / LogL: -1684.875 / Time: 0h:0m:1s (0h:0m:0s left)
Iteration 470 / LogL: -1687.716 / Time: 0h:0m:1s (0h:0m:0s left)
Iteration 480 / LogL: -1684.871 / Time: 0h:0m:1s (0h:0m:0s left)
Iteration 490 / LogL: -1684.869 / Time: 0h:0m:1s (0h:0m:0s left)
Iteration 500 / LogL: -1684.869 / Time: 0h:0m:1s (0h:0m:0s left)
Log-likelihood cutoff on original alignment: -1699.542
NOTE: Bootstrap correlation coefficient of split occurrence frequencies: 0.972
NOTE: UFBoot does not converge, continue at least 100 more iterations
Iteration 510 / LogL: -1684.869 / Time: 0h:0m:2s (0h:0m:0s left)
Iteration 520 / LogL: -1684.869 / Time: 0h:0m:2s (0h:0m:0s left)
Iteration 530 / LogL: -1684.871 / Time: 0h:0m:2s (0h:0m:0s left)
Iteration 540 / LogL: -1684.869 / Time: 0h:0m:2s (0h:0m:0s left)
Iteration 550 / LogL: -1684.869 / Time: 0h:0m:2s (0h:0m:0s left)
Log-likelihood cutoff on original alignment: -1699.542
Iteration 560 / LogL: -1684.870 / Time: 0h:0m:2s (0h:0m:0s left)
Iteration 570 / LogL: -1684.873 / Time: 0h:0m:2s (0h:0m:0s left)
Iteration 580 / LogL: -1684.869 / Time: 0h:0m:2s (0h:0m:0s left)
Iteration 590 / LogL: -1687.716 / Time: 0h:0m:2s (0h:0m:0s left)
Iteration 600 / LogL: -1684.870 / Time: 0h:0m:2s (0h:0m:0s left)
Log-likelihood cutoff on original alignment: -1699.613
NOTE: Bootstrap correlation coefficient of split occurrence frequencies: 0.988
NOTE: UFBoot does not converge, continue at least 100 more iterations
Iteration 610 / LogL: -1687.716 / Time: 0h:0m:2s (0h:0m:0s left)
Iteration 620 / LogL: -1687.716 / Time: 0h:0m:2s (0h:0m:0s left)
Iteration 630 / LogL: -1684.873 / Time: 0h:0m:2s (0h:0m:0s left)
Iteration 640 / LogL: -1684.871 / Time: 0h:0m:2s (0h:0m:0s left)
Iteration 650 / LogL: -1684.870 / Time: 0h:0m:2s (0h:0m:0s left)
Log-likelihood cutoff on original alignment: -1699.613
Iteration 660 / LogL: -1693.049 / Time: 0h:0m:2s (0h:0m:0s left)
Iteration 670 / LogL: -1684.869 / Time: 0h:0m:2s (0h:0m:0s left)
Iteration 680 / LogL: -1684.869 / Time: 0h:0m:2s (0h:0m:0s left)
Iteration 690 / LogL: -1684.870 / Time: 0h:0m:2s (0h:0m:0s left)
Iteration 700 / LogL: -1684.869 / Time: 0h:0m:2s (0h:0m:0s left)
Log-likelihood cutoff on original alignment: -1699.613
NOTE: Bootstrap correlation coefficient of split occurrence frequencies: 0.994
TREE SEARCH COMPLETED AFTER 700 ITERATIONS / Time: 0h:0m:2s

--------------------------------------------------------------------
|                    FINALIZING TREE SEARCH                        |
--------------------------------------------------------------------
Performs final model parameters optimization
Estimate model parameters (epsilon = 0.010)
1. Initial log-likelihood: -1684.869
Optimal log-likelihood: -1684.869
Rate parameters:  A-C: 1.00000  A-G: 11.39831  A-T: 1.00000  C-G: 1.00000  C-T: 11.39831  G-T: 1.00000
Base frequencies:  A: 0.250  C: 0.250  G: 0.250  T: 0.250
Parameters optimization took 1 rounds (0.000 sec)
BEST SCORE FOUND : -1684.869
Creating bootstrap support values...
Split supports printed to NEXUS file 71953at7898.fltrd_aligned.fas.splits.nex
Total tree length: 0.019

Total number of iterations: 700
CPU time used for tree search: 2.804 sec (0h:0m:2s)
Wall-clock time used for tree search: 2.909 sec (0h:0m:2s)
Total CPU time used: 2.826 sec (0h:0m:2s)
Total wall-clock time used: 2.941 sec (0h:0m:2s)

Computing bootstrap consensus tree...
Reading input file 71953at7898.fltrd_aligned.fas.splits.nex...
9 taxa and 78 splits.
Consensus tree written to 71953at7898.fltrd_aligned.fas.contree
Reading input trees file 71953at7898.fltrd_aligned.fas.contree
Log-likelihood of consensus tree: -1684.885

Analysis results written to: 
  IQ-TREE report:                71953at7898.fltrd_aligned.fas.iqtree
  Maximum-likelihood tree:       71953at7898.fltrd_aligned.fas.treefile
  Likelihood distances:          71953at7898.fltrd_aligned.fas.mldist

Ultrafast bootstrap approximation results written to:
  Split support values:          71953at7898.fltrd_aligned.fas.splits.nex
  Consensus tree:                71953at7898.fltrd_aligned.fas.contree
  Screen log file:               71953at7898.fltrd_aligned.fas.log

Date and Time: Tue Dec  2 14:49:46 2025
