IQ-TREE multicore version 2.1.3 COVID-edition for Linux 64-bit built Apr 21 2021
Developed by Bui Quang Minh, James Barbetti, Nguyen Lam Tung,
Olga Chernomor, Heiko Schmidt, Dominik Schrempf, Michael Woodhams.

Host:    gombessa.rcs.alaska.edu (AVX2, FMA3, 503 GB RAM)
Command: /export/scratch/tsvanorden/Char_Phylogenetics/src/iqtree-2.1.3-Linux/bin/iqtree2 -s 18620at7898.fltrd_aligned.fas -m MFP -bb 1000 -T 1
Seed:    816648 (Using SPRNG - Scalable Parallel Random Number Generator)
Time:    Tue Dec  2 14:49:38 2025
Kernel:  AVX+FMA - 1 threads (1 CPU cores detected)

Reading alignment file 18620at7898.fltrd_aligned.fas ... Fasta format detected
Alignment most likely contains DNA/RNA sequences
WARNING: 59 sites contain only gaps or ambiguous characters.
Alignment has 20 sequences with 4809 columns, 405 distinct patterns
125 parsimony-informative, 167 singleton sites, 4517 constant sites
                                Gap/Ambiguity  Composition  p-value
   1  251140_Ward_Creek                35.37%    passed     41.96%
   2  260512_Pybus_Point               44.48%    passed      9.01%
   3  261935_Kenai_River               59.14%    passed      5.71%
   4  353213_Cropley_Lake              18.59%    passed     31.49%
   5  353219_Peterson_Creek            36.74%    passed     64.71%
   6  353220_Fish_Creek                39.30%    passed     57.38%
   7  353246_Cottonwood_Creek          34.27%    passed     13.03%
   8  353379_Skagit_River              37.55%    passed     14.65%
   9  353381_Dungeness_River           63.84%    passed      8.38%
  10  353401_Peace_River               38.30%    passed     40.68%
  11  353407_Noatok                    37.68%    passed     18.58%
  12  353410_Horizon_Lake              18.22%    passed     34.24%
  13  92319_Little_Lost                46.41%    passed     17.48%
  14  94280_St_Joe                     46.41%    passed     17.48%
  15  GCA016432855_Lake_Trout          17.47%    passed     80.60%
  16  GCA036784925_Maine_S_alpinus     13.16%    passed     30.39%
  17  GCA045679555_Iceland_A_alpinus   13.29%    passed     27.37%
  18  GCF013265735_Rainbow_Trout       16.28%    passed     30.85%
  19  GCF029448725_Brook_Trout         17.72%    passed     81.14%
  20  Methow_River_99895               39.36%    passed     49.84%
WARNING: 2 sequences contain more than 50% gaps/ambiguity
****  TOTAL                            33.68%  0 sequences failed composition chi2 test (p-value<5%; df=3)
NOTE: 94280_St_Joe is identical to 92319_Little_Lost but kept for subsequent analysis


Create initial parsimony tree by phylogenetic likelihood library (PLL)... 0.001 seconds
Perform fast likelihood tree search using GTR+I+G model...
Estimate model parameters (epsilon = 5.000)
Perform nearest neighbor interchange...
Estimate model parameters (epsilon = 1.000)
1. Initial log-likelihood: -8904.658
Optimal log-likelihood: -8904.598
Rate parameters:  A-C: 1.50899  A-G: 3.93912  A-T: 0.92059  C-G: 0.45248  C-T: 3.67254  G-T: 1.00000
Base frequencies:  A: 0.228  C: 0.283  G: 0.283  T: 0.206
Proportion of invariable sites: 0.471
Gamma shape alpha: 0.020
Parameters optimization took 1 rounds (0.009 sec)
Time for fast ML tree search: 0.093 seconds

NOTE: ModelFinder requires 4 MB RAM!
ModelFinder will test up to 286 DNA models (sample size: 4809) ...
 No. Model         -LnL         df  AIC          AICc         BIC
  1  GTR+F         9030.543     45  18151.086    18151.955    18442.607
  2  GTR+F+I       8903.673     46  17899.346    17900.254    18197.345
  3  GTR+F+G4      8931.024     46  17954.048    17954.956    18252.047
  4  GTR+F+I+G4    8904.510     47  17903.020    17903.967    18207.497
  5  GTR+F+R2      8897.045     47  17888.090    17889.037    18192.567
  6  GTR+F+R3      8896.769     49  17891.539    17892.568    18208.973
 15  SYM+I         8927.002     43  17940.004    17940.798    18218.569
 18  SYM+R2        8920.153     44  17928.307    17929.138    18213.349
 28  TVM+F+I       8903.934     45  17897.869    17898.738    18189.390
 31  TVM+F+R2      8896.898     46  17885.796    17886.704    18183.796
 41  TVMe+I        8927.596     42  17939.192    17939.950    18211.278
 44  TVMe+R2       8920.045     43  17926.091    17926.885    18204.655
 54  TIM3+F+I      8912.535     44  17913.071    17913.902    18198.114
 57  TIM3+F+R2     8905.026     45  17900.052    17900.922    18191.573
 67  TIM3e+I       8933.540     41  17949.081    17949.803    18214.689
 70  TIM3e+R2      8926.204     42  17936.407    17937.165    18208.494
 80  TIM2+F+I      8908.001     44  17904.002    17904.833    18189.044
 83  TIM2+F+R2     8900.725     45  17891.450    17892.319    18182.971
 93  TIM2e+I       8931.340     41  17944.680    17945.402    18210.288
 96  TIM2e+R2      8924.011     42  17932.023    17932.781    18204.109
106  TIM+F+I       8906.964     44  17901.929    17902.760    18186.971
109  TIM+F+R2      8899.888     45  17889.777    17890.646    18181.298
119  TIMe+I        8929.000     41  17939.999    17940.722    18205.607
122  TIMe+R2       8921.859     42  17927.718    17928.476    18199.804
132  TPM3u+F+I     8912.841     43  17911.682    17912.476    18190.246
135  TPM3u+F+R2    8904.915     44  17897.830    17898.661    18182.873
145  TPM3+F+I      8912.841     43  17911.682    17912.476    18190.246
148  TPM3+F+R2     8904.915     44  17897.830    17898.661    18182.873
158  TPM2u+F+I     8908.274     43  17902.547    17903.341    18181.112
161  TPM2u+F+R2    8900.572     44  17889.144    17889.975    18174.187
171  TPM2+F+I      8908.274     43  17902.548    17903.342    18181.112
174  TPM2+F+R2     8900.540     44  17889.081    17889.912    18174.124
184  K3Pu+F+I      8907.239     43  17900.479    17901.273    18179.043
187  K3Pu+F+R2     8899.805     44  17887.611    17888.442    18172.654
197  K3P+I         8929.658     40  17939.317    17940.005    18198.447
200  K3P+R2        8921.794     41  17925.589    17926.311    18191.197
210  TN+F+I        8912.591     43  17911.182    17911.976    18189.746
213  TN+F+R2       8904.819     44  17897.637    17898.469    18182.680
223  TNe+I         8933.752     40  17947.504    17948.192    18206.634
226  TNe+R2        8926.191     41  17934.382    17935.105    18199.990
236  HKY+F+I       8912.900     42  17909.801    17910.558    18181.887
239  HKY+F+R2      8904.905     43  17895.809    17896.603    18174.374
249  K2P+I         8934.444     39  17946.888    17947.542    18199.540
252  K2P+R2        8926.201     40  17932.401    17933.089    18191.531
262  F81+F+I       8992.921     41  18067.841    18068.564    18333.449
265  F81+F+R2      8985.251     42  18054.502    18055.260    18326.589
275  JC+I          9011.513     38  18099.026    18099.647    18345.199
278  JC+R2         9003.704     39  18085.408    18086.063    18338.060
Akaike Information Criterion:           TVM+F+R2
Corrected Akaike Information Criterion: TVM+F+R2
Bayesian Information Criterion:         K3Pu+F+R2
Best-fit model: K3Pu+F+R2 chosen according to BIC

All model information printed to 18620at7898.fltrd_aligned.fas.model.gz
CPU time for ModelFinder: 1.264 seconds (0h:0m:1s)
Wall-clock time for ModelFinder: 1.282 seconds (0h:0m:1s)
Generating 1000 samples for ultrafast bootstrap (seed: 816648)...

NOTE: 2 MB RAM (0 GB) is required!
Estimate model parameters (epsilon = 0.100)
1. Initial log-likelihood: -8899.805
Optimal log-likelihood: -8899.793
Rate parameters:  A-C: 1.00000  A-G: 3.12116  A-T: 0.49136  C-G: 0.49136  C-T: 3.12116  G-T: 1.00000
Base frequencies:  A: 0.228  C: 0.283  G: 0.283  T: 0.206
Site proportion and rates:  (0.961,0.333) (0.039,17.243)
Parameters optimization took 1 rounds (0.005 sec)
Computing ML distances based on estimated model parameters...
Computing ML distances took 0.003213 sec (of wall-clock time) 0.003181 sec(of CPU time)
Computing RapidNJ tree took 0.000068 sec (of wall-clock time) 0.000067 sec (of CPU time)
Log-likelihood of RapidNJ tree: -8912.987
--------------------------------------------------------------------
|             INITIALIZING CANDIDATE TREE SET                      |
--------------------------------------------------------------------
Generating 98 parsimony trees... 0.131 second
Computing log-likelihood of 98 initial trees ... 0.106 seconds
Current best score: -8866.895

Do NNI search on 20 best initial trees
Estimate model parameters (epsilon = 0.100)
BETTER TREE FOUND at iteration 1: -8864.042
Iteration 10 / LogL: -8864.043 / Time: 0h:0m:0s
Iteration 20 / LogL: -8864.043 / Time: 0h:0m:0s
Finish initializing candidate tree set (1)
Current best tree score: -8864.042 / CPU time: 0.544
Number of iterations: 20
--------------------------------------------------------------------
|               OPTIMIZING CANDIDATE TREE SET                      |
--------------------------------------------------------------------
Iteration 30 / LogL: -8864.052 / Time: 0h:0m:0s (0h:0m:1s left)
Iteration 40 / LogL: -8866.691 / Time: 0h:0m:0s (0h:0m:1s left)
Iteration 50 / LogL: -8864.055 / Time: 0h:0m:1s (0h:0m:1s left)
Log-likelihood cutoff on original alignment: -8891.285
Iteration 60 / LogL: -8866.682 / Time: 0h:0m:1s (0h:0m:0s left)
UPDATE BEST LOG-LIKELIHOOD: -8864.042
Iteration 70 / LogL: -8864.046 / Time: 0h:0m:1s (0h:0m:0s left)
UPDATE BEST LOG-LIKELIHOOD: -8864.042
Iteration 80 / LogL: -8864.051 / Time: 0h:0m:1s (0h:0m:0s left)
Iteration 90 / LogL: -8866.685 / Time: 0h:0m:1s (0h:0m:0s left)
Iteration 100 / LogL: -8864.083 / Time: 0h:0m:2s (0h:0m:0s left)
Log-likelihood cutoff on original alignment: -8890.894
NOTE: Bootstrap correlation coefficient of split occurrence frequencies: 0.937
NOTE: UFBoot does not converge, continue at least 100 more iterations
Iteration 110 / LogL: -8864.047 / Time: 0h:0m:2s (0h:0m:1s left)
Iteration 120 / LogL: -8866.689 / Time: 0h:0m:2s (0h:0m:1s left)
Iteration 130 / LogL: -8864.053 / Time: 0h:0m:2s (0h:0m:1s left)
Iteration 140 / LogL: -8864.048 / Time: 0h:0m:2s (0h:0m:1s left)
Iteration 150 / LogL: -8864.057 / Time: 0h:0m:3s (0h:0m:1s left)
Log-likelihood cutoff on original alignment: -8890.894
Iteration 160 / LogL: -8864.060 / Time: 0h:0m:3s (0h:0m:0s left)
UPDATE BEST LOG-LIKELIHOOD: -8864.042
Iteration 170 / LogL: -8864.042 / Time: 0h:0m:3s (0h:0m:0s left)
Iteration 180 / LogL: -8864.055 / Time: 0h:0m:3s (0h:0m:0s left)
Iteration 190 / LogL: -8866.682 / Time: 0h:0m:4s (0h:0m:0s left)
Iteration 200 / LogL: -8864.042 / Time: 0h:0m:4s (0h:0m:0s left)
Log-likelihood cutoff on original alignment: -8890.894
NOTE: Bootstrap correlation coefficient of split occurrence frequencies: 0.998
TREE SEARCH COMPLETED AFTER 200 ITERATIONS / Time: 0h:0m:4s

--------------------------------------------------------------------
|                    FINALIZING TREE SEARCH                        |
--------------------------------------------------------------------
Performs final model parameters optimization
Estimate model parameters (epsilon = 0.010)
1. Initial log-likelihood: -8864.042
2. Current log-likelihood: -8864.028
3. Current log-likelihood: -8864.017
Optimal log-likelihood: -8864.007
Rate parameters:  A-C: 1.00000  A-G: 2.98722  A-T: 0.49200  C-G: 0.49200  C-T: 2.98722  G-T: 1.00000
Base frequencies:  A: 0.228  C: 0.283  G: 0.283  T: 0.206
Site proportion and rates:  (0.963,0.359) (0.037,17.626)
Parameters optimization took 3 rounds (0.016 sec)
BEST SCORE FOUND : -8864.007
Creating bootstrap support values...
Split supports printed to NEXUS file 18620at7898.fltrd_aligned.fas.splits.nex
Total tree length: 0.128

Total number of iterations: 200
CPU time used for tree search: 4.199 sec (0h:0m:4s)
Wall-clock time used for tree search: 4.325 sec (0h:0m:4s)
Total CPU time used: 4.309 sec (0h:0m:4s)
Total wall-clock time used: 4.442 sec (0h:0m:4s)

Computing bootstrap consensus tree...
Reading input file 18620at7898.fltrd_aligned.fas.splits.nex...
20 taxa and 146 splits.
Consensus tree written to 18620at7898.fltrd_aligned.fas.contree
Reading input trees file 18620at7898.fltrd_aligned.fas.contree
Log-likelihood of consensus tree: -8864.094

Analysis results written to: 
  IQ-TREE report:                18620at7898.fltrd_aligned.fas.iqtree
  Maximum-likelihood tree:       18620at7898.fltrd_aligned.fas.treefile
  Likelihood distances:          18620at7898.fltrd_aligned.fas.mldist

Ultrafast bootstrap approximation results written to:
  Split support values:          18620at7898.fltrd_aligned.fas.splits.nex
  Consensus tree:                18620at7898.fltrd_aligned.fas.contree
  Screen log file:               18620at7898.fltrd_aligned.fas.log

Date and Time: Tue Dec  2 14:49:44 2025
