IQ-TREE multicore version 2.1.3 COVID-edition for Linux 64-bit built Apr 21 2021
Developed by Bui Quang Minh, James Barbetti, Nguyen Lam Tung,
Olga Chernomor, Heiko Schmidt, Dominik Schrempf, Michael Woodhams.

Host:    gombessa.rcs.alaska.edu (AVX2, FMA3, 503 GB RAM)
Command: /export/scratch/tsvanorden/Char_Phylogenetics/src/iqtree-2.1.3-Linux/bin/iqtree2 -s 97971at7898.fltrd_aligned.fas -m MFP -bb 1000 -T 1
Seed:    926802 (Using SPRNG - Scalable Parallel Random Number Generator)
Time:    Tue Dec  2 14:49:37 2025
Kernel:  AVX+FMA - 1 threads (1 CPU cores detected)

Reading alignment file 97971at7898.fltrd_aligned.fas ... Fasta format detected
Alignment most likely contains DNA/RNA sequences
WARNING: 99 sites contain only gaps or ambiguous characters.
Alignment has 20 sequences with 948 columns, 58 distinct patterns
15 parsimony-informative, 27 singleton sites, 906 constant sites
                                Gap/Ambiguity  Composition  p-value
   1  251140_Ward_Creek                24.05%    passed     99.83%
   2  260512_Pybus_Point               22.15%    passed     99.87%
   3  261935_Kenai_River               22.15%    passed     99.99%
   4  353213_Cropley_Lake              22.15%    passed     99.99%
   5  353219_Peterson_Creek            22.15%    passed     99.87%
   6  353220_Fish_Creek                22.15%    passed     99.97%
   7  353246_Cottonwood_Creek          22.15%    passed     99.99%
   8  353379_Skagit_River              22.15%    passed     99.98%
   9  353381_Dungeness_River           16.88%    passed     66.49%
  10  353401_Peace_River               22.15%    passed     99.98%
  11  353407_Noatok                    22.15%    passed    100.00%
  12  353410_Horizon_Lake              22.15%    passed     99.98%
  13  92319_Little_Lost                22.15%    passed     99.98%
  14  94280_St_Joe                     22.15%    passed     99.98%
  15  GCA016432855_Lake_Trout          22.15%    passed     99.92%
  16  GCA036784925_Maine_S_alpinus     26.58%    passed     95.70%
  17  GCA045679555_Iceland_A_alpinus   22.15%    passed     99.97%
  18  GCF013265735_Rainbow_Trout       22.47%    passed     96.91%
  19  GCF029448725_Brook_Trout         22.47%    passed     99.37%
  20  Methow_River_99895               22.15%    passed     99.98%
****  TOTAL                            22.24%  0 sequences failed composition chi2 test (p-value<5%; df=3)
NOTE: 353219_Peterson_Creek is identical to 260512_Pybus_Point but kept for subsequent analysis
NOTE: 353213_Cropley_Lake is identical to 261935_Kenai_River but kept for subsequent analysis
NOTE: GCA045679555_Iceland_A_alpinus is identical to 353220_Fish_Creek but kept for subsequent analysis
NOTE: 353401_Peace_River is identical to 353379_Skagit_River but kept for subsequent analysis
NOTE: 4 identical sequences (see below) will be ignored for subsequent analysis
NOTE: 353246_Cottonwood_Creek (identical to 261935_Kenai_River) is ignored but added at the end
NOTE: 92319_Little_Lost (identical to 353379_Skagit_River) is ignored but added at the end
NOTE: 94280_St_Joe (identical to 353379_Skagit_River) is ignored but added at the end
NOTE: Methow_River_99895 (identical to 353379_Skagit_River) is ignored but added at the end
Alignment was printed to 97971at7898.fltrd_aligned.fas.uniqueseq.phy

For your convenience alignment with unique sequences printed to 97971at7898.fltrd_aligned.fas.uniqueseq.phy


Create initial parsimony tree by phylogenetic likelihood library (PLL)... 0.000 seconds
Perform fast likelihood tree search using GTR+I+G model...
Estimate model parameters (epsilon = 5.000)
Perform nearest neighbor interchange...
Estimate model parameters (epsilon = 1.000)
1. Initial log-likelihood: -1483.226
Optimal log-likelihood: -1483.172
Rate parameters:  A-C: 7.39519  A-G: 23.73775  A-T: 5.86701  C-G: 5.15693  C-T: 19.53199  G-T: 1.00000
Base frequencies:  A: 0.266  C: 0.237  G: 0.293  T: 0.204
Proportion of invariable sites: 0.477
Gamma shape alpha: 0.144
Parameters optimization took 1 rounds (0.005 sec)
Time for fast ML tree search: 0.013 seconds

NOTE: ModelFinder requires 0 MB RAM!
ModelFinder will test up to 286 DNA models (sample size: 948) ...
 No. Model         -LnL         df  AIC          AICc         BIC
  1  GTR+F         1491.704     37  3057.408     3060.498     3237.019
  2  GTR+F+I       1483.181     38  3042.363     3045.623     3226.828
  3  GTR+F+G4      1484.255     38  3044.511     3047.771     3228.976
  4  GTR+F+I+G4    1483.171     39  3044.342     3047.778     3233.662
  5  GTR+F+R2      1489.079     39  3056.158     3059.594     3245.478
  6  GTR+F+R3      1484.183     41  3050.365     3054.167     3249.394
 15  SYM+I         1486.979     35  3043.959     3046.722     3213.861
 16  SYM+G4        1488.047     35  3046.093     3048.856     3215.995
 17  SYM+I+G4      1486.965     36  3045.929     3048.853     3220.686
 28  TVM+F+I       1483.286     37  3040.572     3043.662     3220.183
 29  TVM+F+G4      1484.312     37  3042.625     3045.715     3222.236
 30  TVM+F+I+G4    1483.276     38  3042.551     3045.812     3227.017
 41  TVMe+I        1487.586     34  3043.172     3045.778     3208.220
 42  TVMe+G4       1488.547     34  3045.094     3047.701     3210.142
 43  TVMe+I+G4     1487.570     35  3045.139     3047.902     3215.041
 54  TIM3+F+I      1484.376     36  3040.752     3043.676     3215.509
 55  TIM3+F+G4     1485.475     36  3042.950     3045.874     3217.707
 56  TIM3+F+I+G4   1484.363     37  3042.726     3045.817     3222.338
 67  TIM3e+I       1488.055     33  3042.109     3044.565     3202.303
 68  TIM3e+G4      1489.161     33  3044.323     3046.778     3204.517
 69  TIM3e+I+G4    1488.037     34  3044.075     3046.682     3209.123
 80  TIM2+F+I      1484.278     36  3040.556     3043.481     3215.313
 81  TIM2+F+G4     1485.423     36  3042.847     3045.771     3217.603
 82  TIM2+F+I+G4   1484.274     37  3042.549     3045.639     3222.160
 93  TIM2e+I       1488.305     33  3042.610     3045.065     3202.803
 94  TIM2e+G4      1489.438     33  3044.876     3047.331     3205.070
 95  TIM2e+I+G4    1488.298     34  3044.597     3047.204     3209.645
106  TIM+F+I       1484.926     36  3041.851     3044.776     3216.608
107  TIM+F+G4      1486.060     36  3044.121     3047.045     3218.878
108  TIM+F+I+G4    1484.927     37  3043.854     3046.944     3223.465
119  TIMe+I        1488.823     33  3043.647     3046.102     3203.840
120  TIMe+G4       1489.965     33  3045.929     3048.384     3206.123
121  TIMe+I+G4     1488.816     34  3045.632     3048.239     3210.680
132  TPM3u+F+I     1484.481     35  3038.962     3041.725     3208.864
133  TPM3u+F+G4    1485.535     35  3041.069     3043.832     3210.972
134  TPM3u+F+I+G4  1484.467     36  3040.933     3043.857     3215.690
145  TPM3+F+I      1484.481     35  3038.962     3041.725     3208.864
146  TPM3+F+G4     1485.535     35  3041.069     3043.832     3210.972
147  TPM3+F+I+G4   1484.467     36  3040.933     3043.857     3215.690
158  TPM2u+F+I     1484.384     35  3038.769     3041.532     3208.671
159  TPM2u+F+G4    1485.481     35  3040.962     3043.725     3210.865
160  TPM2u+F+I+G4  1484.381     36  3040.762     3043.687     3215.519
171  TPM2+F+I      1484.384     35  3038.769     3041.532     3208.671
172  TPM2+F+G4     1485.481     35  3040.962     3043.725     3210.865
173  TPM2+F+I+G4   1484.381     36  3040.762     3043.687     3215.519
184  K3Pu+F+I      1485.036     35  3040.072     3042.835     3209.974
185  K3Pu+F+G4     1486.118     35  3042.236     3044.999     3212.138
186  K3Pu+F+I+G4   1485.032     36  3042.063     3044.988     3216.820
197  K3P+I         1489.453     32  3042.907     3045.215     3198.246
198  K3P+G4        1490.469     32  3044.939     3047.247     3200.278
199  K3P+I+G4      1489.440     33  3044.880     3047.335     3205.074
210  TN+F+I        1485.013     35  3040.025     3042.789     3209.928
211  TN+F+G4       1486.162     35  3042.324     3045.087     3212.226
212  TN+F+I+G4     1485.008     36  3042.016     3044.940     3216.773
223  TNe+I         1488.920     32  3041.839     3044.148     3197.179
224  TNe+G4        1490.072     32  3044.144     3046.452     3199.483
225  TNe+I+G4      1488.911     33  3043.822     3046.277     3204.016
236  HKY+F+I       1485.118     34  3038.236     3040.843     3203.284
237  HKY+F+G4      1486.219     34  3040.439     3043.046     3205.487
238  HKY+F+I+G4    1485.113     35  3040.227     3042.990     3210.129
249  K2P+I         1489.546     31  3041.092     3043.258     3191.577
250  K2P+G4        1490.580     31  3043.159     3045.325     3193.644
251  K2P+I+G4      1489.537     32  3043.074     3045.382     3198.413
262  F81+F+I       1497.095     33  3060.189     3062.645     3220.383
263  F81+F+G4      1497.952     33  3061.903     3064.358     3222.097
264  F81+F+I+G4    1497.068     34  3062.136     3064.743     3227.184
275  JC+I          1501.832     30  3063.665     3065.693     3209.295
276  JC+G4         1502.668     30  3065.337     3067.365     3210.967
277  JC+I+G4       1501.803     31  3065.606     3067.772     3216.091
Akaike Information Criterion:           HKY+F+I
Corrected Akaike Information Criterion: HKY+F+I
Bayesian Information Criterion:         K2P+I
Best-fit model: K2P+I chosen according to BIC

All model information printed to 97971at7898.fltrd_aligned.fas.model.gz
CPU time for ModelFinder: 0.242 seconds (0h:0m:0s)
Wall-clock time for ModelFinder: 0.255 seconds (0h:0m:0s)
Generating 1000 samples for ultrafast bootstrap (seed: 926802)...

NOTE: 0 MB RAM (0 GB) is required!
Estimate model parameters (epsilon = 0.100)
1. Initial log-likelihood: -1489.546
Optimal log-likelihood: -1489.546
Rate parameters:  A-C: 1.00000  A-G: 4.52642  A-T: 1.00000  C-G: 1.00000  C-T: 4.52642  G-T: 1.00000
Base frequencies:  A: 0.250  C: 0.250  G: 0.250  T: 0.250
Proportion of invariable sites: 0.851
Parameters optimization took 1 rounds (0.001 sec)
Computing ML distances based on estimated model parameters...
Computing ML distances took 0.001056 sec (of wall-clock time) 0.001025 sec(of CPU time)
WARNING: Some pairwise ML distances are too long (saturated)
Computing RapidNJ tree took 0.000057 sec (of wall-clock time) 0.000054 sec (of CPU time)
Log-likelihood of RapidNJ tree: -1501.208
--------------------------------------------------------------------
|             INITIALIZING CANDIDATE TREE SET                      |
--------------------------------------------------------------------
Generating 98 parsimony trees... 0.038 second
Computing log-likelihood of 98 initial trees ... 0.040 seconds
Current best score: -1487.771

Do NNI search on 20 best initial trees
Estimate model parameters (epsilon = 0.100)
BETTER TREE FOUND at iteration 1: -1487.412
BETTER TREE FOUND at iteration 5: -1487.412
BETTER TREE FOUND at iteration 10: -1487.412
Iteration 10 / LogL: -1487.412 / Time: 0h:0m:0s
UPDATE BEST LOG-LIKELIHOOD: -1487.412
Iteration 20 / LogL: -1487.413 / Time: 0h:0m:0s
Finish initializing candidate tree set (10)
Current best tree score: -1487.412 / CPU time: 0.264
Number of iterations: 20
--------------------------------------------------------------------
|               OPTIMIZING CANDIDATE TREE SET                      |
--------------------------------------------------------------------
Iteration 30 / LogL: -1487.413 / Time: 0h:0m:0s (0h:0m:0s left)
Iteration 40 / LogL: -1487.413 / Time: 0h:0m:0s (0h:0m:0s left)
UPDATE BEST LOG-LIKELIHOOD: -1487.412
Iteration 50 / LogL: -1487.414 / Time: 0h:0m:0s (0h:0m:0s left)
Log-likelihood cutoff on original alignment: -1510.800
UPDATE BEST LOG-LIKELIHOOD: -1487.412
Iteration 60 / LogL: -1487.999 / Time: 0h:0m:0s (0h:0m:0s left)
Iteration 70 / LogL: -1487.413 / Time: 0h:0m:0s (0h:0m:0s left)
BETTER TREE FOUND at iteration 77: -1487.412
Iteration 80 / LogL: -1487.413 / Time: 0h:0m:0s (0h:0m:1s left)
Iteration 90 / LogL: -1487.412 / Time: 0h:0m:0s (0h:0m:0s left)
Iteration 100 / LogL: -1487.418 / Time: 0h:0m:0s (0h:0m:0s left)
Log-likelihood cutoff on original alignment: -1511.729
NOTE: Bootstrap correlation coefficient of split occurrence frequencies: 0.980
NOTE: UFBoot does not converge, continue at least 100 more iterations
Iteration 110 / LogL: -1489.591 / Time: 0h:0m:1s (0h:0m:0s left)
Iteration 120 / LogL: -1489.514 / Time: 0h:0m:1s (0h:0m:0s left)
Iteration 130 / LogL: -1487.415 / Time: 0h:0m:1s (0h:0m:0s left)
Iteration 140 / LogL: -1487.413 / Time: 0h:0m:1s (0h:0m:0s left)
Iteration 150 / LogL: -1487.415 / Time: 0h:0m:1s (0h:0m:0s left)
Log-likelihood cutoff on original alignment: -1511.748
Iteration 160 / LogL: -1487.412 / Time: 0h:0m:1s (0h:0m:0s left)
Iteration 170 / LogL: -1489.517 / Time: 0h:0m:1s (0h:0m:0s left)
Iteration 180 / LogL: -1487.415 / Time: 0h:0m:1s (0h:0m:0s left)
Iteration 190 / LogL: -1489.591 / Time: 0h:0m:1s (0h:0m:0s left)
Iteration 200 / LogL: -1488.002 / Time: 0h:0m:1s (0h:0m:0s left)
Log-likelihood cutoff on original alignment: -1511.748
NOTE: Bootstrap correlation coefficient of split occurrence frequencies: 0.994
TREE SEARCH COMPLETED AFTER 200 ITERATIONS / Time: 0h:0m:1s

--------------------------------------------------------------------
|                    FINALIZING TREE SEARCH                        |
--------------------------------------------------------------------
Performs final model parameters optimization
Estimate model parameters (epsilon = 0.010)
1. Initial log-likelihood: -1487.412
Optimal log-likelihood: -1487.411
Rate parameters:  A-C: 1.00000  A-G: 5.00075  A-T: 1.00000  C-G: 1.00000  C-T: 5.00075  G-T: 1.00000
Base frequencies:  A: 0.250  C: 0.250  G: 0.250  T: 0.250
Proportion of invariable sites: 0.853
Parameters optimization took 1 rounds (0.000 sec)
BEST SCORE FOUND : -1487.411
Creating bootstrap support values...
Split supports printed to NEXUS file 97971at7898.fltrd_aligned.fas.splits.nex
Total tree length: 0.075

Total number of iterations: 200
CPU time used for tree search: 1.822 sec (0h:0m:1s)
Wall-clock time used for tree search: 1.915 sec (0h:0m:1s)
Total CPU time used: 1.862 sec (0h:0m:1s)
Total wall-clock time used: 1.964 sec (0h:0m:1s)

Computing bootstrap consensus tree...
Reading input file 97971at7898.fltrd_aligned.fas.splits.nex...
16 taxa and 221 splits.
Consensus tree written to 97971at7898.fltrd_aligned.fas.contree
Reading input trees file 97971at7898.fltrd_aligned.fas.contree
Log-likelihood of consensus tree: -1487.423

Analysis results written to: 
  IQ-TREE report:                97971at7898.fltrd_aligned.fas.iqtree
  Maximum-likelihood tree:       97971at7898.fltrd_aligned.fas.treefile
  Likelihood distances:          97971at7898.fltrd_aligned.fas.mldist

Ultrafast bootstrap approximation results written to:
  Split support values:          97971at7898.fltrd_aligned.fas.splits.nex
  Consensus tree:                97971at7898.fltrd_aligned.fas.contree
  Screen log file:               97971at7898.fltrd_aligned.fas.log

Date and Time: Tue Dec  2 14:49:40 2025
