IQ-TREE multicore version 2.1.3 COVID-edition for Linux 64-bit built Apr 21 2021
Developed by Bui Quang Minh, James Barbetti, Nguyen Lam Tung,
Olga Chernomor, Heiko Schmidt, Dominik Schrempf, Michael Woodhams.

Host:    gombessa.rcs.alaska.edu (AVX2, FMA3, 503 GB RAM)
Command: /export/scratch/tsvanorden/Char_Phylogenetics/src/iqtree-2.1.3-Linux/bin/iqtree2 -s 7869at7898.fltrd_aligned.fas -m MFP -bb 1000 -T 1
Seed:    674879 (Using SPRNG - Scalable Parallel Random Number Generator)
Time:    Tue Dec  2 14:49:28 2025
Kernel:  AVX+FMA - 1 threads (1 CPU cores detected)

Reading alignment file 7869at7898.fltrd_aligned.fas ... Fasta format detected
Alignment most likely contains DNA/RNA sequences
Alignment has 20 sequences with 4290 columns, 132 distinct patterns
19 parsimony-informative, 100 singleton sites, 4171 constant sites
                                Gap/Ambiguity  Composition  p-value
   1  251140_Ward_Creek                 6.50%    passed     91.68%
   2  260512_Pybus_Point                2.24%    passed     99.97%
   3  261935_Kenai_River                2.24%    passed     99.97%
   4  353213_Cropley_Lake               2.24%    passed     99.97%
   5  353219_Peterson_Creek             9.02%    passed     99.37%
   6  353220_Fish_Creek                 2.24%    passed     99.97%
   7  353246_Cottonwood_Creek           2.24%    passed     99.94%
   8  353379_Skagit_River               2.80%    passed     99.72%
   9  353381_Dungeness_River           10.70%    passed     98.34%
  10  353401_Peace_River                1.75%    passed    100.00%
  11  353407_Noatok                    20.21%    passed     85.56%
  12  353410_Horizon_Lake               2.24%    passed     99.96%
  13  92319_Little_Lost                 2.75%    passed     99.73%
  14  94280_St_Joe                      1.75%    passed    100.00%
  15  GCA016432855_Lake_Trout           2.24%    passed     99.78%
  16  GCA036784925_Maine_S_alpinus      2.24%    passed     99.96%
  17  GCA045679555_Iceland_A_alpinus    2.24%    passed     99.97%
  18  GCF013265735_Rainbow_Trout        1.68%    passed     99.14%
  19  GCF029448725_Brook_Trout          2.45%    passed     99.87%
  20  Methow_River_99895                1.75%    passed    100.00%
****  TOTAL                             4.07%  0 sequences failed composition chi2 test (p-value<5%; df=3)
NOTE: 353213_Cropley_Lake is identical to 261935_Kenai_River but kept for subsequent analysis
NOTE: 94280_St_Joe is identical to 353401_Peace_River but kept for subsequent analysis
NOTE: 2 identical sequences (see below) will be ignored for subsequent analysis
NOTE: 353220_Fish_Creek (identical to 261935_Kenai_River) is ignored but added at the end
NOTE: Methow_River_99895 (identical to 353401_Peace_River) is ignored but added at the end
Alignment was printed to 7869at7898.fltrd_aligned.fas.uniqueseq.phy

For your convenience alignment with unique sequences printed to 7869at7898.fltrd_aligned.fas.uniqueseq.phy


Create initial parsimony tree by phylogenetic likelihood library (PLL)... 0.000 seconds
Perform fast likelihood tree search using GTR+I+G model...
Estimate model parameters (epsilon = 5.000)
Perform nearest neighbor interchange...
Estimate model parameters (epsilon = 1.000)
1. Initial log-likelihood: -6777.043
Optimal log-likelihood: -6777.041
Rate parameters:  A-C: 0.79202  A-G: 1.31310  A-T: 0.95418  C-G: 0.52990  C-T: 3.48368  G-T: 1.00000
Base frequencies:  A: 0.285  C: 0.251  G: 0.238  T: 0.226
Proportion of invariable sites: 0.486
Gamma shape alpha: 998.443
Parameters optimization took 1 rounds (0.002 sec)
Time for fast ML tree search: 0.014 seconds

NOTE: ModelFinder requires 1 MB RAM!
ModelFinder will test up to 286 DNA models (sample size: 4290) ...
 No. Model         -LnL         df  AIC          AICc         BIC
  1  GTR+F         6776.648     41  13635.297    13636.107    13896.222
  2  GTR+F+I       6776.648     42  13637.296    13638.146    13904.586
  3  GTR+F+G4      6776.648     42  13637.296    13638.147    13904.586
  4  GTR+F+I+G4    6777.040     43  13640.081    13640.972    13913.735
  5  GTR+F+R2      6776.783     43  13639.567    13640.458    13913.220
  6  GTR+F+R3      6776.852     45  13643.704    13644.680    13930.086
 14  SYM           6792.948     38  13661.896    13662.593    13903.729
 15  SYM+I         6792.948     39  13663.897    13664.631    13912.095
 16  SYM+G4        6792.948     39  13663.895    13664.629    13912.093
 27  TVM+F         6784.314     40  13648.628    13649.400    13903.190
 28  TVM+F+I       6784.304     41  13650.607    13651.418    13911.533
 29  TVM+F+G4      6784.305     41  13650.609    13651.420    13911.535
 40  TVMe          6799.269     37  13672.539    13673.200    13908.008
 41  TVMe+I        6799.271     38  13674.542    13675.239    13916.376
 42  TVMe+G4       6799.271     38  13674.542    13675.239    13916.375
 53  TIM3+F        6777.042     39  13632.085    13632.819    13880.282
 54  TIM3+F+I      6777.042     40  13634.084    13634.856    13888.646
 55  TIM3+F+G4     6777.042     40  13634.084    13634.856    13888.646
 66  TIM3e         6793.550     36  13659.100    13659.726    13888.206
 67  TIM3e+I       6793.546     37  13661.093    13661.754    13896.562
 68  TIM3e+G4      6793.546     37  13661.093    13661.754    13896.562
 79  TIM2+F        6777.669     39  13633.338    13634.072    13881.536
 80  TIM2+F+I      6777.672     40  13635.343    13636.115    13889.905
 81  TIM2+F+G4     6777.670     40  13635.340    13636.112    13889.901
 92  TIM2e         6793.759     36  13659.518    13660.144    13888.624
 93  TIM2e+I       6793.758     37  13661.517    13662.178    13896.986
 94  TIM2e+G4      6793.759     37  13661.517    13662.178    13896.987
105  TIM+F         6777.666     39  13633.331    13634.065    13881.529
106  TIM+F+I       6777.666     40  13635.331    13636.103    13889.893
107  TIM+F+G4      6777.666     40  13635.332    13636.104    13889.893
118  TIMe          6793.936     36  13659.873    13660.499    13888.978
119  TIMe+I        6793.938     37  13661.875    13662.537    13897.345
120  TIMe+G4       6793.935     37  13661.870    13662.531    13897.339
131  TPM3u+F       6784.705     38  13645.409    13646.106    13887.243
132  TPM3u+F+I     6784.702     39  13647.403    13648.137    13895.601
133  TPM3u+F+G4    6784.700     39  13647.401    13648.135    13895.598
144  TPM3+F        6784.705     38  13645.409    13646.106    13887.243
145  TPM3+F+I      6784.702     39  13647.403    13648.137    13895.601
146  TPM3+F+G4     6784.700     39  13647.401    13648.135    13895.598
157  TPM2u+F       6785.320     38  13646.639    13647.337    13888.473
158  TPM2u+F+I     6785.321     39  13648.641    13649.375    13896.839
159  TPM2u+F+G4    6785.320     39  13648.641    13649.375    13896.838
170  TPM2+F        6785.320     38  13646.639    13647.337    13888.473
171  TPM2+F+I      6785.321     39  13648.641    13649.375    13896.839
172  TPM2+F+G4     6785.320     39  13648.641    13649.375    13896.838
183  K3Pu+F        6785.319     38  13646.637    13647.335    13888.471
184  K3Pu+F+I      6785.320     39  13648.639    13649.373    13896.837
185  K3Pu+F+G4     6785.319     39  13648.639    13649.373    13896.836
196  K3P           6800.244     35  13670.489    13671.081    13893.230
197  K3P+I         6800.245     36  13672.490    13673.117    13901.596
198  K3P+G4        6800.245     36  13672.490    13673.116    13901.596
209  TN+F          6777.807     38  13631.614    13632.311    13873.447
210  TN+F+I        6777.805     39  13633.610    13634.344    13881.808
211  TN+F+G4       6777.805     39  13633.611    13634.345    13881.808
222  TNe           6794.101     35  13658.202    13658.794    13880.943
223  TNe+I         6794.095     36  13660.191    13660.817    13889.296
224  TNe+G4        6794.096     36  13660.191    13660.818    13889.297
235  HKY+F         6785.458     37  13644.916    13645.577    13880.386
236  HKY+F+I       6785.458     38  13646.916    13647.613    13888.749
237  HKY+F+G4      6785.458     38  13646.916    13647.613    13888.750
248  K2P           6800.402     34  13668.804    13669.364    13885.182
249  K2P+I         6800.402     35  13670.804    13671.397    13893.546
250  K2P+G4        6800.402     35  13670.804    13671.397    13893.546
261  F81+F         6801.144     36  13674.288    13674.915    13903.394
262  F81+F+I       6801.144     37  13676.288    13676.950    13911.758
263  F81+F+G4      6801.144     37  13676.289    13676.950    13911.758
274  JC            6816.058     33  13698.115    13698.643    13908.129
275  JC+I          6816.058     34  13700.115    13700.675    13916.493
276  JC+G4         6816.058     34  13700.115    13700.675    13916.493
Akaike Information Criterion:           TN+F
Corrected Akaike Information Criterion: TN+F
Bayesian Information Criterion:         TN+F
Best-fit model: TN+F chosen according to BIC

All model information printed to 7869at7898.fltrd_aligned.fas.model.gz
CPU time for ModelFinder: 0.207 seconds (0h:0m:0s)
Wall-clock time for ModelFinder: 0.217 seconds (0h:0m:0s)
Generating 1000 samples for ultrafast bootstrap (seed: 674879)...

NOTE: 0 MB RAM (0 GB) is required!
Estimate model parameters (epsilon = 0.100)
1. Initial log-likelihood: -6777.807
Optimal log-likelihood: -6777.806
Rate parameters:  A-C: 1.00000  A-G: 1.60470  A-T: 1.00000  C-G: 1.00000  C-T: 4.23231  G-T: 1.00000
Base frequencies:  A: 0.285  C: 0.251  G: 0.238  T: 0.226
Parameters optimization took 1 rounds (0.001 sec)
Computing ML distances based on estimated model parameters...
Computing ML distances took 0.001150 sec (of wall-clock time) 0.001122 sec(of CPU time)
Computing RapidNJ tree took 0.000056 sec (of wall-clock time) 0.000052 sec (of CPU time)
Log-likelihood of RapidNJ tree: -6777.925
--------------------------------------------------------------------
|             INITIALIZING CANDIDATE TREE SET                      |
--------------------------------------------------------------------
Generating 98 parsimony trees... 0.039 second
Computing log-likelihood of 98 initial trees ... 0.041 seconds
Current best score: -6777.806

Do NNI search on 20 best initial trees
Estimate model parameters (epsilon = 0.100)
BETTER TREE FOUND at iteration 1: -6777.805
Iteration 10 / LogL: -6777.812 / Time: 0h:0m:0s
Iteration 20 / LogL: -6777.813 / Time: 0h:0m:0s
Finish initializing candidate tree set (20)
Current best tree score: -6777.805 / CPU time: 0.189
Number of iterations: 20
--------------------------------------------------------------------
|               OPTIMIZING CANDIDATE TREE SET                      |
--------------------------------------------------------------------
BETTER TREE FOUND at iteration 21: -6777.803
Iteration 30 / LogL: -6777.823 / Time: 0h:0m:0s (0h:0m:0s left)
Iteration 40 / LogL: -6777.810 / Time: 0h:0m:0s (0h:0m:0s left)
Iteration 50 / LogL: -6777.808 / Time: 0h:0m:0s (0h:0m:0s left)
Log-likelihood cutoff on original alignment: -6817.293
Iteration 60 / LogL: -6777.816 / Time: 0h:0m:0s (0h:0m:0s left)
BETTER TREE FOUND at iteration 66: -6777.803
Iteration 70 / LogL: -6823.191 / Time: 0h:0m:0s (0h:0m:0s left)
BETTER TREE FOUND at iteration 75: -6777.802
Iteration 80 / LogL: -6777.827 / Time: 0h:0m:0s (0h:0m:0s left)
BETTER TREE FOUND at iteration 81: -6777.802
Iteration 90 / LogL: -6786.901 / Time: 0h:0m:0s (0h:0m:0s left)
Iteration 100 / LogL: -6777.802 / Time: 0h:0m:0s (0h:0m:0s left)
Log-likelihood cutoff on original alignment: -6817.293
NOTE: Bootstrap correlation coefficient of split occurrence frequencies: 0.932
NOTE: UFBoot does not converge, continue at least 100 more iterations
Iteration 110 / LogL: -6777.813 / Time: 0h:0m:0s (0h:0m:0s left)
Iteration 120 / LogL: -6794.194 / Time: 0h:0m:0s (0h:0m:0s left)
Iteration 130 / LogL: -6777.808 / Time: 0h:0m:1s (0h:0m:0s left)
Iteration 140 / LogL: -6777.814 / Time: 0h:0m:1s (0h:0m:0s left)
Iteration 150 / LogL: -6777.816 / Time: 0h:0m:1s (0h:0m:0s left)
Log-likelihood cutoff on original alignment: -6817.293
Iteration 160 / LogL: -6777.807 / Time: 0h:0m:1s (0h:0m:0s left)
UPDATE BEST LOG-LIKELIHOOD: -6777.802
Iteration 170 / LogL: -6777.818 / Time: 0h:0m:1s (0h:0m:0s left)
BETTER TREE FOUND at iteration 177: -6777.802
Iteration 180 / LogL: -6777.804 / Time: 0h:0m:1s (0h:0m:0s left)
Iteration 190 / LogL: -6777.811 / Time: 0h:0m:1s (0h:0m:0s left)
Iteration 200 / LogL: -6777.804 / Time: 0h:0m:1s (0h:0m:0s left)
Log-likelihood cutoff on original alignment: -6817.293
NOTE: Bootstrap correlation coefficient of split occurrence frequencies: 0.969
NOTE: UFBoot does not converge, continue at least 100 more iterations
UPDATE BEST LOG-LIKELIHOOD: -6777.802
Iteration 210 / LogL: -6777.817 / Time: 0h:0m:1s (0h:0m:0s left)
Iteration 220 / LogL: -6777.815 / Time: 0h:0m:1s (0h:0m:0s left)
BETTER TREE FOUND at iteration 223: -6777.802
Iteration 230 / LogL: -6777.825 / Time: 0h:0m:1s (0h:0m:0s left)
Iteration 240 / LogL: -6777.802 / Time: 0h:0m:1s (0h:0m:0s left)
Iteration 250 / LogL: -6777.806 / Time: 0h:0m:1s (0h:0m:0s left)
Log-likelihood cutoff on original alignment: -6817.293
Iteration 260 / LogL: -6777.820 / Time: 0h:0m:2s (0h:0m:0s left)
UPDATE BEST LOG-LIKELIHOOD: -6777.802
UPDATE BEST LOG-LIKELIHOOD: -6777.802
Iteration 270 / LogL: -6777.829 / Time: 0h:0m:2s (0h:0m:0s left)
Iteration 280 / LogL: -6777.810 / Time: 0h:0m:2s (0h:0m:0s left)
BETTER TREE FOUND at iteration 281: -6777.802
UPDATE BEST LOG-LIKELIHOOD: -6777.802
Iteration 290 / LogL: -6777.822 / Time: 0h:0m:2s (0h:0m:0s left)
Iteration 300 / LogL: -6777.818 / Time: 0h:0m:2s (0h:0m:0s left)
Log-likelihood cutoff on original alignment: -6817.293
NOTE: Bootstrap correlation coefficient of split occurrence frequencies: 0.951
NOTE: UFBoot does not converge, continue at least 100 more iterations
UPDATE BEST LOG-LIKELIHOOD: -6777.802
UPDATE BEST LOG-LIKELIHOOD: -6777.802
Iteration 310 / LogL: -6777.802 / Time: 0h:0m:2s (0h:0m:0s left)
Iteration 320 / LogL: -6777.804 / Time: 0h:0m:2s (0h:0m:0s left)
Iteration 330 / LogL: -6777.803 / Time: 0h:0m:2s (0h:0m:0s left)
Iteration 340 / LogL: -6777.832 / Time: 0h:0m:2s (0h:0m:0s left)
Iteration 350 / LogL: -6777.810 / Time: 0h:0m:2s (0h:0m:0s left)
Log-likelihood cutoff on original alignment: -6817.615
Iteration 360 / LogL: -6777.829 / Time: 0h:0m:2s (0h:0m:0s left)
Iteration 370 / LogL: -6777.807 / Time: 0h:0m:3s (0h:0m:0s left)
Iteration 380 / LogL: -6786.906 / Time: 0h:0m:3s (0h:0m:0s left)
Iteration 390 / LogL: -6777.802 / Time: 0h:0m:3s (0h:0m:0s left)
Iteration 400 / LogL: -6777.802 / Time: 0h:0m:3s (0h:0m:0s left)
Log-likelihood cutoff on original alignment: -6817.615
NOTE: Bootstrap correlation coefficient of split occurrence frequencies: 0.987
NOTE: UFBoot does not converge, continue at least 100 more iterations
Iteration 410 / LogL: -6777.802 / Time: 0h:0m:3s (0h:0m:0s left)
Iteration 420 / LogL: -6777.802 / Time: 0h:0m:3s (0h:0m:0s left)
Iteration 430 / LogL: -6777.819 / Time: 0h:0m:3s (0h:0m:0s left)
Iteration 440 / LogL: -6777.825 / Time: 0h:0m:3s (0h:0m:0s left)
Iteration 450 / LogL: -6817.003 / Time: 0h:0m:3s (0h:0m:0s left)
Log-likelihood cutoff on original alignment: -6817.615
UPDATE BEST LOG-LIKELIHOOD: -6777.802
Iteration 460 / LogL: -6777.814 / Time: 0h:0m:3s (0h:0m:0s left)
Iteration 470 / LogL: -6777.809 / Time: 0h:0m:3s (0h:0m:0s left)
Iteration 480 / LogL: -6777.810 / Time: 0h:0m:4s (0h:0m:0s left)
Iteration 490 / LogL: -6777.803 / Time: 0h:0m:4s (0h:0m:0s left)
Iteration 500 / LogL: -6777.822 / Time: 0h:0m:4s (0h:0m:0s left)
Log-likelihood cutoff on original alignment: -6817.615
NOTE: Bootstrap correlation coefficient of split occurrence frequencies: 0.982
NOTE: UFBoot does not converge, continue at least 100 more iterations
Iteration 510 / LogL: -6791.389 / Time: 0h:0m:4s (0h:0m:0s left)
Iteration 520 / LogL: -6812.782 / Time: 0h:0m:4s (0h:0m:0s left)
Iteration 530 / LogL: -6777.804 / Time: 0h:0m:4s (0h:0m:0s left)
Iteration 540 / LogL: -6777.807 / Time: 0h:0m:4s (0h:0m:0s left)
BETTER TREE FOUND at iteration 549: -6777.802
Iteration 550 / LogL: -6777.822 / Time: 0h:0m:4s (0h:0m:0s left)
Log-likelihood cutoff on original alignment: -6817.615
Iteration 560 / LogL: -6777.810 / Time: 0h:0m:4s (0h:0m:0s left)
Iteration 570 / LogL: -6777.822 / Time: 0h:0m:4s (0h:0m:0s left)
UPDATE BEST LOG-LIKELIHOOD: -6777.802
Iteration 580 / LogL: -6777.804 / Time: 0h:0m:5s (0h:0m:0s left)
UPDATE BEST LOG-LIKELIHOOD: -6777.802
Iteration 590 / LogL: -6777.807 / Time: 0h:0m:5s (0h:0m:0s left)
Iteration 600 / LogL: -6777.804 / Time: 0h:0m:5s (0h:0m:0s left)
Log-likelihood cutoff on original alignment: -6817.615
NOTE: Bootstrap correlation coefficient of split occurrence frequencies: 0.960
NOTE: UFBoot does not converge, continue at least 100 more iterations
BETTER TREE FOUND at iteration 602: -6777.802
Iteration 610 / LogL: -6777.806 / Time: 0h:0m:5s (0h:0m:0s left)
Iteration 620 / LogL: -6777.811 / Time: 0h:0m:5s (0h:0m:0s left)
Iteration 630 / LogL: -6777.819 / Time: 0h:0m:5s (0h:0m:0s left)
UPDATE BEST LOG-LIKELIHOOD: -6777.802
Iteration 640 / LogL: -6777.805 / Time: 0h:0m:5s (0h:0m:0s left)
UPDATE BEST LOG-LIKELIHOOD: -6777.802
Iteration 650 / LogL: -6777.802 / Time: 0h:0m:5s (0h:0m:0s left)
Log-likelihood cutoff on original alignment: -6817.615
Iteration 660 / LogL: -6777.826 / Time: 0h:0m:5s (0h:0m:0s left)
BETTER TREE FOUND at iteration 661: -6777.802
BETTER TREE FOUND at iteration 667: -6777.802
Iteration 670 / LogL: -6777.804 / Time: 0h:0m:6s (0h:0m:0s left)
Iteration 680 / LogL: -6777.813 / Time: 0h:0m:6s (0h:0m:0s left)
Iteration 690 / LogL: -6777.815 / Time: 0h:0m:6s (0h:0m:0s left)
Iteration 700 / LogL: -6777.802 / Time: 0h:0m:6s (0h:0m:0s left)
Log-likelihood cutoff on original alignment: -6817.615
NOTE: Bootstrap correlation coefficient of split occurrence frequencies: 0.986
NOTE: UFBoot does not converge, continue at least 100 more iterations
Iteration 710 / LogL: -6777.810 / Time: 0h:0m:6s (0h:0m:0s left)
BETTER TREE FOUND at iteration 713: -6777.802
Iteration 720 / LogL: -6777.808 / Time: 0h:0m:6s (0h:0m:0s left)
Iteration 730 / LogL: -6777.813 / Time: 0h:0m:6s (0h:0m:0s left)
Iteration 740 / LogL: -6777.815 / Time: 0h:0m:6s (0h:0m:0s left)
BETTER TREE FOUND at iteration 742: -6777.802
Iteration 750 / LogL: -6793.516 / Time: 0h:0m:6s (0h:0m:0s left)
Log-likelihood cutoff on original alignment: -6817.615
Iteration 760 / LogL: -6777.804 / Time: 0h:0m:7s (0h:0m:0s left)
Iteration 770 / LogL: -6777.802 / Time: 0h:0m:7s (0h:0m:0s left)
UPDATE BEST LOG-LIKELIHOOD: -6777.802
Iteration 780 / LogL: -6777.802 / Time: 0h:0m:7s (0h:0m:0s left)
Iteration 790 / LogL: -6777.802 / Time: 0h:0m:7s (0h:0m:0s left)
Iteration 800 / LogL: -6777.809 / Time: 0h:0m:7s (0h:0m:0s left)
Log-likelihood cutoff on original alignment: -6817.615
NOTE: Bootstrap correlation coefficient of split occurrence frequencies: 0.982
NOTE: UFBoot does not converge, continue at least 100 more iterations
UPDATE BEST LOG-LIKELIHOOD: -6777.802
Iteration 810 / LogL: -6777.813 / Time: 0h:0m:7s (0h:0m:0s left)
Iteration 820 / LogL: -6777.802 / Time: 0h:0m:7s (0h:0m:0s left)
UPDATE BEST LOG-LIKELIHOOD: -6777.802
Iteration 830 / LogL: -6777.804 / Time: 0h:0m:7s (0h:0m:0s left)
Iteration 840 / LogL: -6777.814 / Time: 0h:0m:8s (0h:0m:0s left)
UPDATE BEST LOG-LIKELIHOOD: -6777.802
Iteration 850 / LogL: -6777.802 / Time: 0h:0m:8s (0h:0m:0s left)
Log-likelihood cutoff on original alignment: -6817.615
UPDATE BEST LOG-LIKELIHOOD: -6777.802
Iteration 860 / LogL: -6777.809 / Time: 0h:0m:8s (0h:0m:0s left)
Iteration 870 / LogL: -6777.804 / Time: 0h:0m:8s (0h:0m:0s left)
Iteration 880 / LogL: -6777.816 / Time: 0h:0m:8s (0h:0m:0s left)
Iteration 890 / LogL: -6817.000 / Time: 0h:0m:8s (0h:0m:0s left)
Iteration 900 / LogL: -6777.803 / Time: 0h:0m:8s (0h:0m:0s left)
Log-likelihood cutoff on original alignment: -6817.615
NOTE: Bootstrap correlation coefficient of split occurrence frequencies: 0.989
NOTE: UFBoot does not converge, continue at least 100 more iterations
Iteration 910 / LogL: -6821.753 / Time: 0h:0m:8s (0h:0m:0s left)
BETTER TREE FOUND at iteration 913: -6777.802
Iteration 920 / LogL: -6777.802 / Time: 0h:0m:9s (0h:0m:0s left)
Iteration 930 / LogL: -6777.802 / Time: 0h:0m:9s (0h:0m:0s left)
Iteration 940 / LogL: -6777.808 / Time: 0h:0m:9s (0h:0m:0s left)
BETTER TREE FOUND at iteration 949: -6777.802
Iteration 950 / LogL: -6777.813 / Time: 0h:0m:9s (0h:0m:0s left)
Log-likelihood cutoff on original alignment: -6817.615
Iteration 960 / LogL: -6777.814 / Time: 0h:0m:9s (0h:0m:0s left)
Iteration 970 / LogL: -6777.813 / Time: 0h:0m:9s (0h:0m:0s left)
Iteration 980 / LogL: -6777.806 / Time: 0h:0m:9s (0h:0m:0s left)
Iteration 990 / LogL: -6777.814 / Time: 0h:0m:9s (0h:0m:0s left)
Iteration 1000 / LogL: -6777.835 / Time: 0h:0m:10s (0h:0m:0s left)
Log-likelihood cutoff on original alignment: -6817.615
NOTE: Bootstrap correlation coefficient of split occurrence frequencies: 0.989
NOTE: UFBoot does not converge, continue at least 100 more iterations
WARNING: bootstrap analysis did not converge. You should rerun with higher number of iterations (-nm option)
TREE SEARCH COMPLETED AFTER 1001 ITERATIONS / Time: 0h:0m:10s

--------------------------------------------------------------------
|                    FINALIZING TREE SEARCH                        |
--------------------------------------------------------------------
Performs final model parameters optimization
Estimate model parameters (epsilon = 0.010)
1. Initial log-likelihood: -6777.802
Optimal log-likelihood: -6777.802
Rate parameters:  A-C: 1.00000  A-G: 1.61171  A-T: 1.00000  C-G: 1.00000  C-T: 4.24860  G-T: 1.00000
Base frequencies:  A: 0.285  C: 0.251  G: 0.238  T: 0.226
Parameters optimization took 1 rounds (0.001 sec)
BEST SCORE FOUND : -6777.802
Creating bootstrap support values...
Split supports printed to NEXUS file 7869at7898.fltrd_aligned.fas.splits.nex
Total tree length: 0.029

Total number of iterations: 1001
CPU time used for tree search: 9.883 sec (0h:0m:9s)
Wall-clock time used for tree search: 10.083 sec (0h:0m:10s)
Total CPU time used: 9.932 sec (0h:0m:9s)
Total wall-clock time used: 10.142 sec (0h:0m:10s)

Computing bootstrap consensus tree...
Reading input file 7869at7898.fltrd_aligned.fas.splits.nex...
18 taxa and 200 splits.
Consensus tree written to 7869at7898.fltrd_aligned.fas.contree
Reading input trees file 7869at7898.fltrd_aligned.fas.contree
Log-likelihood of consensus tree: -6777.928

Analysis results written to: 
  IQ-TREE report:                7869at7898.fltrd_aligned.fas.iqtree
  Maximum-likelihood tree:       7869at7898.fltrd_aligned.fas.treefile
  Likelihood distances:          7869at7898.fltrd_aligned.fas.mldist

Ultrafast bootstrap approximation results written to:
  Split support values:          7869at7898.fltrd_aligned.fas.splits.nex
  Consensus tree:                7869at7898.fltrd_aligned.fas.contree
  Screen log file:               7869at7898.fltrd_aligned.fas.log

Date and Time: Tue Dec  2 14:49:39 2025
