IQ-TREE multicore version 2.1.3 COVID-edition for Linux 64-bit built Apr 21 2021
Developed by Bui Quang Minh, James Barbetti, Nguyen Lam Tung,
Olga Chernomor, Heiko Schmidt, Dominik Schrempf, Michael Woodhams.

Host:    gombessa.rcs.alaska.edu (AVX2, FMA3, 503 GB RAM)
Command: /export/scratch/tsvanorden/Char_Phylogenetics/src/iqtree-2.1.3-Linux/bin/iqtree2 -s 85136at7898.fltrd_aligned.fas -m MFP -bb 1000 -T 1
Seed:    68740 (Using SPRNG - Scalable Parallel Random Number Generator)
Time:    Tue Dec  2 14:49:53 2025
Kernel:  AVX+FMA - 1 threads (1 CPU cores detected)

Reading alignment file 85136at7898.fltrd_aligned.fas ... Fasta format detected
Alignment most likely contains DNA/RNA sequences
Alignment has 20 sequences with 1041 columns, 63 distinct patterns
6 parsimony-informative, 26 singleton sites, 1009 constant sites
                                Gap/Ambiguity  Composition  p-value
   1  251140_Ward_Creek                14.99%    passed     27.20%
   2  260512_Pybus_Point                4.03%    passed     93.94%
   3  261935_Kenai_River                4.32%    passed     95.97%
   4  353213_Cropley_Lake               2.88%    passed     81.03%
   5  353219_Peterson_Creek             3.46%    passed     88.41%
   6  353220_Fish_Creek                14.99%    passed     27.20%
   7  353246_Cottonwood_Creek          14.99%    passed     27.20%
   8  353379_Skagit_River               4.90%    passed     98.78%
   9  353381_Dungeness_River           25.46%    passed     22.01%
  10  353401_Peace_River                4.90%    passed     98.67%
  11  353407_Noatok                     4.61%    passed     97.51%
  12  353410_Horizon_Lake               4.32%    passed     97.12%
  13  92319_Little_Lost                 4.90%    passed     98.67%
  14  94280_St_Joe                      4.90%    passed     98.67%
  15  GCA016432855_Lake_Trout           5.19%    passed     99.60%
  16  GCA036784925_Maine_S_alpinus      4.32%    passed     95.97%
  17  GCA045679555_Iceland_A_alpinus    4.32%    passed     95.97%
  18  GCF013265735_Rainbow_Trout        6.63%    passed     97.31%
  19  GCF029448725_Brook_Trout          3.75%    passed     91.06%
  20  Methow_River_99895                4.90%    passed     98.67%
****  TOTAL                             7.14%  0 sequences failed composition chi2 test (p-value<5%; df=3)
NOTE: 353220_Fish_Creek is identical to 251140_Ward_Creek but kept for subsequent analysis
NOTE: GCA036784925_Maine_S_alpinus is identical to 261935_Kenai_River but kept for subsequent analysis
NOTE: 92319_Little_Lost is identical to 353401_Peace_River but kept for subsequent analysis
NOTE: 4 identical sequences (see below) will be ignored for subsequent analysis
NOTE: 353246_Cottonwood_Creek (identical to 251140_Ward_Creek) is ignored but added at the end
NOTE: GCA045679555_Iceland_A_alpinus (identical to 261935_Kenai_River) is ignored but added at the end
NOTE: 94280_St_Joe (identical to 353401_Peace_River) is ignored but added at the end
NOTE: Methow_River_99895 (identical to 353401_Peace_River) is ignored but added at the end
Alignment was printed to 85136at7898.fltrd_aligned.fas.uniqueseq.phy

For your convenience alignment with unique sequences printed to 85136at7898.fltrd_aligned.fas.uniqueseq.phy


Create initial parsimony tree by phylogenetic likelihood library (PLL)... 0.000 seconds
Perform fast likelihood tree search using GTR+I+G model...
Estimate model parameters (epsilon = 5.000)
Perform nearest neighbor interchange...
Estimate model parameters (epsilon = 1.000)
1. Initial log-likelihood: -1647.407
Optimal log-likelihood: -1647.406
Rate parameters:  A-C: 0.92832  A-G: 2.71063  A-T: 0.55368  C-G: 0.17073  C-T: 1.88928  G-T: 1.00000
Base frequencies:  A: 0.261  C: 0.242  G: 0.307  T: 0.190
Proportion of invariable sites: 0.484
Gamma shape alpha: 998.447
Parameters optimization took 1 rounds (0.002 sec)
Time for fast ML tree search: 0.010 seconds

NOTE: ModelFinder requires 0 MB RAM!
ModelFinder will test up to 286 DNA models (sample size: 1041) ...
 No. Model         -LnL         df  AIC          AICc         BIC
  1  GTR+F         1647.162     37  3368.324     3371.128     3551.398
  2  GTR+F+I       1647.162     38  3370.323     3373.282     3558.345
  3  GTR+F+G4      1647.162     38  3370.324     3373.282     3558.345
  4  GTR+F+I+G4    1647.406     39  3372.811     3375.928     3565.781
  5  GTR+F+R2      1647.280     39  3372.560     3375.677     3565.530
  6  GTR+F+R3      1647.315     41  3376.630     3380.078     3579.496
 14  SYM           1664.449     34  3396.899     3399.265     3565.129
 15  SYM+I         1664.452     35  3398.903     3401.411     3572.081
 16  SYM+G4        1664.455     35  3398.910     3401.417     3572.087
 27  TVM+F         1647.450     36  3366.900     3369.554     3545.026
 28  TVM+F+I       1647.449     37  3368.899     3371.702     3551.973
 29  TVM+F+G4      1647.449     37  3368.898     3371.701     3551.971
 40  TVMe          1665.394     33  3396.787     3399.016     3560.069
 41  TVMe+I        1665.395     34  3398.789     3401.155     3567.019
 42  TVMe+G4       1665.395     34  3398.790     3401.156     3567.020
 53  TIM3+F        1648.623     35  3367.247     3369.754     3540.425
 54  TIM3+F+I      1648.623     36  3369.246     3371.899     3547.371
 55  TIM3+F+G4     1648.623     36  3369.246     3371.900     3547.372
 66  TIM3e         1665.839     32  3395.678     3397.773     3554.012
 67  TIM3e+I       1665.839     33  3397.678     3399.906     3560.960
 68  TIM3e+G4      1665.839     33  3397.678     3399.907     3560.960
 79  TIM2+F        1648.695     35  3367.391     3369.898     3540.569
 80  TIM2+F+I      1648.696     36  3369.391     3372.044     3547.517
 81  TIM2+F+G4     1648.696     36  3369.392     3372.045     3547.517
 92  TIM2e         1665.843     32  3395.685     3397.780     3554.019
 93  TIM2e+I       1665.842     33  3397.684     3399.912     3560.966
 94  TIM2e+G4      1665.842     33  3397.685     3399.913     3560.967
105  TIM+F         1647.594     35  3365.188     3367.695     3538.366
106  TIM+F+I       1647.593     36  3367.186     3369.840     3545.312
107  TIM+F+G4      1647.593     36  3367.187     3369.840     3545.313
118  TIMe          1664.730     32  3393.460     3395.555     3551.794
119  TIMe+I        1664.729     33  3395.459     3397.687     3558.741
120  TIMe+G4       1664.730     33  3395.459     3397.688     3558.741
131  TPM3u+F       1648.907     34  3365.814     3368.180     3534.044
132  TPM3u+F+I     1648.906     35  3367.813     3370.320     3540.991
133  TPM3u+F+G4    1648.906     35  3367.812     3370.319     3540.990
144  TPM3+F        1648.907     34  3365.813     3368.179     3534.043
145  TPM3+F+I      1648.906     35  3367.813     3370.320     3540.991
146  TPM3+F+G4     1648.907     35  3367.813     3370.321     3540.991
157  TPM2u+F       1648.983     34  3365.966     3368.332     3534.196
158  TPM2u+F+I     1648.983     35  3367.966     3370.473     3541.144
159  TPM2u+F+G4    1648.983     35  3367.966     3370.474     3541.144
170  TPM2+F        1648.983     34  3365.966     3368.332     3534.196
171  TPM2+F+I      1648.983     35  3367.966     3370.473     3541.144
172  TPM2+F+G4     1648.983     35  3367.966     3370.474     3541.144
183  K3Pu+F        1647.876     34  3363.752     3366.118     3531.982
184  K3Pu+F+I      1647.876     35  3365.751     3368.259     3538.929
185  K3Pu+F+G4     1647.876     35  3365.752     3368.259     3538.930
196  K3P           1665.672     31  3393.344     3395.311     3546.730
197  K3P+I         1665.672     32  3395.344     3397.440     3553.678
198  K3P+G4        1665.674     32  3395.349     3397.444     3553.683
209  TN+F          1648.858     34  3365.716     3368.082     3533.946
210  TN+F+I        1648.860     35  3367.719     3370.227     3540.897
211  TN+F+G4       1648.860     35  3367.720     3370.227     3540.898
222  TNe           1665.945     31  3393.889     3395.856     3547.275
223  TNe+I         1665.945     32  3395.889     3397.985     3554.223
224  TNe+G4        1665.945     32  3395.890     3397.985     3554.224
235  HKY+F         1649.143     33  3364.287     3366.515     3527.569
236  HKY+F+I       1649.143     34  3366.287     3368.653     3534.517
237  HKY+F+G4      1649.144     34  3366.287     3368.653     3534.517
248  K2P           1666.889     30  3393.779     3395.620     3542.217
249  K2P+I         1666.889     31  3395.778     3397.744     3549.164
250  K2P+G4        1666.889     31  3395.779     3397.745     3549.165
261  F81+F         1655.798     32  3375.596     3377.691     3533.930
262  F81+F+I       1655.798     33  3377.596     3379.824     3540.878
263  F81+F+G4      1655.798     33  3377.597     3379.825     3540.878
274  JC            1673.837     29  3405.674     3407.395     3549.164
275  JC+I          1673.837     30  3407.674     3409.515     3556.112
276  JC+G4         1673.837     30  3407.674     3409.516     3556.112
Akaike Information Criterion:           K3Pu+F
Corrected Akaike Information Criterion: K3Pu+F
Bayesian Information Criterion:         HKY+F
Best-fit model: HKY+F chosen according to BIC

All model information printed to 85136at7898.fltrd_aligned.fas.model.gz
CPU time for ModelFinder: 0.158 seconds (0h:0m:0s)
Wall-clock time for ModelFinder: 0.167 seconds (0h:0m:0s)
Generating 1000 samples for ultrafast bootstrap (seed: 68740)...

NOTE: 0 MB RAM (0 GB) is required!
Estimate model parameters (epsilon = 0.100)
1. Initial log-likelihood: -1649.143
Optimal log-likelihood: -1649.143
Rate parameters:  A-C: 1.00000  A-G: 3.74420  A-T: 1.00000  C-G: 1.00000  C-T: 3.74420  G-T: 1.00000
Base frequencies:  A: 0.261  C: 0.242  G: 0.307  T: 0.190
Parameters optimization took 1 rounds (0.000 sec)
Computing ML distances based on estimated model parameters...
Computing ML distances took 0.000890 sec (of wall-clock time) 0.000861 sec(of CPU time)
Computing RapidNJ tree took 0.000057 sec (of wall-clock time) 0.000053 sec (of CPU time)
Log-likelihood of RapidNJ tree: -1649.171
--------------------------------------------------------------------
|             INITIALIZING CANDIDATE TREE SET                      |
--------------------------------------------------------------------
Generating 98 parsimony trees... 0.036 second
Computing log-likelihood of 98 initial trees ... 0.037 seconds
Current best score: -1649.037

Do NNI search on 20 best initial trees
Estimate model parameters (epsilon = 0.100)
BETTER TREE FOUND at iteration 1: -1648.981
Iteration 10 / LogL: -1649.143 / Time: 0h:0m:0s
Iteration 20 / LogL: -1649.143 / Time: 0h:0m:0s
Finish initializing candidate tree set (20)
Current best tree score: -1648.981 / CPU time: 0.180
Number of iterations: 20
--------------------------------------------------------------------
|               OPTIMIZING CANDIDATE TREE SET                      |
--------------------------------------------------------------------
Iteration 30 / LogL: -1648.997 / Time: 0h:0m:0s (0h:0m:0s left)
Iteration 40 / LogL: -1648.981 / Time: 0h:0m:0s (0h:0m:0s left)
UPDATE BEST LOG-LIKELIHOOD: -1648.981
Iteration 50 / LogL: -1648.982 / Time: 0h:0m:0s (0h:0m:0s left)
Log-likelihood cutoff on original alignment: -1676.549
Iteration 60 / LogL: -1649.089 / Time: 0h:0m:0s (0h:0m:0s left)
UPDATE BEST LOG-LIKELIHOOD: -1648.981
UPDATE BEST LOG-LIKELIHOOD: -1648.981
Iteration 70 / LogL: -1649.122 / Time: 0h:0m:0s (0h:0m:0s left)
UPDATE BEST LOG-LIKELIHOOD: -1648.981
UPDATE BEST LOG-LIKELIHOOD: -1648.981
Iteration 80 / LogL: -1648.981 / Time: 0h:0m:0s (0h:0m:0s left)
Iteration 90 / LogL: -1649.105 / Time: 0h:0m:0s (0h:0m:0s left)
Iteration 100 / LogL: -1649.120 / Time: 0h:0m:0s (0h:0m:0s left)
Log-likelihood cutoff on original alignment: -1677.229
NOTE: Bootstrap correlation coefficient of split occurrence frequencies: 0.968
NOTE: UFBoot does not converge, continue at least 100 more iterations
Iteration 110 / LogL: -1648.981 / Time: 0h:0m:0s (0h:0m:0s left)
Iteration 120 / LogL: -1649.142 / Time: 0h:0m:1s (0h:0m:0s left)
Iteration 130 / LogL: -1648.981 / Time: 0h:0m:1s (0h:0m:0s left)
Iteration 140 / LogL: -1648.981 / Time: 0h:0m:1s (0h:0m:0s left)
Iteration 150 / LogL: -1649.004 / Time: 0h:0m:1s (0h:0m:0s left)
Log-likelihood cutoff on original alignment: -1677.853
Iteration 160 / LogL: -1648.999 / Time: 0h:0m:1s (0h:0m:0s left)
UPDATE BEST LOG-LIKELIHOOD: -1648.981
Iteration 170 / LogL: -1648.981 / Time: 0h:0m:1s (0h:0m:0s left)
Iteration 180 / LogL: -1648.996 / Time: 0h:0m:1s (0h:0m:0s left)
Iteration 190 / LogL: -1648.981 / Time: 0h:0m:1s (0h:0m:0s left)
Iteration 200 / LogL: -1648.992 / Time: 0h:0m:1s (0h:0m:0s left)
Log-likelihood cutoff on original alignment: -1678.412
NOTE: Bootstrap correlation coefficient of split occurrence frequencies: 0.977
NOTE: UFBoot does not converge, continue at least 100 more iterations
Iteration 210 / LogL: -1648.981 / Time: 0h:0m:1s (0h:0m:0s left)
Iteration 220 / LogL: -1648.981 / Time: 0h:0m:2s (0h:0m:0s left)
Iteration 230 / LogL: -1648.995 / Time: 0h:0m:2s (0h:0m:0s left)
Iteration 240 / LogL: -1648.996 / Time: 0h:0m:2s (0h:0m:0s left)
Iteration 250 / LogL: -1648.981 / Time: 0h:0m:2s (0h:0m:0s left)
Log-likelihood cutoff on original alignment: -1678.412
Iteration 260 / LogL: -1648.994 / Time: 0h:0m:2s (0h:0m:0s left)
Iteration 270 / LogL: -1648.981 / Time: 0h:0m:2s (0h:0m:0s left)
Iteration 280 / LogL: -1649.144 / Time: 0h:0m:2s (0h:0m:0s left)
Iteration 290 / LogL: -1648.983 / Time: 0h:0m:2s (0h:0m:0s left)
Iteration 300 / LogL: -1648.992 / Time: 0h:0m:2s (0h:0m:0s left)
Log-likelihood cutoff on original alignment: -1679.696
NOTE: Bootstrap correlation coefficient of split occurrence frequencies: 0.988
NOTE: UFBoot does not converge, continue at least 100 more iterations
UPDATE BEST LOG-LIKELIHOOD: -1648.981
Iteration 310 / LogL: -1649.141 / Time: 0h:0m:2s (0h:0m:0s left)
Iteration 320 / LogL: -1648.981 / Time: 0h:0m:2s (0h:0m:0s left)
Iteration 330 / LogL: -1648.981 / Time: 0h:0m:3s (0h:0m:0s left)
Iteration 340 / LogL: -1648.983 / Time: 0h:0m:3s (0h:0m:0s left)
Iteration 350 / LogL: -1648.981 / Time: 0h:0m:3s (0h:0m:0s left)
Log-likelihood cutoff on original alignment: -1679.849
Iteration 360 / LogL: -1648.981 / Time: 0h:0m:3s (0h:0m:0s left)
Iteration 370 / LogL: -1648.981 / Time: 0h:0m:3s (0h:0m:0s left)
Iteration 380 / LogL: -1649.001 / Time: 0h:0m:3s (0h:0m:0s left)
Iteration 390 / LogL: -1649.155 / Time: 0h:0m:3s (0h:0m:0s left)
Iteration 400 / LogL: -1648.981 / Time: 0h:0m:3s (0h:0m:0s left)
Log-likelihood cutoff on original alignment: -1679.849
NOTE: Bootstrap correlation coefficient of split occurrence frequencies: 0.975
NOTE: UFBoot does not converge, continue at least 100 more iterations
Iteration 410 / LogL: -1648.981 / Time: 0h:0m:3s (0h:0m:0s left)
Iteration 420 / LogL: -1649.140 / Time: 0h:0m:3s (0h:0m:0s left)
Iteration 430 / LogL: -1648.981 / Time: 0h:0m:4s (0h:0m:0s left)
Iteration 440 / LogL: -1648.984 / Time: 0h:0m:4s (0h:0m:0s left)
Iteration 450 / LogL: -1648.994 / Time: 0h:0m:4s (0h:0m:0s left)
Log-likelihood cutoff on original alignment: -1680.595
Iteration 460 / LogL: -1648.981 / Time: 0h:0m:4s (0h:0m:0s left)
UPDATE BEST LOG-LIKELIHOOD: -1648.981
Iteration 470 / LogL: -1648.981 / Time: 0h:0m:4s (0h:0m:0s left)
Iteration 480 / LogL: -1648.997 / Time: 0h:0m:4s (0h:0m:0s left)
Iteration 490 / LogL: -1648.993 / Time: 0h:0m:4s (0h:0m:0s left)
Iteration 500 / LogL: -1648.997 / Time: 0h:0m:4s (0h:0m:0s left)
Log-likelihood cutoff on original alignment: -1680.823
NOTE: Bootstrap correlation coefficient of split occurrence frequencies: 0.989
NOTE: UFBoot does not converge, continue at least 100 more iterations
Iteration 510 / LogL: -1649.142 / Time: 0h:0m:4s (0h:0m:0s left)
Iteration 520 / LogL: -1649.058 / Time: 0h:0m:5s (0h:0m:0s left)
Iteration 530 / LogL: -1648.983 / Time: 0h:0m:5s (0h:0m:0s left)
Iteration 540 / LogL: -1648.981 / Time: 0h:0m:5s (0h:0m:0s left)
Iteration 550 / LogL: -1648.981 / Time: 0h:0m:5s (0h:0m:0s left)
Log-likelihood cutoff on original alignment: -1680.982
UPDATE BEST LOG-LIKELIHOOD: -1648.981
Iteration 560 / LogL: -1648.993 / Time: 0h:0m:5s (0h:0m:0s left)
UPDATE BEST LOG-LIKELIHOOD: -1648.981
Iteration 570 / LogL: -1648.981 / Time: 0h:0m:5s (0h:0m:0s left)
Iteration 580 / LogL: -1651.340 / Time: 0h:0m:5s (0h:0m:0s left)
Iteration 590 / LogL: -1648.995 / Time: 0h:0m:5s (0h:0m:0s left)
Iteration 600 / LogL: -1649.120 / Time: 0h:0m:6s (0h:0m:0s left)
Log-likelihood cutoff on original alignment: -1682.868
NOTE: Bootstrap correlation coefficient of split occurrence frequencies: 0.981
NOTE: UFBoot does not converge, continue at least 100 more iterations
Iteration 610 / LogL: -1649.142 / Time: 0h:0m:6s (0h:0m:0s left)
Iteration 620 / LogL: -1648.993 / Time: 0h:0m:6s (0h:0m:0s left)
Iteration 630 / LogL: -1648.981 / Time: 0h:0m:6s (0h:0m:0s left)
Iteration 640 / LogL: -1649.142 / Time: 0h:0m:6s (0h:0m:0s left)
Iteration 650 / LogL: -1648.993 / Time: 0h:0m:6s (0h:0m:0s left)
Log-likelihood cutoff on original alignment: -1683.692
Iteration 660 / LogL: -1648.981 / Time: 0h:0m:7s (0h:0m:0s left)
Iteration 670 / LogL: -1648.981 / Time: 0h:0m:7s (0h:0m:0s left)
Iteration 680 / LogL: -1648.981 / Time: 0h:0m:7s (0h:0m:0s left)
Iteration 690 / LogL: -1648.984 / Time: 0h:0m:7s (0h:0m:0s left)
Iteration 700 / LogL: -1648.981 / Time: 0h:0m:7s (0h:0m:0s left)
Log-likelihood cutoff on original alignment: -1684.171
NOTE: Bootstrap correlation coefficient of split occurrence frequencies: 0.978
NOTE: UFBoot does not converge, continue at least 100 more iterations
Iteration 710 / LogL: -1648.981 / Time: 0h:0m:7s (0h:0m:0s left)
Iteration 720 / LogL: -1648.993 / Time: 0h:0m:7s (0h:0m:0s left)
Iteration 730 / LogL: -1648.981 / Time: 0h:0m:8s (0h:0m:0s left)
Iteration 740 / LogL: -1648.993 / Time: 0h:0m:8s (0h:0m:0s left)
Iteration 750 / LogL: -1648.981 / Time: 0h:0m:8s (0h:0m:0s left)
Log-likelihood cutoff on original alignment: -1684.171
Iteration 760 / LogL: -1649.143 / Time: 0h:0m:8s (0h:0m:0s left)
Iteration 770 / LogL: -1648.981 / Time: 0h:0m:8s (0h:0m:0s left)
Iteration 780 / LogL: -1648.995 / Time: 0h:0m:8s (0h:0m:0s left)
Iteration 790 / LogL: -1648.996 / Time: 0h:0m:8s (0h:0m:0s left)
Iteration 800 / LogL: -1648.981 / Time: 0h:0m:9s (0h:0m:0s left)
Log-likelihood cutoff on original alignment: -1684.171
NOTE: Bootstrap correlation coefficient of split occurrence frequencies: 0.983
NOTE: UFBoot does not converge, continue at least 100 more iterations
Iteration 810 / LogL: -1648.981 / Time: 0h:0m:9s (0h:0m:1s left)
Iteration 820 / LogL: -1648.981 / Time: 0h:0m:9s (0h:0m:0s left)
Iteration 830 / LogL: -1648.981 / Time: 0h:0m:9s (0h:0m:0s left)
Iteration 840 / LogL: -1648.981 / Time: 0h:0m:9s (0h:0m:0s left)
Iteration 850 / LogL: -1648.992 / Time: 0h:0m:9s (0h:0m:0s left)
Log-likelihood cutoff on original alignment: -1684.171
Iteration 860 / LogL: -1648.981 / Time: 0h:0m:9s (0h:0m:0s left)
Iteration 870 / LogL: -1648.991 / Time: 0h:0m:10s (0h:0m:0s left)
Iteration 880 / LogL: -1649.144 / Time: 0h:0m:10s (0h:0m:0s left)
Iteration 890 / LogL: -1648.993 / Time: 0h:0m:10s (0h:0m:0s left)
Iteration 900 / LogL: -1648.981 / Time: 0h:0m:10s (0h:0m:0s left)
Log-likelihood cutoff on original alignment: -1684.288
NOTE: Bootstrap correlation coefficient of split occurrence frequencies: 0.991
TREE SEARCH COMPLETED AFTER 900 ITERATIONS / Time: 0h:0m:10s

--------------------------------------------------------------------
|                    FINALIZING TREE SEARCH                        |
--------------------------------------------------------------------
Performs final model parameters optimization
Estimate model parameters (epsilon = 0.010)
1. Initial log-likelihood: -1648.981
Optimal log-likelihood: -1648.981
Rate parameters:  A-C: 1.00000  A-G: 3.73637  A-T: 1.00000  C-G: 1.00000  C-T: 3.73637  G-T: 1.00000
Base frequencies:  A: 0.261  C: 0.242  G: 0.307  T: 0.190
Parameters optimization took 1 rounds (0.000 sec)
BEST SCORE FOUND : -1648.981
Creating bootstrap support values...
Split supports printed to NEXUS file 85136at7898.fltrd_aligned.fas.splits.nex
Total tree length: 0.033

Total number of iterations: 900
CPU time used for tree search: 10.395 sec (0h:0m:10s)
Wall-clock time used for tree search: 10.569 sec (0h:0m:10s)
Total CPU time used: 10.446 sec (0h:0m:10s)
Total wall-clock time used: 10.630 sec (0h:0m:10s)

Computing bootstrap consensus tree...
Reading input file 85136at7898.fltrd_aligned.fas.splits.nex...
16 taxa and 283 splits.
Consensus tree written to 85136at7898.fltrd_aligned.fas.contree
Reading input trees file 85136at7898.fltrd_aligned.fas.contree
Log-likelihood of consensus tree: -1649.023

Analysis results written to: 
  IQ-TREE report:                85136at7898.fltrd_aligned.fas.iqtree
  Maximum-likelihood tree:       85136at7898.fltrd_aligned.fas.treefile
  Likelihood distances:          85136at7898.fltrd_aligned.fas.mldist

Ultrafast bootstrap approximation results written to:
  Split support values:          85136at7898.fltrd_aligned.fas.splits.nex
  Consensus tree:                85136at7898.fltrd_aligned.fas.contree
  Screen log file:               85136at7898.fltrd_aligned.fas.log

Date and Time: Tue Dec  2 14:50:03 2025
