IQ-TREE multicore version 2.1.3 COVID-edition for Linux 64-bit built Apr 21 2021
Developed by Bui Quang Minh, James Barbetti, Nguyen Lam Tung,
Olga Chernomor, Heiko Schmidt, Dominik Schrempf, Michael Woodhams.

Host:    gombessa.rcs.alaska.edu (AVX2, FMA3, 503 GB RAM)
Command: /export/scratch/tsvanorden/Char_Phylogenetics/src/iqtree-2.1.3-Linux/bin/iqtree2 -s 24967at7898.fltrd_aligned.fas -m MFP -bb 1000 -T 1
Seed:    171496 (Using SPRNG - Scalable Parallel Random Number Generator)
Time:    Tue Dec  2 14:49:19 2025
Kernel:  AVX+FMA - 1 threads (1 CPU cores detected)

Reading alignment file 24967at7898.fltrd_aligned.fas ... Fasta format detected
Alignment most likely contains DNA/RNA sequences
Alignment has 20 sequences with 2139 columns, 85 distinct patterns
29 parsimony-informative, 56 singleton sites, 2054 constant sites
                                Gap/Ambiguity  Composition  p-value
   1  251140_Ward_Creek                 2.52%    passed     99.99%
   2  260512_Pybus_Point                2.52%    passed     99.99%
   3  261935_Kenai_River                2.52%    passed     99.99%
   4  353213_Cropley_Lake               2.52%    passed     99.99%
   5  353219_Peterson_Creek             2.52%    passed     99.99%
   6  353220_Fish_Creek                 2.52%    passed     99.99%
   7  353246_Cottonwood_Creek           2.52%    passed     99.99%
   8  353379_Skagit_River               2.52%    passed     98.71%
   9  353381_Dungeness_River           12.48%    passed     89.95%
  10  353401_Peace_River                2.52%    passed     99.80%
  11  353407_Noatok                     2.52%    passed     99.99%
  12  353410_Horizon_Lake               2.95%    passed     99.85%
  13  92319_Little_Lost                16.27%    passed     41.26%
  14  94280_St_Joe                      2.52%    passed     99.80%
  15  GCA016432855_Lake_Trout           2.95%    passed     99.95%
  16  GCA036784925_Maine_S_alpinus      2.95%    passed     99.85%
  17  GCA045679555_Iceland_A_alpinus    2.95%    passed     99.85%
  18  GCF013265735_Rainbow_Trout        0.70%    passed     75.07%
  19  GCF029448725_Brook_Trout          2.52%    passed     99.91%
  20  Methow_River_99895               12.76%    passed     98.37%
****  TOTAL                             4.21%  0 sequences failed composition chi2 test (p-value<5%; df=3)
NOTE: 260512_Pybus_Point is identical to 251140_Ward_Creek but kept for subsequent analysis
NOTE: 94280_St_Joe is identical to 353401_Peace_River but kept for subsequent analysis
NOTE: GCA036784925_Maine_S_alpinus is identical to 353410_Horizon_Lake but kept for subsequent analysis
NOTE: 7 identical sequences (see below) will be ignored for subsequent analysis
NOTE: 261935_Kenai_River (identical to 251140_Ward_Creek) is ignored but added at the end
NOTE: 353213_Cropley_Lake (identical to 251140_Ward_Creek) is ignored but added at the end
NOTE: 353219_Peterson_Creek (identical to 251140_Ward_Creek) is ignored but added at the end
NOTE: 353220_Fish_Creek (identical to 251140_Ward_Creek) is ignored but added at the end
NOTE: 353246_Cottonwood_Creek (identical to 251140_Ward_Creek) is ignored but added at the end
NOTE: 353407_Noatok (identical to 251140_Ward_Creek) is ignored but added at the end
NOTE: GCA045679555_Iceland_A_alpinus (identical to 353410_Horizon_Lake) is ignored but added at the end
Alignment was printed to 24967at7898.fltrd_aligned.fas.uniqueseq.phy

For your convenience alignment with unique sequences printed to 24967at7898.fltrd_aligned.fas.uniqueseq.phy


Create initial parsimony tree by phylogenetic likelihood library (PLL)... 0.000 seconds
Perform fast likelihood tree search using GTR+I+G model...
Estimate model parameters (epsilon = 5.000)
Perform nearest neighbor interchange...
Estimate model parameters (epsilon = 1.000)
1. Initial log-likelihood: -3585.892
Optimal log-likelihood: -3585.892
Rate parameters:  A-C: 2.42977  A-G: 3.54810  A-T: 1.28882  C-G: 1.61419  C-T: 8.54069  G-T: 1.00000
Base frequencies:  A: 0.243  C: 0.266  G: 0.279  T: 0.212
Proportion of invariable sites: 0.479
Gamma shape alpha: 0.128
Parameters optimization took 1 rounds (0.001 sec)
Time for fast ML tree search: 0.011 seconds

NOTE: ModelFinder requires 0 MB RAM!
ModelFinder will test up to 286 DNA models (sample size: 2139) ...
 No. Model         -LnL         df  AIC          AICc         BIC
  1  GTR+F         3599.027     31  7260.053     7260.995     7435.764
  2  GTR+F+I       3585.894     32  7235.788     7236.791     7417.167
  3  GTR+F+G4      3587.595     32  7239.190     7240.193     7420.569
  4  GTR+F+I+G4    3585.890     33  7237.781     7238.847     7424.828
  5  GTR+F+R2      3595.154     33  7256.307     7257.373     7443.354
  6  GTR+F+R3      3587.497     35  7244.994     7246.192     7443.377
 15  SYM+I         3593.549     29  7245.099     7245.924     7409.473
 16  SYM+G4        3595.163     29  7248.326     7249.151     7412.701
 17  SYM+I+G4      3593.542     30  7247.084     7247.966     7417.127
 28  TVM+F+I       3590.149     31  7242.297     7243.239     7418.008
 29  TVM+F+G4      3592.626     31  7247.252     7248.193     7422.963
 30  TVM+F+I+G4    3590.153     32  7244.306     7245.309     7425.685
 41  TVMe+I        3596.835     28  7249.670     7250.440     7408.377
 42  TVMe+G4       3599.082     28  7254.163     7254.933     7412.870
 43  TVMe+I+G4     3596.835     29  7251.670     7252.495     7416.045
 54  TIM3+F+I      3586.479     30  7232.959     7233.841     7403.002
 55  TIM3+F+G4     3588.178     30  7236.357     7237.239     7406.400
 56  TIM3+F+I+G4   3586.479     31  7234.959     7235.900     7410.669
 67  TIM3e+I       3593.922     27  7241.844     7242.561     7394.883
 68  TIM3e+G4      3595.539     27  7245.077     7245.793     7398.116
 69  TIM3e+I+G4    3593.918     28  7243.835     7244.605     7402.542
 80  TIM2+F+I      3586.968     30  7233.936     7234.818     7403.979
 81  TIM2+F+G4     3588.860     30  7237.721     7238.603     7407.764
 82  TIM2+F+I+G4   3586.975     31  7235.950     7236.892     7411.661
 93  TIM2e+I       3595.276     27  7244.553     7245.269     7397.591
 94  TIM2e+G4      3597.079     27  7248.158     7248.874     7401.196
 95  TIM2e+I+G4    3595.283     28  7246.567     7247.337     7405.274
106  TIM+F+I       3587.478     30  7234.957     7235.839     7404.999
107  TIM+F+G4      3589.356     30  7238.713     7239.595     7408.755
108  TIM+F+I+G4    3587.484     31  7236.969     7237.910     7412.680
119  TIMe+I        3595.599     27  7245.199     7245.915     7398.238
120  TIMe+G4       3597.403     27  7248.807     7249.523     7401.845
121  TIMe+I+G4     3595.606     28  7247.211     7247.981     7405.918
132  TPM3u+F+I     3590.736     29  7239.471     7240.296     7403.846
133  TPM3u+F+G4    3593.205     29  7244.410     7245.235     7408.784
134  TPM3u+F+I+G4  3590.741     30  7241.481     7242.364     7411.524
145  TPM3+F+I      3590.736     29  7239.471     7240.296     7403.846
146  TPM3+F+G4     3593.205     29  7244.410     7245.235     7408.784
147  TPM3+F+I+G4   3590.741     30  7241.481     7242.364     7411.524
158  TPM2u+F+I     3591.258     29  7240.517     7241.342     7404.892
159  TPM2u+F+G4    3593.931     29  7245.862     7246.688     7410.237
160  TPM2u+F+I+G4  3591.276     30  7242.552     7243.434     7412.595
171  TPM2+F+I      3591.258     29  7240.517     7241.342     7404.892
172  TPM2+F+G4     3593.931     29  7245.862     7246.688     7410.237
173  TPM2+F+I+G4   3591.276     30  7242.552     7243.434     7412.595
184  K3Pu+F+I      3591.764     29  7241.528     7242.353     7405.902
185  K3Pu+F+G4     3594.436     29  7246.871     7247.696     7411.246
186  K3Pu+F+I+G4   3591.781     30  7243.562     7244.445     7413.605
197  K3P+I         3598.848     26  7249.696     7250.361     7397.067
198  K3P+G4        3601.324     26  7254.649     7255.313     7402.019
199  K3P+I+G4      3598.852     27  7251.704     7252.420     7404.742
210  TN+F+I        3587.550     29  7233.100     7233.925     7397.475
211  TN+F+G4       3589.427     29  7236.855     7237.680     7401.230
212  TN+F+I+G4     3587.558     30  7235.116     7235.998     7405.158
223  TNe+I         3595.645     26  7243.289     7243.954     7390.660
224  TNe+G4        3597.453     26  7246.907     7247.572     7394.277
225  TNe+I+G4      3595.652     27  7245.305     7246.021     7398.343
236  HKY+F+I       3591.828     28  7239.656     7240.426     7398.363
237  HKY+F+G4      3594.494     28  7244.988     7245.758     7403.695
238  HKY+F+I+G4    3591.847     29  7241.694     7242.519     7406.068
249  K2P+I         3598.895     25  7247.790     7248.405     7389.492
250  K2P+G4        3601.374     25  7252.748     7253.363     7394.450
251  K2P+I+G4      3598.896     26  7249.792     7250.457     7397.162
262  F81+F+I       3609.841     27  7273.682     7274.398     7426.721
263  F81+F+G4      3612.032     27  7278.064     7278.780     7431.102
264  F81+F+I+G4    3609.843     28  7275.685     7276.455     7434.392
275  JC+I          3616.492     24  7280.984     7281.552     7417.019
276  JC+G4         3618.679     24  7285.358     7285.926     7421.393
277  JC+I+G4       3616.494     25  7282.988     7283.603     7424.690
Akaike Information Criterion:           TIM3+F+I
Corrected Akaike Information Criterion: TIM3+F+I
Bayesian Information Criterion:         K2P+I
Best-fit model: K2P+I chosen according to BIC

All model information printed to 24967at7898.fltrd_aligned.fas.model.gz
CPU time for ModelFinder: 0.287 seconds (0h:0m:0s)
Wall-clock time for ModelFinder: 0.295 seconds (0h:0m:0s)
Generating 1000 samples for ultrafast bootstrap (seed: 171496)...

NOTE: 0 MB RAM (0 GB) is required!
Estimate model parameters (epsilon = 0.100)
1. Initial log-likelihood: -3598.895
Optimal log-likelihood: -3598.892
Rate parameters:  A-C: 1.00000  A-G: 3.67429  A-T: 1.00000  C-G: 1.00000  C-T: 3.67429  G-T: 1.00000
Base frequencies:  A: 0.250  C: 0.250  G: 0.250  T: 0.250
Proportion of invariable sites: 0.873
Parameters optimization took 1 rounds (0.001 sec)
Computing ML distances based on estimated model parameters...
Computing ML distances took 0.000476 sec (of wall-clock time) 0.000460 sec(of CPU time)
Computing RapidNJ tree took 0.012681 sec (of wall-clock time) 0.011952 sec (of CPU time)
Log-likelihood of RapidNJ tree: -3603.212
--------------------------------------------------------------------
|             INITIALIZING CANDIDATE TREE SET                      |
--------------------------------------------------------------------
Generating 98 parsimony trees... 0.037 second
Computing log-likelihood of 98 initial trees ... 0.030 seconds
Current best score: -3598.892

Do NNI search on 20 best initial trees
Estimate model parameters (epsilon = 0.100)
BETTER TREE FOUND at iteration 1: -3598.891
UPDATE BEST LOG-LIKELIHOOD: -3598.891
UPDATE BEST LOG-LIKELIHOOD: -3598.891
Iteration 10 / LogL: -3598.891 / Time: 0h:0m:0s
UPDATE BEST LOG-LIKELIHOOD: -3598.891
UPDATE BEST LOG-LIKELIHOOD: -3598.891
Iteration 20 / LogL: -3598.891 / Time: 0h:0m:0s
Finish initializing candidate tree set (8)
Current best tree score: -3598.891 / CPU time: 0.165
Number of iterations: 20
--------------------------------------------------------------------
|               OPTIMIZING CANDIDATE TREE SET                      |
--------------------------------------------------------------------
UPDATE BEST LOG-LIKELIHOOD: -3598.891
Iteration 30 / LogL: -3598.891 / Time: 0h:0m:0s (0h:0m:0s left)
Iteration 40 / LogL: -3598.898 / Time: 0h:0m:0s (0h:0m:0s left)
Iteration 50 / LogL: -3598.913 / Time: 0h:0m:0s (0h:0m:0s left)
Log-likelihood cutoff on original alignment: -3654.798
Iteration 60 / LogL: -3598.893 / Time: 0h:0m:0s (0h:0m:0s left)
Iteration 70 / LogL: -3598.891 / Time: 0h:0m:0s (0h:0m:0s left)
BETTER TREE FOUND at iteration 75: -3598.891
Iteration 80 / LogL: -3640.478 / Time: 0h:0m:0s (0h:0m:0s left)
Iteration 90 / LogL: -3598.897 / Time: 0h:0m:0s (0h:0m:0s left)
UPDATE BEST LOG-LIKELIHOOD: -3598.891
Iteration 100 / LogL: -3598.891 / Time: 0h:0m:0s (0h:0m:0s left)
Log-likelihood cutoff on original alignment: -3654.798
NOTE: Bootstrap correlation coefficient of split occurrence frequencies: 0.988
NOTE: UFBoot does not converge, continue at least 100 more iterations
Iteration 110 / LogL: -3598.894 / Time: 0h:0m:0s (0h:0m:0s left)
Iteration 120 / LogL: -3598.910 / Time: 0h:0m:0s (0h:0m:0s left)
Iteration 130 / LogL: -3598.902 / Time: 0h:0m:0s (0h:0m:0s left)
Iteration 140 / LogL: -3598.904 / Time: 0h:0m:1s (0h:0m:0s left)
Iteration 150 / LogL: -3598.891 / Time: 0h:0m:1s (0h:0m:0s left)
Log-likelihood cutoff on original alignment: -3654.805
Iteration 160 / LogL: -3598.893 / Time: 0h:0m:1s (0h:0m:0s left)
Iteration 170 / LogL: -3598.891 / Time: 0h:0m:1s (0h:0m:0s left)
Iteration 180 / LogL: -3598.891 / Time: 0h:0m:1s (0h:0m:0s left)
Iteration 190 / LogL: -3598.898 / Time: 0h:0m:1s (0h:0m:0s left)
Iteration 200 / LogL: -3598.900 / Time: 0h:0m:1s (0h:0m:0s left)
Log-likelihood cutoff on original alignment: -3654.805
NOTE: Bootstrap correlation coefficient of split occurrence frequencies: 0.996
TREE SEARCH COMPLETED AFTER 200 ITERATIONS / Time: 0h:0m:1s

--------------------------------------------------------------------
|                    FINALIZING TREE SEARCH                        |
--------------------------------------------------------------------
Performs final model parameters optimization
Estimate model parameters (epsilon = 0.010)
1. Initial log-likelihood: -3598.891
Optimal log-likelihood: -3598.891
Rate parameters:  A-C: 1.00000  A-G: 3.64812  A-T: 1.00000  C-G: 1.00000  C-T: 3.64812  G-T: 1.00000
Base frequencies:  A: 0.250  C: 0.250  G: 0.250  T: 0.250
Proportion of invariable sites: 0.873
Parameters optimization took 1 rounds (0.000 sec)
BEST SCORE FOUND : -3598.891
Creating bootstrap support values...
Split supports printed to NEXUS file 24967at7898.fltrd_aligned.fas.splits.nex
Total tree length: 0.051

Total number of iterations: 200
CPU time used for tree search: 1.376 sec (0h:0m:1s)
Wall-clock time used for tree search: 1.415 sec (0h:0m:1s)
Total CPU time used: 1.433 sec (0h:0m:1s)
Total wall-clock time used: 1.476 sec (0h:0m:1s)

Computing bootstrap consensus tree...
Reading input file 24967at7898.fltrd_aligned.fas.splits.nex...
13 taxa and 84 splits.
Consensus tree written to 24967at7898.fltrd_aligned.fas.contree
Reading input trees file 24967at7898.fltrd_aligned.fas.contree
Log-likelihood of consensus tree: -3598.935

Analysis results written to: 
  IQ-TREE report:                24967at7898.fltrd_aligned.fas.iqtree
  Maximum-likelihood tree:       24967at7898.fltrd_aligned.fas.treefile
  Likelihood distances:          24967at7898.fltrd_aligned.fas.mldist

Ultrafast bootstrap approximation results written to:
  Split support values:          24967at7898.fltrd_aligned.fas.splits.nex
  Consensus tree:                24967at7898.fltrd_aligned.fas.contree
  Screen log file:               24967at7898.fltrd_aligned.fas.log

Date and Time: Tue Dec  2 14:49:20 2025
