IQ-TREE multicore version 2.1.3 COVID-edition for Linux 64-bit built Apr 21 2021
Developed by Bui Quang Minh, James Barbetti, Nguyen Lam Tung,
Olga Chernomor, Heiko Schmidt, Dominik Schrempf, Michael Woodhams.

Host:    gombessa.rcs.alaska.edu (AVX2, FMA3, 503 GB RAM)
Command: /export/scratch/tsvanorden/Char_Phylogenetics/src/iqtree-2.1.3-Linux/bin/iqtree2 -s 125363at7898.fltrd_aligned.fas -m MFP -bb 1000 -T 1
Seed:    106357 (Using SPRNG - Scalable Parallel Random Number Generator)
Time:    Tue Dec  2 14:49:33 2025
Kernel:  AVX+FMA - 1 threads (1 CPU cores detected)

Reading alignment file 125363at7898.fltrd_aligned.fas ... Fasta format detected
Alignment most likely contains DNA/RNA sequences
Alignment has 20 sequences with 393 columns, 12 distinct patterns
1 parsimony-informative, 10 singleton sites, 382 constant sites
                                Gap/Ambiguity  Composition  p-value
   1  251140_Ward_Creek                 0.00%    passed    100.00%
   2  260512_Pybus_Point                0.00%    passed    100.00%
   3  261935_Kenai_River                0.00%    passed    100.00%
   4  353213_Cropley_Lake               0.00%    passed    100.00%
   5  353219_Peterson_Creek             0.00%    passed    100.00%
   6  353220_Fish_Creek                 0.00%    passed    100.00%
   7  353246_Cottonwood_Creek           0.00%    passed    100.00%
   8  353379_Skagit_River               0.00%    passed    100.00%
   9  353381_Dungeness_River            0.00%    passed    100.00%
  10  353401_Peace_River                0.00%    passed     99.93%
  11  353407_Noatok                     0.00%    passed    100.00%
  12  353410_Horizon_Lake               0.00%    passed    100.00%
  13  92319_Little_Lost                 0.00%    passed     99.93%
  14  94280_St_Joe                      0.00%    passed     99.93%
  15  GCA016432855_Lake_Trout           0.00%    passed     99.92%
  16  GCA036784925_Maine_S_alpinus      0.00%    passed    100.00%
  17  GCA045679555_Iceland_A_alpinus    0.00%    passed    100.00%
  18  GCF013265735_Rainbow_Trout        0.00%    passed     99.91%
  19  GCF029448725_Brook_Trout          0.00%    passed     99.92%
  20  Methow_River_99895                0.00%    passed    100.00%
****  TOTAL                             0.00%  0 sequences failed composition chi2 test (p-value<5%; df=3)
NOTE: 260512_Pybus_Point is identical to 251140_Ward_Creek but kept for subsequent analysis
NOTE: 92319_Little_Lost is identical to 353401_Peace_River but kept for subsequent analysis
NOTE: 13 identical sequences (see below) will be ignored for subsequent analysis
NOTE: 261935_Kenai_River (identical to 251140_Ward_Creek) is ignored but added at the end
NOTE: 353213_Cropley_Lake (identical to 251140_Ward_Creek) is ignored but added at the end
NOTE: 353219_Peterson_Creek (identical to 251140_Ward_Creek) is ignored but added at the end
NOTE: 353220_Fish_Creek (identical to 251140_Ward_Creek) is ignored but added at the end
NOTE: 353246_Cottonwood_Creek (identical to 251140_Ward_Creek) is ignored but added at the end
NOTE: 353379_Skagit_River (identical to 251140_Ward_Creek) is ignored but added at the end
NOTE: 353381_Dungeness_River (identical to 251140_Ward_Creek) is ignored but added at the end
NOTE: 353407_Noatok (identical to 251140_Ward_Creek) is ignored but added at the end
NOTE: 353410_Horizon_Lake (identical to 251140_Ward_Creek) is ignored but added at the end
NOTE: GCA036784925_Maine_S_alpinus (identical to 251140_Ward_Creek) is ignored but added at the end
NOTE: GCA045679555_Iceland_A_alpinus (identical to 251140_Ward_Creek) is ignored but added at the end
NOTE: Methow_River_99895 (identical to 251140_Ward_Creek) is ignored but added at the end
NOTE: 94280_St_Joe (identical to 353401_Peace_River) is ignored but added at the end
Alignment was printed to 125363at7898.fltrd_aligned.fas.uniqueseq.phy

For your convenience alignment with unique sequences printed to 125363at7898.fltrd_aligned.fas.uniqueseq.phy


Create initial parsimony tree by phylogenetic likelihood library (PLL)... 0.000 seconds
Perform fast likelihood tree search using GTR+I+G model...
Estimate model parameters (epsilon = 5.000)
Perform nearest neighbor interchange...
Estimate model parameters (epsilon = 1.000)
1. Initial log-likelihood: -606.368
Optimal log-likelihood: -606.335
Rate parameters:  A-C: 0.00010  A-G: 1.25929  A-T: 1.53583  C-G: 0.00010  C-T: 16.24581  G-T: 1.00000
Base frequencies:  A: 0.265  C: 0.205  G: 0.282  T: 0.247
Proportion of invariable sites: 0.485
Gamma shape alpha: 998.442
Parameters optimization took 1 rounds (0.001 sec)
Time for fast ML tree search: 0.003 seconds

NOTE: ModelFinder requires 0 MB RAM!
ModelFinder will test up to 286 DNA models (sample size: 393) ...
 No. Model         -LnL         df  AIC          AICc         BIC
  1  GTR+F         606.167      19  1250.333     1252.371     1325.836
  2  GTR+F+I       606.161      20  1252.321     1254.580     1331.798
  3  GTR+F+G4      606.157      20  1252.315     1254.573     1331.791
  4  GTR+F+I+G4    606.331      21  1254.661     1257.152     1338.111
  5  GTR+F+R2      606.241      21  1254.482     1256.973     1337.932
  6  GTR+F+R3      606.260      23  1258.520     1261.511     1349.917
 14  SYM           609.007      16  1250.015     1251.461     1313.596
 15  SYM+I         608.982      17  1251.963     1253.595     1319.518
 16  SYM+G4        608.981      17  1251.962     1253.594     1319.517
 27  TVM+F         610.825      18  1257.650     1259.479     1329.179
 28  TVM+F+I       610.817      19  1259.633     1261.671     1335.136
 29  TVM+F+G4      610.825      19  1259.650     1261.688     1335.153
 40  TVMe          612.824      15  1255.647     1256.920     1315.254
 41  TVMe+I        612.808      16  1257.615     1259.062     1321.196
 42  TVMe+G4       612.809      16  1257.618     1259.065     1321.199
 53  TIM3+F        606.116      17  1246.231     1247.863     1313.786
 54  TIM3+F+I      606.116      18  1248.231     1250.060     1319.760
 55  TIM3+F+G4     606.116      18  1248.232     1250.060     1319.760
 66  TIM3e         608.919      14  1245.839     1246.950     1301.472
 67  TIM3e+I       608.919      15  1247.839     1249.112     1307.446
 68  TIM3e+G4      608.919      15  1247.839     1249.112     1307.446
 79  TIM2+F        607.309      17  1248.618     1250.250     1316.172
 80  TIM2+F+I      607.308      18  1250.617     1252.446     1322.146
 81  TIM2+F+G4     607.309      18  1250.617     1252.446     1322.146
 92  TIM2e         610.207      14  1248.415     1249.526     1304.048
 93  TIM2e+I       610.207      15  1250.414     1251.687     1310.021
 94  TIM2e+G4      610.204      15  1250.408     1251.681     1310.015
105  TIM+F         607.310      17  1248.621     1250.253     1316.176
106  TIM+F+I       607.310      18  1250.619     1252.448     1322.148
107  TIM+F+G4      607.310      18  1250.619     1252.448     1322.148
118  TIMe          610.208      14  1248.416     1249.527     1304.049
119  TIMe+I        610.208      15  1250.415     1251.689     1310.023
120  TIMe+G4       610.207      15  1250.415     1251.688     1310.022
131  TPM3u+F       610.753      16  1253.506     1254.952     1317.087
132  TPM3u+F+I     610.752      17  1255.505     1257.137     1323.059
133  TPM3u+F+G4    610.753      17  1255.505     1257.137     1323.060
144  TPM3+F        610.753      16  1253.506     1254.952     1317.087
145  TPM3+F+I      610.752      17  1255.505     1257.137     1323.059
146  TPM3+F+G4     610.753      17  1255.505     1257.137     1323.060
157  TPM2u+F       611.951      16  1255.903     1257.350     1319.484
158  TPM2u+F+I     611.950      17  1257.899     1259.531     1325.454
159  TPM2u+F+G4    611.951      17  1257.901     1259.533     1325.456
170  TPM2+F        611.951      16  1255.903     1257.350     1319.484
171  TPM2+F+I      611.950      17  1257.899     1259.531     1325.454
172  TPM2+F+G4     611.951      17  1257.901     1259.533     1325.456
183  K3Pu+F        611.953      16  1255.905     1257.352     1319.486
184  K3Pu+F+I      611.951      17  1257.903     1259.535     1325.457
185  K3Pu+F+G4     611.951      17  1257.902     1259.534     1325.457
196  K3P           614.028      13  1254.057     1255.017     1305.716
197  K3P+I         614.027      14  1256.054     1257.165     1311.688
198  K3P+G4        614.027      14  1256.054     1257.165     1311.688
209  TN+F          607.310      16  1246.620     1248.067     1310.201
210  TN+F+I        607.310      17  1248.620     1250.252     1316.175
211  TN+F+G4       607.310      17  1248.620     1250.252     1316.175
222  TNe           610.204      13  1246.407     1247.368     1298.067
223  TNe+I         610.204      14  1248.407     1249.518     1304.041
224  TNe+G4        610.204      14  1248.408     1249.519     1304.041
235  HKY+F         611.951      15  1253.903     1255.176     1313.510
236  HKY+F+I       611.951      16  1255.902     1257.349     1319.483
237  HKY+F+G4      611.951      16  1255.902     1257.349     1319.483
248  K2P           614.027      12  1252.054     1252.875     1299.740
249  K2P+I         614.027      13  1254.054     1255.014     1305.713
250  K2P+G4        614.027      13  1254.054     1255.015     1305.714
261  F81+F         617.356      14  1262.713     1263.824     1318.346
262  F81+F+I       617.356      15  1264.713     1265.986     1324.320
263  F81+F+G4      617.356      15  1264.713     1265.986     1324.320
274  JC            619.507      11  1261.013     1261.706     1304.725
275  JC+I          619.507      12  1263.013     1263.834     1310.699
276  JC+G4         619.507      12  1263.013     1263.834     1310.699
Akaike Information Criterion:           TIM3e
Corrected Akaike Information Criterion: TIM3e
Bayesian Information Criterion:         TNe
Best-fit model: TNe chosen according to BIC

All model information printed to 125363at7898.fltrd_aligned.fas.model.gz
CPU time for ModelFinder: 0.056 seconds (0h:0m:0s)
Wall-clock time for ModelFinder: 0.063 seconds (0h:0m:0s)
Generating 1000 samples for ultrafast bootstrap (seed: 106357)...

NOTE: 0 MB RAM (0 GB) is required!
Estimate model parameters (epsilon = 0.100)
1. Initial log-likelihood: -610.204
Optimal log-likelihood: -610.204
Rate parameters:  A-C: 1.00000  A-G: 1.83339  A-T: 1.00000  C-G: 1.00000  C-T: 17.92206  G-T: 1.00000
Base frequencies:  A: 0.250  C: 0.250  G: 0.250  T: 0.250
Parameters optimization took 1 rounds (0.000 sec)
Computing ML distances based on estimated model parameters...
Computing ML distances took 0.000152 sec (of wall-clock time) 0.000128 sec(of CPU time)
Computing RapidNJ tree took 0.000020 sec (of wall-clock time) 0.000018 sec (of CPU time)
Log-likelihood of RapidNJ tree: -610.206
--------------------------------------------------------------------
|             INITIALIZING CANDIDATE TREE SET                      |
--------------------------------------------------------------------
Generating 98 parsimony trees... 0.009 second
Computing log-likelihood of 81 initial trees ... 0.005 seconds
Current best score: -610.204

Do NNI search on 20 best initial trees
Estimate model parameters (epsilon = 0.100)
BETTER TREE FOUND at iteration 1: -610.204
Iteration 10 / LogL: -610.204 / Time: 0h:0m:0s
Iteration 20 / LogL: -610.204 / Time: 0h:0m:0s
Finish initializing candidate tree set (13)
Current best tree score: -610.204 / CPU time: 0.041
Number of iterations: 20
--------------------------------------------------------------------
|               OPTIMIZING CANDIDATE TREE SET                      |
--------------------------------------------------------------------
Iteration 30 / LogL: -610.206 / Time: 0h:0m:0s (0h:0m:0s left)
Iteration 40 / LogL: -610.204 / Time: 0h:0m:0s (0h:0m:0s left)
Iteration 50 / LogL: -610.204 / Time: 0h:0m:0s (0h:0m:0s left)
Log-likelihood cutoff on original alignment: -625.102
UPDATE BEST LOG-LIKELIHOOD: -610.204
Iteration 60 / LogL: -610.204 / Time: 0h:0m:0s (0h:0m:0s left)
Iteration 70 / LogL: -610.204 / Time: 0h:0m:0s (0h:0m:0s left)
Iteration 80 / LogL: -610.204 / Time: 0h:0m:0s (0h:0m:0s left)
Iteration 90 / LogL: -610.205 / Time: 0h:0m:0s (0h:0m:0s left)
UPDATE BEST LOG-LIKELIHOOD: -610.204
Iteration 100 / LogL: -610.204 / Time: 0h:0m:0s (0h:0m:0s left)
Log-likelihood cutoff on original alignment: -625.102
NOTE: Bootstrap correlation coefficient of split occurrence frequencies: 0.900
NOTE: UFBoot does not converge, continue at least 100 more iterations
Iteration 110 / LogL: -610.204 / Time: 0h:0m:0s (0h:0m:0s left)
Iteration 120 / LogL: -610.204 / Time: 0h:0m:0s (0h:0m:0s left)
Iteration 130 / LogL: -610.204 / Time: 0h:0m:0s (0h:0m:0s left)
Iteration 140 / LogL: -610.204 / Time: 0h:0m:0s (0h:0m:0s left)
Iteration 150 / LogL: -610.204 / Time: 0h:0m:0s (0h:0m:0s left)
Log-likelihood cutoff on original alignment: -625.102
Iteration 160 / LogL: -610.204 / Time: 0h:0m:0s (0h:0m:0s left)
UPDATE BEST LOG-LIKELIHOOD: -610.204
Iteration 170 / LogL: -610.204 / Time: 0h:0m:0s (0h:0m:0s left)
Iteration 180 / LogL: -610.204 / Time: 0h:0m:0s (0h:0m:0s left)
Iteration 190 / LogL: -610.204 / Time: 0h:0m:0s (0h:0m:0s left)
Iteration 200 / LogL: -610.204 / Time: 0h:0m:0s (0h:0m:0s left)
Log-likelihood cutoff on original alignment: -625.494
NOTE: Bootstrap correlation coefficient of split occurrence frequencies: 0.867
NOTE: UFBoot does not converge, continue at least 100 more iterations
Iteration 210 / LogL: -610.204 / Time: 0h:0m:0s (0h:0m:0s left)
Iteration 220 / LogL: -610.206 / Time: 0h:0m:0s (0h:0m:0s left)
UPDATE BEST LOG-LIKELIHOOD: -610.204
Iteration 230 / LogL: -610.204 / Time: 0h:0m:0s (0h:0m:0s left)
Iteration 240 / LogL: -610.206 / Time: 0h:0m:0s (0h:0m:0s left)
Iteration 250 / LogL: -610.206 / Time: 0h:0m:0s (0h:0m:0s left)
Log-likelihood cutoff on original alignment: -625.494
Iteration 260 / LogL: -610.204 / Time: 0h:0m:1s (0h:0m:0s left)
Iteration 270 / LogL: -610.204 / Time: 0h:0m:1s (0h:0m:0s left)
Iteration 280 / LogL: -610.204 / Time: 0h:0m:1s (0h:0m:0s left)
Iteration 290 / LogL: -610.204 / Time: 0h:0m:1s (0h:0m:0s left)
Iteration 300 / LogL: -610.204 / Time: 0h:0m:1s (0h:0m:0s left)
Log-likelihood cutoff on original alignment: -625.494
NOTE: Bootstrap correlation coefficient of split occurrence frequencies: 0.981
NOTE: UFBoot does not converge, continue at least 100 more iterations
Iteration 310 / LogL: -610.204 / Time: 0h:0m:1s (0h:0m:0s left)
Iteration 320 / LogL: -610.204 / Time: 0h:0m:1s (0h:0m:0s left)
Iteration 330 / LogL: -610.204 / Time: 0h:0m:1s (0h:0m:0s left)
Iteration 340 / LogL: -610.204 / Time: 0h:0m:1s (0h:0m:0s left)
Iteration 350 / LogL: -610.204 / Time: 0h:0m:1s (0h:0m:0s left)
Log-likelihood cutoff on original alignment: -625.493
Iteration 360 / LogL: -610.204 / Time: 0h:0m:1s (0h:0m:0s left)
Iteration 370 / LogL: -610.204 / Time: 0h:0m:1s (0h:0m:0s left)
Iteration 380 / LogL: -610.204 / Time: 0h:0m:1s (0h:0m:0s left)
Iteration 390 / LogL: -610.204 / Time: 0h:0m:1s (0h:0m:0s left)
Iteration 400 / LogL: -610.204 / Time: 0h:0m:1s (0h:0m:0s left)
Log-likelihood cutoff on original alignment: -625.493
NOTE: Bootstrap correlation coefficient of split occurrence frequencies: 0.905
NOTE: UFBoot does not converge, continue at least 100 more iterations
Iteration 410 / LogL: -610.204 / Time: 0h:0m:1s (0h:0m:0s left)
Iteration 420 / LogL: -610.204 / Time: 0h:0m:1s (0h:0m:0s left)
Iteration 430 / LogL: -610.204 / Time: 0h:0m:1s (0h:0m:0s left)
Iteration 440 / LogL: -619.580 / Time: 0h:0m:1s (0h:0m:0s left)
Iteration 450 / LogL: -610.204 / Time: 0h:0m:1s (0h:0m:0s left)
Log-likelihood cutoff on original alignment: -625.493
Iteration 460 / LogL: -610.204 / Time: 0h:0m:1s (0h:0m:0s left)
Iteration 470 / LogL: -610.204 / Time: 0h:0m:1s (0h:0m:0s left)
Iteration 480 / LogL: -610.204 / Time: 0h:0m:1s (0h:0m:0s left)
Iteration 490 / LogL: -610.204 / Time: 0h:0m:1s (0h:0m:0s left)
Iteration 500 / LogL: -610.206 / Time: 0h:0m:1s (0h:0m:0s left)
Log-likelihood cutoff on original alignment: -625.493
NOTE: Bootstrap correlation coefficient of split occurrence frequencies: 0.956
NOTE: UFBoot does not converge, continue at least 100 more iterations
Iteration 510 / LogL: -610.204 / Time: 0h:0m:1s (0h:0m:0s left)
Iteration 520 / LogL: -610.204 / Time: 0h:0m:2s (0h:0m:0s left)
Iteration 530 / LogL: -610.204 / Time: 0h:0m:2s (0h:0m:0s left)
Iteration 540 / LogL: -610.204 / Time: 0h:0m:2s (0h:0m:0s left)
Iteration 550 / LogL: -610.204 / Time: 0h:0m:2s (0h:0m:0s left)
Log-likelihood cutoff on original alignment: -625.493
Iteration 560 / LogL: -610.204 / Time: 0h:0m:2s (0h:0m:0s left)
Iteration 570 / LogL: -610.204 / Time: 0h:0m:2s (0h:0m:0s left)
Iteration 580 / LogL: -610.204 / Time: 0h:0m:2s (0h:0m:0s left)
Iteration 590 / LogL: -610.204 / Time: 0h:0m:2s (0h:0m:0s left)
Iteration 600 / LogL: -610.204 / Time: 0h:0m:2s (0h:0m:0s left)
Log-likelihood cutoff on original alignment: -625.493
NOTE: Bootstrap correlation coefficient of split occurrence frequencies: 0.978
NOTE: UFBoot does not converge, continue at least 100 more iterations
Iteration 610 / LogL: -610.206 / Time: 0h:0m:2s (0h:0m:0s left)
Iteration 620 / LogL: -610.204 / Time: 0h:0m:2s (0h:0m:0s left)
Iteration 630 / LogL: -610.204 / Time: 0h:0m:2s (0h:0m:0s left)
Iteration 640 / LogL: -610.204 / Time: 0h:0m:2s (0h:0m:0s left)
Iteration 650 / LogL: -610.206 / Time: 0h:0m:2s (0h:0m:0s left)
Log-likelihood cutoff on original alignment: -625.493
Iteration 660 / LogL: -610.204 / Time: 0h:0m:2s (0h:0m:0s left)
Iteration 670 / LogL: -610.204 / Time: 0h:0m:2s (0h:0m:0s left)
Iteration 680 / LogL: -610.204 / Time: 0h:0m:2s (0h:0m:0s left)
Iteration 690 / LogL: -610.204 / Time: 0h:0m:2s (0h:0m:0s left)
Iteration 700 / LogL: -610.204 / Time: 0h:0m:2s (0h:0m:0s left)
Log-likelihood cutoff on original alignment: -625.493
NOTE: Bootstrap correlation coefficient of split occurrence frequencies: 0.898
NOTE: UFBoot does not converge, continue at least 100 more iterations
Iteration 710 / LogL: -610.204 / Time: 0h:0m:2s (0h:0m:0s left)
Iteration 720 / LogL: -610.204 / Time: 0h:0m:2s (0h:0m:0s left)
Iteration 730 / LogL: -610.204 / Time: 0h:0m:2s (0h:0m:0s left)
Iteration 740 / LogL: -610.204 / Time: 0h:0m:2s (0h:0m:0s left)
Iteration 750 / LogL: -610.204 / Time: 0h:0m:2s (0h:0m:0s left)
Log-likelihood cutoff on original alignment: -625.493
Iteration 760 / LogL: -610.204 / Time: 0h:0m:2s (0h:0m:0s left)
Iteration 770 / LogL: -610.205 / Time: 0h:0m:2s (0h:0m:0s left)
Iteration 780 / LogL: -610.205 / Time: 0h:0m:3s (0h:0m:0s left)
Iteration 790 / LogL: -610.204 / Time: 0h:0m:3s (0h:0m:0s left)
Iteration 800 / LogL: -610.204 / Time: 0h:0m:3s (0h:0m:0s left)
Log-likelihood cutoff on original alignment: -625.493
NOTE: Bootstrap correlation coefficient of split occurrence frequencies: 0.973
NOTE: UFBoot does not converge, continue at least 100 more iterations
Iteration 810 / LogL: -610.204 / Time: 0h:0m:3s (0h:0m:0s left)
Iteration 820 / LogL: -610.204 / Time: 0h:0m:3s (0h:0m:0s left)
Iteration 830 / LogL: -610.205 / Time: 0h:0m:3s (0h:0m:0s left)
Iteration 840 / LogL: -610.205 / Time: 0h:0m:3s (0h:0m:0s left)
Iteration 850 / LogL: -610.204 / Time: 0h:0m:3s (0h:0m:0s left)
Log-likelihood cutoff on original alignment: -625.493
Iteration 860 / LogL: -610.204 / Time: 0h:0m:3s (0h:0m:0s left)
Iteration 870 / LogL: -610.204 / Time: 0h:0m:3s (0h:0m:0s left)
Iteration 880 / LogL: -610.204 / Time: 0h:0m:3s (0h:0m:0s left)
Iteration 890 / LogL: -610.204 / Time: 0h:0m:3s (0h:0m:0s left)
Iteration 900 / LogL: -610.204 / Time: 0h:0m:3s (0h:0m:0s left)
Log-likelihood cutoff on original alignment: -625.493
NOTE: Bootstrap correlation coefficient of split occurrence frequencies: 0.958
NOTE: UFBoot does not converge, continue at least 100 more iterations
Iteration 910 / LogL: -610.204 / Time: 0h:0m:3s (0h:0m:0s left)
Iteration 920 / LogL: -610.204 / Time: 0h:0m:3s (0h:0m:0s left)
Iteration 930 / LogL: -610.204 / Time: 0h:0m:3s (0h:0m:0s left)
Iteration 940 / LogL: -610.204 / Time: 0h:0m:3s (0h:0m:0s left)
Iteration 950 / LogL: -610.204 / Time: 0h:0m:3s (0h:0m:0s left)
Log-likelihood cutoff on original alignment: -625.493
Iteration 960 / LogL: -610.204 / Time: 0h:0m:3s (0h:0m:0s left)
Iteration 970 / LogL: -610.204 / Time: 0h:0m:3s (0h:0m:0s left)
Iteration 980 / LogL: -610.204 / Time: 0h:0m:3s (0h:0m:0s left)
Iteration 990 / LogL: -610.204 / Time: 0h:0m:3s (0h:0m:0s left)
Iteration 1000 / LogL: -610.204 / Time: 0h:0m:3s (0h:0m:0s left)
Log-likelihood cutoff on original alignment: -625.494
NOTE: Bootstrap correlation coefficient of split occurrence frequencies: 0.956
NOTE: UFBoot does not converge, continue at least 100 more iterations
WARNING: bootstrap analysis did not converge. You should rerun with higher number of iterations (-nm option)
TREE SEARCH COMPLETED AFTER 1001 ITERATIONS / Time: 0h:0m:3s

--------------------------------------------------------------------
|                    FINALIZING TREE SEARCH                        |
--------------------------------------------------------------------
Performs final model parameters optimization
Estimate model parameters (epsilon = 0.010)
1. Initial log-likelihood: -610.204
Optimal log-likelihood: -610.204
Rate parameters:  A-C: 1.00000  A-G: 1.83096  A-T: 1.00000  C-G: 1.00000  C-T: 17.92251  G-T: 1.00000
Base frequencies:  A: 0.250  C: 0.250  G: 0.250  T: 0.250
Parameters optimization took 1 rounds (0.000 sec)
BEST SCORE FOUND : -610.204
Creating bootstrap support values...
Split supports printed to NEXUS file 125363at7898.fltrd_aligned.fas.splits.nex
Total tree length: 0.030

Total number of iterations: 1001
CPU time used for tree search: 3.739 sec (0h:0m:3s)
Wall-clock time used for tree search: 3.863 sec (0h:0m:3s)
Total CPU time used: 3.759 sec (0h:0m:3s)
Total wall-clock time used: 3.891 sec (0h:0m:3s)

Computing bootstrap consensus tree...
Reading input file 125363at7898.fltrd_aligned.fas.splits.nex...
7 taxa and 40 splits.
Consensus tree written to 125363at7898.fltrd_aligned.fas.contree
Reading input trees file 125363at7898.fltrd_aligned.fas.contree
Log-likelihood of consensus tree: -610.207

Analysis results written to: 
  IQ-TREE report:                125363at7898.fltrd_aligned.fas.iqtree
  Maximum-likelihood tree:       125363at7898.fltrd_aligned.fas.treefile
  Likelihood distances:          125363at7898.fltrd_aligned.fas.mldist

Ultrafast bootstrap approximation results written to:
  Split support values:          125363at7898.fltrd_aligned.fas.splits.nex
  Consensus tree:                125363at7898.fltrd_aligned.fas.contree
  Screen log file:               125363at7898.fltrd_aligned.fas.log

Date and Time: Tue Dec  2 14:49:37 2025
