IQ-TREE multicore version 2.1.3 COVID-edition for Linux 64-bit built Apr 21 2021
Developed by Bui Quang Minh, James Barbetti, Nguyen Lam Tung,
Olga Chernomor, Heiko Schmidt, Dominik Schrempf, Michael Woodhams.

Host:    gombessa.rcs.alaska.edu (AVX2, FMA3, 503 GB RAM)
Command: /export/scratch/tsvanorden/Char_Phylogenetics/src/iqtree-2.1.3-Linux/bin/iqtree2 -s 103032at7898.fltrd_aligned.fas -m MFP -bb 1000 -T 1
Seed:    183627 (Using SPRNG - Scalable Parallel Random Number Generator)
Time:    Tue Dec  2 14:50:08 2025
Kernel:  AVX+FMA - 1 threads (1 CPU cores detected)

Reading alignment file 103032at7898.fltrd_aligned.fas ... Fasta format detected
Alignment most likely contains DNA/RNA sequences
Alignment has 20 sequences with 702 columns, 37 distinct patterns
7 parsimony-informative, 26 singleton sites, 669 constant sites
                                Gap/Ambiguity  Composition  p-value
   1  251140_Ward_Creek                 0.00%    passed     99.99%
   2  260512_Pybus_Point                0.00%    passed     99.96%
   3  261935_Kenai_River                0.00%    passed     99.96%
   4  353213_Cropley_Lake               0.00%    passed     99.99%
   5  353219_Peterson_Creek             0.00%    passed     99.96%
   6  353220_Fish_Creek                 0.00%    passed     99.96%
   7  353246_Cottonwood_Creek           0.00%    passed     99.96%
   8  353379_Skagit_River               0.00%    passed    100.00%
   9  353381_Dungeness_River           21.79%    passed     87.27%
  10  353401_Peace_River                0.00%    passed    100.00%
  11  353407_Noatok                     0.00%    passed     99.96%
  12  353410_Horizon_Lake               0.00%    passed     99.99%
  13  92319_Little_Lost                18.80%    passed     52.40%
  14  94280_St_Joe                      0.00%    passed    100.00%
  15  GCA016432855_Lake_Trout           0.00%    passed     99.42%
  16  GCA036784925_Maine_S_alpinus      0.00%    passed     99.96%
  17  GCA045679555_Iceland_A_alpinus    0.00%    passed     99.99%
  18  GCF013265735_Rainbow_Trout        0.00%    passed     99.20%
  19  GCF029448725_Brook_Trout          0.00%    passed     99.08%
  20  Methow_River_99895                0.00%    passed    100.00%
****  TOTAL                             2.03%  0 sequences failed composition chi2 test (p-value<5%; df=3)
NOTE: 353213_Cropley_Lake is identical to 251140_Ward_Creek but kept for subsequent analysis
NOTE: 261935_Kenai_River is identical to 260512_Pybus_Point but kept for subsequent analysis
NOTE: 353401_Peace_River is identical to 353379_Skagit_River but kept for subsequent analysis
NOTE: 8 identical sequences (see below) will be ignored for subsequent analysis
NOTE: 353410_Horizon_Lake (identical to 251140_Ward_Creek) is ignored but added at the end
NOTE: GCA045679555_Iceland_A_alpinus (identical to 251140_Ward_Creek) is ignored but added at the end
NOTE: 353219_Peterson_Creek (identical to 260512_Pybus_Point) is ignored but added at the end
NOTE: 353220_Fish_Creek (identical to 260512_Pybus_Point) is ignored but added at the end
NOTE: 353246_Cottonwood_Creek (identical to 260512_Pybus_Point) is ignored but added at the end
NOTE: 353407_Noatok (identical to 260512_Pybus_Point) is ignored but added at the end
NOTE: 94280_St_Joe (identical to 353379_Skagit_River) is ignored but added at the end
NOTE: Methow_River_99895 (identical to 353379_Skagit_River) is ignored but added at the end
Alignment was printed to 103032at7898.fltrd_aligned.fas.uniqueseq.phy

For your convenience alignment with unique sequences printed to 103032at7898.fltrd_aligned.fas.uniqueseq.phy


Create initial parsimony tree by phylogenetic likelihood library (PLL)... 0.000 seconds
Perform fast likelihood tree search using GTR+I+G model...
Estimate model parameters (epsilon = 5.000)
Perform nearest neighbor interchange...
Estimate model parameters (epsilon = 1.000)
1. Initial log-likelihood: -1203.868
Optimal log-likelihood: -1203.868
Rate parameters:  A-C: 4.92032  A-G: 9.34736  A-T: 3.82002  C-G: 1.03248  C-T: 15.93383  G-T: 1.00000
Base frequencies:  A: 0.279  C: 0.224  G: 0.256  T: 0.241
Proportion of invariable sites: 0.476
Gamma shape alpha: 0.906
Parameters optimization took 1 rounds (0.001 sec)
Time for fast ML tree search: 0.008 seconds

NOTE: ModelFinder requires 0 MB RAM!
ModelFinder will test up to 286 DNA models (sample size: 702) ...
 No. Model         -LnL         df  AIC          AICc         BIC
  1  GTR+F         1205.135     29  2468.270     2470.859     2600.334
  2  GTR+F+I       1204.064     30  2468.128     2470.900     2604.746
  3  GTR+F+G4      1203.961     30  2467.922     2470.694     2604.540
  4  GTR+F+I+G4    1203.869     31  2469.737     2472.699     2610.909
  5  GTR+F+R2      1204.509     31  2471.018     2473.979     2612.190
  6  GTR+F+R3      1204.277     33  2474.555     2477.914     2624.834
 14  SYM           1207.347     26  2466.693     2468.773     2585.096
 15  SYM+I         1206.258     27  2466.516     2468.759     2589.472
 16  SYM+G4        1206.158     27  2466.317     2468.560     2589.273
 27  TVM+F         1205.753     28  2467.506     2469.920     2595.017
 28  TVM+F+I       1204.813     29  2467.625     2470.215     2599.689
 29  TVM+F+G4      1204.680     29  2467.361     2469.950     2599.425
 40  TVMe          1207.641     25  2465.281     2467.205     2579.130
 41  TVMe+I        1206.652     26  2465.304     2467.384     2583.706
 42  TVMe+G4       1206.529     26  2465.058     2467.138     2583.460
 53  TIM3+F        1207.266     27  2468.532     2470.776     2591.488
 54  TIM3+F+I      1206.208     28  2468.416     2470.829     2595.926
 55  TIM3+F+G4     1206.104     28  2468.208     2470.621     2595.718
 66  TIM3e         1209.608     24  2467.215     2468.988     2576.510
 67  TIM3e+I       1208.545     25  2467.090     2469.013     2580.938
 68  TIM3e+G4      1208.442     25  2466.884     2468.807     2580.733
 79  TIM2+F        1205.228     27  2464.457     2466.700     2587.413
 80  TIM2+F+I      1204.129     28  2464.257     2466.670     2591.767
 81  TIM2+F+G4     1204.034     28  2464.067     2466.480     2591.577
 92  TIM2e         1207.413     24  2462.826     2464.599     2572.121
 93  TIM2e+I       1206.306     25  2462.611     2464.534     2576.459
 94  TIM2e+G4      1206.210     25  2462.420     2464.343     2576.268
105  TIM+F         1207.309     27  2468.618     2470.861     2591.574
106  TIM+F+I       1206.239     28  2468.477     2470.891     2595.988
107  TIM+F+G4      1206.137     28  2468.275     2470.688     2595.785
118  TIMe          1209.628     24  2467.256     2469.029     2576.551
119  TIMe+I        1208.558     25  2467.115     2469.039     2580.964
120  TIMe+G4       1208.456     25  2466.913     2468.836     2580.761
131  TPM3u+F       1207.881     26  2467.762     2469.842     2586.165
132  TPM3u+F+I     1206.947     27  2467.894     2470.138     2590.851
133  TPM3u+F+G4    1206.812     27  2467.624     2469.867     2590.580
144  TPM3+F        1207.881     26  2467.762     2469.842     2586.165
145  TPM3+F+I      1206.947     27  2467.894     2470.138     2590.851
146  TPM3+F+G4     1206.812     27  2467.624     2469.867     2590.580
157  TPM2u+F       1205.848     26  2463.696     2465.776     2582.098
158  TPM2u+F+I     1204.884     27  2463.768     2466.012     2586.725
159  TPM2u+F+G4    1204.757     27  2463.514     2465.757     2586.470
170  TPM2+F        1205.848     26  2463.696     2465.776     2582.098
171  TPM2+F+I      1204.884     27  2463.768     2466.012     2586.725
172  TPM2+F+G4     1204.757     27  2463.514     2465.757     2586.470
183  K3Pu+F        1207.926     26  2467.852     2469.932     2586.254
184  K3Pu+F+I      1206.981     27  2467.961     2470.205     2590.917
185  K3Pu+F+G4     1206.850     27  2467.701     2469.944     2590.657
196  K3P           1209.922     23  2465.845     2467.473     2570.585
197  K3P+I         1208.949     24  2465.899     2467.671     2575.193
198  K3P+G4        1208.823     24  2465.645     2467.418     2574.940
209  TN+F          1207.350     26  2466.700     2468.780     2585.102
210  TN+F+I        1206.265     27  2466.531     2468.774     2589.487
211  TN+F+G4       1206.167     27  2466.334     2468.577     2589.290
222  TNe           1209.668     23  2465.337     2466.965     2570.077
223  TNe+I         1208.583     24  2465.166     2466.938     2574.460
224  TNe+G4        1208.485     24  2464.969     2466.742     2574.264
235  HKY+F         1207.966     25  2465.932     2467.855     2579.781
236  HKY+F+I       1207.009     26  2466.019     2468.099     2584.421
237  HKY+F+G4      1206.881     26  2465.763     2467.843     2584.165
248  K2P           1209.961     22  2463.923     2465.413     2564.109
249  K2P+I         1208.974     23  2463.949     2465.577     2568.689
250  K2P+G4        1208.853     23  2463.706     2465.334     2568.447
261  F81+F         1216.938     24  2481.876     2483.648     2591.170
262  F81+F+I       1216.033     25  2482.065     2483.988     2595.914
263  F81+F+G4      1215.899     25  2481.797     2483.720     2595.646
274  JC            1219.040     21  2480.079     2481.438     2575.712
275  JC+I          1218.134     22  2480.267     2481.757     2580.454
276  JC+G4         1217.999     22  2479.998     2481.489     2580.185
Akaike Information Criterion:           TIM2e+G4
Corrected Akaike Information Criterion: TIM2e+G4
Bayesian Information Criterion:         K2P
Best-fit model: K2P chosen according to BIC

All model information printed to 103032at7898.fltrd_aligned.fas.model.gz
CPU time for ModelFinder: 0.091 seconds (0h:0m:0s)
Wall-clock time for ModelFinder: 0.096 seconds (0h:0m:0s)
Generating 1000 samples for ultrafast bootstrap (seed: 183627)...

NOTE: 0 MB RAM (0 GB) is required!
Estimate model parameters (epsilon = 0.100)
1. Initial log-likelihood: -1209.961
Optimal log-likelihood: -1209.961
Rate parameters:  A-C: 1.00000  A-G: 4.40390  A-T: 1.00000  C-G: 1.00000  C-T: 4.40390  G-T: 1.00000
Base frequencies:  A: 0.250  C: 0.250  G: 0.250  T: 0.250
Parameters optimization took 1 rounds (0.000 sec)
Computing ML distances based on estimated model parameters...
Computing ML distances took 0.000679 sec (of wall-clock time) 0.000656 sec(of CPU time)
Computing RapidNJ tree took 0.000037 sec (of wall-clock time) 0.000034 sec (of CPU time)
Log-likelihood of RapidNJ tree: -1220.318
--------------------------------------------------------------------
|             INITIALIZING CANDIDATE TREE SET                      |
--------------------------------------------------------------------
Generating 98 parsimony trees... 0.026 second
Computing log-likelihood of 98 initial trees ... 0.021 seconds
Current best score: -1209.961

Do NNI search on 20 best initial trees
Estimate model parameters (epsilon = 0.100)
BETTER TREE FOUND at iteration 1: -1209.961
UPDATE BEST LOG-LIKELIHOOD: -1209.961
UPDATE BEST LOG-LIKELIHOOD: -1209.961
Iteration 10 / LogL: -1209.961 / Time: 0h:0m:0s
Iteration 20 / LogL: -1209.961 / Time: 0h:0m:0s
Finish initializing candidate tree set (5)
Current best tree score: -1209.961 / CPU time: 0.104
Number of iterations: 20
--------------------------------------------------------------------
|               OPTIMIZING CANDIDATE TREE SET                      |
--------------------------------------------------------------------
UPDATE BEST LOG-LIKELIHOOD: -1209.961
Iteration 30 / LogL: -1209.962 / Time: 0h:0m:0s (0h:0m:0s left)
Iteration 40 / LogL: -1209.961 / Time: 0h:0m:0s (0h:0m:0s left)
UPDATE BEST LOG-LIKELIHOOD: -1209.961
Iteration 50 / LogL: -1209.961 / Time: 0h:0m:0s (0h:0m:0s left)
Log-likelihood cutoff on original alignment: -1227.291
Iteration 60 / LogL: -1209.964 / Time: 0h:0m:0s (0h:0m:0s left)
Iteration 70 / LogL: -1215.246 / Time: 0h:0m:0s (0h:0m:0s left)
Iteration 80 / LogL: -1209.963 / Time: 0h:0m:0s (0h:0m:0s left)
Iteration 90 / LogL: -1209.961 / Time: 0h:0m:0s (0h:0m:0s left)
Iteration 100 / LogL: -1209.964 / Time: 0h:0m:0s (0h:0m:0s left)
Log-likelihood cutoff on original alignment: -1229.995
NOTE: Bootstrap correlation coefficient of split occurrence frequencies: 0.982
NOTE: UFBoot does not converge, continue at least 100 more iterations
Iteration 110 / LogL: -1209.964 / Time: 0h:0m:0s (0h:0m:0s left)
Iteration 120 / LogL: -1209.963 / Time: 0h:0m:0s (0h:0m:0s left)
Iteration 130 / LogL: -1209.963 / Time: 0h:0m:0s (0h:0m:0s left)
Iteration 140 / LogL: -1209.963 / Time: 0h:0m:0s (0h:0m:0s left)
Iteration 150 / LogL: -1209.962 / Time: 0h:0m:0s (0h:0m:0s left)
Log-likelihood cutoff on original alignment: -1231.844
Iteration 160 / LogL: -1209.961 / Time: 0h:0m:0s (0h:0m:0s left)
Iteration 170 / LogL: -1209.961 / Time: 0h:0m:0s (0h:0m:0s left)
Iteration 180 / LogL: -1209.962 / Time: 0h:0m:1s (0h:0m:0s left)
Iteration 190 / LogL: -1209.963 / Time: 0h:0m:1s (0h:0m:0s left)
Iteration 200 / LogL: -1209.963 / Time: 0h:0m:1s (0h:0m:0s left)
Log-likelihood cutoff on original alignment: -1231.977
NOTE: Bootstrap correlation coefficient of split occurrence frequencies: 0.979
NOTE: UFBoot does not converge, continue at least 100 more iterations
Iteration 210 / LogL: -1209.962 / Time: 0h:0m:1s (0h:0m:0s left)
Iteration 220 / LogL: -1209.961 / Time: 0h:0m:1s (0h:0m:0s left)
Iteration 230 / LogL: -1209.963 / Time: 0h:0m:1s (0h:0m:0s left)
UPDATE BEST LOG-LIKELIHOOD: -1209.961
Iteration 240 / LogL: -1209.962 / Time: 0h:0m:1s (0h:0m:0s left)
Iteration 250 / LogL: -1209.961 / Time: 0h:0m:1s (0h:0m:0s left)
Log-likelihood cutoff on original alignment: -1231.977
Iteration 260 / LogL: -1209.961 / Time: 0h:0m:1s (0h:0m:0s left)
Iteration 270 / LogL: -1209.962 / Time: 0h:0m:1s (0h:0m:0s left)
Iteration 280 / LogL: -1209.962 / Time: 0h:0m:1s (0h:0m:0s left)
Iteration 290 / LogL: -1209.963 / Time: 0h:0m:1s (0h:0m:0s left)
Iteration 300 / LogL: -1209.962 / Time: 0h:0m:1s (0h:0m:0s left)
Log-likelihood cutoff on original alignment: -1231.977
NOTE: Bootstrap correlation coefficient of split occurrence frequencies: 0.993
TREE SEARCH COMPLETED AFTER 300 ITERATIONS / Time: 0h:0m:1s

--------------------------------------------------------------------
|                    FINALIZING TREE SEARCH                        |
--------------------------------------------------------------------
Performs final model parameters optimization
Estimate model parameters (epsilon = 0.010)
1. Initial log-likelihood: -1209.961
Optimal log-likelihood: -1209.961
Rate parameters:  A-C: 1.00000  A-G: 4.40520  A-T: 1.00000  C-G: 1.00000  C-T: 4.40520  G-T: 1.00000
Base frequencies:  A: 0.250  C: 0.250  G: 0.250  T: 0.250
Parameters optimization took 1 rounds (0.000 sec)
BEST SCORE FOUND : -1209.961
Creating bootstrap support values...
Split supports printed to NEXUS file 103032at7898.fltrd_aligned.fas.splits.nex
Total tree length: 0.053

Total number of iterations: 300
CPU time used for tree search: 1.641 sec (0h:0m:1s)
Wall-clock time used for tree search: 1.736 sec (0h:0m:1s)
Total CPU time used: 1.674 sec (0h:0m:1s)
Total wall-clock time used: 1.777 sec (0h:0m:1s)

Computing bootstrap consensus tree...
Reading input file 103032at7898.fltrd_aligned.fas.splits.nex...
12 taxa and 141 splits.
Consensus tree written to 103032at7898.fltrd_aligned.fas.contree
Reading input trees file 103032at7898.fltrd_aligned.fas.contree
Log-likelihood of consensus tree: -1209.971

Analysis results written to: 
  IQ-TREE report:                103032at7898.fltrd_aligned.fas.iqtree
  Maximum-likelihood tree:       103032at7898.fltrd_aligned.fas.treefile
  Likelihood distances:          103032at7898.fltrd_aligned.fas.mldist

Ultrafast bootstrap approximation results written to:
  Split support values:          103032at7898.fltrd_aligned.fas.splits.nex
  Consensus tree:                103032at7898.fltrd_aligned.fas.contree
  Screen log file:               103032at7898.fltrd_aligned.fas.log

Date and Time: Tue Dec  2 14:50:10 2025
