IQ-TREE multicore version 2.1.3 COVID-edition for Linux 64-bit built Apr 21 2021
Developed by Bui Quang Minh, James Barbetti, Nguyen Lam Tung,
Olga Chernomor, Heiko Schmidt, Dominik Schrempf, Michael Woodhams.

Host:    gombessa.rcs.alaska.edu (AVX2, FMA3, 503 GB RAM)
Command: /export/scratch/tsvanorden/Char_Phylogenetics/src/iqtree-2.1.3-Linux/bin/iqtree2 -s 94267at7898.fltrd_aligned.fas -m MFP -bb 1000 -T 1
Seed:    13633 (Using SPRNG - Scalable Parallel Random Number Generator)
Time:    Tue Dec  2 14:50:04 2025
Kernel:  AVX+FMA - 1 threads (1 CPU cores detected)

Reading alignment file 94267at7898.fltrd_aligned.fas ... Fasta format detected
Alignment most likely contains DNA/RNA sequences
Alignment has 20 sequences with 885 columns, 62 distinct patterns
29 parsimony-informative, 33 singleton sites, 823 constant sites
                                Gap/Ambiguity  Composition  p-value
   1  251140_Ward_Creek                 4.41%    passed     99.81%
   2  260512_Pybus_Point                4.41%    passed     99.97%
   3  261935_Kenai_River                4.41%    passed     99.97%
   4  353213_Cropley_Lake               4.41%    passed     99.97%
   5  353219_Peterson_Creek             4.41%    passed     99.97%
   6  353220_Fish_Creek                 4.41%    passed     99.97%
   7  353246_Cottonwood_Creek           4.41%    passed     99.97%
   8  353379_Skagit_River               4.41%    passed     99.90%
   9  353381_Dungeness_River           14.58%    passed     99.81%
  10  353401_Peace_River                4.41%    passed     99.90%
  11  353407_Noatok                     5.42%    passed     96.75%
  12  353410_Horizon_Lake               4.41%    passed     99.97%
  13  92319_Little_Lost                 8.14%    passed     95.10%
  14  94280_St_Joe                      4.41%    passed     99.90%
  15  GCA016432855_Lake_Trout           5.42%    passed     92.97%
  16  GCA036784925_Maine_S_alpinus      4.41%    passed     99.97%
  17  GCA045679555_Iceland_A_alpinus    4.41%    passed     99.97%
  18  GCF013265735_Rainbow_Trout        2.71%    passed     93.27%
  19  GCF029448725_Brook_Trout          2.71%    passed     98.24%
  20  Methow_River_99895                4.41%    passed     99.90%
****  TOTAL                             5.03%  0 sequences failed composition chi2 test (p-value<5%; df=3)
NOTE: 261935_Kenai_River is identical to 260512_Pybus_Point but kept for subsequent analysis
NOTE: 353401_Peace_River is identical to 353379_Skagit_River but kept for subsequent analysis
NOTE: 9 identical sequences (see below) will be ignored for subsequent analysis
NOTE: 353213_Cropley_Lake (identical to 260512_Pybus_Point) is ignored but added at the end
NOTE: 353219_Peterson_Creek (identical to 260512_Pybus_Point) is ignored but added at the end
NOTE: 353220_Fish_Creek (identical to 260512_Pybus_Point) is ignored but added at the end
NOTE: 353246_Cottonwood_Creek (identical to 260512_Pybus_Point) is ignored but added at the end
NOTE: 353410_Horizon_Lake (identical to 260512_Pybus_Point) is ignored but added at the end
NOTE: GCA036784925_Maine_S_alpinus (identical to 260512_Pybus_Point) is ignored but added at the end
NOTE: GCA045679555_Iceland_A_alpinus (identical to 260512_Pybus_Point) is ignored but added at the end
NOTE: 94280_St_Joe (identical to 353379_Skagit_River) is ignored but added at the end
NOTE: Methow_River_99895 (identical to 353379_Skagit_River) is ignored but added at the end
Alignment was printed to 94267at7898.fltrd_aligned.fas.uniqueseq.phy

For your convenience alignment with unique sequences printed to 94267at7898.fltrd_aligned.fas.uniqueseq.phy


Create initial parsimony tree by phylogenetic likelihood library (PLL)... 0.000 seconds
Perform fast likelihood tree search using GTR+I+G model...
Estimate model parameters (epsilon = 5.000)
Perform nearest neighbor interchange...
Estimate model parameters (epsilon = 1.000)
1. Initial log-likelihood: -1631.584
Optimal log-likelihood: -1631.583
Rate parameters:  A-C: 2.09950  A-G: 2.53017  A-T: 3.01909  C-G: 0.96911  C-T: 5.99422  G-T: 1.00000
Base frequencies:  A: 0.264  C: 0.242  G: 0.247  T: 0.246
Proportion of invariable sites: 0.463
Gamma shape alpha: 998.440
Parameters optimization took 1 rounds (0.001 sec)
Time for fast ML tree search: 0.010 seconds

NOTE: ModelFinder requires 0 MB RAM!
ModelFinder will test up to 286 DNA models (sample size: 885) ...
 No. Model         -LnL         df  AIC          AICc         BIC
  1  GTR+F         1631.391     27  3316.781     3318.545     3445.992
  2  GTR+F+I       1631.350     28  3318.699     3320.597     3452.696
  3  GTR+F+G4      1631.356     28  3318.712     3320.609     3452.708
  4  GTR+F+I+G4    1631.582     29  3321.163     3323.198     3459.945
  5  GTR+F+R2      1631.393     29  3320.785     3322.820     3459.567
  6  GTR+F+R3      1631.442     31  3324.885     3327.211     3473.238
 14  SYM           1632.127     24  3312.254     3313.649     3427.108
 15  SYM+I         1632.088     25  3314.177     3315.690     3433.816
 16  SYM+G4        1632.094     25  3314.188     3315.701     3433.827
 27  TVM+F         1634.160     26  3320.320     3321.956     3444.745
 28  TVM+F+I       1634.131     27  3322.263     3324.027     3451.474
 29  TVM+F+G4      1634.137     27  3322.274     3324.038     3451.485
 40  TVMe          1634.603     23  3315.206     3316.488     3425.275
 41  TVMe+I        1634.573     24  3317.145     3318.541     3431.999
 42  TVMe+G4       1634.579     24  3317.158     3318.553     3432.012
 53  TIM3+F        1634.449     25  3318.899     3320.412     3438.538
 54  TIM3+F+I      1634.402     26  3320.804     3322.440     3445.229
 55  TIM3+F+G4     1634.407     26  3320.813     3322.449     3445.238
 66  TIM3e         1635.397     22  3314.794     3315.968     3420.077
 67  TIM3e+I       1635.352     23  3316.703     3317.985     3426.772
 68  TIM3e+G4      1635.356     23  3316.711     3317.994     3426.780
 79  TIM2+F        1631.729     25  3313.458     3314.972     3433.098
 80  TIM2+F+I      1631.689     26  3315.378     3317.014     3439.803
 81  TIM2+F+G4     1631.695     26  3315.389     3317.025     3439.814
 92  TIM2e         1632.481     22  3308.963     3310.137     3414.246
 93  TIM2e+I       1632.442     23  3310.884     3312.166     3420.953
 94  TIM2e+G4      1632.449     23  3310.897     3312.179     3420.966
105  TIM+F         1634.441     25  3318.882     3320.395     3438.521
106  TIM+F+I       1634.397     26  3320.795     3322.431     3445.220
107  TIM+F+G4      1634.401     26  3320.802     3322.439     3445.228
118  TIMe          1635.403     22  3314.805     3315.979     3420.088
119  TIMe+I        1635.361     23  3316.721     3318.003     3426.790
120  TIMe+G4       1635.366     23  3316.731     3318.013     3426.800
131  TPM3u+F       1637.225     24  3322.450     3323.846     3437.304
132  TPM3u+F+I     1637.191     25  3324.382     3325.895     3444.022
133  TPM3u+F+G4    1637.195     25  3324.390     3325.903     3444.029
144  TPM3+F        1637.225     24  3322.450     3323.846     3437.304
145  TPM3+F+I      1637.191     25  3324.382     3325.895     3444.022
146  TPM3+F+G4     1637.195     25  3324.390     3325.903     3444.029
157  TPM2u+F       1634.498     24  3316.996     3318.391     3431.850
158  TPM2u+F+I     1634.469     25  3318.938     3320.452     3438.578
159  TPM2u+F+G4    1634.475     25  3318.950     3320.463     3438.590
170  TPM2+F        1634.498     24  3316.996     3318.391     3431.850
171  TPM2+F+I      1634.469     25  3318.938     3320.452     3438.578
172  TPM2+F+G4     1634.475     25  3318.950     3320.463     3438.590
183  K3Pu+F        1637.215     24  3322.429     3323.825     3437.284
184  K3Pu+F+I      1637.183     25  3324.366     3325.879     3444.005
185  K3Pu+F+G4     1637.188     25  3324.375     3325.888     3444.015
196  K3P           1637.881     21  3317.763     3318.834     3418.260
197  K3P+I         1637.851     22  3319.701     3320.875     3424.984
198  K3P+G4        1637.855     22  3319.711     3320.885     3424.994
209  TN+F          1634.699     24  3317.399     3318.794     3432.253
210  TN+F+I        1634.653     25  3319.305     3320.819     3438.945
211  TN+F+G4       1634.658     25  3319.316     3320.829     3438.956
222  TNe           1635.662     21  3313.323     3314.394     3413.820
223  TNe+I         1635.618     22  3315.235     3316.409     3420.518
224  TNe+G4        1635.622     22  3315.244     3316.418     3420.527
235  HKY+F         1637.473     23  3320.947     3322.229     3431.015
236  HKY+F+I       1637.440     24  3322.880     3324.275     3437.734
237  HKY+F+G4      1637.444     24  3322.889     3324.284     3437.743
248  K2P           1638.141     20  3316.281     3317.254     3411.993
249  K2P+I         1638.108     21  3318.216     3319.287     3418.714
250  K2P+G4        1638.113     21  3318.225     3319.296     3418.722
261  F81+F         1642.841     22  3329.682     3330.856     3434.965
262  F81+F+I       1642.825     23  3331.650     3332.932     3441.718
263  F81+F+G4      1642.829     23  3331.657     3332.940     3441.726
274  JC            1643.515     19  3325.029     3325.908     3415.955
275  JC+I          1643.498     20  3326.996     3327.968     3422.708
276  JC+G4         1643.502     20  3327.004     3327.976     3422.716
Akaike Information Criterion:           TIM2e
Corrected Akaike Information Criterion: TIM2e
Bayesian Information Criterion:         K2P
Best-fit model: K2P chosen according to BIC

All model information printed to 94267at7898.fltrd_aligned.fas.model.gz
CPU time for ModelFinder: 0.108 seconds (0h:0m:0s)
Wall-clock time for ModelFinder: 0.115 seconds (0h:0m:0s)
Generating 1000 samples for ultrafast bootstrap (seed: 13633)...

NOTE: 0 MB RAM (0 GB) is required!
Estimate model parameters (epsilon = 0.100)
1. Initial log-likelihood: -1638.141
Optimal log-likelihood: -1638.141
Rate parameters:  A-C: 1.00000  A-G: 2.29792  A-T: 1.00000  C-G: 1.00000  C-T: 2.29792  G-T: 1.00000
Base frequencies:  A: 0.250  C: 0.250  G: 0.250  T: 0.250
Parameters optimization took 1 rounds (0.000 sec)
Computing ML distances based on estimated model parameters...
Computing ML distances took 0.000508 sec (of wall-clock time) 0.000487 sec(of CPU time)
Computing RapidNJ tree took 0.000042 sec (of wall-clock time) 0.000042 sec (of CPU time)
Log-likelihood of RapidNJ tree: -1652.382
--------------------------------------------------------------------
|             INITIALIZING CANDIDATE TREE SET                      |
--------------------------------------------------------------------
Generating 98 parsimony trees... 0.034 second
Computing log-likelihood of 94 initial trees ... 0.018 seconds
Current best score: -1638.141

Do NNI search on 20 best initial trees
Estimate model parameters (epsilon = 0.100)
BETTER TREE FOUND at iteration 1: -1638.141
UPDATE BEST LOG-LIKELIHOOD: -1638.141
BETTER TREE FOUND at iteration 4: -1638.141
UPDATE BEST LOG-LIKELIHOOD: -1638.140
UPDATE BEST LOG-LIKELIHOOD: -1638.140
Iteration 10 / LogL: -1638.140 / Time: 0h:0m:0s
UPDATE BEST LOG-LIKELIHOOD: -1638.140
Iteration 20 / LogL: -1638.140 / Time: 0h:0m:0s
Finish initializing candidate tree set (3)
Current best tree score: -1638.140 / CPU time: 0.127
Number of iterations: 20
--------------------------------------------------------------------
|               OPTIMIZING CANDIDATE TREE SET                      |
--------------------------------------------------------------------
Iteration 30 / LogL: -1638.504 / Time: 0h:0m:0s (0h:0m:0s left)
UPDATE BEST LOG-LIKELIHOOD: -1638.140
Iteration 40 / LogL: -1660.041 / Time: 0h:0m:0s (0h:0m:0s left)
Iteration 50 / LogL: -1638.140 / Time: 0h:0m:0s (0h:0m:0s left)
Log-likelihood cutoff on original alignment: -1660.988
UPDATE BEST LOG-LIKELIHOOD: -1638.140
Iteration 60 / LogL: -1638.140 / Time: 0h:0m:0s (0h:0m:0s left)
UPDATE BEST LOG-LIKELIHOOD: -1638.140
Iteration 70 / LogL: -1638.140 / Time: 0h:0m:0s (0h:0m:0s left)
Iteration 80 / LogL: -1638.173 / Time: 0h:0m:0s (0h:0m:0s left)
Iteration 90 / LogL: -1638.140 / Time: 0h:0m:0s (0h:0m:0s left)
Iteration 100 / LogL: -1638.141 / Time: 0h:0m:0s (0h:0m:0s left)
Log-likelihood cutoff on original alignment: -1661.533
NOTE: Bootstrap correlation coefficient of split occurrence frequencies: 0.984
NOTE: UFBoot does not converge, continue at least 100 more iterations
Iteration 110 / LogL: -1638.141 / Time: 0h:0m:0s (0h:0m:0s left)
UPDATE BEST LOG-LIKELIHOOD: -1638.140
Iteration 120 / LogL: -1642.223 / Time: 0h:0m:0s (0h:0m:0s left)
Iteration 130 / LogL: -1638.438 / Time: 0h:0m:0s (0h:0m:0s left)
Iteration 140 / LogL: -1660.041 / Time: 0h:0m:0s (0h:0m:0s left)
Iteration 150 / LogL: -1638.143 / Time: 0h:0m:0s (0h:0m:0s left)
Log-likelihood cutoff on original alignment: -1661.965
Iteration 160 / LogL: -1643.603 / Time: 0h:0m:0s (0h:0m:0s left)
Iteration 170 / LogL: -1638.140 / Time: 0h:0m:0s (0h:0m:0s left)
Iteration 180 / LogL: -1638.140 / Time: 0h:0m:1s (0h:0m:0s left)
Iteration 190 / LogL: -1638.140 / Time: 0h:0m:1s (0h:0m:0s left)
Iteration 200 / LogL: -1638.140 / Time: 0h:0m:1s (0h:0m:0s left)
Log-likelihood cutoff on original alignment: -1664.198
NOTE: Bootstrap correlation coefficient of split occurrence frequencies: 0.987
NOTE: UFBoot does not converge, continue at least 100 more iterations
Iteration 210 / LogL: -1638.185 / Time: 0h:0m:1s (0h:0m:0s left)
Iteration 220 / LogL: -1638.140 / Time: 0h:0m:1s (0h:0m:0s left)
Iteration 230 / LogL: -1638.140 / Time: 0h:0m:1s (0h:0m:0s left)
Iteration 240 / LogL: -1638.141 / Time: 0h:0m:1s (0h:0m:0s left)
Iteration 250 / LogL: -1638.140 / Time: 0h:0m:1s (0h:0m:0s left)
Log-likelihood cutoff on original alignment: -1664.198
Iteration 260 / LogL: -1638.141 / Time: 0h:0m:1s (0h:0m:0s left)
Iteration 270 / LogL: -1638.140 / Time: 0h:0m:1s (0h:0m:0s left)
Iteration 280 / LogL: -1638.140 / Time: 0h:0m:1s (0h:0m:0s left)
Iteration 290 / LogL: -1638.140 / Time: 0h:0m:1s (0h:0m:0s left)
Iteration 300 / LogL: -1638.140 / Time: 0h:0m:1s (0h:0m:0s left)
Log-likelihood cutoff on original alignment: -1663.519
NOTE: Bootstrap correlation coefficient of split occurrence frequencies: 0.992
TREE SEARCH COMPLETED AFTER 300 ITERATIONS / Time: 0h:0m:1s

--------------------------------------------------------------------
|                    FINALIZING TREE SEARCH                        |
--------------------------------------------------------------------
Performs final model parameters optimization
Estimate model parameters (epsilon = 0.010)
1. Initial log-likelihood: -1638.140
Optimal log-likelihood: -1638.140
Rate parameters:  A-C: 1.00000  A-G: 2.29792  A-T: 1.00000  C-G: 1.00000  C-T: 2.29792  G-T: 1.00000
Base frequencies:  A: 0.250  C: 0.250  G: 0.250  T: 0.250
Parameters optimization took 1 rounds (0.000 sec)
BEST SCORE FOUND : -1638.140
Creating bootstrap support values...
Split supports printed to NEXUS file 94267at7898.fltrd_aligned.fas.splits.nex
Total tree length: 0.078

Total number of iterations: 300
CPU time used for tree search: 1.534 sec (0h:0m:1s)
Wall-clock time used for tree search: 1.606 sec (0h:0m:1s)
Total CPU time used: 1.592 sec (0h:0m:1s)
Total wall-clock time used: 1.665 sec (0h:0m:1s)

Computing bootstrap consensus tree...
Reading input file 94267at7898.fltrd_aligned.fas.splits.nex...
11 taxa and 132 splits.
Consensus tree written to 94267at7898.fltrd_aligned.fas.contree
Reading input trees file 94267at7898.fltrd_aligned.fas.contree
Log-likelihood of consensus tree: -1638.147

Analysis results written to: 
  IQ-TREE report:                94267at7898.fltrd_aligned.fas.iqtree
  Maximum-likelihood tree:       94267at7898.fltrd_aligned.fas.treefile
  Likelihood distances:          94267at7898.fltrd_aligned.fas.mldist

Ultrafast bootstrap approximation results written to:
  Split support values:          94267at7898.fltrd_aligned.fas.splits.nex
  Consensus tree:                94267at7898.fltrd_aligned.fas.contree
  Screen log file:               94267at7898.fltrd_aligned.fas.log

Date and Time: Tue Dec  2 14:50:05 2025
