IQ-TREE multicore version 2.1.3 COVID-edition for Linux 64-bit built Apr 21 2021
Developed by Bui Quang Minh, James Barbetti, Nguyen Lam Tung,
Olga Chernomor, Heiko Schmidt, Dominik Schrempf, Michael Woodhams.

Host:    gombessa.rcs.alaska.edu (AVX2, FMA3, 503 GB RAM)
Command: /export/scratch/tsvanorden/Char_Phylogenetics/src/iqtree-2.1.3-Linux/bin/iqtree2 -s 67503at7898.fltrd_aligned.fas -m MFP -bb 1000 -T 1
Seed:    87421 (Using SPRNG - Scalable Parallel Random Number Generator)
Time:    Tue Dec  2 14:49:53 2025
Kernel:  AVX+FMA - 1 threads (1 CPU cores detected)

Reading alignment file 67503at7898.fltrd_aligned.fas ... Fasta format detected
Alignment most likely contains DNA/RNA sequences
Alignment has 20 sequences with 1161 columns, 74 distinct patterns
13 parsimony-informative, 48 singleton sites, 1100 constant sites
                                Gap/Ambiguity  Composition  p-value
   1  251140_Ward_Creek                 5.94%    passed     98.06%
   2  260512_Pybus_Point                5.94%    passed     98.06%
   3  261935_Kenai_River                5.94%    passed     98.06%
   4  353213_Cropley_Lake               5.94%    passed     98.06%
   5  353219_Peterson_Creek             5.94%    passed     98.06%
   6  353220_Fish_Creek                 5.94%    passed     98.06%
   7  353246_Cottonwood_Creek           5.94%    passed     98.03%
   8  353379_Skagit_River               4.39%    passed     94.63%
   9  353381_Dungeness_River            9.30%    passed     85.22%
  10  353401_Peace_River                4.39%    passed     94.63%
  11  353407_Noatok                     2.33%    passed     99.80%
  12  353410_Horizon_Lake               5.94%    passed     97.84%
  13  92319_Little_Lost                 4.39%    passed     94.63%
  14  94280_St_Joe                      4.39%    passed     94.63%
  15  GCA016432855_Lake_Trout           4.39%    passed     92.47%
  16  GCA036784925_Maine_S_alpinus      5.94%    passed     97.84%
  17  GCA045679555_Iceland_A_alpinus    5.94%    passed     97.84%
  18  GCF013265735_Rainbow_Trout        4.39%    passed     87.63%
  19  GCF029448725_Brook_Trout          3.36%    passed     96.91%
  20  Methow_River_99895                4.39%    passed     94.63%
****  TOTAL                             5.26%  0 sequences failed composition chi2 test (p-value<5%; df=3)
NOTE: 260512_Pybus_Point is identical to 251140_Ward_Creek but kept for subsequent analysis
NOTE: 353401_Peace_River is identical to 353379_Skagit_River but kept for subsequent analysis
NOTE: GCA036784925_Maine_S_alpinus is identical to 353410_Horizon_Lake but kept for subsequent analysis
NOTE: 8 identical sequences (see below) will be ignored for subsequent analysis
NOTE: 261935_Kenai_River (identical to 251140_Ward_Creek) is ignored but added at the end
NOTE: 353213_Cropley_Lake (identical to 251140_Ward_Creek) is ignored but added at the end
NOTE: 353219_Peterson_Creek (identical to 251140_Ward_Creek) is ignored but added at the end
NOTE: 353220_Fish_Creek (identical to 251140_Ward_Creek) is ignored but added at the end
NOTE: 92319_Little_Lost (identical to 353379_Skagit_River) is ignored but added at the end
NOTE: 94280_St_Joe (identical to 353379_Skagit_River) is ignored but added at the end
NOTE: Methow_River_99895 (identical to 353379_Skagit_River) is ignored but added at the end
NOTE: GCA045679555_Iceland_A_alpinus (identical to 353410_Horizon_Lake) is ignored but added at the end
Alignment was printed to 67503at7898.fltrd_aligned.fas.uniqueseq.phy

For your convenience alignment with unique sequences printed to 67503at7898.fltrd_aligned.fas.uniqueseq.phy


Create initial parsimony tree by phylogenetic likelihood library (PLL)... 0.000 seconds
Perform fast likelihood tree search using GTR+I+G model...
Estimate model parameters (epsilon = 5.000)
Perform nearest neighbor interchange...
Estimate model parameters (epsilon = 1.000)
1. Initial log-likelihood: -2005.690
Optimal log-likelihood: -2005.688
Rate parameters:  A-C: 0.82470  A-G: 1.87915  A-T: 0.84520  C-G: 0.86174  C-T: 2.22878  G-T: 1.00000
Base frequencies:  A: 0.247  C: 0.223  G: 0.311  T: 0.219
Proportion of invariable sites: 0.472
Gamma shape alpha: 998.444
Parameters optimization took 1 rounds (0.002 sec)
Time for fast ML tree search: 0.007 seconds

NOTE: ModelFinder requires 0 MB RAM!
ModelFinder will test up to 286 DNA models (sample size: 1161) ...
 No. Model         -LnL         df  AIC          AICc         BIC
  1  GTR+F         2005.201     29  4068.402     4069.940     4215.056
  2  GTR+F+I       2005.201     30  4070.401     4072.047     4222.113
  3  GTR+F+G4      2005.201     30  4070.402     4072.048     4222.113
  4  GTR+F+I+G4    2005.687     31  4073.373     4075.131     4230.141
  5  GTR+F+R2      2005.392     31  4072.784     4074.541     4229.552
  6  GTR+F+R3      2005.466     33  4076.931     4078.922     4243.814
 14  SYM           2015.495     26  4082.990     4084.228     4214.473
 15  SYM+I         2015.494     27  4084.988     4086.322     4221.528
 16  SYM+G4        2015.494     27  4084.988     4086.323     4221.528
 27  TVM+F         2005.313     28  4066.626     4068.060     4208.223
 28  TVM+F+I       2005.312     29  4068.625     4070.163     4215.279
 29  TVM+F+G4      2005.312     29  4068.625     4070.163     4215.279
 40  TVMe          2015.505     25  4081.010     4082.156     4207.436
 41  TVMe+I        2015.504     26  4083.008     4084.246     4214.490
 42  TVMe+G4       2015.504     26  4083.008     4084.246     4214.491
 53  TIM3+F        2005.265     27  4064.529     4065.864     4201.069
 54  TIM3+F+I      2005.265     28  4066.529     4067.964     4208.126
 55  TIM3+F+G4     2005.265     28  4066.530     4067.964     4208.127
 66  TIM3e         2015.676     24  4079.352     4080.408     4200.721
 67  TIM3e+I       2015.676     25  4081.352     4082.497     4207.778
 68  TIM3e+G4      2015.676     25  4081.352     4082.497     4207.778
 79  TIM2+F        2005.244     27  4064.488     4065.823     4201.028
 80  TIM2+F+I      2005.244     28  4066.489     4067.924     4208.086
 81  TIM2+F+G4     2005.245     28  4066.490     4067.924     4208.087
 92  TIM2e         2015.529     24  4079.057     4080.114     4200.426
 93  TIM2e+I       2015.528     25  4081.057     4082.202     4207.483
 94  TIM2e+G4      2015.529     25  4081.057     4082.202     4207.483
105  TIM+F         2005.278     27  4064.556     4065.890     4201.096
106  TIM+F+I       2005.278     28  4066.556     4067.990     4208.153
107  TIM+F+G4      2005.278     28  4066.556     4067.991     4208.153
118  TIMe          2015.681     24  4079.362     4080.418     4200.731
119  TIMe+I        2015.686     25  4081.371     4082.517     4207.797
120  TIMe+G4       2015.686     25  4081.372     4082.517     4207.798
131  TPM3u+F       2005.377     26  4062.753     4063.991     4194.236
132  TPM3u+F+I     2005.377     27  4064.753     4066.088     4201.293
133  TPM3u+F+G4    2005.377     27  4064.754     4066.088     4201.294
144  TPM3+F        2005.377     26  4062.753     4063.991     4194.236
145  TPM3+F+I      2005.377     27  4064.754     4066.088     4201.294
146  TPM3+F+G4     2005.377     27  4064.754     4066.088     4201.294
157  TPM2u+F       2005.356     26  4062.712     4063.950     4194.195
158  TPM2u+F+I     2005.356     27  4064.712     4066.047     4201.252
159  TPM2u+F+G4    2005.356     27  4064.713     4066.047     4201.253
170  TPM2+F        2005.356     26  4062.712     4063.950     4194.195
171  TPM2+F+I      2005.356     27  4064.713     4066.047     4201.253
172  TPM2+F+G4     2005.356     27  4064.713     4066.047     4201.253
183  K3Pu+F        2005.388     26  4062.775     4064.014     4194.258
184  K3Pu+F+I      2005.388     27  4064.776     4066.110     4201.316
185  K3Pu+F+G4     2005.388     27  4064.776     4066.111     4201.316
196  K3P           2015.694     23  4077.388     4078.359     4193.699
197  K3P+I         2015.692     24  4079.385     4080.441     4200.754
198  K3P+G4        2015.693     24  4079.385     4080.441     4200.754
209  TN+F          2005.296     26  4062.593     4063.831     4194.076
210  TN+F+I        2005.296     27  4064.592     4065.927     4201.132
211  TN+F+G4       2005.296     27  4064.593     4065.927     4201.133
222  TNe           2015.699     23  4077.398     4078.369     4193.710
223  TNe+I         2015.699     24  4079.398     4080.455     4200.767
224  TNe+G4        2015.699     24  4079.399     4080.455     4200.767
235  HKY+F         2005.407     25  4060.815     4061.960     4187.241
236  HKY+F+I       2005.407     26  4062.815     4064.053     4194.298
237  HKY+F+G4      2005.407     26  4062.815     4064.053     4194.298
248  K2P           2015.710     22  4075.420     4076.309     4186.674
249  K2P+I         2015.710     23  4077.420     4078.391     4193.731
250  K2P+G4        2015.710     23  4077.420     4078.391     4193.732
261  F81+F         2010.340     24  4068.680     4069.737     4190.049
262  F81+F+I       2010.340     25  4070.680     4071.826     4197.106
263  F81+F+G4      2010.340     25  4070.681     4071.826     4197.107
274  JC            2020.902     21  4083.804     4084.615     4190.002
275  JC+I          2020.902     22  4085.804     4086.693     4197.059
276  JC+G4         2020.902     22  4085.805     4086.694     4197.059
Akaike Information Criterion:           HKY+F
Corrected Akaike Information Criterion: HKY+F
Bayesian Information Criterion:         K2P
Best-fit model: K2P chosen according to BIC

All model information printed to 67503at7898.fltrd_aligned.fas.model.gz
CPU time for ModelFinder: 0.124 seconds (0h:0m:0s)
Wall-clock time for ModelFinder: 0.133 seconds (0h:0m:0s)
Generating 1000 samples for ultrafast bootstrap (seed: 87421)...

NOTE: 0 MB RAM (0 GB) is required!
Estimate model parameters (epsilon = 0.100)
1. Initial log-likelihood: -2015.710
Optimal log-likelihood: -2015.710
Rate parameters:  A-C: 1.00000  A-G: 2.29230  A-T: 1.00000  C-G: 1.00000  C-T: 2.29230  G-T: 1.00000
Base frequencies:  A: 0.250  C: 0.250  G: 0.250  T: 0.250
Parameters optimization took 1 rounds (0.000 sec)
Computing ML distances based on estimated model parameters...
Computing ML distances took 0.000529 sec (of wall-clock time) 0.000496 sec(of CPU time)
Computing RapidNJ tree took 0.000040 sec (of wall-clock time) 0.000038 sec (of CPU time)
Log-likelihood of RapidNJ tree: -2031.043
--------------------------------------------------------------------
|             INITIALIZING CANDIDATE TREE SET                      |
--------------------------------------------------------------------
Generating 98 parsimony trees... 0.022 second
Computing log-likelihood of 98 initial trees ... 0.023 seconds
Current best score: -2015.709

Do NNI search on 20 best initial trees
Estimate model parameters (epsilon = 0.100)
BETTER TREE FOUND at iteration 1: -2015.709
BETTER TREE FOUND at iteration 4: -2015.709
BETTER TREE FOUND at iteration 5: -2015.709
UPDATE BEST LOG-LIKELIHOOD: -2015.709
Iteration 10 / LogL: -2015.709 / Time: 0h:0m:0s
BETTER TREE FOUND at iteration 11: -2015.709
BETTER TREE FOUND at iteration 12: -2015.709
Iteration 20 / LogL: -2015.709 / Time: 0h:0m:0s
Finish initializing candidate tree set (14)
Current best tree score: -2015.709 / CPU time: 0.111
Number of iterations: 20
--------------------------------------------------------------------
|               OPTIMIZING CANDIDATE TREE SET                      |
--------------------------------------------------------------------
Iteration 30 / LogL: -2015.709 / Time: 0h:0m:0s (0h:0m:0s left)
Iteration 40 / LogL: -2015.709 / Time: 0h:0m:0s (0h:0m:0s left)
Iteration 50 / LogL: -2015.709 / Time: 0h:0m:0s (0h:0m:0s left)
Log-likelihood cutoff on original alignment: -2029.117
UPDATE BEST LOG-LIKELIHOOD: -2015.709
Iteration 60 / LogL: -2015.709 / Time: 0h:0m:0s (0h:0m:0s left)
Iteration 70 / LogL: -2015.709 / Time: 0h:0m:0s (0h:0m:0s left)
Iteration 80 / LogL: -2015.717 / Time: 0h:0m:0s (0h:0m:0s left)
Iteration 90 / LogL: -2015.717 / Time: 0h:0m:0s (0h:0m:0s left)
Iteration 100 / LogL: -2015.709 / Time: 0h:0m:0s (0h:0m:0s left)
Log-likelihood cutoff on original alignment: -2029.202
NOTE: Bootstrap correlation coefficient of split occurrence frequencies: 0.911
NOTE: UFBoot does not converge, continue at least 100 more iterations
Iteration 110 / LogL: -2015.710 / Time: 0h:0m:0s (0h:0m:0s left)
Iteration 120 / LogL: -2015.710 / Time: 0h:0m:0s (0h:0m:0s left)
Iteration 130 / LogL: -2015.709 / Time: 0h:0m:0s (0h:0m:0s left)
Iteration 140 / LogL: -2015.716 / Time: 0h:0m:0s (0h:0m:0s left)
Iteration 150 / LogL: -2015.717 / Time: 0h:0m:0s (0h:0m:0s left)
Log-likelihood cutoff on original alignment: -2029.202
Iteration 160 / LogL: -2015.711 / Time: 0h:0m:0s (0h:0m:0s left)
Iteration 170 / LogL: -2015.712 / Time: 0h:0m:0s (0h:0m:0s left)
Iteration 180 / LogL: -2015.709 / Time: 0h:0m:1s (0h:0m:0s left)
Iteration 190 / LogL: -2015.709 / Time: 0h:0m:1s (0h:0m:0s left)
Iteration 200 / LogL: -2015.709 / Time: 0h:0m:1s (0h:0m:0s left)
Log-likelihood cutoff on original alignment: -2029.155
NOTE: Bootstrap correlation coefficient of split occurrence frequencies: 0.930
NOTE: UFBoot does not converge, continue at least 100 more iterations
Iteration 210 / LogL: -2015.709 / Time: 0h:0m:1s (0h:0m:0s left)
Iteration 220 / LogL: -2015.710 / Time: 0h:0m:1s (0h:0m:0s left)
Iteration 230 / LogL: -2015.709 / Time: 0h:0m:1s (0h:0m:0s left)
Iteration 240 / LogL: -2015.710 / Time: 0h:0m:1s (0h:0m:0s left)
Iteration 250 / LogL: -2015.711 / Time: 0h:0m:1s (0h:0m:0s left)
Log-likelihood cutoff on original alignment: -2029.155
Iteration 260 / LogL: -2015.709 / Time: 0h:0m:1s (0h:0m:0s left)
Iteration 270 / LogL: -2015.710 / Time: 0h:0m:1s (0h:0m:0s left)
Iteration 280 / LogL: -2015.709 / Time: 0h:0m:1s (0h:0m:0s left)
Iteration 290 / LogL: -2066.742 / Time: 0h:0m:1s (0h:0m:0s left)
Iteration 300 / LogL: -2015.709 / Time: 0h:0m:1s (0h:0m:0s left)
Log-likelihood cutoff on original alignment: -2029.155
NOTE: Bootstrap correlation coefficient of split occurrence frequencies: 0.974
NOTE: UFBoot does not converge, continue at least 100 more iterations
Iteration 310 / LogL: -2015.709 / Time: 0h:0m:1s (0h:0m:0s left)
Iteration 320 / LogL: -2015.709 / Time: 0h:0m:1s (0h:0m:0s left)
Iteration 330 / LogL: -2015.713 / Time: 0h:0m:1s (0h:0m:0s left)
UPDATE BEST LOG-LIKELIHOOD: -2015.709
Iteration 340 / LogL: -2015.709 / Time: 0h:0m:1s (0h:0m:0s left)
Iteration 350 / LogL: -2015.711 / Time: 0h:0m:1s (0h:0m:0s left)
Log-likelihood cutoff on original alignment: -2029.155
Iteration 360 / LogL: -2015.720 / Time: 0h:0m:2s (0h:0m:0s left)
Iteration 370 / LogL: -2015.710 / Time: 0h:0m:2s (0h:0m:0s left)
Iteration 380 / LogL: -2015.715 / Time: 0h:0m:2s (0h:0m:0s left)
Iteration 390 / LogL: -2015.712 / Time: 0h:0m:2s (0h:0m:0s left)
Iteration 400 / LogL: -2080.831 / Time: 0h:0m:2s (0h:0m:0s left)
Log-likelihood cutoff on original alignment: -2029.155
NOTE: Bootstrap correlation coefficient of split occurrence frequencies: 0.982
NOTE: UFBoot does not converge, continue at least 100 more iterations
Iteration 410 / LogL: -2015.715 / Time: 0h:0m:2s (0h:0m:0s left)
Iteration 420 / LogL: -2015.709 / Time: 0h:0m:2s (0h:0m:0s left)
Iteration 430 / LogL: -2015.709 / Time: 0h:0m:2s (0h:0m:0s left)
Iteration 440 / LogL: -2015.710 / Time: 0h:0m:2s (0h:0m:0s left)
Iteration 450 / LogL: -2015.712 / Time: 0h:0m:2s (0h:0m:0s left)
Log-likelihood cutoff on original alignment: -2029.202
Iteration 460 / LogL: -2015.711 / Time: 0h:0m:2s (0h:0m:0s left)
Iteration 470 / LogL: -2015.709 / Time: 0h:0m:2s (0h:0m:0s left)
Iteration 480 / LogL: -2015.709 / Time: 0h:0m:2s (0h:0m:0s left)
Iteration 490 / LogL: -2015.712 / Time: 0h:0m:2s (0h:0m:0s left)
Iteration 500 / LogL: -2015.716 / Time: 0h:0m:2s (0h:0m:0s left)
Log-likelihood cutoff on original alignment: -2029.202
NOTE: Bootstrap correlation coefficient of split occurrence frequencies: 0.982
NOTE: UFBoot does not converge, continue at least 100 more iterations
Iteration 510 / LogL: -2015.709 / Time: 0h:0m:2s (0h:0m:0s left)
UPDATE BEST LOG-LIKELIHOOD: -2015.709
UPDATE BEST LOG-LIKELIHOOD: -2015.709
Iteration 520 / LogL: -2015.709 / Time: 0h:0m:2s (0h:0m:0s left)
Iteration 530 / LogL: -2015.709 / Time: 0h:0m:3s (0h:0m:0s left)
Iteration 540 / LogL: -2015.710 / Time: 0h:0m:3s (0h:0m:0s left)
Iteration 550 / LogL: -2015.709 / Time: 0h:0m:3s (0h:0m:0s left)
Log-likelihood cutoff on original alignment: -2029.155
Iteration 560 / LogL: -2015.713 / Time: 0h:0m:3s (0h:0m:0s left)
Iteration 570 / LogL: -2015.712 / Time: 0h:0m:3s (0h:0m:0s left)
Iteration 580 / LogL: -2015.713 / Time: 0h:0m:3s (0h:0m:0s left)
Iteration 590 / LogL: -2015.709 / Time: 0h:0m:3s (0h:0m:0s left)
UPDATE BEST LOG-LIKELIHOOD: -2015.709
Iteration 600 / LogL: -2015.710 / Time: 0h:0m:3s (0h:0m:0s left)
Log-likelihood cutoff on original alignment: -2029.202
NOTE: Bootstrap correlation coefficient of split occurrence frequencies: 0.967
NOTE: UFBoot does not converge, continue at least 100 more iterations
Iteration 610 / LogL: -2015.711 / Time: 0h:0m:3s (0h:0m:0s left)
UPDATE BEST LOG-LIKELIHOOD: -2015.709
Iteration 620 / LogL: -2015.710 / Time: 0h:0m:3s (0h:0m:0s left)
UPDATE BEST LOG-LIKELIHOOD: -2015.709
Iteration 630 / LogL: -2015.709 / Time: 0h:0m:3s (0h:0m:0s left)
Iteration 640 / LogL: -2015.712 / Time: 0h:0m:3s (0h:0m:0s left)
Iteration 650 / LogL: -2015.710 / Time: 0h:0m:3s (0h:0m:0s left)
Log-likelihood cutoff on original alignment: -2029.202
Iteration 660 / LogL: -2015.716 / Time: 0h:0m:3s (0h:0m:0s left)
Iteration 670 / LogL: -2015.714 / Time: 0h:0m:3s (0h:0m:0s left)
Iteration 680 / LogL: -2015.709 / Time: 0h:0m:3s (0h:0m:0s left)
Iteration 690 / LogL: -2015.713 / Time: 0h:0m:3s (0h:0m:0s left)
Iteration 700 / LogL: -2015.712 / Time: 0h:0m:3s (0h:0m:0s left)
Log-likelihood cutoff on original alignment: -2029.202
NOTE: Bootstrap correlation coefficient of split occurrence frequencies: 0.981
NOTE: UFBoot does not converge, continue at least 100 more iterations
Iteration 710 / LogL: -2015.709 / Time: 0h:0m:4s (0h:0m:0s left)
Iteration 720 / LogL: -2015.715 / Time: 0h:0m:4s (0h:0m:0s left)
Iteration 730 / LogL: -2015.709 / Time: 0h:0m:4s (0h:0m:0s left)
Iteration 740 / LogL: -2015.711 / Time: 0h:0m:4s (0h:0m:0s left)
Iteration 750 / LogL: -2015.710 / Time: 0h:0m:4s (0h:0m:0s left)
Log-likelihood cutoff on original alignment: -2029.207
Iteration 760 / LogL: -2015.709 / Time: 0h:0m:4s (0h:0m:0s left)
Iteration 770 / LogL: -2015.709 / Time: 0h:0m:4s (0h:0m:0s left)
Iteration 780 / LogL: -2015.713 / Time: 0h:0m:4s (0h:0m:0s left)
Iteration 790 / LogL: -2015.709 / Time: 0h:0m:4s (0h:0m:0s left)
Iteration 800 / LogL: -2015.716 / Time: 0h:0m:4s (0h:0m:0s left)
Log-likelihood cutoff on original alignment: -2029.155
NOTE: Bootstrap correlation coefficient of split occurrence frequencies: 0.975
NOTE: UFBoot does not converge, continue at least 100 more iterations
Iteration 810 / LogL: -2015.712 / Time: 0h:0m:4s (0h:0m:0s left)
Iteration 820 / LogL: -2015.709 / Time: 0h:0m:4s (0h:0m:0s left)
Iteration 830 / LogL: -2015.712 / Time: 0h:0m:4s (0h:0m:0s left)
Iteration 840 / LogL: -2015.709 / Time: 0h:0m:4s (0h:0m:0s left)
Iteration 850 / LogL: -2015.709 / Time: 0h:0m:4s (0h:0m:0s left)
Log-likelihood cutoff on original alignment: -2029.155
Iteration 860 / LogL: -2015.711 / Time: 0h:0m:4s (0h:0m:0s left)
Iteration 870 / LogL: -2015.709 / Time: 0h:0m:4s (0h:0m:0s left)
Iteration 880 / LogL: -2015.709 / Time: 0h:0m:4s (0h:0m:0s left)
Iteration 890 / LogL: -2015.709 / Time: 0h:0m:5s (0h:0m:0s left)
Iteration 900 / LogL: -2015.715 / Time: 0h:0m:5s (0h:0m:0s left)
Log-likelihood cutoff on original alignment: -2029.155
NOTE: Bootstrap correlation coefficient of split occurrence frequencies: 0.985
NOTE: UFBoot does not converge, continue at least 100 more iterations
Iteration 910 / LogL: -2015.714 / Time: 0h:0m:5s (0h:0m:0s left)
Iteration 920 / LogL: -2015.710 / Time: 0h:0m:5s (0h:0m:0s left)
Iteration 930 / LogL: -2015.709 / Time: 0h:0m:5s (0h:0m:0s left)
Iteration 940 / LogL: -2015.709 / Time: 0h:0m:5s (0h:0m:0s left)
Iteration 950 / LogL: -2015.709 / Time: 0h:0m:5s (0h:0m:0s left)
Log-likelihood cutoff on original alignment: -2029.155
Iteration 960 / LogL: -2015.711 / Time: 0h:0m:5s (0h:0m:0s left)
Iteration 970 / LogL: -2015.712 / Time: 0h:0m:5s (0h:0m:0s left)
Iteration 980 / LogL: -2015.709 / Time: 0h:0m:5s (0h:0m:0s left)
Iteration 990 / LogL: -2015.711 / Time: 0h:0m:5s (0h:0m:0s left)
Iteration 1000 / LogL: -2015.711 / Time: 0h:0m:5s (0h:0m:0s left)
Log-likelihood cutoff on original alignment: -2029.206
NOTE: Bootstrap correlation coefficient of split occurrence frequencies: 0.986
NOTE: UFBoot does not converge, continue at least 100 more iterations
WARNING: bootstrap analysis did not converge. You should rerun with higher number of iterations (-nm option)
TREE SEARCH COMPLETED AFTER 1001 ITERATIONS / Time: 0h:0m:5s

--------------------------------------------------------------------
|                    FINALIZING TREE SEARCH                        |
--------------------------------------------------------------------
Performs final model parameters optimization
Estimate model parameters (epsilon = 0.010)
1. Initial log-likelihood: -2015.709
Optimal log-likelihood: -2015.709
Rate parameters:  A-C: 1.00000  A-G: 2.29230  A-T: 1.00000  C-G: 1.00000  C-T: 2.29230  G-T: 1.00000
Base frequencies:  A: 0.250  C: 0.250  G: 0.250  T: 0.250
Parameters optimization took 1 rounds (0.000 sec)
BEST SCORE FOUND : -2015.709
Creating bootstrap support values...
Split supports printed to NEXUS file 67503at7898.fltrd_aligned.fas.splits.nex
Total tree length: 0.056

Total number of iterations: 1001
CPU time used for tree search: 5.654 sec (0h:0m:5s)
Wall-clock time used for tree search: 5.788 sec (0h:0m:5s)
Total CPU time used: 5.692 sec (0h:0m:5s)
Total wall-clock time used: 5.834 sec (0h:0m:5s)

Computing bootstrap consensus tree...
Reading input file 67503at7898.fltrd_aligned.fas.splits.nex...
12 taxa and 80 splits.
Consensus tree written to 67503at7898.fltrd_aligned.fas.contree
Reading input trees file 67503at7898.fltrd_aligned.fas.contree
Log-likelihood of consensus tree: -2015.731

Analysis results written to: 
  IQ-TREE report:                67503at7898.fltrd_aligned.fas.iqtree
  Maximum-likelihood tree:       67503at7898.fltrd_aligned.fas.treefile
  Likelihood distances:          67503at7898.fltrd_aligned.fas.mldist

Ultrafast bootstrap approximation results written to:
  Split support values:          67503at7898.fltrd_aligned.fas.splits.nex
  Consensus tree:                67503at7898.fltrd_aligned.fas.contree
  Screen log file:               67503at7898.fltrd_aligned.fas.log

Date and Time: Tue Dec  2 14:49:59 2025
