IQ-TREE multicore version 2.1.3 COVID-edition for Linux 64-bit built Apr 21 2021
Developed by Bui Quang Minh, James Barbetti, Nguyen Lam Tung,
Olga Chernomor, Heiko Schmidt, Dominik Schrempf, Michael Woodhams.

Host:    gombessa.rcs.alaska.edu (AVX2, FMA3, 503 GB RAM)
Command: /export/scratch/tsvanorden/Char_Phylogenetics/src/iqtree-2.1.3-Linux/bin/iqtree2 -s 103734at7898.fltrd_aligned.fas -m MFP -bb 1000 -T 1
Seed:    608646 (Using SPRNG - Scalable Parallel Random Number Generator)
Time:    Tue Dec  2 14:49:15 2025
Kernel:  AVX+FMA - 1 threads (1 CPU cores detected)

Reading alignment file 103734at7898.fltrd_aligned.fas ... Fasta format detected
Alignment most likely contains DNA/RNA sequences
Alignment has 20 sequences with 645 columns, 17 distinct patterns
5 parsimony-informative, 14 singleton sites, 626 constant sites
                                Gap/Ambiguity  Composition  p-value
   1  251140_Ward_Creek                 0.00%    passed     99.99%
   2  260512_Pybus_Point                0.00%    passed     99.99%
   3  261935_Kenai_River                0.00%    passed     99.99%
   4  353213_Cropley_Lake               0.00%    passed     99.99%
   5  353219_Peterson_Creek             0.00%    passed     99.99%
   6  353220_Fish_Creek                 0.00%    passed     99.99%
   7  353246_Cottonwood_Creek           0.00%    passed     99.99%
   8  353379_Skagit_River               0.00%    passed     99.91%
   9  353381_Dungeness_River            0.00%    passed     99.99%
  10  353401_Peace_River                0.00%    passed     99.91%
  11  353407_Noatok                     0.00%    passed     99.99%
  12  353410_Horizon_Lake               0.00%    passed     99.99%
  13  92319_Little_Lost                 0.00%    passed     99.91%
  14  94280_St_Joe                      0.00%    passed     99.91%
  15  GCA016432855_Lake_Trout           0.00%    passed     99.99%
  16  GCA036784925_Maine_S_alpinus      0.00%    passed     99.99%
  17  GCA045679555_Iceland_A_alpinus    0.00%    passed     99.99%
  18  GCF013265735_Rainbow_Trout        0.00%    passed     99.85%
  19  GCF029448725_Brook_Trout          0.00%    passed     99.99%
  20  Methow_River_99895                0.00%    passed     99.91%
****  TOTAL                             0.00%  0 sequences failed composition chi2 test (p-value<5%; df=3)
NOTE: 260512_Pybus_Point is identical to 251140_Ward_Creek but kept for subsequent analysis
NOTE: 353401_Peace_River is identical to 353379_Skagit_River but kept for subsequent analysis
NOTE: 12 identical sequences (see below) will be ignored for subsequent analysis
NOTE: 261935_Kenai_River (identical to 251140_Ward_Creek) is ignored but added at the end
NOTE: 353213_Cropley_Lake (identical to 251140_Ward_Creek) is ignored but added at the end
NOTE: 353219_Peterson_Creek (identical to 251140_Ward_Creek) is ignored but added at the end
NOTE: 353220_Fish_Creek (identical to 251140_Ward_Creek) is ignored but added at the end
NOTE: 353246_Cottonwood_Creek (identical to 251140_Ward_Creek) is ignored but added at the end
NOTE: 353381_Dungeness_River (identical to 251140_Ward_Creek) is ignored but added at the end
NOTE: 353407_Noatok (identical to 251140_Ward_Creek) is ignored but added at the end
NOTE: 353410_Horizon_Lake (identical to 251140_Ward_Creek) is ignored but added at the end
NOTE: GCA036784925_Maine_S_alpinus (identical to 251140_Ward_Creek) is ignored but added at the end
NOTE: 92319_Little_Lost (identical to 353379_Skagit_River) is ignored but added at the end
NOTE: 94280_St_Joe (identical to 353379_Skagit_River) is ignored but added at the end
NOTE: Methow_River_99895 (identical to 353379_Skagit_River) is ignored but added at the end
Alignment was printed to 103734at7898.fltrd_aligned.fas.uniqueseq.phy

For your convenience alignment with unique sequences printed to 103734at7898.fltrd_aligned.fas.uniqueseq.phy


Create initial parsimony tree by phylogenetic likelihood library (PLL)... 0.000 seconds
Perform fast likelihood tree search using GTR+I+G model...
Estimate model parameters (epsilon = 5.000)
Perform nearest neighbor interchange...
Estimate model parameters (epsilon = 1.000)
1. Initial log-likelihood: -1012.928
Optimal log-likelihood: -1012.924
Rate parameters:  A-C: 0.62154  A-G: 1.26716  A-T: 0.44103  C-G: 0.16678  C-T: 4.50697  G-T: 1.00000
Base frequencies:  A: 0.247  C: 0.300  G: 0.278  T: 0.176
Proportion of invariable sites: 0.484
Gamma shape alpha: 0.166
Parameters optimization took 1 rounds (0.001 sec)
Time for fast ML tree search: 0.003 seconds

NOTE: ModelFinder requires 0 MB RAM!
ModelFinder will test up to 286 DNA models (sample size: 645) ...
 No. Model         -LnL         df  AIC          AICc         BIC
  1  GTR+F         1014.067     21  2070.135     2071.618     2163.989
  2  GTR+F+I       1012.933     22  2069.865     2071.492     2168.189
  3  GTR+F+G4      1013.068     22  2070.135     2071.762     2168.459
  4  GTR+F+I+G4    1012.924     23  2071.847     2073.625     2174.640
  5  GTR+F+R2      1013.733     23  2073.466     2075.244     2176.259
  6  GTR+F+R3      1013.602     25  2077.204     2079.304     2188.935
 14  SYM           1025.158     18  2086.316     2087.409     2166.763
 15  SYM+I         1024.264     19  2086.529     2087.745     2171.445
 16  SYM+G4        1024.302     19  2086.605     2087.821     2171.521
 27  TVM+F         1016.325     20  2072.650     2073.996     2162.035
 28  TVM+F+I       1014.930     21  2071.860     2073.343     2165.714
 29  TVM+F+G4      1015.232     21  2072.464     2073.947     2166.318
 40  TVMe          1026.809     17  2087.618     2088.594     2163.595
 41  TVMe+I        1025.722     18  2087.444     2088.537     2167.891
 42  TVMe+G4       1025.840     18  2087.681     2088.773     2168.127
 53  TIM3+F        1014.447     19  2066.893     2068.109     2151.809
 54  TIM3+F+I      1013.504     20  2067.008     2068.354     2156.393
 55  TIM3+F+G4     1013.552     20  2067.104     2068.450     2156.489
 66  TIM3e         1025.519     16  2083.038     2083.905     2154.546
 67  TIM3e+I       1024.750     17  2083.499     2084.475     2159.477
 68  TIM3e+G4      1024.757     17  2083.514     2084.490     2159.491
 79  TIM2+F        1014.648     19  2067.295     2068.511     2152.211
 80  TIM2+F+I      1013.750     20  2067.500     2068.846     2156.885
 81  TIM2+F+G4     1013.784     20  2067.568     2068.915     2156.953
 92  TIM2e         1025.562     16  2083.125     2083.991     2154.633
 93  TIM2e+I       1024.799     17  2083.597     2084.573     2159.575
 94  TIM2e+G4      1024.807     17  2083.613     2084.589     2159.591
105  TIM+F         1014.256     19  2066.513     2067.729     2151.428
106  TIM+F+I       1013.157     20  2066.314     2067.660     2155.699
107  TIM+F+G4      1013.275     20  2066.550     2067.896     2155.935
118  TIMe          1025.200     16  2082.399     2083.265     2153.907
119  TIMe+I        1024.316     17  2082.631     2083.607     2158.608
120  TIMe+G4       1024.351     17  2082.701     2083.677     2158.679
131  TPM3u+F       1016.703     18  2069.405     2070.498     2149.852
132  TPM3u+F+I     1015.584     19  2069.167     2070.383     2154.083
133  TPM3u+F+G4    1015.710     19  2069.419     2070.635     2154.335
144  TPM3+F        1016.703     18  2069.405     2070.498     2149.852
145  TPM3+F+I      1015.583     19  2069.167     2070.383     2154.083
146  TPM3+F+G4     1015.709     19  2069.418     2070.634     2154.334
157  TPM2u+F       1016.903     18  2069.805     2070.898     2150.252
158  TPM2u+F+I     1015.819     19  2069.638     2070.854     2154.553
159  TPM2u+F+G4    1015.931     19  2069.861     2071.077     2154.777
170  TPM2+F        1016.903     18  2069.805     2070.898     2150.252
171  TPM2+F+I      1015.819     19  2069.638     2070.854     2154.553
172  TPM2+F+G4     1015.931     19  2069.861     2071.077     2154.777
183  K3Pu+F        1016.512     18  2069.024     2070.117     2149.471
184  K3Pu+F+I      1015.140     19  2068.281     2069.497     2153.196
185  K3Pu+F+G4     1015.429     19  2068.858     2070.074     2153.774
196  K3P           1026.849     15  2083.698     2084.462     2150.737
197  K3P+I         1025.781     16  2083.562     2084.428     2155.070
198  K3P+G4        1025.891     16  2083.782     2084.648     2155.290
209  TN+F          1014.659     18  2065.318     2066.410     2145.764
210  TN+F+I        1013.772     19  2065.543     2066.759     2150.459
211  TN+F+G4       1013.802     19  2065.605     2066.821     2150.520
222  TNe           1025.566     15  2081.132     2081.895     2148.171
223  TNe+I         1024.806     16  2081.613     2082.479     2153.121
224  TNe+G4        1024.812     16  2081.624     2082.491     2153.132
235  HKY+F         1016.914     17  2067.827     2068.803     2143.805
236  HKY+F+I       1015.843     18  2067.685     2068.778     2148.132
237  HKY+F+G4      1015.947     18  2067.893     2068.986     2148.340
248  K2P           1027.216     14  2082.431     2083.098     2145.001
249  K2P+I         1026.306     15  2082.612     2083.375     2149.651
250  K2P+G4        1026.348     15  2082.696     2083.459     2149.735
261  F81+F         1022.697     16  2077.393     2078.259     2148.901
262  F81+F+I       1021.594     17  2077.189     2078.165     2153.166
263  F81+F+G4      1021.715     17  2077.431     2078.407     2153.408
274  JC            1032.788     13  2091.576     2092.153     2149.676
275  JC+I          1031.759     14  2091.518     2092.184     2154.087
276  JC+G4         1031.847     14  2091.693     2092.360     2154.263
Akaike Information Criterion:           TN+F
Corrected Akaike Information Criterion: TN+F
Bayesian Information Criterion:         HKY+F
Best-fit model: HKY+F chosen according to BIC

All model information printed to 103734at7898.fltrd_aligned.fas.model.gz
CPU time for ModelFinder: 0.052 seconds (0h:0m:0s)
Wall-clock time for ModelFinder: 0.058 seconds (0h:0m:0s)
Generating 1000 samples for ultrafast bootstrap (seed: 608646)...

NOTE: 0 MB RAM (0 GB) is required!
Estimate model parameters (epsilon = 0.100)
1. Initial log-likelihood: -1016.914
Optimal log-likelihood: -1016.914
Rate parameters:  A-C: 1.00000  A-G: 4.79960  A-T: 1.00000  C-G: 1.00000  C-T: 4.79960  G-T: 1.00000
Base frequencies:  A: 0.247  C: 0.300  G: 0.278  T: 0.176
Parameters optimization took 1 rounds (0.000 sec)
Computing ML distances based on estimated model parameters...
Computing ML distances took 0.001100 sec (of wall-clock time) 0.000157 sec(of CPU time)
Computing RapidNJ tree took 0.000021 sec (of wall-clock time) 0.000000 sec (of CPU time)
Log-likelihood of RapidNJ tree: -1016.915
--------------------------------------------------------------------
|             INITIALIZING CANDIDATE TREE SET                      |
--------------------------------------------------------------------
Generating 99 parsimony trees... 0.012 second
Computing log-likelihood of 63 initial trees ... 0.004 seconds
Current best score: -1016.914

Do NNI search on 20 best initial trees
Estimate model parameters (epsilon = 0.100)
BETTER TREE FOUND at iteration 1: -1016.914
Iteration 10 / LogL: -1016.915 / Time: 0h:0m:0s
Iteration 20 / LogL: -1016.916 / Time: 0h:0m:0s
Finish initializing candidate tree set (5)
Current best tree score: -1016.914 / CPU time: 0.055
Number of iterations: 20
--------------------------------------------------------------------
|               OPTIMIZING CANDIDATE TREE SET                      |
--------------------------------------------------------------------
Iteration 30 / LogL: -1016.916 / Time: 0h:0m:0s (0h:0m:0s left)
Iteration 40 / LogL: -1016.916 / Time: 0h:0m:0s (0h:0m:0s left)
UPDATE BEST LOG-LIKELIHOOD: -1016.914
Iteration 50 / LogL: -1016.915 / Time: 0h:0m:0s (0h:0m:0s left)
Log-likelihood cutoff on original alignment: -1049.489
UPDATE BEST LOG-LIKELIHOOD: -1016.914
Iteration 60 / LogL: -1020.652 / Time: 0h:0m:0s (0h:0m:0s left)
Iteration 70 / LogL: -1020.653 / Time: 0h:0m:0s (0h:0m:0s left)
Iteration 80 / LogL: -1016.916 / Time: 0h:0m:0s (0h:0m:0s left)
Iteration 90 / LogL: -1016.917 / Time: 0h:0m:0s (0h:0m:0s left)
UPDATE BEST LOG-LIKELIHOOD: -1016.914
Iteration 100 / LogL: -1016.915 / Time: 0h:0m:0s (0h:0m:0s left)
Log-likelihood cutoff on original alignment: -1048.889
NOTE: Bootstrap correlation coefficient of split occurrence frequencies: 0.995
TREE SEARCH COMPLETED AFTER 102 ITERATIONS / Time: 0h:0m:0s

--------------------------------------------------------------------
|                    FINALIZING TREE SEARCH                        |
--------------------------------------------------------------------
Performs final model parameters optimization
Estimate model parameters (epsilon = 0.010)
1. Initial log-likelihood: -1016.914
Optimal log-likelihood: -1016.914
Rate parameters:  A-C: 1.00000  A-G: 4.80998  A-T: 1.00000  C-G: 1.00000  C-T: 4.80998  G-T: 1.00000
Base frequencies:  A: 0.247  C: 0.300  G: 0.278  T: 0.176
Parameters optimization took 1 rounds (0.000 sec)
BEST SCORE FOUND : -1016.914
Creating bootstrap support values...
Split supports printed to NEXUS file 103734at7898.fltrd_aligned.fas.splits.nex
Total tree length: 0.031

Total number of iterations: 102
CPU time used for tree search: 0.319 sec (0h:0m:0s)
Wall-clock time used for tree search: 0.402 sec (0h:0m:0s)
Total CPU time used: 0.340 sec (0h:0m:0s)
Total wall-clock time used: 0.431 sec (0h:0m:0s)

Computing bootstrap consensus tree...
Reading input file 103734at7898.fltrd_aligned.fas.splits.nex...
8 taxa and 59 splits.
Consensus tree written to 103734at7898.fltrd_aligned.fas.contree
Reading input trees file 103734at7898.fltrd_aligned.fas.contree
Log-likelihood of consensus tree: -1016.919

Analysis results written to: 
  IQ-TREE report:                103734at7898.fltrd_aligned.fas.iqtree
  Maximum-likelihood tree:       103734at7898.fltrd_aligned.fas.treefile
  Likelihood distances:          103734at7898.fltrd_aligned.fas.mldist

Ultrafast bootstrap approximation results written to:
  Split support values:          103734at7898.fltrd_aligned.fas.splits.nex
  Consensus tree:                103734at7898.fltrd_aligned.fas.contree
  Screen log file:               103734at7898.fltrd_aligned.fas.log

Date and Time: Tue Dec  2 14:49:16 2025
