IQ-TREE multicore version 2.1.3 COVID-edition for Linux 64-bit built Apr 21 2021
Developed by Bui Quang Minh, James Barbetti, Nguyen Lam Tung,
Olga Chernomor, Heiko Schmidt, Dominik Schrempf, Michael Woodhams.

Host:    gombessa.rcs.alaska.edu (AVX2, FMA3, 503 GB RAM)
Command: /export/scratch/tsvanorden/Char_Phylogenetics/src/iqtree-2.1.3-Linux/bin/iqtree2 -s 31581at7898.fltrd_aligned.fas -m MFP -bb 1000 -T 1
Seed:    172769 (Using SPRNG - Scalable Parallel Random Number Generator)
Time:    Tue Dec  2 14:49:19 2025
Kernel:  AVX+FMA - 1 threads (1 CPU cores detected)

Reading alignment file 31581at7898.fltrd_aligned.fas ... Fasta format detected
Alignment most likely contains DNA/RNA sequences
WARNING: 6 sites contain only gaps or ambiguous characters.
Alignment has 20 sequences with 2157 columns, 119 distinct patterns
43 parsimony-informative, 109 singleton sites, 2005 constant sites
                                Gap/Ambiguity  Composition  p-value
   1  251140_Ward_Creek                 4.87%    passed     99.94%
   2  260512_Pybus_Point                4.87%    passed     99.94%
   3  261935_Kenai_River                4.03%    passed     99.74%
   4  353213_Cropley_Lake               4.87%    passed     99.94%
   5  353219_Peterson_Creek             4.87%    passed     99.94%
   6  353220_Fish_Creek                 4.87%    passed     99.94%
   7  353246_Cottonwood_Creek           3.20%    passed     99.59%
   8  353379_Skagit_River               4.87%    passed     99.35%
   9  353381_Dungeness_River            7.83%    passed     99.91%
  10  353401_Peace_River                4.87%    passed     98.91%
  11  353407_Noatok                     3.20%    passed     99.51%
  12  353410_Horizon_Lake               4.87%    passed     99.84%
  13  92319_Little_Lost                 8.62%    passed     98.76%
  14  94280_St_Joe                      4.87%    passed     99.35%
  15  GCA016432855_Lake_Trout           4.87%    passed     99.93%
  16  GCA036784925_Maine_S_alpinus      4.87%    passed     99.94%
  17  GCA045679555_Iceland_A_alpinus    4.87%    passed     99.97%
  18  GCF013265735_Rainbow_Trout        4.17%    passed     63.06%
  19  GCF029448725_Brook_Trout          3.20%    passed     99.59%
  20  Methow_River_99895                4.87%    passed     98.91%
****  TOTAL                             4.88%  0 sequences failed composition chi2 test (p-value<5%; df=3)
NOTE: 260512_Pybus_Point is identical to 251140_Ward_Creek but kept for subsequent analysis
NOTE: 94280_St_Joe is identical to 353379_Skagit_River but kept for subsequent analysis
NOTE: Methow_River_99895 is identical to 353401_Peace_River but kept for subsequent analysis
NOTE: 4 identical sequences (see below) will be ignored for subsequent analysis
NOTE: 353213_Cropley_Lake (identical to 251140_Ward_Creek) is ignored but added at the end
NOTE: 353219_Peterson_Creek (identical to 251140_Ward_Creek) is ignored but added at the end
NOTE: 353220_Fish_Creek (identical to 251140_Ward_Creek) is ignored but added at the end
NOTE: GCA036784925_Maine_S_alpinus (identical to 251140_Ward_Creek) is ignored but added at the end
Alignment was printed to 31581at7898.fltrd_aligned.fas.uniqueseq.phy

For your convenience alignment with unique sequences printed to 31581at7898.fltrd_aligned.fas.uniqueseq.phy


Create initial parsimony tree by phylogenetic likelihood library (PLL)... 0.000 seconds
Perform fast likelihood tree search using GTR+I+G model...
Estimate model parameters (epsilon = 5.000)
Perform nearest neighbor interchange...
Estimate model parameters (epsilon = 1.000)
1. Initial log-likelihood: -4027.538
Optimal log-likelihood: -4027.538
Rate parameters:  A-C: 1.01552  A-G: 3.01672  A-T: 1.43634  C-G: 0.80665  C-T: 3.01722  G-T: 1.00000
Base frequencies:  A: 0.262  C: 0.266  G: 0.248  T: 0.223
Proportion of invariable sites: 0.464
Gamma shape alpha: 0.563
Parameters optimization took 1 rounds (0.002 sec)
Time for fast ML tree search: 0.015 seconds

NOTE: ModelFinder requires 1 MB RAM!
ModelFinder will test up to 286 DNA models (sample size: 2157) ...
 No. Model         -LnL         df  AIC          AICc         BIC
  1  GTR+F         4039.439     37  8152.878     8154.205     8362.907
  2  GTR+F+I       4027.605     38  8131.211     8132.610     8346.917
  3  GTR+F+G4      4027.599     38  8131.197     8132.597     8346.903
  4  GTR+F+I+G4    4027.538     39  8133.077     8134.551     8354.459
  5  GTR+F+R2      4033.788     39  8145.575     8147.049     8366.958
  6  GTR+F+R3      4028.761     41  8139.523     8141.151     8372.258
 15  SYM+I         4031.338     35  8132.677     8133.865     8331.353
 16  SYM+G4        4031.332     35  8132.664     8133.852     8331.340
 17  SYM+I+G4      4031.272     36  8134.544     8135.800     8338.897
 28  TVM+F+I       4027.612     37  8129.225     8130.552     8339.254
 29  TVM+F+G4      4027.608     37  8129.215     8130.543     8339.245
 30  TVM+F+I+G4    4027.537     38  8131.074     8132.473     8346.780
 41  TVMe+I        4031.368     34  8130.737     8131.858     8323.737
 42  TVMe+G4       4031.362     34  8130.724     8131.846     8323.724
 43  TVMe+I+G4     4031.304     35  8132.608     8133.796     8331.285
 54  TIM3+F+I      4028.331     36  8128.662     8129.919     8333.015
 55  TIM3+F+G4     4028.327     36  8128.653     8129.910     8333.006
 56  TIM3+F+I+G4   4028.267     37  8130.533     8131.860     8340.563
 67  TIM3e+I       4032.219     33  8130.438     8131.495     8317.762
 68  TIM3e+G4      4032.213     33  8130.426     8131.483     8317.749
 69  TIM3e+I+G4    4032.153     34  8132.305     8133.427     8325.305
 80  TIM2+F+I      4028.285     36  8128.569     8129.826     8332.922
 81  TIM2+F+G4     4028.277     36  8128.554     8129.811     8332.907
 82  TIM2+F+I+G4   4028.208     37  8130.417     8131.744     8340.446
 93  TIM2e+I       4031.628     33  8129.257     8130.314     8316.580
 94  TIM2e+G4      4031.620     33  8129.239     8130.296     8316.563
 95  TIM2e+I+G4    4031.551     34  8131.102     8132.224     8324.102
106  TIM+F+I       4028.928     36  8129.855     8131.112     8334.208
107  TIM+F+G4      4028.921     36  8129.843     8131.099     8334.196
108  TIM+F+I+G4    4028.860     37  8131.719     8133.046     8341.749
119  TIMe+I        4032.432     33  8130.864     8131.921     8318.188
120  TIMe+G4       4032.436     33  8130.872     8131.929     8318.195
121  TIMe+I+G4     4032.376     34  8132.752     8133.873     8325.752
132  TPM3u+F+I     4028.332     35  8126.664     8127.852     8325.340
133  TPM3u+F+G4    4028.327     35  8126.654     8127.842     8325.331
134  TPM3u+F+I+G4  4028.265     36  8128.531     8129.787     8332.884
145  TPM3+F+I      4028.332     35  8126.664     8127.852     8325.340
146  TPM3+F+G4     4028.327     35  8126.654     8127.842     8325.331
147  TPM3+F+I+G4   4028.265     36  8128.531     8129.787     8332.884
158  TPM2u+F+I     4028.284     35  8126.568     8127.756     8325.245
159  TPM2u+F+G4    4028.277     35  8126.553     8127.741     8325.230
160  TPM2u+F+I+G4  4028.206     36  8128.413     8129.670     8332.766
171  TPM2+F+I      4028.284     35  8126.568     8127.756     8325.245
172  TPM2+F+G4     4028.277     35  8126.553     8127.741     8325.230
173  TPM2+F+I+G4   4028.206     36  8128.413     8129.670     8332.766
184  K3Pu+F+I      4028.928     35  8127.855     8129.043     8326.532
185  K3Pu+F+G4     4028.921     35  8127.843     8129.031     8326.519
186  K3Pu+F+I+G4   4028.860     36  8129.719     8130.976     8334.072
197  K3P+I         4032.462     32  8128.923     8129.918     8310.571
198  K3P+G4        4032.455     32  8128.910     8129.905     8310.557
199  K3P+I+G4      4032.397     33  8130.793     8131.850     8318.117
210  TN+F+I        4028.975     35  8127.951     8129.139     8326.628
211  TN+F+G4       4028.969     35  8127.937     8129.126     8326.614
212  TN+F+I+G4     4028.903     36  8129.806     8131.063     8334.159
223  TNe+I         4032.474     32  8128.947     8129.942     8310.595
224  TNe+G4        4032.466     32  8128.932     8129.927     8310.580
225  TNe+I+G4      4032.402     33  8130.805     8131.862     8318.129
236  HKY+F+I       4028.975     34  8125.951     8127.073     8318.951
237  HKY+F+G4      4028.969     34  8125.937     8127.059     8318.938
238  HKY+F+I+G4    4028.903     35  8127.806     8128.994     8326.483
249  K2P+I         4032.505     31  8127.011     8127.944     8302.981
250  K2P+G4        4032.498     31  8126.996     8127.930     8302.967
251  K2P+I+G4      4032.436     32  8128.871     8129.866     8310.519
262  F81+F+I       4050.183     33  8166.365     8167.422     8353.689
263  F81+F+G4      4050.176     33  8166.353     8167.410     8353.676
264  F81+F+I+G4    4050.151     34  8168.302     8169.423     8361.302
275  JC+I          4053.565     30  8167.129     8168.004     8337.423
276  JC+G4         4053.558     30  8167.117     8167.992     8337.411
277  JC+I+G4       4053.535     31  8169.071     8170.005     8345.042
Akaike Information Criterion:           HKY+F+G4
Corrected Akaike Information Criterion: HKY+F+G4
Bayesian Information Criterion:         K2P+G4
Best-fit model: K2P+G4 chosen according to BIC

All model information printed to 31581at7898.fltrd_aligned.fas.model.gz
CPU time for ModelFinder: 0.240 seconds (0h:0m:0s)
Wall-clock time for ModelFinder: 0.248 seconds (0h:0m:0s)
Generating 1000 samples for ultrafast bootstrap (seed: 172769)...

NOTE: 0 MB RAM (0 GB) is required!
Estimate model parameters (epsilon = 0.100)
1. Initial log-likelihood: -4032.498
Optimal log-likelihood: -4032.498
Rate parameters:  A-C: 1.00000  A-G: 2.86460  A-T: 1.00000  C-G: 1.00000  C-T: 2.86460  G-T: 1.00000
Base frequencies:  A: 0.250  C: 0.250  G: 0.250  T: 0.250
Gamma shape alpha: 0.097
Parameters optimization took 1 rounds (0.002 sec)
Computing ML distances based on estimated model parameters...
Computing ML distances took 0.003047 sec (of wall-clock time) 0.002997 sec(of CPU time)
WARNING: Some pairwise ML distances are too long (saturated)
Computing RapidNJ tree took 0.000053 sec (of wall-clock time) 0.000051 sec (of CPU time)
Log-likelihood of RapidNJ tree: -4114.398
--------------------------------------------------------------------
|             INITIALIZING CANDIDATE TREE SET                      |
--------------------------------------------------------------------
Generating 98 parsimony trees... 0.051 second
Computing log-likelihood of 98 initial trees ... 0.073 seconds
Current best score: -4032.498

Do NNI search on 20 best initial trees
Estimate model parameters (epsilon = 0.100)
BETTER TREE FOUND at iteration 1: -4032.498
BETTER TREE FOUND at iteration 2: -4032.498
BETTER TREE FOUND at iteration 4: -4032.498
BETTER TREE FOUND at iteration 6: -4032.498
Iteration 10 / LogL: -4032.498 / Time: 0h:0m:0s
Iteration 20 / LogL: -4032.498 / Time: 0h:0m:0s
Finish initializing candidate tree set (14)
Current best tree score: -4032.498 / CPU time: 0.275
Number of iterations: 20
--------------------------------------------------------------------
|               OPTIMIZING CANDIDATE TREE SET                      |
--------------------------------------------------------------------
Iteration 30 / LogL: -4032.505 / Time: 0h:0m:0s (0h:0m:1s left)
Iteration 40 / LogL: -4032.502 / Time: 0h:0m:0s (0h:0m:0s left)
Iteration 50 / LogL: -4075.403 / Time: 0h:0m:0s (0h:0m:0s left)
Log-likelihood cutoff on original alignment: -4072.029
UPDATE BEST LOG-LIKELIHOOD: -4032.498
Iteration 60 / LogL: -4032.498 / Time: 0h:0m:0s (0h:0m:0s left)
Iteration 70 / LogL: -4032.508 / Time: 0h:0m:0s (0h:0m:0s left)
Iteration 80 / LogL: -4032.500 / Time: 0h:0m:0s (0h:0m:0s left)
Iteration 90 / LogL: -4032.508 / Time: 0h:0m:1s (0h:0m:0s left)
Iteration 100 / LogL: -4032.498 / Time: 0h:0m:1s (0h:0m:0s left)
Log-likelihood cutoff on original alignment: -4072.813
NOTE: Bootstrap correlation coefficient of split occurrence frequencies: 0.970
NOTE: UFBoot does not converge, continue at least 100 more iterations
Iteration 110 / LogL: -4032.504 / Time: 0h:0m:1s (0h:0m:0s left)
Iteration 120 / LogL: -4032.498 / Time: 0h:0m:1s (0h:0m:0s left)
Iteration 130 / LogL: -4032.498 / Time: 0h:0m:1s (0h:0m:0s left)
Iteration 140 / LogL: -4032.504 / Time: 0h:0m:1s (0h:0m:0s left)
Iteration 150 / LogL: -4032.505 / Time: 0h:0m:1s (0h:0m:0s left)
Log-likelihood cutoff on original alignment: -4072.860
Iteration 160 / LogL: -4032.514 / Time: 0h:0m:1s (0h:0m:0s left)
Iteration 170 / LogL: -4032.502 / Time: 0h:0m:1s (0h:0m:0s left)
Iteration 180 / LogL: -4032.498 / Time: 0h:0m:1s (0h:0m:0s left)
Iteration 190 / LogL: -4032.522 / Time: 0h:0m:1s (0h:0m:0s left)
Iteration 200 / LogL: -4032.502 / Time: 0h:0m:2s (0h:0m:0s left)
Log-likelihood cutoff on original alignment: -4072.860
NOTE: Bootstrap correlation coefficient of split occurrence frequencies: 0.966
NOTE: UFBoot does not converge, continue at least 100 more iterations
Iteration 210 / LogL: -4032.508 / Time: 0h:0m:2s (0h:0m:0s left)
Iteration 220 / LogL: -4032.518 / Time: 0h:0m:2s (0h:0m:0s left)
Iteration 230 / LogL: -4032.502 / Time: 0h:0m:2s (0h:0m:0s left)
Iteration 240 / LogL: -4032.503 / Time: 0h:0m:2s (0h:0m:0s left)
Iteration 250 / LogL: -4032.515 / Time: 0h:0m:2s (0h:0m:0s left)
Log-likelihood cutoff on original alignment: -4072.860
Iteration 260 / LogL: -4032.506 / Time: 0h:0m:2s (0h:0m:0s left)
Iteration 270 / LogL: -4032.515 / Time: 0h:0m:2s (0h:0m:0s left)
Iteration 280 / LogL: -4032.518 / Time: 0h:0m:2s (0h:0m:0s left)
Iteration 290 / LogL: -4032.498 / Time: 0h:0m:2s (0h:0m:0s left)
Iteration 300 / LogL: -4032.498 / Time: 0h:0m:3s (0h:0m:0s left)
Log-likelihood cutoff on original alignment: -4072.860
NOTE: Bootstrap correlation coefficient of split occurrence frequencies: 0.977
NOTE: UFBoot does not converge, continue at least 100 more iterations
Iteration 310 / LogL: -4032.498 / Time: 0h:0m:3s (0h:0m:0s left)
Iteration 320 / LogL: -4032.502 / Time: 0h:0m:3s (0h:0m:0s left)
Iteration 330 / LogL: -4032.508 / Time: 0h:0m:3s (0h:0m:0s left)
Iteration 340 / LogL: -4032.498 / Time: 0h:0m:3s (0h:0m:0s left)
Iteration 350 / LogL: -4032.498 / Time: 0h:0m:3s (0h:0m:0s left)
Log-likelihood cutoff on original alignment: -4072.813
Iteration 360 / LogL: -4032.513 / Time: 0h:0m:3s (0h:0m:0s left)
Iteration 370 / LogL: -4032.576 / Time: 0h:0m:3s (0h:0m:0s left)
Iteration 380 / LogL: -4071.580 / Time: 0h:0m:3s (0h:0m:0s left)
Iteration 390 / LogL: -4071.579 / Time: 0h:0m:3s (0h:0m:0s left)
Iteration 400 / LogL: -4032.513 / Time: 0h:0m:4s (0h:0m:0s left)
Log-likelihood cutoff on original alignment: -4073.514
NOTE: Bootstrap correlation coefficient of split occurrence frequencies: 0.979
NOTE: UFBoot does not converge, continue at least 100 more iterations
Iteration 410 / LogL: -4032.498 / Time: 0h:0m:4s (0h:0m:0s left)
Iteration 420 / LogL: -4032.504 / Time: 0h:0m:4s (0h:0m:0s left)
Iteration 430 / LogL: -4032.498 / Time: 0h:0m:4s (0h:0m:0s left)
Iteration 440 / LogL: -4032.504 / Time: 0h:0m:4s (0h:0m:0s left)
Iteration 450 / LogL: -4032.500 / Time: 0h:0m:4s (0h:0m:0s left)
Log-likelihood cutoff on original alignment: -4072.813
Iteration 460 / LogL: -4032.498 / Time: 0h:0m:4s (0h:0m:0s left)
Iteration 470 / LogL: -4038.341 / Time: 0h:0m:5s (0h:0m:0s left)
Iteration 480 / LogL: -4032.498 / Time: 0h:0m:5s (0h:0m:0s left)
Iteration 490 / LogL: -4071.577 / Time: 0h:0m:5s (0h:0m:0s left)
Iteration 500 / LogL: -4032.500 / Time: 0h:0m:5s (0h:0m:0s left)
Log-likelihood cutoff on original alignment: -4072.813
NOTE: Bootstrap correlation coefficient of split occurrence frequencies: 0.983
NOTE: UFBoot does not converge, continue at least 100 more iterations
UPDATE BEST LOG-LIKELIHOOD: -4032.498
Iteration 510 / LogL: -4032.509 / Time: 0h:0m:5s (0h:0m:0s left)
Iteration 520 / LogL: -4032.504 / Time: 0h:0m:5s (0h:0m:0s left)
Iteration 530 / LogL: -4032.502 / Time: 0h:0m:5s (0h:0m:0s left)
Iteration 540 / LogL: -4032.501 / Time: 0h:0m:5s (0h:0m:0s left)
Iteration 550 / LogL: -4032.504 / Time: 0h:0m:6s (0h:0m:0s left)
Log-likelihood cutoff on original alignment: -4072.813
Iteration 560 / LogL: -4074.368 / Time: 0h:0m:6s (0h:0m:0s left)
Iteration 570 / LogL: -4032.498 / Time: 0h:0m:6s (0h:0m:0s left)
Iteration 580 / LogL: -4032.498 / Time: 0h:0m:6s (0h:0m:0s left)
Iteration 590 / LogL: -4032.500 / Time: 0h:0m:6s (0h:0m:0s left)
Iteration 600 / LogL: -4032.503 / Time: 0h:0m:6s (0h:0m:0s left)
Log-likelihood cutoff on original alignment: -4073.199
NOTE: Bootstrap correlation coefficient of split occurrence frequencies: 0.992
TREE SEARCH COMPLETED AFTER 600 ITERATIONS / Time: 0h:0m:6s

--------------------------------------------------------------------
|                    FINALIZING TREE SEARCH                        |
--------------------------------------------------------------------
Performs final model parameters optimization
Estimate model parameters (epsilon = 0.010)
1. Initial log-likelihood: -4032.498
Optimal log-likelihood: -4032.498
Rate parameters:  A-C: 1.00000  A-G: 2.86460  A-T: 1.00000  C-G: 1.00000  C-T: 2.86460  G-T: 1.00000
Base frequencies:  A: 0.250  C: 0.250  G: 0.250  T: 0.250
Gamma shape alpha: 0.097
Parameters optimization took 1 rounds (0.001 sec)
BEST SCORE FOUND : -4032.498
Creating bootstrap support values...
Split supports printed to NEXUS file 31581at7898.fltrd_aligned.fas.splits.nex
Total tree length: 0.090

Total number of iterations: 600
CPU time used for tree search: 6.480 sec (0h:0m:6s)
Wall-clock time used for tree search: 6.645 sec (0h:0m:6s)
Total CPU time used: 6.530 sec (0h:0m:6s)
Total wall-clock time used: 6.703 sec (0h:0m:6s)

Computing bootstrap consensus tree...
Reading input file 31581at7898.fltrd_aligned.fas.splits.nex...
16 taxa and 124 splits.
Consensus tree written to 31581at7898.fltrd_aligned.fas.contree
Reading input trees file 31581at7898.fltrd_aligned.fas.contree
Log-likelihood of consensus tree: -4032.545

Analysis results written to: 
  IQ-TREE report:                31581at7898.fltrd_aligned.fas.iqtree
  Maximum-likelihood tree:       31581at7898.fltrd_aligned.fas.treefile
  Likelihood distances:          31581at7898.fltrd_aligned.fas.mldist

Ultrafast bootstrap approximation results written to:
  Split support values:          31581at7898.fltrd_aligned.fas.splits.nex
  Consensus tree:                31581at7898.fltrd_aligned.fas.contree
  Screen log file:               31581at7898.fltrd_aligned.fas.log

Date and Time: Tue Dec  2 14:49:26 2025
