IQ-TREE multicore version 2.1.3 COVID-edition for Linux 64-bit built Apr 21 2021
Developed by Bui Quang Minh, James Barbetti, Nguyen Lam Tung,
Olga Chernomor, Heiko Schmidt, Dominik Schrempf, Michael Woodhams.

Host:    gombessa.rcs.alaska.edu (AVX2, FMA3, 503 GB RAM)
Command: /export/scratch/tsvanorden/Char_Phylogenetics/src/iqtree-2.1.3-Linux/bin/iqtree2 -s 117049at7898.fltrd_aligned.fas -m MFP -bb 1000 -T 1
Seed:    960223 (Using SPRNG - Scalable Parallel Random Number Generator)
Time:    Tue Dec  2 14:49:47 2025
Kernel:  AVX+FMA - 1 threads (1 CPU cores detected)

Reading alignment file 117049at7898.fltrd_aligned.fas ... Fasta format detected
Alignment most likely contains DNA/RNA sequences
Alignment has 20 sequences with 702 columns, 34 distinct patterns
8 parsimony-informative, 29 singleton sites, 665 constant sites
                                Gap/Ambiguity  Composition  p-value
   1  251140_Ward_Creek                 0.00%    passed     77.24%
   2  260512_Pybus_Point                0.00%    passed     77.24%
   3  261935_Kenai_River               21.37%    passed     98.41%
   4  353213_Cropley_Lake              17.52%    passed     99.45%
   5  353219_Peterson_Creek             0.00%    passed     77.05%
   6  353220_Fish_Creek                17.52%    passed     99.60%
   7  353246_Cottonwood_Creek          17.52%    passed     99.45%
   8  353379_Skagit_River              17.52%    passed     99.89%
   9  353381_Dungeness_River           17.52%    passed     99.45%
  10  353401_Peace_River               17.52%    passed     99.89%
  11  353407_Noatok                    17.52%    passed     99.66%
  12  353410_Horizon_Lake              17.52%    passed     99.66%
  13  92319_Little_Lost                17.52%    passed     99.89%
  14  94280_St_Joe                     17.52%    passed     99.89%
  15  GCA016432855_Lake_Trout          17.52%    passed     99.55%
  16  GCA036784925_Maine_S_alpinus     17.52%    passed     99.13%
  17  GCA045679555_Iceland_A_alpinus   17.52%    passed     99.13%
  18  GCF013265735_Rainbow_Trout       18.38%    passed     98.81%
  19  GCF029448725_Brook_Trout         17.52%    passed     99.89%
  20  Methow_River_99895               17.52%    passed     99.89%
****  TOTAL                            15.13%  0 sequences failed composition chi2 test (p-value<5%; df=3)
NOTE: 260512_Pybus_Point is identical to 251140_Ward_Creek but kept for subsequent analysis
NOTE: 353246_Cottonwood_Creek is identical to 353213_Cropley_Lake but kept for subsequent analysis
NOTE: 353401_Peace_River is identical to 353379_Skagit_River but kept for subsequent analysis
NOTE: 353410_Horizon_Lake is identical to 353407_Noatok but kept for subsequent analysis
NOTE: GCA045679555_Iceland_A_alpinus is identical to GCA036784925_Maine_S_alpinus but kept for subsequent analysis
NOTE: 4 identical sequences (see below) will be ignored for subsequent analysis
NOTE: 353381_Dungeness_River (identical to 353213_Cropley_Lake) is ignored but added at the end
NOTE: 92319_Little_Lost (identical to 353379_Skagit_River) is ignored but added at the end
NOTE: 94280_St_Joe (identical to 353379_Skagit_River) is ignored but added at the end
NOTE: Methow_River_99895 (identical to 353379_Skagit_River) is ignored but added at the end
Alignment was printed to 117049at7898.fltrd_aligned.fas.uniqueseq.phy

For your convenience alignment with unique sequences printed to 117049at7898.fltrd_aligned.fas.uniqueseq.phy


Create initial parsimony tree by phylogenetic likelihood library (PLL)... 0.000 seconds
Perform fast likelihood tree search using GTR+I+G model...
Estimate model parameters (epsilon = 5.000)
Perform nearest neighbor interchange...
Estimate model parameters (epsilon = 1.000)
1. Initial log-likelihood: -1176.370
Optimal log-likelihood: -1176.369
Rate parameters:  A-C: 0.20642  A-G: 3.82139  A-T: 1.65432  C-G: 1.33375  C-T: 4.23648  G-T: 1.00000
Base frequencies:  A: 0.239  C: 0.275  G: 0.273  T: 0.212
Proportion of invariable sites: 0.472
Gamma shape alpha: 998.445
Parameters optimization took 1 rounds (0.001 sec)
Time for fast ML tree search: 0.006 seconds

NOTE: ModelFinder requires 0 MB RAM!
ModelFinder will test up to 286 DNA models (sample size: 702) ...
 No. Model         -LnL         df  AIC          AICc         BIC
  1  GTR+F         1175.978     37  2425.956     2430.191     2594.452
  2  GTR+F+I       1175.977     38  2427.955     2432.425     2601.004
  3  GTR+F+G4      1175.978     38  2427.955     2432.426     2601.005
  4  GTR+F+I+G4    1176.369     39  2430.738     2435.451     2608.341
  5  GTR+F+R2      1176.169     39  2430.337     2435.050     2607.941
  6  GTR+F+R3      1176.220     41  2434.440     2439.658     2621.151
 14  SYM           1177.187     34  2422.374     2425.942     2577.207
 15  SYM+I         1177.187     35  2424.373     2428.157     2583.761
 16  SYM+G4        1177.187     35  2424.374     2428.158     2583.761
 27  TVM+F         1176.018     36  2424.035     2428.041     2587.977
 28  TVM+F+I       1176.018     37  2426.037     2430.272     2594.532
 29  TVM+F+G4      1176.019     37  2426.038     2430.273     2594.534
 40  TVMe          1177.194     33  2420.389     2423.748     2570.668
 41  TVMe+I        1177.195     34  2422.389     2425.957     2577.223
 42  TVMe+G4       1177.195     34  2422.389     2425.957     2577.223
 53  TIM3+F        1177.376     35  2424.753     2428.537     2584.140
 54  TIM3+F+I      1177.378     36  2426.755     2430.761     2590.697
 55  TIM3+F+G4     1177.378     36  2426.755     2430.761     2590.697
 66  TIM3e         1178.670     32  2421.340     2424.497     2567.066
 67  TIM3e+I       1178.670     33  2423.340     2426.699     2573.620
 68  TIM3e+G4      1178.670     33  2423.341     2426.700     2573.620
 79  TIM2+F        1177.498     35  2424.996     2428.780     2584.384
 80  TIM2+F+I      1177.499     36  2426.999     2431.005     2590.940
 81  TIM2+F+G4     1177.499     36  2426.999     2431.005     2590.940
 92  TIM2e         1178.566     32  2421.132     2424.289     2566.858
 93  TIM2e+I       1178.566     33  2423.132     2426.491     2573.412
 94  TIM2e+G4      1178.566     33  2423.133     2426.492     2573.412
105  TIM+F         1176.693     35  2423.386     2427.170     2582.774
106  TIM+F+I       1176.703     36  2425.406     2429.412     2589.347
107  TIM+F+G4      1176.700     36  2425.400     2429.406     2589.341
118  TIMe          1177.791     32  2419.582     2422.739     2565.308
119  TIMe+I        1177.792     33  2421.583     2424.943     2571.863
120  TIMe+G4       1177.791     33  2421.583     2424.942     2571.862
131  TPM3u+F       1177.414     34  2422.828     2426.396     2577.661
132  TPM3u+F+I     1177.414     35  2424.829     2428.612     2584.216
133  TPM3u+F+G4    1177.414     35  2424.828     2428.612     2584.216
144  TPM3+F        1177.414     34  2422.828     2426.396     2577.661
145  TPM3+F+I      1177.414     35  2424.829     2428.612     2584.216
146  TPM3+F+G4     1177.414     35  2424.828     2428.612     2584.216
157  TPM2u+F       1177.538     34  2423.077     2426.645     2577.911
158  TPM2u+F+I     1177.539     35  2425.078     2428.862     2584.465
159  TPM2u+F+G4    1177.539     35  2425.078     2428.862     2584.466
170  TPM2+F        1177.538     34  2423.077     2426.645     2577.911
171  TPM2+F+I      1177.539     35  2425.078     2428.862     2584.465
172  TPM2+F+G4     1177.539     35  2425.078     2428.862     2584.466
183  K3Pu+F        1176.734     34  2421.468     2425.036     2576.301
184  K3Pu+F+I      1176.734     35  2423.468     2427.252     2582.856
185  K3Pu+F+G4     1176.734     35  2423.468     2427.252     2582.856
196  K3P           1177.799     31  2417.597     2420.558     2558.769
197  K3P+I         1177.802     32  2419.604     2422.761     2565.330
198  K3P+G4        1177.801     32  2419.601     2422.758     2565.327
209  TN+F          1177.676     34  2423.351     2426.919     2578.185
210  TN+F+I        1177.675     35  2425.351     2429.135     2584.738
211  TN+F+G4       1177.676     35  2425.351     2429.135     2584.739
222  TNe           1178.817     31  2419.633     2422.595     2560.805
223  TNe+I         1178.817     32  2421.634     2424.791     2567.360
224  TNe+G4        1178.817     32  2421.634     2424.791     2567.360
235  HKY+F         1177.715     33  2421.431     2424.790     2571.711
236  HKY+F+I       1177.716     34  2423.432     2427.000     2578.266
237  HKY+F+G4      1177.716     34  2423.432     2427.000     2578.265
248  K2P           1178.824     30  2417.648     2420.420     2554.266
249  K2P+I         1178.824     31  2419.648     2422.609     2560.820
250  K2P+G4        1178.824     31  2419.649     2422.610     2560.821
261  F81+F         1185.510     32  2435.019     2438.176     2580.745
262  F81+F+I       1185.510     33  2437.019     2440.378     2587.299
263  F81+F+G4      1185.510     33  2437.020     2440.379     2587.300
274  JC            1186.499     29  2430.997     2433.587     2563.061
275  JC+I          1186.499     30  2432.997     2435.769     2569.615
276  JC+G4         1186.499     30  2432.998     2435.770     2569.616
Akaike Information Criterion:           K3P
Corrected Akaike Information Criterion: K2P
Bayesian Information Criterion:         K2P
Best-fit model: K2P chosen according to BIC

All model information printed to 117049at7898.fltrd_aligned.fas.model.gz
CPU time for ModelFinder: 0.111 seconds (0h:0m:0s)
Wall-clock time for ModelFinder: 0.119 seconds (0h:0m:0s)
Generating 1000 samples for ultrafast bootstrap (seed: 960223)...

NOTE: 0 MB RAM (0 GB) is required!
Estimate model parameters (epsilon = 0.100)
1. Initial log-likelihood: -1178.824
Optimal log-likelihood: -1178.824
Rate parameters:  A-C: 1.00000  A-G: 3.79192  A-T: 1.00000  C-G: 1.00000  C-T: 3.79192  G-T: 1.00000
Base frequencies:  A: 0.250  C: 0.250  G: 0.250  T: 0.250
Parameters optimization took 1 rounds (0.000 sec)
Computing ML distances based on estimated model parameters...
Computing ML distances took 0.000984 sec (of wall-clock time) 0.000952 sec(of CPU time)
Computing RapidNJ tree took 0.000053 sec (of wall-clock time) 0.000048 sec (of CPU time)
Log-likelihood of RapidNJ tree: -1178.837
--------------------------------------------------------------------
|             INITIALIZING CANDIDATE TREE SET                      |
--------------------------------------------------------------------
Generating 98 parsimony trees... 0.040 second
Computing log-likelihood of 98 initial trees ... 0.026 seconds
Current best score: -1178.824

Do NNI search on 20 best initial trees
Estimate model parameters (epsilon = 0.100)
BETTER TREE FOUND at iteration 1: -1178.824
Iteration 10 / LogL: -1178.824 / Time: 0h:0m:0s
Iteration 20 / LogL: -1178.824 / Time: 0h:0m:0s
Finish initializing candidate tree set (7)
Current best tree score: -1178.824 / CPU time: 0.142
Number of iterations: 20
--------------------------------------------------------------------
|               OPTIMIZING CANDIDATE TREE SET                      |
--------------------------------------------------------------------
Iteration 30 / LogL: -1178.827 / Time: 0h:0m:0s (0h:0m:0s left)
Iteration 40 / LogL: -1178.827 / Time: 0h:0m:0s (0h:0m:0s left)
Iteration 50 / LogL: -1178.825 / Time: 0h:0m:0s (0h:0m:0s left)
Log-likelihood cutoff on original alignment: -1194.468
Iteration 60 / LogL: -1178.826 / Time: 0h:0m:0s (0h:0m:0s left)
Iteration 70 / LogL: -1194.339 / Time: 0h:0m:0s (0h:0m:0s left)
Iteration 80 / LogL: -1178.825 / Time: 0h:0m:0s (0h:0m:0s left)
Iteration 90 / LogL: -1178.826 / Time: 0h:0m:0s (0h:0m:0s left)
Iteration 100 / LogL: -1185.224 / Time: 0h:0m:0s (0h:0m:0s left)
Log-likelihood cutoff on original alignment: -1194.636
NOTE: Bootstrap correlation coefficient of split occurrence frequencies: 0.996
TREE SEARCH COMPLETED AFTER 102 ITERATIONS / Time: 0h:0m:0s

--------------------------------------------------------------------
|                    FINALIZING TREE SEARCH                        |
--------------------------------------------------------------------
Performs final model parameters optimization
Estimate model parameters (epsilon = 0.010)
1. Initial log-likelihood: -1178.824
Optimal log-likelihood: -1178.824
Rate parameters:  A-C: 1.00000  A-G: 3.79192  A-T: 1.00000  C-G: 1.00000  C-T: 3.79192  G-T: 1.00000
Base frequencies:  A: 0.250  C: 0.250  G: 0.250  T: 0.250
Parameters optimization took 1 rounds (0.001 sec)
BEST SCORE FOUND : -1178.824
Creating bootstrap support values...
Split supports printed to NEXUS file 117049at7898.fltrd_aligned.fas.splits.nex
Total tree length: 0.066

Total number of iterations: 102
CPU time used for tree search: 0.590 sec (0h:0m:0s)
Wall-clock time used for tree search: 0.674 sec (0h:0m:0s)
Total CPU time used: 0.628 sec (0h:0m:0s)
Total wall-clock time used: 0.721 sec (0h:0m:0s)

Computing bootstrap consensus tree...
Reading input file 117049at7898.fltrd_aligned.fas.splits.nex...
16 taxa and 119 splits.
Consensus tree written to 117049at7898.fltrd_aligned.fas.contree
Reading input trees file 117049at7898.fltrd_aligned.fas.contree
Log-likelihood of consensus tree: -1178.841

Analysis results written to: 
  IQ-TREE report:                117049at7898.fltrd_aligned.fas.iqtree
  Maximum-likelihood tree:       117049at7898.fltrd_aligned.fas.treefile
  Likelihood distances:          117049at7898.fltrd_aligned.fas.mldist

Ultrafast bootstrap approximation results written to:
  Split support values:          117049at7898.fltrd_aligned.fas.splits.nex
  Consensus tree:                117049at7898.fltrd_aligned.fas.contree
  Screen log file:               117049at7898.fltrd_aligned.fas.log

Date and Time: Tue Dec  2 14:49:48 2025
