IQ-TREE multicore version 2.1.3 COVID-edition for Linux 64-bit built Apr 21 2021
Developed by Bui Quang Minh, James Barbetti, Nguyen Lam Tung,
Olga Chernomor, Heiko Schmidt, Dominik Schrempf, Michael Woodhams.

Host:    gombessa.rcs.alaska.edu (AVX2, FMA3, 503 GB RAM)
Command: /export/scratch/tsvanorden/Char_Phylogenetics/src/iqtree-2.1.3-Linux/bin/iqtree2 -s 132357at7898.fltrd_aligned.fas -m MFP -bb 1000 -T 1
Seed:    243973 (Using SPRNG - Scalable Parallel Random Number Generator)
Time:    Tue Dec  2 14:49:59 2025
Kernel:  AVX+FMA - 1 threads (1 CPU cores detected)

Reading alignment file 132357at7898.fltrd_aligned.fas ... Fasta format detected
Alignment most likely contains DNA/RNA sequences
Alignment has 20 sequences with 384 columns, 18 distinct patterns
6 parsimony-informative, 7 singleton sites, 371 constant sites
                                Gap/Ambiguity  Composition  p-value
   1  251140_Ward_Creek                33.59%    passed     96.30%
   2  260512_Pybus_Point               33.59%    passed     96.30%
   3  261935_Kenai_River               33.59%    passed     98.93%
   4  353213_Cropley_Lake              33.59%    passed     96.30%
   5  353219_Peterson_Creek            33.59%    passed     96.30%
   6  353220_Fish_Creek                33.59%    passed     96.30%
   7  353246_Cottonwood_Creek          33.59%    passed     98.93%
   8  353379_Skagit_River              33.59%    passed     98.93%
   9  353381_Dungeness_River           33.59%    passed     96.30%
  10  353401_Peace_River               33.59%    passed     98.93%
  11  353407_Noatok                    33.59%    passed     98.93%
  12  353410_Horizon_Lake              33.59%    passed     98.93%
  13  92319_Little_Lost                33.59%    passed     98.93%
  14  94280_St_Joe                     33.59%    passed     98.93%
  15  GCA016432855_Lake_Trout          33.59%    passed     98.93%
  16  GCA036784925_Maine_S_alpinus     33.59%    passed     98.93%
  17  GCA045679555_Iceland_A_alpinus   33.59%    passed     98.91%
  18  GCF013265735_Rainbow_Trout        0.00%    passed     12.40%
  19  GCF029448725_Brook_Trout         33.59%    passed     97.97%
  20  Methow_River_99895               33.59%    passed     98.93%
****  TOTAL                            31.91%  0 sequences failed composition chi2 test (p-value<5%; df=3)
NOTE: 260512_Pybus_Point is identical to 251140_Ward_Creek but kept for subsequent analysis
NOTE: 353246_Cottonwood_Creek is identical to 261935_Kenai_River but kept for subsequent analysis
NOTE: 13 identical sequences (see below) will be ignored for subsequent analysis
NOTE: 353213_Cropley_Lake (identical to 251140_Ward_Creek) is ignored but added at the end
NOTE: 353219_Peterson_Creek (identical to 251140_Ward_Creek) is ignored but added at the end
NOTE: 353220_Fish_Creek (identical to 251140_Ward_Creek) is ignored but added at the end
NOTE: 353381_Dungeness_River (identical to 251140_Ward_Creek) is ignored but added at the end
NOTE: 353379_Skagit_River (identical to 261935_Kenai_River) is ignored but added at the end
NOTE: 353401_Peace_River (identical to 261935_Kenai_River) is ignored but added at the end
NOTE: 353407_Noatok (identical to 261935_Kenai_River) is ignored but added at the end
NOTE: 353410_Horizon_Lake (identical to 261935_Kenai_River) is ignored but added at the end
NOTE: 92319_Little_Lost (identical to 261935_Kenai_River) is ignored but added at the end
NOTE: 94280_St_Joe (identical to 261935_Kenai_River) is ignored but added at the end
NOTE: GCA016432855_Lake_Trout (identical to 261935_Kenai_River) is ignored but added at the end
NOTE: GCA036784925_Maine_S_alpinus (identical to 261935_Kenai_River) is ignored but added at the end
NOTE: Methow_River_99895 (identical to 261935_Kenai_River) is ignored but added at the end
Alignment was printed to 132357at7898.fltrd_aligned.fas.uniqueseq.phy

For your convenience alignment with unique sequences printed to 132357at7898.fltrd_aligned.fas.uniqueseq.phy


Create initial parsimony tree by phylogenetic likelihood library (PLL)... 0.000 seconds
Perform fast likelihood tree search using GTR+I+G model...
Estimate model parameters (epsilon = 5.000)

WARNING: Estimated model parameters are at boundary that can cause numerical instability!

Perform nearest neighbor interchange...
Estimate model parameters (epsilon = 1.000)
1. Initial log-likelihood: -603.054
Optimal log-likelihood: -603.013
Rate parameters:  A-C: 42.02297  A-G: 67.38662  A-T: 36.43176  C-G: 60.99908  C-T: 100.00000  G-T: 1.00000
Base frequencies:  A: 0.345  C: 0.187  G: 0.242  T: 0.226
Proportion of invariable sites: 0.482
Gamma shape alpha: 998.447
Parameters optimization took 1 rounds (0.002 sec)

WARNING: Estimated model parameters are at boundary that can cause numerical instability!

Time for fast ML tree search: 0.004 seconds

NOTE: ModelFinder requires 0 MB RAM!
ModelFinder will test up to 286 DNA models (sample size: 384) ...
 No. Model         -LnL         df  AIC          AICc         BIC
  1  GTR+F         602.748      19  1243.496     1245.584     1318.558
  2  GTR+F+I       602.748      20  1245.496     1247.810     1324.509
  3  GTR+F+G4      602.748      20  1245.496     1247.810     1324.509
  4  GTR+F+I+G4    603.012      21  1248.023     1250.576     1330.987
  5  GTR+F+R2      602.868      21  1247.736     1250.288     1330.699
  6  GTR+F+R3      602.893      23  1251.786     1254.853     1342.651
 14  SYM           610.026      16  1252.053     1253.535     1315.263
 15  SYM+I         610.026      17  1254.053     1255.725     1321.214
 16  SYM+G4        610.027      17  1254.053     1255.726     1321.214
 27  TVM+F         602.898      18  1241.796     1243.670     1312.908
 28  TVM+F+I       602.898      19  1243.795     1245.883     1318.857
 29  TVM+F+G4      602.898      19  1243.795     1245.883     1318.858
 40  TVMe          610.034      15  1250.069     1251.373     1309.328
 41  TVMe+I        610.034      16  1252.069     1253.551     1315.279
 42  TVMe+G4       610.035      16  1252.069     1253.551     1315.279
 53  TIM3+F        603.811      17  1241.621     1243.293     1308.782
 54  TIM3+F+I      603.810      18  1243.621     1245.495     1314.732
 55  TIM3+F+G4     603.811      18  1243.621     1245.495     1314.733
 66  TIM3e         611.182      14  1250.363     1251.501     1305.672
 67  TIM3e+I       611.181      15  1252.363     1253.667     1311.622
 68  TIM3e+G4      611.181      15  1252.363     1253.667     1311.623
 79  TIM2+F        604.247      17  1242.494     1244.166     1309.655
 80  TIM2+F+I      604.247      18  1244.494     1246.368     1315.606
 81  TIM2+F+G4     604.247      18  1244.495     1246.369     1315.606
 92  TIM2e         611.408      14  1250.816     1251.954     1306.125
 93  TIM2e+I       611.408      15  1252.815     1254.120     1312.075
 94  TIM2e+G4      611.408      15  1252.816     1254.120     1312.075
105  TIM+F         604.030      17  1242.060     1243.733     1309.221
106  TIM+F+I       604.031      18  1244.061     1245.935     1315.173
107  TIM+F+G4      604.031      18  1244.062     1245.936     1315.174
118  TIMe          611.250      14  1250.501     1251.639     1305.810
119  TIMe+I        611.250      15  1252.499     1253.803     1311.759
120  TIMe+G4       611.250      15  1252.499     1253.804     1311.759
131  TPM3u+F       603.964      16  1239.928     1241.410     1303.138
132  TPM3u+F+I     603.964      17  1241.928     1243.600     1309.089
133  TPM3u+F+G4    603.964      17  1241.928     1243.600     1309.089
144  TPM3+F        603.964      16  1239.928     1241.410     1303.138
145  TPM3+F+I      603.964      17  1241.928     1243.600     1309.089
146  TPM3+F+G4     603.964      17  1241.928     1243.600     1309.089
157  TPM2u+F       604.400      16  1240.800     1242.282     1304.010
158  TPM2u+F+I     604.400      17  1242.800     1244.472     1309.961
159  TPM2u+F+G4    604.400      17  1242.800     1244.473     1309.961
170  TPM2+F        604.400      16  1240.800     1242.282     1304.010
171  TPM2+F+I      604.400      17  1242.800     1244.472     1309.961
172  TPM2+F+G4     604.400      17  1242.800     1244.473     1309.961
183  K3Pu+F        604.184      16  1240.368     1241.850     1303.578
184  K3Pu+F+I      604.184      17  1242.367     1244.039     1309.528
185  K3Pu+F+G4     604.184      17  1242.368     1244.040     1309.529
196  K3P           611.257      13  1248.514     1249.498     1299.873
197  K3P+I         611.257      14  1250.514     1251.652     1305.823
198  K3P+G4        611.257      14  1250.514     1251.652     1305.823
209  TN+F          604.331      16  1240.661     1242.144     1303.872
210  TN+F+I        604.331      17  1242.661     1244.333     1309.822
211  TN+F+G4       604.331      17  1242.662     1244.334     1309.823
222  TNe           611.576      13  1249.151     1250.135     1300.510
223  TNe+I         611.576      14  1251.151     1252.289     1306.460
224  TNe+G4        611.576      14  1251.151     1252.290     1306.460
235  HKY+F         604.484      15  1238.968     1240.273     1298.228
236  HKY+F+I       604.484      16  1240.968     1242.450     1304.178
237  HKY+F+G4      604.484      16  1240.968     1242.450     1304.178
248  K2P           611.585      12  1247.170     1248.010     1294.577
249  K2P+I         611.585      13  1249.169     1250.153     1300.527
250  K2P+G4        611.585      13  1249.169     1250.153     1300.528
261  F81+F         605.518      14  1239.036     1240.174     1294.345
262  F81+F+I       605.518      15  1241.036     1242.340     1300.295
263  F81+F+G4      605.518      15  1241.036     1242.340     1300.296
274  JC            612.735      11  1247.470     1248.180     1290.927
275  JC+I          612.735      12  1249.470     1250.311     1296.878
276  JC+G4         612.735      12  1249.470     1250.311     1296.878
Akaike Information Criterion:           HKY+F
Corrected Akaike Information Criterion: F81+F
Bayesian Information Criterion:         JC
Best-fit model: JC chosen according to BIC

All model information printed to 132357at7898.fltrd_aligned.fas.model.gz
CPU time for ModelFinder: 0.046 seconds (0h:0m:0s)
Wall-clock time for ModelFinder: 0.051 seconds (0h:0m:0s)
Generating 1000 samples for ultrafast bootstrap (seed: 243973)...

NOTE: 0 MB RAM (0 GB) is required!
Estimate model parameters (epsilon = 0.100)
1. Initial log-likelihood: -612.735
Optimal log-likelihood: -612.735
Rate parameters:  A-C: 1.00000  A-G: 1.00000  A-T: 1.00000  C-G: 1.00000  C-T: 1.00000  G-T: 1.00000
Base frequencies:  A: 0.250  C: 0.250  G: 0.250  T: 0.250
Parameters optimization took 1 rounds (0.000 sec)
Computing ML distances based on estimated model parameters...
Computing ML distances took 0.000066 sec (of wall-clock time) 0.000051 sec(of CPU time)
WARNING: Some pairwise ML distances are too long (saturated)
Computing RapidNJ tree took 0.000019 sec (of wall-clock time) 0.000016 sec (of CPU time)
Log-likelihood of RapidNJ tree: -612.737
--------------------------------------------------------------------
|             INITIALIZING CANDIDATE TREE SET                      |
--------------------------------------------------------------------
Generating 98 parsimony trees... 0.007 second
Computing log-likelihood of 76 initial trees ... 0.004 seconds
Current best score: -612.735

Do NNI search on 20 best initial trees
Estimate model parameters (epsilon = 0.100)
BETTER TREE FOUND at iteration 1: -612.735
UPDATE BEST LOG-LIKELIHOOD: -612.735
Iteration 10 / LogL: -612.735 / Time: 0h:0m:0s
UPDATE BEST LOG-LIKELIHOOD: -612.735
Iteration 20 / LogL: -612.735 / Time: 0h:0m:0s
Finish initializing candidate tree set (10)
Current best tree score: -612.735 / CPU time: 0.032
Number of iterations: 20
--------------------------------------------------------------------
|               OPTIMIZING CANDIDATE TREE SET                      |
--------------------------------------------------------------------
Iteration 30 / LogL: -612.735 / Time: 0h:0m:0s (0h:0m:0s left)
Iteration 40 / LogL: -612.735 / Time: 0h:0m:0s (0h:0m:0s left)
Iteration 50 / LogL: -612.735 / Time: 0h:0m:0s (0h:0m:0s left)
Log-likelihood cutoff on original alignment: -612.737
Iteration 60 / LogL: -612.735 / Time: 0h:0m:0s (0h:0m:0s left)
Iteration 70 / LogL: -612.735 / Time: 0h:0m:0s (0h:0m:0s left)
Iteration 80 / LogL: -612.735 / Time: 0h:0m:0s (0h:0m:0s left)
Iteration 90 / LogL: -612.735 / Time: 0h:0m:0s (0h:0m:0s left)
Iteration 100 / LogL: -612.735 / Time: 0h:0m:0s (0h:0m:0s left)
Log-likelihood cutoff on original alignment: -613.609
NOTE: Bootstrap correlation coefficient of split occurrence frequencies: 0.876
NOTE: UFBoot does not converge, continue at least 100 more iterations
Iteration 110 / LogL: -612.735 / Time: 0h:0m:0s (0h:0m:0s left)
Iteration 120 / LogL: -612.736 / Time: 0h:0m:0s (0h:0m:0s left)
Iteration 130 / LogL: -612.736 / Time: 0h:0m:0s (0h:0m:0s left)
Iteration 140 / LogL: -612.735 / Time: 0h:0m:0s (0h:0m:0s left)
Iteration 150 / LogL: -612.735 / Time: 0h:0m:0s (0h:0m:0s left)
Log-likelihood cutoff on original alignment: -613.609
Iteration 160 / LogL: -612.735 / Time: 0h:0m:0s (0h:0m:0s left)
Iteration 170 / LogL: -612.735 / Time: 0h:0m:0s (0h:0m:0s left)
Iteration 180 / LogL: -612.736 / Time: 0h:0m:0s (0h:0m:0s left)
Iteration 190 / LogL: -612.735 / Time: 0h:0m:0s (0h:0m:0s left)
Iteration 200 / LogL: -612.735 / Time: 0h:0m:0s (0h:0m:0s left)
Log-likelihood cutoff on original alignment: -613.609
NOTE: Bootstrap correlation coefficient of split occurrence frequencies: 0.966
NOTE: UFBoot does not converge, continue at least 100 more iterations
Iteration 210 / LogL: -612.735 / Time: 0h:0m:0s (0h:0m:0s left)
Iteration 220 / LogL: -612.735 / Time: 0h:0m:0s (0h:0m:0s left)
Iteration 230 / LogL: -612.735 / Time: 0h:0m:0s (0h:0m:0s left)
Iteration 240 / LogL: -612.736 / Time: 0h:0m:0s (0h:0m:0s left)
Iteration 250 / LogL: -612.735 / Time: 0h:0m:0s (0h:0m:0s left)
Log-likelihood cutoff on original alignment: -613.609
Iteration 260 / LogL: -612.735 / Time: 0h:0m:0s (0h:0m:0s left)
Iteration 270 / LogL: -612.736 / Time: 0h:0m:0s (0h:0m:0s left)
Iteration 280 / LogL: -612.735 / Time: 0h:0m:0s (0h:0m:0s left)
Iteration 290 / LogL: -612.735 / Time: 0h:0m:0s (0h:0m:0s left)
Iteration 300 / LogL: -612.736 / Time: 0h:0m:0s (0h:0m:0s left)
Log-likelihood cutoff on original alignment: -613.609
NOTE: Bootstrap correlation coefficient of split occurrence frequencies: 0.983
NOTE: UFBoot does not converge, continue at least 100 more iterations
Iteration 310 / LogL: -612.735 / Time: 0h:0m:0s (0h:0m:0s left)
Iteration 320 / LogL: -612.735 / Time: 0h:0m:0s (0h:0m:0s left)
Iteration 330 / LogL: -612.735 / Time: 0h:0m:1s (0h:0m:0s left)
Iteration 340 / LogL: -612.735 / Time: 0h:0m:1s (0h:0m:0s left)
Iteration 350 / LogL: -612.735 / Time: 0h:0m:1s (0h:0m:0s left)
Log-likelihood cutoff on original alignment: -613.609
Iteration 360 / LogL: -612.735 / Time: 0h:0m:1s (0h:0m:0s left)
Iteration 370 / LogL: -612.736 / Time: 0h:0m:1s (0h:0m:0s left)
Iteration 380 / LogL: -612.735 / Time: 0h:0m:1s (0h:0m:0s left)
Iteration 390 / LogL: -612.735 / Time: 0h:0m:1s (0h:0m:0s left)
Iteration 400 / LogL: -612.736 / Time: 0h:0m:1s (0h:0m:0s left)
Log-likelihood cutoff on original alignment: -613.609
NOTE: Bootstrap correlation coefficient of split occurrence frequencies: 0.970
NOTE: UFBoot does not converge, continue at least 100 more iterations
Iteration 410 / LogL: -612.735 / Time: 0h:0m:1s (0h:0m:0s left)
Iteration 420 / LogL: -612.735 / Time: 0h:0m:1s (0h:0m:0s left)
Iteration 430 / LogL: -612.736 / Time: 0h:0m:1s (0h:0m:0s left)
Iteration 440 / LogL: -612.735 / Time: 0h:0m:1s (0h:0m:0s left)
Iteration 450 / LogL: -612.735 / Time: 0h:0m:1s (0h:0m:0s left)
Log-likelihood cutoff on original alignment: -613.609
Iteration 460 / LogL: -612.736 / Time: 0h:0m:1s (0h:0m:0s left)
Iteration 470 / LogL: -612.736 / Time: 0h:0m:1s (0h:0m:0s left)
Iteration 480 / LogL: -612.735 / Time: 0h:0m:1s (0h:0m:0s left)
Iteration 490 / LogL: -612.735 / Time: 0h:0m:1s (0h:0m:0s left)
Iteration 500 / LogL: -612.735 / Time: 0h:0m:1s (0h:0m:0s left)
Log-likelihood cutoff on original alignment: -613.609
NOTE: Bootstrap correlation coefficient of split occurrence frequencies: 0.949
NOTE: UFBoot does not converge, continue at least 100 more iterations
Iteration 510 / LogL: -612.735 / Time: 0h:0m:1s (0h:0m:0s left)
Iteration 520 / LogL: -612.735 / Time: 0h:0m:1s (0h:0m:0s left)
Iteration 530 / LogL: -612.737 / Time: 0h:0m:1s (0h:0m:0s left)
Iteration 540 / LogL: -612.735 / Time: 0h:0m:1s (0h:0m:0s left)
Iteration 550 / LogL: -612.735 / Time: 0h:0m:1s (0h:0m:0s left)
Log-likelihood cutoff on original alignment: -613.609
Iteration 560 / LogL: -612.736 / Time: 0h:0m:1s (0h:0m:0s left)
Iteration 570 / LogL: -612.735 / Time: 0h:0m:1s (0h:0m:0s left)
Iteration 580 / LogL: -612.735 / Time: 0h:0m:1s (0h:0m:0s left)
Iteration 590 / LogL: -612.735 / Time: 0h:0m:1s (0h:0m:0s left)
Iteration 600 / LogL: -612.735 / Time: 0h:0m:1s (0h:0m:0s left)
Log-likelihood cutoff on original alignment: -613.609
NOTE: Bootstrap correlation coefficient of split occurrence frequencies: 0.978
NOTE: UFBoot does not converge, continue at least 100 more iterations
Iteration 610 / LogL: -612.736 / Time: 0h:0m:1s (0h:0m:0s left)
Iteration 620 / LogL: -612.735 / Time: 0h:0m:1s (0h:0m:0s left)
Iteration 630 / LogL: -612.735 / Time: 0h:0m:1s (0h:0m:0s left)
Iteration 640 / LogL: -612.735 / Time: 0h:0m:2s (0h:0m:0s left)
Iteration 650 / LogL: -612.735 / Time: 0h:0m:2s (0h:0m:0s left)
Log-likelihood cutoff on original alignment: -613.609
Iteration 660 / LogL: -612.735 / Time: 0h:0m:2s (0h:0m:0s left)
Iteration 670 / LogL: -612.735 / Time: 0h:0m:2s (0h:0m:0s left)
Iteration 680 / LogL: -612.736 / Time: 0h:0m:2s (0h:0m:0s left)
Iteration 690 / LogL: -612.735 / Time: 0h:0m:2s (0h:0m:0s left)
Iteration 700 / LogL: -612.735 / Time: 0h:0m:2s (0h:0m:0s left)
Log-likelihood cutoff on original alignment: -613.609
NOTE: Bootstrap correlation coefficient of split occurrence frequencies: 0.979
NOTE: UFBoot does not converge, continue at least 100 more iterations
Iteration 710 / LogL: -612.736 / Time: 0h:0m:2s (0h:0m:0s left)
Iteration 720 / LogL: -612.735 / Time: 0h:0m:2s (0h:0m:0s left)
Iteration 730 / LogL: -612.735 / Time: 0h:0m:2s (0h:0m:0s left)
Iteration 740 / LogL: -612.735 / Time: 0h:0m:2s (0h:0m:0s left)
Iteration 750 / LogL: -612.735 / Time: 0h:0m:2s (0h:0m:0s left)
Log-likelihood cutoff on original alignment: -613.609
Iteration 760 / LogL: -612.735 / Time: 0h:0m:2s (0h:0m:0s left)
Iteration 770 / LogL: -612.735 / Time: 0h:0m:2s (0h:0m:0s left)
Iteration 780 / LogL: -612.735 / Time: 0h:0m:2s (0h:0m:0s left)
Iteration 790 / LogL: -612.735 / Time: 0h:0m:2s (0h:0m:0s left)
Iteration 800 / LogL: -612.735 / Time: 0h:0m:2s (0h:0m:0s left)
Log-likelihood cutoff on original alignment: -613.609
NOTE: Bootstrap correlation coefficient of split occurrence frequencies: 0.980
NOTE: UFBoot does not converge, continue at least 100 more iterations
Iteration 810 / LogL: -612.735 / Time: 0h:0m:2s (0h:0m:0s left)
Iteration 820 / LogL: -612.735 / Time: 0h:0m:2s (0h:0m:0s left)
Iteration 830 / LogL: -612.735 / Time: 0h:0m:2s (0h:0m:0s left)
Iteration 840 / LogL: -612.735 / Time: 0h:0m:2s (0h:0m:0s left)
Iteration 850 / LogL: -612.735 / Time: 0h:0m:2s (0h:0m:0s left)
Log-likelihood cutoff on original alignment: -613.609
Iteration 860 / LogL: -612.735 / Time: 0h:0m:2s (0h:0m:0s left)
Iteration 870 / LogL: -612.735 / Time: 0h:0m:2s (0h:0m:0s left)
Iteration 880 / LogL: -612.735 / Time: 0h:0m:2s (0h:0m:0s left)
Iteration 890 / LogL: -612.735 / Time: 0h:0m:2s (0h:0m:0s left)
Iteration 900 / LogL: -612.735 / Time: 0h:0m:2s (0h:0m:0s left)
Log-likelihood cutoff on original alignment: -613.609
NOTE: Bootstrap correlation coefficient of split occurrence frequencies: 0.991
TREE SEARCH COMPLETED AFTER 900 ITERATIONS / Time: 0h:0m:2s

--------------------------------------------------------------------
|                    FINALIZING TREE SEARCH                        |
--------------------------------------------------------------------
Performs final model parameters optimization
Estimate model parameters (epsilon = 0.010)
1. Initial log-likelihood: -612.735
Optimal log-likelihood: -612.735
Rate parameters:  A-C: 1.00000  A-G: 1.00000  A-T: 1.00000  C-G: 1.00000  C-T: 1.00000  G-T: 1.00000
Base frequencies:  A: 0.250  C: 0.250  G: 0.250  T: 0.250
Parameters optimization took 1 rounds (0.000 sec)
BEST SCORE FOUND : -612.735
Creating bootstrap support values...
Split supports printed to NEXUS file 132357at7898.fltrd_aligned.fas.splits.nex
Total tree length: 0.052

Total number of iterations: 900
CPU time used for tree search: 2.785 sec (0h:0m:2s)
Wall-clock time used for tree search: 2.892 sec (0h:0m:2s)
Total CPU time used: 2.805 sec (0h:0m:2s)
Total wall-clock time used: 2.919 sec (0h:0m:2s)

Computing bootstrap consensus tree...
Reading input file 132357at7898.fltrd_aligned.fas.splits.nex...
7 taxa and 33 splits.
Consensus tree written to 132357at7898.fltrd_aligned.fas.contree
Reading input trees file 132357at7898.fltrd_aligned.fas.contree
Log-likelihood of consensus tree: -612.737

Analysis results written to: 
  IQ-TREE report:                132357at7898.fltrd_aligned.fas.iqtree
  Maximum-likelihood tree:       132357at7898.fltrd_aligned.fas.treefile
  Likelihood distances:          132357at7898.fltrd_aligned.fas.mldist

Ultrafast bootstrap approximation results written to:
  Split support values:          132357at7898.fltrd_aligned.fas.splits.nex
  Consensus tree:                132357at7898.fltrd_aligned.fas.contree
  Screen log file:               132357at7898.fltrd_aligned.fas.log

Date and Time: Tue Dec  2 14:50:02 2025
