IQ-TREE multicore version 2.1.3 COVID-edition for Linux 64-bit built Apr 21 2021
Developed by Bui Quang Minh, James Barbetti, Nguyen Lam Tung,
Olga Chernomor, Heiko Schmidt, Dominik Schrempf, Michael Woodhams.

Host:    gombessa.rcs.alaska.edu (AVX2, FMA3, 503 GB RAM)
Command: /export/scratch/tsvanorden/Char_Phylogenetics/src/iqtree-2.1.3-Linux/bin/iqtree2 -s 8271at7898.fltrd_aligned.fas -m MFP -bb 1000 -T 1
Seed:    933654 (Using SPRNG - Scalable Parallel Random Number Generator)
Time:    Tue Dec  2 14:49:52 2025
Kernel:  AVX+FMA - 1 threads (1 CPU cores detected)

Reading alignment file 8271at7898.fltrd_aligned.fas ... Fasta format detected
Alignment most likely contains DNA/RNA sequences
WARNING: 189 sites contain only gaps or ambiguous characters.
Alignment has 20 sequences with 5224 columns, 200 distinct patterns
75 parsimony-informative, 109 singleton sites, 5040 constant sites
                                Gap/Ambiguity  Composition  p-value
   1  251140_Ward_Creek                13.80%    passed     90.81%
   2  260512_Pybus_Point               13.80%    passed     90.81%
   3  261935_Kenai_River               13.80%    passed     91.66%
   4  353213_Cropley_Lake              10.66%    passed     80.09%
   5  353219_Peterson_Creek            13.80%    passed     90.81%
   6  353220_Fish_Creek                14.40%    passed     89.32%
   7  353246_Cottonwood_Creek          14.49%    passed     90.63%
   8  353379_Skagit_River              11.49%    passed     72.29%
   9  353381_Dungeness_River           24.08%    passed     90.55%
  10  353401_Peace_River               11.37%    passed     60.53%
  11  353407_Noatok                    12.39%    passed     96.07%
  12  353410_Horizon_Lake              10.49%    passed     71.99%
  13  92319_Little_Lost                19.22%    passed     48.48%
  14  94280_St_Joe                     11.37%    passed     60.53%
  15  GCA016432855_Lake_Trout          13.74%    passed     90.10%
  16  GCA036784925_Maine_S_alpinus     13.80%    passed     90.84%
  17  GCA045679555_Iceland_A_alpinus   13.80%    passed     90.84%
  18  GCF013265735_Rainbow_Trout        9.32%    passed     70.29%
  19  GCF029448725_Brook_Trout         12.08%    passed     73.10%
  20  Methow_River_99895               11.37%    passed     60.53%
****  TOTAL                            13.46%  0 sequences failed composition chi2 test (p-value<5%; df=3)
NOTE: 260512_Pybus_Point is identical to 251140_Ward_Creek but kept for subsequent analysis
NOTE: 94280_St_Joe is identical to 353401_Peace_River but kept for subsequent analysis
NOTE: GCA045679555_Iceland_A_alpinus is identical to GCA036784925_Maine_S_alpinus but kept for subsequent analysis
NOTE: 2 identical sequences (see below) will be ignored for subsequent analysis
NOTE: 353219_Peterson_Creek (identical to 251140_Ward_Creek) is ignored but added at the end
NOTE: Methow_River_99895 (identical to 353401_Peace_River) is ignored but added at the end
Alignment was printed to 8271at7898.fltrd_aligned.fas.uniqueseq.phy

For your convenience alignment with unique sequences printed to 8271at7898.fltrd_aligned.fas.uniqueseq.phy


Create initial parsimony tree by phylogenetic likelihood library (PLL)... 0.000 seconds
Perform fast likelihood tree search using GTR+I+G model...
Estimate model parameters (epsilon = 5.000)
Perform nearest neighbor interchange...
Estimate model parameters (epsilon = 1.000)
1. Initial log-likelihood: -8415.555
Optimal log-likelihood: -8415.464
Rate parameters:  A-C: 0.59626  A-G: 2.04776  A-T: 0.66156  C-G: 0.71324  C-T: 3.01689  G-T: 1.00000
Base frequencies:  A: 0.289  C: 0.226  G: 0.274  T: 0.211
Proportion of invariable sites: 0.486
Gamma shape alpha: 0.020
Parameters optimization took 1 rounds (0.006 sec)
Time for fast ML tree search: 0.030 seconds

NOTE: ModelFinder requires 1 MB RAM!
ModelFinder will test up to 286 DNA models (sample size: 5224) ...
 No. Model         -LnL         df  AIC          AICc         BIC
  1  GTR+F         8478.720     41  17039.441    17040.105    17308.443
  2  GTR+F+I       8410.497     42  16904.994    16905.692    17180.557
  3  GTR+F+G4      8432.369     42  16948.738    16949.435    17224.301
  4  GTR+F+I+G4    8415.306     43  16916.612    16917.343    17198.736
  5  GTR+F+R2      8415.105     43  16916.211    16916.941    17198.335
  6  GTR+F+R3      8411.077     45  16912.153    16912.953    17207.399
 15  SYM+I         8451.034     39  16980.069    16980.671    17235.949
 28  TVM+F+I       8412.595     41  16907.190    16907.854    17176.191
 41  TVMe+I        8451.196     38  16978.392    16978.964    17227.711
 54  TIM3+F+I      8411.203     40  16902.407    16903.039    17164.847
 67  TIM3e+I       8451.574     37  16977.149    16977.691    17219.906
 80  TIM2+F+I      8411.171     40  16902.342    16902.975    17164.782
 93  TIM2e+I       8451.435     37  16976.870    16977.412    17219.627
106  TIM+F+I       8411.731     40  16903.463    16904.096    17165.904
119  TIMe+I        8451.835     37  16977.670    16978.212    17220.427
132  TPM3u+F+I     8413.285     39  16904.571    16905.172    17160.450
145  TPM3+F+I      8413.285     39  16904.571    16905.172    17160.450
158  TPM2u+F+I     8413.241     39  16904.482    16905.084    17160.362
171  TPM2+F+I      8413.241     39  16904.482    16905.084    17160.362
184  K3Pu+F+I      8413.799     39  16905.597    16906.199    17161.477
197  K3P+I         8451.988     36  16975.975    16976.489    17212.172
210  TN+F+I        8411.806     39  16901.612    16902.214    17157.491
223  TNe+I         8451.913     36  16975.827    16976.340    17212.023
236  HKY+F+I       8413.879     38  16903.759    16904.331    17153.078
249  K2P+I         8452.062     35  16974.124    16974.610    17203.760
262  F81+F+I       8449.819     37  16973.638    16974.180    17216.396
275  JC+I          8490.043     34  17048.086    17048.545    17271.161
Akaike Information Criterion:           TN+F+I
Corrected Akaike Information Criterion: TN+F+I
Bayesian Information Criterion:         HKY+F+I
Best-fit model: HKY+F+I chosen according to BIC

All model information printed to 8271at7898.fltrd_aligned.fas.model.gz
CPU time for ModelFinder: 0.703 seconds (0h:0m:0s)
Wall-clock time for ModelFinder: 0.714 seconds (0h:0m:0s)
Generating 1000 samples for ultrafast bootstrap (seed: 933654)...

NOTE: 0 MB RAM (0 GB) is required!
Estimate model parameters (epsilon = 0.100)
1. Initial log-likelihood: -8413.879
Optimal log-likelihood: -8413.879
Rate parameters:  A-C: 1.00000  A-G: 3.45780  A-T: 1.00000  C-G: 1.00000  C-T: 3.45780  G-T: 1.00000
Base frequencies:  A: 0.289  C: 0.226  G: 0.274  T: 0.211
Proportion of invariable sites: 0.918
Parameters optimization took 1 rounds (0.001 sec)
Computing ML distances based on estimated model parameters...
Computing ML distances took 0.001245 sec (of wall-clock time) 0.001215 sec(of CPU time)
Computing RapidNJ tree took 0.000078 sec (of wall-clock time) 0.000077 sec (of CPU time)
Log-likelihood of RapidNJ tree: -8442.268
--------------------------------------------------------------------
|             INITIALIZING CANDIDATE TREE SET                      |
--------------------------------------------------------------------
Generating 98 parsimony trees... 0.085 second
Computing log-likelihood of 98 initial trees ... 0.071 seconds
Current best score: -8413.879

Do NNI search on 20 best initial trees
Estimate model parameters (epsilon = 0.100)
BETTER TREE FOUND at iteration 1: -8413.879
Estimate model parameters (epsilon = 0.100)
UPDATE BEST LOG-LIKELIHOOD: -8413.867
Iteration 10 / LogL: -8413.873 / Time: 0h:0m:0s
Iteration 20 / LogL: -8413.872 / Time: 0h:0m:0s
Finish initializing candidate tree set (3)
Current best tree score: -8413.867 / CPU time: 0.337
Number of iterations: 20
--------------------------------------------------------------------
|               OPTIMIZING CANDIDATE TREE SET                      |
--------------------------------------------------------------------
Iteration 30 / LogL: -8413.881 / Time: 0h:0m:0s (0h:0m:1s left)
Iteration 40 / LogL: -8413.910 / Time: 0h:0m:0s (0h:0m:0s left)
Iteration 50 / LogL: -8413.890 / Time: 0h:0m:0s (0h:0m:0s left)
Log-likelihood cutoff on original alignment: -8434.087
Iteration 60 / LogL: -8413.873 / Time: 0h:0m:0s (0h:0m:0s left)
Iteration 70 / LogL: -8413.896 / Time: 0h:0m:0s (0h:0m:0s left)
Iteration 80 / LogL: -8413.893 / Time: 0h:0m:1s (0h:0m:0s left)
Iteration 90 / LogL: -8413.873 / Time: 0h:0m:1s (0h:0m:0s left)
Iteration 100 / LogL: -8413.874 / Time: 0h:0m:1s (0h:0m:0s left)
Log-likelihood cutoff on original alignment: -8434.395
NOTE: Bootstrap correlation coefficient of split occurrence frequencies: 0.989
NOTE: UFBoot does not converge, continue at least 100 more iterations
Iteration 110 / LogL: -8413.882 / Time: 0h:0m:1s (0h:0m:1s left)
Iteration 120 / LogL: -8413.879 / Time: 0h:0m:1s (0h:0m:1s left)
UPDATE BEST LOG-LIKELIHOOD: -8413.867
Iteration 130 / LogL: -8413.873 / Time: 0h:0m:1s (0h:0m:0s left)
Iteration 140 / LogL: -8413.886 / Time: 0h:0m:1s (0h:0m:0s left)
Iteration 150 / LogL: -8458.189 / Time: 0h:0m:1s (0h:0m:0s left)
Log-likelihood cutoff on original alignment: -8435.533
Iteration 160 / LogL: -8413.873 / Time: 0h:0m:1s (0h:0m:0s left)
Iteration 170 / LogL: -8413.879 / Time: 0h:0m:2s (0h:0m:0s left)
UPDATE BEST LOG-LIKELIHOOD: -8413.867
Iteration 180 / LogL: -8413.888 / Time: 0h:0m:2s (0h:0m:0s left)
Iteration 190 / LogL: -8413.874 / Time: 0h:0m:2s (0h:0m:0s left)
Iteration 200 / LogL: -8413.889 / Time: 0h:0m:2s (0h:0m:0s left)
Log-likelihood cutoff on original alignment: -8436.088
NOTE: Bootstrap correlation coefficient of split occurrence frequencies: 0.992
TREE SEARCH COMPLETED AFTER 200 ITERATIONS / Time: 0h:0m:2s

--------------------------------------------------------------------
|                    FINALIZING TREE SEARCH                        |
--------------------------------------------------------------------
Performs final model parameters optimization
Estimate model parameters (epsilon = 0.010)
1. Initial log-likelihood: -8413.867
Optimal log-likelihood: -8413.867
Rate parameters:  A-C: 1.00000  A-G: 3.45719  A-T: 1.00000  C-G: 1.00000  C-T: 3.45719  G-T: 1.00000
Base frequencies:  A: 0.289  C: 0.226  G: 0.274  T: 0.211
Proportion of invariable sites: 0.918
Parameters optimization took 1 rounds (0.001 sec)
BEST SCORE FOUND : -8413.867
Creating bootstrap support values...
Split supports printed to NEXUS file 8271at7898.fltrd_aligned.fas.splits.nex
Total tree length: 0.057

Total number of iterations: 200
CPU time used for tree search: 2.326 sec (0h:0m:2s)
Wall-clock time used for tree search: 2.396 sec (0h:0m:2s)
Total CPU time used: 2.409 sec (0h:0m:2s)
Total wall-clock time used: 2.482 sec (0h:0m:2s)

Computing bootstrap consensus tree...
Reading input file 8271at7898.fltrd_aligned.fas.splits.nex...
18 taxa and 153 splits.
Consensus tree written to 8271at7898.fltrd_aligned.fas.contree
Reading input trees file 8271at7898.fltrd_aligned.fas.contree
Log-likelihood of consensus tree: -8413.955

Analysis results written to: 
  IQ-TREE report:                8271at7898.fltrd_aligned.fas.iqtree
  Maximum-likelihood tree:       8271at7898.fltrd_aligned.fas.treefile
  Likelihood distances:          8271at7898.fltrd_aligned.fas.mldist

Ultrafast bootstrap approximation results written to:
  Split support values:          8271at7898.fltrd_aligned.fas.splits.nex
  Consensus tree:                8271at7898.fltrd_aligned.fas.contree
  Screen log file:               8271at7898.fltrd_aligned.fas.log

Date and Time: Tue Dec  2 14:49:56 2025
