IQ-TREE multicore version 2.1.3 COVID-edition for Linux 64-bit built Apr 21 2021
Developed by Bui Quang Minh, James Barbetti, Nguyen Lam Tung,
Olga Chernomor, Heiko Schmidt, Dominik Schrempf, Michael Woodhams.

Host:    gombessa.rcs.alaska.edu (AVX2, FMA3, 503 GB RAM)
Command: /export/scratch/tsvanorden/Char_Phylogenetics/src/iqtree-2.1.3-Linux/bin/iqtree2 -s 69156at7898.fltrd_aligned.fas -m MFP -bb 1000 -T 1
Seed:    740647 (Using SPRNG - Scalable Parallel Random Number Generator)
Time:    Tue Dec  2 14:49:15 2025
Kernel:  AVX+FMA - 1 threads (1 CPU cores detected)

Reading alignment file 69156at7898.fltrd_aligned.fas ... Fasta format detected
Alignment most likely contains DNA/RNA sequences
Alignment has 20 sequences with 1083 columns, 49 distinct patterns
8 parsimony-informative, 54 singleton sites, 1021 constant sites
                                Gap/Ambiguity  Composition  p-value
   1  251140_Ward_Creek                 0.28%    passed     99.98%
   2  260512_Pybus_Point                0.28%    passed     99.98%
   3  261935_Kenai_River                4.71%    passed     99.83%
   4  353213_Cropley_Lake               0.28%    passed     99.98%
   5  353219_Peterson_Creek             0.28%    passed     99.98%
   6  353220_Fish_Creek                 0.28%    passed     99.98%
   7  353246_Cottonwood_Creek           0.28%    passed     99.98%
   8  353379_Skagit_River               0.28%    passed     99.94%
   9  353381_Dungeness_River            4.71%    passed     99.53%
  10  353401_Peace_River                0.28%    passed     99.92%
  11  353407_Noatok                     0.28%    passed     99.58%
  12  353410_Horizon_Lake               0.28%    passed     99.58%
  13  92319_Little_Lost                 0.28%    passed     99.94%
  14  94280_St_Joe                      0.28%    passed     99.92%
  15  GCA016432855_Lake_Trout           0.00%    passed     99.83%
  16  GCA036784925_Maine_S_alpinus      0.28%    passed     99.87%
  17  GCA045679555_Iceland_A_alpinus    0.28%    passed     99.87%
  18  GCF013265735_Rainbow_Trout        0.28%    passed     99.79%
  19  GCF029448725_Brook_Trout         12.74%    passed     58.48%
  20  Methow_River_99895                0.28%    passed     99.92%
****  TOTAL                             1.33%  0 sequences failed composition chi2 test (p-value<5%; df=3)
NOTE: 260512_Pybus_Point is identical to 251140_Ward_Creek but kept for subsequent analysis
NOTE: 92319_Little_Lost is identical to 353379_Skagit_River but kept for subsequent analysis
NOTE: 94280_St_Joe is identical to 353401_Peace_River but kept for subsequent analysis
NOTE: GCA045679555_Iceland_A_alpinus is identical to GCA036784925_Maine_S_alpinus but kept for subsequent analysis
NOTE: 5 identical sequences (see below) will be ignored for subsequent analysis
NOTE: 353213_Cropley_Lake (identical to 251140_Ward_Creek) is ignored but added at the end
NOTE: 353219_Peterson_Creek (identical to 251140_Ward_Creek) is ignored but added at the end
NOTE: 353220_Fish_Creek (identical to 251140_Ward_Creek) is ignored but added at the end
NOTE: 353246_Cottonwood_Creek (identical to 251140_Ward_Creek) is ignored but added at the end
NOTE: Methow_River_99895 (identical to 353401_Peace_River) is ignored but added at the end
Alignment was printed to 69156at7898.fltrd_aligned.fas.uniqueseq.phy

For your convenience alignment with unique sequences printed to 69156at7898.fltrd_aligned.fas.uniqueseq.phy


Create initial parsimony tree by phylogenetic likelihood library (PLL)... 0.000 seconds
Perform fast likelihood tree search using GTR+I+G model...
Estimate model parameters (epsilon = 5.000)
Perform nearest neighbor interchange...
Estimate model parameters (epsilon = 1.000)
1. Initial log-likelihood: -1880.462
Optimal log-likelihood: -1880.459
Rate parameters:  A-C: 1.14334  A-G: 3.01841  A-T: 2.47704  C-G: 1.02918  C-T: 4.22431  G-T: 1.00000
Base frequencies:  A: 0.253  C: 0.258  G: 0.237  T: 0.252
Proportion of invariable sites: 0.470
Gamma shape alpha: 998.443
Parameters optimization took 1 rounds (0.001 sec)
Time for fast ML tree search: 0.006 seconds

NOTE: ModelFinder requires 0 MB RAM!
ModelFinder will test up to 286 DNA models (sample size: 1083) ...
 No. Model         -LnL         df  AIC          AICc         BIC
  1  GTR+F         1880.091     35  3830.181     3832.588     4004.743
  2  GTR+F+I       1880.088     36  3832.176     3834.723     4011.726
  3  GTR+F+G4      1880.088     36  3832.176     3834.723     4011.726
  4  GTR+F+I+G4    1880.457     37  3834.914     3837.605     4019.451
  5  GTR+F+R2      1880.223     37  3834.446     3837.137     4018.983
  6  GTR+F+R3      1880.284     39  3838.569     3841.560     4033.081
 14  SYM           1880.574     32  3825.148     3827.159     3984.748
 15  SYM+I         1880.573     33  3827.146     3829.285     3991.733
 16  SYM+G4        1880.573     33  3827.146     3829.285     3991.733
 27  TVM+F         1880.562     34  3829.124     3831.395     3998.699
 28  TVM+F+I       1880.562     35  3831.123     3833.530     4005.685
 29  TVM+F+G4      1880.562     35  3831.123     3833.530     4005.685
 40  TVMe          1881.166     31  3824.332     3826.219     3978.944
 41  TVMe+I        1881.166     32  3826.332     3828.343     3985.931
 42  TVMe+G4       1881.166     32  3826.332     3828.343     3985.931
 53  TIM3+F        1881.383     33  3828.766     3830.905     3993.353
 54  TIM3+F+I      1881.383     34  3830.766     3833.037     4000.341
 55  TIM3+F+G4     1881.384     34  3830.767     3833.038     4000.342
 66  TIM3e         1881.990     30  3823.980     3825.748     3973.605
 67  TIM3e+I       1881.990     31  3825.980     3827.868     3980.592
 68  TIM3e+G4      1881.990     31  3825.980     3827.868     3980.593
 79  TIM2+F        1881.265     33  3828.530     3830.669     3993.117
 80  TIM2+F+I      1881.266     34  3830.532     3832.803     4000.106
 81  TIM2+F+G4     1881.266     34  3830.531     3832.802     4000.106
 92  TIM2e         1881.712     30  3823.424     3825.192     3973.049
 93  TIM2e+I       1881.712     31  3825.424     3827.312     3980.037
 94  TIM2e+G4      1881.712     31  3825.424     3827.312     3980.037
105  TIM+F         1881.538     33  3829.077     3831.216     3993.664
106  TIM+F+I       1881.539     34  3831.077     3833.348     4000.652
107  TIM+F+G4      1881.538     34  3831.077     3833.348     4000.652
118  TIMe          1882.113     30  3824.226     3825.994     3973.851
119  TIMe+I        1882.114     31  3826.227     3828.115     3980.839
120  TIMe+G4       1882.113     31  3826.227     3828.114     3980.839
131  TPM3u+F       1881.863     32  3827.726     3829.737     3987.325
132  TPM3u+F+I     1881.862     33  3829.724     3831.863     3994.311
133  TPM3u+F+G4    1881.862     33  3829.724     3831.863     3994.311
144  TPM3+F        1881.863     32  3827.726     3829.737     3987.325
145  TPM3+F+I      1881.862     33  3829.724     3831.863     3994.311
146  TPM3+F+G4     1881.862     33  3829.724     3831.863     3994.311
157  TPM2u+F       1881.748     32  3827.496     3829.508     3987.096
158  TPM2u+F+I     1881.748     33  3829.496     3831.635     3994.083
159  TPM2u+F+G4    1881.748     33  3829.496     3831.635     3994.083
170  TPM2+F        1881.748     32  3827.496     3829.508     3987.096
171  TPM2+F+I      1881.748     33  3829.496     3831.635     3994.083
172  TPM2+F+G4     1881.748     33  3829.496     3831.635     3994.083
183  K3Pu+F        1882.022     32  3828.044     3830.055     3987.643
184  K3Pu+F+I      1882.022     33  3830.045     3832.184     3994.632
185  K3Pu+F+G4     1882.022     33  3830.044     3832.183     3994.631
196  K3P           1882.715     29  3823.431     3825.083     3968.068
197  K3P+I         1882.715     30  3825.430     3827.199     3975.055
198  K3P+G4        1882.715     30  3825.431     3827.199     3975.055
209  TN+F          1882.185     32  3828.370     3830.381     3987.969
210  TN+F+I        1882.185     33  3830.370     3832.509     3994.957
211  TN+F+G4       1882.185     33  3830.370     3832.509     3994.957
222  TNe           1882.753     29  3823.505     3825.158     3968.142
223  TNe+I         1882.753     30  3825.505     3827.273     3975.130
224  TNe+G4        1882.753     30  3825.505     3827.273     3975.130
235  HKY+F         1882.669     31  3827.338     3829.225     3981.950
236  HKY+F+I       1882.669     32  3829.338     3831.349     3988.937
237  HKY+F+G4      1882.669     32  3829.338     3831.349     3988.937
248  K2P           1883.355     28  3822.710     3824.251     3962.359
249  K2P+I         1883.355     29  3824.710     3826.362     3969.347
250  K2P+G4        1883.355     29  3824.710     3826.362     3969.347
261  F81+F         1889.222     30  3838.444     3840.212     3988.068
262  F81+F+I       1889.222     31  3840.444     3842.331     3995.056
263  F81+F+G4      1889.222     31  3840.444     3842.331     3995.056
274  JC            1889.905     27  3833.809     3835.242     3968.471
275  JC+I          1889.905     28  3835.809     3837.350     3975.459
276  JC+G4         1889.905     28  3835.809     3837.350     3975.459
Akaike Information Criterion:           K2P
Corrected Akaike Information Criterion: K2P
Bayesian Information Criterion:         K2P
Best-fit model: K2P chosen according to BIC

All model information printed to 69156at7898.fltrd_aligned.fas.model.gz
CPU time for ModelFinder: 0.105 seconds (0h:0m:0s)
Wall-clock time for ModelFinder: 0.109 seconds (0h:0m:0s)
Generating 1000 samples for ultrafast bootstrap (seed: 740647)...

NOTE: 0 MB RAM (0 GB) is required!
Estimate model parameters (epsilon = 0.100)
1. Initial log-likelihood: -1883.355
Optimal log-likelihood: -1883.355
Rate parameters:  A-C: 1.00000  A-G: 2.53774  A-T: 1.00000  C-G: 1.00000  C-T: 2.53774  G-T: 1.00000
Base frequencies:  A: 0.250  C: 0.250  G: 0.250  T: 0.250
Parameters optimization took 1 rounds (0.000 sec)
Computing ML distances based on estimated model parameters...
Computing ML distances took 0.000849 sec (of wall-clock time) 0.000828 sec(of CPU time)
Computing RapidNJ tree took 0.000042 sec (of wall-clock time) 0.000039 sec (of CPU time)
Log-likelihood of RapidNJ tree: -1901.810
--------------------------------------------------------------------
|             INITIALIZING CANDIDATE TREE SET                      |
--------------------------------------------------------------------
Generating 98 parsimony trees... 0.023 second
Computing log-likelihood of 98 initial trees ... 0.023 seconds
Current best score: -1883.355

Do NNI search on 20 best initial trees
Estimate model parameters (epsilon = 0.100)
BETTER TREE FOUND at iteration 1: -1883.355
BETTER TREE FOUND at iteration 2: -1883.353
BETTER TREE FOUND at iteration 3: -1883.353
Iteration 10 / LogL: -1883.353 / Time: 0h:0m:0s
BETTER TREE FOUND at iteration 16: -1883.353
Iteration 20 / LogL: -1883.353 / Time: 0h:0m:0s
Finish initializing candidate tree set (14)
Current best tree score: -1883.353 / CPU time: 0.154
Number of iterations: 20
--------------------------------------------------------------------
|               OPTIMIZING CANDIDATE TREE SET                      |
--------------------------------------------------------------------
Iteration 30 / LogL: -1883.359 / Time: 0h:0m:0s (0h:0m:0s left)
UPDATE BEST LOG-LIKELIHOOD: -1883.353
Iteration 40 / LogL: -1883.357 / Time: 0h:0m:0s (0h:0m:0s left)
Iteration 50 / LogL: -1890.486 / Time: 0h:0m:0s (0h:0m:0s left)
Log-likelihood cutoff on original alignment: -1912.469
BETTER TREE FOUND at iteration 51: -1883.353
Iteration 60 / LogL: -1888.591 / Time: 0h:0m:0s (0h:0m:0s left)
BETTER TREE FOUND at iteration 63: -1883.353
Iteration 70 / LogL: -1883.353 / Time: 0h:0m:0s (0h:0m:0s left)
Iteration 80 / LogL: -1883.357 / Time: 0h:0m:0s (0h:0m:0s left)
Iteration 90 / LogL: -1883.357 / Time: 0h:0m:0s (0h:0m:0s left)
Iteration 100 / LogL: -1883.357 / Time: 0h:0m:0s (0h:0m:0s left)
Log-likelihood cutoff on original alignment: -1913.411
NOTE: Bootstrap correlation coefficient of split occurrence frequencies: 0.935
NOTE: UFBoot does not converge, continue at least 100 more iterations
Iteration 110 / LogL: -1883.353 / Time: 0h:0m:0s (0h:0m:0s left)
BETTER TREE FOUND at iteration 114: -1883.353
BETTER TREE FOUND at iteration 116: -1883.353
Iteration 120 / LogL: -1883.361 / Time: 0h:0m:0s (0h:0m:0s left)
Iteration 130 / LogL: -1883.357 / Time: 0h:0m:0s (0h:0m:0s left)
Iteration 140 / LogL: -1890.486 / Time: 0h:0m:0s (0h:0m:0s left)
Iteration 150 / LogL: -1883.355 / Time: 0h:0m:0s (0h:0m:0s left)
Log-likelihood cutoff on original alignment: -1913.411
Iteration 160 / LogL: -1883.362 / Time: 0h:0m:1s (0h:0m:0s left)
BETTER TREE FOUND at iteration 163: -1883.353
Iteration 170 / LogL: -1887.023 / Time: 0h:0m:1s (0h:0m:0s left)
Iteration 180 / LogL: -1883.353 / Time: 0h:0m:1s (0h:0m:0s left)
Iteration 190 / LogL: -1883.356 / Time: 0h:0m:1s (0h:0m:0s left)
Iteration 200 / LogL: -1883.357 / Time: 0h:0m:1s (0h:0m:0s left)
Log-likelihood cutoff on original alignment: -1913.381
NOTE: Bootstrap correlation coefficient of split occurrence frequencies: 0.962
NOTE: UFBoot does not converge, continue at least 100 more iterations
Iteration 210 / LogL: -1883.359 / Time: 0h:0m:1s (0h:0m:0s left)
BETTER TREE FOUND at iteration 215: -1883.353
Iteration 220 / LogL: -1883.353 / Time: 0h:0m:1s (0h:0m:0s left)
Iteration 230 / LogL: -1888.583 / Time: 0h:0m:1s (0h:0m:0s left)
Iteration 240 / LogL: -1883.355 / Time: 0h:0m:1s (0h:0m:0s left)
UPDATE BEST LOG-LIKELIHOOD: -1883.353
Iteration 250 / LogL: -1906.183 / Time: 0h:0m:1s (0h:0m:0s left)
Log-likelihood cutoff on original alignment: -1915.077
Iteration 260 / LogL: -1883.356 / Time: 0h:0m:1s (0h:0m:0s left)
Iteration 270 / LogL: -1888.860 / Time: 0h:0m:1s (0h:0m:0s left)
Iteration 280 / LogL: -1883.354 / Time: 0h:0m:1s (0h:0m:0s left)
Iteration 290 / LogL: -1883.353 / Time: 0h:0m:1s (0h:0m:0s left)
Iteration 300 / LogL: -1883.362 / Time: 0h:0m:1s (0h:0m:0s left)
Log-likelihood cutoff on original alignment: -1915.077
NOTE: Bootstrap correlation coefficient of split occurrence frequencies: 0.978
NOTE: UFBoot does not converge, continue at least 100 more iterations
UPDATE BEST LOG-LIKELIHOOD: -1883.353
Iteration 310 / LogL: -1883.356 / Time: 0h:0m:2s (0h:0m:0s left)
Iteration 320 / LogL: -1883.360 / Time: 0h:0m:2s (0h:0m:0s left)
UPDATE BEST LOG-LIKELIHOOD: -1883.353
Iteration 330 / LogL: -1913.448 / Time: 0h:0m:2s (0h:0m:0s left)
Iteration 340 / LogL: -1883.353 / Time: 0h:0m:2s (0h:0m:0s left)
BETTER TREE FOUND at iteration 342: -1883.353
UPDATE BEST LOG-LIKELIHOOD: -1883.353
Iteration 350 / LogL: -1883.358 / Time: 0h:0m:2s (0h:0m:0s left)
Log-likelihood cutoff on original alignment: -1916.804
Iteration 360 / LogL: -1898.121 / Time: 0h:0m:2s (0h:0m:0s left)
Iteration 370 / LogL: -1883.353 / Time: 0h:0m:2s (0h:0m:0s left)
Iteration 380 / LogL: -1883.355 / Time: 0h:0m:2s (0h:0m:0s left)
Iteration 390 / LogL: -1883.362 / Time: 0h:0m:2s (0h:0m:0s left)
Iteration 400 / LogL: -1883.356 / Time: 0h:0m:2s (0h:0m:0s left)
Log-likelihood cutoff on original alignment: -1916.804
NOTE: Bootstrap correlation coefficient of split occurrence frequencies: 0.990
Iteration 410 / LogL: -1883.358 / Time: 0h:0m:2s (0h:0m:0s left)
Iteration 420 / LogL: -1883.356 / Time: 0h:0m:2s (0h:0m:0s left)
Iteration 430 / LogL: -1883.353 / Time: 0h:0m:2s (0h:0m:0s left)
Iteration 440 / LogL: -1888.593 / Time: 0h:0m:3s (0h:0m:0s left)
TREE SEARCH COMPLETED AFTER 443 ITERATIONS / Time: 0h:0m:3s

--------------------------------------------------------------------
|                    FINALIZING TREE SEARCH                        |
--------------------------------------------------------------------
Performs final model parameters optimization
Estimate model parameters (epsilon = 0.010)
1. Initial log-likelihood: -1883.353
Optimal log-likelihood: -1883.353
Rate parameters:  A-C: 1.00000  A-G: 2.53774  A-T: 1.00000  C-G: 1.00000  C-T: 2.53774  G-T: 1.00000
Base frequencies:  A: 0.250  C: 0.250  G: 0.250  T: 0.250
Parameters optimization took 1 rounds (0.000 sec)
BEST SCORE FOUND : -1883.353
Creating bootstrap support values...
Split supports printed to NEXUS file 69156at7898.fltrd_aligned.fas.splits.nex
Total tree length: 0.065

Total number of iterations: 443
CPU time used for tree search: 2.902 sec (0h:0m:2s)
Wall-clock time used for tree search: 3.031 sec (0h:0m:3s)
Total CPU time used: 2.937 sec (0h:0m:2s)
Total wall-clock time used: 3.076 sec (0h:0m:3s)

Computing bootstrap consensus tree...
Reading input file 69156at7898.fltrd_aligned.fas.splits.nex...
15 taxa and 237 splits.
Consensus tree written to 69156at7898.fltrd_aligned.fas.contree
Reading input trees file 69156at7898.fltrd_aligned.fas.contree
Log-likelihood of consensus tree: -1883.385

Analysis results written to: 
  IQ-TREE report:                69156at7898.fltrd_aligned.fas.iqtree
  Maximum-likelihood tree:       69156at7898.fltrd_aligned.fas.treefile
  Likelihood distances:          69156at7898.fltrd_aligned.fas.mldist

Ultrafast bootstrap approximation results written to:
  Split support values:          69156at7898.fltrd_aligned.fas.splits.nex
  Consensus tree:                69156at7898.fltrd_aligned.fas.contree
  Screen log file:               69156at7898.fltrd_aligned.fas.log

Date and Time: Tue Dec  2 14:49:18 2025
