IQ-TREE multicore version 2.1.3 COVID-edition for Linux 64-bit built Apr 21 2021
Developed by Bui Quang Minh, James Barbetti, Nguyen Lam Tung,
Olga Chernomor, Heiko Schmidt, Dominik Schrempf, Michael Woodhams.

Host:    gombessa.rcs.alaska.edu (AVX2, FMA3, 503 GB RAM)
Command: /export/scratch/tsvanorden/Char_Phylogenetics/src/iqtree-2.1.3-Linux/bin/iqtree2 -s 42818at7898.fltrd_aligned.fas -m MFP -bb 1000 -T 1
Seed:    14729 (Using SPRNG - Scalable Parallel Random Number Generator)
Time:    Tue Dec  2 14:50:14 2025
Kernel:  AVX+FMA - 1 threads (1 CPU cores detected)

Reading alignment file 42818at7898.fltrd_aligned.fas ... Fasta format detected
Alignment most likely contains DNA/RNA sequences
Alignment has 20 sequences with 1929 columns, 112 distinct patterns
39 parsimony-informative, 75 singleton sites, 1815 constant sites
                                Gap/Ambiguity  Composition  p-value
   1  251140_Ward_Creek                 1.71%    passed     99.15%
   2  260512_Pybus_Point                1.40%    passed     99.87%
   3  261935_Kenai_River                1.40%    passed     99.86%
   4  353213_Cropley_Lake               1.40%    passed     99.98%
   5  353219_Peterson_Creek             0.78%    passed     99.97%
   6  353220_Fish_Creek                 1.40%    passed     99.92%
   7  353246_Cottonwood_Creek           3.89%    passed     98.99%
   8  353379_Skagit_River               1.56%    passed     99.93%
   9  353381_Dungeness_River            4.10%    passed     98.95%
  10  353401_Peace_River                1.56%    passed     99.93%
  11  353407_Noatok                     1.40%    passed     99.88%
  12  353410_Horizon_Lake               0.78%    passed     99.88%
  13  92319_Little_Lost                 1.40%    passed     99.98%
  14  94280_St_Joe                      1.56%    passed     99.93%
  15  GCA016432855_Lake_Trout           1.40%    passed     99.99%
  16  GCA036784925_Maine_S_alpinus      1.40%    passed     99.80%
  17  GCA045679555_Iceland_A_alpinus    1.40%    passed     99.87%
  18  GCF013265735_Rainbow_Trout        1.87%    passed     92.25%
  19  GCF029448725_Brook_Trout          0.93%    passed     99.70%
  20  Methow_River_99895               14.15%    passed     89.51%
****  TOTAL                             2.27%  0 sequences failed composition chi2 test (p-value<5%; df=3)
NOTE: 353401_Peace_River is identical to 353379_Skagit_River but kept for subsequent analysis
NOTE: 1 identical sequences (see below) will be ignored for subsequent analysis
NOTE: 94280_St_Joe (identical to 353379_Skagit_River) is ignored but added at the end
Alignment was printed to 42818at7898.fltrd_aligned.fas.uniqueseq.phy

For your convenience alignment with unique sequences printed to 42818at7898.fltrd_aligned.fas.uniqueseq.phy


Create initial parsimony tree by phylogenetic likelihood library (PLL)... 0.000 seconds
Perform fast likelihood tree search using GTR+I+G model...
Estimate model parameters (epsilon = 5.000)
Perform nearest neighbor interchange...
Estimate model parameters (epsilon = 1.000)
1. Initial log-likelihood: -3600.918
Optimal log-likelihood: -3600.905
Rate parameters:  A-C: 0.80344  A-G: 1.14903  A-T: 0.93243  C-G: 0.31986  C-T: 1.37954  G-T: 1.00000
Base frequencies:  A: 0.254  C: 0.296  G: 0.249  T: 0.201
Proportion of invariable sites: 0.472
Gamma shape alpha: 0.218
Parameters optimization took 1 rounds (0.003 sec)
Time for fast ML tree search: 0.016 seconds

NOTE: ModelFinder requires 1 MB RAM!
ModelFinder will test up to 286 DNA models (sample size: 1929) ...
 No. Model         -LnL         df  AIC          AICc         BIC
  1  GTR+F         3629.671     43  7345.342     7347.350     7584.627
  2  GTR+F+I       3601.832     44  7291.664     7293.766     7536.513
  3  GTR+F+G4      3604.866     44  7297.732     7299.834     7542.582
  4  GTR+F+I+G4    3600.901     45  7291.802     7294.000     7542.216
  5  GTR+F+R2      3592.110     45  7274.220     7276.419     7524.634
  6  GTR+F+R3      3592.016     47  7278.033     7280.431     7539.576
 18  SYM+R2        3607.013     42  7298.027     7299.942     7531.746
 31  TVM+F+R2      3592.500     44  7273.000     7275.101     7517.849
 44  TVMe+R2       3607.266     41  7296.532     7298.357     7524.687
 57  TIM3+F+R2     3595.348     43  7276.697     7278.704     7515.981
 70  TIM3e+R2      3610.386     40  7300.772     7302.510     7523.363
 83  TIM2+F+R2     3596.224     43  7278.449     7280.456     7517.734
 96  TIM2e+R2      3609.681     40  7299.362     7301.100     7521.953
109  TIM+F+R2      3595.455     43  7276.911     7278.918     7516.195
122  TIMe+R2       3609.015     40  7298.031     7299.768     7520.621
135  TPM3u+F+R2    3595.744     42  7275.489     7277.404     7509.208
148  TPM3+F+R2     3595.742     42  7275.485     7277.400     7509.205
161  TPM2u+F+R2    3596.653     42  7277.305     7279.220     7511.025
174  TPM2+F+R2     3596.653     42  7277.305     7279.220     7511.025
187  K3Pu+F+R2     3595.875     42  7275.749     7277.665     7509.469
200  K3P+R2        3609.276     39  7296.551     7298.203     7513.577
213  TN+F+R2       3597.442     42  7278.884     7280.799     7512.604
226  TNe+R2        3610.981     39  7299.961     7301.613     7516.987
239  HKY+F+R2      3597.847     41  7277.695     7279.520     7505.850
252  K2P+R2        3611.236     38  7298.471     7300.039     7509.932
265  F81+F+R2      3602.785     40  7285.569     7287.307     7508.160
278  JC+R2         3615.844     37  7305.688     7307.175     7511.584
Akaike Information Criterion:           TVM+F+R2
Corrected Akaike Information Criterion: TVM+F+R2
Bayesian Information Criterion:         HKY+F+R2
Best-fit model: HKY+F+R2 chosen according to BIC

All model information printed to 42818at7898.fltrd_aligned.fas.model.gz
CPU time for ModelFinder: 0.434 seconds (0h:0m:0s)
Wall-clock time for ModelFinder: 0.442 seconds (0h:0m:0s)
Generating 1000 samples for ultrafast bootstrap (seed: 14729)...

NOTE: 0 MB RAM (0 GB) is required!
Estimate model parameters (epsilon = 0.100)
1. Initial log-likelihood: -3597.847
Optimal log-likelihood: -3597.843
Rate parameters:  A-C: 1.00000  A-G: 1.76667  A-T: 1.00000  C-G: 1.00000  C-T: 1.76667  G-T: 1.00000
Base frequencies:  A: 0.254  C: 0.296  G: 0.249  T: 0.201
Site proportion and rates:  (0.990,0.674) (0.010,34.881)
Parameters optimization took 1 rounds (0.002 sec)
Computing ML distances based on estimated model parameters...
Computing ML distances took 0.002249 sec (of wall-clock time) 0.002226 sec(of CPU time)
Computing RapidNJ tree took 0.000059 sec (of wall-clock time) 0.000057 sec (of CPU time)
Log-likelihood of RapidNJ tree: -3602.207
--------------------------------------------------------------------
|             INITIALIZING CANDIDATE TREE SET                      |
--------------------------------------------------------------------
Generating 98 parsimony trees... 0.056 second
Computing log-likelihood of 98 initial trees ... 0.057 seconds
Current best score: -3597.843

Do NNI search on 20 best initial trees
Estimate model parameters (epsilon = 0.100)
BETTER TREE FOUND at iteration 1: -3597.841
BETTER TREE FOUND at iteration 2: -3597.839
Iteration 10 / LogL: -3598.771 / Time: 0h:0m:0s
Iteration 20 / LogL: -3600.530 / Time: 0h:0m:0s
Finish initializing candidate tree set (10)
Current best tree score: -3597.839 / CPU time: 0.262
Number of iterations: 20
--------------------------------------------------------------------
|               OPTIMIZING CANDIDATE TREE SET                      |
--------------------------------------------------------------------
Iteration 30 / LogL: -3597.845 / Time: 0h:0m:0s (0h:0m:0s left)
Iteration 40 / LogL: -3598.113 / Time: 0h:0m:0s (0h:0m:0s left)
Iteration 50 / LogL: -3597.853 / Time: 0h:0m:0s (0h:0m:0s left)
Log-likelihood cutoff on original alignment: -3642.955
Iteration 60 / LogL: -3597.851 / Time: 0h:0m:0s (0h:0m:0s left)
Iteration 70 / LogL: -3598.109 / Time: 0h:0m:0s (0h:0m:0s left)
Iteration 80 / LogL: -3597.852 / Time: 0h:0m:0s (0h:0m:0s left)
Iteration 90 / LogL: -3598.112 / Time: 0h:0m:1s (0h:0m:0s left)
UPDATE BEST LOG-LIKELIHOOD: -3597.839
Iteration 100 / LogL: -3597.847 / Time: 0h:0m:1s (0h:0m:0s left)
Log-likelihood cutoff on original alignment: -3633.829
NOTE: Bootstrap correlation coefficient of split occurrence frequencies: 0.987
NOTE: UFBoot does not converge, continue at least 100 more iterations
Iteration 110 / LogL: -3597.849 / Time: 0h:0m:1s (0h:0m:1s left)
Iteration 120 / LogL: -3599.164 / Time: 0h:0m:1s (0h:0m:0s left)
Iteration 130 / LogL: -3598.114 / Time: 0h:0m:1s (0h:0m:0s left)
Iteration 140 / LogL: -3640.603 / Time: 0h:0m:1s (0h:0m:0s left)
Iteration 150 / LogL: -3598.118 / Time: 0h:0m:1s (0h:0m:0s left)
Log-likelihood cutoff on original alignment: -3633.829
Iteration 160 / LogL: -3597.844 / Time: 0h:0m:1s (0h:0m:0s left)
Iteration 170 / LogL: -3597.843 / Time: 0h:0m:1s (0h:0m:0s left)
Iteration 180 / LogL: -3597.846 / Time: 0h:0m:1s (0h:0m:0s left)
Iteration 190 / LogL: -3598.110 / Time: 0h:0m:2s (0h:0m:0s left)
Iteration 200 / LogL: -3597.846 / Time: 0h:0m:2s (0h:0m:0s left)
Log-likelihood cutoff on original alignment: -3634.585
NOTE: Bootstrap correlation coefficient of split occurrence frequencies: 0.991
TREE SEARCH COMPLETED AFTER 200 ITERATIONS / Time: 0h:0m:2s

--------------------------------------------------------------------
|                    FINALIZING TREE SEARCH                        |
--------------------------------------------------------------------
Performs final model parameters optimization
Estimate model parameters (epsilon = 0.010)
1. Initial log-likelihood: -3597.839
Optimal log-likelihood: -3597.838
Rate parameters:  A-C: 1.00000  A-G: 1.76667  A-T: 1.00000  C-G: 1.00000  C-T: 1.76667  G-T: 1.00000
Base frequencies:  A: 0.254  C: 0.296  G: 0.249  T: 0.201
Site proportion and rates:  (0.991,0.675) (0.009,35.472)
Parameters optimization took 1 rounds (0.002 sec)
BEST SCORE FOUND : -3597.838
Creating bootstrap support values...
Split supports printed to NEXUS file 42818at7898.fltrd_aligned.fas.splits.nex
Total tree length: 0.081

Total number of iterations: 200
CPU time used for tree search: 2.054 sec (0h:0m:2s)
Wall-clock time used for tree search: 2.167 sec (0h:0m:2s)
Total CPU time used: 2.099 sec (0h:0m:2s)
Total wall-clock time used: 2.221 sec (0h:0m:2s)

Computing bootstrap consensus tree...
Reading input file 42818at7898.fltrd_aligned.fas.splits.nex...
19 taxa and 158 splits.
Consensus tree written to 42818at7898.fltrd_aligned.fas.contree
Reading input trees file 42818at7898.fltrd_aligned.fas.contree
Log-likelihood of consensus tree: -3598.018

Analysis results written to: 
  IQ-TREE report:                42818at7898.fltrd_aligned.fas.iqtree
  Maximum-likelihood tree:       42818at7898.fltrd_aligned.fas.treefile
  Likelihood distances:          42818at7898.fltrd_aligned.fas.mldist

Ultrafast bootstrap approximation results written to:
  Split support values:          42818at7898.fltrd_aligned.fas.splits.nex
  Consensus tree:                42818at7898.fltrd_aligned.fas.contree
  Screen log file:               42818at7898.fltrd_aligned.fas.log

Date and Time: Tue Dec  2 14:50:16 2025
