IQ-TREE multicore version 2.1.3 COVID-edition for Linux 64-bit built Apr 21 2021
Developed by Bui Quang Minh, James Barbetti, Nguyen Lam Tung,
Olga Chernomor, Heiko Schmidt, Dominik Schrempf, Michael Woodhams.

Host:    gombessa.rcs.alaska.edu (AVX2, FMA3, 503 GB RAM)
Command: /export/scratch/tsvanorden/Char_Phylogenetics/src/iqtree-2.1.3-Linux/bin/iqtree2 -s 43405at7898.fltrd_aligned.fas -m MFP -bb 1000 -T 1
Seed:    890274 (Using SPRNG - Scalable Parallel Random Number Generator)
Time:    Tue Dec  2 14:49:58 2025
Kernel:  AVX+FMA - 1 threads (1 CPU cores detected)

Reading alignment file 43405at7898.fltrd_aligned.fas ... Fasta format detected
Alignment most likely contains DNA/RNA sequences
Alignment has 20 sequences with 2514 columns, 89 distinct patterns
20 parsimony-informative, 80 singleton sites, 2414 constant sites
                                Gap/Ambiguity  Composition  p-value
   1  251140_Ward_Creek                 0.36%    passed     99.98%
   2  260512_Pybus_Point                0.72%    passed     99.88%
   3  261935_Kenai_River                0.36%    passed     99.98%
   4  353213_Cropley_Lake               0.36%    passed     99.98%
   5  353219_Peterson_Creek             0.36%    passed     99.92%
   6  353220_Fish_Creek                 0.36%    passed     99.98%
   7  353246_Cottonwood_Creek           0.84%    passed     99.96%
   8  353379_Skagit_River               0.12%    passed     96.56%
   9  353381_Dungeness_River            8.35%    passed     79.61%
  10  353401_Peace_River                0.12%    passed     99.95%
  11  353407_Noatok                     0.36%    passed     99.57%
  12  353410_Horizon_Lake               0.48%    passed     99.97%
  13  92319_Little_Lost                 0.12%    passed     99.95%
  14  94280_St_Joe                      0.12%    passed     99.97%
  15  GCA016432855_Lake_Trout           0.48%    passed    100.00%
  16  GCA036784925_Maine_S_alpinus      0.36%    passed    100.00%
  17  GCA045679555_Iceland_A_alpinus    0.36%    passed    100.00%
  18  GCF013265735_Rainbow_Trout        0.72%    passed     99.91%
  19  GCF029448725_Brook_Trout          0.60%    passed     98.81%
  20  Methow_River_99895                4.18%    passed     99.89%
****  TOTAL                             0.98%  0 sequences failed composition chi2 test (p-value<5%; df=3)
NOTE: 261935_Kenai_River is identical to 251140_Ward_Creek but kept for subsequent analysis
NOTE: 92319_Little_Lost is identical to 353401_Peace_River but kept for subsequent analysis
NOTE: 2 identical sequences (see below) will be ignored for subsequent analysis
NOTE: 353213_Cropley_Lake (identical to 251140_Ward_Creek) is ignored but added at the end
NOTE: 353220_Fish_Creek (identical to 251140_Ward_Creek) is ignored but added at the end
Alignment was printed to 43405at7898.fltrd_aligned.fas.uniqueseq.phy

For your convenience alignment with unique sequences printed to 43405at7898.fltrd_aligned.fas.uniqueseq.phy


Create initial parsimony tree by phylogenetic likelihood library (PLL)... 0.000 seconds
Perform fast likelihood tree search using GTR+I+G model...
Estimate model parameters (epsilon = 5.000)
Perform nearest neighbor interchange...
Estimate model parameters (epsilon = 1.000)
1. Initial log-likelihood: -4232.087
Optimal log-likelihood: -4232.086
Rate parameters:  A-C: 1.05629  A-G: 1.67225  A-T: 1.49037  C-G: 0.72479  C-T: 1.65137  G-T: 1.00000
Base frequencies:  A: 0.245  C: 0.289  G: 0.270  T: 0.195
Proportion of invariable sites: 0.480
Gamma shape alpha: 5.670
Parameters optimization took 1 rounds (0.002 sec)
Time for fast ML tree search: 0.013 seconds

NOTE: ModelFinder requires 0 MB RAM!
ModelFinder will test up to 286 DNA models (sample size: 2514) ...
 No. Model         -LnL         df  AIC          AICc         BIC
  1  GTR+F         4233.126     41  8548.252     8549.645     8787.267
  2  GTR+F+I       4232.073     42  8548.147     8549.609     8792.991
  3  GTR+F+G4      4232.095     42  8548.190     8549.651     8793.034
  4  GTR+F+I+G4    4232.086     43  8550.171     8551.703     8800.845
  5  GTR+F+R2      4232.400     43  8550.801     8552.333     8801.475
  6  GTR+F+R3      4232.257     45  8554.514     8556.191     8816.847
 14  SYM           4258.002     38  8592.003     8593.201     8813.529
 15  SYM+I         4257.002     39  8592.004     8593.265     8819.360
 16  SYM+G4        4257.023     39  8592.047     8593.308     8819.402
 27  TVM+F         4233.127     40  8546.254     8547.580     8779.439
 28  TVM+F+I       4232.074     41  8546.148     8547.541     8785.163
 29  TVM+F+G4      4232.095     41  8546.191     8547.584     8785.206
 40  TVMe          4258.089     37  8590.177     8591.313     8805.874
 41  TVMe+I        4257.077     38  8590.154     8591.352     8811.680
 42  TVMe+G4       4257.100     38  8590.199     8591.397     8811.725
 53  TIM3+F        4234.147     39  8546.295     8547.556     8773.650
 54  TIM3+F+I      4233.091     40  8546.182     8547.509     8779.368
 55  TIM3+F+G4     4233.112     40  8546.223     8547.549     8779.408
 66  TIM3e         4258.782     36  8589.565     8590.640     8799.431
 67  TIM3e+I       4257.772     37  8589.543     8590.679     8805.239
 68  TIM3e+G4      4257.791     37  8589.583     8590.718     8805.279
 79  TIM2+F        4233.895     39  8545.790     8547.051     8773.145
 80  TIM2+F+I      4232.876     40  8545.751     8547.078     8778.937
 81  TIM2+F+G4     4232.897     40  8545.794     8547.120     8778.979
 92  TIM2e         4258.118     36  8588.237     8589.312     8798.104
 93  TIM2e+I       4257.117     37  8588.235     8589.370     8803.931
 94  TIM2e+G4      4257.137     37  8588.274     8589.409     8803.970
105  TIM+F         4234.913     39  8547.825     8549.086     8775.181
106  TIM+F+I       4233.890     40  8547.780     8549.106     8780.965
107  TIM+F+G4      4233.910     40  8547.820     8549.146     8781.005
118  TIMe          4258.893     36  8589.787     8590.862     8799.653
119  TIMe+I        4257.885     37  8589.771     8590.906     8805.467
120  TIMe+G4       4257.904     37  8589.808     8590.944     8805.505
131  TPM3u+F       4234.148     38  8544.297     8545.494     8765.823
132  TPM3u+F+I     4233.092     39  8544.184     8545.445     8771.540
133  TPM3u+F+G4    4233.112     39  8544.225     8545.486     8771.580
144  TPM3+F        4234.148     38  8544.297     8545.494     8765.823
145  TPM3+F+I      4233.092     39  8544.184     8545.445     8771.539
146  TPM3+F+G4     4233.112     39  8544.224     8545.486     8771.580
157  TPM2u+F       4233.896     38  8543.793     8544.990     8765.319
158  TPM2u+F+I     4232.876     39  8543.752     8545.013     8771.108
159  TPM2u+F+G4    4232.898     39  8543.795     8545.056     8771.151
170  TPM2+F        4233.896     38  8543.793     8544.990     8765.319
171  TPM2+F+I      4232.876     39  8543.752     8545.013     8771.108
172  TPM2+F+G4     4232.898     39  8543.795     8545.056     8771.151
183  K3Pu+F        4234.915     38  8545.829     8547.027     8767.355
184  K3Pu+F+I      4233.891     39  8545.781     8547.042     8773.137
185  K3Pu+F+G4     4233.911     39  8545.822     8547.083     8773.177
196  K3P           4258.970     35  8587.939     8588.956     8791.976
197  K3P+I         4257.956     36  8587.911     8588.987     8797.778
198  K3P+G4        4257.976     36  8587.951     8589.027     8797.818
209  TN+F          4234.916     38  8545.832     8547.030     8767.358
210  TN+F+I        4233.894     39  8545.788     8547.049     8773.143
211  TN+F+G4       4233.914     39  8545.828     8547.089     8773.183
222  TNe           4258.894     35  8587.787     8588.804     8791.824
223  TNe+I         4257.884     36  8587.769     8588.844     8797.636
224  TNe+G4        4257.904     36  8587.808     8588.884     8797.675
235  HKY+F         4234.918     37  8543.835     8544.971     8759.532
236  HKY+F+I       4233.894     38  8543.788     8544.986     8765.314
237  HKY+F+G4      4233.915     38  8543.829     8545.027     8765.355
248  K2P           4258.969     34  8585.939     8586.899     8784.146
249  K2P+I         4257.955     35  8585.910     8586.927     8789.947
250  K2P+G4        4257.976     35  8585.951     8586.968     8789.988
261  F81+F         4237.778     36  8547.556     8548.632     8757.423
262  F81+F+I       4236.752     37  8547.504     8548.640     8763.200
263  F81+F+G4      4236.773     37  8547.545     8548.681     8763.242
274  JC            4261.625     33  8589.251     8590.156     8781.629
275  JC+I          4260.607     34  8589.214     8590.174     8787.421
276  JC+G4         4260.628     34  8589.255     8590.215     8787.463
Akaike Information Criterion:           TPM2u+F+I
Corrected Akaike Information Criterion: HKY+F
Bayesian Information Criterion:         F81+F
Best-fit model: F81+F chosen according to BIC

All model information printed to 43405at7898.fltrd_aligned.fas.model.gz
CPU time for ModelFinder: 0.150 seconds (0h:0m:0s)
Wall-clock time for ModelFinder: 0.160 seconds (0h:0m:0s)
Generating 1000 samples for ultrafast bootstrap (seed: 890274)...

NOTE: 0 MB RAM (0 GB) is required!
Estimate model parameters (epsilon = 0.100)
1. Initial log-likelihood: -4237.778
Optimal log-likelihood: -4237.778
Rate parameters:  A-C: 1.00000  A-G: 1.00000  A-T: 1.00000  C-G: 1.00000  C-T: 1.00000  G-T: 1.00000
Base frequencies:  A: 0.245  C: 0.289  G: 0.270  T: 0.195
Parameters optimization took 1 rounds (0.000 sec)
Computing ML distances based on estimated model parameters...
Computing ML distances took 0.001145 sec (of wall-clock time) 0.001116 sec(of CPU time)
Computing RapidNJ tree took 0.000067 sec (of wall-clock time) 0.000061 sec (of CPU time)
Log-likelihood of RapidNJ tree: -4235.757
--------------------------------------------------------------------
|             INITIALIZING CANDIDATE TREE SET                      |
--------------------------------------------------------------------
Generating 98 parsimony trees... 0.043 second
Computing log-likelihood of 98 initial trees ... 0.042 seconds
Current best score: -4235.696

Do NNI search on 20 best initial trees
Estimate model parameters (epsilon = 0.100)
BETTER TREE FOUND at iteration 1: -4235.696
BETTER TREE FOUND at iteration 4: -4235.696
BETTER TREE FOUND at iteration 5: -4235.696
BETTER TREE FOUND at iteration 10: -4235.696
Iteration 10 / LogL: -4235.696 / Time: 0h:0m:0s
BETTER TREE FOUND at iteration 18: -4235.696
Iteration 20 / LogL: -4235.696 / Time: 0h:0m:0s
Finish initializing candidate tree set (20)
Current best tree score: -4235.696 / CPU time: 0.195
Number of iterations: 20
--------------------------------------------------------------------
|               OPTIMIZING CANDIDATE TREE SET                      |
--------------------------------------------------------------------
Iteration 30 / LogL: -4235.707 / Time: 0h:0m:0s (0h:0m:0s left)
Iteration 40 / LogL: -4235.718 / Time: 0h:0m:0s (0h:0m:0s left)
Iteration 50 / LogL: -4235.703 / Time: 0h:0m:0s (0h:0m:0s left)
Log-likelihood cutoff on original alignment: -4266.557
Iteration 60 / LogL: -4235.707 / Time: 0h:0m:0s (0h:0m:0s left)
Iteration 70 / LogL: -4235.696 / Time: 0h:0m:0s (0h:0m:0s left)
Iteration 80 / LogL: -4235.699 / Time: 0h:0m:0s (0h:0m:0s left)
Iteration 90 / LogL: -4235.703 / Time: 0h:0m:0s (0h:0m:0s left)
Iteration 100 / LogL: -4235.703 / Time: 0h:0m:0s (0h:0m:0s left)
Log-likelihood cutoff on original alignment: -4266.557
NOTE: Bootstrap correlation coefficient of split occurrence frequencies: 0.951
NOTE: UFBoot does not converge, continue at least 100 more iterations
Iteration 110 / LogL: -4235.704 / Time: 0h:0m:0s (0h:0m:0s left)
Iteration 120 / LogL: -4282.926 / Time: 0h:0m:0s (0h:0m:0s left)
Iteration 130 / LogL: -4235.710 / Time: 0h:0m:1s (0h:0m:0s left)
Iteration 140 / LogL: -4235.721 / Time: 0h:0m:1s (0h:0m:0s left)
Iteration 150 / LogL: -4235.711 / Time: 0h:0m:1s (0h:0m:0s left)
Log-likelihood cutoff on original alignment: -4266.983
Iteration 160 / LogL: -4235.708 / Time: 0h:0m:1s (0h:0m:0s left)
Iteration 170 / LogL: -4235.705 / Time: 0h:0m:1s (0h:0m:0s left)
Iteration 180 / LogL: -4235.713 / Time: 0h:0m:1s (0h:0m:0s left)
Iteration 190 / LogL: -4235.700 / Time: 0h:0m:1s (0h:0m:0s left)
Iteration 200 / LogL: -4235.704 / Time: 0h:0m:1s (0h:0m:0s left)
Log-likelihood cutoff on original alignment: -4266.557
NOTE: Bootstrap correlation coefficient of split occurrence frequencies: 0.968
NOTE: UFBoot does not converge, continue at least 100 more iterations
Iteration 210 / LogL: -4235.700 / Time: 0h:0m:1s (0h:0m:0s left)
BETTER TREE FOUND at iteration 217: -4235.696
Iteration 220 / LogL: -4235.709 / Time: 0h:0m:1s (0h:0m:0s left)
Iteration 230 / LogL: -4235.703 / Time: 0h:0m:1s (0h:0m:0s left)
UPDATE BEST LOG-LIKELIHOOD: -4235.695
Iteration 240 / LogL: -4235.707 / Time: 0h:0m:1s (0h:0m:0s left)
Iteration 250 / LogL: -4235.715 / Time: 0h:0m:1s (0h:0m:0s left)
Log-likelihood cutoff on original alignment: -4265.495
Iteration 260 / LogL: -4235.709 / Time: 0h:0m:2s (0h:0m:0s left)
Iteration 270 / LogL: -4235.701 / Time: 0h:0m:2s (0h:0m:0s left)
Iteration 280 / LogL: -4235.696 / Time: 0h:0m:2s (0h:0m:0s left)
Iteration 290 / LogL: -4244.162 / Time: 0h:0m:2s (0h:0m:0s left)
Iteration 300 / LogL: -4235.698 / Time: 0h:0m:2s (0h:0m:0s left)
Log-likelihood cutoff on original alignment: -4265.638
NOTE: Bootstrap correlation coefficient of split occurrence frequencies: 0.976
NOTE: UFBoot does not converge, continue at least 100 more iterations
Iteration 310 / LogL: -4235.702 / Time: 0h:0m:2s (0h:0m:0s left)
Iteration 320 / LogL: -4235.715 / Time: 0h:0m:2s (0h:0m:0s left)
Iteration 330 / LogL: -4235.703 / Time: 0h:0m:2s (0h:0m:0s left)
Iteration 340 / LogL: -4266.921 / Time: 0h:0m:2s (0h:0m:0s left)
Iteration 350 / LogL: -4235.703 / Time: 0h:0m:2s (0h:0m:0s left)
Log-likelihood cutoff on original alignment: -4265.638
Iteration 360 / LogL: -4267.839 / Time: 0h:0m:2s (0h:0m:0s left)
Iteration 370 / LogL: -4282.938 / Time: 0h:0m:2s (0h:0m:0s left)
Iteration 380 / LogL: -4235.697 / Time: 0h:0m:2s (0h:0m:0s left)
Iteration 390 / LogL: -4235.696 / Time: 0h:0m:2s (0h:0m:0s left)
Iteration 400 / LogL: -4235.711 / Time: 0h:0m:3s (0h:0m:0s left)
Log-likelihood cutoff on original alignment: -4265.638
NOTE: Bootstrap correlation coefficient of split occurrence frequencies: 0.986
NOTE: UFBoot does not converge, continue at least 100 more iterations
Iteration 410 / LogL: -4235.706 / Time: 0h:0m:3s (0h:0m:0s left)
Iteration 420 / LogL: -4267.841 / Time: 0h:0m:3s (0h:0m:0s left)
Iteration 430 / LogL: -4289.447 / Time: 0h:0m:3s (0h:0m:0s left)
Iteration 440 / LogL: -4235.698 / Time: 0h:0m:3s (0h:0m:0s left)
Iteration 450 / LogL: -4235.707 / Time: 0h:0m:3s (0h:0m:0s left)
Log-likelihood cutoff on original alignment: -4265.638
BETTER TREE FOUND at iteration 456: -4235.695
Iteration 460 / LogL: -4235.706 / Time: 0h:0m:3s (0h:0m:0s left)
Iteration 470 / LogL: -4242.778 / Time: 0h:0m:3s (0h:0m:0s left)
Iteration 480 / LogL: -4235.704 / Time: 0h:0m:3s (0h:0m:0s left)
UPDATE BEST LOG-LIKELIHOOD: -4235.695
Iteration 490 / LogL: -4235.695 / Time: 0h:0m:3s (0h:0m:0s left)
Iteration 500 / LogL: -4282.938 / Time: 0h:0m:3s (0h:0m:0s left)
Log-likelihood cutoff on original alignment: -4265.638
NOTE: Bootstrap correlation coefficient of split occurrence frequencies: 0.980
NOTE: UFBoot does not converge, continue at least 100 more iterations
UPDATE BEST LOG-LIKELIHOOD: -4235.695
Iteration 510 / LogL: -4235.695 / Time: 0h:0m:3s (0h:0m:0s left)
Iteration 520 / LogL: -4235.703 / Time: 0h:0m:4s (0h:0m:0s left)
Iteration 530 / LogL: -4266.925 / Time: 0h:0m:4s (0h:0m:0s left)
Iteration 540 / LogL: -4245.544 / Time: 0h:0m:4s (0h:0m:0s left)
Iteration 550 / LogL: -4235.695 / Time: 0h:0m:4s (0h:0m:0s left)
Log-likelihood cutoff on original alignment: -4265.638
Iteration 560 / LogL: -4250.203 / Time: 0h:0m:4s (0h:0m:0s left)
Iteration 570 / LogL: -4235.695 / Time: 0h:0m:4s (0h:0m:0s left)
Iteration 580 / LogL: -4235.718 / Time: 0h:0m:4s (0h:0m:0s left)
Iteration 590 / LogL: -4235.709 / Time: 0h:0m:4s (0h:0m:0s left)
Iteration 600 / LogL: -4247.214 / Time: 0h:0m:4s (0h:0m:0s left)
Log-likelihood cutoff on original alignment: -4265.638
NOTE: Bootstrap correlation coefficient of split occurrence frequencies: 0.960
NOTE: UFBoot does not converge, continue at least 100 more iterations
Iteration 610 / LogL: -4235.702 / Time: 0h:0m:4s (0h:0m:0s left)
Iteration 620 / LogL: -4235.702 / Time: 0h:0m:4s (0h:0m:0s left)
Iteration 630 / LogL: -4235.695 / Time: 0h:0m:5s (0h:0m:0s left)
Iteration 640 / LogL: -4235.702 / Time: 0h:0m:5s (0h:0m:0s left)
Iteration 650 / LogL: -4235.706 / Time: 0h:0m:5s (0h:0m:0s left)
Log-likelihood cutoff on original alignment: -4265.650
Iteration 660 / LogL: -4235.706 / Time: 0h:0m:5s (0h:0m:0s left)
Iteration 670 / LogL: -4235.705 / Time: 0h:0m:5s (0h:0m:0s left)
Iteration 680 / LogL: -4235.701 / Time: 0h:0m:5s (0h:0m:0s left)
Iteration 690 / LogL: -4235.698 / Time: 0h:0m:5s (0h:0m:0s left)
Iteration 700 / LogL: -4235.705 / Time: 0h:0m:5s (0h:0m:0s left)
Log-likelihood cutoff on original alignment: -4265.736
NOTE: Bootstrap correlation coefficient of split occurrence frequencies: 0.970
NOTE: UFBoot does not converge, continue at least 100 more iterations
Iteration 710 / LogL: -4282.931 / Time: 0h:0m:5s (0h:0m:0s left)
Iteration 720 / LogL: -4282.926 / Time: 0h:0m:6s (0h:0m:0s left)
Iteration 730 / LogL: -4288.533 / Time: 0h:0m:6s (0h:0m:0s left)
Iteration 740 / LogL: -4235.699 / Time: 0h:0m:6s (0h:0m:0s left)
Iteration 750 / LogL: -4282.933 / Time: 0h:0m:6s (0h:0m:0s left)
Log-likelihood cutoff on original alignment: -4265.853
Iteration 760 / LogL: -4235.700 / Time: 0h:0m:6s (0h:0m:0s left)
Iteration 770 / LogL: -4266.917 / Time: 0h:0m:6s (0h:0m:0s left)
Iteration 780 / LogL: -4235.704 / Time: 0h:0m:6s (0h:0m:0s left)
Iteration 790 / LogL: -4235.721 / Time: 0h:0m:6s (0h:0m:0s left)
Iteration 800 / LogL: -4235.705 / Time: 0h:0m:6s (0h:0m:0s left)
Log-likelihood cutoff on original alignment: -4265.853
NOTE: Bootstrap correlation coefficient of split occurrence frequencies: 0.969
NOTE: UFBoot does not converge, continue at least 100 more iterations
Iteration 810 / LogL: -4235.695 / Time: 0h:0m:7s (0h:0m:0s left)
Iteration 820 / LogL: -4235.711 / Time: 0h:0m:7s (0h:0m:0s left)
Iteration 830 / LogL: -4235.703 / Time: 0h:0m:7s (0h:0m:0s left)
Iteration 840 / LogL: -4282.943 / Time: 0h:0m:7s (0h:0m:0s left)
Iteration 850 / LogL: -4235.695 / Time: 0h:0m:7s (0h:0m:0s left)
Log-likelihood cutoff on original alignment: -4265.853
Iteration 860 / LogL: -4235.707 / Time: 0h:0m:7s (0h:0m:0s left)
Iteration 870 / LogL: -4235.717 / Time: 0h:0m:7s (0h:0m:0s left)
Iteration 880 / LogL: -4235.695 / Time: 0h:0m:7s (0h:0m:0s left)
Iteration 890 / LogL: -4260.762 / Time: 0h:0m:8s (0h:0m:0s left)
Iteration 900 / LogL: -4235.706 / Time: 0h:0m:8s (0h:0m:0s left)
Log-likelihood cutoff on original alignment: -4265.853
NOTE: Bootstrap correlation coefficient of split occurrence frequencies: 0.965
NOTE: UFBoot does not converge, continue at least 100 more iterations
Iteration 910 / LogL: -4235.710 / Time: 0h:0m:8s (0h:0m:0s left)
Iteration 920 / LogL: -4235.713 / Time: 0h:0m:8s (0h:0m:0s left)
Iteration 930 / LogL: -4235.698 / Time: 0h:0m:8s (0h:0m:0s left)
Iteration 940 / LogL: -4235.698 / Time: 0h:0m:8s (0h:0m:0s left)
Iteration 950 / LogL: -4242.777 / Time: 0h:0m:8s (0h:0m:0s left)
Log-likelihood cutoff on original alignment: -4265.954
Iteration 960 / LogL: -4260.748 / Time: 0h:0m:8s (0h:0m:0s left)
Iteration 970 / LogL: -4235.708 / Time: 0h:0m:8s (0h:0m:0s left)
Iteration 980 / LogL: -4235.706 / Time: 0h:0m:9s (0h:0m:0s left)
Iteration 990 / LogL: -4235.708 / Time: 0h:0m:9s (0h:0m:0s left)
Iteration 1000 / LogL: -4235.714 / Time: 0h:0m:9s (0h:0m:0s left)
Log-likelihood cutoff on original alignment: -4265.954
NOTE: Bootstrap correlation coefficient of split occurrence frequencies: 0.974
NOTE: UFBoot does not converge, continue at least 100 more iterations
WARNING: bootstrap analysis did not converge. You should rerun with higher number of iterations (-nm option)
TREE SEARCH COMPLETED AFTER 1001 ITERATIONS / Time: 0h:0m:9s

--------------------------------------------------------------------
|                    FINALIZING TREE SEARCH                        |
--------------------------------------------------------------------
Performs final model parameters optimization
Estimate model parameters (epsilon = 0.010)
1. Initial log-likelihood: -4235.695
Optimal log-likelihood: -4235.695
Rate parameters:  A-C: 1.00000  A-G: 1.00000  A-T: 1.00000  C-G: 1.00000  C-T: 1.00000  G-T: 1.00000
Base frequencies:  A: 0.245  C: 0.289  G: 0.270  T: 0.195
Parameters optimization took 1 rounds (0.000 sec)
BEST SCORE FOUND : -4235.695
Creating bootstrap support values...
Split supports printed to NEXUS file 43405at7898.fltrd_aligned.fas.splits.nex
Total tree length: 0.042

Total number of iterations: 1001
CPU time used for tree search: 9.160 sec (0h:0m:9s)
Wall-clock time used for tree search: 9.341 sec (0h:0m:9s)
Total CPU time used: 9.212 sec (0h:0m:9s)
Total wall-clock time used: 9.402 sec (0h:0m:9s)

Computing bootstrap consensus tree...
Reading input file 43405at7898.fltrd_aligned.fas.splits.nex...
18 taxa and 189 splits.
Consensus tree written to 43405at7898.fltrd_aligned.fas.contree
Reading input trees file 43405at7898.fltrd_aligned.fas.contree
Log-likelihood of consensus tree: -4235.757

Analysis results written to: 
  IQ-TREE report:                43405at7898.fltrd_aligned.fas.iqtree
  Maximum-likelihood tree:       43405at7898.fltrd_aligned.fas.treefile
  Likelihood distances:          43405at7898.fltrd_aligned.fas.mldist

Ultrafast bootstrap approximation results written to:
  Split support values:          43405at7898.fltrd_aligned.fas.splits.nex
  Consensus tree:                43405at7898.fltrd_aligned.fas.contree
  Screen log file:               43405at7898.fltrd_aligned.fas.log

Date and Time: Tue Dec  2 14:50:08 2025
