IQ-TREE multicore version 2.1.3 COVID-edition for Linux 64-bit built Apr 21 2021
Developed by Bui Quang Minh, James Barbetti, Nguyen Lam Tung,
Olga Chernomor, Heiko Schmidt, Dominik Schrempf, Michael Woodhams.

Host:    gombessa.rcs.alaska.edu (AVX2, FMA3, 503 GB RAM)
Command: /export/scratch/tsvanorden/Char_Phylogenetics/src/iqtree-2.1.3-Linux/bin/iqtree2 -s 92569at7898.fltrd_aligned.fas -m MFP -bb 1000 -T 1
Seed:    165464 (Using SPRNG - Scalable Parallel Random Number Generator)
Time:    Tue Dec  2 14:49:19 2025
Kernel:  AVX+FMA - 1 threads (1 CPU cores detected)

Reading alignment file 92569at7898.fltrd_aligned.fas ... Fasta format detected
Alignment most likely contains DNA/RNA sequences
Alignment has 20 sequences with 849 columns, 46 distinct patterns
18 parsimony-informative, 36 singleton sites, 795 constant sites
                                Gap/Ambiguity  Composition  p-value
   1  251140_Ward_Creek                 0.00%    passed     99.99%
   2  260512_Pybus_Point                0.00%    passed     99.99%
   3  261935_Kenai_River                0.00%    passed     99.99%
   4  353213_Cropley_Lake               0.00%    passed     99.99%
   5  353219_Peterson_Creek             0.00%    passed     99.99%
   6  353220_Fish_Creek                 0.00%    passed     99.99%
   7  353246_Cottonwood_Creek           0.00%    passed     99.99%
   8  353379_Skagit_River               0.00%    passed     99.95%
   9  353381_Dungeness_River            6.36%    passed     99.03%
  10  353401_Peace_River                0.00%    passed     99.95%
  11  353407_Noatok                     0.71%    passed     99.99%
  12  353410_Horizon_Lake               0.00%    passed     99.94%
  13  92319_Little_Lost                 0.00%    passed     99.95%
  14  94280_St_Joe                      0.00%    passed     99.95%
  15  GCA016432855_Lake_Trout           0.00%    passed    100.00%
  16  GCA036784925_Maine_S_alpinus      0.00%    passed     99.99%
  17  GCA045679555_Iceland_A_alpinus    0.00%    passed     99.99%
  18  GCF013265735_Rainbow_Trout        3.18%    passed     99.48%
  19  GCF029448725_Brook_Trout          0.00%    passed     99.55%
  20  Methow_River_99895                0.00%    passed     99.95%
****  TOTAL                             0.51%  0 sequences failed composition chi2 test (p-value<5%; df=3)
NOTE: 260512_Pybus_Point is identical to 251140_Ward_Creek but kept for subsequent analysis
NOTE: 353401_Peace_River is identical to 353379_Skagit_River but kept for subsequent analysis
NOTE: 8 identical sequences (see below) will be ignored for subsequent analysis
NOTE: 261935_Kenai_River (identical to 251140_Ward_Creek) is ignored but added at the end
NOTE: 353213_Cropley_Lake (identical to 251140_Ward_Creek) is ignored but added at the end
NOTE: 353219_Peterson_Creek (identical to 251140_Ward_Creek) is ignored but added at the end
NOTE: 353220_Fish_Creek (identical to 251140_Ward_Creek) is ignored but added at the end
NOTE: GCA045679555_Iceland_A_alpinus (identical to 251140_Ward_Creek) is ignored but added at the end
NOTE: 92319_Little_Lost (identical to 353379_Skagit_River) is ignored but added at the end
NOTE: 94280_St_Joe (identical to 353379_Skagit_River) is ignored but added at the end
NOTE: Methow_River_99895 (identical to 353379_Skagit_River) is ignored but added at the end
Alignment was printed to 92569at7898.fltrd_aligned.fas.uniqueseq.phy

For your convenience alignment with unique sequences printed to 92569at7898.fltrd_aligned.fas.uniqueseq.phy


Create initial parsimony tree by phylogenetic likelihood library (PLL)... 0.000 seconds
Perform fast likelihood tree search using GTR+I+G model...
Estimate model parameters (epsilon = 5.000)
Perform nearest neighbor interchange...
Estimate model parameters (epsilon = 1.000)
1. Initial log-likelihood: -1490.554
Optimal log-likelihood: -1490.551
Rate parameters:  A-C: 0.46254  A-G: 1.42792  A-T: 0.89533  C-G: 0.21507  C-T: 1.07582  G-T: 1.00000
Base frequencies:  A: 0.300  C: 0.211  G: 0.245  T: 0.243
Proportion of invariable sites: 0.466
Gamma shape alpha: 998.446
Parameters optimization took 1 rounds (0.001 sec)
Time for fast ML tree search: 0.005 seconds

NOTE: ModelFinder requires 0 MB RAM!
ModelFinder will test up to 286 DNA models (sample size: 849) ...
 No. Model         -LnL         df  AIC          AICc         BIC
  1  GTR+F         1489.876     29  3037.752     3039.877     3175.330
  2  GTR+F+I       1489.875     30  3039.751     3042.025     3182.073
  3  GTR+F+G4      1489.876     30  3039.752     3042.026     3182.074
  4  GTR+F+I+G4    1490.549     31  3043.098     3045.526     3190.164
  5  GTR+F+R2      1490.212     31  3042.424     3044.853     3189.490
  6  GTR+F+R3      1490.298     33  3046.596     3049.349     3203.150
 14  SYM           1497.351     26  3046.702     3048.410     3170.047
 15  SYM+I         1497.352     27  3048.703     3050.545     3176.793
 16  SYM+G4        1497.351     27  3048.703     3050.545     3176.793
 27  TVM+F         1490.103     28  3036.206     3038.186     3169.040
 28  TVM+F+I       1490.102     29  3038.205     3040.329     3175.783
 29  TVM+F+G4      1490.103     29  3038.206     3040.331     3175.784
 40  TVMe          1497.973     25  3045.946     3047.526     3164.548
 41  TVMe+I        1497.973     26  3047.946     3049.654     3171.292
 42  TVMe+G4       1497.974     26  3047.947     3049.655     3171.293
 53  TIM3+F        1490.306     27  3034.613     3036.454     3162.702
 54  TIM3+F+I      1490.306     28  3036.613     3038.593     3169.446
 55  TIM3+F+G4     1490.307     28  3036.614     3038.595     3169.448
 66  TIM3e         1497.856     24  3043.712     3045.169     3157.570
 67  TIM3e+I       1497.856     25  3045.713     3047.292     3164.314
 68  TIM3e+G4      1497.857     25  3045.714     3047.293     3164.315
 79  TIM2+F        1493.051     27  3040.102     3041.943     3168.191
 80  TIM2+F+I      1493.053     28  3042.106     3044.086     3174.939
 81  TIM2+F+G4     1493.053     28  3042.106     3044.086     3174.939
 92  TIM2e         1501.004     24  3050.007     3051.464     3163.865
 93  TIM2e+I       1501.006     25  3052.012     3053.592     3170.614
 94  TIM2e+G4      1501.005     25  3052.010     3053.590     3170.611
105  TIM+F         1492.986     27  3039.972     3041.814     3168.062
106  TIM+F+I       1492.988     28  3041.976     3043.956     3174.809
107  TIM+F+G4      1492.988     28  3041.976     3043.956     3174.810
118  TIMe          1501.033     24  3050.065     3051.522     3163.923
119  TIMe+I        1501.031     25  3052.063     3053.642     3170.664
120  TIMe+G4       1501.032     25  3052.064     3053.643     3170.665
131  TPM3u+F       1490.536     26  3033.072     3034.780     3156.417
132  TPM3u+F+I     1490.536     27  3035.071     3036.913     3163.161
133  TPM3u+F+G4    1490.536     27  3035.073     3036.914     3163.162
144  TPM3+F        1490.535     26  3033.071     3034.779     3156.416
145  TPM3+F+I      1490.535     27  3035.070     3036.912     3163.160
146  TPM3+F+G4     1490.536     27  3035.072     3036.913     3163.161
157  TPM2u+F       1493.280     26  3038.560     3040.269     3161.906
158  TPM2u+F+I     1493.282     27  3040.563     3042.405     3168.653
159  TPM2u+F+G4    1493.282     27  3040.563     3042.405     3168.653
170  TPM2+F        1493.280     26  3038.560     3040.269     3161.906
171  TPM2+F+I      1493.282     27  3040.563     3042.405     3168.653
172  TPM2+F+G4     1493.282     27  3040.563     3042.405     3168.653
183  K3Pu+F        1493.215     26  3038.431     3040.139     3161.776
184  K3Pu+F+I      1493.217     27  3040.435     3042.276     3168.524
185  K3Pu+F+G4     1493.218     27  3040.435     3042.277     3168.525
196  K3P           1501.654     23  3049.308     3050.646     3158.422
197  K3P+I         1501.655     24  3051.310     3052.766     3165.167
198  K3P+G4        1501.655     24  3051.310     3052.766     3165.168
209  TN+F          1493.074     26  3038.147     3039.855     3161.493
210  TN+F+I        1493.074     27  3040.148     3041.990     3168.238
211  TN+F+G4       1493.075     27  3040.149     3041.991     3168.239
222  TNe           1501.105     23  3048.210     3049.548     3157.323
223  TNe+I         1501.105     24  3050.210     3051.666     3164.067
224  TNe+G4        1501.107     24  3050.215     3051.671     3164.072
235  HKY+F         1493.303     25  3036.606     3038.186     3155.208
236  HKY+F+I       1493.303     26  3038.606     3040.314     3161.952
237  HKY+F+G4      1493.304     26  3038.607     3040.315     3161.953
248  K2P           1501.727     22  3047.455     3048.680     3151.824
249  K2P+I         1501.727     23  3049.455     3050.793     3158.568
250  K2P+G4        1501.728     23  3049.456     3050.794     3158.570
261  F81+F         1495.850     24  3039.701     3041.157     3153.558
262  F81+F+I       1495.850     25  3041.701     3043.280     3160.302
263  F81+F+G4      1495.851     25  3041.702     3043.281     3160.303
274  JC            1504.342     21  3050.684     3051.801     3150.309
275  JC+I          1504.342     22  3052.684     3053.909     3157.053
276  JC+G4         1504.343     22  3052.685     3053.911     3157.055
Akaike Information Criterion:           TPM3+F
Corrected Akaike Information Criterion: TPM3+F
Bayesian Information Criterion:         JC
Best-fit model: JC chosen according to BIC

All model information printed to 92569at7898.fltrd_aligned.fas.model.gz
CPU time for ModelFinder: 0.103 seconds (0h:0m:0s)
Wall-clock time for ModelFinder: 0.108 seconds (0h:0m:0s)
Generating 1000 samples for ultrafast bootstrap (seed: 165464)...

NOTE: 0 MB RAM (0 GB) is required!
Estimate model parameters (epsilon = 0.100)
1. Initial log-likelihood: -1504.342
Optimal log-likelihood: -1504.342
Rate parameters:  A-C: 1.00000  A-G: 1.00000  A-T: 1.00000  C-G: 1.00000  C-T: 1.00000  G-T: 1.00000
Base frequencies:  A: 0.250  C: 0.250  G: 0.250  T: 0.250
Parameters optimization took 1 rounds (0.000 sec)
Computing ML distances based on estimated model parameters...
Computing ML distances took 0.000569 sec (of wall-clock time) 0.000538 sec(of CPU time)
WARNING: Some pairwise ML distances are too long (saturated)
Computing RapidNJ tree took 0.000037 sec (of wall-clock time) 0.000034 sec (of CPU time)
Log-likelihood of RapidNJ tree: -1513.196
--------------------------------------------------------------------
|             INITIALIZING CANDIDATE TREE SET                      |
--------------------------------------------------------------------
Generating 98 parsimony trees... 0.022 second
Computing log-likelihood of 96 initial trees ... 0.021 seconds
Current best score: -1504.342

Do NNI search on 20 best initial trees
Estimate model parameters (epsilon = 0.100)
BETTER TREE FOUND at iteration 1: -1504.342
UPDATE BEST LOG-LIKELIHOOD: -1504.342
BETTER TREE FOUND at iteration 9: -1504.342
Iteration 10 / LogL: -1504.342 / Time: 0h:0m:0s
Iteration 20 / LogL: -1504.342 / Time: 0h:0m:0s
Finish initializing candidate tree set (12)
Current best tree score: -1504.342 / CPU time: 0.101
Number of iterations: 20
--------------------------------------------------------------------
|               OPTIMIZING CANDIDATE TREE SET                      |
--------------------------------------------------------------------
UPDATE BEST LOG-LIKELIHOOD: -1504.342
Iteration 30 / LogL: -1511.798 / Time: 0h:0m:0s (0h:0m:0s left)
Iteration 40 / LogL: -1504.343 / Time: 0h:0m:0s (0h:0m:0s left)
Iteration 50 / LogL: -1504.344 / Time: 0h:0m:0s (0h:0m:0s left)
Log-likelihood cutoff on original alignment: -1519.650
Iteration 60 / LogL: -1504.342 / Time: 0h:0m:0s (0h:0m:0s left)
Iteration 70 / LogL: -1504.342 / Time: 0h:0m:0s (0h:0m:0s left)
Iteration 80 / LogL: -1504.342 / Time: 0h:0m:0s (0h:0m:0s left)
Iteration 90 / LogL: -1504.346 / Time: 0h:0m:0s (0h:0m:0s left)
Iteration 100 / LogL: -1556.952 / Time: 0h:0m:0s (0h:0m:0s left)
Log-likelihood cutoff on original alignment: -1521.288
NOTE: Bootstrap correlation coefficient of split occurrence frequencies: 0.955
NOTE: UFBoot does not converge, continue at least 100 more iterations
Iteration 110 / LogL: -1504.342 / Time: 0h:0m:0s (0h:0m:0s left)
Iteration 120 / LogL: -1504.343 / Time: 0h:0m:0s (0h:0m:0s left)
Iteration 130 / LogL: -1504.342 / Time: 0h:0m:0s (0h:0m:0s left)
Iteration 140 / LogL: -1504.343 / Time: 0h:0m:0s (0h:0m:0s left)
Iteration 150 / LogL: -1504.346 / Time: 0h:0m:0s (0h:0m:0s left)
Log-likelihood cutoff on original alignment: -1521.288
Iteration 160 / LogL: -1504.343 / Time: 0h:0m:0s (0h:0m:0s left)
Iteration 170 / LogL: -1504.343 / Time: 0h:0m:0s (0h:0m:0s left)
Iteration 180 / LogL: -1504.342 / Time: 0h:0m:0s (0h:0m:0s left)
Iteration 190 / LogL: -1504.342 / Time: 0h:0m:1s (0h:0m:0s left)
Iteration 200 / LogL: -1504.343 / Time: 0h:0m:1s (0h:0m:0s left)
Log-likelihood cutoff on original alignment: -1521.672
NOTE: Bootstrap correlation coefficient of split occurrence frequencies: 0.954
NOTE: UFBoot does not converge, continue at least 100 more iterations
Iteration 210 / LogL: -1504.342 / Time: 0h:0m:1s (0h:0m:0s left)
Iteration 220 / LogL: -1504.346 / Time: 0h:0m:1s (0h:0m:0s left)
Iteration 230 / LogL: -1504.342 / Time: 0h:0m:1s (0h:0m:0s left)
Iteration 240 / LogL: -1504.346 / Time: 0h:0m:1s (0h:0m:0s left)
Iteration 250 / LogL: -1556.950 / Time: 0h:0m:1s (0h:0m:0s left)
Log-likelihood cutoff on original alignment: -1520.418
Iteration 260 / LogL: -1504.346 / Time: 0h:0m:1s (0h:0m:0s left)
Iteration 270 / LogL: -1504.342 / Time: 0h:0m:1s (0h:0m:0s left)
Iteration 280 / LogL: -1511.798 / Time: 0h:0m:1s (0h:0m:0s left)
Iteration 290 / LogL: -1504.342 / Time: 0h:0m:1s (0h:0m:0s left)
Iteration 300 / LogL: -1504.345 / Time: 0h:0m:1s (0h:0m:0s left)
Log-likelihood cutoff on original alignment: -1520.418
NOTE: Bootstrap correlation coefficient of split occurrence frequencies: 0.963
NOTE: UFBoot does not converge, continue at least 100 more iterations
Iteration 310 / LogL: -1504.348 / Time: 0h:0m:1s (0h:0m:0s left)
Iteration 320 / LogL: -1504.343 / Time: 0h:0m:1s (0h:0m:0s left)
Iteration 330 / LogL: -1504.346 / Time: 0h:0m:1s (0h:0m:0s left)
Iteration 340 / LogL: -1504.345 / Time: 0h:0m:1s (0h:0m:0s left)
Iteration 350 / LogL: -1504.343 / Time: 0h:0m:1s (0h:0m:0s left)
Log-likelihood cutoff on original alignment: -1520.418
Iteration 360 / LogL: -1504.347 / Time: 0h:0m:1s (0h:0m:0s left)
Iteration 370 / LogL: -1556.951 / Time: 0h:0m:1s (0h:0m:0s left)
Iteration 380 / LogL: -1504.343 / Time: 0h:0m:2s (0h:0m:0s left)
Iteration 390 / LogL: -1504.343 / Time: 0h:0m:2s (0h:0m:0s left)
Iteration 400 / LogL: -1504.346 / Time: 0h:0m:2s (0h:0m:0s left)
Log-likelihood cutoff on original alignment: -1520.418
NOTE: Bootstrap correlation coefficient of split occurrence frequencies: 0.967
NOTE: UFBoot does not converge, continue at least 100 more iterations
Iteration 410 / LogL: -1504.343 / Time: 0h:0m:2s (0h:0m:0s left)
Iteration 420 / LogL: -1504.348 / Time: 0h:0m:2s (0h:0m:0s left)
Iteration 430 / LogL: -1504.343 / Time: 0h:0m:2s (0h:0m:0s left)
UPDATE BEST LOG-LIKELIHOOD: -1504.342
Iteration 440 / LogL: -1504.343 / Time: 0h:0m:2s (0h:0m:0s left)
Iteration 450 / LogL: -1504.342 / Time: 0h:0m:2s (0h:0m:0s left)
Log-likelihood cutoff on original alignment: -1520.316
Iteration 460 / LogL: -1504.345 / Time: 0h:0m:2s (0h:0m:0s left)
Iteration 470 / LogL: -1504.344 / Time: 0h:0m:2s (0h:0m:0s left)
Iteration 480 / LogL: -1504.345 / Time: 0h:0m:2s (0h:0m:0s left)
Iteration 490 / LogL: -1504.342 / Time: 0h:0m:2s (0h:0m:0s left)
Iteration 500 / LogL: -1504.344 / Time: 0h:0m:2s (0h:0m:0s left)
Log-likelihood cutoff on original alignment: -1520.397
NOTE: Bootstrap correlation coefficient of split occurrence frequencies: 0.975
NOTE: UFBoot does not converge, continue at least 100 more iterations
Iteration 510 / LogL: -1504.344 / Time: 0h:0m:2s (0h:0m:0s left)
Iteration 520 / LogL: -1504.345 / Time: 0h:0m:2s (0h:0m:0s left)
Iteration 530 / LogL: -1504.343 / Time: 0h:0m:2s (0h:0m:0s left)
Iteration 540 / LogL: -1504.345 / Time: 0h:0m:2s (0h:0m:0s left)
Iteration 550 / LogL: -1504.342 / Time: 0h:0m:2s (0h:0m:0s left)
Log-likelihood cutoff on original alignment: -1520.397
Iteration 560 / LogL: -1504.342 / Time: 0h:0m:2s (0h:0m:0s left)
Iteration 570 / LogL: -1504.346 / Time: 0h:0m:3s (0h:0m:0s left)
Iteration 580 / LogL: -1504.343 / Time: 0h:0m:3s (0h:0m:0s left)
Iteration 590 / LogL: -1504.343 / Time: 0h:0m:3s (0h:0m:0s left)
Iteration 600 / LogL: -1504.345 / Time: 0h:0m:3s (0h:0m:0s left)
Log-likelihood cutoff on original alignment: -1520.397
NOTE: Bootstrap correlation coefficient of split occurrence frequencies: 0.976
NOTE: UFBoot does not converge, continue at least 100 more iterations
Iteration 610 / LogL: -1504.342 / Time: 0h:0m:3s (0h:0m:0s left)
Iteration 620 / LogL: -1504.344 / Time: 0h:0m:3s (0h:0m:0s left)
Iteration 630 / LogL: -1504.345 / Time: 0h:0m:3s (0h:0m:0s left)
Iteration 640 / LogL: -1504.342 / Time: 0h:0m:3s (0h:0m:0s left)
Iteration 650 / LogL: -1504.343 / Time: 0h:0m:3s (0h:0m:0s left)
Log-likelihood cutoff on original alignment: -1520.396
Iteration 660 / LogL: -1556.950 / Time: 0h:0m:3s (0h:0m:0s left)
Iteration 670 / LogL: -1504.342 / Time: 0h:0m:3s (0h:0m:0s left)
Iteration 680 / LogL: -1504.342 / Time: 0h:0m:3s (0h:0m:0s left)
Iteration 690 / LogL: -1504.343 / Time: 0h:0m:3s (0h:0m:0s left)
Iteration 700 / LogL: -1504.342 / Time: 0h:0m:3s (0h:0m:0s left)
Log-likelihood cutoff on original alignment: -1520.316
NOTE: Bootstrap correlation coefficient of split occurrence frequencies: 0.982
NOTE: UFBoot does not converge, continue at least 100 more iterations
Iteration 710 / LogL: -1504.343 / Time: 0h:0m:3s (0h:0m:0s left)
Iteration 720 / LogL: -1504.345 / Time: 0h:0m:4s (0h:0m:0s left)
Iteration 730 / LogL: -1504.343 / Time: 0h:0m:4s (0h:0m:0s left)
Iteration 740 / LogL: -1504.343 / Time: 0h:0m:4s (0h:0m:0s left)
Iteration 750 / LogL: -1556.950 / Time: 0h:0m:4s (0h:0m:0s left)
Log-likelihood cutoff on original alignment: -1520.316
Iteration 760 / LogL: -1504.344 / Time: 0h:0m:4s (0h:0m:0s left)
Iteration 770 / LogL: -1504.342 / Time: 0h:0m:4s (0h:0m:0s left)
Iteration 780 / LogL: -1556.950 / Time: 0h:0m:4s (0h:0m:0s left)
Iteration 790 / LogL: -1504.342 / Time: 0h:0m:4s (0h:0m:0s left)
Iteration 800 / LogL: -1504.342 / Time: 0h:0m:4s (0h:0m:0s left)
Log-likelihood cutoff on original alignment: -1520.316
NOTE: Bootstrap correlation coefficient of split occurrence frequencies: 0.983
NOTE: UFBoot does not converge, continue at least 100 more iterations
Iteration 810 / LogL: -1504.344 / Time: 0h:0m:4s (0h:0m:0s left)
Iteration 820 / LogL: -1504.345 / Time: 0h:0m:4s (0h:0m:0s left)
Iteration 830 / LogL: -1504.346 / Time: 0h:0m:4s (0h:0m:0s left)
Iteration 840 / LogL: -1504.345 / Time: 0h:0m:4s (0h:0m:0s left)
Iteration 850 / LogL: -1504.342 / Time: 0h:0m:5s (0h:0m:0s left)
Log-likelihood cutoff on original alignment: -1520.316
Iteration 860 / LogL: -1504.343 / Time: 0h:0m:5s (0h:0m:0s left)
Iteration 870 / LogL: -1504.342 / Time: 0h:0m:5s (0h:0m:0s left)
Iteration 880 / LogL: -1504.343 / Time: 0h:0m:5s (0h:0m:0s left)
Iteration 890 / LogL: -1504.342 / Time: 0h:0m:5s (0h:0m:0s left)
Iteration 900 / LogL: -1504.345 / Time: 0h:0m:5s (0h:0m:0s left)
Log-likelihood cutoff on original alignment: -1520.396
NOTE: Bootstrap correlation coefficient of split occurrence frequencies: 0.983
NOTE: UFBoot does not converge, continue at least 100 more iterations
Iteration 910 / LogL: -1504.342 / Time: 0h:0m:5s (0h:0m:0s left)
Iteration 920 / LogL: -1504.344 / Time: 0h:0m:5s (0h:0m:0s left)
Iteration 930 / LogL: -1504.342 / Time: 0h:0m:5s (0h:0m:0s left)
Iteration 940 / LogL: -1504.342 / Time: 0h:0m:5s (0h:0m:0s left)
Iteration 950 / LogL: -1504.343 / Time: 0h:0m:5s (0h:0m:0s left)
Log-likelihood cutoff on original alignment: -1520.396
Iteration 960 / LogL: -1504.343 / Time: 0h:0m:6s (0h:0m:0s left)
Iteration 970 / LogL: -1504.342 / Time: 0h:0m:6s (0h:0m:0s left)
Iteration 980 / LogL: -1504.342 / Time: 0h:0m:6s (0h:0m:0s left)
Iteration 990 / LogL: -1504.343 / Time: 0h:0m:6s (0h:0m:0s left)
Iteration 1000 / LogL: -1504.343 / Time: 0h:0m:6s (0h:0m:0s left)
Log-likelihood cutoff on original alignment: -1520.396
NOTE: Bootstrap correlation coefficient of split occurrence frequencies: 0.976
NOTE: UFBoot does not converge, continue at least 100 more iterations
WARNING: bootstrap analysis did not converge. You should rerun with higher number of iterations (-nm option)
TREE SEARCH COMPLETED AFTER 1001 ITERATIONS / Time: 0h:0m:6s

--------------------------------------------------------------------
|                    FINALIZING TREE SEARCH                        |
--------------------------------------------------------------------
Performs final model parameters optimization
Estimate model parameters (epsilon = 0.010)
1. Initial log-likelihood: -1504.342
Optimal log-likelihood: -1504.342
Rate parameters:  A-C: 1.00000  A-G: 1.00000  A-T: 1.00000  C-G: 1.00000  C-T: 1.00000  G-T: 1.00000
Base frequencies:  A: 0.250  C: 0.250  G: 0.250  T: 0.250
Parameters optimization took 1 rounds (0.000 sec)
BEST SCORE FOUND : -1504.342
Creating bootstrap support values...
Split supports printed to NEXUS file 92569at7898.fltrd_aligned.fas.splits.nex
Total tree length: 0.066

Total number of iterations: 1001
CPU time used for tree search: 6.190 sec (0h:0m:6s)
Wall-clock time used for tree search: 6.339 sec (0h:0m:6s)
Total CPU time used: 6.226 sec (0h:0m:6s)
Total wall-clock time used: 6.384 sec (0h:0m:6s)

Computing bootstrap consensus tree...
Reading input file 92569at7898.fltrd_aligned.fas.splits.nex...
12 taxa and 111 splits.
Consensus tree written to 92569at7898.fltrd_aligned.fas.contree
Reading input trees file 92569at7898.fltrd_aligned.fas.contree
Log-likelihood of consensus tree: -1504.355

Analysis results written to: 
  IQ-TREE report:                92569at7898.fltrd_aligned.fas.iqtree
  Maximum-likelihood tree:       92569at7898.fltrd_aligned.fas.treefile
  Likelihood distances:          92569at7898.fltrd_aligned.fas.mldist

Ultrafast bootstrap approximation results written to:
  Split support values:          92569at7898.fltrd_aligned.fas.splits.nex
  Consensus tree:                92569at7898.fltrd_aligned.fas.contree
  Screen log file:               92569at7898.fltrd_aligned.fas.log

Date and Time: Tue Dec  2 14:49:25 2025
