IQ-TREE multicore version 2.1.3 COVID-edition for Linux 64-bit built Apr 21 2021
Developed by Bui Quang Minh, James Barbetti, Nguyen Lam Tung,
Olga Chernomor, Heiko Schmidt, Dominik Schrempf, Michael Woodhams.

Host:    gombessa.rcs.alaska.edu (AVX2, FMA3, 503 GB RAM)
Command: /export/scratch/tsvanorden/Char_Phylogenetics/src/iqtree-2.1.3-Linux/bin/iqtree2 -s 66325at7898.fltrd_aligned.fas -m MFP -bb 1000 -T 1
Seed:    590268 (Using SPRNG - Scalable Parallel Random Number Generator)
Time:    Tue Dec  2 14:49:15 2025
Kernel:  AVX+FMA - 1 threads (1 CPU cores detected)

Reading alignment file 66325at7898.fltrd_aligned.fas ... Fasta format detected
Alignment most likely contains DNA/RNA sequences
WARNING: 90 sites contain only gaps or ambiguous characters.
Alignment has 20 sequences with 1752 columns, 86 distinct patterns
24 parsimony-informative, 37 singleton sites, 1691 constant sites
                                Gap/Ambiguity  Composition  p-value
   1  251140_Ward_Creek                 8.45%    passed     52.29%
   2  260512_Pybus_Point               13.36%    passed     99.57%
   3  261935_Kenai_River               11.64%    passed     99.54%
   4  353213_Cropley_Lake              13.36%    passed     99.57%
   5  353219_Peterson_Creek            13.36%    passed     99.57%
   6  353220_Fish_Creek                14.27%    passed     98.36%
   7  353246_Cottonwood_Creek          11.64%    passed     99.54%
   8  353379_Skagit_River              13.87%    passed     99.45%
   9  353381_Dungeness_River           30.48%    passed     99.17%
  10  353401_Peace_River               13.87%    passed     99.47%
  11  353407_Noatok                     5.71%    passed     23.86%
  12  353410_Horizon_Lake              11.64%    passed     99.53%
  13  92319_Little_Lost                13.87%    passed     99.45%
  14  94280_St_Joe                     14.38%    passed     99.46%
  15  GCA016432855_Lake_Trout          11.64%    passed     99.86%
  16  GCA036784925_Maine_S_alpinus     11.64%    passed     99.72%
  17  GCA045679555_Iceland_A_alpinus   11.64%    passed     99.72%
  18  GCF013265735_Rainbow_Trout       13.70%    passed     94.42%
  19  GCF029448725_Brook_Trout         11.64%    passed     99.90%
  20  Methow_River_99895               13.87%    passed     99.47%
****  TOTAL                            13.20%  0 sequences failed composition chi2 test (p-value<5%; df=3)
NOTE: 353213_Cropley_Lake is identical to 260512_Pybus_Point but kept for subsequent analysis
NOTE: 353246_Cottonwood_Creek is identical to 261935_Kenai_River but kept for subsequent analysis
NOTE: 92319_Little_Lost is identical to 353379_Skagit_River but kept for subsequent analysis
NOTE: Methow_River_99895 is identical to 353401_Peace_River but kept for subsequent analysis
NOTE: GCA045679555_Iceland_A_alpinus is identical to GCA036784925_Maine_S_alpinus but kept for subsequent analysis
NOTE: 1 identical sequences (see below) will be ignored for subsequent analysis
NOTE: 353219_Peterson_Creek (identical to 260512_Pybus_Point) is ignored but added at the end
Alignment was printed to 66325at7898.fltrd_aligned.fas.uniqueseq.phy

For your convenience alignment with unique sequences printed to 66325at7898.fltrd_aligned.fas.uniqueseq.phy


Create initial parsimony tree by phylogenetic likelihood library (PLL)... 0.000 seconds
Perform fast likelihood tree search using GTR+I+G model...
Estimate model parameters (epsilon = 5.000)
Perform nearest neighbor interchange...
Estimate model parameters (epsilon = 1.000)
1. Initial log-likelihood: -2703.723
Optimal log-likelihood: -2703.723
Rate parameters:  A-C: 0.99429  A-G: 0.97743  A-T: 0.41488  C-G: 0.35586  C-T: 2.08010  G-T: 1.00000
Base frequencies:  A: 0.249  C: 0.246  G: 0.297  T: 0.208
Proportion of invariable sites: 0.483
Gamma shape alpha: 3.536
Parameters optimization took 1 rounds (0.002 sec)
Time for fast ML tree search: 0.014 seconds

NOTE: ModelFinder requires 0 MB RAM!
ModelFinder will test up to 286 DNA models (sample size: 1752) ...
 No. Model         -LnL         df  AIC          AICc         BIC
  1  GTR+F         2704.328     43  5494.655     5496.871     5729.802
  2  GTR+F+I       2703.714     44  5495.428     5497.748     5736.043
  3  GTR+F+G4      2703.725     44  5495.449     5497.769     5736.064
  4  GTR+F+I+G4    2703.722     45  5497.445     5499.872     5743.528
  5  GTR+F+R2      2703.933     45  5497.867     5500.294     5743.950
  6  GTR+F+R3      2703.849     47  5501.698     5504.346     5758.719
 14  SYM           2715.290     40  5510.579     5512.496     5729.320
 15  SYM+I         2714.686     41  5511.372     5513.386     5735.581
 16  SYM+G4        2714.695     41  5511.390     5513.404     5735.599
 27  TVM+F         2706.540     42  5497.079     5499.193     5726.757
 28  TVM+F+I       2705.825     43  5497.650     5499.865     5732.796
 29  TVM+F+G4      2705.836     43  5497.672     5499.888     5732.818
 40  TVMe          2716.544     39  5511.089     5512.911     5724.361
 41  TVMe+I        2715.864     40  5511.728     5513.645     5730.468
 42  TVMe+G4       2715.874     40  5511.748     5513.665     5730.489
 53  TIM3+F        2707.218     41  5496.435     5498.449     5720.644
 54  TIM3+F+I      2706.627     42  5497.255     5499.368     5726.932
 55  TIM3+F+G4     2706.638     42  5497.276     5499.389     5726.953
 66  TIM3e         2718.115     38  5512.229     5513.960     5720.033
 67  TIM3e+I       2717.524     39  5513.049     5514.871     5726.321
 68  TIM3e+G4      2717.534     39  5513.068     5514.891     5726.340
 79  TIM2+F        2707.215     41  5496.431     5498.445     5720.640
 80  TIM2+F+I      2706.621     42  5497.242     5499.355     5726.919
 81  TIM2+F+G4     2706.631     42  5497.261     5499.375     5726.939
 92  TIM2e         2718.113     38  5512.226     5513.956     5720.030
 93  TIM2e+I       2717.523     39  5513.046     5514.868     5726.318
 94  TIM2e+G4      2717.533     39  5513.065     5514.888     5726.337
105  TIM+F         2704.343     41  5490.687     5492.701     5714.896
106  TIM+F+I       2703.736     42  5491.472     5493.586     5721.150
107  TIM+F+G4      2703.747     42  5491.493     5493.607     5721.171
118  TIMe          2715.292     38  5506.584     5508.314     5714.388
119  TIMe+I        2714.687     39  5507.374     5509.197     5720.646
120  TIMe+G4       2714.696     39  5507.393     5509.215     5720.665
131  TPM3u+F       2709.429     40  5498.857     5500.774     5717.598
132  TPM3u+F+I     2708.739     41  5499.478     5501.493     5723.688
133  TPM3u+F+G4    2708.752     41  5499.503     5501.517     5723.712
144  TPM3+F        2709.429     40  5498.857     5500.774     5717.598
145  TPM3+F+I      2708.739     41  5499.478     5501.493     5723.688
146  TPM3+F+G4     2708.752     41  5499.503     5501.517     5723.712
157  TPM2u+F       2709.423     40  5498.847     5500.764     5717.587
158  TPM2u+F+I     2708.729     41  5499.459     5501.473     5723.668
159  TPM2u+F+G4    2708.741     41  5499.482     5501.496     5723.691
170  TPM2+F        2709.423     40  5498.847     5500.764     5717.587
171  TPM2+F+I      2708.729     41  5499.459     5501.473     5723.668
172  TPM2+F+G4     2708.741     41  5499.482     5501.496     5723.691
183  K3Pu+F        2706.553     40  5493.106     5495.023     5711.847
184  K3Pu+F+I      2705.848     41  5493.696     5495.710     5717.905
185  K3Pu+F+G4     2705.860     41  5493.719     5495.733     5717.928
196  K3P           2716.546     37  5507.092     5508.732     5709.427
197  K3P+I         2715.865     38  5507.730     5509.461     5715.534
198  K3P+G4        2715.876     38  5507.752     5509.482     5715.555
209  TN+F          2707.259     40  5494.518     5496.435     5713.258
210  TN+F+I        2706.673     41  5495.346     5497.360     5719.555
211  TN+F+G4       2706.683     41  5495.367     5497.381     5719.576
222  TNe           2718.116     37  5510.231     5511.872     5712.566
223  TNe+I         2717.526     38  5511.051     5512.782     5718.855
224  TNe+G4        2717.535     38  5511.070     5512.801     5718.874
235  HKY+F         2709.467     39  5496.934     5498.756     5710.206
236  HKY+F+I       2708.784     40  5497.569     5499.486     5716.309
237  HKY+F+G4      2708.796     40  5497.592     5499.509     5716.332
248  K2P           2719.369     36  5510.737     5512.290     5707.604
249  K2P+I         2718.705     37  5511.409     5513.050     5713.744
250  K2P+G4        2718.715     37  5511.431     5513.071     5713.766
261  F81+F         2713.440     38  5502.881     5504.611     5710.684
262  F81+F+I       2712.812     39  5503.624     5505.446     5716.896
263  F81+F+G4      2712.822     39  5503.643     5505.466     5716.915
274  JC            2723.449     35  5516.898     5518.367     5708.296
275  JC+I          2722.809     36  5517.619     5519.172     5714.485
276  JC+G4         2722.818     36  5517.637     5519.190     5714.503
Akaike Information Criterion:           TIM+F
Corrected Akaike Information Criterion: TIM+F
Bayesian Information Criterion:         K2P
Best-fit model: K2P chosen according to BIC

All model information printed to 66325at7898.fltrd_aligned.fas.model.gz
CPU time for ModelFinder: 0.140 seconds (0h:0m:0s)
Wall-clock time for ModelFinder: 0.144 seconds (0h:0m:0s)
Generating 1000 samples for ultrafast bootstrap (seed: 590268)...

NOTE: 0 MB RAM (0 GB) is required!
Estimate model parameters (epsilon = 0.100)
1. Initial log-likelihood: -2719.369
Optimal log-likelihood: -2719.369
Rate parameters:  A-C: 1.00000  A-G: 2.07909  A-T: 1.00000  C-G: 1.00000  C-T: 2.07909  G-T: 1.00000
Base frequencies:  A: 0.250  C: 0.250  G: 0.250  T: 0.250
Parameters optimization took 1 rounds (0.001 sec)
Computing ML distances based on estimated model parameters...
Computing ML distances took 0.001316 sec (of wall-clock time) 0.001299 sec(of CPU time)
Computing RapidNJ tree took 0.000065 sec (of wall-clock time) 0.000064 sec (of CPU time)
Log-likelihood of RapidNJ tree: -2719.408
--------------------------------------------------------------------
|             INITIALIZING CANDIDATE TREE SET                      |
--------------------------------------------------------------------
Generating 98 parsimony trees... 0.027 second
Computing log-likelihood of 98 initial trees ... 0.043 seconds
Current best score: -2719.154

Do NNI search on 20 best initial trees
Estimate model parameters (epsilon = 0.100)
BETTER TREE FOUND at iteration 1: -2719.153
BETTER TREE FOUND at iteration 3: -2719.152
BETTER TREE FOUND at iteration 8: -2719.152
Iteration 10 / LogL: -2719.152 / Time: 0h:0m:0s
BETTER TREE FOUND at iteration 12: -2719.152
Iteration 20 / LogL: -2719.153 / Time: 0h:0m:0s
Finish initializing candidate tree set (20)
Current best tree score: -2719.152 / CPU time: 0.196
Number of iterations: 20
--------------------------------------------------------------------
|               OPTIMIZING CANDIDATE TREE SET                      |
--------------------------------------------------------------------
Iteration 30 / LogL: -2719.162 / Time: 0h:0m:0s (0h:0m:0s left)
BETTER TREE FOUND at iteration 33: -2719.152
Iteration 40 / LogL: -2729.680 / Time: 0h:0m:0s (0h:0m:0s left)
Iteration 50 / LogL: -2719.157 / Time: 0h:0m:0s (0h:0m:0s left)
Log-likelihood cutoff on original alignment: -2741.778
Iteration 60 / LogL: -2729.677 / Time: 0h:0m:0s (0h:0m:0s left)
Iteration 70 / LogL: -2719.164 / Time: 0h:0m:0s (0h:0m:0s left)
Iteration 80 / LogL: -2719.158 / Time: 0h:0m:0s (0h:0m:0s left)
UPDATE BEST LOG-LIKELIHOOD: -2719.152
Iteration 90 / LogL: -2719.174 / Time: 0h:0m:0s (0h:0m:0s left)
Iteration 100 / LogL: -2719.168 / Time: 0h:0m:0s (0h:0m:0s left)
Log-likelihood cutoff on original alignment: -2741.667
NOTE: Bootstrap correlation coefficient of split occurrence frequencies: 0.968
NOTE: UFBoot does not converge, continue at least 100 more iterations
BETTER TREE FOUND at iteration 109: -2719.152
Iteration 110 / LogL: -2719.169 / Time: 0h:0m:0s (0h:0m:0s left)
Iteration 120 / LogL: -2719.158 / Time: 0h:0m:0s (0h:0m:0s left)
Iteration 130 / LogL: -2719.162 / Time: 0h:0m:1s (0h:0m:0s left)
Iteration 140 / LogL: -2719.165 / Time: 0h:0m:1s (0h:0m:0s left)
Iteration 150 / LogL: -2719.156 / Time: 0h:0m:1s (0h:0m:0s left)
Log-likelihood cutoff on original alignment: -2742.362
BETTER TREE FOUND at iteration 160: -2719.152
Iteration 160 / LogL: -2719.152 / Time: 0h:0m:1s (0h:0m:0s left)
BETTER TREE FOUND at iteration 163: -2719.152
Iteration 170 / LogL: -2719.165 / Time: 0h:0m:1s (0h:0m:0s left)
BETTER TREE FOUND at iteration 180: -2719.152
Iteration 180 / LogL: -2719.152 / Time: 0h:0m:1s (0h:0m:0s left)
Iteration 190 / LogL: -2837.293 / Time: 0h:0m:1s (0h:0m:0s left)
Iteration 200 / LogL: -2719.371 / Time: 0h:0m:1s (0h:0m:0s left)
Log-likelihood cutoff on original alignment: -2742.696
NOTE: Bootstrap correlation coefficient of split occurrence frequencies: 0.968
NOTE: UFBoot does not converge, continue at least 100 more iterations
Iteration 210 / LogL: -2719.162 / Time: 0h:0m:1s (0h:0m:0s left)
Iteration 220 / LogL: -2719.169 / Time: 0h:0m:1s (0h:0m:0s left)
Iteration 230 / LogL: -2719.174 / Time: 0h:0m:1s (0h:0m:0s left)
Iteration 240 / LogL: -2719.164 / Time: 0h:0m:1s (0h:0m:0s left)
Iteration 250 / LogL: -2719.167 / Time: 0h:0m:1s (0h:0m:0s left)
Log-likelihood cutoff on original alignment: -2742.696
Iteration 260 / LogL: -2719.175 / Time: 0h:0m:2s (0h:0m:0s left)
Iteration 270 / LogL: -2719.165 / Time: 0h:0m:2s (0h:0m:0s left)
Iteration 280 / LogL: -2719.154 / Time: 0h:0m:2s (0h:0m:0s left)
Iteration 290 / LogL: -2729.668 / Time: 0h:0m:2s (0h:0m:0s left)
Iteration 300 / LogL: -2719.165 / Time: 0h:0m:2s (0h:0m:0s left)
Log-likelihood cutoff on original alignment: -2742.360
NOTE: Bootstrap correlation coefficient of split occurrence frequencies: 0.898
NOTE: UFBoot does not converge, continue at least 100 more iterations
Iteration 310 / LogL: -2719.154 / Time: 0h:0m:2s (0h:0m:0s left)
Iteration 320 / LogL: -2719.159 / Time: 0h:0m:2s (0h:0m:0s left)
Iteration 330 / LogL: -2719.159 / Time: 0h:0m:2s (0h:0m:0s left)
Iteration 340 / LogL: -2719.160 / Time: 0h:0m:2s (0h:0m:0s left)
Iteration 350 / LogL: -2719.161 / Time: 0h:0m:2s (0h:0m:0s left)
Log-likelihood cutoff on original alignment: -2742.360
Iteration 360 / LogL: -2719.152 / Time: 0h:0m:2s (0h:0m:0s left)
Iteration 370 / LogL: -2719.157 / Time: 0h:0m:2s (0h:0m:0s left)
Iteration 380 / LogL: -2719.161 / Time: 0h:0m:2s (0h:0m:0s left)
Iteration 390 / LogL: -2719.157 / Time: 0h:0m:3s (0h:0m:0s left)
Iteration 400 / LogL: -2719.165 / Time: 0h:0m:3s (0h:0m:0s left)
Log-likelihood cutoff on original alignment: -2742.360
NOTE: Bootstrap correlation coefficient of split occurrence frequencies: 0.930
NOTE: UFBoot does not converge, continue at least 100 more iterations
Iteration 410 / LogL: -2719.159 / Time: 0h:0m:3s (0h:0m:0s left)
Iteration 420 / LogL: -2733.767 / Time: 0h:0m:3s (0h:0m:0s left)
Iteration 430 / LogL: -2719.166 / Time: 0h:0m:3s (0h:0m:0s left)
Iteration 440 / LogL: -2847.678 / Time: 0h:0m:3s (0h:0m:0s left)
Iteration 450 / LogL: -2719.159 / Time: 0h:0m:3s (0h:0m:0s left)
Log-likelihood cutoff on original alignment: -2742.360
Iteration 460 / LogL: -2837.170 / Time: 0h:0m:3s (0h:0m:0s left)
Iteration 470 / LogL: -2719.161 / Time: 0h:0m:3s (0h:0m:0s left)
Iteration 480 / LogL: -2719.152 / Time: 0h:0m:3s (0h:0m:0s left)
Iteration 490 / LogL: -2719.167 / Time: 0h:0m:3s (0h:0m:0s left)
Iteration 500 / LogL: -2719.162 / Time: 0h:0m:3s (0h:0m:0s left)
Log-likelihood cutoff on original alignment: -2742.360
NOTE: Bootstrap correlation coefficient of split occurrence frequencies: 0.969
NOTE: UFBoot does not converge, continue at least 100 more iterations
Iteration 510 / LogL: -2846.185 / Time: 0h:0m:4s (0h:0m:0s left)
Iteration 520 / LogL: -2719.159 / Time: 0h:0m:4s (0h:0m:0s left)
Iteration 530 / LogL: -2719.160 / Time: 0h:0m:4s (0h:0m:0s left)
Iteration 540 / LogL: -2719.173 / Time: 0h:0m:4s (0h:0m:0s left)
Iteration 550 / LogL: -2719.163 / Time: 0h:0m:4s (0h:0m:0s left)
Log-likelihood cutoff on original alignment: -2742.360
Iteration 560 / LogL: -2719.166 / Time: 0h:0m:4s (0h:0m:0s left)
UPDATE BEST LOG-LIKELIHOOD: -2719.152
Iteration 570 / LogL: -2837.889 / Time: 0h:0m:4s (0h:0m:0s left)
Iteration 580 / LogL: -2719.161 / Time: 0h:0m:4s (0h:0m:0s left)
Iteration 590 / LogL: -2719.166 / Time: 0h:0m:4s (0h:0m:0s left)
Iteration 600 / LogL: -2719.152 / Time: 0h:0m:4s (0h:0m:0s left)
Log-likelihood cutoff on original alignment: -2742.700
NOTE: Bootstrap correlation coefficient of split occurrence frequencies: 0.986
NOTE: UFBoot does not converge, continue at least 100 more iterations
Iteration 610 / LogL: -2719.162 / Time: 0h:0m:4s (0h:0m:0s left)
Iteration 620 / LogL: -2719.161 / Time: 0h:0m:5s (0h:0m:0s left)
Iteration 630 / LogL: -2719.166 / Time: 0h:0m:5s (0h:0m:0s left)
Iteration 640 / LogL: -2719.171 / Time: 0h:0m:5s (0h:0m:0s left)
UPDATE BEST LOG-LIKELIHOOD: -2719.152
Iteration 650 / LogL: -2719.168 / Time: 0h:0m:5s (0h:0m:0s left)
Log-likelihood cutoff on original alignment: -2742.700
Iteration 660 / LogL: -2719.154 / Time: 0h:0m:5s (0h:0m:0s left)
Iteration 670 / LogL: -2719.165 / Time: 0h:0m:5s (0h:0m:0s left)
Iteration 680 / LogL: -2719.160 / Time: 0h:0m:5s (0h:0m:0s left)
Iteration 690 / LogL: -2837.743 / Time: 0h:0m:5s (0h:0m:0s left)
UPDATE BEST LOG-LIKELIHOOD: -2719.152
UPDATE BEST LOG-LIKELIHOOD: -2719.152
Iteration 700 / LogL: -2719.152 / Time: 0h:0m:5s (0h:0m:0s left)
Log-likelihood cutoff on original alignment: -2742.700
NOTE: Bootstrap correlation coefficient of split occurrence frequencies: 0.989
NOTE: UFBoot does not converge, continue at least 100 more iterations
Iteration 710 / LogL: -2719.163 / Time: 0h:0m:5s (0h:0m:0s left)
Iteration 720 / LogL: -2719.160 / Time: 0h:0m:6s (0h:0m:0s left)
Iteration 730 / LogL: -2719.169 / Time: 0h:0m:6s (0h:0m:0s left)
Iteration 740 / LogL: -2719.168 / Time: 0h:0m:6s (0h:0m:0s left)
Iteration 750 / LogL: -2719.159 / Time: 0h:0m:6s (0h:0m:0s left)
Log-likelihood cutoff on original alignment: -2742.700
Iteration 760 / LogL: -2719.164 / Time: 0h:0m:6s (0h:0m:0s left)
Iteration 770 / LogL: -2719.162 / Time: 0h:0m:6s (0h:0m:0s left)
Iteration 780 / LogL: -2728.156 / Time: 0h:0m:6s (0h:0m:0s left)
Iteration 790 / LogL: -2719.168 / Time: 0h:0m:6s (0h:0m:0s left)
Iteration 800 / LogL: -2719.152 / Time: 0h:0m:6s (0h:0m:0s left)
Log-likelihood cutoff on original alignment: -2742.700
NOTE: Bootstrap correlation coefficient of split occurrence frequencies: 0.984
NOTE: UFBoot does not converge, continue at least 100 more iterations
Iteration 810 / LogL: -2728.154 / Time: 0h:0m:7s (0h:0m:0s left)
Iteration 820 / LogL: -2719.163 / Time: 0h:0m:7s (0h:0m:0s left)
Iteration 830 / LogL: -2719.158 / Time: 0h:0m:7s (0h:0m:0s left)
Iteration 840 / LogL: -2719.161 / Time: 0h:0m:7s (0h:0m:0s left)
Iteration 850 / LogL: -2733.646 / Time: 0h:0m:7s (0h:0m:0s left)
Log-likelihood cutoff on original alignment: -2742.700
Iteration 860 / LogL: -2719.152 / Time: 0h:0m:7s (0h:0m:0s left)
Iteration 870 / LogL: -2719.165 / Time: 0h:0m:7s (0h:0m:0s left)
Iteration 880 / LogL: -2719.158 / Time: 0h:0m:7s (0h:0m:0s left)
Iteration 890 / LogL: -2719.388 / Time: 0h:0m:7s (0h:0m:0s left)
Iteration 900 / LogL: -2837.174 / Time: 0h:0m:7s (0h:0m:0s left)
Log-likelihood cutoff on original alignment: -2742.360
NOTE: Bootstrap correlation coefficient of split occurrence frequencies: 0.980
NOTE: UFBoot does not converge, continue at least 100 more iterations
Iteration 910 / LogL: -2728.146 / Time: 0h:0m:8s (0h:0m:0s left)
Iteration 920 / LogL: -2719.169 / Time: 0h:0m:8s (0h:0m:0s left)
Iteration 930 / LogL: -2719.161 / Time: 0h:0m:8s (0h:0m:0s left)
Iteration 940 / LogL: -2719.178 / Time: 0h:0m:8s (0h:0m:0s left)
Iteration 950 / LogL: -2719.163 / Time: 0h:0m:8s (0h:0m:0s left)
Log-likelihood cutoff on original alignment: -2742.360
UPDATE BEST LOG-LIKELIHOOD: -2719.152
Iteration 960 / LogL: -2729.672 / Time: 0h:0m:8s (0h:0m:0s left)
Iteration 970 / LogL: -2719.170 / Time: 0h:0m:8s (0h:0m:0s left)
Iteration 980 / LogL: -2719.164 / Time: 0h:0m:8s (0h:0m:0s left)
Iteration 990 / LogL: -2846.192 / Time: 0h:0m:9s (0h:0m:0s left)
Iteration 1000 / LogL: -2728.289 / Time: 0h:0m:9s (0h:0m:0s left)
Log-likelihood cutoff on original alignment: -2742.360
NOTE: Bootstrap correlation coefficient of split occurrence frequencies: 0.989
NOTE: UFBoot does not converge, continue at least 100 more iterations
WARNING: bootstrap analysis did not converge. You should rerun with higher number of iterations (-nm option)
TREE SEARCH COMPLETED AFTER 1001 ITERATIONS / Time: 0h:0m:9s

--------------------------------------------------------------------
|                    FINALIZING TREE SEARCH                        |
--------------------------------------------------------------------
Performs final model parameters optimization
Estimate model parameters (epsilon = 0.010)
1. Initial log-likelihood: -2719.152
Optimal log-likelihood: -2719.152
Rate parameters:  A-C: 1.00000  A-G: 2.07904  A-T: 1.00000  C-G: 1.00000  C-T: 2.07904  G-T: 1.00000
Base frequencies:  A: 0.250  C: 0.250  G: 0.250  T: 0.250
Parameters optimization took 1 rounds (0.001 sec)
BEST SCORE FOUND : -2719.152
Creating bootstrap support values...
Split supports printed to NEXUS file 66325at7898.fltrd_aligned.fas.splits.nex
Total tree length: 0.041

Total number of iterations: 1001
CPU time used for tree search: 8.973 sec (0h:0m:8s)
Wall-clock time used for tree search: 9.175 sec (0h:0m:9s)
Total CPU time used: 9.045 sec (0h:0m:9s)
Total wall-clock time used: 9.249 sec (0h:0m:9s)

Computing bootstrap consensus tree...
Reading input file 66325at7898.fltrd_aligned.fas.splits.nex...
19 taxa and 172 splits.
Consensus tree written to 66325at7898.fltrd_aligned.fas.contree
Reading input trees file 66325at7898.fltrd_aligned.fas.contree
Log-likelihood of consensus tree: -2719.195

Analysis results written to: 
  IQ-TREE report:                66325at7898.fltrd_aligned.fas.iqtree
  Maximum-likelihood tree:       66325at7898.fltrd_aligned.fas.treefile
  Likelihood distances:          66325at7898.fltrd_aligned.fas.mldist

Ultrafast bootstrap approximation results written to:
  Split support values:          66325at7898.fltrd_aligned.fas.splits.nex
  Consensus tree:                66325at7898.fltrd_aligned.fas.contree
  Screen log file:               66325at7898.fltrd_aligned.fas.log

Date and Time: Tue Dec  2 14:49:25 2025
