IQ-TREE multicore version 2.1.3 COVID-edition for Linux 64-bit built Apr 21 2021
Developed by Bui Quang Minh, James Barbetti, Nguyen Lam Tung,
Olga Chernomor, Heiko Schmidt, Dominik Schrempf, Michael Woodhams.

Host:    gombessa.rcs.alaska.edu (AVX2, FMA3, 503 GB RAM)
Command: /export/scratch/tsvanorden/Char_Phylogenetics/src/iqtree-2.1.3-Linux/bin/iqtree2 -s 86317at7898.fltrd_aligned.fas -m MFP -bb 1000 -T 1
Seed:    762870 (Using SPRNG - Scalable Parallel Random Number Generator)
Time:    Tue Dec  2 14:49:15 2025
Kernel:  AVX+FMA - 1 threads (1 CPU cores detected)

Reading alignment file 86317at7898.fltrd_aligned.fas ... Fasta format detected
Alignment most likely contains DNA/RNA sequences
Alignment has 20 sequences with 915 columns, 50 distinct patterns
7 parsimony-informative, 25 singleton sites, 883 constant sites
                                Gap/Ambiguity  Composition  p-value
   1  251140_Ward_Creek                 9.84%    passed     99.99%
   2  260512_Pybus_Point                9.84%    passed     99.99%
   3  261935_Kenai_River                9.84%    passed     99.99%
   4  353213_Cropley_Lake               9.84%    passed     99.99%
   5  353219_Peterson_Creek             9.84%    passed     99.99%
   6  353220_Fish_Creek                 9.84%    passed     99.99%
   7  353246_Cottonwood_Creek           2.62%    passed     94.74%
   8  353379_Skagit_River               9.51%    passed     99.75%
   9  353381_Dungeness_River            9.84%    passed     99.99%
  10  353401_Peace_River                9.51%    passed     99.75%
  11  353407_Noatok                     9.84%    passed     99.99%
  12  353410_Horizon_Lake               9.84%    passed     99.97%
  13  92319_Little_Lost                 9.51%    passed     99.75%
  14  94280_St_Joe                      9.51%    passed     99.75%
  15  GCA016432855_Lake_Trout           9.84%    passed     99.95%
  16  GCA036784925_Maine_S_alpinus      9.84%    passed     99.94%
  17  GCA045679555_Iceland_A_alpinus    9.84%    passed     99.97%
  18  GCF013265735_Rainbow_Trout        4.59%    passed     98.47%
  19  GCF029448725_Brook_Trout          5.90%    passed     97.24%
  20  Methow_River_99895                9.51%    passed     99.75%
****  TOTAL                             8.93%  0 sequences failed composition chi2 test (p-value<5%; df=3)
NOTE: 260512_Pybus_Point is identical to 251140_Ward_Creek but kept for subsequent analysis
NOTE: 353401_Peace_River is identical to 353379_Skagit_River but kept for subsequent analysis
NOTE: GCA045679555_Iceland_A_alpinus is identical to 353410_Horizon_Lake but kept for subsequent analysis
NOTE: 9 identical sequences (see below) will be ignored for subsequent analysis
NOTE: 261935_Kenai_River (identical to 251140_Ward_Creek) is ignored but added at the end
NOTE: 353213_Cropley_Lake (identical to 251140_Ward_Creek) is ignored but added at the end
NOTE: 353219_Peterson_Creek (identical to 251140_Ward_Creek) is ignored but added at the end
NOTE: 353220_Fish_Creek (identical to 251140_Ward_Creek) is ignored but added at the end
NOTE: 353381_Dungeness_River (identical to 251140_Ward_Creek) is ignored but added at the end
NOTE: 353407_Noatok (identical to 251140_Ward_Creek) is ignored but added at the end
NOTE: 92319_Little_Lost (identical to 353379_Skagit_River) is ignored but added at the end
NOTE: 94280_St_Joe (identical to 353379_Skagit_River) is ignored but added at the end
NOTE: Methow_River_99895 (identical to 353379_Skagit_River) is ignored but added at the end
Alignment was printed to 86317at7898.fltrd_aligned.fas.uniqueseq.phy

For your convenience alignment with unique sequences printed to 86317at7898.fltrd_aligned.fas.uniqueseq.phy


Create initial parsimony tree by phylogenetic likelihood library (PLL)... 0.000 seconds
Perform fast likelihood tree search using GTR+I+G model...
Estimate model parameters (epsilon = 5.000)
Perform nearest neighbor interchange...
Estimate model parameters (epsilon = 1.000)
1. Initial log-likelihood: -1500.713
Optimal log-likelihood: -1500.708
Rate parameters:  A-C: 7.52889  A-G: 9.69044  A-T: 4.44969  C-G: 3.35547  C-T: 8.37372  G-T: 1.00000
Base frequencies:  A: 0.235  C: 0.251  G: 0.279  T: 0.236
Proportion of invariable sites: 0.482
Gamma shape alpha: 0.531
Parameters optimization took 1 rounds (0.001 sec)
Time for fast ML tree search: 0.006 seconds

NOTE: ModelFinder requires 0 MB RAM!
ModelFinder will test up to 286 DNA models (sample size: 915) ...
 No. Model         -LnL         df  AIC          AICc         BIC
  1  GTR+F         1502.430     27  3058.859     3060.564     3188.970
  2  GTR+F+I       1500.904     28  3057.808     3059.641     3192.737
  3  GTR+F+G4      1500.902     28  3057.804     3059.637     3192.734
  4  GTR+F+I+G4    1500.707     29  3059.415     3061.381     3199.164
  5  GTR+F+R2      1501.726     29  3061.453     3063.419     3201.202
  6  GTR+F+R3      1501.435     31  3064.871     3067.118     3214.257
 14  SYM           1504.684     24  3057.369     3058.717     3173.023
 15  SYM+I         1503.176     25  3056.352     3057.814     3176.825
 16  SYM+G4        1503.168     25  3056.336     3057.799     3176.809
 27  TVM+F         1502.458     26  3056.916     3058.497     3182.208
 28  TVM+F+I       1500.969     27  3055.937     3057.642     3186.048
 29  TVM+F+G4      1500.953     27  3055.907     3057.612     3186.018
 40  TVMe          1504.741     23  3055.482     3056.721     3166.317
 41  TVMe+I        1503.279     24  3054.559     3055.907     3170.213
 42  TVMe+G4       1503.257     24  3054.514     3055.862     3170.168
 53  TIM3+F        1504.134     25  3058.267     3059.730     3178.740
 54  TIM3+F+I      1502.641     26  3057.281     3058.862     3182.573
 55  TIM3+F+G4     1502.628     26  3057.256     3058.837     3182.548
 66  TIM3e         1506.070     22  3056.141     3057.275     3162.157
 67  TIM3e+I       1504.570     23  3055.140     3056.379     3165.975
 68  TIM3e+G4      1504.559     23  3055.118     3056.357     3165.954
 79  TIM2+F        1503.568     25  3057.135     3058.597     3177.608
 80  TIM2+F+I      1501.956     26  3055.911     3057.493     3181.204
 81  TIM2+F+G4     1501.977     26  3055.954     3057.535     3181.246
 92  TIM2e         1505.895     22  3055.790     3056.924     3161.806
 93  TIM2e+I       1504.308     23  3054.616     3055.855     3165.451
 94  TIM2e+G4      1504.322     23  3054.643     3055.882     3165.479
105  TIM+F         1505.084     25  3060.169     3061.631     3180.642
106  TIM+F+I       1503.513     26  3059.025     3060.606     3184.317
107  TIM+F+G4      1503.523     26  3059.046     3060.628     3184.338
118  TIMe          1507.109     22  3058.218     3059.353     3164.235
119  TIMe+I        1505.534     23  3057.068     3058.307     3167.903
120  TIMe+G4       1505.545     23  3057.091     3058.330     3167.926
131  TPM3u+F       1504.162     24  3056.323     3057.672     3171.978
132  TPM3u+F+I     1502.700     25  3055.399     3056.862     3175.873
133  TPM3u+F+G4    1502.678     25  3055.355     3056.817     3175.828
144  TPM3+F        1504.162     24  3056.323     3057.672     3171.978
145  TPM3+F+I      1502.700     25  3055.399     3056.862     3175.873
146  TPM3+F+G4     1502.678     25  3055.355     3056.817     3175.828
157  TPM2u+F       1503.595     24  3055.191     3056.539     3170.845
158  TPM2u+F+I     1502.025     25  3054.049     3055.512     3174.522
159  TPM2u+F+G4    1502.032     25  3054.064     3055.526     3174.537
170  TPM2+F        1503.595     24  3055.191     3056.539     3170.845
171  TPM2+F+I      1502.025     25  3054.049     3055.512     3174.522
172  TPM2+F+G4     1502.032     25  3054.064     3055.526     3174.537
183  K3Pu+F        1505.113     24  3058.225     3059.574     3173.879
184  K3Pu+F+I      1503.577     25  3057.153     3058.616     3177.626
185  K3Pu+F+G4     1503.576     25  3057.152     3058.615     3177.626
196  K3P           1507.165     21  3056.331     3057.365     3157.528
197  K3P+I         1505.639     22  3055.277     3056.412     3161.293
198  K3P+G4        1505.636     22  3055.272     3056.406     3161.288
209  TN+F          1505.107     24  3058.215     3059.563     3173.869
210  TN+F+I        1503.549     25  3057.098     3058.560     3177.571
211  TN+F+G4       1503.556     25  3057.111     3058.574     3177.585
222  TNe           1507.133     21  3056.266     3057.301     3157.463
223  TNe+I         1505.567     22  3055.134     3056.269     3161.150
224  TNe+G4        1505.576     22  3055.153     3056.287     3161.169
235  HKY+F         1505.136     23  3056.271     3057.511     3167.107
236  HKY+F+I       1503.612     24  3055.223     3056.571     3170.877
237  HKY+F+G4      1503.608     24  3055.216     3056.564     3170.870
248  K2P           1507.189     20  3054.379     3055.318     3150.757
249  K2P+I         1505.672     21  3053.345     3054.379     3154.542
250  K2P+G4        1505.667     21  3053.334     3054.369     3154.531
261  F81+F         1507.887     22  3059.775     3060.909     3165.791
262  F81+F+I       1506.355     23  3058.709     3059.948     3169.544
263  F81+F+G4      1506.354     23  3058.709     3059.948     3169.544
274  JC            1509.919     19  3057.838     3058.687     3149.397
275  JC+I          1508.383     20  3056.766     3057.706     3153.145
276  JC+G4         1508.384     20  3056.768     3057.707     3153.146
Akaike Information Criterion:           K2P+G4
Corrected Akaike Information Criterion: K2P+G4
Bayesian Information Criterion:         JC
Best-fit model: JC chosen according to BIC

All model information printed to 86317at7898.fltrd_aligned.fas.model.gz
CPU time for ModelFinder: 0.073 seconds (0h:0m:0s)
Wall-clock time for ModelFinder: 0.082 seconds (0h:0m:0s)
Generating 1000 samples for ultrafast bootstrap (seed: 762870)...

NOTE: 0 MB RAM (0 GB) is required!
Estimate model parameters (epsilon = 0.100)
1. Initial log-likelihood: -1509.919
Optimal log-likelihood: -1509.919
Rate parameters:  A-C: 1.00000  A-G: 1.00000  A-T: 1.00000  C-G: 1.00000  C-T: 1.00000  G-T: 1.00000
Base frequencies:  A: 0.250  C: 0.250  G: 0.250  T: 0.250
Parameters optimization took 1 rounds (0.000 sec)
Computing ML distances based on estimated model parameters...
Computing ML distances took 0.000372 sec (of wall-clock time) 0.000362 sec(of CPU time)
Computing RapidNJ tree took 0.000036 sec (of wall-clock time) 0.000031 sec (of CPU time)
Log-likelihood of RapidNJ tree: -1548.056
--------------------------------------------------------------------
|             INITIALIZING CANDIDATE TREE SET                      |
--------------------------------------------------------------------
Generating 98 parsimony trees... 0.024 second
Computing log-likelihood of 94 initial trees ... 0.019 seconds
Current best score: -1509.919

Do NNI search on 20 best initial trees
Estimate model parameters (epsilon = 0.100)
BETTER TREE FOUND at iteration 1: -1509.919
UPDATE BEST LOG-LIKELIHOOD: -1509.919
UPDATE BEST LOG-LIKELIHOOD: -1509.919
Iteration 10 / LogL: -1509.920 / Time: 0h:0m:0s
Iteration 20 / LogL: -1509.919 / Time: 0h:0m:0s
Finish initializing candidate tree set (4)
Current best tree score: -1509.919 / CPU time: 0.126
Number of iterations: 20
--------------------------------------------------------------------
|               OPTIMIZING CANDIDATE TREE SET                      |
--------------------------------------------------------------------
UPDATE BEST LOG-LIKELIHOOD: -1509.919
Iteration 30 / LogL: -1509.919 / Time: 0h:0m:0s (0h:0m:0s left)
Iteration 40 / LogL: -1509.919 / Time: 0h:0m:0s (0h:0m:0s left)
Iteration 50 / LogL: -1509.919 / Time: 0h:0m:0s (0h:0m:0s left)
Log-likelihood cutoff on original alignment: -1528.838
Iteration 60 / LogL: -1509.919 / Time: 0h:0m:0s (0h:0m:0s left)
Iteration 70 / LogL: -1509.920 / Time: 0h:0m:0s (0h:0m:0s left)
Iteration 80 / LogL: -1515.608 / Time: 0h:0m:0s (0h:0m:0s left)
Iteration 90 / LogL: -1509.922 / Time: 0h:0m:0s (0h:0m:0s left)
Iteration 100 / LogL: -1509.919 / Time: 0h:0m:0s (0h:0m:0s left)
Log-likelihood cutoff on original alignment: -1531.605
NOTE: Bootstrap correlation coefficient of split occurrence frequencies: 0.996
TREE SEARCH COMPLETED AFTER 102 ITERATIONS / Time: 0h:0m:0s

--------------------------------------------------------------------
|                    FINALIZING TREE SEARCH                        |
--------------------------------------------------------------------
Performs final model parameters optimization
Estimate model parameters (epsilon = 0.010)
1. Initial log-likelihood: -1509.919
Optimal log-likelihood: -1509.919
Rate parameters:  A-C: 1.00000  A-G: 1.00000  A-T: 1.00000  C-G: 1.00000  C-T: 1.00000  G-T: 1.00000
Base frequencies:  A: 0.250  C: 0.250  G: 0.250  T: 0.250
Parameters optimization took 1 rounds (0.000 sec)
BEST SCORE FOUND : -1509.919
Creating bootstrap support values...
Split supports printed to NEXUS file 86317at7898.fltrd_aligned.fas.splits.nex
Total tree length: 0.040

Total number of iterations: 102
CPU time used for tree search: 0.462 sec (0h:0m:0s)
Wall-clock time used for tree search: 0.555 sec (0h:0m:0s)
Total CPU time used: 0.488 sec (0h:0m:0s)
Total wall-clock time used: 0.590 sec (0h:0m:0s)

Computing bootstrap consensus tree...
Reading input file 86317at7898.fltrd_aligned.fas.splits.nex...
11 taxa and 96 splits.
Consensus tree written to 86317at7898.fltrd_aligned.fas.contree
Reading input trees file 86317at7898.fltrd_aligned.fas.contree
Log-likelihood of consensus tree: -1509.926

Analysis results written to: 
  IQ-TREE report:                86317at7898.fltrd_aligned.fas.iqtree
  Maximum-likelihood tree:       86317at7898.fltrd_aligned.fas.treefile
  Likelihood distances:          86317at7898.fltrd_aligned.fas.mldist

Ultrafast bootstrap approximation results written to:
  Split support values:          86317at7898.fltrd_aligned.fas.splits.nex
  Consensus tree:                86317at7898.fltrd_aligned.fas.contree
  Screen log file:               86317at7898.fltrd_aligned.fas.log

Date and Time: Tue Dec  2 14:49:16 2025
