IQ-TREE multicore version 2.1.3 COVID-edition for Linux 64-bit built Apr 21 2021
Developed by Bui Quang Minh, James Barbetti, Nguyen Lam Tung,
Olga Chernomor, Heiko Schmidt, Dominik Schrempf, Michael Woodhams.

Host:    gombessa.rcs.alaska.edu (AVX2, FMA3, 503 GB RAM)
Command: /export/scratch/tsvanorden/Char_Phylogenetics/src/iqtree-2.1.3-Linux/bin/iqtree2 -s 108420at7898.fltrd_aligned.fas -m MFP -bb 1000 -T 1
Seed:    20425 (Using SPRNG - Scalable Parallel Random Number Generator)
Time:    Tue Dec  2 14:50:04 2025
Kernel:  AVX+FMA - 1 threads (1 CPU cores detected)

Reading alignment file 108420at7898.fltrd_aligned.fas ... Fasta format detected
Alignment most likely contains DNA/RNA sequences
Alignment has 20 sequences with 612 columns, 13 distinct patterns
2 parsimony-informative, 9 singleton sites, 601 constant sites
                                Gap/Ambiguity  Composition  p-value
   1  251140_Ward_Creek                 0.00%    passed    100.00%
   2  260512_Pybus_Point                0.00%    passed    100.00%
   3  261935_Kenai_River                0.00%    passed    100.00%
   4  353213_Cropley_Lake               0.00%    passed    100.00%
   5  353219_Peterson_Creek             0.00%    passed    100.00%
   6  353220_Fish_Creek                 0.00%    passed    100.00%
   7  353246_Cottonwood_Creek           0.00%    passed    100.00%
   8  353379_Skagit_River               0.00%    passed     99.99%
   9  353381_Dungeness_River            0.00%    passed    100.00%
  10  353401_Peace_River                0.00%    passed     99.99%
  11  353407_Noatok                     0.00%    passed     99.99%
  12  353410_Horizon_Lake               0.00%    passed    100.00%
  13  92319_Little_Lost                 0.00%    passed     99.99%
  14  94280_St_Joe                      0.00%    passed     99.99%
  15  GCA016432855_Lake_Trout           0.00%    passed    100.00%
  16  GCA036784925_Maine_S_alpinus      0.00%    passed     99.99%
  17  GCA045679555_Iceland_A_alpinus    0.00%    passed     99.99%
  18  GCF013265735_Rainbow_Trout        0.00%    passed     99.90%
  19  GCF029448725_Brook_Trout          0.00%    passed     99.99%
  20  Methow_River_99895                0.00%    passed     99.99%
****  TOTAL                             0.00%  0 sequences failed composition chi2 test (p-value<5%; df=3)
NOTE: 260512_Pybus_Point is identical to 251140_Ward_Creek but kept for subsequent analysis
NOTE: 353401_Peace_River is identical to 353379_Skagit_River but kept for subsequent analysis
NOTE: GCA045679555_Iceland_A_alpinus is identical to GCA036784925_Maine_S_alpinus but kept for subsequent analysis
NOTE: 11 identical sequences (see below) will be ignored for subsequent analysis
NOTE: 261935_Kenai_River (identical to 251140_Ward_Creek) is ignored but added at the end
NOTE: 353213_Cropley_Lake (identical to 251140_Ward_Creek) is ignored but added at the end
NOTE: 353219_Peterson_Creek (identical to 251140_Ward_Creek) is ignored but added at the end
NOTE: 353220_Fish_Creek (identical to 251140_Ward_Creek) is ignored but added at the end
NOTE: 353246_Cottonwood_Creek (identical to 251140_Ward_Creek) is ignored but added at the end
NOTE: 353381_Dungeness_River (identical to 251140_Ward_Creek) is ignored but added at the end
NOTE: 353410_Horizon_Lake (identical to 251140_Ward_Creek) is ignored but added at the end
NOTE: GCA016432855_Lake_Trout (identical to 251140_Ward_Creek) is ignored but added at the end
NOTE: 92319_Little_Lost (identical to 353379_Skagit_River) is ignored but added at the end
NOTE: 94280_St_Joe (identical to 353379_Skagit_River) is ignored but added at the end
NOTE: Methow_River_99895 (identical to 353379_Skagit_River) is ignored but added at the end
Alignment was printed to 108420at7898.fltrd_aligned.fas.uniqueseq.phy

For your convenience alignment with unique sequences printed to 108420at7898.fltrd_aligned.fas.uniqueseq.phy


Create initial parsimony tree by phylogenetic likelihood library (PLL)... 0.000 seconds
Perform fast likelihood tree search using GTR+I+G model...
Estimate model parameters (epsilon = 5.000)

WARNING: Estimated model parameters are at boundary that can cause numerical instability!

Perform nearest neighbor interchange...
Estimate model parameters (epsilon = 1.000)
1. Initial log-likelihood: -916.659
Optimal log-likelihood: -916.659
Rate parameters:  A-C: 15.72438  A-G: 100.00000  A-T: 18.61125  C-G: 0.00010  C-T: 37.59928  G-T: 1.00000
Base frequencies:  A: 0.247  C: 0.258  G: 0.287  T: 0.209
Proportion of invariable sites: 0.491
Gamma shape alpha: 998.448
Parameters optimization took 1 rounds (0.001 sec)

WARNING: Estimated model parameters are at boundary that can cause numerical instability!

Time for fast ML tree search: 0.006 seconds

NOTE: ModelFinder requires 0 MB RAM!
ModelFinder will test up to 286 DNA models (sample size: 612) ...
 No. Model         -LnL         df  AIC          AICc         BIC
  1  GTR+F         916.595      23  1879.190     1881.068     1980.775
  2  GTR+F+I       916.595      24  1881.190     1883.234     1987.192
  3  GTR+F+G4      916.595      24  1881.190     1883.234     1987.192
  4  GTR+F+I+G4    916.659      25  1883.317     1885.536     1993.735
  5  GTR+F+R2      916.625      25  1883.251     1885.469     1993.669
  6  GTR+F+R3      916.635      27  1887.270     1889.859     2006.521
 14  SYM           920.391      20  1880.781     1882.203     1969.116
 15  SYM+I         920.391      21  1882.781     1884.347     1975.533
 16  SYM+G4        920.391      21  1882.781     1884.347     1975.533
 27  TVM+F         917.470      22  1878.941     1880.659     1976.109
 28  TVM+F+I       917.470      23  1880.940     1882.818     1982.525
 29  TVM+F+G4      917.470      23  1880.941     1882.818     1982.526
 40  TVMe          921.542      19  1881.084     1882.368     1965.002
 41  TVMe+I        921.542      20  1883.084     1884.505     1971.418
 42  TVMe+G4       921.542      20  1883.084     1884.505     1971.419
 53  TIM3+F        918.072      21  1878.144     1879.710     1970.896
 54  TIM3+F+I      918.073      22  1880.146     1881.864     1977.314
 55  TIM3+F+G4     918.073      22  1880.145     1881.864     1977.313
 66  TIM3e         921.787      18  1879.574     1880.727     1959.075
 67  TIM3e+I       921.787      19  1881.574     1882.858     1965.492
 68  TIM3e+G4      921.787      19  1881.574     1882.858     1965.492
 79  TIM2+F        916.677      21  1875.354     1876.920     1968.105
 80  TIM2+F+I      916.677      22  1877.354     1879.072     1974.522
 81  TIM2+F+G4     916.677      22  1877.354     1879.072     1974.522
 92  TIM2e         920.460      18  1876.920     1878.074     1956.421
 93  TIM2e+I       920.460      19  1878.920     1880.204     1962.838
 94  TIM2e+G4      920.460      19  1878.920     1880.204     1962.838
105  TIM+F         918.084      21  1878.167     1879.734     1970.919
106  TIM+F+I       918.085      22  1880.169     1881.887     1977.337
107  TIM+F+G4      918.084      22  1880.169     1881.887     1977.337
118  TIMe          921.791      18  1879.582     1880.735     1959.083
119  TIMe+I        921.792      19  1881.583     1882.867     1965.501
120  TIMe+G4       921.792      19  1881.583     1882.867     1965.501
131  TPM3u+F       918.944      20  1877.889     1879.310     1966.224
132  TPM3u+F+I     918.944      21  1879.889     1881.455     1972.640
133  TPM3u+F+G4    918.945      21  1879.889     1881.455     1972.640
144  TPM3+F        918.944      20  1877.889     1879.310     1966.224
145  TPM3+F+I      918.944      21  1879.889     1881.455     1972.640
146  TPM3+F+G4     918.945      21  1879.889     1881.455     1972.640
157  TPM2u+F       917.527      20  1875.053     1876.475     1963.388
158  TPM2u+F+I     917.512      21  1877.024     1878.590     1969.775
159  TPM2u+F+G4    917.517      21  1877.034     1878.600     1969.786
170  TPM2+F        917.527      20  1875.053     1876.475     1963.388
171  TPM2+F+I      917.512      21  1877.024     1878.590     1969.775
172  TPM2+F+G4     917.517      21  1877.034     1878.600     1969.786
183  K3Pu+F        918.954      20  1877.909     1879.330     1966.243
184  K3Pu+F+I      918.955      21  1879.911     1881.477     1972.662
185  K3Pu+F+G4     918.954      21  1879.907     1881.473     1972.659
196  K3P           922.943      17  1879.886     1880.916     1954.970
197  K3P+I         922.943      18  1881.885     1883.039     1961.387
198  K3P+G4        922.943      18  1881.885     1883.039     1961.387
209  TN+F          918.083      20  1876.166     1877.588     1964.501
210  TN+F+I        918.083      21  1878.166     1879.732     1970.917
211  TN+F+G4       918.083      21  1878.166     1879.732     1970.917
222  TNe           921.787      17  1877.574     1878.604     1952.658
223  TNe+I         921.787      18  1879.574     1880.727     1959.075
224  TNe+G4        921.787      18  1879.574     1880.727     1959.075
235  HKY+F         918.955      19  1875.910     1877.194     1959.828
236  HKY+F+I       918.955      20  1877.910     1879.331     1966.244
237  HKY+F+G4      918.955      20  1877.910     1879.331     1966.245
248  K2P           922.943      16  1877.886     1878.801     1948.554
249  K2P+I         922.943      17  1879.886     1880.917     1954.971
250  K2P+G4        922.943      17  1879.886     1880.917     1954.971
261  F81+F         924.429      18  1884.858     1886.011     1964.359
262  F81+F+I       924.429      19  1886.858     1888.141     1970.775
263  F81+F+G4      924.429      19  1886.858     1888.141     1970.776
274  JC            928.422      15  1886.844     1887.650     1953.095
275  JC+I          928.422      16  1888.844     1889.759     1959.512
276  JC+G4         928.422      16  1888.845     1889.759     1959.512
Akaike Information Criterion:           TPM2u+F
Corrected Akaike Information Criterion: TPM2u+F
Bayesian Information Criterion:         K2P
Best-fit model: K2P chosen according to BIC

All model information printed to 108420at7898.fltrd_aligned.fas.model.gz
CPU time for ModelFinder: 0.051 seconds (0h:0m:0s)
Wall-clock time for ModelFinder: 0.057 seconds (0h:0m:0s)
Generating 1000 samples for ultrafast bootstrap (seed: 20425)...

NOTE: 0 MB RAM (0 GB) is required!
Estimate model parameters (epsilon = 0.100)
1. Initial log-likelihood: -922.943
Optimal log-likelihood: -922.943
Rate parameters:  A-C: 1.00000  A-G: 8.66123  A-T: 1.00000  C-G: 1.00000  C-T: 8.66123  G-T: 1.00000
Base frequencies:  A: 0.250  C: 0.250  G: 0.250  T: 0.250
Parameters optimization took 1 rounds (0.000 sec)
Computing ML distances based on estimated model parameters...
Computing ML distances took 0.000169 sec (of wall-clock time) 0.000141 sec(of CPU time)
Computing RapidNJ tree took 0.000025 sec (of wall-clock time) 0.000020 sec (of CPU time)
Log-likelihood of RapidNJ tree: -922.951
--------------------------------------------------------------------
|             INITIALIZING CANDIDATE TREE SET                      |
--------------------------------------------------------------------
Generating 98 parsimony trees... 0.010 second
Computing log-likelihood of 96 initial trees ... 0.006 seconds
Current best score: -922.943

Do NNI search on 20 best initial trees
Estimate model parameters (epsilon = 0.100)
BETTER TREE FOUND at iteration 1: -922.943
BETTER TREE FOUND at iteration 2: -922.943
Iteration 10 / LogL: -922.943 / Time: 0h:0m:0s
Iteration 20 / LogL: -922.943 / Time: 0h:0m:0s
Finish initializing candidate tree set (8)
Current best tree score: -922.943 / CPU time: 0.049
Number of iterations: 20
--------------------------------------------------------------------
|               OPTIMIZING CANDIDATE TREE SET                      |
--------------------------------------------------------------------
Iteration 30 / LogL: -922.945 / Time: 0h:0m:0s (0h:0m:0s left)
Iteration 40 / LogL: -922.943 / Time: 0h:0m:0s (0h:0m:0s left)
Iteration 50 / LogL: -922.945 / Time: 0h:0m:0s (0h:0m:0s left)
Log-likelihood cutoff on original alignment: -938.231
Iteration 60 / LogL: -922.945 / Time: 0h:0m:0s (0h:0m:0s left)
Iteration 70 / LogL: -922.944 / Time: 0h:0m:0s (0h:0m:0s left)
Iteration 80 / LogL: -922.943 / Time: 0h:0m:0s (0h:0m:0s left)
Iteration 90 / LogL: -922.944 / Time: 0h:0m:0s (0h:0m:0s left)
Iteration 100 / LogL: -922.943 / Time: 0h:0m:0s (0h:0m:0s left)
Log-likelihood cutoff on original alignment: -938.196
NOTE: Bootstrap correlation coefficient of split occurrence frequencies: 0.956
NOTE: UFBoot does not converge, continue at least 100 more iterations
Iteration 110 / LogL: -922.945 / Time: 0h:0m:0s (0h:0m:0s left)
Iteration 120 / LogL: -922.944 / Time: 0h:0m:0s (0h:0m:0s left)
Iteration 130 / LogL: -922.946 / Time: 0h:0m:0s (0h:0m:0s left)
Iteration 140 / LogL: -922.943 / Time: 0h:0m:0s (0h:0m:0s left)
Iteration 150 / LogL: -922.945 / Time: 0h:0m:0s (0h:0m:0s left)
Log-likelihood cutoff on original alignment: -938.690
Iteration 160 / LogL: -922.943 / Time: 0h:0m:0s (0h:0m:0s left)
UPDATE BEST LOG-LIKELIHOOD: -922.943
Iteration 170 / LogL: -929.694 / Time: 0h:0m:0s (0h:0m:0s left)
Iteration 180 / LogL: -922.948 / Time: 0h:0m:0s (0h:0m:0s left)
UPDATE BEST LOG-LIKELIHOOD: -922.943
UPDATE BEST LOG-LIKELIHOOD: -922.943
Iteration 190 / LogL: -922.945 / Time: 0h:0m:0s (0h:0m:0s left)
Iteration 200 / LogL: -922.943 / Time: 0h:0m:0s (0h:0m:0s left)
Log-likelihood cutoff on original alignment: -940.568
NOTE: Bootstrap correlation coefficient of split occurrence frequencies: 0.932
NOTE: UFBoot does not converge, continue at least 100 more iterations
UPDATE BEST LOG-LIKELIHOOD: -922.943
Iteration 210 / LogL: -922.943 / Time: 0h:0m:0s (0h:0m:0s left)
Iteration 220 / LogL: -922.945 / Time: 0h:0m:0s (0h:0m:0s left)
Iteration 230 / LogL: -922.944 / Time: 0h:0m:0s (0h:0m:0s left)
Iteration 240 / LogL: -922.945 / Time: 0h:0m:0s (0h:0m:0s left)
Iteration 250 / LogL: -922.943 / Time: 0h:0m:0s (0h:0m:0s left)
Log-likelihood cutoff on original alignment: -940.568
Iteration 260 / LogL: -922.943 / Time: 0h:0m:0s (0h:0m:0s left)
Iteration 270 / LogL: -922.944 / Time: 0h:0m:1s (0h:0m:0s left)
Iteration 280 / LogL: -922.944 / Time: 0h:0m:1s (0h:0m:0s left)
Iteration 290 / LogL: -922.947 / Time: 0h:0m:1s (0h:0m:0s left)
Iteration 300 / LogL: -929.693 / Time: 0h:0m:1s (0h:0m:0s left)
Log-likelihood cutoff on original alignment: -940.612
NOTE: Bootstrap correlation coefficient of split occurrence frequencies: 0.960
NOTE: UFBoot does not converge, continue at least 100 more iterations
Iteration 310 / LogL: -922.943 / Time: 0h:0m:1s (0h:0m:0s left)
Iteration 320 / LogL: -922.943 / Time: 0h:0m:1s (0h:0m:0s left)
Iteration 330 / LogL: -922.944 / Time: 0h:0m:1s (0h:0m:0s left)
Iteration 340 / LogL: -922.945 / Time: 0h:0m:1s (0h:0m:0s left)
Iteration 350 / LogL: -922.943 / Time: 0h:0m:1s (0h:0m:0s left)
Log-likelihood cutoff on original alignment: -940.612
UPDATE BEST LOG-LIKELIHOOD: -922.943
Iteration 360 / LogL: -922.943 / Time: 0h:0m:1s (0h:0m:0s left)
UPDATE BEST LOG-LIKELIHOOD: -922.943
Iteration 370 / LogL: -922.944 / Time: 0h:0m:1s (0h:0m:0s left)
Iteration 380 / LogL: -922.946 / Time: 0h:0m:1s (0h:0m:0s left)
Iteration 390 / LogL: -922.949 / Time: 0h:0m:1s (0h:0m:0s left)
Iteration 400 / LogL: -922.943 / Time: 0h:0m:1s (0h:0m:0s left)
Log-likelihood cutoff on original alignment: -940.612
NOTE: Bootstrap correlation coefficient of split occurrence frequencies: 0.947
NOTE: UFBoot does not converge, continue at least 100 more iterations
Iteration 410 / LogL: -922.943 / Time: 0h:0m:1s (0h:0m:0s left)
Iteration 420 / LogL: -922.943 / Time: 0h:0m:1s (0h:0m:0s left)
Iteration 430 / LogL: -922.945 / Time: 0h:0m:1s (0h:0m:0s left)
Iteration 440 / LogL: -922.944 / Time: 0h:0m:1s (0h:0m:0s left)
Iteration 450 / LogL: -922.944 / Time: 0h:0m:1s (0h:0m:0s left)
Log-likelihood cutoff on original alignment: -940.612
Iteration 460 / LogL: -922.944 / Time: 0h:0m:1s (0h:0m:0s left)
Iteration 470 / LogL: -922.948 / Time: 0h:0m:1s (0h:0m:0s left)
Iteration 480 / LogL: -922.943 / Time: 0h:0m:1s (0h:0m:0s left)
Iteration 490 / LogL: -922.943 / Time: 0h:0m:1s (0h:0m:0s left)
Iteration 500 / LogL: -922.944 / Time: 0h:0m:1s (0h:0m:0s left)
Log-likelihood cutoff on original alignment: -940.835
NOTE: Bootstrap correlation coefficient of split occurrence frequencies: 0.964
NOTE: UFBoot does not converge, continue at least 100 more iterations
Iteration 510 / LogL: -922.943 / Time: 0h:0m:2s (0h:0m:0s left)
Iteration 520 / LogL: -922.944 / Time: 0h:0m:2s (0h:0m:0s left)
Iteration 530 / LogL: -922.943 / Time: 0h:0m:2s (0h:0m:0s left)
Iteration 540 / LogL: -922.943 / Time: 0h:0m:2s (0h:0m:0s left)
Iteration 550 / LogL: -922.943 / Time: 0h:0m:2s (0h:0m:0s left)
Log-likelihood cutoff on original alignment: -940.612
Iteration 560 / LogL: -922.943 / Time: 0h:0m:2s (0h:0m:0s left)
Iteration 570 / LogL: -922.943 / Time: 0h:0m:2s (0h:0m:0s left)
Iteration 580 / LogL: -922.945 / Time: 0h:0m:2s (0h:0m:0s left)
Iteration 590 / LogL: -922.944 / Time: 0h:0m:2s (0h:0m:0s left)
Iteration 600 / LogL: -922.943 / Time: 0h:0m:2s (0h:0m:0s left)
Log-likelihood cutoff on original alignment: -940.612
NOTE: Bootstrap correlation coefficient of split occurrence frequencies: 0.947
NOTE: UFBoot does not converge, continue at least 100 more iterations
Iteration 610 / LogL: -922.944 / Time: 0h:0m:2s (0h:0m:0s left)
Iteration 620 / LogL: -922.943 / Time: 0h:0m:2s (0h:0m:0s left)
Iteration 630 / LogL: -922.943 / Time: 0h:0m:2s (0h:0m:0s left)
Iteration 640 / LogL: -922.943 / Time: 0h:0m:2s (0h:0m:0s left)
Iteration 650 / LogL: -922.943 / Time: 0h:0m:2s (0h:0m:0s left)
Log-likelihood cutoff on original alignment: -940.568
Iteration 660 / LogL: -922.946 / Time: 0h:0m:2s (0h:0m:0s left)
Iteration 670 / LogL: -930.568 / Time: 0h:0m:2s (0h:0m:0s left)
Iteration 680 / LogL: -922.945 / Time: 0h:0m:2s (0h:0m:0s left)
Iteration 690 / LogL: -922.944 / Time: 0h:0m:2s (0h:0m:0s left)
Iteration 700 / LogL: -922.944 / Time: 0h:0m:2s (0h:0m:0s left)
Log-likelihood cutoff on original alignment: -940.568
NOTE: Bootstrap correlation coefficient of split occurrence frequencies: 0.974
NOTE: UFBoot does not converge, continue at least 100 more iterations
Iteration 710 / LogL: -922.943 / Time: 0h:0m:2s (0h:0m:0s left)
Iteration 720 / LogL: -929.694 / Time: 0h:0m:3s (0h:0m:0s left)
Iteration 730 / LogL: -922.943 / Time: 0h:0m:3s (0h:0m:0s left)
Iteration 740 / LogL: -922.943 / Time: 0h:0m:3s (0h:0m:0s left)
Iteration 750 / LogL: -930.569 / Time: 0h:0m:3s (0h:0m:0s left)
Log-likelihood cutoff on original alignment: -940.568
Iteration 760 / LogL: -922.943 / Time: 0h:0m:3s (0h:0m:0s left)
Iteration 770 / LogL: -922.944 / Time: 0h:0m:3s (0h:0m:0s left)
Iteration 780 / LogL: -922.943 / Time: 0h:0m:3s (0h:0m:0s left)
Iteration 790 / LogL: -922.943 / Time: 0h:0m:3s (0h:0m:0s left)
Iteration 800 / LogL: -922.944 / Time: 0h:0m:3s (0h:0m:0s left)
Log-likelihood cutoff on original alignment: -940.568
NOTE: Bootstrap correlation coefficient of split occurrence frequencies: 0.985
NOTE: UFBoot does not converge, continue at least 100 more iterations
Iteration 810 / LogL: -922.944 / Time: 0h:0m:3s (0h:0m:0s left)
Iteration 820 / LogL: -922.943 / Time: 0h:0m:3s (0h:0m:0s left)
Iteration 830 / LogL: -922.944 / Time: 0h:0m:3s (0h:0m:0s left)
Iteration 840 / LogL: -922.944 / Time: 0h:0m:3s (0h:0m:0s left)
Iteration 850 / LogL: -922.944 / Time: 0h:0m:3s (0h:0m:0s left)
Log-likelihood cutoff on original alignment: -940.568
Iteration 860 / LogL: -922.944 / Time: 0h:0m:3s (0h:0m:0s left)
Iteration 870 / LogL: -922.943 / Time: 0h:0m:3s (0h:0m:0s left)
Iteration 880 / LogL: -922.946 / Time: 0h:0m:3s (0h:0m:0s left)
Iteration 890 / LogL: -922.944 / Time: 0h:0m:3s (0h:0m:0s left)
Iteration 900 / LogL: -922.943 / Time: 0h:0m:3s (0h:0m:0s left)
Log-likelihood cutoff on original alignment: -940.568
NOTE: Bootstrap correlation coefficient of split occurrence frequencies: 0.952
NOTE: UFBoot does not converge, continue at least 100 more iterations
Iteration 910 / LogL: -922.944 / Time: 0h:0m:4s (0h:0m:0s left)
Iteration 920 / LogL: -922.944 / Time: 0h:0m:4s (0h:0m:0s left)
Iteration 930 / LogL: -922.943 / Time: 0h:0m:4s (0h:0m:0s left)
Iteration 940 / LogL: -922.943 / Time: 0h:0m:4s (0h:0m:0s left)
Iteration 950 / LogL: -922.944 / Time: 0h:0m:4s (0h:0m:0s left)
Log-likelihood cutoff on original alignment: -940.568
Iteration 960 / LogL: -922.943 / Time: 0h:0m:4s (0h:0m:0s left)
Iteration 970 / LogL: -922.946 / Time: 0h:0m:4s (0h:0m:0s left)
Iteration 980 / LogL: -922.945 / Time: 0h:0m:4s (0h:0m:0s left)
Iteration 990 / LogL: -922.943 / Time: 0h:0m:4s (0h:0m:0s left)
Iteration 1000 / LogL: -922.943 / Time: 0h:0m:4s (0h:0m:0s left)
Log-likelihood cutoff on original alignment: -940.612
NOTE: Bootstrap correlation coefficient of split occurrence frequencies: 0.966
NOTE: UFBoot does not converge, continue at least 100 more iterations
WARNING: bootstrap analysis did not converge. You should rerun with higher number of iterations (-nm option)
TREE SEARCH COMPLETED AFTER 1001 ITERATIONS / Time: 0h:0m:4s

--------------------------------------------------------------------
|                    FINALIZING TREE SEARCH                        |
--------------------------------------------------------------------
Performs final model parameters optimization
Estimate model parameters (epsilon = 0.010)
1. Initial log-likelihood: -922.943
Optimal log-likelihood: -922.943
Rate parameters:  A-C: 1.00000  A-G: 8.67802  A-T: 1.00000  C-G: 1.00000  C-T: 8.67802  G-T: 1.00000
Base frequencies:  A: 0.250  C: 0.250  G: 0.250  T: 0.250
Parameters optimization took 1 rounds (0.000 sec)
BEST SCORE FOUND : -922.943
Creating bootstrap support values...
Split supports printed to NEXUS file 108420at7898.fltrd_aligned.fas.splits.nex
Total tree length: 0.018

Total number of iterations: 1001
CPU time used for tree search: 4.428 sec (0h:0m:4s)
Wall-clock time used for tree search: 4.556 sec (0h:0m:4s)
Total CPU time used: 4.451 sec (0h:0m:4s)
Total wall-clock time used: 4.588 sec (0h:0m:4s)

Computing bootstrap consensus tree...
Reading input file 108420at7898.fltrd_aligned.fas.splits.nex...
9 taxa and 95 splits.
Consensus tree written to 108420at7898.fltrd_aligned.fas.contree
Reading input trees file 108420at7898.fltrd_aligned.fas.contree
Log-likelihood of consensus tree: -922.953

Analysis results written to: 
  IQ-TREE report:                108420at7898.fltrd_aligned.fas.iqtree
  Maximum-likelihood tree:       108420at7898.fltrd_aligned.fas.treefile
  Likelihood distances:          108420at7898.fltrd_aligned.fas.mldist

Ultrafast bootstrap approximation results written to:
  Split support values:          108420at7898.fltrd_aligned.fas.splits.nex
  Consensus tree:                108420at7898.fltrd_aligned.fas.contree
  Screen log file:               108420at7898.fltrd_aligned.fas.log

Date and Time: Tue Dec  2 14:50:08 2025
