IQ-TREE multicore version 2.1.3 COVID-edition for Linux 64-bit built Apr 21 2021
Developed by Bui Quang Minh, James Barbetti, Nguyen Lam Tung,
Olga Chernomor, Heiko Schmidt, Dominik Schrempf, Michael Woodhams.

Host:    gombessa.rcs.alaska.edu (AVX2, FMA3, 503 GB RAM)
Command: /export/scratch/tsvanorden/Char_Phylogenetics/src/iqtree-2.1.3-Linux/bin/iqtree2 -s 50418at7898.fltrd_aligned.fas -m MFP -bb 1000 -T 1
Seed:    883012 (Using SPRNG - Scalable Parallel Random Number Generator)
Time:    Tue Dec  2 14:50:08 2025
Kernel:  AVX+FMA - 1 threads (1 CPU cores detected)

Reading alignment file 50418at7898.fltrd_aligned.fas ... Fasta format detected
Alignment most likely contains DNA/RNA sequences
Alignment has 20 sequences with 1443 columns, 46 distinct patterns
33 parsimony-informative, 21 singleton sites, 1389 constant sites
                                Gap/Ambiguity  Composition  p-value
   1  251140_Ward_Creek                 0.42%    passed     99.89%
   2  260512_Pybus_Point                0.42%    passed     99.98%
   3  261935_Kenai_River                8.94%    passed     96.19%
   4  353213_Cropley_Lake               0.42%    passed     99.98%
   5  353219_Peterson_Creek             0.42%    passed     99.98%
   6  353220_Fish_Creek                 8.52%    passed     99.76%
   7  353246_Cottonwood_Creek           0.00%    passed     98.70%
   8  353379_Skagit_River               0.42%    passed     99.99%
   9  353381_Dungeness_River            0.42%    passed     99.98%
  10  353401_Peace_River                0.42%    passed     99.99%
  11  353407_Noatok                     0.42%    passed    100.00%
  12  353410_Horizon_Lake               0.42%    passed     99.99%
  13  92319_Little_Lost                 0.42%    passed     99.99%
  14  94280_St_Joe                      0.42%    passed     99.99%
  15  GCA016432855_Lake_Trout           0.42%    passed     99.90%
  16  GCA036784925_Maine_S_alpinus      0.42%    passed    100.00%
  17  GCA045679555_Iceland_A_alpinus    0.42%    passed    100.00%
  18  GCF013265735_Rainbow_Trout        0.00%    passed     96.44%
  19  GCF029448725_Brook_Trout          0.42%    passed     99.98%
  20  Methow_River_99895                0.42%    passed     99.99%
****  TOTAL                             1.21%  0 sequences failed composition chi2 test (p-value<5%; df=3)
NOTE: 353213_Cropley_Lake is identical to 260512_Pybus_Point but kept for subsequent analysis
NOTE: 353401_Peace_River is identical to 353379_Skagit_River but kept for subsequent analysis
NOTE: GCA045679555_Iceland_A_alpinus is identical to GCA036784925_Maine_S_alpinus but kept for subsequent analysis
NOTE: 5 identical sequences (see below) will be ignored for subsequent analysis
NOTE: 353219_Peterson_Creek (identical to 260512_Pybus_Point) is ignored but added at the end
NOTE: 353381_Dungeness_River (identical to 260512_Pybus_Point) is ignored but added at the end
NOTE: 92319_Little_Lost (identical to 353379_Skagit_River) is ignored but added at the end
NOTE: 94280_St_Joe (identical to 353379_Skagit_River) is ignored but added at the end
NOTE: Methow_River_99895 (identical to 353379_Skagit_River) is ignored but added at the end
Alignment was printed to 50418at7898.fltrd_aligned.fas.uniqueseq.phy

For your convenience alignment with unique sequences printed to 50418at7898.fltrd_aligned.fas.uniqueseq.phy


Create initial parsimony tree by phylogenetic likelihood library (PLL)... 0.000 seconds
Perform fast likelihood tree search using GTR+I+G model...
Estimate model parameters (epsilon = 5.000)
Perform nearest neighbor interchange...
Estimate model parameters (epsilon = 1.000)
1. Initial log-likelihood: -2410.544
Optimal log-likelihood: -2410.488
Rate parameters:  A-C: 2.04386  A-G: 2.66352  A-T: 0.80309  C-G: 0.38776  C-T: 6.83394  G-T: 1.00000
Base frequencies:  A: 0.245  C: 0.249  G: 0.292  T: 0.214
Proportion of invariable sites: 0.484
Gamma shape alpha: 0.020
Parameters optimization took 1 rounds (0.002 sec)
Time for fast ML tree search: 0.012 seconds

NOTE: ModelFinder requires 0 MB RAM!
ModelFinder will test up to 286 DNA models (sample size: 1443) ...
 No. Model         -LnL         df  AIC          AICc         BIC
  1  GTR+F         2426.871     35  4923.742     4925.533     5108.349
  2  GTR+F+I       2409.818     36  4891.635     4893.530     5081.517
  3  GTR+F+G4      2414.595     36  4901.190     4903.084     5091.071
  4  GTR+F+I+G4    2410.474     37  4894.949     4896.950     5090.105
  5  GTR+F+R2      2422.640     37  4919.280     4921.281     5114.435
  6  GTR+F+R3      2410.393     39  4898.786     4901.010     5104.491
  7  GTR+F+R4      2410.287     41  4902.574     4905.032     5118.828
 15  SYM+I         2419.773     33  4905.546     4907.139     5079.604
 16  SYM+G4        2424.447     33  4914.893     4916.486     5088.951
 17  SYM+I+G4      2420.408     34  4908.815     4910.506     5088.148
 28  TVM+F+I       2413.080     35  4896.159     4897.950     5080.766
 29  TVM+F+G4      2418.251     35  4906.502     4908.293     5091.109
 30  TVM+F+I+G4    2413.897     36  4899.795     4901.690     5089.676
 41  TVMe+I        2421.971     32  4907.942     4909.440     5076.726
 42  TVMe+G4       2426.973     32  4917.947     4919.445     5086.730
 43  TVMe+I+G4     2422.732     33  4911.464     4913.056     5085.522
 54  TIM3+F+I      2412.737     34  4893.475     4895.165     5072.807
 55  TIM3+F+G4     2417.363     34  4902.726     4904.416     5082.058
 56  TIM3+F+I+G4   2413.328     35  4896.656     4898.447     5081.263
 67  TIM3e+I       2422.307     31  4906.614     4908.020     5070.123
 68  TIM3e+G4      2426.868     31  4915.735     4917.141     5079.244
 69  TIM3e+I+G4    2422.895     32  4909.790     4911.288     5078.573
 80  TIM2+F+I      2411.282     34  4890.563     4892.254     5069.896
 81  TIM2+F+G4     2415.969     34  4899.939     4901.629     5079.271
 82  TIM2+F+I+G4   2411.894     35  4893.789     4895.580     5078.395
 93  TIM2e+I       2421.360     31  4904.721     4906.127     5068.230
 94  TIM2e+G4      2425.923     31  4913.846     4915.252     5077.354
 95  TIM2e+I+G4    2421.947     32  4907.894     4909.392     5076.677
106  TIM+F+I       2411.043     34  4890.086     4891.776     5069.418
107  TIM+F+G4      2415.862     34  4899.723     4901.413     5079.055
108  TIM+F+I+G4    2411.706     35  4893.413     4895.204     5078.020
119  TIMe+I        2420.857     31  4903.713     4905.120     5067.222
120  TIMe+G4       2425.560     31  4913.121     4914.527     5076.630
121  TIMe+I+G4     2421.505     32  4907.010     4908.508     5075.793
132  TPM3u+F+I     2416.128     33  4898.257     4899.849     5072.314
133  TPM3u+F+G4    2421.060     33  4908.120     4909.713     5082.178
134  TPM3u+F+I+G4  2416.841     34  4901.681     4903.371     5081.013
145  TPM3+F+I      2416.128     33  4898.257     4899.849     5072.314
146  TPM3+F+G4     2421.060     33  4908.120     4909.713     5082.178
147  TPM3+F+I+G4   2416.841     34  4901.681     4903.371     5081.013
158  TPM2u+F+I     2414.514     33  4895.028     4896.621     5069.086
159  TPM2u+F+G4    2419.622     33  4905.243     4906.836     5079.301
160  TPM2u+F+I+G4  2415.299     34  4898.598     4900.288     5077.930
171  TPM2+F+I      2414.514     33  4895.028     4896.621     5069.086
172  TPM2+F+G4     2419.622     33  4905.243     4906.836     5079.301
173  TPM2+F+I+G4   2415.299     34  4898.598     4900.288     5077.930
184  K3Pu+F+I      2414.422     33  4894.845     4896.437     5068.902
185  K3Pu+F+G4     2419.552     33  4905.104     4906.697     5079.162
186  K3Pu+F+I+G4   2415.223     34  4898.446     4900.136     5077.778
197  K3P+I         2423.075     30  4906.151     4907.468     5064.385
198  K3P+G4        2428.093     30  4916.186     4917.504     5074.421
199  K3P+I+G4      2423.844     31  4909.688     4911.094     5073.197
210  TN+F+I        2412.874     33  4891.749     4893.341     5065.806
211  TN+F+G4       2417.487     33  4900.975     4902.567     5075.033
212  TN+F+I+G4     2413.455     34  4894.910     4896.601     5074.243
223  TNe+I         2422.595     30  4905.190     4906.507     5063.424
224  TNe+G4        2427.115     30  4914.230     4915.548     5072.465
225  TNe+I+G4      2423.171     31  4908.342     4909.748     5071.851
236  HKY+F+I       2416.251     32  4896.501     4897.999     5065.284
237  HKY+F+G4      2421.186     32  4906.372     4907.869     5075.155
238  HKY+F+I+G4    2416.975     33  4899.949     4901.542     5074.007
249  K2P+I         2424.812     29  4907.623     4908.855     5060.583
250  K2P+G4        2429.656     29  4917.311     4918.543     5070.271
251  K2P+I+G4      2425.503     30  4911.006     4912.323     5069.240
262  F81+F+I       2431.045     31  4924.089     4925.495     5087.598
263  F81+F+G4      2435.554     31  4933.108     4934.514     5096.617
264  F81+F+I+G4    2431.673     32  4927.347     4928.845     5096.130
275  JC+I          2439.502     28  4935.004     4936.153     5082.689
276  JC+G4         2443.986     28  4943.972     4945.121     5091.658
277  JC+I+G4       2440.153     29  4938.305     4939.537     5091.265
Akaike Information Criterion:           TIM+F+I
Corrected Akaike Information Criterion: TIM+F+I
Bayesian Information Criterion:         K2P+I
Best-fit model: K2P+I chosen according to BIC

All model information printed to 50418at7898.fltrd_aligned.fas.model.gz
CPU time for ModelFinder: 0.290 seconds (0h:0m:0s)
Wall-clock time for ModelFinder: 0.296 seconds (0h:0m:0s)
Generating 1000 samples for ultrafast bootstrap (seed: 883012)...

NOTE: 0 MB RAM (0 GB) is required!
Estimate model parameters (epsilon = 0.100)
1. Initial log-likelihood: -2424.812
Optimal log-likelihood: -2424.811
Rate parameters:  A-C: 1.00000  A-G: 4.27038  A-T: 1.00000  C-G: 1.00000  C-T: 4.27038  G-T: 1.00000
Base frequencies:  A: 0.250  C: 0.250  G: 0.250  T: 0.250
Proportion of invariable sites: 0.907
Parameters optimization took 1 rounds (0.000 sec)
Computing ML distances based on estimated model parameters...
Computing ML distances took 0.001006 sec (of wall-clock time) 0.000983 sec(of CPU time)
WARNING: Some pairwise ML distances are too long (saturated)
Computing RapidNJ tree took 0.000045 sec (of wall-clock time) 0.000044 sec (of CPU time)
Log-likelihood of RapidNJ tree: -2452.499
--------------------------------------------------------------------
|             INITIALIZING CANDIDATE TREE SET                      |
--------------------------------------------------------------------
Generating 98 parsimony trees... 0.024 second
Computing log-likelihood of 98 initial trees ... 0.027 seconds
Current best score: -2422.760

Do NNI search on 20 best initial trees
Estimate model parameters (epsilon = 0.100)
BETTER TREE FOUND at iteration 1: -2422.709
BETTER TREE FOUND at iteration 6: -2422.709
UPDATE BEST LOG-LIKELIHOOD: -2422.709
Iteration 10 / LogL: -2422.709 / Time: 0h:0m:0s
UPDATE BEST LOG-LIKELIHOOD: -2422.709
BETTER TREE FOUND at iteration 18: -2422.709
Iteration 20 / LogL: -2422.709 / Time: 0h:0m:0s
Finish initializing candidate tree set (11)
Current best tree score: -2422.709 / CPU time: 0.150
Number of iterations: 20
--------------------------------------------------------------------
|               OPTIMIZING CANDIDATE TREE SET                      |
--------------------------------------------------------------------
Iteration 30 / LogL: -2432.773 / Time: 0h:0m:0s (0h:0m:0s left)
Iteration 40 / LogL: -2432.772 / Time: 0h:0m:0s (0h:0m:0s left)
Iteration 50 / LogL: -2422.711 / Time: 0h:0m:0s (0h:0m:0s left)
Log-likelihood cutoff on original alignment: -2437.496
Iteration 60 / LogL: -2422.717 / Time: 0h:0m:0s (0h:0m:0s left)
Iteration 70 / LogL: -2428.201 / Time: 0h:0m:0s (0h:0m:0s left)
UPDATE BEST LOG-LIKELIHOOD: -2422.709
Iteration 80 / LogL: -2422.711 / Time: 0h:0m:0s (0h:0m:0s left)
Iteration 90 / LogL: -2422.713 / Time: 0h:0m:0s (0h:0m:0s left)
Iteration 100 / LogL: -2422.720 / Time: 0h:0m:0s (0h:0m:0s left)
Log-likelihood cutoff on original alignment: -2440.303
NOTE: Bootstrap correlation coefficient of split occurrence frequencies: 0.963
NOTE: UFBoot does not converge, continue at least 100 more iterations
Iteration 110 / LogL: -2428.995 / Time: 0h:0m:0s (0h:0m:0s left)
Iteration 120 / LogL: -2422.713 / Time: 0h:0m:0s (0h:0m:0s left)
Iteration 130 / LogL: -2422.713 / Time: 0h:0m:0s (0h:0m:0s left)
Iteration 140 / LogL: -2422.711 / Time: 0h:0m:0s (0h:0m:0s left)
Iteration 150 / LogL: -2422.709 / Time: 0h:0m:0s (0h:0m:0s left)
Log-likelihood cutoff on original alignment: -2440.674
Iteration 160 / LogL: -2492.811 / Time: 0h:0m:0s (0h:0m:0s left)
Iteration 170 / LogL: -2422.709 / Time: 0h:0m:1s (0h:0m:0s left)
Iteration 180 / LogL: -2422.715 / Time: 0h:0m:1s (0h:0m:0s left)
UPDATE BEST LOG-LIKELIHOOD: -2422.709
Iteration 190 / LogL: -2422.716 / Time: 0h:0m:1s (0h:0m:0s left)
Iteration 200 / LogL: -2422.715 / Time: 0h:0m:1s (0h:0m:0s left)
Log-likelihood cutoff on original alignment: -2440.749
NOTE: Bootstrap correlation coefficient of split occurrence frequencies: 0.985
NOTE: UFBoot does not converge, continue at least 100 more iterations
Iteration 210 / LogL: -2422.712 / Time: 0h:0m:1s (0h:0m:0s left)
Iteration 220 / LogL: -2422.715 / Time: 0h:0m:1s (0h:0m:0s left)
Iteration 230 / LogL: -2422.717 / Time: 0h:0m:1s (0h:0m:0s left)
Iteration 240 / LogL: -2422.709 / Time: 0h:0m:1s (0h:0m:0s left)
Iteration 250 / LogL: -2429.101 / Time: 0h:0m:1s (0h:0m:0s left)
Log-likelihood cutoff on original alignment: -2440.749
Iteration 260 / LogL: -2422.709 / Time: 0h:0m:1s (0h:0m:0s left)
Iteration 270 / LogL: -2422.718 / Time: 0h:0m:1s (0h:0m:0s left)
Iteration 280 / LogL: -2422.712 / Time: 0h:0m:1s (0h:0m:0s left)
Iteration 290 / LogL: -2422.715 / Time: 0h:0m:1s (0h:0m:0s left)
Iteration 300 / LogL: -2422.716 / Time: 0h:0m:1s (0h:0m:0s left)
Log-likelihood cutoff on original alignment: -2442.738
NOTE: Bootstrap correlation coefficient of split occurrence frequencies: 0.993
TREE SEARCH COMPLETED AFTER 300 ITERATIONS / Time: 0h:0m:1s

--------------------------------------------------------------------
|                    FINALIZING TREE SEARCH                        |
--------------------------------------------------------------------
Performs final model parameters optimization
Estimate model parameters (epsilon = 0.010)
1. Initial log-likelihood: -2422.709
Optimal log-likelihood: -2422.708
Rate parameters:  A-C: 1.00000  A-G: 4.13265  A-T: 1.00000  C-G: 1.00000  C-T: 4.13265  G-T: 1.00000
Base frequencies:  A: 0.250  C: 0.250  G: 0.250  T: 0.250
Proportion of invariable sites: 0.900
Parameters optimization took 1 rounds (0.000 sec)
BEST SCORE FOUND : -2422.708
Creating bootstrap support values...
Split supports printed to NEXUS file 50418at7898.fltrd_aligned.fas.splits.nex
Total tree length: 0.049

Total number of iterations: 300
CPU time used for tree search: 1.745 sec (0h:0m:1s)
Wall-clock time used for tree search: 1.852 sec (0h:0m:1s)
Total CPU time used: 1.776 sec (0h:0m:1s)
Total wall-clock time used: 1.893 sec (0h:0m:1s)

Computing bootstrap consensus tree...
Reading input file 50418at7898.fltrd_aligned.fas.splits.nex...
15 taxa and 153 splits.
Consensus tree written to 50418at7898.fltrd_aligned.fas.contree
Reading input trees file 50418at7898.fltrd_aligned.fas.contree
Log-likelihood of consensus tree: -2422.734

Analysis results written to: 
  IQ-TREE report:                50418at7898.fltrd_aligned.fas.iqtree
  Maximum-likelihood tree:       50418at7898.fltrd_aligned.fas.treefile
  Likelihood distances:          50418at7898.fltrd_aligned.fas.mldist

Ultrafast bootstrap approximation results written to:
  Split support values:          50418at7898.fltrd_aligned.fas.splits.nex
  Consensus tree:                50418at7898.fltrd_aligned.fas.contree
  Screen log file:               50418at7898.fltrd_aligned.fas.log

Date and Time: Tue Dec  2 14:50:11 2025
