IQ-TREE multicore version 2.1.3 COVID-edition for Linux 64-bit built Apr 21 2021
Developed by Bui Quang Minh, James Barbetti, Nguyen Lam Tung,
Olga Chernomor, Heiko Schmidt, Dominik Schrempf, Michael Woodhams.

Host:    gombessa.rcs.alaska.edu (AVX2, FMA3, 503 GB RAM)
Command: /export/scratch/tsvanorden/Char_Phylogenetics/src/iqtree-2.1.3-Linux/bin/iqtree2 -s 135112at7898.fltrd_aligned.fas -m MFP -bb 1000 -T 1
Seed:    729802 (Using SPRNG - Scalable Parallel Random Number Generator)
Time:    Tue Dec  2 14:49:33 2025
Kernel:  AVX+FMA - 1 threads (1 CPU cores detected)

Reading alignment file 135112at7898.fltrd_aligned.fas ... Fasta format detected
Alignment most likely contains DNA/RNA sequences
Alignment has 20 sequences with 228 columns, 10 distinct patterns
0 parsimony-informative, 3 singleton sites, 225 constant sites
                                Gap/Ambiguity  Composition  p-value
   1  251140_Ward_Creek                 0.00%    passed    100.00%
   2  260512_Pybus_Point                0.00%    passed    100.00%
   3  261935_Kenai_River                0.00%    passed    100.00%
   4  353213_Cropley_Lake               0.00%    passed    100.00%
   5  353219_Peterson_Creek             0.00%    passed    100.00%
   6  353220_Fish_Creek                 0.00%    passed    100.00%
   7  353246_Cottonwood_Creek           0.00%    passed    100.00%
   8  353379_Skagit_River               0.00%    passed    100.00%
   9  353381_Dungeness_River            2.63%    passed     99.83%
  10  353401_Peace_River                0.00%    passed    100.00%
  11  353407_Noatok                     0.00%    passed    100.00%
  12  353410_Horizon_Lake               0.00%    passed    100.00%
  13  92319_Little_Lost                 0.00%    passed    100.00%
  14  94280_St_Joe                      0.00%    passed    100.00%
  15  GCA016432855_Lake_Trout           0.00%    passed    100.00%
  16  GCA036784925_Maine_S_alpinus      0.00%    passed    100.00%
  17  GCA045679555_Iceland_A_alpinus    0.00%    passed    100.00%
  18  GCF013265735_Rainbow_Trout        0.00%    passed     99.35%
  19  GCF029448725_Brook_Trout          0.00%    passed    100.00%
  20  Methow_River_99895                0.00%    passed    100.00%
****  TOTAL                             0.13%  0 sequences failed composition chi2 test (p-value<5%; df=3)
NOTE: 260512_Pybus_Point is identical to 251140_Ward_Creek but kept for subsequent analysis
NOTE: 16 identical sequences (see below) will be ignored for subsequent analysis
NOTE: 261935_Kenai_River (identical to 251140_Ward_Creek) is ignored but added at the end
NOTE: 353213_Cropley_Lake (identical to 251140_Ward_Creek) is ignored but added at the end
NOTE: 353219_Peterson_Creek (identical to 251140_Ward_Creek) is ignored but added at the end
NOTE: 353220_Fish_Creek (identical to 251140_Ward_Creek) is ignored but added at the end
NOTE: 353246_Cottonwood_Creek (identical to 251140_Ward_Creek) is ignored but added at the end
NOTE: 353379_Skagit_River (identical to 251140_Ward_Creek) is ignored but added at the end
NOTE: 353401_Peace_River (identical to 251140_Ward_Creek) is ignored but added at the end
NOTE: 353407_Noatok (identical to 251140_Ward_Creek) is ignored but added at the end
NOTE: 353410_Horizon_Lake (identical to 251140_Ward_Creek) is ignored but added at the end
NOTE: 92319_Little_Lost (identical to 251140_Ward_Creek) is ignored but added at the end
NOTE: 94280_St_Joe (identical to 251140_Ward_Creek) is ignored but added at the end
NOTE: GCA016432855_Lake_Trout (identical to 251140_Ward_Creek) is ignored but added at the end
NOTE: GCA036784925_Maine_S_alpinus (identical to 251140_Ward_Creek) is ignored but added at the end
NOTE: GCA045679555_Iceland_A_alpinus (identical to 251140_Ward_Creek) is ignored but added at the end
NOTE: GCF029448725_Brook_Trout (identical to 251140_Ward_Creek) is ignored but added at the end
NOTE: Methow_River_99895 (identical to 251140_Ward_Creek) is ignored but added at the end
Alignment was printed to 135112at7898.fltrd_aligned.fas.uniqueseq.phy

For your convenience alignment with unique sequences printed to 135112at7898.fltrd_aligned.fas.uniqueseq.phy


Create initial parsimony tree by phylogenetic likelihood library (PLL)... 0.000 seconds
Perform fast likelihood tree search using GTR+I+G model...
Estimate model parameters (epsilon = 5.000)
Perform nearest neighbor interchange...
Estimate model parameters (epsilon = 1.000)
1. Initial log-likelihood: -324.588
Optimal log-likelihood: -324.386
Rate parameters:  A-C: 100.00000  A-G: 0.00010  A-T: 0.00010  C-G: 0.00010  C-T: 100.00000  G-T: 1.00000
Base frequencies:  A: 0.363  C: 0.237  G: 0.219  T: 0.181
Proportion of invariable sites: 0.493
Gamma shape alpha: 998.447
Parameters optimization took 1 rounds (0.001 sec)

WARNING: Estimated model parameters are at boundary that can cause numerical instability!

Time for fast ML tree search: 0.002 seconds

NOTE: ModelFinder requires 0 MB RAM!
ModelFinder will test up to 286 DNA models (sample size: 228) ...
 No. Model         -LnL         df  AIC          AICc         BIC
  1  GTR+F         324.376      13  674.753      676.454      719.334
  2  GTR+F+I       324.376      14  676.753      678.725      724.764
  3  GTR+F+G4      324.376      14  676.753      678.725      724.764
  4  GTR+F+I+G4    324.386      15  678.772      681.036      730.212
  5  GTR+F+R2      324.381      15  678.762      681.026      730.202
  6  GTR+F+R3      324.382      17  682.765      685.679      741.064
 14  SYM           332.081      10  684.163      685.176      718.456
 15  SYM+I         332.081      11  686.162      687.384      723.885
 16  SYM+G4        332.081      11  686.162      687.384      723.885
 27  TVM+F         325.421      12  674.841      676.292      715.993
 28  TVM+F+I       325.420      13  676.841      678.542      721.422
 29  TVM+F+G4      325.420      13  676.841      678.542      721.422
 40  TVMe          332.962      9   683.923      684.749      714.787
 41  TVMe+I        332.961      10  685.923      686.937      720.216
 42  TVMe+G4       332.961      10  685.923      686.937      720.216
 53  TIM3+F        325.345      11  672.691      673.913      710.414
 54  TIM3+F+I      325.345      12  674.690      676.141      715.842
 55  TIM3+F+G4     325.345      12  674.690      676.141      715.842
 66  TIM3e         333.251      8   682.503      683.160      709.937
 67  TIM3e+I       333.251      9   684.502      685.328      715.366
 68  TIM3e+G4      333.251      9   684.502      685.328      715.366
 79  TIM2+F        325.524      11  673.049      674.271      710.771
 80  TIM2+F+I      325.524      12  675.048      676.500      716.201
 81  TIM2+F+G4     325.524      12  675.049      676.500      716.201
 92  TIM2e         333.370      8   682.739      683.397      710.174
 93  TIM2e+I       333.372      9   684.744      685.569      715.608
 94  TIM2e+G4      333.370      9   684.741      685.567      715.605
105  TIM+F         325.133      11  672.266      673.488      709.989
106  TIM+F+I       325.132      12  674.265      675.716      715.417
107  TIM+F+G4      325.132      12  674.265      675.716      715.417
118  TIMe          333.099      8   682.199      682.856      709.634
119  TIMe+I        333.099      9   684.199      685.024      715.063
120  TIMe+G4       333.099      9   684.199      685.024      715.063
131  TPM3u+F       326.376      10  672.751      673.765      707.045
132  TPM3u+F+I     326.376      11  674.751      675.973      712.474
133  TPM3u+F+G4    326.376      11  674.751      675.973      712.474
144  TPM3+F        326.376      10  672.751      673.765      707.045
145  TPM3+F+I      326.376      11  674.751      675.973      712.474
146  TPM3+F+G4     326.376      11  674.751      675.973      712.474
157  TPM2u+F       326.562      10  673.123      674.137      707.417
158  TPM2u+F+I     326.569      11  675.138      676.360      712.860
159  TPM2u+F+G4    326.569      11  675.138      676.360      712.861
170  TPM2+F        326.562      10  673.123      674.137      707.417
171  TPM2+F+I      326.569      11  675.138      676.360      712.860
172  TPM2+F+G4     326.569      11  675.138      676.360      712.861
183  K3Pu+F        326.176      10  672.351      673.365      706.645
184  K3Pu+F+I      326.176      11  674.351      675.573      712.074
185  K3Pu+F+G4     326.176      11  674.351      675.573      712.074
196  K3P           333.967      7   681.934      682.443      705.939
197  K3P+I         333.967      8   683.934      684.591      711.369
198  K3P+G4        333.967      8   683.934      684.591      711.369
209  TN+F          326.447      10  672.894      673.907      707.187
210  TN+F+I        326.447      11  674.894      676.116      712.616
211  TN+F+G4       326.447      11  674.894      676.116      712.616
222  TNe           334.478      7   682.955      683.464      706.961
223  TNe+I         334.478      8   684.955      685.613      712.390
224  TNe+G4        334.478      8   684.955      685.613      712.390
235  HKY+F         327.489      9   672.977      673.803      703.841
236  HKY+F+I       327.489      10  674.977      675.991      709.271
237  HKY+F+G4      327.489      10  674.977      675.991      709.271
248  K2P           335.344      6   682.688      683.069      703.265
249  K2P+I         335.344      7   684.688      685.198      708.694
250  K2P+G4        335.344      7   684.688      685.198      708.694
261  F81+F         327.489      8   670.977      671.635      698.412
262  F81+F+I       327.489      9   672.977      673.803      703.841
263  F81+F+G4      327.489      9   672.977      673.803      703.841
274  JC            335.344      5   680.688      680.959      697.835
275  JC+I          335.344      6   682.688      683.069      703.265
276  JC+G4         335.344      6   682.688      683.069      703.265
Akaike Information Criterion:           F81+F
Corrected Akaike Information Criterion: F81+F
Bayesian Information Criterion:         JC
Best-fit model: JC chosen according to BIC

All model information printed to 135112at7898.fltrd_aligned.fas.model.gz
CPU time for ModelFinder: 0.034 seconds (0h:0m:0s)
Wall-clock time for ModelFinder: 0.042 seconds (0h:0m:0s)
Generating 1000 samples for ultrafast bootstrap (seed: 729802)...

NOTE: 0 MB RAM (0 GB) is required!
Estimate model parameters (epsilon = 0.100)
1. Initial log-likelihood: -335.344
Optimal log-likelihood: -335.344
Rate parameters:  A-C: 1.00000  A-G: 1.00000  A-T: 1.00000  C-G: 1.00000  C-T: 1.00000  G-T: 1.00000
Base frequencies:  A: 0.250  C: 0.250  G: 0.250  T: 0.250
Parameters optimization took 1 rounds (0.000 sec)
Computing ML distances based on estimated model parameters...
Computing ML distances took 0.000073 sec (of wall-clock time) 0.000051 sec(of CPU time)
WARNING: Some pairwise ML distances are too long (saturated)
Computing RapidNJ tree took 0.000016 sec (of wall-clock time) 0.000012 sec (of CPU time)
Log-likelihood of RapidNJ tree: -335.345
--------------------------------------------------------------------
|             INITIALIZING CANDIDATE TREE SET                      |
--------------------------------------------------------------------
Generating 98 parsimony trees... 0.004 second
Computing log-likelihood of 1 initial trees ... 0.000 seconds
Current best score: -335.344

Do NNI search on 3 best initial trees
UPDATE BEST LOG-LIKELIHOOD: -335.344
Finish initializing candidate tree set (3)
Current best tree score: -335.344 / CPU time: 0.007
Number of iterations: 3
--------------------------------------------------------------------
|               OPTIMIZING CANDIDATE TREE SET                      |
--------------------------------------------------------------------
Iteration 10 / LogL: -335.345 / Time: 0h:0m:0s
UPDATE BEST LOG-LIKELIHOOD: -335.344
Iteration 20 / LogL: -335.344 / Time: 0h:0m:0s
Iteration 30 / LogL: -335.345 / Time: 0h:0m:0s (0h:0m:0s left)
Iteration 40 / LogL: -335.344 / Time: 0h:0m:0s (0h:0m:0s left)
Iteration 50 / LogL: -335.344 / Time: 0h:0m:0s (0h:0m:0s left)
Log-likelihood cutoff on original alignment: -335.345
Iteration 60 / LogL: -335.344 / Time: 0h:0m:0s (0h:0m:0s left)
Iteration 70 / LogL: -335.344 / Time: 0h:0m:0s (0h:0m:0s left)
Iteration 80 / LogL: -335.345 / Time: 0h:0m:0s (0h:0m:0s left)
Iteration 90 / LogL: -335.344 / Time: 0h:0m:0s (0h:0m:0s left)
Iteration 100 / LogL: -335.344 / Time: 0h:0m:0s (0h:0m:0s left)
Log-likelihood cutoff on original alignment: -335.345
NOTE: Bootstrap correlation coefficient of split occurrence frequencies: 0.727
NOTE: UFBoot does not converge, continue at least 100 more iterations
Iteration 110 / LogL: -335.344 / Time: 0h:0m:0s (0h:0m:0s left)
Iteration 120 / LogL: -335.344 / Time: 0h:0m:0s (0h:0m:0s left)
Iteration 130 / LogL: -335.344 / Time: 0h:0m:0s (0h:0m:0s left)
Iteration 140 / LogL: -335.344 / Time: 0h:0m:0s (0h:0m:0s left)
Iteration 150 / LogL: -335.345 / Time: 0h:0m:0s (0h:0m:0s left)
Log-likelihood cutoff on original alignment: -335.345
Iteration 160 / LogL: -335.344 / Time: 0h:0m:0s (0h:0m:0s left)
Iteration 170 / LogL: -335.344 / Time: 0h:0m:0s (0h:0m:0s left)
Iteration 180 / LogL: -335.344 / Time: 0h:0m:0s (0h:0m:0s left)
Iteration 190 / LogL: -335.345 / Time: 0h:0m:0s (0h:0m:0s left)
Iteration 200 / LogL: -335.344 / Time: 0h:0m:0s (0h:0m:0s left)
Log-likelihood cutoff on original alignment: -335.345
NOTE: Bootstrap correlation coefficient of split occurrence frequencies: 0.666
NOTE: UFBoot does not converge, continue at least 100 more iterations
Iteration 210 / LogL: -335.344 / Time: 0h:0m:0s (0h:0m:0s left)
Iteration 220 / LogL: -335.345 / Time: 0h:0m:0s (0h:0m:0s left)
Iteration 230 / LogL: -335.344 / Time: 0h:0m:0s (0h:0m:0s left)
Iteration 240 / LogL: -335.345 / Time: 0h:0m:0s (0h:0m:0s left)
Iteration 250 / LogL: -335.345 / Time: 0h:0m:0s (0h:0m:0s left)
Log-likelihood cutoff on original alignment: -335.345
Iteration 260 / LogL: -335.344 / Time: 0h:0m:0s (0h:0m:0s left)
Iteration 270 / LogL: -335.344 / Time: 0h:0m:0s (0h:0m:0s left)
Iteration 280 / LogL: -335.344 / Time: 0h:0m:0s (0h:0m:0s left)
Iteration 290 / LogL: -335.345 / Time: 0h:0m:0s (0h:0m:0s left)
Iteration 300 / LogL: -335.345 / Time: 0h:0m:0s (0h:0m:0s left)
Log-likelihood cutoff on original alignment: -335.345
NOTE: Bootstrap correlation coefficient of split occurrence frequencies: 0.498
NOTE: UFBoot does not converge, continue at least 100 more iterations
Iteration 310 / LogL: -335.344 / Time: 0h:0m:0s (0h:0m:0s left)
Iteration 320 / LogL: -335.344 / Time: 0h:0m:0s (0h:0m:0s left)
Iteration 330 / LogL: -335.344 / Time: 0h:0m:0s (0h:0m:0s left)
Iteration 340 / LogL: -335.344 / Time: 0h:0m:0s (0h:0m:0s left)
Iteration 350 / LogL: -335.344 / Time: 0h:0m:0s (0h:0m:0s left)
Log-likelihood cutoff on original alignment: -335.345
Iteration 360 / LogL: -335.345 / Time: 0h:0m:0s (0h:0m:0s left)
Iteration 370 / LogL: -335.345 / Time: 0h:0m:0s (0h:0m:0s left)
Iteration 380 / LogL: -335.345 / Time: 0h:0m:1s (0h:0m:0s left)
Iteration 390 / LogL: -335.344 / Time: 0h:0m:1s (0h:0m:0s left)
Iteration 400 / LogL: -335.344 / Time: 0h:0m:1s (0h:0m:0s left)
Log-likelihood cutoff on original alignment: -335.345
NOTE: Bootstrap correlation coefficient of split occurrence frequencies: -0.542
NOTE: UFBoot does not converge, continue at least 100 more iterations
Iteration 410 / LogL: -335.345 / Time: 0h:0m:1s (0h:0m:0s left)
Iteration 420 / LogL: -335.345 / Time: 0h:0m:1s (0h:0m:0s left)
Iteration 430 / LogL: -335.344 / Time: 0h:0m:1s (0h:0m:0s left)
Iteration 440 / LogL: -335.344 / Time: 0h:0m:1s (0h:0m:0s left)
Iteration 450 / LogL: -335.344 / Time: 0h:0m:1s (0h:0m:0s left)
Log-likelihood cutoff on original alignment: -335.345
Iteration 460 / LogL: -335.345 / Time: 0h:0m:1s (0h:0m:0s left)
Iteration 470 / LogL: -335.345 / Time: 0h:0m:1s (0h:0m:0s left)
Iteration 480 / LogL: -335.345 / Time: 0h:0m:1s (0h:0m:0s left)
Iteration 490 / LogL: -335.344 / Time: 0h:0m:1s (0h:0m:0s left)
Iteration 500 / LogL: -335.345 / Time: 0h:0m:1s (0h:0m:0s left)
Log-likelihood cutoff on original alignment: -335.345
NOTE: Bootstrap correlation coefficient of split occurrence frequencies: 0.758
NOTE: UFBoot does not converge, continue at least 100 more iterations
Iteration 510 / LogL: -335.344 / Time: 0h:0m:1s (0h:0m:0s left)
Iteration 520 / LogL: -335.344 / Time: 0h:0m:1s (0h:0m:0s left)
Iteration 530 / LogL: -335.345 / Time: 0h:0m:1s (0h:0m:0s left)
Iteration 540 / LogL: -335.345 / Time: 0h:0m:1s (0h:0m:0s left)
Iteration 550 / LogL: -335.344 / Time: 0h:0m:1s (0h:0m:0s left)
Log-likelihood cutoff on original alignment: -335.345
Iteration 560 / LogL: -335.344 / Time: 0h:0m:1s (0h:0m:0s left)
Iteration 570 / LogL: -335.344 / Time: 0h:0m:1s (0h:0m:0s left)
Iteration 580 / LogL: -335.344 / Time: 0h:0m:1s (0h:0m:0s left)
Iteration 590 / LogL: -335.345 / Time: 0h:0m:1s (0h:0m:0s left)
Iteration 600 / LogL: -335.344 / Time: 0h:0m:1s (0h:0m:0s left)
Log-likelihood cutoff on original alignment: -335.345
NOTE: Bootstrap correlation coefficient of split occurrence frequencies: -0.166
NOTE: UFBoot does not converge, continue at least 100 more iterations
Iteration 610 / LogL: -335.345 / Time: 0h:0m:1s (0h:0m:0s left)
Iteration 620 / LogL: -335.345 / Time: 0h:0m:1s (0h:0m:0s left)
Iteration 630 / LogL: -335.344 / Time: 0h:0m:1s (0h:0m:0s left)
Iteration 640 / LogL: -335.344 / Time: 0h:0m:1s (0h:0m:0s left)
Iteration 650 / LogL: -335.345 / Time: 0h:0m:1s (0h:0m:0s left)
Log-likelihood cutoff on original alignment: -335.345
Iteration 660 / LogL: -335.344 / Time: 0h:0m:1s (0h:0m:0s left)
Iteration 670 / LogL: -335.344 / Time: 0h:0m:1s (0h:0m:0s left)
Iteration 680 / LogL: -335.344 / Time: 0h:0m:1s (0h:0m:0s left)
Iteration 690 / LogL: -335.344 / Time: 0h:0m:1s (0h:0m:0s left)
Iteration 700 / LogL: -335.345 / Time: 0h:0m:1s (0h:0m:0s left)
Log-likelihood cutoff on original alignment: -335.345
NOTE: Bootstrap correlation coefficient of split occurrence frequencies: -0.104
NOTE: UFBoot does not converge, continue at least 100 more iterations
Iteration 710 / LogL: -335.345 / Time: 0h:0m:1s (0h:0m:0s left)
Iteration 720 / LogL: -335.344 / Time: 0h:0m:1s (0h:0m:0s left)
Iteration 730 / LogL: -335.345 / Time: 0h:0m:1s (0h:0m:0s left)
Iteration 740 / LogL: -335.345 / Time: 0h:0m:1s (0h:0m:0s left)
Iteration 750 / LogL: -335.345 / Time: 0h:0m:1s (0h:0m:0s left)
Log-likelihood cutoff on original alignment: -335.345
Iteration 760 / LogL: -335.344 / Time: 0h:0m:1s (0h:0m:0s left)
Iteration 770 / LogL: -335.344 / Time: 0h:0m:1s (0h:0m:0s left)
Iteration 780 / LogL: -335.345 / Time: 0h:0m:1s (0h:0m:0s left)
Iteration 790 / LogL: -335.345 / Time: 0h:0m:2s (0h:0m:0s left)
Iteration 800 / LogL: -335.344 / Time: 0h:0m:2s (0h:0m:0s left)
Log-likelihood cutoff on original alignment: -335.345
NOTE: Bootstrap correlation coefficient of split occurrence frequencies: 0.597
NOTE: UFBoot does not converge, continue at least 100 more iterations
Iteration 810 / LogL: -335.344 / Time: 0h:0m:2s (0h:0m:0s left)
Iteration 820 / LogL: -335.344 / Time: 0h:0m:2s (0h:0m:0s left)
Iteration 830 / LogL: -335.345 / Time: 0h:0m:2s (0h:0m:0s left)
Iteration 840 / LogL: -335.345 / Time: 0h:0m:2s (0h:0m:0s left)
Iteration 850 / LogL: -335.344 / Time: 0h:0m:2s (0h:0m:0s left)
Log-likelihood cutoff on original alignment: -335.345
Iteration 860 / LogL: -335.344 / Time: 0h:0m:2s (0h:0m:0s left)
Iteration 870 / LogL: -335.344 / Time: 0h:0m:2s (0h:0m:0s left)
Iteration 880 / LogL: -335.344 / Time: 0h:0m:2s (0h:0m:0s left)
Iteration 890 / LogL: -335.344 / Time: 0h:0m:2s (0h:0m:0s left)
Iteration 900 / LogL: -335.344 / Time: 0h:0m:2s (0h:0m:0s left)
Log-likelihood cutoff on original alignment: -335.345
NOTE: Bootstrap correlation coefficient of split occurrence frequencies: -0.928
NOTE: UFBoot does not converge, continue at least 100 more iterations
Iteration 910 / LogL: -335.344 / Time: 0h:0m:2s (0h:0m:0s left)
Iteration 920 / LogL: -335.345 / Time: 0h:0m:2s (0h:0m:0s left)
Iteration 930 / LogL: -335.344 / Time: 0h:0m:2s (0h:0m:0s left)
Iteration 940 / LogL: -335.345 / Time: 0h:0m:2s (0h:0m:0s left)
Iteration 950 / LogL: -335.345 / Time: 0h:0m:2s (0h:0m:0s left)
Log-likelihood cutoff on original alignment: -335.345
Iteration 960 / LogL: -335.345 / Time: 0h:0m:2s (0h:0m:0s left)
Iteration 970 / LogL: -335.345 / Time: 0h:0m:2s (0h:0m:0s left)
Iteration 980 / LogL: -335.344 / Time: 0h:0m:2s (0h:0m:0s left)
Iteration 990 / LogL: -335.345 / Time: 0h:0m:2s (0h:0m:0s left)
Iteration 1000 / LogL: -335.345 / Time: 0h:0m:2s (0h:0m:0s left)
Log-likelihood cutoff on original alignment: -335.345
NOTE: Bootstrap correlation coefficient of split occurrence frequencies: 0.498
NOTE: UFBoot does not converge, continue at least 100 more iterations
WARNING: bootstrap analysis did not converge. You should rerun with higher number of iterations (-nm option)
TREE SEARCH COMPLETED AFTER 1001 ITERATIONS / Time: 0h:0m:2s

--------------------------------------------------------------------
|                    FINALIZING TREE SEARCH                        |
--------------------------------------------------------------------
Performs final model parameters optimization
Estimate model parameters (epsilon = 0.010)
1. Initial log-likelihood: -335.344
Optimal log-likelihood: -335.344
Rate parameters:  A-C: 1.00000  A-G: 1.00000  A-T: 1.00000  C-G: 1.00000  C-T: 1.00000  G-T: 1.00000
Base frequencies:  A: 0.250  C: 0.250  G: 0.250  T: 0.250
Parameters optimization took 1 rounds (0.000 sec)
BEST SCORE FOUND : -335.344
Creating bootstrap support values...
Split supports printed to NEXUS file 135112at7898.fltrd_aligned.fas.splits.nex
Total tree length: 0.013

Total number of iterations: 1001
CPU time used for tree search: 2.479 sec (0h:0m:2s)
Wall-clock time used for tree search: 2.529 sec (0h:0m:2s)
Total CPU time used: 2.492 sec (0h:0m:2s)
Total wall-clock time used: 2.554 sec (0h:0m:2s)

Computing bootstrap consensus tree...
Reading input file 135112at7898.fltrd_aligned.fas.splits.nex...
4 taxa and 7 splits.
Consensus tree written to 135112at7898.fltrd_aligned.fas.contree
Reading input trees file 135112at7898.fltrd_aligned.fas.contree
Log-likelihood of consensus tree: -335.345

Analysis results written to: 
  IQ-TREE report:                135112at7898.fltrd_aligned.fas.iqtree
  Maximum-likelihood tree:       135112at7898.fltrd_aligned.fas.treefile
  Likelihood distances:          135112at7898.fltrd_aligned.fas.mldist

Ultrafast bootstrap approximation results written to:
  Split support values:          135112at7898.fltrd_aligned.fas.splits.nex
  Consensus tree:                135112at7898.fltrd_aligned.fas.contree
  Screen log file:               135112at7898.fltrd_aligned.fas.log

Date and Time: Tue Dec  2 14:49:36 2025
