IQ-TREE multicore version 2.1.3 COVID-edition for Linux 64-bit built Apr 21 2021
Developed by Bui Quang Minh, James Barbetti, Nguyen Lam Tung,
Olga Chernomor, Heiko Schmidt, Dominik Schrempf, Michael Woodhams.

Host:    gombessa.rcs.alaska.edu (AVX2, FMA3, 503 GB RAM)
Command: /export/scratch/tsvanorden/Char_Phylogenetics/src/iqtree-2.1.3-Linux/bin/iqtree2 -s 57608at7898.fltrd_aligned.fas -m MFP -bb 1000 -T 1
Seed:    6221 (Using SPRNG - Scalable Parallel Random Number Generator)
Time:    Tue Dec  2 14:50:14 2025
Kernel:  AVX+FMA - 1 threads (1 CPU cores detected)

Reading alignment file 57608at7898.fltrd_aligned.fas ... Fasta format detected
Alignment most likely contains DNA/RNA sequences
Alignment has 20 sequences with 1437 columns, 43 distinct patterns
9 parsimony-informative, 29 singleton sites, 1399 constant sites
                                Gap/Ambiguity  Composition  p-value
   1  251140_Ward_Creek                 0.00%    passed     99.98%
   2  260512_Pybus_Point                0.00%    passed     99.98%
   3  261935_Kenai_River                0.00%    passed     99.98%
   4  353213_Cropley_Lake               0.00%    passed     99.98%
   5  353219_Peterson_Creek             0.00%    passed    100.00%
   6  353220_Fish_Creek                 0.00%    passed     99.98%
   7  353246_Cottonwood_Creek           0.00%    passed     99.98%
   8  353379_Skagit_River               0.00%    passed     99.94%
   9  353381_Dungeness_River           17.12%    passed     62.07%
  10  353401_Peace_River                0.00%    passed     99.94%
  11  353407_Noatok                     0.00%    passed     99.89%
  12  353410_Horizon_Lake               0.00%    passed     99.99%
  13  92319_Little_Lost                13.15%    passed     67.26%
  14  94280_St_Joe                      0.00%    passed     99.94%
  15  GCA016432855_Lake_Trout           0.00%    passed     99.95%
  16  GCA036784925_Maine_S_alpinus      0.00%    passed    100.00%
  17  GCA045679555_Iceland_A_alpinus    0.00%    passed    100.00%
  18  GCF013265735_Rainbow_Trout        0.00%    passed     99.40%
  19  GCF029448725_Brook_Trout          0.00%    passed     99.99%
  20  Methow_River_99895                0.00%    passed     99.94%
****  TOTAL                             1.51%  0 sequences failed composition chi2 test (p-value<5%; df=3)
NOTE: 260512_Pybus_Point is identical to 251140_Ward_Creek but kept for subsequent analysis
NOTE: GCA036784925_Maine_S_alpinus is identical to 353219_Peterson_Creek but kept for subsequent analysis
NOTE: 353401_Peace_River is identical to 353379_Skagit_River but kept for subsequent analysis
NOTE: 7 identical sequences (see below) will be ignored for subsequent analysis
NOTE: 261935_Kenai_River (identical to 251140_Ward_Creek) is ignored but added at the end
NOTE: 353213_Cropley_Lake (identical to 251140_Ward_Creek) is ignored but added at the end
NOTE: 353220_Fish_Creek (identical to 251140_Ward_Creek) is ignored but added at the end
NOTE: 353246_Cottonwood_Creek (identical to 251140_Ward_Creek) is ignored but added at the end
NOTE: GCA045679555_Iceland_A_alpinus (identical to 353219_Peterson_Creek) is ignored but added at the end
NOTE: 94280_St_Joe (identical to 353379_Skagit_River) is ignored but added at the end
NOTE: Methow_River_99895 (identical to 353379_Skagit_River) is ignored but added at the end
Alignment was printed to 57608at7898.fltrd_aligned.fas.uniqueseq.phy

For your convenience alignment with unique sequences printed to 57608at7898.fltrd_aligned.fas.uniqueseq.phy


Create initial parsimony tree by phylogenetic likelihood library (PLL)... 0.000 seconds
Perform fast likelihood tree search using GTR+I+G model...
Estimate model parameters (epsilon = 5.000)
Perform nearest neighbor interchange...
Estimate model parameters (epsilon = 1.000)
1. Initial log-likelihood: -2259.141
Optimal log-likelihood: -2259.141
Rate parameters:  A-C: 2.27661  A-G: 9.58754  A-T: 0.88680  C-G: 2.95493  C-T: 16.50372  G-T: 1.00000
Base frequencies:  A: 0.262  C: 0.256  G: 0.270  T: 0.212
Proportion of invariable sites: 0.487
Gamma shape alpha: 1.019
Parameters optimization took 1 rounds (0.001 sec)
Time for fast ML tree search: 0.005 seconds

NOTE: ModelFinder requires 0 MB RAM!
ModelFinder will test up to 286 DNA models (sample size: 1437) ...
 No. Model         -LnL         df  AIC          AICc         BIC
  1  GTR+F         2259.660     31  4581.320     4582.732     4744.699
  2  GTR+F+I       2259.131     32  4582.263     4583.767     4750.913
  3  GTR+F+G4      2259.135     32  4582.270     4583.774     4750.920
  4  GTR+F+I+G4    2259.141     33  4584.281     4585.881     4758.202
  5  GTR+F+R2      2259.406     33  4584.812     4586.411     4758.732
  6  GTR+F+R3      2259.339     35  4588.677     4590.476     4773.138
 14  SYM           2264.852     28  4585.704     4586.857     4733.273
 15  SYM+I         2264.365     29  4586.730     4587.966     4739.569
 16  SYM+G4        2264.369     29  4586.738     4587.974     4739.577
 27  TVM+F         2260.736     30  4581.471     4582.794     4739.580
 28  TVM+F+I       2260.186     31  4582.371     4583.783     4745.751
 29  TVM+F+G4      2260.188     31  4582.375     4583.787     4745.755
 40  TVMe          2265.448     27  4584.895     4585.968     4727.194
 41  TVMe+I        2264.948     28  4585.896     4587.050     4733.465
 42  TVMe+G4       2264.951     28  4585.902     4587.055     4733.471
 53  TIM3+F        2259.711     29  4577.422     4578.659     4730.261
 54  TIM3+F+I      2259.182     30  4578.365     4579.688     4736.474
 55  TIM3+F+G4     2259.186     30  4578.372     4579.695     4736.481
 66  TIM3e         2264.912     26  4581.824     4582.820     4718.852
 67  TIM3e+I       2264.427     27  4582.853     4583.927     4725.152
 68  TIM3e+G4      2264.431     27  4582.862     4583.935     4725.160
 79  TIM2+F        2260.724     29  4579.447     4580.684     4732.286
 80  TIM2+F+I      2260.141     30  4580.282     4581.605     4738.391
 81  TIM2+F+G4     2260.143     30  4580.286     4581.609     4738.396
 92  TIM2e         2266.150     26  4584.299     4585.295     4721.328
 93  TIM2e+I       2265.613     27  4585.225     4586.298     4727.524
 94  TIM2e+G4      2265.616     27  4585.232     4586.305     4727.530
105  TIM+F         2260.707     29  4579.415     4580.652     4732.254
106  TIM+F+I       2260.130     30  4580.259     4581.582     4738.369
107  TIM+F+G4      2260.133     30  4580.265     4581.588     4738.375
118  TIMe          2266.136     26  4584.273     4585.268     4721.301
119  TIMe+I        2265.595     27  4585.190     4586.263     4727.488
120  TIMe+G4       2265.599     27  4585.198     4586.271     4727.496
131  TPM3u+F       2260.791     28  4577.582     4578.736     4725.151
132  TPM3u+F+I     2260.240     29  4578.481     4579.717     4731.320
133  TPM3u+F+G4    2260.242     29  4578.484     4579.721     4731.323
144  TPM3+F        2260.791     28  4577.582     4578.736     4725.151
145  TPM3+F+I      2260.240     29  4578.481     4579.717     4731.320
146  TPM3+F+G4     2260.242     29  4578.484     4579.721     4731.323
157  TPM2u+F       2261.798     28  4579.596     4580.750     4727.165
158  TPM2u+F+I     2261.194     29  4580.388     4581.625     4733.227
159  TPM2u+F+G4    2261.195     29  4580.390     4581.627     4733.229
170  TPM2+F        2261.798     28  4579.596     4580.750     4727.165
171  TPM2+F+I      2261.194     29  4580.388     4581.625     4733.227
172  TPM2+F+G4     2261.195     29  4580.390     4581.627     4733.229
183  K3Pu+F        2261.792     28  4579.585     4580.738     4727.153
184  K3Pu+F+I      2261.177     29  4580.354     4581.591     4733.193
185  K3Pu+F+G4     2261.178     29  4580.356     4581.592     4733.195
196  K3P           2266.725     25  4583.451     4584.372     4715.208
197  K3P+I         2266.169     26  4584.337     4585.333     4721.365
198  K3P+G4        2266.170     26  4584.339     4585.335     4721.367
209  TN+F          2260.760     28  4577.519     4578.673     4725.088
210  TN+F+I        2260.185     29  4578.370     4579.607     4731.209
211  TN+F+G4       2260.186     29  4578.371     4579.608     4731.210
222  TNe           2266.179     25  4582.359     4583.280     4714.116
223  TNe+I         2265.648     26  4583.295     4584.291     4720.323
224  TNe+G4        2265.651     26  4583.302     4584.298     4720.330
235  HKY+F         2261.839     27  4577.677     4578.750     4719.976
236  HKY+F+I       2261.236     28  4578.472     4579.625     4726.041
237  HKY+F+G4      2261.237     28  4578.474     4579.627     4726.043
248  K2P           2266.773     24  4581.546     4582.395     4708.033
249  K2P+I         2266.230     25  4582.460     4583.382     4714.218
250  K2P+G4        2266.232     25  4582.465     4583.386     4714.222
261  F81+F         2277.341     26  4606.683     4607.678     4743.711
262  F81+F+I       2276.880     27  4607.760     4608.833     4750.059
263  F81+F+G4      2276.882     27  4607.763     4608.836     4750.062
274  JC            2282.350     23  4610.701     4611.482     4731.918
275  JC+I          2281.895     24  4611.790     4612.640     4738.278
276  JC+G4         2281.897     24  4611.793     4612.643     4738.281
Akaike Information Criterion:           TIM3+F
Corrected Akaike Information Criterion: TIM3+F
Bayesian Information Criterion:         K2P
Best-fit model: K2P chosen according to BIC

All model information printed to 57608at7898.fltrd_aligned.fas.model.gz
CPU time for ModelFinder: 0.081 seconds (0h:0m:0s)
Wall-clock time for ModelFinder: 0.087 seconds (0h:0m:0s)
Generating 1000 samples for ultrafast bootstrap (seed: 6221)...

NOTE: 0 MB RAM (0 GB) is required!
Estimate model parameters (epsilon = 0.100)
1. Initial log-likelihood: -2266.773
Optimal log-likelihood: -2266.772
Rate parameters:  A-C: 1.00000  A-G: 6.61378  A-T: 1.00000  C-G: 1.00000  C-T: 6.61378  G-T: 1.00000
Base frequencies:  A: 0.250  C: 0.250  G: 0.250  T: 0.250
Parameters optimization took 1 rounds (0.000 sec)
Computing ML distances based on estimated model parameters...
Computing ML distances took 0.000817 sec (of wall-clock time) 0.000790 sec(of CPU time)
Computing RapidNJ tree took 0.000040 sec (of wall-clock time) 0.000035 sec (of CPU time)
Log-likelihood of RapidNJ tree: -2271.840
--------------------------------------------------------------------
|             INITIALIZING CANDIDATE TREE SET                      |
--------------------------------------------------------------------
Generating 98 parsimony trees... 0.024 second
Computing log-likelihood of 98 initial trees ... 0.020 seconds
Current best score: -2266.772

Do NNI search on 20 best initial trees
Estimate model parameters (epsilon = 0.100)
BETTER TREE FOUND at iteration 1: -2266.772
UPDATE BEST LOG-LIKELIHOOD: -2266.772
Iteration 10 / LogL: -2266.772 / Time: 0h:0m:0s
UPDATE BEST LOG-LIKELIHOOD: -2266.772
UPDATE BEST LOG-LIKELIHOOD: -2266.772
Iteration 20 / LogL: -2266.772 / Time: 0h:0m:0s
Finish initializing candidate tree set (1)
Current best tree score: -2266.772 / CPU time: 0.113
Number of iterations: 20
--------------------------------------------------------------------
|               OPTIMIZING CANDIDATE TREE SET                      |
--------------------------------------------------------------------
Iteration 30 / LogL: -2282.780 / Time: 0h:0m:0s (0h:0m:0s left)
Iteration 40 / LogL: -2269.026 / Time: 0h:0m:0s (0h:0m:0s left)
UPDATE BEST LOG-LIKELIHOOD: -2266.772
Iteration 50 / LogL: -2269.031 / Time: 0h:0m:0s (0h:0m:0s left)
Log-likelihood cutoff on original alignment: -2280.945
UPDATE BEST LOG-LIKELIHOOD: -2266.772
Iteration 60 / LogL: -2266.772 / Time: 0h:0m:0s (0h:0m:0s left)
UPDATE BEST LOG-LIKELIHOOD: -2266.772
Iteration 70 / LogL: -2266.775 / Time: 0h:0m:0s (0h:0m:0s left)
BETTER TREE FOUND at iteration 77: -2266.772
Iteration 80 / LogL: -2266.774 / Time: 0h:0m:0s (0h:0m:0s left)
Iteration 90 / LogL: -2266.775 / Time: 0h:0m:0s (0h:0m:0s left)
Iteration 100 / LogL: -2280.528 / Time: 0h:0m:0s (0h:0m:0s left)
Log-likelihood cutoff on original alignment: -2284.079
NOTE: Bootstrap correlation coefficient of split occurrence frequencies: 0.983
NOTE: UFBoot does not converge, continue at least 100 more iterations
Iteration 110 / LogL: -2266.772 / Time: 0h:0m:0s (0h:0m:0s left)
Iteration 120 / LogL: -2266.774 / Time: 0h:0m:0s (0h:0m:0s left)
Iteration 130 / LogL: -2269.025 / Time: 0h:0m:0s (0h:0m:0s left)
Iteration 140 / LogL: -2266.774 / Time: 0h:0m:0s (0h:0m:0s left)
Iteration 150 / LogL: -2269.025 / Time: 0h:0m:0s (0h:0m:0s left)
Log-likelihood cutoff on original alignment: -2286.389
Iteration 160 / LogL: -2266.772 / Time: 0h:0m:0s (0h:0m:0s left)
UPDATE BEST LOG-LIKELIHOOD: -2266.772
Iteration 170 / LogL: -2266.772 / Time: 0h:0m:0s (0h:0m:0s left)
Iteration 180 / LogL: -2266.774 / Time: 0h:0m:0s (0h:0m:0s left)
Iteration 190 / LogL: -2266.772 / Time: 0h:0m:0s (0h:0m:0s left)
Iteration 200 / LogL: -2266.772 / Time: 0h:0m:1s (0h:0m:0s left)
Log-likelihood cutoff on original alignment: -2289.361
NOTE: Bootstrap correlation coefficient of split occurrence frequencies: 0.983
NOTE: UFBoot does not converge, continue at least 100 more iterations
Iteration 210 / LogL: -2266.772 / Time: 0h:0m:1s (0h:0m:0s left)
Iteration 220 / LogL: -2266.778 / Time: 0h:0m:1s (0h:0m:0s left)
Iteration 230 / LogL: -2266.775 / Time: 0h:0m:1s (0h:0m:0s left)
Iteration 240 / LogL: -2266.775 / Time: 0h:0m:1s (0h:0m:0s left)
Iteration 250 / LogL: -2266.773 / Time: 0h:0m:1s (0h:0m:0s left)
Log-likelihood cutoff on original alignment: -2289.361
Iteration 260 / LogL: -2266.775 / Time: 0h:0m:1s (0h:0m:0s left)
Iteration 270 / LogL: -2266.772 / Time: 0h:0m:1s (0h:0m:0s left)
UPDATE BEST LOG-LIKELIHOOD: -2266.772
Iteration 280 / LogL: -2271.699 / Time: 0h:0m:1s (0h:0m:0s left)
Iteration 290 / LogL: -2266.774 / Time: 0h:0m:1s (0h:0m:0s left)
UPDATE BEST LOG-LIKELIHOOD: -2266.772
Iteration 300 / LogL: -2266.772 / Time: 0h:0m:1s (0h:0m:0s left)
Log-likelihood cutoff on original alignment: -2290.428
NOTE: Bootstrap correlation coefficient of split occurrence frequencies: 0.993
TREE SEARCH COMPLETED AFTER 300 ITERATIONS / Time: 0h:0m:1s

--------------------------------------------------------------------
|                    FINALIZING TREE SEARCH                        |
--------------------------------------------------------------------
Performs final model parameters optimization
Estimate model parameters (epsilon = 0.010)
1. Initial log-likelihood: -2266.772
Optimal log-likelihood: -2266.772
Rate parameters:  A-C: 1.00000  A-G: 6.64562  A-T: 1.00000  C-G: 1.00000  C-T: 6.64562  G-T: 1.00000
Base frequencies:  A: 0.250  C: 0.250  G: 0.250  T: 0.250
Parameters optimization took 1 rounds (0.000 sec)
BEST SCORE FOUND : -2266.772
Creating bootstrap support values...
Split supports printed to NEXUS file 57608at7898.fltrd_aligned.fas.splits.nex
Total tree length: 0.028

Total number of iterations: 300
CPU time used for tree search: 1.471 sec (0h:0m:1s)
Wall-clock time used for tree search: 1.576 sec (0h:0m:1s)
Total CPU time used: 1.500 sec (0h:0m:1s)
Total wall-clock time used: 1.614 sec (0h:0m:1s)

Computing bootstrap consensus tree...
Reading input file 57608at7898.fltrd_aligned.fas.splits.nex...
13 taxa and 124 splits.
Consensus tree written to 57608at7898.fltrd_aligned.fas.contree
Reading input trees file 57608at7898.fltrd_aligned.fas.contree
Log-likelihood of consensus tree: -2266.792

Analysis results written to: 
  IQ-TREE report:                57608at7898.fltrd_aligned.fas.iqtree
  Maximum-likelihood tree:       57608at7898.fltrd_aligned.fas.treefile
  Likelihood distances:          57608at7898.fltrd_aligned.fas.mldist

Ultrafast bootstrap approximation results written to:
  Split support values:          57608at7898.fltrd_aligned.fas.splits.nex
  Consensus tree:                57608at7898.fltrd_aligned.fas.contree
  Screen log file:               57608at7898.fltrd_aligned.fas.log

Date and Time: Tue Dec  2 14:50:15 2025
