IQ-TREE multicore version 2.1.3 COVID-edition for Linux 64-bit built Apr 21 2021
Developed by Bui Quang Minh, James Barbetti, Nguyen Lam Tung,
Olga Chernomor, Heiko Schmidt, Dominik Schrempf, Michael Woodhams.

Host:    gombessa.rcs.alaska.edu (AVX2, FMA3, 503 GB RAM)
Command: /export/scratch/tsvanorden/Char_Phylogenetics/src/iqtree-2.1.3-Linux/bin/iqtree2 -s 67432at7898.fltrd_aligned.fas -m MFP -bb 1000 -T 1
Seed:    421074 (Using SPRNG - Scalable Parallel Random Number Generator)
Time:    Tue Dec  2 14:49:38 2025
Kernel:  AVX+FMA - 1 threads (1 CPU cores detected)

Reading alignment file 67432at7898.fltrd_aligned.fas ... Fasta format detected
Alignment most likely contains DNA/RNA sequences
Alignment has 20 sequences with 1329 columns, 66 distinct patterns
20 parsimony-informative, 69 singleton sites, 1240 constant sites
                                Gap/Ambiguity  Composition  p-value
   1  251140_Ward_Creek                 2.03%    passed     99.99%
   2  260512_Pybus_Point                2.03%    passed    100.00%
   3  261935_Kenai_River                2.26%    passed     99.93%
   4  353213_Cropley_Lake               2.03%    passed    100.00%
   5  353219_Peterson_Creek             2.03%    passed     99.99%
   6  353220_Fish_Creek                 2.03%    passed     99.99%
   7  353246_Cottonwood_Creek           2.26%    passed     99.93%
   8  353379_Skagit_River               0.00%    passed     99.88%
   9  353381_Dungeness_River           21.90%    passed     62.57%
  10  353401_Peace_River                0.00%    passed     99.88%
  11  353407_Noatok                     2.03%    passed     99.91%
  12  353410_Horizon_Lake               2.03%    passed     99.85%
  13  92319_Little_Lost                 0.23%    passed     99.75%
  14  94280_St_Joe                      0.00%    passed     99.88%
  15  GCA016432855_Lake_Trout           2.03%    passed     99.91%
  16  GCA036784925_Maine_S_alpinus      2.03%    passed     99.93%
  17  GCA045679555_Iceland_A_alpinus    2.03%    passed     99.99%
  18  GCF013265735_Rainbow_Trout        0.90%    passed     99.67%
  19  GCF029448725_Brook_Trout          2.03%    passed     93.53%
  20  Methow_River_99895                0.00%    passed     99.88%
****  TOTAL                             2.49%  0 sequences failed composition chi2 test (p-value<5%; df=3)
NOTE: 353219_Peterson_Creek is identical to 251140_Ward_Creek but kept for subsequent analysis
NOTE: 353213_Cropley_Lake is identical to 260512_Pybus_Point but kept for subsequent analysis
NOTE: 353246_Cottonwood_Creek is identical to 261935_Kenai_River but kept for subsequent analysis
NOTE: 353401_Peace_River is identical to 353379_Skagit_River but kept for subsequent analysis
NOTE: 3 identical sequences (see below) will be ignored for subsequent analysis
NOTE: 353220_Fish_Creek (identical to 251140_Ward_Creek) is ignored but added at the end
NOTE: 94280_St_Joe (identical to 353379_Skagit_River) is ignored but added at the end
NOTE: Methow_River_99895 (identical to 353379_Skagit_River) is ignored but added at the end
Alignment was printed to 67432at7898.fltrd_aligned.fas.uniqueseq.phy

For your convenience alignment with unique sequences printed to 67432at7898.fltrd_aligned.fas.uniqueseq.phy


Create initial parsimony tree by phylogenetic likelihood library (PLL)... 0.000 seconds
Perform fast likelihood tree search using GTR+I+G model...
Estimate model parameters (epsilon = 5.000)
Perform nearest neighbor interchange...
Estimate model parameters (epsilon = 1.000)
1. Initial log-likelihood: -2384.083
Optimal log-likelihood: -2384.079
Rate parameters:  A-C: 0.87014  A-G: 3.26687  A-T: 0.42311  C-G: 1.03862  C-T: 2.37069  G-T: 1.00000
Base frequencies:  A: 0.240  C: 0.318  G: 0.254  T: 0.188
Proportion of invariable sites: 0.465
Gamma shape alpha: 998.443
Parameters optimization took 1 rounds (0.001 sec)
Time for fast ML tree search: 0.008 seconds

NOTE: ModelFinder requires 0 MB RAM!
ModelFinder will test up to 286 DNA models (sample size: 1329) ...
 No. Model         -LnL         df  AIC          AICc         BIC
  1  GTR+F         2383.427     39  4844.853     4847.274     5047.349
  2  GTR+F+I       2383.426     40  4846.852     4849.399     5054.540
  3  GTR+F+G4      2383.427     40  4846.853     4849.400     5054.541
  4  GTR+F+I+G4    2384.077     41  4850.154     4852.830     5063.034
  5  GTR+F+R2      2383.660     41  4849.320     4851.996     5062.200
  6  GTR+F+R3      2383.589     43  4853.178     4856.123     5076.442
 14  SYM           2404.622     36  4881.244     4883.306     5068.162
 15  SYM+I         2404.621     37  4883.242     4885.420     5075.352
 16  SYM+G4        2404.621     37  4883.242     4885.421     5075.353
 27  TVM+F         2384.121     38  4844.241     4846.539     5041.544
 28  TVM+F+I       2384.120     39  4846.240     4848.660     5048.735
 29  TVM+F+G4      2384.120     39  4846.239     4848.660     5048.734
 40  TVMe          2405.521     35  4881.042     4882.990     5062.768
 41  TVMe+I        2405.522     36  4883.044     4885.106     5069.963
 42  TVMe+G4       2405.522     36  4883.044     4885.106     5069.962
 53  TIM3+F        2384.548     37  4843.095     4845.273     5035.206
 54  TIM3+F+I      2384.547     38  4845.095     4847.392     5042.397
 55  TIM3+F+G4     2384.547     38  4845.095     4847.392     5042.398
 66  TIM3e         2405.844     34  4879.689     4881.528     5056.223
 67  TIM3e+I       2405.843     35  4881.686     4883.635     5063.412
 68  TIM3e+G4      2405.843     35  4881.687     4883.636     5063.413
 79  TIM2+F        2384.197     37  4842.394     4844.572     5034.505
 80  TIM2+F+I      2384.201     38  4844.401     4846.699     5041.704
 81  TIM2+F+G4     2384.197     38  4844.394     4846.692     5041.697
 92  TIM2e         2406.296     34  4880.591     4882.430     5057.125
 93  TIM2e+I       2406.296     35  4882.592     4884.541     5064.319
 94  TIM2e+G4      2406.295     35  4882.590     4884.539     5064.317
105  TIM+F         2384.818     37  4843.636     4845.814     5035.746
106  TIM+F+I       2384.818     38  4845.637     4847.934     5042.940
107  TIM+F+G4      2384.818     38  4845.637     4847.935     5042.940
118  TIMe          2407.035     34  4882.069     4883.908     5058.603
119  TIMe+I        2407.036     35  4884.072     4886.021     5065.798
120  TIMe+G4       2407.035     35  4884.071     4886.020     5065.797
131  TPM3u+F       2385.239     36  4842.479     4844.541     5029.397
132  TPM3u+F+I     2385.239     37  4844.478     4846.657     5036.589
133  TPM3u+F+G4    2385.239     37  4844.479     4846.657     5036.589
144  TPM3+F        2385.239     36  4842.478     4844.540     5029.397
145  TPM3+F+I      2385.239     37  4844.478     4846.656     5036.589
146  TPM3+F+G4     2385.239     37  4844.478     4846.656     5036.589
157  TPM2u+F       2384.891     36  4841.781     4843.843     5028.700
158  TPM2u+F+I     2384.891     37  4843.783     4845.961     5035.894
159  TPM2u+F+G4    2384.891     37  4843.782     4845.960     5035.892
170  TPM2+F        2384.890     36  4841.781     4843.843     5028.699
171  TPM2+F+I      2384.891     37  4843.782     4845.960     5035.893
172  TPM2+F+G4     2384.891     37  4843.782     4845.960     5035.893
183  K3Pu+F        2385.511     36  4843.022     4845.084     5029.940
184  K3Pu+F+I      2385.510     37  4845.020     4847.198     5037.131
185  K3Pu+F+G4     2385.511     37  4845.022     4847.200     5037.132
196  K3P           2407.930     33  4881.861     4883.593     5053.203
197  K3P+I         2407.932     34  4883.864     4885.703     5060.398
198  K3P+G4        2407.932     34  4883.864     4885.703     5060.398
209  TN+F          2384.884     36  4841.768     4843.830     5028.687
210  TN+F+I        2384.885     37  4843.770     4845.948     5035.880
211  TN+F+G4       2384.885     37  4843.770     4845.948     5035.881
222  TNe           2407.090     33  4880.181     4881.914     5051.523
223  TNe+I         2407.088     34  4882.176     4884.015     5058.710
224  TNe+G4        2407.088     34  4882.176     4884.016     5058.710
235  HKY+F         2385.577     35  4841.155     4843.104     5022.881
236  HKY+F+I       2385.576     36  4843.152     4845.214     5030.070
237  HKY+F+G4      2385.577     36  4843.153     4845.215     5030.072
248  K2P           2407.983     32  4879.967     4881.596     5046.117
249  K2P+I         2407.983     33  4881.967     4883.700     5053.309
250  K2P+G4        2407.983     33  4881.967     4883.700     5053.309
261  F81+F         2400.290     34  4868.580     4870.419     5045.114
262  F81+F+I       2400.288     35  4870.576     4872.525     5052.302
263  F81+F+G4      2400.289     35  4870.577     4872.526     5052.304
274  JC            2421.848     31  4905.695     4907.225     5066.653
275  JC+I          2421.847     32  4907.694     4909.324     5073.844
276  JC+G4         2421.847     32  4907.695     4909.325     5073.845
Akaike Information Criterion:           HKY+F
Corrected Akaike Information Criterion: HKY+F
Bayesian Information Criterion:         HKY+F
Best-fit model: HKY+F chosen according to BIC

All model information printed to 67432at7898.fltrd_aligned.fas.model.gz
CPU time for ModelFinder: 0.134 seconds (0h:0m:0s)
Wall-clock time for ModelFinder: 0.142 seconds (0h:0m:0s)
Generating 1000 samples for ultrafast bootstrap (seed: 421074)...

NOTE: 0 MB RAM (0 GB) is required!
Estimate model parameters (epsilon = 0.100)
1. Initial log-likelihood: -2385.577
Optimal log-likelihood: -2385.577
Rate parameters:  A-C: 1.00000  A-G: 3.19602  A-T: 1.00000  C-G: 1.00000  C-T: 3.19602  G-T: 1.00000
Base frequencies:  A: 0.240  C: 0.318  G: 0.254  T: 0.188
Parameters optimization took 1 rounds (0.000 sec)
Computing ML distances based on estimated model parameters...
Computing ML distances took 0.000868 sec (of wall-clock time) 0.000849 sec(of CPU time)
Computing RapidNJ tree took 0.000048 sec (of wall-clock time) 0.000045 sec (of CPU time)
Log-likelihood of RapidNJ tree: -2395.489
--------------------------------------------------------------------
|             INITIALIZING CANDIDATE TREE SET                      |
--------------------------------------------------------------------
Generating 98 parsimony trees... 0.040 second
Computing log-likelihood of 98 initial trees ... 0.035 seconds
Current best score: -2385.577

Do NNI search on 20 best initial trees
Estimate model parameters (epsilon = 0.100)
BETTER TREE FOUND at iteration 1: -2385.577
UPDATE BEST LOG-LIKELIHOOD: -2385.577
UPDATE BEST LOG-LIKELIHOOD: -2385.577
Iteration 10 / LogL: -2385.577 / Time: 0h:0m:0s
UPDATE BEST LOG-LIKELIHOOD: -2385.577
Iteration 20 / LogL: -2385.577 / Time: 0h:0m:0s
Finish initializing candidate tree set (4)
Current best tree score: -2385.577 / CPU time: 0.182
Number of iterations: 20
--------------------------------------------------------------------
|               OPTIMIZING CANDIDATE TREE SET                      |
--------------------------------------------------------------------
UPDATE BEST LOG-LIKELIHOOD: -2385.577
UPDATE BEST LOG-LIKELIHOOD: -2385.577
Iteration 30 / LogL: -2385.584 / Time: 0h:0m:0s (0h:0m:0s left)
UPDATE BEST LOG-LIKELIHOOD: -2385.577
UPDATE BEST LOG-LIKELIHOOD: -2385.577
Iteration 40 / LogL: -2385.577 / Time: 0h:0m:0s (0h:0m:0s left)
Iteration 50 / LogL: -2385.581 / Time: 0h:0m:0s (0h:0m:0s left)
Log-likelihood cutoff on original alignment: -2409.510
Iteration 60 / LogL: -2385.586 / Time: 0h:0m:0s (0h:0m:0s left)
Iteration 70 / LogL: -2385.586 / Time: 0h:0m:0s (0h:0m:0s left)
Iteration 80 / LogL: -2385.583 / Time: 0h:0m:0s (0h:0m:0s left)
Iteration 90 / LogL: -2385.585 / Time: 0h:0m:0s (0h:0m:0s left)
Iteration 100 / LogL: -2385.581 / Time: 0h:0m:0s (0h:0m:0s left)
Log-likelihood cutoff on original alignment: -2409.778
NOTE: Bootstrap correlation coefficient of split occurrence frequencies: 0.993
TREE SEARCH COMPLETED AFTER 102 ITERATIONS / Time: 0h:0m:0s

--------------------------------------------------------------------
|                    FINALIZING TREE SEARCH                        |
--------------------------------------------------------------------
Performs final model parameters optimization
Estimate model parameters (epsilon = 0.010)
1. Initial log-likelihood: -2385.577
Optimal log-likelihood: -2385.577
Rate parameters:  A-C: 1.00000  A-G: 3.19602  A-T: 1.00000  C-G: 1.00000  C-T: 3.19602  G-T: 1.00000
Base frequencies:  A: 0.240  C: 0.318  G: 0.254  T: 0.188
Parameters optimization took 1 rounds (0.001 sec)
BEST SCORE FOUND : -2385.577
Creating bootstrap support values...
Split supports printed to NEXUS file 67432at7898.fltrd_aligned.fas.splits.nex
Total tree length: 0.071

Total number of iterations: 102
CPU time used for tree search: 0.631 sec (0h:0m:0s)
Wall-clock time used for tree search: 0.721 sec (0h:0m:0s)
Total CPU time used: 0.669 sec (0h:0m:0s)
Total wall-clock time used: 0.768 sec (0h:0m:0s)

Computing bootstrap consensus tree...
Reading input file 67432at7898.fltrd_aligned.fas.splits.nex...
17 taxa and 126 splits.
Consensus tree written to 67432at7898.fltrd_aligned.fas.contree
Reading input trees file 67432at7898.fltrd_aligned.fas.contree
Log-likelihood of consensus tree: -2385.609

Analysis results written to: 
  IQ-TREE report:                67432at7898.fltrd_aligned.fas.iqtree
  Maximum-likelihood tree:       67432at7898.fltrd_aligned.fas.treefile
  Likelihood distances:          67432at7898.fltrd_aligned.fas.mldist

Ultrafast bootstrap approximation results written to:
  Split support values:          67432at7898.fltrd_aligned.fas.splits.nex
  Consensus tree:                67432at7898.fltrd_aligned.fas.contree
  Screen log file:               67432at7898.fltrd_aligned.fas.log

Date and Time: Tue Dec  2 14:49:39 2025
